#
# A fatal error has been detected by the Java Runtime Environment:
#
#  SIGSEGV (0xb) at pc=0x000000010d9fe498, pid=48550, tid=0x0000000000000307
#
# JRE version: Java(TM) SE Runtime Environment (8.0_101-b13) (build 1.8.0_101-b13)
# Java VM: Java HotSpot(TM) 64-Bit Server VM (25.101-b13 mixed mode bsd-amd64 compressed oops)
# Problematic frame:
# V  [libjvm.dylib+0x486498]  SR_handler(int, __siginfo*, __darwin_ucontext*)+0x2e
#
# Failed to write core dump. Core dumps have been disabled. To enable core dumping, try "ulimit -c unlimited" before starting Java again
#
# If you would like to submit a bug report, please visit:
#   http://bugreport.java.com/bugreport/crash.jsp
#

---------------  T H R E A D  ---------------

Current thread is native thread

siginfo: si_signo: 11 (SIGSEGV), si_code: 1 (SEGV_MAPERR), si_addr: 0x0000000000000128

Registers:
RAX=0x0000000000000000, RBX=0x00007fff52fc77a0, RCX=0x00007fffb19f4408, RDX=0x00007fff52fc77a0
RSP=0x00007fff52fc72d0, RBP=0x00007fff52fc7300, RSI=0x00007fff52fc7738, RDI=0x0000000000000103
R8 =0x00007fff52fc77a0, R9 =0x00000000ffffffff, R10=0x0000000000000c00, R11=0x0000000000000206
R12=0x0000000000000c00, R13=0x0000000000000000, R14=0x00007fff52fc7738, R15=0x0000000000000002
RIP=0x000000010d9fe498, EFLAGS=0x0000000000010202, ERR=0x0000000000000004
  TRAPNO=0x000000000000000e

Top of Stack: (sp=0x00007fff52fc72d0)
0x00007fff52fc72d0:   0000000000000000 00007fff52fc77a0
0x00007fff52fc72e0:   0000000000000c00 0000000000000000
0x00007fff52fc72f0:   00007fff52fc79d0 0000000000000e03
0x00007fff52fc7300:   00007fff52fc7310 00007fffa8db4bba
0x00007fff52fc7310:   00007fff52fc78a0 0000000000015c00
0x00007fff52fc7320:   00015d00ae448958 00007fffb188a2d0
0x00007fff52fc7330:   0100001f00000085 000000010d45db1e
0x00007fff52fc7340:   0000000010004005 00000000ffffffff
0x00007fff52fc7350:   00007fff52fc7858 0000000000000000
0x00007fff52fc7360:   00007fff52fc79d0 0000000007000806
0x00007fff52fc7370:   00007fff52fc78a0 00007fff52fc7858
0x00007fff52fc7380:   0000000000000e03 00000000ffffffff
0x00007fff52fc7390:   0000000000000c00 0000000000000206
0x00007fff52fc73a0:   0000000000000c00 0000000000000000
0x00007fff52fc73b0:   00007fff52fc79d0 0000000000000e03
0x00007fff52fc73c0:   000000010d46d38a 0000000000000206
0x00007fff52fc73d0:   0000000000000007 0000000000000000
0x00007fff52fc73e0:   0000000000000000 0000000000000000
0x00007fff52fc73f0:   000000000000037f 0000000000000000
0x00007fff52fc7400:   0000000000000000 0000ffff00001fa0
0x00007fff52fc7410:   0000000000000000 000000000000ffff
0x00007fff52fc7420:   0000000000000100 000000000000ffff
0x00007fff52fc7430:   0000000000000000 0000000000000000
0x00007fff52fc7440:   0000000000000000 0000000000000000
0x00007fff52fc7450:   87bc000000000000 000000000000c00b
0x00007fff52fc7460:   0000000000000000 0000000000000000
0x00007fff52fc7470:   bb78000000000000 000000000000400b
0x00007fff52fc7480:   0000000000000000 0000000000000000
0x00007fff52fc7490:   41be4dd9173ef417 0000000000000000
0x00007fff52fc74a0:   3fcf7a0b5ed8d36b 0000000000000000
0x00007fff52fc74b0:   c3de3f7e65a2a952 439c0819a5d56ade
0x00007fff52fc74c0:   0000000000000000 0000000000000000 

Instructions: (pc=0x000000010d9fe498)
0x000000010d9fe478:   83 ec 08 48 89 d3 49 89 f6 e8 00 26 14 00 44 8b
0x000000010d9fe488:   38 48 8d 05 20 cd 3a 00 48 63 38 e8 ca 28 14 00
0x000000010d9fe498:   4c 8b a0 28 01 00 00 41 83 7c 24 34 01 0f 85 e2
0x000000010d9fe4a8:   00 00 00 49 89 5c 24 40 4d 89 74 24 38 49 8d 5c 

Register to memory mapping:

RAX=0x0000000000000000 is an unknown value
RBX=0x00007fff52fc77a0 is an unknown value
RCX=0x00007fffb19f4408: _thread+0x48 in /usr/lib/system/libsystem_pthread.dylib at 0x00007fffa8dbb000
RDX=0x00007fff52fc77a0 is an unknown value
RSP=0x00007fff52fc72d0 is an unknown value
RBP=0x00007fff52fc7300 is an unknown value
RSI=0x00007fff52fc7738 is an unknown value
RDI=0x0000000000000103 is an unknown value
R8 =0x00007fff52fc77a0 is an unknown value
R9 =0x00000000ffffffff is an unknown value
R10=0x0000000000000c00 is an unknown value
R11=0x0000000000000206 is an unknown value
R12=0x0000000000000c00 is an unknown value
R13=0x0000000000000000 is an unknown value
R14=0x00007fff52fc7738 is an unknown value
R15=0x0000000000000002 is an unknown value


Stack: [0x00007fff527cc000,0x00007fff52fcc000],  sp=0x00007fff52fc72d0,  free space=8172k
Native frames: (J=compiled Java code, j=interpreted, Vv=VM code, C=native code)
V  [libjvm.dylib+0x486498]  SR_handler(int, __siginfo*, __darwin_ucontext*)+0x2e
C  [libsystem_platform.dylib+0x2bba]  _sigtramp+0x1a
C  0x0000000000015c00
C  [CoreFoundation+0x88c94]  __CFRunLoopServiceMachPort+0xd4
C  [CoreFoundation+0x88121]  __CFRunLoopRun+0x551
C  [CoreFoundation+0x87974]  CFRunLoopRunSpecific+0x1a4
C  [java+0x6465]  CreateExecutionEnvironment+0x367
C  [java+0x218c]  JLI_Launch+0x7a0
C  [java+0x84c2]  main+0x65
C  [java+0x19e4]  start+0x34


---------------  P R O C E S S  ---------------

VM state:not at safepoint (normal execution)

VM Mutex/Monitor currently owned by a thread: None

Heap:
 PSYoungGen      total 58368K, used 18427K [0x0000000795580000, 0x000000079ab80000, 0x00000007c0000000)
  eden space 48640K, 17% used [0x0000000795580000,0x0000000795e02f20,0x0000000798500000)
  from space 9728K, 99% used [0x0000000798500000,0x0000000798e7c010,0x0000000798e80000)
  to   space 11776K, 0% used [0x000000079a000000,0x000000079a000000,0x000000079ab80000)
 ParOldGen       total 65536K, used 11045K [0x0000000740000000, 0x0000000744000000, 0x0000000795580000)
  object space 65536K, 16% used [0x0000000740000000,0x0000000740ac95c0,0x0000000744000000)
 Metaspace       used 31681K, capacity 32632K, committed 32768K, reserved 1077248K
  class space    used 4402K, capacity 4759K, committed 4864K, reserved 1048576K

Card table byte_map: [0x000000010f1c0000,0x000000010f5c1000] byte_map_base: 0x000000010b7c0000

Marking Bits: (ParMarkBitMap*) 0x000000010de65d20
 Begin Bits: [0x000000012076e000, 0x000000012276e000)
 End Bits:   [0x000000012276e000, 0x000000012476e000)

Polling page: 0x000000010d41f000

CodeCache: size=245760Kb used=8616Kb max_used=8616Kb free=237143Kb
 bounds [0x000000011176e000, 0x0000000111fde000, 0x000000012076e000]
 total_blobs=3035 nmethods=2396 adapters=552
 compilation: enabled

Compilation events (10 events):
Event: 20.955 Thread 0x00007fee05016000 2497       1       sun.reflect.ByteVectorImpl::getLength (7 bytes)
Event: 20.955 Thread 0x00007fee05016000 nmethod 2497 0x0000000111fd81d0 code [0x0000000111fd8320, 0x0000000111fd8430]
Event: 20.956 Thread 0x00007fee05016000 2498       2       org.gradle.api.internal.artifacts.configurations.DefaultConfiguration_Decorated::getConventionMapping (30 bytes)
Event: 20.957 Thread 0x00007fee05016000 nmethod 2498 0x0000000111fd8490 code [0x0000000111fd8640, 0x0000000111fd8b38]
Event: 20.957 Thread 0x00007fee05016000 2499       2       java.util.LinkedList::<init> (11 bytes)
Event: 20.957 Thread 0x00007fee05016000 nmethod 2499 0x0000000111fd8fd0 code [0x0000000111fd9140, 0x0000000111fd92c8]
Event: 20.958 Thread 0x00007fee05016000 2500       1       org.gradle.api.internal.artifacts.configurations.DefaultConfiguration::getName (5 bytes)
Event: 20.958 Thread 0x00007fee05016000 nmethod 2500 0x0000000111fd9390 code [0x0000000111fd94e0, 0x0000000111fd95f0]
Event: 20.966 Thread 0x00007fee05016000 2501       2       org.codehaus.groovy.util.AbstractConcurrentMapBase$Segment::put (92 bytes)
Event: 20.966 Thread 0x00007fee05016000 nmethod 2501 0x0000000111fd98d0 code [0x0000000111fd9a80, 0x0000000111fda208]

GC Heap History (10 events):
Event: 11.816 GC heap before
{Heap before GC invocations=6 (full 1):
 PSYoungGen      total 37888K, used 5088K [0x0000000795580000, 0x0000000798780000, 0x00000007c0000000)
  eden space 32768K, 0% used [0x0000000795580000,0x0000000795580000,0x0000000797580000)
  from space 5120K, 99% used [0x0000000797600000,0x0000000797af8040,0x0000000797b00000)
  to   space 9216K, 0% used [0x0000000797e80000,0x0000000797e80000,0x0000000798780000)
 ParOldGen       total 87552K, used 9028K [0x0000000740000000, 0x0000000745580000, 0x0000000795580000)
  object space 87552K, 10% used [0x0000000740000000,0x00000007408d10a8,0x0000000745580000)
 Metaspace       used 20800K, capacity 21102K, committed 21248K, reserved 1067008K
  class space    used 2820K, capacity 2978K, committed 3072K, reserved 1048576K
Event: 11.932 GC heap after
Heap after GC invocations=6 (full 1):
 PSYoungGen      total 37888K, used 0K [0x0000000795580000, 0x0000000798780000, 0x00000007c0000000)
  eden space 32768K, 0% used [0x0000000795580000,0x0000000795580000,0x0000000797580000)
  from space 5120K, 0% used [0x0000000797600000,0x0000000797600000,0x0000000797b00000)
  to   space 9216K, 0% used [0x0000000797e80000,0x0000000797e80000,0x0000000798780000)
 ParOldGen       total 65536K, used 9357K [0x0000000740000000, 0x0000000744000000, 0x0000000795580000)
  object space 65536K, 14% used [0x0000000740000000,0x00000007409234e0,0x0000000744000000)
 Metaspace       used 20800K, capacity 21102K, committed 21248K, reserved 1067008K
  class space    used 2820K, capacity 2978K, committed 3072K, reserved 1048576K
}
Event: 13.555 GC heap before
{Heap before GC invocations=7 (full 1):
 PSYoungGen      total 37888K, used 32768K [0x0000000795580000, 0x0000000798780000, 0x00000007c0000000)
  eden space 32768K, 100% used [0x0000000795580000,0x0000000797580000,0x0000000797580000)
  from space 5120K, 0% used [0x0000000797600000,0x0000000797600000,0x0000000797b00000)
  to   space 9216K, 0% used [0x0000000797e80000,0x0000000797e80000,0x0000000798780000)
 ParOldGen       total 65536K, used 9357K [0x0000000740000000, 0x0000000744000000, 0x0000000795580000)
  object space 65536K, 14% used [0x0000000740000000,0x00000007409234e0,0x0000000744000000)
 Metaspace       used 22757K, capacity 23198K, committed 23296K, reserved 1069056K
  class space    used 3118K, capacity 3309K, committed 3328K, reserved 1048576K
Event: 13.581 GC heap after
Heap after GC invocations=7 (full 1):
 PSYoungGen      total 41472K, used 3495K [0x0000000795580000, 0x0000000799880000, 0x00000007c0000000)
  eden space 32256K, 0% used [0x0000000795580000,0x0000000795580000,0x0000000797500000)
  from space 9216K, 37% used [0x0000000797e80000,0x00000007981e9f60,0x0000000798780000)
  to   space 9728K, 0% used [0x0000000797500000,0x0000000797500000,0x0000000797e80000)
 ParOldGen       total 65536K, used 9365K [0x0000000740000000, 0x0000000744000000, 0x0000000795580000)
  object space 65536K, 14% used [0x0000000740000000,0x00000007409254e0,0x0000000744000000)
 Metaspace       used 22757K, capacity 23198K, committed 23296K, reserved 1069056K
  class space    used 3118K, capacity 3309K, committed 3328K, reserved 1048576K
}
Event: 16.154 GC heap before
{Heap before GC invocations=8 (full 1):
 PSYoungGen      total 41472K, used 35751K [0x0000000795580000, 0x0000000799880000, 0x00000007c0000000)
  eden space 32256K, 100% used [0x0000000795580000,0x0000000797500000,0x0000000797500000)
  from space 9216K, 37% used [0x0000000797e80000,0x00000007981e9f60,0x0000000798780000)
  to   space 9728K, 0% used [0x0000000797500000,0x0000000797500000,0x0000000797e80000)
 ParOldGen       total 65536K, used 9365K [0x0000000740000000, 0x0000000744000000, 0x0000000795580000)
  object space 65536K, 14% used [0x0000000740000000,0x00000007409254e0,0x0000000744000000)
 Metaspace       used 25353K, capacity 25968K, committed 26240K, reserved 1071104K
  class space    used 3431K, capacity 3673K, committed 3712K, reserved 1048576K
Event: 16.182 GC heap after
Heap after GC invocations=8 (full 1):
 PSYoungGen      total 41984K, used 4297K [0x0000000795580000, 0x0000000799800000, 0x00000007c0000000)
  eden space 32256K, 0% used [0x0000000795580000,0x0000000795580000,0x0000000797500000)
  from space 9728K, 44% used [0x0000000797500000,0x0000000797932458,0x0000000797e80000)
  to   space 9728K, 0% used [0x0000000798e80000,0x0000000798e80000,0x0000000799800000)
 ParOldGen       total 65536K, used 9373K [0x0000000740000000, 0x0000000744000000, 0x0000000795580000)
  object space 65536K, 14% used [0x0000000740000000,0x00000007409274e0,0x0000000744000000)
 Metaspace       used 25353K, capacity 25968K, committed 26240K, reserved 1071104K
  class space    used 3431K, capacity 3673K, committed 3712K, reserved 1048576K
}
Event: 18.184 GC heap before
{Heap before GC invocations=9 (full 1):
 PSYoungGen      total 41984K, used 36553K [0x0000000795580000, 0x0000000799800000, 0x00000007c0000000)
  eden space 32256K, 100% used [0x0000000795580000,0x0000000797500000,0x0000000797500000)
  from space 9728K, 44% used [0x0000000797500000,0x0000000797932458,0x0000000797e80000)
  to   space 9728K, 0% used [0x0000000798e80000,0x0000000798e80000,0x0000000799800000)
 ParOldGen       total 65536K, used 9373K [0x0000000740000000, 0x0000000744000000, 0x0000000795580000)
  object space 65536K, 14% used [0x0000000740000000,0x00000007409274e0,0x0000000744000000)
 Metaspace       used 27657K, capacity 28422K, committed 28672K, reserved 1073152K
  class space    used 3738K, capacity 4043K, committed 4096K, reserved 1048576K
Event: 18.209 GC heap after
Heap after GC invocations=9 (full 1):
 PSYoungGen      total 58368K, used 7064K [0x0000000795580000, 0x0000000799880000, 0x00000007c0000000)
  eden space 48640K, 0% used [0x0000000795580000,0x0000000795580000,0x0000000798500000)
  from space 9728K, 72% used [0x0000000798e80000,0x0000000799566370,0x0000000799800000)
  to   space 9728K, 0% used [0x0000000798500000,0x0000000798500000,0x0000000798e80000)
 ParOldGen       total 65536K, used 9445K [0x0000000740000000, 0x0000000744000000, 0x0000000795580000)
  object space 65536K, 14% used [0x0000000740000000,0x00000007409394f0,0x0000000744000000)
 Metaspace       used 27657K, capacity 28422K, committed 28672K, reserved 1073152K
  class space    used 3738K, capacity 4043K, committed 4096K, reserved 1048576K
}
Event: 20.990 GC heap before
{Heap before GC invocations=10 (full 1):
 PSYoungGen      total 58368K, used 55704K [0x0000000795580000, 0x0000000799880000, 0x00000007c0000000)
  eden space 48640K, 100% used [0x0000000795580000,0x0000000798500000,0x0000000798500000)
  from space 9728K, 72% used [0x0000000798e80000,0x0000000799566370,0x0000000799800000)
  to   space 9728K, 0% used [0x0000000798500000,0x0000000798500000,0x0000000798e80000)
 ParOldGen       total 65536K, used 9445K [0x0000000740000000, 0x0000000744000000, 0x0000000795580000)
  object space 65536K, 14% used [0x0000000740000000,0x00000007409394f0,0x0000000744000000)
 Metaspace       used 30059K, capacity 31032K, committed 31232K, reserved 1075200K
  class space    used 4138K, capacity 4503K, committed 4608K, reserved 1048576K
Event: 21.032 GC heap after
Heap after GC invocations=10 (full 1):
 PSYoungGen      total 58368K, used 9712K [0x0000000795580000, 0x000000079ab80000, 0x00000007c0000000)
  eden space 48640K, 0% used [0x0000000795580000,0x0000000795580000,0x0000000798500000)
  from space 9728K, 99% used [0x0000000798500000,0x0000000798e7c010,0x0000000798e80000)
  to   space 11776K, 0% used [0x000000079a000000,0x000000079a000000,0x000000079ab80000)
 ParOldGen       total 65536K, used 11045K [0x0000000740000000, 0x0000000744000000, 0x0000000795580000)
  object space 65536K, 16% used [0x0000000740000000,0x0000000740ac95c0,0x0000000744000000)
 Metaspace       used 30059K, capacity 31032K, committed 31232K, reserved 1075200K
  class space    used 4138K, capacity 4503K, committed 4608K, reserved 1048576K
}

Deoptimization events (10 events):
Event: 11.511 Thread 0x00007fee04809800 Uncommon trap: reason=class_check action=maybe_recompile pc=0x0000000111ab82cc method=java.lang.reflect.Method.equals(Ljava/lang/Object;)Z @ 5
Event: 12.614 Thread 0x00007fee04809800 Uncommon trap: reason=class_check action=maybe_recompile pc=0x0000000111a833a0 method=sun.misc.URLClassPath.getLoader(I)Lsun/misc/URLClassPath$Loader; @ 94
Event: 12.646 Thread 0x00007fee04809800 Uncommon trap: reason=class_check action=maybe_recompile pc=0x0000000111a80300 method=sun.misc.URLClassPath.getLoader(I)Lsun/misc/URLClassPath$Loader; @ 193
Event: 12.688 Thread 0x00007fee04809800 Uncommon trap: reason=unstable_if action=reinterpret pc=0x0000000111b384f8 method=java.util.concurrent.ConcurrentHashMap.putVal(Ljava/lang/Object;Ljava/lang/Object;Z)Ljava/lang/Object; @ 181
Event: 12.967 Thread 0x00007fee04809800 Uncommon trap: reason=bimorphic action=maybe_recompile pc=0x0000000111b11a70 method=java.io.DataOutputStream.write([BII)V @ 7
Event: 12.967 Thread 0x00007fee04809800 Uncommon trap: reason=bimorphic action=maybe_recompile pc=0x0000000111b11a70 method=java.io.DataOutputStream.write([BII)V @ 7
Event: 13.553 Thread 0x00007fee04809800 Uncommon trap: reason=unstable_if action=reinterpret pc=0x0000000111a04da0 method=java.net.URI.match(CJJ)Z @ 45
Event: 13.553 Thread 0x00007fee04809800 Uncommon trap: reason=unstable_if action=reinterpret pc=0x00000001118ff0ac method=java.net.URI.match(CJJ)Z @ 19
Event: 18.552 Thread 0x00007fee04809800 Uncommon trap: reason=unstable_if action=reinterpret pc=0x0000000111a490f4 method=java.util.LinkedHashMap.afterNodeInsertion(Z)V @ 1
Event: 18.786 Thread 0x00007fee04809800 Uncommon trap: reason=unstable_if action=reinterpret pc=0x0000000111a3af70 method=java.util.HashMap.hash(Ljava/lang/Object;)I @ 1

Internal exceptions (10 events):
Event: 20.865 Thread 0x00007fee04809800 Exception <a 'java/lang/ClassNotFoundException': org/gradle/api/internal/FactoryNamedDomainObjectContainerCustomizer> (0x000000079809caa8) thrown at [/HUDSON3/workspace/8-2-build-macosx-x86_64/jdk8u101/7261/hotspot/src/share/vm/classfile/systemDictionary.
Event: 20.866 Thread 0x00007fee04809800 Exception <a 'java/lang/ClassNotFoundException': org/gradle/api/internal/FactoryNamedDomainObjectContainer_DecoratedCustomizer> (0x00000007980d98a8) thrown at [/HUDSON3/workspace/8-2-build-macosx-x86_64/jdk8u101/7261/hotspot/src/share/vm/classfile/systemD
Event: 20.901 Thread 0x00007fee04809800 Exception <a 'java/lang/ClassNotFoundException': com/android/build/gradle/internal/api/DefaultAndroidSourceSet_DecoratedBeanInfo> (0x00000007981d5798) thrown at [/HUDSON3/workspace/8-2-build-macosx-x86_64/jdk8u101/7261/hotspot/src/share/vm/classfile/syste
Event: 20.902 Thread 0x00007fee04809800 Exception <a 'java/lang/ClassNotFoundException': com/android/build/gradle/internal/api/DefaultAndroidSourceSetBeanInfo> (0x00000007981e5668) thrown at [/HUDSON3/workspace/8-2-build-macosx-x86_64/jdk8u101/7261/hotspot/src/share/vm/classfile/systemDictionar
Event: 20.903 Thread 0x00007fee04809800 Exception <a 'java/lang/ClassNotFoundException': com/android/build/gradle/internal/api/DefaultAndroidSourceSetCustomizer> (0x00000007981f5728) thrown at [/HUDSON3/workspace/8-2-build-macosx-x86_64/jdk8u101/7261/hotspot/src/share/vm/classfile/systemDiction
Event: 20.905 Thread 0x00007fee04809800 Exception <a 'java/lang/ClassNotFoundException': com/android/build/gradle/internal/api/DefaultAndroidSourceSet_DecoratedCustomizer> (0x000000079823fae0) thrown at [/HUDSON3/workspace/8-2-build-macosx-x86_64/jdk8u101/7261/hotspot/src/share/vm/classfile/sys
Event: 20.910 Thread 0x00007fee04809800 Exception <a 'java/lang/ClassNotFoundException': java/lang/StringBeanInfo> (0x00000007982b1468) thrown at [/HUDSON3/workspace/8-2-build-macosx-x86_64/jdk8u101/7261/hotspot/src/share/vm/classfile/systemDictionary.cpp, line 210]
Event: 20.910 Thread 0x00007fee04809800 Exception <a 'java/lang/ClassNotFoundException': java/lang/StringCustomizer> (0x00000007982b7c68) thrown at [/HUDSON3/workspace/8-2-build-macosx-x86_64/jdk8u101/7261/hotspot/src/share/vm/classfile/systemDictionary.cpp, line 210]
Event: 20.921 Thread 0x00007fee04809800 Exception <a 'java/lang/ClassNotFoundException': org/gradle/logging/internal/slf4j/OutputEventListenerBackedLoggerBeanInfo> (0x0000000798345d00) thrown at [/HUDSON3/workspace/8-2-build-macosx-x86_64/jdk8u101/7261/hotspot/src/share/vm/classfile/systemDicti
Event: 20.922 Thread 0x00007fee04809800 Exception <a 'java/lang/ClassNotFoundException': org/gradle/logging/internal/slf4j/OutputEventListenerBackedLoggerCustomizer> (0x0000000798379ea0) thrown at [/HUDSON3/workspace/8-2-build-macosx-x86_64/jdk8u101/7261/hotspot/src/share/vm/classfile/systemDic

Events (10 events):
Event: 21.691 loading class com/android/build/gradle/internal/dependency/VariantDependencies
Event: 21.691 loading class com/android/build/gradle/internal/dependency/VariantDependencies done
Event: 21.693 loading class com/android/builder/dependency/DependencyContainer
Event: 21.693 loading class com/android/builder/dependency/DependencyContainer done
Event: 21.694 loading class com/android/build/gradle/internal/ConfigurationProvider
Event: 21.694 loading class com/android/build/gradle/internal/ConfigurationProvider done
Event: 21.696 loading class com/android/build/gradle/internal/TaskFactory
Event: 21.696 loading class com/android/build/gradle/internal/TaskFactory done
Event: 21.700 loading class com/android/build/gradle/tasks/CompatibleScreensManifest
Event: 21.700 loading class com/android/build/gradle/tasks/CompatibleScreensManifest done


Dynamic libraries:
0x000000001e29e000 	/System/Library/Frameworks/Cocoa.framework/Versions/A/Cocoa
0x000000001e29e000 	/System/Library/Frameworks/Security.framework/Versions/A/Security
0x000000001e29e000 	/System/Library/Frameworks/ApplicationServices.framework/Versions/A/ApplicationServices
0x000000001e29e000 	/usr/lib/libz.1.dylib
0x000000010cc50000 	/usr/lib/libSystem.B.dylib
0x000000001e29e000 	/usr/lib/libobjc.A.dylib
0x000000001e29e000 	/System/Library/Frameworks/CoreFoundation.framework/Versions/A/CoreFoundation
0x000000001e29e000 	/System/Library/Frameworks/Foundation.framework/Versions/C/Foundation
0x000000001e29e000 	/System/Library/Frameworks/AppKit.framework/Versions/C/AppKit
0x000000001e29e000 	/System/Library/Frameworks/CoreData.framework/Versions/A/CoreData
0x000000001e29e000 	/System/Library/PrivateFrameworks/RemoteViewServices.framework/Versions/A/RemoteViewServices
0x000000001e29e000 	/System/Library/PrivateFrameworks/UIFoundation.framework/Versions/A/UIFoundation
0x000000001e29e000 	/System/Library/PrivateFrameworks/DFRFoundation.framework/Versions/A/DFRFoundation
0x000000001e29e000 	/usr/lib/libenergytrace.dylib
0x000000001e29e000 	/System/Library/PrivateFrameworks/SkyLight.framework/Versions/A/SkyLight
0x000000001e29e000 	/System/Library/Frameworks/CoreGraphics.framework/Versions/A/CoreGraphics
0x000000001e29e000 	/usr/lib/libScreenReader.dylib
0x000000001e29e000 	/System/Library/Frameworks/Accelerate.framework/Versions/A/Accelerate
0x000000001e29e000 	/System/Library/Frameworks/IOSurface.framework/Versions/A/IOSurface
0x000000001e29e000 	/System/Library/Frameworks/AudioToolbox.framework/Versions/A/AudioToolbox
0x000000001e29e000 	/System/Library/Frameworks/AudioUnit.framework/Versions/A/AudioUnit
0x000000001e29e000 	/System/Library/PrivateFrameworks/DataDetectorsCore.framework/Versions/A/DataDetectorsCore
0x000000001e29e000 	/System/Library/PrivateFrameworks/DesktopServicesPriv.framework/Versions/A/DesktopServicesPriv
0x000000001e29e000 	/System/Library/Frameworks/Carbon.framework/Versions/A/Frameworks/HIToolbox.framework/Versions/A/HIToolbox
0x000000001e29e000 	/usr/lib/libicucore.A.dylib
0x000000001e29e000 	/System/Library/Frameworks/QuartzCore.framework/Versions/A/QuartzCore
0x000000001e29e000 	/System/Library/Frameworks/Carbon.framework/Versions/A/Frameworks/SpeechRecognition.framework/Versions/A/SpeechRecognition
0x000000001e29e000 	/usr/lib/libauto.dylib
0x000000001e29e000 	/usr/lib/libxml2.2.dylib
0x000000001e29e000 	/System/Library/PrivateFrameworks/CoreUI.framework/Versions/A/CoreUI
0x000000001e29e000 	/System/Library/Frameworks/CoreAudio.framework/Versions/A/CoreAudio
0x000000001e29e000 	/System/Library/Frameworks/DiskArbitration.framework/Versions/A/DiskArbitration
0x000000001e29e000 	/usr/lib/liblangid.dylib
0x000000001e29e000 	/System/Library/PrivateFrameworks/MultitouchSupport.framework/Versions/A/MultitouchSupport
0x000000010cc59000 	/System/Library/Frameworks/IOKit.framework/Versions/A/IOKit
0x000000001e29e000 	/usr/lib/libDiagnosticMessagesClient.dylib
0x000000001e29e000 	/System/Library/Frameworks/CoreServices.framework/Versions/A/CoreServices
0x000000001e29e000 	/System/Library/PrivateFrameworks/PerformanceAnalysis.framework/Versions/A/PerformanceAnalysis
0x000000001e29e000 	/System/Library/PrivateFrameworks/GenerationalStorage.framework/Versions/A/GenerationalStorage
0x000000001e29e000 	/System/Library/Frameworks/OpenGL.framework/Versions/A/OpenGL
0x000000001e29e000 	/System/Library/Frameworks/CoreImage.framework/Versions/A/CoreImage
0x000000001e29e000 	/System/Library/Frameworks/CoreText.framework/Versions/A/CoreText
0x000000001e29e000 	/System/Library/Frameworks/ImageIO.framework/Versions/A/ImageIO
0x000000001e29e000 	/System/Library/PrivateFrameworks/Backup.framework/Versions/A/Backup
0x000000001e29e000 	/usr/lib/libarchive.2.dylib
0x000000010cd33000 	/System/Library/Frameworks/CFNetwork.framework/Versions/A/CFNetwork
0x000000001e29e000 	/System/Library/Frameworks/SystemConfiguration.framework/Versions/A/SystemConfiguration
0x000000001e29e000 	/usr/lib/libCRFSuite.dylib
0x000000001e29e000 	/usr/lib/libc++.1.dylib
0x000000001e29e000 	/usr/lib/libc++abi.dylib
0x000000001e29e000 	/usr/lib/system/libcache.dylib
0x000000001e29e000 	/usr/lib/system/libcommonCrypto.dylib
0x000000001e29e000 	/usr/lib/system/libcompiler_rt.dylib
0x000000001e29e000 	/usr/lib/system/libcopyfile.dylib
0x000000001e29e000 	/usr/lib/system/libcorecrypto.dylib
0x000000001e29e000 	/usr/lib/system/libdispatch.dylib
0x000000010d424000 	/usr/lib/system/libdyld.dylib
0x000000001e29e000 	/usr/lib/system/libkeymgr.dylib
0x000000001e29e000 	/usr/lib/system/liblaunch.dylib
0x000000001e29e000 	/usr/lib/system/libmacho.dylib
0x000000001e29e000 	/usr/lib/system/libquarantine.dylib
0x000000001e29e000 	/usr/lib/system/libremovefile.dylib
0x000000001e29e000 	/usr/lib/system/libsystem_asl.dylib
0x000000001e29e000 	/usr/lib/system/libsystem_blocks.dylib
0x000000001e29e000 	/usr/lib/system/libsystem_c.dylib
0x000000001e29e000 	/usr/lib/system/libsystem_configuration.dylib
0x000000001e29e000 	/usr/lib/system/libsystem_coreservices.dylib
0x000000010d432000 	/usr/lib/system/libsystem_coretls.dylib
0x000000001e29e000 	/usr/lib/system/libsystem_dnssd.dylib
0x000000001e29e000 	/usr/lib/system/libsystem_info.dylib
0x000000010d45b000 	/usr/lib/system/libsystem_kernel.dylib
0x000000001e29e000 	/usr/lib/system/libsystem_m.dylib
0x000000001e29e000 	/usr/lib/system/libsystem_malloc.dylib
0x000000001e29e000 	/usr/lib/system/libsystem_network.dylib
0x000000010d49a000 	/usr/lib/system/libsystem_networkextension.dylib
0x000000001e29e000 	/usr/lib/system/libsystem_notify.dylib
0x000000001e29e000 	/usr/lib/system/libsystem_platform.dylib
0x000000001e29e000 	/usr/lib/system/libsystem_pthread.dylib
0x000000010d4b1000 	/usr/lib/system/libsystem_sandbox.dylib
0x000000001e29e000 	/usr/lib/system/libsystem_secinit.dylib
0x000000010d4c0000 	/usr/lib/system/libsystem_symptoms.dylib
0x000000010d4d4000 	/usr/lib/system/libsystem_trace.dylib
0x000000001e29e000 	/usr/lib/system/libunwind.dylib
0x000000001e29e000 	/usr/lib/system/libxpc.dylib
0x000000001e29e000 	/usr/lib/libbsm.0.dylib
0x000000010d50a000 	/usr/lib/system/libkxld.dylib
0x000000001e29e000 	/usr/lib/libcoretls.dylib
0x000000001e29e000 	/usr/lib/libcoretls_cfhelpers.dylib
0x000000001e29e000 	/usr/lib/libxar.1.dylib
0x000000001e29e000 	/usr/lib/libsqlite3.dylib
0x000000001e29e000 	/usr/lib/libpam.2.dylib
0x000000001e29e000 	/usr/lib/libOpenScriptingUtil.dylib
0x000000001e29e000 	/usr/lib/libbz2.1.0.dylib
0x000000001e29e000 	/usr/lib/liblzma.5.dylib
0x000000001e29e000 	/usr/lib/libnetwork.dylib
0x000000001e29e000 	/usr/lib/libpcap.A.dylib
0x000000001e29e000 	/System/Library/Frameworks/CoreServices.framework/Versions/A/Frameworks/FSEvents.framework/Versions/A/FSEvents
0x000000001e29e000 	/System/Library/Frameworks/CoreServices.framework/Versions/A/Frameworks/CarbonCore.framework/Versions/A/CarbonCore
0x000000001e29e000 	/System/Library/Frameworks/CoreServices.framework/Versions/A/Frameworks/Metadata.framework/Versions/A/Metadata
0x000000001e29e000 	/System/Library/Frameworks/CoreServices.framework/Versions/A/Frameworks/OSServices.framework/Versions/A/OSServices
0x000000001e29e000 	/System/Library/Frameworks/CoreServices.framework/Versions/A/Frameworks/SearchKit.framework/Versions/A/SearchKit
0x000000001e29e000 	/System/Library/Frameworks/CoreServices.framework/Versions/A/Frameworks/AE.framework/Versions/A/AE
0x000000001e29e000 	/System/Library/Frameworks/CoreServices.framework/Versions/A/Frameworks/LaunchServices.framework/Versions/A/LaunchServices
0x000000001e29e000 	/System/Library/Frameworks/CoreServices.framework/Versions/A/Frameworks/DictionaryServices.framework/Versions/A/DictionaryServices
0x000000001e29e000 	/System/Library/Frameworks/CoreServices.framework/Versions/A/Frameworks/SharedFileList.framework/Versions/A/SharedFileList
0x000000001e29e000 	/System/Library/Frameworks/NetFS.framework/Versions/A/NetFS
0x000000001e29e000 	/System/Library/PrivateFrameworks/NetAuth.framework/Versions/A/NetAuth
0x000000001e29e000 	/System/Library/PrivateFrameworks/login.framework/Versions/A/Frameworks/loginsupport.framework/Versions/A/loginsupport
0x000000001e29e000 	/System/Library/PrivateFrameworks/TCC.framework/Versions/A/TCC
0x000000001e29e000 	/usr/lib/libmecabra.dylib
0x000000001e29e000 	/System/Library/Frameworks/ApplicationServices.framework/Versions/A/Frameworks/ATS.framework/Versions/A/ATS
0x000000001e29e000 	/System/Library/Frameworks/ApplicationServices.framework/Versions/A/Frameworks/ColorSync.framework/Versions/A/ColorSync
0x000000001e29e000 	/System/Library/Frameworks/ApplicationServices.framework/Versions/A/Frameworks/HIServices.framework/Versions/A/HIServices
0x000000001e29e000 	/System/Library/Frameworks/ApplicationServices.framework/Versions/A/Frameworks/LangAnalysis.framework/Versions/A/LangAnalysis
0x000000001e29e000 	/System/Library/Frameworks/ApplicationServices.framework/Versions/A/Frameworks/PrintCore.framework/Versions/A/PrintCore
0x000000001e29e000 	/System/Library/Frameworks/ApplicationServices.framework/Versions/A/Frameworks/QD.framework/Versions/A/QD
0x000000001e29e000 	/System/Library/Frameworks/ApplicationServices.framework/Versions/A/Frameworks/SpeechSynthesis.framework/Versions/A/SpeechSynthesis
0x000000001e29e000 	/System/Library/Frameworks/Accelerate.framework/Versions/A/Frameworks/vImage.framework/Versions/A/vImage
0x000000001e29e000 	/System/Library/Frameworks/Accelerate.framework/Versions/A/Frameworks/vecLib.framework/Versions/A/vecLib
0x000000001e29e000 	/System/Library/Frameworks/Accelerate.framework/Versions/A/Frameworks/vecLib.framework/Versions/A/libvDSP.dylib
0x000000001e29e000 	/System/Library/Frameworks/Accelerate.framework/Versions/A/Frameworks/vecLib.framework/Versions/A/libBNNS.dylib
0x000000001e29e000 	/System/Library/Frameworks/Accelerate.framework/Versions/A/Frameworks/vecLib.framework/Versions/A/libQuadrature.dylib
0x000000001e29e000 	/System/Library/Frameworks/Accelerate.framework/Versions/A/Frameworks/vecLib.framework/Versions/A/libvMisc.dylib
0x000000001e29e000 	/System/Library/Frameworks/Accelerate.framework/Versions/A/Frameworks/vecLib.framework/Versions/A/libLAPACK.dylib
0x000000001e29e000 	/System/Library/Frameworks/Accelerate.framework/Versions/A/Frameworks/vecLib.framework/Versions/A/libBLAS.dylib
0x000000001e29e000 	/System/Library/Frameworks/Accelerate.framework/Versions/A/Frameworks/vecLib.framework/Versions/A/libLinearAlgebra.dylib
0x000000001e29e000 	/System/Library/Frameworks/Accelerate.framework/Versions/A/Frameworks/vecLib.framework/Versions/A/libSparseBLAS.dylib
0x000000001e29e000 	/System/Library/Frameworks/ApplicationServices.framework/Versions/A/Frameworks/ATS.framework/Versions/A/Resources/libFontParser.dylib
0x000000001e29e000 	/System/Library/Frameworks/ApplicationServices.framework/Versions/A/Frameworks/ATS.framework/Versions/A/Resources/libFontRegistry.dylib
0x000000001e29e000 	/System/Library/Frameworks/ImageIO.framework/Versions/A/Resources/libJPEG.dylib
0x000000001e29e000 	/System/Library/Frameworks/ImageIO.framework/Versions/A/Resources/libTIFF.dylib
0x000000001e29e000 	/System/Library/Frameworks/ImageIO.framework/Versions/A/Resources/libPng.dylib
0x000000001e29e000 	/System/Library/Frameworks/ImageIO.framework/Versions/A/Resources/libGIF.dylib
0x000000001e29e000 	/System/Library/Frameworks/ImageIO.framework/Versions/A/Resources/libJP2.dylib
0x000000001e29e000 	/System/Library/Frameworks/ImageIO.framework/Versions/A/Resources/libRadiance.dylib
0x000000001e29e000 	/usr/lib/libcompression.dylib
0x000000001e29e000 	/System/Library/PrivateFrameworks/AppleJPEG.framework/Versions/A/AppleJPEG
0x000000001e29e000 	/usr/lib/libcups.2.dylib
0x000000001e29e000 	/System/Library/Frameworks/Kerberos.framework/Versions/A/Kerberos
0x000000001e29e000 	/System/Library/Frameworks/GSS.framework/Versions/A/GSS
0x000000001e29e000 	/usr/lib/libresolv.9.dylib
0x000000001e29e000 	/usr/lib/libiconv.2.dylib
0x000000001e29e000 	/System/Library/PrivateFrameworks/Heimdal.framework/Versions/A/Heimdal
0x000000001e29e000 	/usr/lib/libheimdal-asn1.dylib
0x000000001e29e000 	/System/Library/Frameworks/OpenDirectory.framework/Versions/A/OpenDirectory
0x000000001e29e000 	/System/Library/PrivateFrameworks/CommonAuth.framework/Versions/A/CommonAuth
0x000000001e29e000 	/System/Library/Frameworks/OpenDirectory.framework/Versions/A/Frameworks/CFOpenDirectory.framework/Versions/A/CFOpenDirectory
0x000000001e29e000 	/System/Library/Frameworks/SecurityFoundation.framework/Versions/A/SecurityFoundation
0x000000001e29e000 	/System/Library/PrivateFrameworks/LanguageModeling.framework/Versions/A/LanguageModeling
0x000000001e29e000 	/usr/lib/libmarisa.dylib
0x000000001e29e000 	/usr/lib/libChineseTokenizer.dylib
0x000000001e29e000 	/usr/lib/libcmph.dylib
0x000000001e29e000 	/System/Library/PrivateFrameworks/CoreEmoji.framework/Versions/A/CoreEmoji
0x000000001e29e000 	/System/Library/Frameworks/ServiceManagement.framework/Versions/A/ServiceManagement
0x000000001e29e000 	/usr/lib/libxslt.1.dylib
0x000000001e29e000 	/System/Library/Frameworks/Carbon.framework/Versions/A/Frameworks/Ink.framework/Versions/A/Ink
0x000000001e29e000 	/System/Library/PrivateFrameworks/TextureIO.framework/Versions/A/TextureIO
0x000000001e29e000 	/System/Library/Frameworks/Metal.framework/Versions/A/Metal
0x000000001e29e000 	/usr/lib/libate.dylib
0x000000001e29e000 	/System/Library/PrivateFrameworks/GPUCompiler.framework/libmetal_timestamp.dylib
0x000000001e29e000 	/System/Library/Frameworks/OpenGL.framework/Versions/A/Libraries/libCoreFSCache.dylib
0x000000001e29e000 	/System/Library/PrivateFrameworks/IOAccelerator.framework/Versions/A/IOAccelerator
0x000000001e29e000 	/System/Library/Frameworks/CoreVideo.framework/Versions/A/CoreVideo
0x000000001e29e000 	/usr/lib/libFosl_dynamic.dylib
0x000000001e29e000 	/System/Library/PrivateFrameworks/MetalPerformanceShaders.framework/Versions/A/MetalPerformanceShaders
0x000000001e29e000 	/System/Library/PrivateFrameworks/FaceCore.framework/Versions/A/FaceCore
0x000000001e29e000 	/System/Library/Frameworks/OpenCL.framework/Versions/A/OpenCL
0x000000001e29e000 	/System/Library/Frameworks/OpenGL.framework/Versions/A/Libraries/libGLU.dylib
0x000000001e29e000 	/System/Library/Frameworks/OpenGL.framework/Versions/A/Libraries/libGFXShared.dylib
0x000000001e29e000 	/System/Library/Frameworks/OpenGL.framework/Versions/A/Libraries/libGL.dylib
0x000000001e29e000 	/System/Library/Frameworks/OpenGL.framework/Versions/A/Libraries/libGLImage.dylib
0x000000001e29e000 	/System/Library/Frameworks/OpenGL.framework/Versions/A/Libraries/libCVMSPluginSupport.dylib
0x000000001e29e000 	/System/Library/Frameworks/OpenGL.framework/Versions/A/Libraries/libCoreVMClient.dylib
0x000000001e29e000 	/System/Library/PrivateFrameworks/CrashReporterSupport.framework/Versions/A/CrashReporterSupport
0x000000001e29e000 	/System/Library/PrivateFrameworks/Sharing.framework/Versions/A/Sharing
0x000000001e29e000 	/System/Library/PrivateFrameworks/IconServices.framework/Versions/A/IconServices
0x000000001e29e000 	/System/Library/PrivateFrameworks/ProtocolBuffer.framework/Versions/A/ProtocolBuffer
0x000000001e29e000 	/System/Library/PrivateFrameworks/Apple80211.framework/Versions/A/Apple80211
0x000000001e29e000 	/System/Library/Frameworks/CoreWLAN.framework/Versions/A/CoreWLAN
0x000000001e29e000 	/System/Library/PrivateFrameworks/CoreUtils.framework/Versions/A/CoreUtils
0x000000001e29e000 	/System/Library/Frameworks/IOBluetooth.framework/Versions/A/IOBluetooth
0x000000001e29e000 	/System/Library/PrivateFrameworks/CoreWiFi.framework/Versions/A/CoreWiFi
0x000000001e29e000 	/System/Library/Frameworks/CoreBluetooth.framework/Versions/A/CoreBluetooth
0x000000001e29e000 	/System/Library/Frameworks/CoreDisplay.framework/Versions/A/CoreDisplay
0x000000001e29e000 	/System/Library/PrivateFrameworks/IOPresentment.framework/Versions/A/IOPresentment
0x000000001e29e000 	/System/Library/PrivateFrameworks/DebugSymbols.framework/Versions/A/DebugSymbols
0x000000001e29e000 	/System/Library/PrivateFrameworks/CoreSymbolication.framework/Versions/A/CoreSymbolication
0x000000001e29e000 	/System/Library/PrivateFrameworks/Symbolication.framework/Versions/A/Symbolication
0x000000001e29e000 	/System/Library/PrivateFrameworks/AppleFSCompression.framework/Versions/A/AppleFSCompression
0x000000001e29e000 	/System/Library/PrivateFrameworks/SpeechRecognitionCore.framework/Versions/A/SpeechRecognitionCore
0x000000001e29e000 	/System/Library/PrivateFrameworks/ChunkingLibrary.framework/Versions/A/ChunkingLibrary
0x000000010d578000 	/Library/Java/JavaVirtualMachines/jdk1.8.0_101.jdk/Contents/Home/jre/lib/server/libjvm.dylib
0x000000001e29e000 	/usr/lib/libstdc++.6.dylib
0x000000010e515000 	/Library/Java/JavaVirtualMachines/jdk1.8.0_101.jdk/Contents/Home/jre/lib/libverify.dylib
0x000000010e523000 	/Library/Java/JavaVirtualMachines/jdk1.8.0_101.jdk/Contents/Home/jre/lib/libjava.dylib
0x000000010e560000 	/Library/Java/JavaVirtualMachines/jdk1.8.0_101.jdk/Contents/Home/jre/lib/libzip.dylib
0x000000012476e000 	/System/Library/Frameworks/JavaVM.framework/Frameworks/JavaRuntimeSupport.framework/JavaRuntimeSupport
0x0000000124788000 	/System/Library/Frameworks/JavaVM.framework/Versions/A/Frameworks/JavaNativeFoundation.framework/Versions/A/JavaNativeFoundation
0x00000001116d3000 	/System/Library/Frameworks/JavaVM.framework/Versions/A/JavaVM
0x000000001e29e000 	/System/Library/Frameworks/Carbon.framework/Versions/A/Carbon
0x000000012479d000 	/System/Library/PrivateFrameworks/JavaLaunching.framework/Versions/A/JavaLaunching
0x000000001e29e000 	/System/Library/Frameworks/Carbon.framework/Versions/A/Frameworks/CommonPanels.framework/Versions/A/CommonPanels
0x000000001e29e000 	/System/Library/Frameworks/Carbon.framework/Versions/A/Frameworks/Help.framework/Versions/A/Help
0x000000001e29e000 	/System/Library/Frameworks/Carbon.framework/Versions/A/Frameworks/ImageCapture.framework/Versions/A/ImageCapture
0x000000001e29e000 	/System/Library/Frameworks/Carbon.framework/Versions/A/Frameworks/OpenScripting.framework/Versions/A/OpenScripting
0x000000001e29e000 	/System/Library/Frameworks/Carbon.framework/Versions/A/Frameworks/Print.framework/Versions/A/Print
0x000000001e29e000 	/System/Library/Frameworks/Carbon.framework/Versions/A/Frameworks/SecurityHI.framework/Versions/A/SecurityHI
0x00000001260d0000 	/Library/Java/JavaVirtualMachines/jdk1.8.0_101.jdk/Contents/Home/jre/lib/libnet.dylib
0x000000012612f000 	/Library/Java/JavaVirtualMachines/jdk1.8.0_101.jdk/Contents/Home/jre/lib/libnio.dylib
0x000000012656a000 	/Users/elchroy/.gradle/native/19/osx-amd64/libnative-platform.dylib
0x000000012656f000 	/Users/elchroy/.gradle/native/19/osx-amd64/libnative-platform-curses.dylib
0x000000001e29e000 	/usr/lib/libncurses.5.4.dylib
0x0000000126573000 	/private/var/folders/3j/p0_wzk9d1ns47ybk3ng5x3w80000gn/T/jna2570210912664301299.tmp
0x0000000126588000 	/Library/Java/JavaVirtualMachines/jdk1.8.0_101.jdk/Contents/Home/jre/lib/libmanagement.dylib

VM Arguments:
jvm_args: -Dorg.gradle.appname=gradlew 
java_command: org.gradle.wrapper.GradleWrapperMain installDebug
java_class_path (initial): /Users/elchroy/Roy/Code/rubyment/roymobile/android/gradle/wrapper/gradle-wrapper.jar
Launcher Type: SUN_STANDARD

Environment Variables:
PATH=/usr/local/opt/nvm/versions/node/v6.3.0/lib/node_modules/npm/bin/node-gyp-bin:/Users/elchroy/Roy/Code/rubyment/roymobile/node_modules/.bin:/usr/local/opt/nvm/versions/node/v6.3.0/bin:/Users/elchroy/.rvm/gems/ruby-2.3.0/bin:/Users/elchroy/.rvm/gems/ruby-2.3.0@global/bin:/Users/elchroy/.rvm/rubies/ruby-2.3.0/bin:/usr/local/opt/nvm/versions/node/v6.3.0/bin:/usr/local/mysql/bin:/usr/local/share/python:/usr/local/bin:/usr/bin:/bin:/usr/sbin:/sbin:/Users/elchroy/golang/src/github.com/andela/bin:/usr/local/opt/go/libexec/bin:/Users/elchroy/.rvm/bin:/Users/elchroy/Library/Android/sdk/tools:/Users/elchroy/Library/Android/sdk/platform-tools
SHELL=/bin/zsh

Signal Handlers:
SIGSEGV: [libjvm.dylib+0x5af145], sa_mask[0]=11111111011111110111111111111111, sa_flags=SA_ONSTACK|SA_RESTART|SA_SIGINFO
SIGBUS: [libjvm.dylib+0x5af145], sa_mask[0]=11111111011111110111111111111111, sa_flags=SA_RESTART|SA_SIGINFO
SIGFPE: [libjvm.dylib+0x48694c], sa_mask[0]=11111111011111110111111111111111, sa_flags=SA_RESTART|SA_SIGINFO
SIGPIPE: [libjvm.dylib+0x48694c], sa_mask[0]=11111111011111110111111111111111, sa_flags=SA_RESTART|SA_SIGINFO
SIGXFSZ: [libjvm.dylib+0x48694c], sa_mask[0]=11111111011111110111111111111111, sa_flags=SA_RESTART|SA_SIGINFO
SIGILL: [libjvm.dylib+0x48694c], sa_mask[0]=11111111011111110111111111111111, sa_flags=SA_RESTART|SA_SIGINFO
SIGUSR1: SIG_DFL, sa_mask[0]=11111111011111110111111111111111, sa_flags=none
SIGUSR2: [libjvm.dylib+0x48646a], sa_mask[0]=00000000000000000000000000000000, sa_flags=SA_RESTART|SA_SIGINFO
SIGHUP: [libjvm.dylib+0x484a41], sa_mask[0]=11111111011111110111111111111111, sa_flags=SA_RESTART|SA_SIGINFO
SIGINT: [libjvm.dylib+0x484a41], sa_mask[0]=11111111011111110111111111111111, sa_flags=SA_RESTART|SA_SIGINFO
SIGTERM: [libjvm.dylib+0x484a41], sa_mask[0]=11111111011111110111111111111111, sa_flags=SA_RESTART|SA_SIGINFO
SIGQUIT: [libjvm.dylib+0x484a41], sa_mask[0]=11111111011111110111111111111111, sa_flags=SA_RESTART|SA_SIGINFO


---------------  S Y S T E M  ---------------

OS:Bsduname:Darwin 16.4.0 Darwin Kernel Version 16.4.0: Thu Dec 22 22:53:21 PST 2016; root:xnu-3789.41.3~3/RELEASE_X86_64 x86_64
rlimit: STACK 8192k, CORE 0k, NPROC 709, NOFILE 10240, AS infinity
load average:15.98 12.02 9.48

CPU:total 4 (2 cores per cpu, 2 threads per core) family 6 model 61 stepping 4, cmov, cx8, fxsr, mmx, sse, sse2, sse3, ssse3, sse4.1, sse4.2, popcnt, avx, avx2, aes, clmul, erms, 3dnowpref, lzcnt, ht, tsc, tscinvbit, bmi1, bmi2, adx

Memory: 4k page, physical 8388608k(149916k free)

/proc/meminfo:


vm_info: Java HotSpot(TM) 64-Bit Server VM (25.101-b13) for bsd-amd64 JRE (1.8.0_101-b13), built on Jun 22 2016 02:42:15 by "java_re" with gcc 4.2.1 (Based on Apple Inc. build 5658) (LLVM build 2336.11.00)

time: Fri Feb 10 12:19:09 2017
elapsed time: 21 seconds (0d 0h 0m 21s)

