#
# A fatal error has been detected by the Java Runtime Environment:
#
#  SIGSEGV (0xb) at pc=0x000000010b086498, pid=49223, tid=0x0000000000000307
#
# JRE version: Java(TM) SE Runtime Environment (8.0_101-b13) (build 1.8.0_101-b13)
# Java VM: Java HotSpot(TM) 64-Bit Server VM (25.101-b13 mixed mode bsd-amd64 compressed oops)
# Problematic frame:
# V  [libjvm.dylib+0x486498]
#
# Failed to write core dump. Core dumps have been disabled. To enable core dumping, try "ulimit -c unlimited" before starting Java again
#
# If you would like to submit a bug report, please visit:
#   http://bugreport.java.com/bugreport/crash.jsp
#

---------------  T H R E A D  ---------------

Current thread is native thread

siginfo: si_signo: 11 (SIGSEGV), si_code: 1 (SEGV_MAPERR), si_addr: 0x0000000000000128

Registers:
RAX=0x0000000000000000, RBX=0x00007fff562b77a0, RCX=0x00007fffb19f4408, RDX=0x00007fff562b77a0
RSP=0x00007fff562b72d0, RBP=0x00007fff562b7300, RSI=0x00007fff562b7738, RDI=0x0000000000000103
R8 =0x00007fff562b77a0, R9 =0x00000000ffffffff, R10=0x0000000000000c00, R11=0x0000000000000206
R12=0x0000000000000c00, R13=0x0000000000000000, R14=0x00007fff562b7738, R15=0x0000000000000002
RIP=0x000000010b086498, EFLAGS=0x0000000000010202, ERR=0x0000000000000004
  TRAPNO=0x000000000000000e

Top of Stack: (sp=0x00007fff562b72d0)
0x00007fff562b72d0:   0000000000000000 00007fff562b77a0
0x00007fff562b72e0:   0000000000000c00 0000000000000000
0x00007fff562b72f0:   00007fff562b79d0 0000000000000d03
0x00007fff562b7300:   00007fff562b7310 00007fffa8db4bba
0x00007fff562b7310:   00007fff562b78a0 0000000000015c00
0x00007fff562b7320:   00015d00ae448958 00007fffb188a2d0
0x00007fff562b7330:   0100001f00000085 00007fff93650680
0x00007fff562b7340:   0000000010004005 00000000ffffffff
0x00007fff562b7350:   00007fff562b7858 0000000000000000
0x00007fff562b7360:   00007fff562b79d0 0000000007000806
0x00007fff562b7370:   00007fff562b78a0 00007fff562b7858
0x00007fff562b7380:   0000000000000d03 00000000ffffffff
0x00007fff562b7390:   0000000000000c00 0000000000000206
0x00007fff562b73a0:   0000000000000c00 0000000000000000
0x00007fff562b73b0:   00007fff562b79d0 0000000000000d03
0x00007fff562b73c0:   000000010a17838a 0000000000000206
0x00007fff562b73d0:   0000000000000007 0000000000000000
0x00007fff562b73e0:   0000000000000000 0000000000000000
0x00007fff562b73f0:   000000000000037f 0000000000000000
0x00007fff562b7400:   0000000000000000 0000ffff00001fa0
0x00007fff562b7410:   0000000000000000 000000000000ffff
0x00007fff562b7420:   0000000000000100 000000000000ffff
0x00007fff562b7430:   0000000000000000 0000000000000000
0x00007fff562b7440:   0000000000000000 0000000000000000
0x00007fff562b7450:   87bc000000000000 000000000000c00b
0x00007fff562b7460:   0000000000000000 0000000000000000
0x00007fff562b7470:   bb78000000000000 000000000000400b
0x00007fff562b7480:   0000000000000000 0000000000000000
0x00007fff562b7490:   41be4ddd22d119f0 0000000000000000
0x00007fff562b74a0:   3fea233df2a9d627 0000000000000000
0x00007fff562b74b0:   c3de3f7e295c10b6 439c081d6a3ef49d
0x00007fff562b74c0:   0000000000000000 0000000000000000 

Instructions: (pc=0x000000010b086498)
0x000000010b086478:   83 ec 08 48 89 d3 49 89 f6 e8 00 26 14 00 44 8b
0x000000010b086488:   38 48 8d 05 20 cd 3a 00 48 63 38 e8 ca 28 14 00
0x000000010b086498:   4c 8b a0 28 01 00 00 41 83 7c 24 34 01 0f 85 e2
0x000000010b0864a8:   00 00 00 49 89 5c 24 40 4d 89 74 24 38 49 8d 5c 

Register to memory mapping:

RAX=0x0000000000000000 is an unknown value
RBX=0x00007fff562b77a0 is an unknown value
RCX=0x00007fffb19f4408: _thread+0x48 in /usr/lib/system/libsystem_pthread.dylib at 0x00007fffa8dbb000
RDX=0x00007fff562b77a0 is an unknown value
RSP=0x00007fff562b72d0 is an unknown value
RBP=0x00007fff562b7300 is an unknown value
RSI=0x00007fff562b7738 is an unknown value
RDI=0x0000000000000103 is an unknown value
R8 =0x00007fff562b77a0 is an unknown value
R9 =0x00000000ffffffff is an unknown value
R10=0x0000000000000c00 is an unknown value
R11=0x0000000000000206 is an unknown value
R12=0x0000000000000c00 is an unknown value
R13=0x0000000000000000 is an unknown value
R14=0x00007fff562b7738 is an unknown value
R15=0x0000000000000002 is an unknown value


Stack: [0x00007fff55abc000,0x00007fff562bc000],  sp=0x00007fff562b72d0,  free space=8172k
Native frames: (J=compiled Java code, j=interpreted, Vv=VM code, C=native code)
V  [libjvm.dylib+0x486498]
C  [libsystem_platform.dylib+0x2bba]  _sigtramp+0x1a
C  0x0000000000015c00
C  [CoreFoundation+0x88c94]  __CFRunLoopServiceMachPort+0xd4
C  [CoreFoundation+0x88121]  __CFRunLoopRun+0x551
C  [CoreFoundation+0x87974]  CFRunLoopRunSpecific+0x1a4
C  [java+0x6465]  CreateExecutionEnvironment+0x367
C  [java+0x218c]  JLI_Launch+0x7a0
C  [java+0x84c2]  main+0x65
C  [java+0x19e4]  start+0x34


---------------  P R O C E S S  ---------------

VM state:not at safepoint (normal execution)

VM Mutex/Monitor currently owned by a thread: None

Heap:
 PSYoungGen      total 100352K, used 89922K [0x0000000795580000, 0x000000079e700000, 0x00000007c0000000)
  eden space 94208K, 89% used [0x0000000795580000,0x000000079a763110,0x000000079b180000)
  from space 6144K, 98% used [0x000000079e100000,0x000000079e6eda90,0x000000079e700000)
  to   space 9728K, 0% used [0x000000079d400000,0x000000079d400000,0x000000079dd80000)
 ParOldGen       total 65536K, used 9802K [0x0000000740000000, 0x0000000744000000, 0x0000000795580000)
  object space 65536K, 14% used [0x0000000740000000,0x0000000740992a08,0x0000000744000000)
 Metaspace       used 31155K, capacity 32104K, committed 32384K, reserved 1077248K
  class space    used 4312K, capacity 4663K, committed 4736K, reserved 1048576K

Card table byte_map: [0x000000010bf5d000,0x000000010c35e000] byte_map_base: 0x000000010855d000

Marking Bits: (ParMarkBitMap*) 0x000000010b4edd20
 Begin Bits: [0x000000010c609000, 0x000000010e609000)
 End Bits:   [0x000000010e609000, 0x0000000110609000)

Polling page: 0x000000010996c000

CodeCache: size=245760Kb used=8614Kb max_used=8614Kb free=237145Kb
 bounds [0x0000000114e26000, 0x0000000115696000, 0x0000000123e26000]
 total_blobs=3038 nmethods=2399 adapters=552
 compilation: enabled

Compilation events (10 events):
Event: 6.837 Thread 0x00007f940480d000 2438       2       sun.reflect.AccessorGenerator::sub (5 bytes)
Event: 6.838 Thread 0x00007f940480d000 nmethod 2438 0x00000001156796d0 code [0x0000000115679820, 0x0000000115679950]
Event: 6.842 Thread 0x00007f940480d000 2442       1       sun.reflect.ByteVectorImpl::getLength (7 bytes)
Event: 6.842 Thread 0x00007f940480d000 nmethod 2442 0x0000000115690a50 code [0x0000000115690ba0, 0x0000000115690cb0]
Event: 6.842 Thread 0x00007f940480d000 2440       2       sun.reflect.ClassFileAssembler::emitConstantPoolMethodref (28 bytes)
Event: 6.843 Thread 0x00007f940480d000 nmethod 2440 0x0000000115690d10 code [0x0000000115690ec0, 0x0000000115691268]
Event: 6.843 Thread 0x00007f940480d000 2441       2       sun.reflect.ClassFileAssembler::emitConstantPoolNameAndType (28 bytes)
Event: 6.843 Thread 0x00007f940480d000 nmethod 2441 0x0000000115691650 code [0x0000000115691800, 0x0000000115691ba8]
Event: 6.844 Thread 0x00007f940480d000 2443       1       org.gradle.api.internal.artifacts.configurations.DefaultConfiguration::getName (5 bytes)
Event: 6.844 Thread 0x00007f940480d000 nmethod 2443 0x0000000115691f90 code [0x00000001156920e0, 0x00000001156921f0]

GC Heap History (10 events):
Event: 2.695 GC heap before
{Heap before GC invocations=3 (full 0):
 PSYoungGen      total 38400K, used 38378K [0x0000000795580000, 0x0000000798000000, 0x00000007c0000000)
  eden space 33280K, 100% used [0x0000000795580000,0x0000000797600000,0x0000000797600000)
  from space 5120K, 99% used [0x0000000797b00000,0x0000000797ffab08,0x0000000798000000)
  to   space 5120K, 0% used [0x0000000797600000,0x0000000797600000,0x0000000797b00000)
 ParOldGen       total 87552K, used 721K [0x0000000740000000, 0x0000000745580000, 0x0000000795580000)
  object space 87552K, 0% used [0x0000000740000000,0x00000007400b44b0,0x0000000745580000)
 Metaspace       used 16567K, capacity 16936K, committed 17280K, reserved 1064960K
  class space    used 2245K, capacity 2360K, committed 2432K, reserved 1048576K
Event: 2.708 GC heap after
Heap after GC invocations=3 (full 0):
 PSYoungGen      total 38400K, used 5088K [0x0000000795580000, 0x000000079a080000, 0x00000007c0000000)
  eden space 33280K, 0% used [0x0000000795580000,0x0000000795580000,0x0000000797600000)
  from space 5120K, 99% used [0x0000000797600000,0x0000000797af8040,0x0000000797b00000)
  to   space 5120K, 0% used [0x0000000799b80000,0x0000000799b80000,0x000000079a080000)
 ParOldGen       total 87552K, used 3635K [0x0000000740000000, 0x0000000745580000, 0x0000000795580000)
  object space 87552K, 4% used [0x0000000740000000,0x000000074038cc80,0x0000000745580000)
 Metaspace       used 16567K, capacity 16936K, committed 17280K, reserved 1064960K
  class space    used 2245K, capacity 2360K, committed 2432K, reserved 1048576K
}
Event: 3.575 GC heap before
{Heap before GC invocations=4 (full 0):
 PSYoungGen      total 38400K, used 38368K [0x0000000795580000, 0x000000079a080000, 0x00000007c0000000)
  eden space 33280K, 100% used [0x0000000795580000,0x0000000797600000,0x0000000797600000)
  from space 5120K, 99% used [0x0000000797600000,0x0000000797af8040,0x0000000797b00000)
  to   space 5120K, 0% used [0x0000000799b80000,0x0000000799b80000,0x000000079a080000)
 ParOldGen       total 87552K, used 3635K [0x0000000740000000, 0x0000000745580000, 0x0000000795580000)
  object space 87552K, 4% used [0x0000000740000000,0x000000074038cc80,0x0000000745580000)
 Metaspace       used 19779K, capacity 20116K, committed 20224K, reserved 1067008K
  class space    used 2642K, capacity 2816K, committed 2816K, reserved 1048576K
Event: 3.590 GC heap after
Heap after GC invocations=4 (full 0):
 PSYoungGen      total 71680K, used 5088K [0x0000000795580000, 0x000000079a080000, 0x00000007c0000000)
  eden space 66560K, 0% used [0x0000000795580000,0x0000000795580000,0x0000000799680000)
  from space 5120K, 99% used [0x0000000799b80000,0x000000079a078020,0x000000079a080000)
  to   space 5120K, 0% used [0x0000000799680000,0x0000000799680000,0x0000000799b80000)
 ParOldGen       total 87552K, used 7157K [0x0000000740000000, 0x0000000745580000, 0x0000000795580000)
  object space 87552K, 8% used [0x0000000740000000,0x00000007406fd4c8,0x0000000745580000)
 Metaspace       used 19779K, capacity 20116K, committed 20224K, reserved 1067008K
  class space    used 2642K, capacity 2816K, committed 2816K, reserved 1048576K
}
Event: 3.970 GC heap before
{Heap before GC invocations=5 (full 0):
 PSYoungGen      total 71680K, used 25148K [0x0000000795580000, 0x000000079a080000, 0x00000007c0000000)
  eden space 66560K, 30% used [0x0000000795580000,0x0000000796917268,0x0000000799680000)
  from space 5120K, 99% used [0x0000000799b80000,0x000000079a078020,0x000000079a080000)
  to   space 5120K, 0% used [0x0000000799680000,0x0000000799680000,0x0000000799b80000)
 ParOldGen       total 87552K, used 7157K [0x0000000740000000, 0x0000000745580000, 0x0000000795580000)
  object space 87552K, 8% used [0x0000000740000000,0x00000007406fd4c8,0x0000000745580000)
 Metaspace       used 20824K, capacity 21118K, committed 21248K, reserved 1067008K
  class space    used 2825K, capacity 2978K, committed 3072K, reserved 1048576K
Event: 3.989 GC heap after
Heap after GC invocations=5 (full 0):
 PSYoungGen      total 71680K, used 5088K [0x0000000795580000, 0x000000079ea80000, 0x00000007c0000000)
  eden space 66560K, 0% used [0x0000000795580000,0x0000000795580000,0x0000000799680000)
  from space 5120K, 99% used [0x0000000799680000,0x0000000799b78060,0x0000000799b80000)
  to   space 9728K, 0% used [0x000000079e100000,0x000000079e100000,0x000000079ea80000)
 ParOldGen       total 87552K, used 9363K [0x0000000740000000, 0x0000000745580000, 0x0000000795580000)
  object space 87552K, 10% used [0x0000000740000000,0x0000000740924e90,0x0000000745580000)
 Metaspace       used 20824K, capacity 21118K, committed 21248K, reserved 1067008K
  class space    used 2825K, capacity 2978K, committed 3072K, reserved 1048576K
}
Event: 3.989 GC heap before
{Heap before GC invocations=6 (full 1):
 PSYoungGen      total 71680K, used 5088K [0x0000000795580000, 0x000000079ea80000, 0x00000007c0000000)
  eden space 66560K, 0% used [0x0000000795580000,0x0000000795580000,0x0000000799680000)
  from space 5120K, 99% used [0x0000000799680000,0x0000000799b78060,0x0000000799b80000)
  to   space 9728K, 0% used [0x000000079e100000,0x000000079e100000,0x000000079ea80000)
 ParOldGen       total 87552K, used 9363K [0x0000000740000000, 0x0000000745580000, 0x0000000795580000)
  object space 87552K, 10% used [0x0000000740000000,0x0000000740924e90,0x0000000745580000)
 Metaspace       used 20824K, capacity 21118K, committed 21248K, reserved 1067008K
  class space    used 2825K, capacity 2978K, committed 3072K, reserved 1048576K
Event: 4.085 GC heap after
Heap after GC invocations=6 (full 1):
 PSYoungGen      total 71680K, used 0K [0x0000000795580000, 0x000000079ea80000, 0x00000007c0000000)
  eden space 66560K, 0% used [0x0000000795580000,0x0000000795580000,0x0000000799680000)
  from space 5120K, 0% used [0x0000000799680000,0x0000000799680000,0x0000000799b80000)
  to   space 9728K, 0% used [0x000000079e100000,0x000000079e100000,0x000000079ea80000)
 ParOldGen       total 65536K, used 9794K [0x0000000740000000, 0x0000000744000000, 0x0000000795580000)
  object space 65536K, 14% used [0x0000000740000000,0x0000000740990a08,0x0000000744000000)
 Metaspace       used 20824K, capacity 21118K, committed 21248K, reserved 1067008K
  class space    used 2825K, capacity 2978K, committed 3072K, reserved 1048576K
}
Event: 5.456 GC heap before
{Heap before GC invocations=7 (full 1):
 PSYoungGen      total 71680K, used 66560K [0x0000000795580000, 0x000000079ea80000, 0x00000007c0000000)
  eden space 66560K, 100% used [0x0000000795580000,0x0000000799680000,0x0000000799680000)
  from space 5120K, 0% used [0x0000000799680000,0x0000000799680000,0x0000000799b80000)
  to   space 9728K, 0% used [0x000000079e100000,0x000000079e100000,0x000000079ea80000)
 ParOldGen       total 65536K, used 9794K [0x0000000740000000, 0x0000000744000000, 0x0000000795580000)
  object space 65536K, 14% used [0x0000000740000000,0x0000000740990a08,0x0000000744000000)
 Metaspace       used 25353K, capacity 25952K, committed 26240K, reserved 1071104K
  class space    used 3432K, capacity 3641K, committed 3712K, reserved 1048576K
Event: 5.465 GC heap after
Heap after GC invocations=7 (full 1):
 PSYoungGen      total 100352K, used 6070K [0x0000000795580000, 0x000000079e700000, 0x00000007c0000000)
  eden space 94208K, 0% used [0x0000000795580000,0x0000000795580000,0x000000079b180000)
  from space 6144K, 98% used [0x000000079e100000,0x000000079e6eda90,0x000000079e700000)
  to   space 9728K, 0% used [0x000000079d400000,0x000000079d400000,0x000000079dd80000)
 ParOldGen       total 65536K, used 9802K [0x0000000740000000, 0x0000000744000000, 0x0000000795580000)
  object space 65536K, 14% used [0x0000000740000000,0x0000000740992a08,0x0000000744000000)
 Metaspace       used 25353K, capacity 25952K, committed 26240K, reserved 1071104K
  class space    used 3432K, capacity 3641K, committed 3712K, reserved 1048576K
}

Deoptimization events (10 events):
Event: 4.800 Thread 0x00007f9404002800 Uncommon trap: reason=class_check action=maybe_recompile pc=0x000000011522d038 method=java.lang.ref.ReferenceQueue.reallyPoll()Ljava/lang/ref/Reference; @ 52
Event: 5.475 Thread 0x00007f9404002800 Uncommon trap: reason=class_check action=maybe_recompile pc=0x000000011522d038 method=java.lang.ref.ReferenceQueue.reallyPoll()Ljava/lang/ref/Reference; @ 52
Event: 5.475 Thread 0x00007f9404002800 Uncommon trap: reason=class_check action=maybe_recompile pc=0x000000011522d038 method=java.lang.ref.ReferenceQueue.reallyPoll()Ljava/lang/ref/Reference; @ 52
Event: 5.776 Thread 0x00007f9404002800 Uncommon trap: reason=bimorphic action=maybe_recompile pc=0x000000011507b540 method=java.util.regex.Pattern$Slice.match(Ljava/util/regex/Matcher;ILjava/lang/CharSequence;)Z @ 75
Event: 6.203 Thread 0x00007f9404002800 Uncommon trap: reason=bimorphic action=maybe_recompile pc=0x000000011507b540 method=java.util.regex.Pattern$Slice.match(Ljava/util/regex/Matcher;ILjava/lang/CharSequence;)Z @ 75
Event: 6.220 Thread 0x00007f9404002800 Uncommon trap: reason=bimorphic action=maybe_recompile pc=0x000000011507b540 method=java.util.regex.Pattern$Slice.match(Ljava/util/regex/Matcher;ILjava/lang/CharSequence;)Z @ 75
Event: 6.259 Thread 0x00007f9404002800 Uncommon trap: reason=unstable_if action=reinterpret pc=0x0000000115105d34 method=java.util.LinkedHashMap.afterNodeInsertion(Z)V @ 1
Event: 6.322 Thread 0x00007f9404002800 Uncommon trap: reason=unstable_if action=reinterpret pc=0x00000001150e21b0 method=java.util.HashMap.hash(Ljava/lang/Object;)I @ 1
Event: 6.337 Thread 0x00007f9404002800 Uncommon trap: reason=unstable_if action=reinterpret pc=0x0000000115037d68 method=java.util.HashMap.hash(Ljava/lang/Object;)I @ 1
Event: 6.633 Thread 0x00007f9404002800 Uncommon trap: reason=class_check action=maybe_recompile pc=0x00000001154621e0 method=java.lang.Throwable.<init>(Ljava/lang/String;Ljava/lang/Throwable;)V @ 24

Internal exceptions (10 events):
Event: 6.761 Thread 0x00007f9404002800 Exception <a 'java/lang/ClassNotFoundException': org/gradle/api/internal/FactoryNamedDomainObjectContainerCustomizer> (0x0000000799bc3ca8) thrown at [/HUDSON3/workspace/8-2-build-macosx-x86_64/jdk8u101/7261/hotspot/src/share/vm/classfile/systemDictionary.
Event: 6.762 Thread 0x00007f9404002800 Exception <a 'java/lang/ClassNotFoundException': org/gradle/api/internal/FactoryNamedDomainObjectContainer_DecoratedCustomizer> (0x0000000799c00ab0) thrown at [/HUDSON3/workspace/8-2-build-macosx-x86_64/jdk8u101/7261/hotspot/src/share/vm/classfile/systemD
Event: 6.781 Thread 0x00007f9404002800 Exception <a 'java/lang/ClassNotFoundException': com/android/build/gradle/internal/api/DefaultAndroidSourceSet_DecoratedBeanInfo> (0x0000000799cff5e0) thrown at [/HUDSON3/workspace/8-2-build-macosx-x86_64/jdk8u101/7261/hotspot/src/share/vm/classfile/syste
Event: 6.781 Thread 0x00007f9404002800 Exception <a 'java/lang/ClassNotFoundException': com/android/build/gradle/internal/api/DefaultAndroidSourceSetBeanInfo> (0x0000000799d0f470) thrown at [/HUDSON3/workspace/8-2-build-macosx-x86_64/jdk8u101/7261/hotspot/src/share/vm/classfile/systemDictionar
Event: 6.782 Thread 0x00007f9404002800 Exception <a 'java/lang/ClassNotFoundException': com/android/build/gradle/internal/api/DefaultAndroidSourceSetCustomizer> (0x0000000799d1f530) thrown at [/HUDSON3/workspace/8-2-build-macosx-x86_64/jdk8u101/7261/hotspot/src/share/vm/classfile/systemDiction
Event: 6.785 Thread 0x00007f9404002800 Exception <a 'java/lang/ClassNotFoundException': com/android/build/gradle/internal/api/DefaultAndroidSourceSet_DecoratedCustomizer> (0x0000000799d69398) thrown at [/HUDSON3/workspace/8-2-build-macosx-x86_64/jdk8u101/7261/hotspot/src/share/vm/classfile/sys
Event: 6.792 Thread 0x00007f9404002800 Exception <a 'java/lang/ClassNotFoundException': java/lang/StringBeanInfo> (0x0000000799ddad20) thrown at [/HUDSON3/workspace/8-2-build-macosx-x86_64/jdk8u101/7261/hotspot/src/share/vm/classfile/systemDictionary.cpp, line 210]
Event: 6.792 Thread 0x00007f9404002800 Exception <a 'java/lang/ClassNotFoundException': java/lang/StringCustomizer> (0x0000000799de1520) thrown at [/HUDSON3/workspace/8-2-build-macosx-x86_64/jdk8u101/7261/hotspot/src/share/vm/classfile/systemDictionary.cpp, line 210]
Event: 6.799 Thread 0x00007f9404002800 Exception <a 'java/lang/ClassNotFoundException': org/gradle/logging/internal/slf4j/OutputEventListenerBackedLoggerBeanInfo> (0x0000000799e6f4e0) thrown at [/HUDSON3/workspace/8-2-build-macosx-x86_64/jdk8u101/7261/hotspot/src/share/vm/classfile/systemDicti
Event: 6.800 Thread 0x00007f9404002800 Exception <a 'java/lang/ClassNotFoundException': org/gradle/logging/internal/slf4j/OutputEventListenerBackedLoggerCustomizer> (0x0000000799ea3680) thrown at [/HUDSON3/workspace/8-2-build-macosx-x86_64/jdk8u101/7261/hotspot/src/share/vm/classfile/systemDic

Events (10 events):
Event: 7.034 loading class com/android/build/gradle/tasks/SplitRelatedTask
Event: 7.034 loading class com/android/build/gradle/tasks/SplitRelatedTask done
Event: 7.035 loading class com/android/build/gradle/internal/TaskManager$_createSplitAbiTasks_closure75
Event: 7.035 loading class com/android/build/gradle/internal/TaskManager$_createSplitAbiTasks_closure75 done
Event: 7.036 loading class com/android/build/gradle/internal/TaskManager$_createSplitAbiTasks_closure76
Event: 7.036 loading class com/android/build/gradle/internal/TaskManager$_createSplitAbiTasks_closure76 done
Event: 7.037 loading class com/android/build/gradle/internal/TaskManager$_createSplitAbiTasks_closure77
Event: 7.037 loading class com/android/build/gradle/internal/TaskManager$_createSplitAbiTasks_closure77 done
Event: 7.037 loading class com/android/build/gradle/tasks/SplitZipAlign
Event: 7.037 loading class com/android/build/gradle/tasks/SplitZipAlign done


Dynamic libraries:
0x000000001e29e000 	/System/Library/Frameworks/Cocoa.framework/Versions/A/Cocoa
0x000000001e29e000 	/System/Library/Frameworks/Security.framework/Versions/A/Security
0x000000001e29e000 	/System/Library/Frameworks/ApplicationServices.framework/Versions/A/ApplicationServices
0x000000001e29e000 	/usr/lib/libz.1.dylib
0x0000000109960000 	/usr/lib/libSystem.B.dylib
0x000000001e29e000 	/usr/lib/libobjc.A.dylib
0x000000001e29e000 	/System/Library/Frameworks/CoreFoundation.framework/Versions/A/CoreFoundation
0x000000001e29e000 	/System/Library/Frameworks/Foundation.framework/Versions/C/Foundation
0x000000001e29e000 	/System/Library/Frameworks/AppKit.framework/Versions/C/AppKit
0x000000001e29e000 	/System/Library/Frameworks/CoreData.framework/Versions/A/CoreData
0x000000001e29e000 	/System/Library/PrivateFrameworks/RemoteViewServices.framework/Versions/A/RemoteViewServices
0x000000001e29e000 	/System/Library/PrivateFrameworks/UIFoundation.framework/Versions/A/UIFoundation
0x000000001e29e000 	/System/Library/PrivateFrameworks/DFRFoundation.framework/Versions/A/DFRFoundation
0x000000001e29e000 	/usr/lib/libenergytrace.dylib
0x000000001e29e000 	/System/Library/PrivateFrameworks/SkyLight.framework/Versions/A/SkyLight
0x000000001e29e000 	/System/Library/Frameworks/CoreGraphics.framework/Versions/A/CoreGraphics
0x000000001e29e000 	/usr/lib/libScreenReader.dylib
0x000000001e29e000 	/System/Library/Frameworks/Accelerate.framework/Versions/A/Accelerate
0x000000001e29e000 	/System/Library/Frameworks/IOSurface.framework/Versions/A/IOSurface
0x000000001e29e000 	/System/Library/Frameworks/AudioToolbox.framework/Versions/A/AudioToolbox
0x000000001e29e000 	/System/Library/Frameworks/AudioUnit.framework/Versions/A/AudioUnit
0x000000001e29e000 	/System/Library/PrivateFrameworks/DataDetectorsCore.framework/Versions/A/DataDetectorsCore
0x000000001e29e000 	/System/Library/PrivateFrameworks/DesktopServicesPriv.framework/Versions/A/DesktopServicesPriv
0x000000001e29e000 	/System/Library/Frameworks/Carbon.framework/Versions/A/Frameworks/HIToolbox.framework/Versions/A/HIToolbox
0x000000001e29e000 	/usr/lib/libicucore.A.dylib
0x000000001e29e000 	/System/Library/Frameworks/QuartzCore.framework/Versions/A/QuartzCore
0x000000001e29e000 	/System/Library/Frameworks/Carbon.framework/Versions/A/Frameworks/SpeechRecognition.framework/Versions/A/SpeechRecognition
0x000000001e29e000 	/usr/lib/libauto.dylib
0x000000001e29e000 	/usr/lib/libxml2.2.dylib
0x000000001e29e000 	/System/Library/PrivateFrameworks/CoreUI.framework/Versions/A/CoreUI
0x000000001e29e000 	/System/Library/Frameworks/CoreAudio.framework/Versions/A/CoreAudio
0x000000001e29e000 	/System/Library/Frameworks/DiskArbitration.framework/Versions/A/DiskArbitration
0x000000001e29e000 	/usr/lib/liblangid.dylib
0x000000001e29e000 	/System/Library/PrivateFrameworks/MultitouchSupport.framework/Versions/A/MultitouchSupport
0x000000010996e000 	/System/Library/Frameworks/IOKit.framework/Versions/A/IOKit
0x000000001e29e000 	/usr/lib/libDiagnosticMessagesClient.dylib
0x000000001e29e000 	/System/Library/Frameworks/CoreServices.framework/Versions/A/CoreServices
0x000000001e29e000 	/System/Library/PrivateFrameworks/PerformanceAnalysis.framework/Versions/A/PerformanceAnalysis
0x000000001e29e000 	/System/Library/PrivateFrameworks/GenerationalStorage.framework/Versions/A/GenerationalStorage
0x000000001e29e000 	/System/Library/Frameworks/OpenGL.framework/Versions/A/OpenGL
0x000000001e29e000 	/System/Library/Frameworks/CoreImage.framework/Versions/A/CoreImage
0x000000001e29e000 	/System/Library/Frameworks/CoreText.framework/Versions/A/CoreText
0x000000001e29e000 	/System/Library/Frameworks/ImageIO.framework/Versions/A/ImageIO
0x000000001e29e000 	/System/Library/PrivateFrameworks/Backup.framework/Versions/A/Backup
0x000000001e29e000 	/usr/lib/libarchive.2.dylib
0x0000000109a47000 	/System/Library/Frameworks/CFNetwork.framework/Versions/A/CFNetwork
0x000000001e29e000 	/System/Library/Frameworks/SystemConfiguration.framework/Versions/A/SystemConfiguration
0x000000001e29e000 	/usr/lib/libCRFSuite.dylib
0x000000001e29e000 	/usr/lib/libc++.1.dylib
0x000000001e29e000 	/usr/lib/libc++abi.dylib
0x000000001e29e000 	/usr/lib/system/libcache.dylib
0x000000001e29e000 	/usr/lib/system/libcommonCrypto.dylib
0x000000001e29e000 	/usr/lib/system/libcompiler_rt.dylib
0x000000001e29e000 	/usr/lib/system/libcopyfile.dylib
0x000000001e29e000 	/usr/lib/system/libcorecrypto.dylib
0x000000001e29e000 	/usr/lib/system/libdispatch.dylib
0x000000010a131000 	/usr/lib/system/libdyld.dylib
0x000000001e29e000 	/usr/lib/system/libkeymgr.dylib
0x000000001e29e000 	/usr/lib/system/liblaunch.dylib
0x000000001e29e000 	/usr/lib/system/libmacho.dylib
0x000000001e29e000 	/usr/lib/system/libquarantine.dylib
0x000000001e29e000 	/usr/lib/system/libremovefile.dylib
0x000000001e29e000 	/usr/lib/system/libsystem_asl.dylib
0x000000001e29e000 	/usr/lib/system/libsystem_blocks.dylib
0x000000001e29e000 	/usr/lib/system/libsystem_c.dylib
0x000000001e29e000 	/usr/lib/system/libsystem_configuration.dylib
0x000000001e29e000 	/usr/lib/system/libsystem_coreservices.dylib
0x000000010a13f000 	/usr/lib/system/libsystem_coretls.dylib
0x000000001e29e000 	/usr/lib/system/libsystem_dnssd.dylib
0x000000001e29e000 	/usr/lib/system/libsystem_info.dylib
0x000000010a166000 	/usr/lib/system/libsystem_kernel.dylib
0x000000001e29e000 	/usr/lib/system/libsystem_m.dylib
0x000000001e29e000 	/usr/lib/system/libsystem_malloc.dylib
0x000000001e29e000 	/usr/lib/system/libsystem_network.dylib
0x000000010a1a3000 	/usr/lib/system/libsystem_networkextension.dylib
0x000000001e29e000 	/usr/lib/system/libsystem_notify.dylib
0x000000001e29e000 	/usr/lib/system/libsystem_platform.dylib
0x000000001e29e000 	/usr/lib/system/libsystem_pthread.dylib
0x000000010a1bc000 	/usr/lib/system/libsystem_sandbox.dylib
0x000000001e29e000 	/usr/lib/system/libsystem_secinit.dylib
0x000000010a1ca000 	/usr/lib/system/libsystem_symptoms.dylib
0x000000010a1dc000 	/usr/lib/system/libsystem_trace.dylib
0x000000001e29e000 	/usr/lib/system/libunwind.dylib
0x000000001e29e000 	/usr/lib/system/libxpc.dylib
0x000000001e29e000 	/usr/lib/libbsm.0.dylib
0x000000010a215000 	/usr/lib/system/libkxld.dylib
0x000000001e29e000 	/usr/lib/libcoretls.dylib
0x000000001e29e000 	/usr/lib/libcoretls_cfhelpers.dylib
0x000000001e29e000 	/usr/lib/libxar.1.dylib
0x000000001e29e000 	/usr/lib/libsqlite3.dylib
0x000000001e29e000 	/usr/lib/libpam.2.dylib
0x000000001e29e000 	/usr/lib/libOpenScriptingUtil.dylib
0x000000001e29e000 	/usr/lib/libbz2.1.0.dylib
0x000000001e29e000 	/usr/lib/liblzma.5.dylib
0x000000001e29e000 	/usr/lib/libnetwork.dylib
0x000000001e29e000 	/usr/lib/libpcap.A.dylib
0x000000001e29e000 	/System/Library/Frameworks/CoreServices.framework/Versions/A/Frameworks/FSEvents.framework/Versions/A/FSEvents
0x000000001e29e000 	/System/Library/Frameworks/CoreServices.framework/Versions/A/Frameworks/CarbonCore.framework/Versions/A/CarbonCore
0x000000001e29e000 	/System/Library/Frameworks/CoreServices.framework/Versions/A/Frameworks/Metadata.framework/Versions/A/Metadata
0x000000001e29e000 	/System/Library/Frameworks/CoreServices.framework/Versions/A/Frameworks/OSServices.framework/Versions/A/OSServices
0x000000001e29e000 	/System/Library/Frameworks/CoreServices.framework/Versions/A/Frameworks/SearchKit.framework/Versions/A/SearchKit
0x000000001e29e000 	/System/Library/Frameworks/CoreServices.framework/Versions/A/Frameworks/AE.framework/Versions/A/AE
0x000000001e29e000 	/System/Library/Frameworks/CoreServices.framework/Versions/A/Frameworks/LaunchServices.framework/Versions/A/LaunchServices
0x000000001e29e000 	/System/Library/Frameworks/CoreServices.framework/Versions/A/Frameworks/DictionaryServices.framework/Versions/A/DictionaryServices
0x000000001e29e000 	/System/Library/Frameworks/CoreServices.framework/Versions/A/Frameworks/SharedFileList.framework/Versions/A/SharedFileList
0x000000001e29e000 	/System/Library/Frameworks/NetFS.framework/Versions/A/NetFS
0x000000001e29e000 	/System/Library/PrivateFrameworks/NetAuth.framework/Versions/A/NetAuth
0x000000001e29e000 	/System/Library/PrivateFrameworks/login.framework/Versions/A/Frameworks/loginsupport.framework/Versions/A/loginsupport
0x000000001e29e000 	/System/Library/PrivateFrameworks/TCC.framework/Versions/A/TCC
0x000000001e29e000 	/usr/lib/libmecabra.dylib
0x000000001e29e000 	/System/Library/Frameworks/ApplicationServices.framework/Versions/A/Frameworks/ATS.framework/Versions/A/ATS
0x000000001e29e000 	/System/Library/Frameworks/ApplicationServices.framework/Versions/A/Frameworks/ColorSync.framework/Versions/A/ColorSync
0x000000001e29e000 	/System/Library/Frameworks/ApplicationServices.framework/Versions/A/Frameworks/HIServices.framework/Versions/A/HIServices
0x000000001e29e000 	/System/Library/Frameworks/ApplicationServices.framework/Versions/A/Frameworks/LangAnalysis.framework/Versions/A/LangAnalysis
0x000000001e29e000 	/System/Library/Frameworks/ApplicationServices.framework/Versions/A/Frameworks/PrintCore.framework/Versions/A/PrintCore
0x000000001e29e000 	/System/Library/Frameworks/ApplicationServices.framework/Versions/A/Frameworks/QD.framework/Versions/A/QD
0x000000001e29e000 	/System/Library/Frameworks/ApplicationServices.framework/Versions/A/Frameworks/SpeechSynthesis.framework/Versions/A/SpeechSynthesis
0x000000001e29e000 	/System/Library/Frameworks/Accelerate.framework/Versions/A/Frameworks/vImage.framework/Versions/A/vImage
0x000000001e29e000 	/System/Library/Frameworks/Accelerate.framework/Versions/A/Frameworks/vecLib.framework/Versions/A/vecLib
0x000000001e29e000 	/System/Library/Frameworks/Accelerate.framework/Versions/A/Frameworks/vecLib.framework/Versions/A/libvDSP.dylib
0x000000001e29e000 	/System/Library/Frameworks/Accelerate.framework/Versions/A/Frameworks/vecLib.framework/Versions/A/libBNNS.dylib
0x000000001e29e000 	/System/Library/Frameworks/Accelerate.framework/Versions/A/Frameworks/vecLib.framework/Versions/A/libQuadrature.dylib
0x000000001e29e000 	/System/Library/Frameworks/Accelerate.framework/Versions/A/Frameworks/vecLib.framework/Versions/A/libvMisc.dylib
0x000000001e29e000 	/System/Library/Frameworks/Accelerate.framework/Versions/A/Frameworks/vecLib.framework/Versions/A/libLAPACK.dylib
0x000000001e29e000 	/System/Library/Frameworks/Accelerate.framework/Versions/A/Frameworks/vecLib.framework/Versions/A/libBLAS.dylib
0x000000001e29e000 	/System/Library/Frameworks/Accelerate.framework/Versions/A/Frameworks/vecLib.framework/Versions/A/libLinearAlgebra.dylib
0x000000001e29e000 	/System/Library/Frameworks/Accelerate.framework/Versions/A/Frameworks/vecLib.framework/Versions/A/libSparseBLAS.dylib
0x000000001e29e000 	/System/Library/Frameworks/ApplicationServices.framework/Versions/A/Frameworks/ATS.framework/Versions/A/Resources/libFontParser.dylib
0x000000001e29e000 	/System/Library/Frameworks/ApplicationServices.framework/Versions/A/Frameworks/ATS.framework/Versions/A/Resources/libFontRegistry.dylib
0x000000001e29e000 	/System/Library/Frameworks/ImageIO.framework/Versions/A/Resources/libJPEG.dylib
0x000000001e29e000 	/System/Library/Frameworks/ImageIO.framework/Versions/A/Resources/libTIFF.dylib
0x000000001e29e000 	/System/Library/Frameworks/ImageIO.framework/Versions/A/Resources/libPng.dylib
0x000000001e29e000 	/System/Library/Frameworks/ImageIO.framework/Versions/A/Resources/libGIF.dylib
0x000000001e29e000 	/System/Library/Frameworks/ImageIO.framework/Versions/A/Resources/libJP2.dylib
0x000000001e29e000 	/System/Library/Frameworks/ImageIO.framework/Versions/A/Resources/libRadiance.dylib
0x000000001e29e000 	/usr/lib/libcompression.dylib
0x000000001e29e000 	/System/Library/PrivateFrameworks/AppleJPEG.framework/Versions/A/AppleJPEG
0x000000001e29e000 	/usr/lib/libcups.2.dylib
0x000000001e29e000 	/System/Library/Frameworks/Kerberos.framework/Versions/A/Kerberos
0x000000001e29e000 	/System/Library/Frameworks/GSS.framework/Versions/A/GSS
0x000000001e29e000 	/usr/lib/libresolv.9.dylib
0x000000001e29e000 	/usr/lib/libiconv.2.dylib
0x000000001e29e000 	/System/Library/PrivateFrameworks/Heimdal.framework/Versions/A/Heimdal
0x000000001e29e000 	/usr/lib/libheimdal-asn1.dylib
0x000000001e29e000 	/System/Library/Frameworks/OpenDirectory.framework/Versions/A/OpenDirectory
0x000000001e29e000 	/System/Library/PrivateFrameworks/CommonAuth.framework/Versions/A/CommonAuth
0x000000001e29e000 	/System/Library/Frameworks/OpenDirectory.framework/Versions/A/Frameworks/CFOpenDirectory.framework/Versions/A/CFOpenDirectory
0x000000001e29e000 	/System/Library/Frameworks/SecurityFoundation.framework/Versions/A/SecurityFoundation
0x000000001e29e000 	/System/Library/PrivateFrameworks/LanguageModeling.framework/Versions/A/LanguageModeling
0x000000001e29e000 	/usr/lib/libmarisa.dylib
0x000000001e29e000 	/usr/lib/libChineseTokenizer.dylib
0x000000001e29e000 	/usr/lib/libcmph.dylib
0x000000001e29e000 	/System/Library/PrivateFrameworks/CoreEmoji.framework/Versions/A/CoreEmoji
0x000000001e29e000 	/System/Library/Frameworks/ServiceManagement.framework/Versions/A/ServiceManagement
0x000000001e29e000 	/usr/lib/libxslt.1.dylib
0x000000001e29e000 	/System/Library/Frameworks/Carbon.framework/Versions/A/Frameworks/Ink.framework/Versions/A/Ink
0x000000001e29e000 	/System/Library/PrivateFrameworks/TextureIO.framework/Versions/A/TextureIO
0x000000001e29e000 	/System/Library/Frameworks/Metal.framework/Versions/A/Metal
0x000000001e29e000 	/usr/lib/libate.dylib
0x000000001e29e000 	/System/Library/PrivateFrameworks/GPUCompiler.framework/libmetal_timestamp.dylib
0x000000001e29e000 	/System/Library/Frameworks/OpenGL.framework/Versions/A/Libraries/libCoreFSCache.dylib
0x000000001e29e000 	/System/Library/PrivateFrameworks/IOAccelerator.framework/Versions/A/IOAccelerator
0x000000001e29e000 	/System/Library/Frameworks/CoreVideo.framework/Versions/A/CoreVideo
0x000000001e29e000 	/usr/lib/libFosl_dynamic.dylib
0x000000001e29e000 	/System/Library/PrivateFrameworks/MetalPerformanceShaders.framework/Versions/A/MetalPerformanceShaders
0x000000001e29e000 	/System/Library/PrivateFrameworks/FaceCore.framework/Versions/A/FaceCore
0x000000001e29e000 	/System/Library/Frameworks/OpenCL.framework/Versions/A/OpenCL
0x000000001e29e000 	/System/Library/Frameworks/OpenGL.framework/Versions/A/Libraries/libGLU.dylib
0x000000001e29e000 	/System/Library/Frameworks/OpenGL.framework/Versions/A/Libraries/libGFXShared.dylib
0x000000001e29e000 	/System/Library/Frameworks/OpenGL.framework/Versions/A/Libraries/libGL.dylib
0x000000001e29e000 	/System/Library/Frameworks/OpenGL.framework/Versions/A/Libraries/libGLImage.dylib
0x000000001e29e000 	/System/Library/Frameworks/OpenGL.framework/Versions/A/Libraries/libCVMSPluginSupport.dylib
0x000000001e29e000 	/System/Library/Frameworks/OpenGL.framework/Versions/A/Libraries/libCoreVMClient.dylib
0x000000001e29e000 	/System/Library/PrivateFrameworks/CrashReporterSupport.framework/Versions/A/CrashReporterSupport
0x000000001e29e000 	/System/Library/PrivateFrameworks/Sharing.framework/Versions/A/Sharing
0x000000001e29e000 	/System/Library/PrivateFrameworks/IconServices.framework/Versions/A/IconServices
0x000000001e29e000 	/System/Library/PrivateFrameworks/ProtocolBuffer.framework/Versions/A/ProtocolBuffer
0x000000001e29e000 	/System/Library/PrivateFrameworks/Apple80211.framework/Versions/A/Apple80211
0x000000001e29e000 	/System/Library/Frameworks/CoreWLAN.framework/Versions/A/CoreWLAN
0x000000001e29e000 	/System/Library/PrivateFrameworks/CoreUtils.framework/Versions/A/CoreUtils
0x000000001e29e000 	/System/Library/Frameworks/IOBluetooth.framework/Versions/A/IOBluetooth
0x000000001e29e000 	/System/Library/PrivateFrameworks/CoreWiFi.framework/Versions/A/CoreWiFi
0x000000001e29e000 	/System/Library/Frameworks/CoreBluetooth.framework/Versions/A/CoreBluetooth
0x000000001e29e000 	/System/Library/Frameworks/CoreDisplay.framework/Versions/A/CoreDisplay
0x000000001e29e000 	/System/Library/PrivateFrameworks/IOPresentment.framework/Versions/A/IOPresentment
0x000000001e29e000 	/System/Library/PrivateFrameworks/DebugSymbols.framework/Versions/A/DebugSymbols
0x000000001e29e000 	/System/Library/PrivateFrameworks/CoreSymbolication.framework/Versions/A/CoreSymbolication
0x000000001e29e000 	/System/Library/PrivateFrameworks/Symbolication.framework/Versions/A/Symbolication
0x000000001e29e000 	/System/Library/PrivateFrameworks/AppleFSCompression.framework/Versions/A/AppleFSCompression
0x000000001e29e000 	/System/Library/PrivateFrameworks/SpeechRecognitionCore.framework/Versions/A/SpeechRecognitionCore
0x000000001e29e000 	/System/Library/PrivateFrameworks/ChunkingLibrary.framework/Versions/A/ChunkingLibrary
0x000000010ac00000 	/Library/Java/JavaVirtualMachines/jdk1.8.0_101.jdk/Contents/Home/jre/lib/server/libjvm.dylib
0x000000001e29e000 	/usr/lib/libstdc++.6.dylib
0x000000010a283000 	/Library/Java/JavaVirtualMachines/jdk1.8.0_101.jdk/Contents/Home/jre/lib/libverify.dylib
0x000000010a291000 	/Library/Java/JavaVirtualMachines/jdk1.8.0_101.jdk/Contents/Home/jre/lib/libjava.dylib
0x000000010a2ce000 	/Library/Java/JavaVirtualMachines/jdk1.8.0_101.jdk/Contents/Home/jre/lib/libzip.dylib
0x00000001123df000 	/System/Library/Frameworks/JavaVM.framework/Frameworks/JavaRuntimeSupport.framework/JavaRuntimeSupport
0x00000001123f9000 	/System/Library/Frameworks/JavaVM.framework/Versions/A/Frameworks/JavaNativeFoundation.framework/Versions/A/JavaNativeFoundation
0x000000011240e000 	/System/Library/Frameworks/JavaVM.framework/Versions/A/JavaVM
0x000000001e29e000 	/System/Library/Frameworks/Carbon.framework/Versions/A/Carbon
0x000000011241b000 	/System/Library/PrivateFrameworks/JavaLaunching.framework/Versions/A/JavaLaunching
0x000000001e29e000 	/System/Library/Frameworks/Carbon.framework/Versions/A/Frameworks/CommonPanels.framework/Versions/A/CommonPanels
0x000000001e29e000 	/System/Library/Frameworks/Carbon.framework/Versions/A/Frameworks/Help.framework/Versions/A/Help
0x000000001e29e000 	/System/Library/Frameworks/Carbon.framework/Versions/A/Frameworks/ImageCapture.framework/Versions/A/ImageCapture
0x000000001e29e000 	/System/Library/Frameworks/Carbon.framework/Versions/A/Frameworks/OpenScripting.framework/Versions/A/OpenScripting
0x000000001e29e000 	/System/Library/Frameworks/Carbon.framework/Versions/A/Frameworks/Print.framework/Versions/A/Print
0x000000001e29e000 	/System/Library/Frameworks/Carbon.framework/Versions/A/Frameworks/SecurityHI.framework/Versions/A/SecurityHI
0x0000000113d50000 	/Library/Java/JavaVirtualMachines/jdk1.8.0_101.jdk/Contents/Home/jre/lib/libnet.dylib
0x0000000113daf000 	/Library/Java/JavaVirtualMachines/jdk1.8.0_101.jdk/Contents/Home/jre/lib/libnio.dylib
0x00000001141af000 	/Users/elchroy/.gradle/native/19/osx-amd64/libnative-platform.dylib
0x00000001141b4000 	/Users/elchroy/.gradle/native/19/osx-amd64/libnative-platform-curses.dylib
0x000000001e29e000 	/usr/lib/libncurses.5.4.dylib
0x00000001141b8000 	/private/var/folders/3j/p0_wzk9d1ns47ybk3ng5x3w80000gn/T/jna4242642550949875789.tmp
0x00000001141cd000 	/Library/Java/JavaVirtualMachines/jdk1.8.0_101.jdk/Contents/Home/jre/lib/libmanagement.dylib

VM Arguments:
jvm_args: -Dorg.gradle.appname=gradlew 
java_command: org.gradle.wrapper.GradleWrapperMain installDebug
java_class_path (initial): /Users/elchroy/Roy/Code/rubyment/roymobile/android/gradle/wrapper/gradle-wrapper.jar
Launcher Type: SUN_STANDARD

Environment Variables:
PATH=/usr/local/opt/nvm/versions/node/v6.3.0/lib/node_modules/npm/bin/node-gyp-bin:/Users/elchroy/Roy/Code/rubyment/roymobile/node_modules/.bin:/usr/local/opt/nvm/versions/node/v6.3.0/bin:/Users/elchroy/.rvm/gems/ruby-2.3.0/bin:/Users/elchroy/.rvm/gems/ruby-2.3.0@global/bin:/Users/elchroy/.rvm/rubies/ruby-2.3.0/bin:/usr/local/opt/nvm/versions/node/v6.3.0/bin:/usr/local/mysql/bin:/usr/local/share/python:/usr/local/bin:/usr/bin:/bin:/usr/sbin:/sbin:/Users/elchroy/golang/src/github.com/andela/bin:/usr/local/opt/go/libexec/bin:/Users/elchroy/.rvm/bin:/Users/elchroy/Library/Android/sdk/tools:/Users/elchroy/Library/Android/sdk/platform-tools
SHELL=/bin/zsh

Signal Handlers:
SIGSEGV: [libjvm.dylib+0x5af145], sa_mask[0]=11111111011111110111111111111111, sa_flags=SA_ONSTACK|SA_RESTART|SA_SIGINFO
SIGBUS: [libjvm.dylib+0x5af145], sa_mask[0]=11111111011111110111111111111111, sa_flags=SA_RESTART|SA_SIGINFO
SIGFPE: [libjvm.dylib+0x48694c], sa_mask[0]=11111111011111110111111111111111, sa_flags=SA_RESTART|SA_SIGINFO
SIGPIPE: [libjvm.dylib+0x48694c], sa_mask[0]=11111111011111110111111111111111, sa_flags=SA_RESTART|SA_SIGINFO
SIGXFSZ: [libjvm.dylib+0x48694c], sa_mask[0]=11111111011111110111111111111111, sa_flags=SA_RESTART|SA_SIGINFO
SIGILL: [libjvm.dylib+0x48694c], sa_mask[0]=11111111011111110111111111111111, sa_flags=SA_RESTART|SA_SIGINFO
SIGUSR1: SIG_DFL, sa_mask[0]=11111111011111110111111111111111, sa_flags=none
SIGUSR2: [libjvm.dylib+0x48646a], sa_mask[0]=00000000000000000000000000000000, sa_flags=SA_RESTART|SA_SIGINFO
SIGHUP: [libjvm.dylib+0x484a41], sa_mask[0]=11111111011111110111111111111111, sa_flags=SA_RESTART|SA_SIGINFO
SIGINT: [libjvm.dylib+0x484a41], sa_mask[0]=11111111011111110111111111111111, sa_flags=SA_RESTART|SA_SIGINFO
SIGTERM: [libjvm.dylib+0x484a41], sa_mask[0]=11111111011111110111111111111111, sa_flags=SA_RESTART|SA_SIGINFO
SIGQUIT: [libjvm.dylib+0x484a41], sa_mask[0]=11111111011111110111111111111111, sa_flags=SA_RESTART|SA_SIGINFO


---------------  S Y S T E M  ---------------

OS:Bsduname:Darwin 16.4.0 Darwin Kernel Version 16.4.0: Thu Dec 22 22:53:21 PST 2016; root:xnu-3789.41.3~3/RELEASE_X86_64 x86_64
rlimit: STACK 8192k, CORE 0k, NPROC 709, NOFILE 10240, AS infinity
load average:5.86 5.82 7.05

CPU:total 4 (2 cores per cpu, 2 threads per core) family 6 model 61 stepping 4, cmov, cx8, fxsr, mmx, sse, sse2, sse3, ssse3, sse4.1, sse4.2, popcnt, avx, avx2, aes, clmul, erms, 3dnowpref, lzcnt, ht, tsc, tscinvbit, bmi1, bmi2, adx

Memory: 4k page, physical 8388608k(353688k free)

/proc/meminfo:


vm_info: Java HotSpot(TM) 64-Bit Server VM (25.101-b13) for bsd-amd64 JRE (1.8.0_101-b13), built on Jun 22 2016 02:42:15 by "java_re" with gcc 4.2.1 (Based on Apple Inc. build 5658) (LLVM build 2336.11.00)

time: Fri Feb 10 12:36:09 2017
elapsed time: 7 seconds (0d 0h 0m 7s)

