#
# A fatal error has been detected by the Java Runtime Environment:
#
#  SIGSEGV (0xb) at pc=0x000000010b686498, pid=55337, tid=0x0000000000000307
#
# JRE version: Java(TM) SE Runtime Environment (8.0_101-b13) (build 1.8.0_101-b13)
# Java VM: Java HotSpot(TM) 64-Bit Server VM (25.101-b13 mixed mode bsd-amd64 compressed oops)
# Problematic frame:
# V  [libjvm.dylib+0x486498]
#
# Failed to write core dump. Core dumps have been disabled. To enable core dumping, try "ulimit -c unlimited" before starting Java again
#
# If you would like to submit a bug report, please visit:
#   http://bugreport.java.com/bugreport/crash.jsp
#

---------------  T H R E A D  ---------------

Current thread is native thread

siginfo: si_signo: 11 (SIGSEGV), si_code: 1 (SEGV_MAPERR), si_addr: 0x0000000000000128

Registers:
RAX=0x0000000000000000, RBX=0x00007fff55c5f810, RCX=0x00007fffa9547408, RDX=0x00007fff55c5f810
RSP=0x00007fff55c5f340, RBP=0x00007fff55c5f370, RSI=0x00007fff55c5f7a8, RDI=0x0000000000000103
R8 =0x00007fff55c5f810, R9 =0x00000000ffffffff, R10=0x0000000000000c00, R11=0x0000000000000206
R12=0x0000000000000c00, R13=0x0000000000000000, R14=0x00007fff55c5f7a8, R15=0x0000000000000002
RIP=0x000000010b686498, EFLAGS=0x0000000000010202, ERR=0x0000000000000004
  TRAPNO=0x000000000000000e

Top of Stack: (sp=0x00007fff55c5f340)
0x00007fff55c5f340:   0000000000000000 00007fff55c5f810
0x00007fff55c5f350:   0000000000000c00 0000000000000000
0x00007fff55c5f360:   00007fff55c5fa40 0000000000000d03
0x00007fff55c5f370:   00007fff55c5f380 00007fffa0907bba
0x00007fff55c5f380:   00007fff55c5f910 0000000000015c00
0x00007fff55c5f390:   00015d00a5f9b958 00007fffa93dd2d0
0x00007fff55c5f3a0:   0100001f00000085 00007fff8b1a3680
0x00007fff55c5f3b0:   0000000010004005 00000000ffffffff
0x00007fff55c5f3c0:   00007fff55c5f8c8 0000000000000000
0x00007fff55c5f3d0:   00007fff55c5fa40 0000000007000806
0x00007fff55c5f3e0:   00007fff55c5f910 00007fff55c5f8c8
0x00007fff55c5f3f0:   0000000000000d03 00000000ffffffff
0x00007fff55c5f400:   0000000000000c00 0000000000000206
0x00007fff55c5f410:   0000000000000c00 0000000000000000
0x00007fff55c5f420:   00007fff55c5fa40 0000000000000d03
0x00007fff55c5f430:   000000010a7dd38a 0000000000000206
0x00007fff55c5f440:   0000000000000007 0000000000000000
0x00007fff55c5f450:   0000000000000000 0000000000000000
0x00007fff55c5f460:   000000000000037f 0000000000000000
0x00007fff55c5f470:   0000000000000000 0000ffff00001fa0
0x00007fff55c5f480:   0000000000000000 000000000000ffff
0x00007fff55c5f490:   0000000000000100 000000000000ffff
0x00007fff55c5f4a0:   0000000000000000 0000000000000000
0x00007fff55c5f4b0:   0000000000000000 0000000000000000
0x00007fff55c5f4c0:   87bc000000000000 000000000000c00b
0x00007fff55c5f4d0:   0000000000000000 0000000000000000
0x00007fff55c5f4e0:   8000000000000000 0000000000004007
0x00007fff55c5f4f0:   c060000000000000 000000000000400a
0x00007fff55c5f500:   41be48a0268ec3eb 0000000000000000
0x00007fff55c5f510:   3fe1d87d6f976790 0000000000000000
0x00007fff55c5f520:   c3de3f7c778ab6dd 439c083887549235
0x00007fff55c5f530:   0000000000000000 0000000000000000 

Instructions: (pc=0x000000010b686498)
0x000000010b686478:   83 ec 08 48 89 d3 49 89 f6 e8 00 26 14 00 44 8b
0x000000010b686488:   38 48 8d 05 20 cd 3a 00 48 63 38 e8 ca 28 14 00
0x000000010b686498:   4c 8b a0 28 01 00 00 41 83 7c 24 34 01 0f 85 e2
0x000000010b6864a8:   00 00 00 49 89 5c 24 40 4d 89 74 24 38 49 8d 5c 

Register to memory mapping:

RAX=0x0000000000000000 is an unknown value
RBX=0x00007fff55c5f810 is an unknown value
RCX=0x00007fffa9547408: _thread+0x48 in /usr/lib/system/libsystem_pthread.dylib at 0x00007fffa090e000
RDX=0x00007fff55c5f810 is an unknown value
RSP=0x00007fff55c5f340 is an unknown value
RBP=0x00007fff55c5f370 is an unknown value
RSI=0x00007fff55c5f7a8 is an unknown value
RDI=0x0000000000000103 is an unknown value
R8 =0x00007fff55c5f810 is an unknown value
R9 =0x00000000ffffffff is an unknown value
R10=0x0000000000000c00 is an unknown value
R11=0x0000000000000206 is an unknown value
R12=0x0000000000000c00 is an unknown value
R13=0x0000000000000000 is an unknown value
R14=0x00007fff55c5f7a8 is an unknown value
R15=0x0000000000000002 is an unknown value


Stack: [0x00007fff55464000,0x00007fff55c64000],  sp=0x00007fff55c5f340,  free space=8172k
Native frames: (J=compiled Java code, j=interpreted, Vv=VM code, C=native code)
V  [libjvm.dylib+0x486498]
C  [libsystem_platform.dylib+0x2bba]  _sigtramp+0x1a
C  0x0000000000015c00
C  [CoreFoundation+0x88c94]  __CFRunLoopServiceMachPort+0xd4
C  [CoreFoundation+0x88121]  __CFRunLoopRun+0x551
C  [CoreFoundation+0x87974]  CFRunLoopRunSpecific+0x1a4
C  [java+0x6465]  CreateExecutionEnvironment+0x367
C  [java+0x218c]  JLI_Launch+0x7a0
C  [java+0x84c2]  main+0x65
C  [java+0x19e4]  start+0x34


---------------  P R O C E S S  ---------------

VM state:not at safepoint (normal execution)

VM Mutex/Monitor currently owned by a thread: None

Heap:
 PSYoungGen      total 212480K, used 123685K [0x0000000795580000, 0x00000007a3b80000, 0x00000007c0000000)
  eden space 197120K, 62% used [0x0000000795580000,0x000000079ce49560,0x00000007a1600000)
  from space 15360K, 0% used [0x00000007a2780000,0x00000007a2780000,0x00000007a3680000)
  to   space 17920K, 0% used [0x00000007a1600000,0x00000007a1600000,0x00000007a2780000)
 ParOldGen       total 111616K, used 27322K [0x0000000740000000, 0x0000000746d00000, 0x0000000795580000)
  object space 111616K, 24% used [0x0000000740000000,0x0000000741aaea98,0x0000000746d00000)
 Metaspace       used 36569K, capacity 37610K, committed 37848K, reserved 1081344K
  class space    used 5098K, capacity 5509K, committed 5632K, reserved 1048576K

Card table byte_map: [0x000000010c55d000,0x000000010c95e000] byte_map_base: 0x0000000108b5d000

Marking Bits: (ParMarkBitMap*) 0x000000010baedd20
 Begin Bits: [0x000000010cc09000, 0x000000010ec09000)
 End Bits:   [0x000000010ec09000, 0x0000000110c09000)

Polling page: 0x0000000109fc4000

CodeCache: size=245760Kb used=12494Kb max_used=12494Kb free=233265Kb
 bounds [0x0000000115078000, 0x0000000115cc8000, 0x0000000124078000]
 total_blobs=4252 nmethods=3600 adapters=563
 compilation: enabled

Compilation events (10 events):
Event: 8.936 Thread 0x00007fe45781e800 3602       4       java.util.regex.Pattern$GroupTail::match (111 bytes)
Event: 8.939 Thread 0x00007fe45781e800 nmethod 3602 0x0000000115ca8390 code [0x0000000115ca8500, 0x0000000115ca8778]
Event: 8.939 Thread 0x00007fe45781e800 3547       4       java.util.regex.Matcher::<init> (84 bytes)
Event: 8.945 Thread 0x00007fe45781e800 nmethod 3547 0x0000000115ca7bd0 code [0x0000000115ca7d40, 0x0000000115ca8138]
Event: 8.945 Thread 0x00007fe45781e800 3616       4       java.util.regex.Pattern$CharProperty::match (56 bytes)
Event: 8.947 Thread 0x00007fe45781e800 nmethod 3616 0x0000000115ca7510 code [0x0000000115ca7680, 0x0000000115ca78b8]
Event: 8.948 Thread 0x00007fe45781e800 3620       4       java.util.HashMap::<init> (98 bytes)
Event: 8.950 Thread 0x00007fe45781e800 nmethod 3620 0x0000000115cabfd0 code [0x0000000115cac120, 0x0000000115cac2d8]
Event: 8.953 Thread 0x00007fe45781e800 3628 %     4       org.codehaus.groovy.runtime.metaclass.MetaMethodIndex::copyMethodsToSuper @ 10 (82 bytes)
Event: 8.962 Thread 0x00007fe45781e800 nmethod 3628% 0x0000000115cab6d0 code [0x0000000115cab840, 0x0000000115cabd38]

GC Heap History (10 events):
Event: 3.368 GC heap before
{Heap before GC invocations=4 (full 0):
 PSYoungGen      total 71680K, used 25075K [0x0000000795580000, 0x000000079e180000, 0x00000007c0000000)
  eden space 66560K, 30% used [0x0000000795580000,0x0000000796900c78,0x0000000799680000)
  from space 5120K, 99% used [0x0000000799680000,0x0000000799b7c010,0x0000000799b80000)
  to   space 5120K, 0% used [0x000000079dc80000,0x000000079dc80000,0x000000079e180000)
 ParOldGen       total 87552K, used 7248K [0x0000000740000000, 0x0000000745580000, 0x0000000795580000)
  object space 87552K, 8% used [0x0000000740000000,0x00000007407142b0,0x0000000745580000)
 Metaspace       used 20790K, capacity 21118K, committed 21248K, reserved 1067008K
  class space    used 2826K, capacity 2978K, committed 3072K, reserved 1048576K
Event: 3.386 GC heap after
Heap after GC invocations=4 (full 0):
 PSYoungGen      total 138240K, used 5104K [0x0000000795580000, 0x000000079e180000, 0x00000007c0000000)
  eden space 133120K, 0% used [0x0000000795580000,0x0000000795580000,0x000000079d780000)
  from space 5120K, 99% used [0x000000079dc80000,0x000000079e17c030,0x000000079e180000)
  to   space 5120K, 0% used [0x000000079d780000,0x000000079d780000,0x000000079dc80000)
 ParOldGen       total 87552K, used 9412K [0x0000000740000000, 0x0000000745580000, 0x0000000795580000)
  object space 87552K, 10% used [0x0000000740000000,0x0000000740931270,0x0000000745580000)
 Metaspace       used 20790K, capacity 21118K, committed 21248K, reserved 1067008K
  class space    used 2826K, capacity 2978K, committed 3072K, reserved 1048576K
}
Event: 3.386 GC heap before
{Heap before GC invocations=5 (full 1):
 PSYoungGen      total 138240K, used 5104K [0x0000000795580000, 0x000000079e180000, 0x00000007c0000000)
  eden space 133120K, 0% used [0x0000000795580000,0x0000000795580000,0x000000079d780000)
  from space 5120K, 99% used [0x000000079dc80000,0x000000079e17c030,0x000000079e180000)
  to   space 5120K, 0% used [0x000000079d780000,0x000000079d780000,0x000000079dc80000)
 ParOldGen       total 87552K, used 9412K [0x0000000740000000, 0x0000000745580000, 0x0000000795580000)
  object space 87552K, 10% used [0x0000000740000000,0x0000000740931270,0x0000000745580000)
 Metaspace       used 20790K, capacity 21118K, committed 21248K, reserved 1067008K
  class space    used 2826K, capacity 2978K, committed 3072K, reserved 1048576K
Event: 3.452 GC heap after
Heap after GC invocations=5 (full 1):
 PSYoungGen      total 138240K, used 0K [0x0000000795580000, 0x000000079e180000, 0x00000007c0000000)
  eden space 133120K, 0% used [0x0000000795580000,0x0000000795580000,0x000000079d780000)
  from space 5120K, 0% used [0x000000079dc80000,0x000000079dc80000,0x000000079e180000)
  to   space 5120K, 0% used [0x000000079d780000,0x000000079d780000,0x000000079dc80000)
 ParOldGen       total 63488K, used 8888K [0x0000000740000000, 0x0000000743e00000, 0x0000000795580000)
  object space 63488K, 14% used [0x0000000740000000,0x00000007408ae3e0,0x0000000743e00000)
 Metaspace       used 20790K, capacity 21118K, committed 21248K, reserved 1067008K
  class space    used 2826K, capacity 2978K, committed 3072K, reserved 1048576K
}
Event: 6.032 GC heap before
{Heap before GC invocations=6 (full 1):
 PSYoungGen      total 138240K, used 133120K [0x0000000795580000, 0x000000079e180000, 0x00000007c0000000)
  eden space 133120K, 100% used [0x0000000795580000,0x000000079d780000,0x000000079d780000)
  from space 5120K, 0% used [0x000000079dc80000,0x000000079dc80000,0x000000079e180000)
  to   space 5120K, 0% used [0x000000079d780000,0x000000079d780000,0x000000079dc80000)
 ParOldGen       total 63488K, used 8888K [0x0000000740000000, 0x0000000743e00000, 0x0000000795580000)
  object space 63488K, 14% used [0x0000000740000000,0x00000007408ae3e0,0x0000000743e00000)
 Metaspace       used 29580K, capacity 30386K, committed 30464K, reserved 1075200K
  class space    used 4058K, capacity 4349K, committed 4352K, reserved 1048576K
Event: 6.052 GC heap after
Heap after GC invocations=6 (full 1):
 PSYoungGen      total 138240K, used 5104K [0x0000000795580000, 0x00000007a3680000, 0x00000007c0000000)
  eden space 133120K, 0% used [0x0000000795580000,0x0000000795580000,0x000000079d780000)
  from space 5120K, 99% used [0x000000079d780000,0x000000079dc7c010,0x000000079dc80000)
  to   space 15360K, 0% used [0x00000007a2780000,0x00000007a2780000,0x00000007a3680000)
 ParOldGen       total 63488K, used 18520K [0x0000000740000000, 0x0000000743e00000, 0x0000000795580000)
  object space 63488K, 29% used [0x0000000740000000,0x0000000741216208,0x0000000743e00000)
 Metaspace       used 29580K, capacity 30386K, committed 30464K, reserved 1075200K
  class space    used 4058K, capacity 4349K, committed 4352K, reserved 1048576K
}
Event: 7.403 GC heap before
{Heap before GC invocations=7 (full 1):
 PSYoungGen      total 138240K, used 84214K [0x0000000795580000, 0x00000007a3680000, 0x00000007c0000000)
  eden space 133120K, 59% used [0x0000000795580000,0x000000079a2c1bb0,0x000000079d780000)
  from space 5120K, 99% used [0x000000079d780000,0x000000079dc7c010,0x000000079dc80000)
  to   space 15360K, 0% used [0x00000007a2780000,0x00000007a2780000,0x00000007a3680000)
 ParOldGen       total 63488K, used 18520K [0x0000000740000000, 0x0000000743e00000, 0x0000000795580000)
  object space 63488K, 29% used [0x0000000740000000,0x0000000741216208,0x0000000743e00000)
 Metaspace       used 34369K, capacity 35304K, committed 35416K, reserved 1079296K
  class space    used 4787K, capacity 5198K, committed 5248K, reserved 1048576K
Event: 7.429 GC heap after
Heap after GC invocations=7 (full 1):
 PSYoungGen      total 212480K, used 15334K [0x0000000795580000, 0x00000007a3b80000, 0x00000007c0000000)
  eden space 197120K, 0% used [0x0000000795580000,0x0000000795580000,0x00000007a1600000)
  from space 15360K, 99% used [0x00000007a2780000,0x00000007a36799b8,0x00000007a3680000)
  to   space 17920K, 0% used [0x00000007a1600000,0x00000007a1600000,0x00000007a2780000)
 ParOldGen       total 63488K, used 18669K [0x0000000740000000, 0x0000000743e00000, 0x0000000795580000)
  object space 63488K, 29% used [0x0000000740000000,0x000000074123b768,0x0000000743e00000)
 Metaspace       used 34369K, capacity 35304K, committed 35416K, reserved 1079296K
  class space    used 4787K, capacity 5198K, committed 5248K, reserved 1048576K
}
Event: 7.429 GC heap before
{Heap before GC invocations=8 (full 2):
 PSYoungGen      total 212480K, used 15334K [0x0000000795580000, 0x00000007a3b80000, 0x00000007c0000000)
  eden space 197120K, 0% used [0x0000000795580000,0x0000000795580000,0x00000007a1600000)
  from space 15360K, 99% used [0x00000007a2780000,0x00000007a36799b8,0x00000007a3680000)
  to   space 17920K, 0% used [0x00000007a1600000,0x00000007a1600000,0x00000007a2780000)
 ParOldGen       total 63488K, used 18669K [0x0000000740000000, 0x0000000743e00000, 0x0000000795580000)
  object space 63488K, 29% used [0x0000000740000000,0x000000074123b768,0x0000000743e00000)
 Metaspace       used 34369K, capacity 35304K, committed 35416K, reserved 1079296K
  class space    used 4787K, capacity 5198K, committed 5248K, reserved 1048576K
Event: 7.522 GC heap after
Heap after GC invocations=8 (full 2):
 PSYoungGen      total 212480K, used 0K [0x0000000795580000, 0x00000007a3b80000, 0x00000007c0000000)
  eden space 197120K, 0% used [0x0000000795580000,0x0000000795580000,0x00000007a1600000)
  from space 15360K, 0% used [0x00000007a2780000,0x00000007a2780000,0x00000007a3680000)
  to   space 17920K, 0% used [0x00000007a1600000,0x00000007a1600000,0x00000007a2780000)
 ParOldGen       total 111616K, used 27322K [0x0000000740000000, 0x0000000746d00000, 0x0000000795580000)
  object space 111616K, 24% used [0x0000000740000000,0x0000000741aaea98,0x0000000746d00000)
 Metaspace       used 34369K, capacity 35304K, committed 35416K, reserved 1079296K
  class space    used 4787K, capacity 5198K, committed 5248K, reserved 1048576K
}

Deoptimization events (10 events):
Event: 7.227 Thread 0x00007fe457802800 Uncommon trap: reason=unstable_if action=reinterpret pc=0x00000001158f7b10 method=groovy.lang.MetaClassImpl.checkIfStdMethod(Lgroovy/lang/MetaMethod;)V @ 168
Event: 7.616 Thread 0x00007fe457802800 Uncommon trap: reason=predicate action=maybe_recompile pc=0x0000000115a7986c method=java.util.AbstractCollection.toArray([Ljava/lang/Object;)[Ljava/lang/Object; @ 49
Event: 7.628 Thread 0x00007fe457802800 Uncommon trap: reason=array_check action=maybe_recompile pc=0x0000000115a8b1c8 method=java.util.AbstractCollection.toArray([Ljava/lang/Object;)[Ljava/lang/Object; @ 119
Event: 7.628 Thread 0x00007fe457802800 Uncommon trap: reason=array_check action=maybe_recompile pc=0x0000000115a8b1c8 method=java.util.AbstractCollection.toArray([Ljava/lang/Object;)[Ljava/lang/Object; @ 119
Event: 7.628 Thread 0x00007fe457802800 Uncommon trap: reason=array_check action=maybe_recompile pc=0x0000000115a8b1c8 method=java.util.AbstractCollection.toArray([Ljava/lang/Object;)[Ljava/lang/Object; @ 119
Event: 7.628 Thread 0x00007fe457802800 Uncommon trap: reason=array_check action=maybe_recompile pc=0x0000000115a8b1c8 method=java.util.AbstractCollection.toArray([Ljava/lang/Object;)[Ljava/lang/Object; @ 119
Event: 7.722 Thread 0x00007fe457802800 Uncommon trap: reason=unstable_if action=reinterpret pc=0x0000000115a05268 method=java.lang.Integer.valueOf(I)Ljava/lang/Integer; @ 3
Event: 8.714 Thread 0x00007fe457802800 Uncommon trap: reason=unstable_if action=reinterpret pc=0x0000000115b6337c method=org.objectweb.asm.Type.getArgumentsAndReturnSizes(Ljava/lang/String;)I @ 47
Event: 8.793 Thread 0x00007fe457802800 Uncommon trap: reason=unstable_if action=reinterpret pc=0x00000001159cf5f8 method=org.codehaus.groovy.util.ReferenceManager$2.afterReferenceCreation(Lorg/codehaus/groovy/util/Reference;)V @ 33
Event: 8.885 Thread 0x00007fe457802800 Uncommon trap: reason=unstable_if action=reinterpret pc=0x00000001158d06c8 method=org.codehaus.groovy.util.ReferenceManager$2.afterReferenceCreation(Lorg/codehaus/groovy/util/Reference;)V @ 8

Internal exceptions (10 events):
Event: 8.831 Thread 0x00007fe457802800 Exception <a 'java/lang/ClassNotFoundException': java/util/Collections$EmptySetBeanInfo> (0x000000079c766b00) thrown at [/HUDSON3/workspace/8-2-build-macosx-x86_64/jdk8u101/7261/hotspot/src/share/vm/classfile/systemDictionary.cpp, line 210]
Event: 8.832 Thread 0x00007fe457802800 Exception <a 'java/lang/ClassNotFoundException': java/util/Collections$EmptySetCustomizer> (0x000000079c76ee10) thrown at [/HUDSON3/workspace/8-2-build-macosx-x86_64/jdk8u101/7261/hotspot/src/share/vm/classfile/systemDictionary.cpp, line 210]
Event: 8.886 Thread 0x00007fe457802800 Exception <a 'java/lang/ClassNotFoundException': com/android/build/gradle/tasks/Lint_DecoratedBeanInfo> (0x000000079c9635f8) thrown at [/HUDSON3/workspace/8-2-build-macosx-x86_64/jdk8u101/7261/hotspot/src/share/vm/classfile/systemDictionary.cpp, line 210]
Event: 8.887 Thread 0x00007fe457802800 Exception <a 'java/lang/ClassNotFoundException': com/android/build/gradle/tasks/LintBeanInfo> (0x000000079c9751b8) thrown at [/HUDSON3/workspace/8-2-build-macosx-x86_64/jdk8u101/7261/hotspot/src/share/vm/classfile/systemDictionary.cpp, line 210]
Event: 8.890 Thread 0x00007fe457802800 Exception <a 'java/lang/ClassNotFoundException': com/android/build/gradle/tasks/LintCustomizer> (0x000000079c9870f8) thrown at [/HUDSON3/workspace/8-2-build-macosx-x86_64/jdk8u101/7261/hotspot/src/share/vm/classfile/systemDictionary.cpp, line 210]
Event: 8.892 Thread 0x00007fe457802800 Exception <a 'java/lang/ClassNotFoundException': com/android/build/gradle/tasks/Lint_DecoratedCustomizer> (0x000000079c9d6658) thrown at [/HUDSON3/workspace/8-2-build-macosx-x86_64/jdk8u101/7261/hotspot/src/share/vm/classfile/systemDictionary.cpp, line 21
Event: 8.963 Thread 0x00007fe457802800 Exception <a 'java/lang/ClassNotFoundException': com/android/build/gradle/tasks/ProcessTestManifest_DecoratedBeanInfo> (0x000000079cbd8cf0) thrown at [/HUDSON3/workspace/8-2-build-macosx-x86_64/jdk8u101/7261/hotspot/src/share/vm/classfile/systemDictionary
Event: 8.964 Thread 0x00007fe457802800 Exception <a 'java/lang/ClassNotFoundException': com/android/build/gradle/tasks/ProcessTestManifestBeanInfo> (0x000000079cbebad8) thrown at [/HUDSON3/workspace/8-2-build-macosx-x86_64/jdk8u101/7261/hotspot/src/share/vm/classfile/systemDictionary.cpp, line
Event: 8.964 Thread 0x00007fe457802800 Exception <a 'java/lang/ClassNotFoundException': com/android/build/gradle/tasks/ProcessTestManifestCustomizer> (0x000000079cbff298) thrown at [/HUDSON3/workspace/8-2-build-macosx-x86_64/jdk8u101/7261/hotspot/src/share/vm/classfile/systemDictionary.cpp, li
Event: 8.968 Thread 0x00007fe457802800 Exception <a 'java/lang/ClassNotFoundException': com/android/build/gradle/tasks/ProcessTestManifest_DecoratedCustomizer> (0x000000079cc83c88) thrown at [/HUDSON3/workspace/8-2-build-macosx-x86_64/jdk8u101/7261/hotspot/src/share/vm/classfile/systemDictiona

Events (10 events):
Event: 8.964 loading class com/android/build/gradle/tasks/ProcessTestManifestCustomizer
Event: 8.964 loading class com/android/build/gradle/tasks/ProcessTestManifestCustomizer done
Event: 8.964 loading class com/android/build/gradle/tasks/ProcessTestManifestCustomizer
Event: 8.964 loading class com/android/build/gradle/tasks/ProcessTestManifestCustomizer done
Event: 8.966 loading class com/android/build/gradle/tasks/ProcessTestManifest_DecoratedCustomizer
Event: 8.966 loading class com/android/build/gradle/tasks/ProcessTestManifest_DecoratedCustomizer done
Event: 8.968 loading class com/android/build/gradle/tasks/ProcessTestManifest_DecoratedCustomizer
Event: 8.968 loading class com/android/build/gradle/tasks/ProcessTestManifest_DecoratedCustomizer done
Event: 8.968 loading class com/android/build/gradle/tasks/ProcessTestManifest_DecoratedCustomizer
Event: 8.968 loading class com/android/build/gradle/tasks/ProcessTestManifest_DecoratedCustomizer done


Dynamic libraries:
0x0000000015df1000 	/System/Library/Frameworks/Cocoa.framework/Versions/A/Cocoa
0x0000000015df1000 	/System/Library/Frameworks/Security.framework/Versions/A/Security
0x0000000015df1000 	/System/Library/Frameworks/ApplicationServices.framework/Versions/A/ApplicationServices
0x0000000015df1000 	/usr/lib/libz.1.dylib
0x0000000109fbb000 	/usr/lib/libSystem.B.dylib
0x0000000015df1000 	/usr/lib/libobjc.A.dylib
0x0000000015df1000 	/System/Library/Frameworks/CoreFoundation.framework/Versions/A/CoreFoundation
0x0000000015df1000 	/System/Library/Frameworks/Foundation.framework/Versions/C/Foundation
0x0000000015df1000 	/System/Library/Frameworks/AppKit.framework/Versions/C/AppKit
0x0000000015df1000 	/System/Library/Frameworks/CoreData.framework/Versions/A/CoreData
0x0000000015df1000 	/System/Library/PrivateFrameworks/RemoteViewServices.framework/Versions/A/RemoteViewServices
0x0000000015df1000 	/System/Library/PrivateFrameworks/UIFoundation.framework/Versions/A/UIFoundation
0x0000000015df1000 	/System/Library/PrivateFrameworks/DFRFoundation.framework/Versions/A/DFRFoundation
0x0000000015df1000 	/usr/lib/libenergytrace.dylib
0x0000000015df1000 	/System/Library/PrivateFrameworks/SkyLight.framework/Versions/A/SkyLight
0x0000000015df1000 	/System/Library/Frameworks/CoreGraphics.framework/Versions/A/CoreGraphics
0x0000000015df1000 	/usr/lib/libScreenReader.dylib
0x0000000015df1000 	/System/Library/Frameworks/Accelerate.framework/Versions/A/Accelerate
0x0000000015df1000 	/System/Library/Frameworks/IOSurface.framework/Versions/A/IOSurface
0x0000000015df1000 	/System/Library/Frameworks/AudioToolbox.framework/Versions/A/AudioToolbox
0x0000000015df1000 	/System/Library/Frameworks/AudioUnit.framework/Versions/A/AudioUnit
0x0000000015df1000 	/System/Library/PrivateFrameworks/DataDetectorsCore.framework/Versions/A/DataDetectorsCore
0x0000000015df1000 	/System/Library/PrivateFrameworks/DesktopServicesPriv.framework/Versions/A/DesktopServicesPriv
0x0000000015df1000 	/System/Library/Frameworks/Carbon.framework/Versions/A/Frameworks/HIToolbox.framework/Versions/A/HIToolbox
0x0000000015df1000 	/usr/lib/libicucore.A.dylib
0x0000000015df1000 	/System/Library/Frameworks/QuartzCore.framework/Versions/A/QuartzCore
0x0000000015df1000 	/System/Library/Frameworks/Carbon.framework/Versions/A/Frameworks/SpeechRecognition.framework/Versions/A/SpeechRecognition
0x0000000015df1000 	/usr/lib/libauto.dylib
0x0000000015df1000 	/usr/lib/libxml2.2.dylib
0x0000000015df1000 	/System/Library/PrivateFrameworks/CoreUI.framework/Versions/A/CoreUI
0x0000000015df1000 	/System/Library/Frameworks/CoreAudio.framework/Versions/A/CoreAudio
0x0000000015df1000 	/System/Library/Frameworks/DiskArbitration.framework/Versions/A/DiskArbitration
0x0000000015df1000 	/usr/lib/liblangid.dylib
0x0000000015df1000 	/System/Library/PrivateFrameworks/MultitouchSupport.framework/Versions/A/MultitouchSupport
0x0000000109fc9000 	/System/Library/Frameworks/IOKit.framework/Versions/A/IOKit
0x0000000015df1000 	/usr/lib/libDiagnosticMessagesClient.dylib
0x0000000015df1000 	/System/Library/Frameworks/CoreServices.framework/Versions/A/CoreServices
0x0000000015df1000 	/System/Library/PrivateFrameworks/PerformanceAnalysis.framework/Versions/A/PerformanceAnalysis
0x0000000015df1000 	/System/Library/PrivateFrameworks/GenerationalStorage.framework/Versions/A/GenerationalStorage
0x0000000015df1000 	/System/Library/Frameworks/OpenGL.framework/Versions/A/OpenGL
0x0000000015df1000 	/System/Library/Frameworks/CoreImage.framework/Versions/A/CoreImage
0x0000000015df1000 	/System/Library/Frameworks/CoreText.framework/Versions/A/CoreText
0x0000000015df1000 	/System/Library/Frameworks/ImageIO.framework/Versions/A/ImageIO
0x0000000015df1000 	/System/Library/PrivateFrameworks/Backup.framework/Versions/A/Backup
0x0000000015df1000 	/usr/lib/libarchive.2.dylib
0x000000010a0a4000 	/System/Library/Frameworks/CFNetwork.framework/Versions/A/CFNetwork
0x0000000015df1000 	/System/Library/Frameworks/SystemConfiguration.framework/Versions/A/SystemConfiguration
0x0000000015df1000 	/usr/lib/libCRFSuite.dylib
0x0000000015df1000 	/usr/lib/libc++.1.dylib
0x0000000015df1000 	/usr/lib/libc++abi.dylib
0x0000000015df1000 	/usr/lib/system/libcache.dylib
0x0000000015df1000 	/usr/lib/system/libcommonCrypto.dylib
0x0000000015df1000 	/usr/lib/system/libcompiler_rt.dylib
0x0000000015df1000 	/usr/lib/system/libcopyfile.dylib
0x0000000015df1000 	/usr/lib/system/libcorecrypto.dylib
0x0000000015df1000 	/usr/lib/system/libdispatch.dylib
0x000000010a78f000 	/usr/lib/system/libdyld.dylib
0x0000000015df1000 	/usr/lib/system/libkeymgr.dylib
0x0000000015df1000 	/usr/lib/system/liblaunch.dylib
0x0000000015df1000 	/usr/lib/system/libmacho.dylib
0x0000000015df1000 	/usr/lib/system/libquarantine.dylib
0x0000000015df1000 	/usr/lib/system/libremovefile.dylib
0x0000000015df1000 	/usr/lib/system/libsystem_asl.dylib
0x0000000015df1000 	/usr/lib/system/libsystem_blocks.dylib
0x0000000015df1000 	/usr/lib/system/libsystem_c.dylib
0x0000000015df1000 	/usr/lib/system/libsystem_configuration.dylib
0x0000000015df1000 	/usr/lib/system/libsystem_coreservices.dylib
0x000000010a7a1000 	/usr/lib/system/libsystem_coretls.dylib
0x0000000015df1000 	/usr/lib/system/libsystem_dnssd.dylib
0x0000000015df1000 	/usr/lib/system/libsystem_info.dylib
0x000000010a7cb000 	/usr/lib/system/libsystem_kernel.dylib
0x0000000015df1000 	/usr/lib/system/libsystem_m.dylib
0x0000000015df1000 	/usr/lib/system/libsystem_malloc.dylib
0x0000000015df1000 	/usr/lib/system/libsystem_network.dylib
0x000000010a809000 	/usr/lib/system/libsystem_networkextension.dylib
0x0000000015df1000 	/usr/lib/system/libsystem_notify.dylib
0x0000000015df1000 	/usr/lib/system/libsystem_platform.dylib
0x0000000015df1000 	/usr/lib/system/libsystem_pthread.dylib
0x000000010a825000 	/usr/lib/system/libsystem_sandbox.dylib
0x0000000015df1000 	/usr/lib/system/libsystem_secinit.dylib
0x000000010a831000 	/usr/lib/system/libsystem_symptoms.dylib
0x000000010a841000 	/usr/lib/system/libsystem_trace.dylib
0x0000000015df1000 	/usr/lib/system/libunwind.dylib
0x0000000015df1000 	/usr/lib/system/libxpc.dylib
0x0000000015df1000 	/usr/lib/libbsm.0.dylib
0x000000010a879000 	/usr/lib/system/libkxld.dylib
0x0000000015df1000 	/usr/lib/libcoretls.dylib
0x0000000015df1000 	/usr/lib/libcoretls_cfhelpers.dylib
0x0000000015df1000 	/usr/lib/libxar.1.dylib
0x0000000015df1000 	/usr/lib/libsqlite3.dylib
0x0000000015df1000 	/usr/lib/libpam.2.dylib
0x0000000015df1000 	/usr/lib/libOpenScriptingUtil.dylib
0x0000000015df1000 	/usr/lib/libbz2.1.0.dylib
0x0000000015df1000 	/usr/lib/liblzma.5.dylib
0x0000000015df1000 	/usr/lib/libnetwork.dylib
0x0000000015df1000 	/usr/lib/libpcap.A.dylib
0x0000000015df1000 	/System/Library/Frameworks/CoreServices.framework/Versions/A/Frameworks/FSEvents.framework/Versions/A/FSEvents
0x0000000015df1000 	/System/Library/Frameworks/CoreServices.framework/Versions/A/Frameworks/CarbonCore.framework/Versions/A/CarbonCore
0x0000000015df1000 	/System/Library/Frameworks/CoreServices.framework/Versions/A/Frameworks/Metadata.framework/Versions/A/Metadata
0x0000000015df1000 	/System/Library/Frameworks/CoreServices.framework/Versions/A/Frameworks/OSServices.framework/Versions/A/OSServices
0x0000000015df1000 	/System/Library/Frameworks/CoreServices.framework/Versions/A/Frameworks/SearchKit.framework/Versions/A/SearchKit
0x0000000015df1000 	/System/Library/Frameworks/CoreServices.framework/Versions/A/Frameworks/AE.framework/Versions/A/AE
0x0000000015df1000 	/System/Library/Frameworks/CoreServices.framework/Versions/A/Frameworks/LaunchServices.framework/Versions/A/LaunchServices
0x0000000015df1000 	/System/Library/Frameworks/CoreServices.framework/Versions/A/Frameworks/DictionaryServices.framework/Versions/A/DictionaryServices
0x0000000015df1000 	/System/Library/Frameworks/CoreServices.framework/Versions/A/Frameworks/SharedFileList.framework/Versions/A/SharedFileList
0x0000000015df1000 	/System/Library/Frameworks/NetFS.framework/Versions/A/NetFS
0x0000000015df1000 	/System/Library/PrivateFrameworks/NetAuth.framework/Versions/A/NetAuth
0x0000000015df1000 	/System/Library/PrivateFrameworks/login.framework/Versions/A/Frameworks/loginsupport.framework/Versions/A/loginsupport
0x0000000015df1000 	/System/Library/PrivateFrameworks/TCC.framework/Versions/A/TCC
0x0000000015df1000 	/usr/lib/libmecabra.dylib
0x0000000015df1000 	/System/Library/Frameworks/ApplicationServices.framework/Versions/A/Frameworks/ATS.framework/Versions/A/ATS
0x0000000015df1000 	/System/Library/Frameworks/ApplicationServices.framework/Versions/A/Frameworks/ColorSync.framework/Versions/A/ColorSync
0x0000000015df1000 	/System/Library/Frameworks/ApplicationServices.framework/Versions/A/Frameworks/HIServices.framework/Versions/A/HIServices
0x0000000015df1000 	/System/Library/Frameworks/ApplicationServices.framework/Versions/A/Frameworks/LangAnalysis.framework/Versions/A/LangAnalysis
0x0000000015df1000 	/System/Library/Frameworks/ApplicationServices.framework/Versions/A/Frameworks/PrintCore.framework/Versions/A/PrintCore
0x0000000015df1000 	/System/Library/Frameworks/ApplicationServices.framework/Versions/A/Frameworks/QD.framework/Versions/A/QD
0x0000000015df1000 	/System/Library/Frameworks/ApplicationServices.framework/Versions/A/Frameworks/SpeechSynthesis.framework/Versions/A/SpeechSynthesis
0x0000000015df1000 	/System/Library/Frameworks/Accelerate.framework/Versions/A/Frameworks/vImage.framework/Versions/A/vImage
0x0000000015df1000 	/System/Library/Frameworks/Accelerate.framework/Versions/A/Frameworks/vecLib.framework/Versions/A/vecLib
0x0000000015df1000 	/System/Library/Frameworks/Accelerate.framework/Versions/A/Frameworks/vecLib.framework/Versions/A/libvDSP.dylib
0x0000000015df1000 	/System/Library/Frameworks/Accelerate.framework/Versions/A/Frameworks/vecLib.framework/Versions/A/libBNNS.dylib
0x0000000015df1000 	/System/Library/Frameworks/Accelerate.framework/Versions/A/Frameworks/vecLib.framework/Versions/A/libQuadrature.dylib
0x0000000015df1000 	/System/Library/Frameworks/Accelerate.framework/Versions/A/Frameworks/vecLib.framework/Versions/A/libvMisc.dylib
0x0000000015df1000 	/System/Library/Frameworks/Accelerate.framework/Versions/A/Frameworks/vecLib.framework/Versions/A/libLAPACK.dylib
0x0000000015df1000 	/System/Library/Frameworks/Accelerate.framework/Versions/A/Frameworks/vecLib.framework/Versions/A/libBLAS.dylib
0x0000000015df1000 	/System/Library/Frameworks/Accelerate.framework/Versions/A/Frameworks/vecLib.framework/Versions/A/libLinearAlgebra.dylib
0x0000000015df1000 	/System/Library/Frameworks/Accelerate.framework/Versions/A/Frameworks/vecLib.framework/Versions/A/libSparseBLAS.dylib
0x0000000015df1000 	/System/Library/Frameworks/ApplicationServices.framework/Versions/A/Frameworks/ATS.framework/Versions/A/Resources/libFontParser.dylib
0x0000000015df1000 	/System/Library/Frameworks/ApplicationServices.framework/Versions/A/Frameworks/ATS.framework/Versions/A/Resources/libFontRegistry.dylib
0x0000000015df1000 	/System/Library/Frameworks/ImageIO.framework/Versions/A/Resources/libJPEG.dylib
0x0000000015df1000 	/System/Library/Frameworks/ImageIO.framework/Versions/A/Resources/libTIFF.dylib
0x0000000015df1000 	/System/Library/Frameworks/ImageIO.framework/Versions/A/Resources/libPng.dylib
0x0000000015df1000 	/System/Library/Frameworks/ImageIO.framework/Versions/A/Resources/libGIF.dylib
0x0000000015df1000 	/System/Library/Frameworks/ImageIO.framework/Versions/A/Resources/libJP2.dylib
0x0000000015df1000 	/System/Library/Frameworks/ImageIO.framework/Versions/A/Resources/libRadiance.dylib
0x0000000015df1000 	/usr/lib/libcompression.dylib
0x0000000015df1000 	/System/Library/PrivateFrameworks/AppleJPEG.framework/Versions/A/AppleJPEG
0x0000000015df1000 	/usr/lib/libcups.2.dylib
0x0000000015df1000 	/System/Library/Frameworks/Kerberos.framework/Versions/A/Kerberos
0x0000000015df1000 	/System/Library/Frameworks/GSS.framework/Versions/A/GSS
0x0000000015df1000 	/usr/lib/libresolv.9.dylib
0x0000000015df1000 	/usr/lib/libiconv.2.dylib
0x0000000015df1000 	/System/Library/PrivateFrameworks/Heimdal.framework/Versions/A/Heimdal
0x0000000015df1000 	/usr/lib/libheimdal-asn1.dylib
0x0000000015df1000 	/System/Library/Frameworks/OpenDirectory.framework/Versions/A/OpenDirectory
0x0000000015df1000 	/System/Library/PrivateFrameworks/CommonAuth.framework/Versions/A/CommonAuth
0x0000000015df1000 	/System/Library/Frameworks/OpenDirectory.framework/Versions/A/Frameworks/CFOpenDirectory.framework/Versions/A/CFOpenDirectory
0x0000000015df1000 	/System/Library/Frameworks/SecurityFoundation.framework/Versions/A/SecurityFoundation
0x0000000015df1000 	/System/Library/PrivateFrameworks/LanguageModeling.framework/Versions/A/LanguageModeling
0x0000000015df1000 	/usr/lib/libmarisa.dylib
0x0000000015df1000 	/usr/lib/libChineseTokenizer.dylib
0x0000000015df1000 	/usr/lib/libcmph.dylib
0x0000000015df1000 	/System/Library/PrivateFrameworks/CoreEmoji.framework/Versions/A/CoreEmoji
0x0000000015df1000 	/System/Library/Frameworks/ServiceManagement.framework/Versions/A/ServiceManagement
0x0000000015df1000 	/usr/lib/libxslt.1.dylib
0x0000000015df1000 	/System/Library/Frameworks/Carbon.framework/Versions/A/Frameworks/Ink.framework/Versions/A/Ink
0x0000000015df1000 	/System/Library/PrivateFrameworks/TextureIO.framework/Versions/A/TextureIO
0x0000000015df1000 	/System/Library/Frameworks/Metal.framework/Versions/A/Metal
0x0000000015df1000 	/usr/lib/libate.dylib
0x0000000015df1000 	/System/Library/PrivateFrameworks/GPUCompiler.framework/libmetal_timestamp.dylib
0x0000000015df1000 	/System/Library/Frameworks/OpenGL.framework/Versions/A/Libraries/libCoreFSCache.dylib
0x0000000015df1000 	/System/Library/PrivateFrameworks/IOAccelerator.framework/Versions/A/IOAccelerator
0x0000000015df1000 	/System/Library/Frameworks/CoreVideo.framework/Versions/A/CoreVideo
0x0000000015df1000 	/usr/lib/libFosl_dynamic.dylib
0x0000000015df1000 	/System/Library/PrivateFrameworks/MetalPerformanceShaders.framework/Versions/A/MetalPerformanceShaders
0x0000000015df1000 	/System/Library/PrivateFrameworks/FaceCore.framework/Versions/A/FaceCore
0x0000000015df1000 	/System/Library/Frameworks/OpenCL.framework/Versions/A/OpenCL
0x0000000015df1000 	/System/Library/Frameworks/OpenGL.framework/Versions/A/Libraries/libGLU.dylib
0x0000000015df1000 	/System/Library/Frameworks/OpenGL.framework/Versions/A/Libraries/libGFXShared.dylib
0x0000000015df1000 	/System/Library/Frameworks/OpenGL.framework/Versions/A/Libraries/libGL.dylib
0x0000000015df1000 	/System/Library/Frameworks/OpenGL.framework/Versions/A/Libraries/libGLImage.dylib
0x0000000015df1000 	/System/Library/Frameworks/OpenGL.framework/Versions/A/Libraries/libCVMSPluginSupport.dylib
0x0000000015df1000 	/System/Library/Frameworks/OpenGL.framework/Versions/A/Libraries/libCoreVMClient.dylib
0x0000000015df1000 	/System/Library/PrivateFrameworks/CrashReporterSupport.framework/Versions/A/CrashReporterSupport
0x0000000015df1000 	/System/Library/PrivateFrameworks/Sharing.framework/Versions/A/Sharing
0x0000000015df1000 	/System/Library/PrivateFrameworks/IconServices.framework/Versions/A/IconServices
0x0000000015df1000 	/System/Library/PrivateFrameworks/ProtocolBuffer.framework/Versions/A/ProtocolBuffer
0x0000000015df1000 	/System/Library/PrivateFrameworks/Apple80211.framework/Versions/A/Apple80211
0x0000000015df1000 	/System/Library/Frameworks/CoreWLAN.framework/Versions/A/CoreWLAN
0x0000000015df1000 	/System/Library/PrivateFrameworks/CoreUtils.framework/Versions/A/CoreUtils
0x0000000015df1000 	/System/Library/Frameworks/IOBluetooth.framework/Versions/A/IOBluetooth
0x0000000015df1000 	/System/Library/PrivateFrameworks/CoreWiFi.framework/Versions/A/CoreWiFi
0x0000000015df1000 	/System/Library/Frameworks/CoreBluetooth.framework/Versions/A/CoreBluetooth
0x0000000015df1000 	/System/Library/Frameworks/CoreDisplay.framework/Versions/A/CoreDisplay
0x0000000015df1000 	/System/Library/PrivateFrameworks/IOPresentment.framework/Versions/A/IOPresentment
0x0000000015df1000 	/System/Library/PrivateFrameworks/DebugSymbols.framework/Versions/A/DebugSymbols
0x0000000015df1000 	/System/Library/PrivateFrameworks/CoreSymbolication.framework/Versions/A/CoreSymbolication
0x0000000015df1000 	/System/Library/PrivateFrameworks/Symbolication.framework/Versions/A/Symbolication
0x0000000015df1000 	/System/Library/PrivateFrameworks/AppleFSCompression.framework/Versions/A/AppleFSCompression
0x0000000015df1000 	/System/Library/PrivateFrameworks/SpeechRecognitionCore.framework/Versions/A/SpeechRecognitionCore
0x0000000015df1000 	/System/Library/PrivateFrameworks/ChunkingLibrary.framework/Versions/A/ChunkingLibrary
0x000000010b200000 	/Library/Java/JavaVirtualMachines/jdk1.8.0_101.jdk/Contents/Home/jre/lib/server/libjvm.dylib
0x0000000015df1000 	/usr/lib/libstdc++.6.dylib
0x000000010a8e7000 	/Library/Java/JavaVirtualMachines/jdk1.8.0_101.jdk/Contents/Home/jre/lib/libverify.dylib
0x000000010a8f5000 	/Library/Java/JavaVirtualMachines/jdk1.8.0_101.jdk/Contents/Home/jre/lib/libjava.dylib
0x000000010a932000 	/Library/Java/JavaVirtualMachines/jdk1.8.0_101.jdk/Contents/Home/jre/lib/libzip.dylib
0x000000010a9e6000 	/System/Library/Frameworks/JavaVM.framework/Frameworks/JavaRuntimeSupport.framework/JavaRuntimeSupport
0x0000000112a55000 	/System/Library/Frameworks/JavaVM.framework/Versions/A/Frameworks/JavaNativeFoundation.framework/Versions/A/JavaNativeFoundation
0x0000000112a6a000 	/System/Library/Frameworks/JavaVM.framework/Versions/A/JavaVM
0x0000000015df1000 	/System/Library/Frameworks/Carbon.framework/Versions/A/Carbon
0x0000000112a77000 	/System/Library/PrivateFrameworks/JavaLaunching.framework/Versions/A/JavaLaunching
0x0000000015df1000 	/System/Library/Frameworks/Carbon.framework/Versions/A/Frameworks/CommonPanels.framework/Versions/A/CommonPanels
0x0000000015df1000 	/System/Library/Frameworks/Carbon.framework/Versions/A/Frameworks/Help.framework/Versions/A/Help
0x0000000015df1000 	/System/Library/Frameworks/Carbon.framework/Versions/A/Frameworks/ImageCapture.framework/Versions/A/ImageCapture
0x0000000015df1000 	/System/Library/Frameworks/Carbon.framework/Versions/A/Frameworks/OpenScripting.framework/Versions/A/OpenScripting
0x0000000015df1000 	/System/Library/Frameworks/Carbon.framework/Versions/A/Frameworks/Print.framework/Versions/A/Print
0x0000000015df1000 	/System/Library/Frameworks/Carbon.framework/Versions/A/Frameworks/SecurityHI.framework/Versions/A/SecurityHI
0x00000001143aa000 	/Library/Java/JavaVirtualMachines/jdk1.8.0_101.jdk/Contents/Home/jre/lib/libnet.dylib
0x0000000114409000 	/Library/Java/JavaVirtualMachines/jdk1.8.0_101.jdk/Contents/Home/jre/lib/libnio.dylib
0x00000001148ff000 	/Users/elchroy/.gradle/native/19/osx-amd64/libnative-platform.dylib
0x0000000114904000 	/Users/elchroy/.gradle/native/19/osx-amd64/libnative-platform-curses.dylib
0x0000000015df1000 	/usr/lib/libncurses.5.4.dylib
0x0000000114908000 	/private/var/folders/3j/p0_wzk9d1ns47ybk3ng5x3w80000gn/T/jna919343887971547939.tmp
0x000000011491d000 	/Library/Java/JavaVirtualMachines/jdk1.8.0_101.jdk/Contents/Home/jre/lib/libmanagement.dylib

VM Arguments:
jvm_args: -Dorg.gradle.appname=gradlew 
java_command: org.gradle.wrapper.GradleWrapperMain installDebug
java_class_path (initial): /Users/elchroy/Roy/Code/rubyment/roymobile/android/gradle/wrapper/gradle-wrapper.jar
Launcher Type: SUN_STANDARD

Environment Variables:
PATH=/usr/local/opt/nvm/versions/node/v6.3.0/lib/node_modules/npm/bin/node-gyp-bin:/Users/elchroy/Roy/Code/rubyment/roymobile/node_modules/.bin:/usr/local/opt/nvm/versions/node/v6.3.0/bin:/Users/elchroy/.rvm/gems/ruby-2.3.0/bin:/Users/elchroy/.rvm/gems/ruby-2.3.0@global/bin:/Users/elchroy/.rvm/rubies/ruby-2.3.0/bin:/usr/local/opt/nvm/versions/node/v6.3.0/bin:/usr/local/mysql/bin:/usr/local/share/python:/usr/local/bin:/usr/bin:/bin:/usr/sbin:/sbin:/Users/elchroy/golang/src/github.com/andela/bin:/usr/local/opt/go/libexec/bin:/Users/elchroy/.rvm/bin:/Users/elchroy/Library/Android/sdk/tools:/Users/elchroy/Library/Android/sdk/platform-tools
SHELL=/bin/zsh

Signal Handlers:
SIGSEGV: [libjvm.dylib+0x5af145], sa_mask[0]=11111111011111110111111111111111, sa_flags=SA_ONSTACK|SA_RESTART|SA_SIGINFO
SIGBUS: [libjvm.dylib+0x5af145], sa_mask[0]=11111111011111110111111111111111, sa_flags=SA_RESTART|SA_SIGINFO
SIGFPE: [libjvm.dylib+0x48694c], sa_mask[0]=11111111011111110111111111111111, sa_flags=SA_RESTART|SA_SIGINFO
SIGPIPE: [libjvm.dylib+0x48694c], sa_mask[0]=11111111011111110111111111111111, sa_flags=SA_RESTART|SA_SIGINFO
SIGXFSZ: [libjvm.dylib+0x48694c], sa_mask[0]=11111111011111110111111111111111, sa_flags=SA_RESTART|SA_SIGINFO
SIGILL: [libjvm.dylib+0x48694c], sa_mask[0]=11111111011111110111111111111111, sa_flags=SA_RESTART|SA_SIGINFO
SIGUSR1: SIG_DFL, sa_mask[0]=11111111011111110111111111111111, sa_flags=none
SIGUSR2: [libjvm.dylib+0x48646a], sa_mask[0]=00000000000000000000000000000000, sa_flags=SA_RESTART|SA_SIGINFO
SIGHUP: [libjvm.dylib+0x484a41], sa_mask[0]=11111111011111110111111111111111, sa_flags=SA_RESTART|SA_SIGINFO
SIGINT: [libjvm.dylib+0x484a41], sa_mask[0]=11111111011111110111111111111111, sa_flags=SA_RESTART|SA_SIGINFO
SIGTERM: [libjvm.dylib+0x484a41], sa_mask[0]=11111111011111110111111111111111, sa_flags=SA_RESTART|SA_SIGINFO
SIGQUIT: [libjvm.dylib+0x484a41], sa_mask[0]=11111111011111110111111111111111, sa_flags=SA_RESTART|SA_SIGINFO


---------------  S Y S T E M  ---------------

OS:Bsduname:Darwin 16.4.0 Darwin Kernel Version 16.4.0: Thu Dec 22 22:53:21 PST 2016; root:xnu-3789.41.3~3/RELEASE_X86_64 x86_64
rlimit: STACK 8192k, CORE 0k, NPROC 709, NOFILE 10240, AS infinity
load average:5.65 4.65 3.78

CPU:total 4 (2 cores per cpu, 2 threads per core) family 6 model 61 stepping 4, cmov, cx8, fxsr, mmx, sse, sse2, sse3, ssse3, sse4.1, sse4.2, popcnt, avx, avx2, aes, clmul, erms, 3dnowpref, lzcnt, ht, tsc, tscinvbit, bmi1, bmi2, adx

Memory: 4k page, physical 8388608k(179712k free)

/proc/meminfo:


vm_info: Java HotSpot(TM) 64-Bit Server VM (25.101-b13) for bsd-amd64 JRE (1.8.0_101-b13), built on Jun 22 2016 02:42:15 by "java_re" with gcc 4.2.1 (Based on Apple Inc. build 5658) (LLVM build 2336.11.00)

time: Mon Feb  6 13:14:39 2017
elapsed time: 8 seconds (0d 0h 0m 8s)

