#
# A fatal error has been detected by the Java Runtime Environment:
#
#  SIGSEGV (0xb) at pc=0x0000000102620498, pid=38908, tid=0x0000000000000307
#
# JRE version: Java(TM) SE Runtime Environment (8.0_101-b13) (build 1.8.0_101-b13)
# Java VM: Java HotSpot(TM) 64-Bit Server VM (25.101-b13 mixed mode bsd-amd64 compressed oops)
# Problematic frame:
# V  [libjvm.dylib+0x486498]
#
# Failed to write core dump. Core dumps have been disabled. To enable core dumping, try "ulimit -c unlimited" before starting Java again
#
# If you would like to submit a bug report, please visit:
#   http://bugreport.java.com/bugreport/crash.jsp
#

---------------  T H R E A D  ---------------

Current thread is native thread

siginfo: si_signo: 11 (SIGSEGV), si_code: 1 (SEGV_MAPERR), si_addr: 0x0000000000000128

Registers:
RAX=0x0000000000000000, RBX=0x00007fff5e3ab7a0, RCX=0x00007fffa9547408, RDX=0x00007fff5e3ab7a0
RSP=0x00007fff5e3ab2d0, RBP=0x00007fff5e3ab300, RSI=0x00007fff5e3ab738, RDI=0x0000000000000103
R8 =0x00007fff5e3ab7a0, R9 =0x00000000ffffffff, R10=0x0000000000000c00, R11=0x0000000000000206
R12=0x0000000000000c00, R13=0x0000000000000000, R14=0x00007fff5e3ab738, R15=0x0000000000000002
RIP=0x0000000102620498, EFLAGS=0x0000000000010202, ERR=0x0000000000000004
  TRAPNO=0x000000000000000e

Top of Stack: (sp=0x00007fff5e3ab2d0)
0x00007fff5e3ab2d0:   0000000000000000 00007fff5e3ab7a0
0x00007fff5e3ab2e0:   0000000000000c00 0000000000000000
0x00007fff5e3ab2f0:   00007fff5e3ab9d0 0000000000001403
0x00007fff5e3ab300:   00007fff5e3ab310 00007fffa0907bba
0x00007fff5e3ab310:   00007fff5e3ab8a0 0000000000019e00
0x00007fff5e3ab320:   00019f00a5f9b958 00007fffa93dd2d0
0x00007fff5e3ab330:   0100001f00000085 00007fff8b1a3680
0x00007fff5e3ab340:   0000000010004005 00000000ffffffff
0x00007fff5e3ab350:   00007fff5e3ab858 0000000000000000
0x00007fff5e3ab360:   00007fff5e3ab9d0 0000000007000806
0x00007fff5e3ab370:   00007fff5e3ab8a0 00007fff5e3ab858
0x00007fff5e3ab380:   0000000000001403 00000000ffffffff
0x00007fff5e3ab390:   0000000000000c00 0000000000000206
0x00007fff5e3ab3a0:   0000000000000c00 0000000000000000
0x00007fff5e3ab3b0:   00007fff5e3ab9d0 0000000000001403
0x00007fff5e3ab3c0:   000000010208d38a 0000000000000206
0x00007fff5e3ab3d0:   0000000000000007 0000000000000000
0x00007fff5e3ab3e0:   0000000000000000 0000000000000000
0x00007fff5e3ab3f0:   000000000000037f 0000000000000000
0x00007fff5e3ab400:   0000000000000000 0000ffff00001fa0
0x00007fff5e3ab410:   0000000000000000 000000000000ffff
0x00007fff5e3ab420:   0000000000000100 000000000000ffff
0x00007fff5e3ab430:   0000000000000000 0000000000000000
0x00007fff5e3ab440:   0000000000000000 0000000000000000
0x00007fff5e3ab450:   87bc000000000000 000000000000c00b
0x00007fff5e3ab460:   0000000000000000 0000000000000000
0x00007fff5e3ab470:   8000000000000000 0000000000004007
0x00007fff5e3ab480:   c060000000000000 000000000000400a
0x00007fff5e3ab490:   41be4a9f83cae276 0000000000000000
0x00007fff5e3ab4a0:   3fe95c4eb56fb8f5 0000000000000000
0x00007fff5e3ab4b0:   c3de3f68e1a82496 439c0971e57db699
0x00007fff5e3ab4c0:   0000000000000000 0000000000000000 

Instructions: (pc=0x0000000102620498)
0x0000000102620478:   83 ec 08 48 89 d3 49 89 f6 e8 00 26 14 00 44 8b
0x0000000102620488:   38 48 8d 05 20 cd 3a 00 48 63 38 e8 ca 28 14 00
0x0000000102620498:   4c 8b a0 28 01 00 00 41 83 7c 24 34 01 0f 85 e2
0x00000001026204a8:   00 00 00 49 89 5c 24 40 4d 89 74 24 38 49 8d 5c 

Register to memory mapping:

RAX=0x0000000000000000 is an unknown value
RBX=0x00007fff5e3ab7a0 is an unknown value
RCX=0x00007fffa9547408: _thread+0x48 in /usr/lib/system/libsystem_pthread.dylib at 0x00007fffa090e000
RDX=0x00007fff5e3ab7a0 is an unknown value
RSP=0x00007fff5e3ab2d0 is an unknown value
RBP=0x00007fff5e3ab300 is an unknown value
RSI=0x00007fff5e3ab738 is an unknown value
RDI=0x0000000000000103 is an unknown value
R8 =0x00007fff5e3ab7a0 is an unknown value
R9 =0x00000000ffffffff is an unknown value
R10=0x0000000000000c00 is an unknown value
R11=0x0000000000000206 is an unknown value
R12=0x0000000000000c00 is an unknown value
R13=0x0000000000000000 is an unknown value
R14=0x00007fff5e3ab738 is an unknown value
R15=0x0000000000000002 is an unknown value


Stack: [0x00007fff5dbb0000,0x00007fff5e3b0000],  sp=0x00007fff5e3ab2d0,  free space=8172k
Native frames: (J=compiled Java code, j=interpreted, Vv=VM code, C=native code)
V  [libjvm.dylib+0x486498]
C  [libsystem_platform.dylib+0x2bba]  _sigtramp+0x1a
C  0x0000000000019e00
C  [CoreFoundation+0x88c94]  __CFRunLoopServiceMachPort+0xd4
C  [CoreFoundation+0x88121]  __CFRunLoopRun+0x551
C  [CoreFoundation+0x87974]  CFRunLoopRunSpecific+0x1a4
C  [java+0x6465]  CreateExecutionEnvironment+0x367
C  [java+0x218c]  JLI_Launch+0x7a0
C  [java+0x84c2]  main+0x65
C  [java+0x19e4]  start+0x34


---------------  P R O C E S S  ---------------

VM state:not at safepoint (normal execution)

VM Mutex/Monitor currently owned by a thread: None

Heap:
 PSYoungGen      total 110080K, used 79907K [0x0000000795580000, 0x000000079ed00000, 0x00000007c0000000)
  eden space 94720K, 68% used [0x0000000795580000,0x0000000799490d98,0x000000079b200000)
  from space 15360K, 99% used [0x000000079b200000,0x000000079c0f8010,0x000000079c100000)
  to   space 17408K, 0% used [0x000000079dc00000,0x000000079dc00000,0x000000079ed00000)
 ParOldGen       total 106496K, used 26883K [0x0000000740000000, 0x0000000746800000, 0x0000000795580000)
  object space 106496K, 25% used [0x0000000740000000,0x0000000741a40e28,0x0000000746800000)
 Metaspace       used 39925K, capacity 41218K, committed 41560K, reserved 1085440K
  class space    used 5631K, capacity 6178K, committed 6272K, reserved 1048576K

Card table byte_map: [0x0000000103dc0000,0x00000001041c1000] byte_map_base: 0x00000001003c0000

Marking Bits: (ParMarkBitMap*) 0x0000000102a87d20
 Begin Bits: [0x0000000115d15000, 0x0000000117d15000)
 End Bits:   [0x0000000117d15000, 0x0000000119d15000)

Polling page: 0x0000000101876000

CodeCache: size=245760Kb used=12817Kb max_used=12829Kb free=232942Kb
 bounds [0x0000000106d15000, 0x00000001079c5000, 0x0000000115d15000]
 total_blobs=4544 nmethods=3879 adapters=577
 compilation: enabled

Compilation events (10 events):
Event: 14.071 Thread 0x00007fe164802800 nmethod 4171 0x00000001079b0450 code [0x00000001079b0840, 0x00000001079b3b08]
Event: 14.072 Thread 0x00007fe164802800 4188       4       java.util.HashSet::add (20 bytes)
Event: 14.076 Thread 0x00007fe16507b000 nmethod 4181 0x0000000107365b50 code [0x0000000107365d00, 0x0000000107366438]
Event: 14.076 Thread 0x00007fe16507b000 4191   !   4       sun.misc.URLClassPath$JarLoader::getResource (85 bytes)
Event: 14.078 Thread 0x00007fe16507e800 4192       3       sun.nio.ch.Util::access$000 (4 bytes)
Event: 14.078 Thread 0x00007fe16507e800 nmethod 4192 0x0000000107014c10 code [0x0000000107014d60, 0x0000000107014e90]
Event: 14.096 Thread 0x00007fe164802800 nmethod 4188 0x00000001079abe10 code [0x00000001079ac040, 0x00000001079acfd0]
Event: 14.096 Thread 0x00007fe164802800 4184       4       java.util.HashMap$EntryIterator::next (5 bytes)
Event: 14.099 Thread 0x00007fe16507b000 nmethod 4191 0x000000010745c350 code [0x000000010745c5a0, 0x000000010745d040]
Event: 14.100 Thread 0x00007fe164802800 nmethod 4184 0x0000000107168710 code [0x0000000107168860, 0x0000000107168a58]

GC Heap History (10 events):
Event: 8.416 GC heap before
{Heap before GC invocations=9 (full 1):
 PSYoungGen      total 69632K, used 66046K [0x0000000795580000, 0x000000079b300000, 0x00000007c0000000)
  eden space 59392K, 100% used [0x0000000795580000,0x0000000798f80000,0x0000000798f80000)
  from space 10240K, 64% used [0x0000000798f80000,0x00000007995ff838,0x0000000799980000)
  to   space 9728K, 0% used [0x000000079a980000,0x000000079a980000,0x000000079b300000)
 ParOldGen       total 61440K, used 8979K [0x0000000740000000, 0x0000000743c00000, 0x0000000795580000)
  object space 61440K, 14% used [0x0000000740000000,0x00000007408c4ee0,0x0000000743c00000)
 Metaspace       used 30099K, capacity 30984K, committed 31232K, reserved 1075200K
  class space    used 4139K, capacity 4503K, committed 4608K, reserved 1048576K
Event: 8.452 GC heap after
Heap after GC invocations=9 (full 1):
 PSYoungGen      total 83968K, used 9709K [0x0000000795580000, 0x000000079c780000, 0x00000007c0000000)
  eden space 74240K, 0% used [0x0000000795580000,0x0000000795580000,0x0000000799e00000)
  from space 9728K, 99% used [0x000000079a980000,0x000000079b2fb528,0x000000079b300000)
  to   space 11776K, 0% used [0x0000000799e00000,0x0000000799e00000,0x000000079a980000)
 ParOldGen       total 61440K, used 11357K [0x0000000740000000, 0x0000000743c00000, 0x0000000795580000)
  object space 61440K, 18% used [0x0000000740000000,0x0000000740b17460,0x0000000743c00000)
 Metaspace       used 30099K, capacity 30984K, committed 31232K, reserved 1075200K
  class space    used 4139K, capacity 4503K, committed 4608K, reserved 1048576K
}
Event: 9.308 GC heap before
{Heap before GC invocations=10 (full 1):
 PSYoungGen      total 83968K, used 77372K [0x0000000795580000, 0x000000079c780000, 0x00000007c0000000)
  eden space 74240K, 91% used [0x0000000795580000,0x0000000799793be8,0x0000000799e00000)
  from space 9728K, 99% used [0x000000079a980000,0x000000079b2fb528,0x000000079b300000)
  to   space 11776K, 0% used [0x0000000799e00000,0x0000000799e00000,0x000000079a980000)
 ParOldGen       total 61440K, used 11357K [0x0000000740000000, 0x0000000743c00000, 0x0000000795580000)
  object space 61440K, 18% used [0x0000000740000000,0x0000000740b17460,0x0000000743c00000)
 Metaspace       used 34333K, capacity 35272K, committed 35416K, reserved 1079296K
  class space    used 4782K, capacity 5166K, committed 5248K, reserved 1048576K
Event: 9.333 GC heap after
Heap after GC invocations=10 (full 1):
 PSYoungGen      total 86016K, used 11744K [0x0000000795580000, 0x000000079d700000, 0x00000007c0000000)
  eden space 74240K, 0% used [0x0000000795580000,0x0000000795580000,0x0000000799e00000)
  from space 11776K, 99% used [0x0000000799e00000,0x000000079a978020,0x000000079a980000)
  to   space 15872K, 0% used [0x000000079c780000,0x000000079c780000,0x000000079d700000)
 ParOldGen       total 61440K, used 17925K [0x0000000740000000, 0x0000000743c00000, 0x0000000795580000)
  object space 61440K, 29% used [0x0000000740000000,0x0000000741181430,0x0000000743c00000)
 Metaspace       used 34333K, capacity 35272K, committed 35416K, reserved 1079296K
  class space    used 4782K, capacity 5166K, committed 5248K, reserved 1048576K
}
Event: 9.333 GC heap before
{Heap before GC invocations=11 (full 2):
 PSYoungGen      total 86016K, used 11744K [0x0000000795580000, 0x000000079d700000, 0x00000007c0000000)
  eden space 74240K, 0% used [0x0000000795580000,0x0000000795580000,0x0000000799e00000)
  from space 11776K, 99% used [0x0000000799e00000,0x000000079a978020,0x000000079a980000)
  to   space 15872K, 0% used [0x000000079c780000,0x000000079c780000,0x000000079d700000)
 ParOldGen       total 61440K, used 17925K [0x0000000740000000, 0x0000000743c00000, 0x0000000795580000)
  object space 61440K, 29% used [0x0000000740000000,0x0000000741181430,0x0000000743c00000)
 Metaspace       used 34333K, capacity 35272K, committed 35416K, reserved 1079296K
  class space    used 4782K, capacity 5166K, committed 5248K, reserved 1048576K
Event: 9.504 GC heap after
Heap after GC invocations=11 (full 2):
 PSYoungGen      total 86016K, used 0K [0x0000000795580000, 0x000000079d700000, 0x00000007c0000000)
  eden space 74240K, 0% used [0x0000000795580000,0x0000000795580000,0x0000000799e00000)
  from space 11776K, 0% used [0x0000000799e00000,0x0000000799e00000,0x000000079a980000)
  to   space 15872K, 0% used [0x000000079c780000,0x000000079c780000,0x000000079d700000)
 ParOldGen       total 106496K, used 25959K [0x0000000740000000, 0x0000000746800000, 0x0000000795580000)
  object space 106496K, 24% used [0x0000000740000000,0x0000000741959ce0,0x0000000746800000)
 Metaspace       used 34333K, capacity 35272K, committed 35416K, reserved 1079296K
  class space    used 4782K, capacity 5166K, committed 5248K, reserved 1048576K
}
Event: 10.684 GC heap before
{Heap before GC invocations=12 (full 2):
 PSYoungGen      total 86016K, used 74240K [0x0000000795580000, 0x000000079d700000, 0x00000007c0000000)
  eden space 74240K, 100% used [0x0000000795580000,0x0000000799e00000,0x0000000799e00000)
  from space 11776K, 0% used [0x0000000799e00000,0x0000000799e00000,0x000000079a980000)
  to   space 15872K, 0% used [0x000000079c780000,0x000000079c780000,0x000000079d700000)
 ParOldGen       total 106496K, used 25959K [0x0000000740000000, 0x0000000746800000, 0x0000000795580000)
  object space 106496K, 24% used [0x0000000740000000,0x0000000741959ce0,0x0000000746800000)
 Metaspace       used 35729K, capacity 36688K, committed 36824K, reserved 1081344K
  class space    used 4959K, capacity 5352K, committed 5376K, reserved 1048576K
Event: 10.705 GC heap after
Heap after GC invocations=12 (full 2):
 PSYoungGen      total 103424K, used 7128K [0x0000000795580000, 0x000000079d000000, 0x00000007c0000000)
  eden space 94720K, 0% used [0x0000000795580000,0x0000000795580000,0x000000079b200000)
  from space 8704K, 81% used [0x000000079c780000,0x000000079ce763f0,0x000000079d000000)
  to   space 15360K, 0% used [0x000000079b200000,0x000000079b200000,0x000000079c100000)
 ParOldGen       total 106496K, used 25967K [0x0000000740000000, 0x0000000746800000, 0x0000000795580000)
  object space 106496K, 24% used [0x0000000740000000,0x000000074195bce0,0x0000000746800000)
 Metaspace       used 35729K, capacity 36688K, committed 36824K, reserved 1081344K
  class space    used 4959K, capacity 5352K, committed 5376K, reserved 1048576K
}
Event: 12.138 GC heap before
{Heap before GC invocations=13 (full 2):
 PSYoungGen      total 103424K, used 101848K [0x0000000795580000, 0x000000079d000000, 0x00000007c0000000)
  eden space 94720K, 100% used [0x0000000795580000,0x000000079b200000,0x000000079b200000)
  from space 8704K, 81% used [0x000000079c780000,0x000000079ce763f0,0x000000079d000000)
  to   space 15360K, 0% used [0x000000079b200000,0x000000079b200000,0x000000079c100000)
 ParOldGen       total 106496K, used 25967K [0x0000000740000000, 0x0000000746800000, 0x0000000795580000)
  object space 106496K, 24% used [0x0000000740000000,0x000000074195bce0,0x0000000746800000)
 Metaspace       used 37918K, capacity 39062K, committed 39128K, reserved 1083392K
  class space    used 5333K, capacity 5829K, committed 5888K, reserved 1048576K
Event: 12.165 GC heap after
Heap after GC invocations=13 (full 2):
 PSYoungGen      total 110080K, used 15328K [0x0000000795580000, 0x000000079ed00000, 0x00000007c0000000)
  eden space 94720K, 0% used [0x0000000795580000,0x0000000795580000,0x000000079b200000)
  from space 15360K, 99% used [0x000000079b200000,0x000000079c0f8010,0x000000079c100000)
  to   space 17408K, 0% used [0x000000079dc00000,0x000000079dc00000,0x000000079ed00000)
 ParOldGen       total 106496K, used 26883K [0x0000000740000000, 0x0000000746800000, 0x0000000795580000)
  object space 106496K, 25% used [0x0000000740000000,0x0000000741a40e28,0x0000000746800000)
 Metaspace       used 37918K, capacity 39062K, committed 39128K, reserved 1083392K
  class space    used 5333K, capacity 5829K, committed 5888K, reserved 1048576K
}

Deoptimization events (10 events):
Event: 12.535 Thread 0x00007fe165802000 Uncommon trap: reason=unstable_if action=reinterpret pc=0x000000010790ba1c method=java.util.HashMap.removeNode(ILjava/lang/Object;Ljava/lang/Object;ZZ)Ljava/util/HashMap$Node; @ 121
Event: 12.592 Thread 0x00007fe165802000 Uncommon trap: reason=unstable_if action=reinterpret pc=0x00000001078ee7d0 method=org.gradle.api.internal.file.pattern.PatternMatcherFactory$PathMatcherBackedSpec.isSatisfiedBy(Lorg/gradle/api/file/RelativePath;)Z @ 11
Event: 12.593 Thread 0x00007fe165802000 Uncommon trap: reason=unstable_if action=reinterpret pc=0x0000000107050a98 method=org.gradle.api.internal.file.pattern.PatternMatcherFactory$PathMatcherBackedSpec.isSatisfiedBy(Lorg/gradle/api/file/RelativePath;)Z @ 11
Event: 12.593 Thread 0x00007fe165802000 Uncommon trap: reason=unstable_if action=reinterpret pc=0x000000010716cb60 method=org.gradle.api.internal.file.pattern.FixedStepsPathMatcher.matches([Ljava/lang/String;I)Z @ 70
Event: 12.609 Thread 0x00007fe165802000 Uncommon trap: reason=unstable_if action=reinterpret pc=0x0000000106e8b8a8 method=org.gradle.api.internal.file.pattern.FixedStepsPathMatcher.matches([Ljava/lang/String;I)Z @ 70
Event: 12.996 Thread 0x00007fe165687800 Uncommon trap: reason=unstable_if action=reinterpret pc=0x00000001078f86a4 method=java.util.Arrays.equals([B[B)Z @ 2
Event: 12.996 Thread 0x00007fe165687800 Uncommon trap: reason=null_check action=make_not_entrant pc=0x00000001078f3510 method=java.lang.StringCoding.deref(Ljava/lang/ThreadLocal;)Ljava/lang/Object; @ 4
Event: 13.060 Thread 0x00007fe1642ef800 Uncommon trap: reason=unstable_if action=reinterpret pc=0x0000000107779780 method=java.lang.AbstractStringBuilder.append(I)Ljava/lang/AbstractStringBuilder; @ 16
Event: 13.060 Thread 0x00007fe1642ef800 Uncommon trap: reason=unstable_if action=reinterpret pc=0x0000000107765784 method=java.lang.Integer.getChars(II[C)V @ 7
Event: 13.106 Thread 0x00007fe165687800 Uncommon trap: reason=unstable_if action=reinterpret pc=0x0000000107774c4c method=java.lang.AbstractStringBuilder.append(I)Ljava/lang/AbstractStringBuilder; @ 16

Internal exceptions (10 events):
Event: 14.008 Thread 0x00007fe165802000 Exception <a 'java/lang/ClassNotFoundException': com/google/common/collect/SingletonImmutableListBeanInfo> (0x0000000798f98028) thrown at [/HUDSON3/workspace/8-2-build-macosx-x86_64/jdk8u101/7261/hotspot/src/share/vm/classfile/systemDictionary.cpp, line 2
Event: 14.008 Thread 0x00007fe165802000 Exception <a 'java/lang/ClassNotFoundException': com/google/common/collect/ImmutableListBeanInfo> (0x0000000798fa3f60) thrown at [/HUDSON3/workspace/8-2-build-macosx-x86_64/jdk8u101/7261/hotspot/src/share/vm/classfile/systemDictionary.cpp, line 210]
Event: 14.008 Thread 0x00007fe165802000 Exception <a 'java/lang/ClassNotFoundException': com/google/common/collect/ImmutableCollectionBeanInfo> (0x0000000798fb0c70) thrown at [/HUDSON3/workspace/8-2-build-macosx-x86_64/jdk8u101/7261/hotspot/src/share/vm/classfile/systemDictionary.cpp, line 210]
Event: 14.009 Thread 0x00007fe165802000 Exception <a 'java/lang/ClassNotFoundException': com/google/common/collect/ImmutableCollectionCustomizer> (0x0000000798fbddd0) thrown at [/HUDSON3/workspace/8-2-build-macosx-x86_64/jdk8u101/7261/hotspot/src/share/vm/classfile/systemDictionary.cpp, line 21
Event: 14.010 Thread 0x00007fe165802000 Exception <a 'java/lang/ClassNotFoundException': com/google/common/collect/ImmutableListCustomizer> (0x0000000798fdaa90) thrown at [/HUDSON3/workspace/8-2-build-macosx-x86_64/jdk8u101/7261/hotspot/src/share/vm/classfile/systemDictionary.cpp, line 210]
Event: 14.011 Thread 0x00007fe165802000 Exception <a 'java/lang/ClassNotFoundException': com/google/common/collect/SingletonImmutableListCustomizer> (0x00000007991fb770) thrown at [/HUDSON3/workspace/8-2-build-macosx-x86_64/jdk8u101/7261/hotspot/src/share/vm/classfile/systemDictionary.cpp, line
Event: 14.013 Thread 0x00007fe165802000 Exception <a 'java/lang/ClassNotFoundException': com/android/build/gradle/api/ApkOutputFileBeanInfo> (0x0000000799235590) thrown at [/HUDSON3/workspace/8-2-build-macosx-x86_64/jdk8u101/7261/hotspot/src/share/vm/classfile/systemDictionary.cpp, line 210]
Event: 14.013 Thread 0x00007fe165802000 Exception <a 'java/lang/ClassNotFoundException': com/android/build/gradle/api/ApkOutputFileCustomizer> (0x00000007992415c0) thrown at [/HUDSON3/workspace/8-2-build-macosx-x86_64/jdk8u101/7261/hotspot/src/share/vm/classfile/systemDictionary.cpp, line 210]
Event: 14.060 Thread 0x00007fe165802000 Exception <a 'java/lang/ClassNotFoundException': com/android/ide/common/build/SplitOutputMatcherBeanInfo> (0x00000007992a2b28) thrown at [/HUDSON3/workspace/8-2-build-macosx-x86_64/jdk8u101/7261/hotspot/src/share/vm/classfile/systemDictionary.cpp, line 21
Event: 14.061 Thread 0x00007fe165802000 Exception <a 'java/lang/ClassNotFoundException': com/android/ide/common/build/SplitOutputMatcherCustomizer> (0x00000007992af420) thrown at [/HUDSON3/workspace/8-2-build-macosx-x86_64/jdk8u101/7261/hotspot/src/share/vm/classfile/systemDictionary.cpp, line 

Events (10 events):
Event: 14.068 loading class com/android/builder/testing/ConnectedDevice$1
Event: 14.068 loading class com/android/builder/testing/ConnectedDevice$1 done
Event: 14.068 loading class com/google/common/collect/Lists$TransformingRandomAccessList$1
Event: 14.068 loading class com/google/common/collect/Lists$TransformingRandomAccessList$1 done
Event: 14.069 loading class com/google/common/collect/TransformedListIterator
Event: 14.069 loading class com/google/common/collect/TransformedListIterator done
Event: 14.070 loading class com/android/ddmlib/Device$1
Event: 14.070 loading class com/android/ddmlib/Device$1 done
Event: 14.070 loading class com/android/ddmlib/Device$MultiInstallReceiver
Event: 14.070 loading class com/android/ddmlib/Device$MultiInstallReceiver done


Dynamic libraries:
0x0000000015df1000 	/System/Library/Frameworks/Cocoa.framework/Versions/A/Cocoa
0x0000000015df1000 	/System/Library/Frameworks/Security.framework/Versions/A/Security
0x0000000015df1000 	/System/Library/Frameworks/ApplicationServices.framework/Versions/A/ApplicationServices
0x0000000015df1000 	/usr/lib/libz.1.dylib
0x000000010186f000 	/usr/lib/libSystem.B.dylib
0x0000000015df1000 	/usr/lib/libobjc.A.dylib
0x0000000015df1000 	/System/Library/Frameworks/CoreFoundation.framework/Versions/A/CoreFoundation
0x0000000015df1000 	/System/Library/Frameworks/Foundation.framework/Versions/C/Foundation
0x0000000015df1000 	/System/Library/Frameworks/AppKit.framework/Versions/C/AppKit
0x0000000015df1000 	/System/Library/Frameworks/CoreData.framework/Versions/A/CoreData
0x0000000015df1000 	/System/Library/PrivateFrameworks/RemoteViewServices.framework/Versions/A/RemoteViewServices
0x0000000015df1000 	/System/Library/PrivateFrameworks/UIFoundation.framework/Versions/A/UIFoundation
0x0000000015df1000 	/System/Library/PrivateFrameworks/DFRFoundation.framework/Versions/A/DFRFoundation
0x0000000015df1000 	/usr/lib/libenergytrace.dylib
0x0000000015df1000 	/System/Library/PrivateFrameworks/SkyLight.framework/Versions/A/SkyLight
0x0000000015df1000 	/System/Library/Frameworks/CoreGraphics.framework/Versions/A/CoreGraphics
0x0000000015df1000 	/usr/lib/libScreenReader.dylib
0x0000000015df1000 	/System/Library/Frameworks/Accelerate.framework/Versions/A/Accelerate
0x0000000015df1000 	/System/Library/Frameworks/IOSurface.framework/Versions/A/IOSurface
0x0000000015df1000 	/System/Library/Frameworks/AudioToolbox.framework/Versions/A/AudioToolbox
0x0000000015df1000 	/System/Library/Frameworks/AudioUnit.framework/Versions/A/AudioUnit
0x0000000015df1000 	/System/Library/PrivateFrameworks/DataDetectorsCore.framework/Versions/A/DataDetectorsCore
0x0000000015df1000 	/System/Library/PrivateFrameworks/DesktopServicesPriv.framework/Versions/A/DesktopServicesPriv
0x0000000015df1000 	/System/Library/Frameworks/Carbon.framework/Versions/A/Frameworks/HIToolbox.framework/Versions/A/HIToolbox
0x0000000015df1000 	/usr/lib/libicucore.A.dylib
0x0000000015df1000 	/System/Library/Frameworks/QuartzCore.framework/Versions/A/QuartzCore
0x0000000015df1000 	/System/Library/Frameworks/Carbon.framework/Versions/A/Frameworks/SpeechRecognition.framework/Versions/A/SpeechRecognition
0x0000000015df1000 	/usr/lib/libauto.dylib
0x0000000015df1000 	/usr/lib/libxml2.2.dylib
0x0000000015df1000 	/System/Library/PrivateFrameworks/CoreUI.framework/Versions/A/CoreUI
0x0000000015df1000 	/System/Library/Frameworks/CoreAudio.framework/Versions/A/CoreAudio
0x0000000015df1000 	/System/Library/Frameworks/DiskArbitration.framework/Versions/A/DiskArbitration
0x0000000015df1000 	/usr/lib/liblangid.dylib
0x0000000015df1000 	/System/Library/PrivateFrameworks/MultitouchSupport.framework/Versions/A/MultitouchSupport
0x0000000101877000 	/System/Library/Frameworks/IOKit.framework/Versions/A/IOKit
0x0000000015df1000 	/usr/lib/libDiagnosticMessagesClient.dylib
0x0000000015df1000 	/System/Library/Frameworks/CoreServices.framework/Versions/A/CoreServices
0x0000000015df1000 	/System/Library/PrivateFrameworks/PerformanceAnalysis.framework/Versions/A/PerformanceAnalysis
0x0000000015df1000 	/System/Library/PrivateFrameworks/GenerationalStorage.framework/Versions/A/GenerationalStorage
0x0000000015df1000 	/System/Library/Frameworks/OpenGL.framework/Versions/A/OpenGL
0x0000000015df1000 	/System/Library/Frameworks/CoreImage.framework/Versions/A/CoreImage
0x0000000015df1000 	/System/Library/Frameworks/CoreText.framework/Versions/A/CoreText
0x0000000015df1000 	/System/Library/Frameworks/ImageIO.framework/Versions/A/ImageIO
0x0000000015df1000 	/System/Library/PrivateFrameworks/Backup.framework/Versions/A/Backup
0x0000000015df1000 	/usr/lib/libarchive.2.dylib
0x0000000101955000 	/System/Library/Frameworks/CFNetwork.framework/Versions/A/CFNetwork
0x0000000015df1000 	/System/Library/Frameworks/SystemConfiguration.framework/Versions/A/SystemConfiguration
0x0000000015df1000 	/usr/lib/libCRFSuite.dylib
0x0000000015df1000 	/usr/lib/libc++.1.dylib
0x0000000015df1000 	/usr/lib/libc++abi.dylib
0x0000000015df1000 	/usr/lib/system/libcache.dylib
0x0000000015df1000 	/usr/lib/system/libcommonCrypto.dylib
0x0000000015df1000 	/usr/lib/system/libcompiler_rt.dylib
0x0000000015df1000 	/usr/lib/system/libcopyfile.dylib
0x0000000015df1000 	/usr/lib/system/libcorecrypto.dylib
0x0000000015df1000 	/usr/lib/system/libdispatch.dylib
0x0000000102042000 	/usr/lib/system/libdyld.dylib
0x0000000015df1000 	/usr/lib/system/libkeymgr.dylib
0x0000000015df1000 	/usr/lib/system/liblaunch.dylib
0x0000000015df1000 	/usr/lib/system/libmacho.dylib
0x0000000015df1000 	/usr/lib/system/libquarantine.dylib
0x0000000015df1000 	/usr/lib/system/libremovefile.dylib
0x0000000015df1000 	/usr/lib/system/libsystem_asl.dylib
0x0000000015df1000 	/usr/lib/system/libsystem_blocks.dylib
0x0000000015df1000 	/usr/lib/system/libsystem_c.dylib
0x0000000015df1000 	/usr/lib/system/libsystem_configuration.dylib
0x0000000015df1000 	/usr/lib/system/libsystem_coreservices.dylib
0x0000000102054000 	/usr/lib/system/libsystem_coretls.dylib
0x0000000015df1000 	/usr/lib/system/libsystem_dnssd.dylib
0x0000000015df1000 	/usr/lib/system/libsystem_info.dylib
0x000000010207b000 	/usr/lib/system/libsystem_kernel.dylib
0x0000000015df1000 	/usr/lib/system/libsystem_m.dylib
0x0000000015df1000 	/usr/lib/system/libsystem_malloc.dylib
0x0000000015df1000 	/usr/lib/system/libsystem_network.dylib
0x00000001020b7000 	/usr/lib/system/libsystem_networkextension.dylib
0x0000000015df1000 	/usr/lib/system/libsystem_notify.dylib
0x0000000015df1000 	/usr/lib/system/libsystem_platform.dylib
0x0000000015df1000 	/usr/lib/system/libsystem_pthread.dylib
0x00000001020d1000 	/usr/lib/system/libsystem_sandbox.dylib
0x0000000015df1000 	/usr/lib/system/libsystem_secinit.dylib
0x00000001020df000 	/usr/lib/system/libsystem_symptoms.dylib
0x00000001020f4000 	/usr/lib/system/libsystem_trace.dylib
0x0000000015df1000 	/usr/lib/system/libunwind.dylib
0x0000000015df1000 	/usr/lib/system/libxpc.dylib
0x0000000015df1000 	/usr/lib/libbsm.0.dylib
0x000000010212c000 	/usr/lib/system/libkxld.dylib
0x0000000015df1000 	/usr/lib/libcoretls.dylib
0x0000000015df1000 	/usr/lib/libcoretls_cfhelpers.dylib
0x0000000015df1000 	/usr/lib/libxar.1.dylib
0x0000000015df1000 	/usr/lib/libsqlite3.dylib
0x0000000015df1000 	/usr/lib/libpam.2.dylib
0x0000000015df1000 	/usr/lib/libOpenScriptingUtil.dylib
0x0000000015df1000 	/usr/lib/libbz2.1.0.dylib
0x0000000015df1000 	/usr/lib/liblzma.5.dylib
0x0000000015df1000 	/usr/lib/libnetwork.dylib
0x0000000015df1000 	/usr/lib/libpcap.A.dylib
0x0000000015df1000 	/System/Library/Frameworks/CoreServices.framework/Versions/A/Frameworks/FSEvents.framework/Versions/A/FSEvents
0x0000000015df1000 	/System/Library/Frameworks/CoreServices.framework/Versions/A/Frameworks/CarbonCore.framework/Versions/A/CarbonCore
0x0000000015df1000 	/System/Library/Frameworks/CoreServices.framework/Versions/A/Frameworks/Metadata.framework/Versions/A/Metadata
0x0000000015df1000 	/System/Library/Frameworks/CoreServices.framework/Versions/A/Frameworks/OSServices.framework/Versions/A/OSServices
0x0000000015df1000 	/System/Library/Frameworks/CoreServices.framework/Versions/A/Frameworks/SearchKit.framework/Versions/A/SearchKit
0x0000000015df1000 	/System/Library/Frameworks/CoreServices.framework/Versions/A/Frameworks/AE.framework/Versions/A/AE
0x0000000015df1000 	/System/Library/Frameworks/CoreServices.framework/Versions/A/Frameworks/LaunchServices.framework/Versions/A/LaunchServices
0x0000000015df1000 	/System/Library/Frameworks/CoreServices.framework/Versions/A/Frameworks/DictionaryServices.framework/Versions/A/DictionaryServices
0x0000000015df1000 	/System/Library/Frameworks/CoreServices.framework/Versions/A/Frameworks/SharedFileList.framework/Versions/A/SharedFileList
0x0000000015df1000 	/System/Library/Frameworks/NetFS.framework/Versions/A/NetFS
0x0000000015df1000 	/System/Library/PrivateFrameworks/NetAuth.framework/Versions/A/NetAuth
0x0000000015df1000 	/System/Library/PrivateFrameworks/login.framework/Versions/A/Frameworks/loginsupport.framework/Versions/A/loginsupport
0x0000000015df1000 	/System/Library/PrivateFrameworks/TCC.framework/Versions/A/TCC
0x0000000015df1000 	/usr/lib/libmecabra.dylib
0x0000000015df1000 	/System/Library/Frameworks/ApplicationServices.framework/Versions/A/Frameworks/ATS.framework/Versions/A/ATS
0x0000000015df1000 	/System/Library/Frameworks/ApplicationServices.framework/Versions/A/Frameworks/ColorSync.framework/Versions/A/ColorSync
0x0000000015df1000 	/System/Library/Frameworks/ApplicationServices.framework/Versions/A/Frameworks/HIServices.framework/Versions/A/HIServices
0x0000000015df1000 	/System/Library/Frameworks/ApplicationServices.framework/Versions/A/Frameworks/LangAnalysis.framework/Versions/A/LangAnalysis
0x0000000015df1000 	/System/Library/Frameworks/ApplicationServices.framework/Versions/A/Frameworks/PrintCore.framework/Versions/A/PrintCore
0x0000000015df1000 	/System/Library/Frameworks/ApplicationServices.framework/Versions/A/Frameworks/QD.framework/Versions/A/QD
0x0000000015df1000 	/System/Library/Frameworks/ApplicationServices.framework/Versions/A/Frameworks/SpeechSynthesis.framework/Versions/A/SpeechSynthesis
0x0000000015df1000 	/System/Library/Frameworks/Accelerate.framework/Versions/A/Frameworks/vImage.framework/Versions/A/vImage
0x0000000015df1000 	/System/Library/Frameworks/Accelerate.framework/Versions/A/Frameworks/vecLib.framework/Versions/A/vecLib
0x0000000015df1000 	/System/Library/Frameworks/Accelerate.framework/Versions/A/Frameworks/vecLib.framework/Versions/A/libvDSP.dylib
0x0000000015df1000 	/System/Library/Frameworks/Accelerate.framework/Versions/A/Frameworks/vecLib.framework/Versions/A/libBNNS.dylib
0x0000000015df1000 	/System/Library/Frameworks/Accelerate.framework/Versions/A/Frameworks/vecLib.framework/Versions/A/libQuadrature.dylib
0x0000000015df1000 	/System/Library/Frameworks/Accelerate.framework/Versions/A/Frameworks/vecLib.framework/Versions/A/libvMisc.dylib
0x0000000015df1000 	/System/Library/Frameworks/Accelerate.framework/Versions/A/Frameworks/vecLib.framework/Versions/A/libLAPACK.dylib
0x0000000015df1000 	/System/Library/Frameworks/Accelerate.framework/Versions/A/Frameworks/vecLib.framework/Versions/A/libBLAS.dylib
0x0000000015df1000 	/System/Library/Frameworks/Accelerate.framework/Versions/A/Frameworks/vecLib.framework/Versions/A/libLinearAlgebra.dylib
0x0000000015df1000 	/System/Library/Frameworks/Accelerate.framework/Versions/A/Frameworks/vecLib.framework/Versions/A/libSparseBLAS.dylib
0x0000000015df1000 	/System/Library/Frameworks/ApplicationServices.framework/Versions/A/Frameworks/ATS.framework/Versions/A/Resources/libFontParser.dylib
0x0000000015df1000 	/System/Library/Frameworks/ApplicationServices.framework/Versions/A/Frameworks/ATS.framework/Versions/A/Resources/libFontRegistry.dylib
0x0000000015df1000 	/System/Library/Frameworks/ImageIO.framework/Versions/A/Resources/libJPEG.dylib
0x0000000015df1000 	/System/Library/Frameworks/ImageIO.framework/Versions/A/Resources/libTIFF.dylib
0x0000000015df1000 	/System/Library/Frameworks/ImageIO.framework/Versions/A/Resources/libPng.dylib
0x0000000015df1000 	/System/Library/Frameworks/ImageIO.framework/Versions/A/Resources/libGIF.dylib
0x0000000015df1000 	/System/Library/Frameworks/ImageIO.framework/Versions/A/Resources/libJP2.dylib
0x0000000015df1000 	/System/Library/Frameworks/ImageIO.framework/Versions/A/Resources/libRadiance.dylib
0x0000000015df1000 	/usr/lib/libcompression.dylib
0x0000000015df1000 	/System/Library/PrivateFrameworks/AppleJPEG.framework/Versions/A/AppleJPEG
0x0000000015df1000 	/usr/lib/libcups.2.dylib
0x0000000015df1000 	/System/Library/Frameworks/Kerberos.framework/Versions/A/Kerberos
0x0000000015df1000 	/System/Library/Frameworks/GSS.framework/Versions/A/GSS
0x0000000015df1000 	/usr/lib/libresolv.9.dylib
0x0000000015df1000 	/usr/lib/libiconv.2.dylib
0x0000000015df1000 	/System/Library/PrivateFrameworks/Heimdal.framework/Versions/A/Heimdal
0x0000000015df1000 	/usr/lib/libheimdal-asn1.dylib
0x0000000015df1000 	/System/Library/Frameworks/OpenDirectory.framework/Versions/A/OpenDirectory
0x0000000015df1000 	/System/Library/PrivateFrameworks/CommonAuth.framework/Versions/A/CommonAuth
0x0000000015df1000 	/System/Library/Frameworks/OpenDirectory.framework/Versions/A/Frameworks/CFOpenDirectory.framework/Versions/A/CFOpenDirectory
0x0000000015df1000 	/System/Library/Frameworks/SecurityFoundation.framework/Versions/A/SecurityFoundation
0x0000000015df1000 	/System/Library/PrivateFrameworks/LanguageModeling.framework/Versions/A/LanguageModeling
0x0000000015df1000 	/usr/lib/libmarisa.dylib
0x0000000015df1000 	/usr/lib/libChineseTokenizer.dylib
0x0000000015df1000 	/usr/lib/libcmph.dylib
0x0000000015df1000 	/System/Library/PrivateFrameworks/CoreEmoji.framework/Versions/A/CoreEmoji
0x0000000015df1000 	/System/Library/Frameworks/ServiceManagement.framework/Versions/A/ServiceManagement
0x0000000015df1000 	/usr/lib/libxslt.1.dylib
0x0000000015df1000 	/System/Library/Frameworks/Carbon.framework/Versions/A/Frameworks/Ink.framework/Versions/A/Ink
0x0000000015df1000 	/System/Library/PrivateFrameworks/TextureIO.framework/Versions/A/TextureIO
0x0000000015df1000 	/System/Library/Frameworks/Metal.framework/Versions/A/Metal
0x0000000015df1000 	/usr/lib/libate.dylib
0x0000000015df1000 	/System/Library/PrivateFrameworks/GPUCompiler.framework/libmetal_timestamp.dylib
0x0000000015df1000 	/System/Library/Frameworks/OpenGL.framework/Versions/A/Libraries/libCoreFSCache.dylib
0x0000000015df1000 	/System/Library/PrivateFrameworks/IOAccelerator.framework/Versions/A/IOAccelerator
0x0000000015df1000 	/System/Library/Frameworks/CoreVideo.framework/Versions/A/CoreVideo
0x0000000015df1000 	/usr/lib/libFosl_dynamic.dylib
0x0000000015df1000 	/System/Library/PrivateFrameworks/MetalPerformanceShaders.framework/Versions/A/MetalPerformanceShaders
0x0000000015df1000 	/System/Library/PrivateFrameworks/FaceCore.framework/Versions/A/FaceCore
0x0000000015df1000 	/System/Library/Frameworks/OpenCL.framework/Versions/A/OpenCL
0x0000000015df1000 	/System/Library/Frameworks/OpenGL.framework/Versions/A/Libraries/libGLU.dylib
0x0000000015df1000 	/System/Library/Frameworks/OpenGL.framework/Versions/A/Libraries/libGFXShared.dylib
0x0000000015df1000 	/System/Library/Frameworks/OpenGL.framework/Versions/A/Libraries/libGL.dylib
0x0000000015df1000 	/System/Library/Frameworks/OpenGL.framework/Versions/A/Libraries/libGLImage.dylib
0x0000000015df1000 	/System/Library/Frameworks/OpenGL.framework/Versions/A/Libraries/libCVMSPluginSupport.dylib
0x0000000015df1000 	/System/Library/Frameworks/OpenGL.framework/Versions/A/Libraries/libCoreVMClient.dylib
0x0000000015df1000 	/System/Library/PrivateFrameworks/CrashReporterSupport.framework/Versions/A/CrashReporterSupport
0x0000000015df1000 	/System/Library/PrivateFrameworks/Sharing.framework/Versions/A/Sharing
0x0000000015df1000 	/System/Library/PrivateFrameworks/IconServices.framework/Versions/A/IconServices
0x0000000015df1000 	/System/Library/PrivateFrameworks/ProtocolBuffer.framework/Versions/A/ProtocolBuffer
0x0000000015df1000 	/System/Library/PrivateFrameworks/Apple80211.framework/Versions/A/Apple80211
0x0000000015df1000 	/System/Library/Frameworks/CoreWLAN.framework/Versions/A/CoreWLAN
0x0000000015df1000 	/System/Library/PrivateFrameworks/CoreUtils.framework/Versions/A/CoreUtils
0x0000000015df1000 	/System/Library/Frameworks/IOBluetooth.framework/Versions/A/IOBluetooth
0x0000000015df1000 	/System/Library/PrivateFrameworks/CoreWiFi.framework/Versions/A/CoreWiFi
0x0000000015df1000 	/System/Library/Frameworks/CoreBluetooth.framework/Versions/A/CoreBluetooth
0x0000000015df1000 	/System/Library/Frameworks/CoreDisplay.framework/Versions/A/CoreDisplay
0x0000000015df1000 	/System/Library/PrivateFrameworks/IOPresentment.framework/Versions/A/IOPresentment
0x0000000015df1000 	/System/Library/PrivateFrameworks/DebugSymbols.framework/Versions/A/DebugSymbols
0x0000000015df1000 	/System/Library/PrivateFrameworks/CoreSymbolication.framework/Versions/A/CoreSymbolication
0x0000000015df1000 	/System/Library/PrivateFrameworks/Symbolication.framework/Versions/A/Symbolication
0x0000000015df1000 	/System/Library/PrivateFrameworks/AppleFSCompression.framework/Versions/A/AppleFSCompression
0x0000000015df1000 	/System/Library/PrivateFrameworks/SpeechRecognitionCore.framework/Versions/A/SpeechRecognitionCore
0x0000000015df1000 	/System/Library/PrivateFrameworks/ChunkingLibrary.framework/Versions/A/ChunkingLibrary
0x000000010219a000 	/Library/Java/JavaVirtualMachines/jdk1.8.0_101.jdk/Contents/Home/jre/lib/server/libjvm.dylib
0x0000000015df1000 	/usr/lib/libstdc++.6.dylib
0x0000000103137000 	/Library/Java/JavaVirtualMachines/jdk1.8.0_101.jdk/Contents/Home/jre/lib/libverify.dylib
0x0000000103145000 	/Library/Java/JavaVirtualMachines/jdk1.8.0_101.jdk/Contents/Home/jre/lib/libjava.dylib
0x0000000103182000 	/Library/Java/JavaVirtualMachines/jdk1.8.0_101.jdk/Contents/Home/jre/lib/libzip.dylib
0x00000001062f3000 	/System/Library/Frameworks/JavaVM.framework/Frameworks/JavaRuntimeSupport.framework/JavaRuntimeSupport
0x000000010630d000 	/System/Library/Frameworks/JavaVM.framework/Versions/A/Frameworks/JavaNativeFoundation.framework/Versions/A/JavaNativeFoundation
0x0000000106322000 	/System/Library/Frameworks/JavaVM.framework/Versions/A/JavaVM
0x0000000015df1000 	/System/Library/Frameworks/Carbon.framework/Versions/A/Carbon
0x000000010632f000 	/System/Library/PrivateFrameworks/JavaLaunching.framework/Versions/A/JavaLaunching
0x0000000015df1000 	/System/Library/Frameworks/Carbon.framework/Versions/A/Frameworks/CommonPanels.framework/Versions/A/CommonPanels
0x0000000015df1000 	/System/Library/Frameworks/Carbon.framework/Versions/A/Frameworks/Help.framework/Versions/A/Help
0x0000000015df1000 	/System/Library/Frameworks/Carbon.framework/Versions/A/Frameworks/ImageCapture.framework/Versions/A/ImageCapture
0x0000000015df1000 	/System/Library/Frameworks/Carbon.framework/Versions/A/Frameworks/OpenScripting.framework/Versions/A/OpenScripting
0x0000000015df1000 	/System/Library/Frameworks/Carbon.framework/Versions/A/Frameworks/Print.framework/Versions/A/Print
0x0000000015df1000 	/System/Library/Frameworks/Carbon.framework/Versions/A/Frameworks/SecurityHI.framework/Versions/A/SecurityHI
0x00000001063a6000 	/Library/Java/JavaVirtualMachines/jdk1.8.0_101.jdk/Contents/Home/jre/lib/libnet.dylib
0x0000000106405000 	/Library/Java/JavaVirtualMachines/jdk1.8.0_101.jdk/Contents/Home/jre/lib/libnio.dylib
0x0000000106843000 	/Users/elchroy/.gradle/native/19/osx-amd64/libnative-platform.dylib
0x0000000106848000 	/Users/elchroy/.gradle/native/19/osx-amd64/libnative-platform-curses.dylib
0x0000000015df1000 	/usr/lib/libncurses.5.4.dylib
0x000000010684c000 	/private/var/folders/3j/p0_wzk9d1ns47ybk3ng5x3w80000gn/T/jna5658242855473412194.tmp
0x0000000106861000 	/Library/Java/JavaVirtualMachines/jdk1.8.0_101.jdk/Contents/Home/jre/lib/libmanagement.dylib

VM Arguments:
jvm_args: -Dorg.gradle.appname=gradlew 
java_command: org.gradle.wrapper.GradleWrapperMain installDebug
java_class_path (initial): /Users/elchroy/Roy/Code/rubyment/roymobile/android/gradle/wrapper/gradle-wrapper.jar
Launcher Type: SUN_STANDARD

Environment Variables:
PATH=/usr/local/opt/nvm/versions/node/v6.3.0/lib/node_modules/npm/bin/node-gyp-bin:/Users/elchroy/Roy/Code/rubyment/roymobile/node_modules/.bin:/usr/local/opt/nvm/versions/node/v6.3.0/bin:/Users/elchroy/.rvm/gems/ruby-2.3.0/bin:/Users/elchroy/.rvm/gems/ruby-2.3.0@global/bin:/Users/elchroy/.rvm/rubies/ruby-2.3.0/bin:/usr/local/opt/nvm/versions/node/v6.3.0/bin:/usr/local/mysql/bin:/usr/local/share/python:/usr/local/bin:/usr/bin:/bin:/usr/sbin:/sbin:/Users/elchroy/golang/src/github.com/andela/bin:/usr/local/opt/go/libexec/bin:/Users/elchroy/.rvm/bin:/Users/elchroy/Library/Android/sdk/tools:/Users/elchroy/Library/Android/sdk/platform-tools
SHELL=/bin/zsh

Signal Handlers:
SIGSEGV: [libjvm.dylib+0x5af145], sa_mask[0]=11111111011111110111111111111111, sa_flags=SA_ONSTACK|SA_RESTART|SA_SIGINFO
SIGBUS: [libjvm.dylib+0x5af145], sa_mask[0]=11111111011111110111111111111111, sa_flags=SA_RESTART|SA_SIGINFO
SIGFPE: [libjvm.dylib+0x48694c], sa_mask[0]=11111111011111110111111111111111, sa_flags=SA_RESTART|SA_SIGINFO
SIGPIPE: [libjvm.dylib+0x48694c], sa_mask[0]=11111111011111110111111111111111, sa_flags=SA_RESTART|SA_SIGINFO
SIGXFSZ: [libjvm.dylib+0x48694c], sa_mask[0]=11111111011111110111111111111111, sa_flags=SA_RESTART|SA_SIGINFO
SIGILL: [libjvm.dylib+0x48694c], sa_mask[0]=11111111011111110111111111111111, sa_flags=SA_RESTART|SA_SIGINFO
SIGUSR1: SIG_DFL, sa_mask[0]=11111111011111110111111111111111, sa_flags=none
SIGUSR2: [libjvm.dylib+0x48646a], sa_mask[0]=00000000000000000000000000000000, sa_flags=SA_RESTART|SA_SIGINFO
SIGHUP: [libjvm.dylib+0x484a41], sa_mask[0]=11111111011111110111111111111111, sa_flags=SA_RESTART|SA_SIGINFO
SIGINT: [libjvm.dylib+0x484a41], sa_mask[0]=11111111011111110111111111111111, sa_flags=SA_RESTART|SA_SIGINFO
SIGTERM: [libjvm.dylib+0x484a41], sa_mask[0]=11111111011111110111111111111111, sa_flags=SA_RESTART|SA_SIGINFO
SIGQUIT: [libjvm.dylib+0x484a41], sa_mask[0]=11111111011111110111111111111111, sa_flags=SA_RESTART|SA_SIGINFO


---------------  S Y S T E M  ---------------

OS:Bsduname:Darwin 16.4.0 Darwin Kernel Version 16.4.0: Thu Dec 22 22:53:21 PST 2016; root:xnu-3789.41.3~3/RELEASE_X86_64 x86_64
rlimit: STACK 8192k, CORE 0k, NPROC 709, NOFILE 10240, AS infinity
load average:3.59 2.83 2.60

CPU:total 4 (2 cores per cpu, 2 threads per core) family 6 model 61 stepping 4, cmov, cx8, fxsr, mmx, sse, sse2, sse3, ssse3, sse4.1, sse4.2, popcnt, avx, avx2, aes, clmul, erms, 3dnowpref, lzcnt, ht, tsc, tscinvbit, bmi1, bmi2, adx

Memory: 4k page, physical 8388608k(61068k free)

/proc/meminfo:


vm_info: Java HotSpot(TM) 64-Bit Server VM (25.101-b13) for bsd-amd64 JRE (1.8.0_101-b13), built on Jun 22 2016 02:42:15 by "java_re" with gcc 4.2.1 (Based on Apple Inc. build 5658) (LLVM build 2336.11.00)

time: Wed Feb  8 01:36:34 2017
elapsed time: 14 seconds (0d 0h 0m 14s)

