#
# A fatal error has been detected by the Java Runtime Environment:
#
#  SIGSEGV (0xb) at pc=0x000000010e0cd498, pid=13504, tid=0x0000000000000307
#
# JRE version: Java(TM) SE Runtime Environment (8.0_101-b13) (build 1.8.0_101-b13)
# Java VM: Java HotSpot(TM) 64-Bit Server VM (25.101-b13 mixed mode bsd-amd64 compressed oops)
# Problematic frame:
# V  [libjvm.dylib+0x486498]  SR_handler(int, __siginfo*, __darwin_ucontext*)+0x2e
#
# Failed to write core dump. Core dumps have been disabled. To enable core dumping, try "ulimit -c unlimited" before starting Java again
#
# If you would like to submit a bug report, please visit:
#   http://bugreport.java.com/bugreport/crash.jsp
#

---------------  T H R E A D  ---------------

Current thread is native thread

siginfo: si_signo: 11 (SIGSEGV), si_code: 1 (SEGV_MAPERR), si_addr: 0x0000000000000128

Registers:
RAX=0x0000000000000000, RBX=0x00007fff528ec7a0, RCX=0x00007fffb19f4408, RDX=0x00007fff528ec7a0
RSP=0x00007fff528ec2d0, RBP=0x00007fff528ec300, RSI=0x00007fff528ec738, RDI=0x0000000000000103
R8 =0x00007fff528ec7a0, R9 =0x00000000ffffffff, R10=0x0000000000000c00, R11=0x0000000000000206
R12=0x0000000000000c00, R13=0x0000000000000000, R14=0x00007fff528ec738, R15=0x0000000000000002
RIP=0x000000010e0cd498, EFLAGS=0x0000000000010202, ERR=0x0000000000000004
  TRAPNO=0x000000000000000e

Top of Stack: (sp=0x00007fff528ec2d0)
0x00007fff528ec2d0:   0000000000000000 00007fff528ec7a0
0x00007fff528ec2e0:   0000000000000c00 0000000000000000
0x00007fff528ec2f0:   00007fff528ec9d0 0000000000001103
0x00007fff528ec300:   00007fff528ec310 00007fffa8db4bba
0x00007fff528ec310:   00007fff528ec8a0 0000000000016900
0x00007fff528ec320:   00016a00ae448958 00007fffb188a2d0
0x00007fff528ec330:   0100001f00000085 00007fff93650680
0x00007fff528ec340:   0000000010004005 00000000ffffffff
0x00007fff528ec350:   00007fff528ec858 0000000000000000
0x00007fff528ec360:   00007fff528ec9d0 0000000007000806
0x00007fff528ec370:   00007fff528ec8a0 00007fff528ec858
0x00007fff528ec380:   0000000000001103 00000000ffffffff
0x00007fff528ec390:   0000000000000c00 0000000000000206
0x00007fff528ec3a0:   0000000000000c00 0000000000000000
0x00007fff528ec3b0:   00007fff528ec9d0 0000000000001103
0x00007fff528ec3c0:   000000010db3c38a 0000000000000206
0x00007fff528ec3d0:   0000000000000007 0000000000000000
0x00007fff528ec3e0:   0000000000000000 0000000000000000
0x00007fff528ec3f0:   000000000000037f 0000000000000000
0x00007fff528ec400:   0000000000000000 0000ffff00001fa0
0x00007fff528ec410:   0000000000000000 000000000000ffff
0x00007fff528ec420:   0000000000000100 000000000000ffff
0x00007fff528ec430:   0000000000000000 0000000000000000
0x00007fff528ec440:   0000000000000000 0000000000000000
0x00007fff528ec450:   87bc000000000000 000000000000c00b
0x00007fff528ec460:   0000000000000000 0000000000000000
0x00007fff528ec470:   bb78000000000000 000000000000400b
0x00007fff528ec480:   0000000000000000 0000000000000000
0x00007fff528ec490:   41be4c8e5a0861a6 0000000000000000
0x00007fff528ec4a0:   3fa0c34c1a8ac5c1 0000000000000000
0x00007fff528ec4b0:   c3de3f8b4226f18c 439c074bdd90e73f
0x00007fff528ec4c0:   0000000000000000 0000000000000000 

Instructions: (pc=0x000000010e0cd498)
0x000000010e0cd478:   83 ec 08 48 89 d3 49 89 f6 e8 00 26 14 00 44 8b
0x000000010e0cd488:   38 48 8d 05 20 cd 3a 00 48 63 38 e8 ca 28 14 00
0x000000010e0cd498:   4c 8b a0 28 01 00 00 41 83 7c 24 34 01 0f 85 e2
0x000000010e0cd4a8:   00 00 00 49 89 5c 24 40 4d 89 74 24 38 49 8d 5c 

Register to memory mapping:

RAX=0x0000000000000000 is an unknown value
RBX=0x00007fff528ec7a0 is an unknown value
RCX=0x00007fffb19f4408: _thread+0x48 in /usr/lib/system/libsystem_pthread.dylib at 0x00007fffa8dbb000
RDX=0x00007fff528ec7a0 is an unknown value
RSP=0x00007fff528ec2d0 is an unknown value
RBP=0x00007fff528ec300 is an unknown value
RSI=0x00007fff528ec738 is an unknown value
RDI=0x0000000000000103 is an unknown value
R8 =0x00007fff528ec7a0 is an unknown value
R9 =0x00000000ffffffff is an unknown value
R10=0x0000000000000c00 is an unknown value
R11=0x0000000000000206 is an unknown value
R12=0x0000000000000c00 is an unknown value
R13=0x0000000000000000 is an unknown value
R14=0x00007fff528ec738 is an unknown value
R15=0x0000000000000002 is an unknown value


Stack: [0x00007fff520f1000,0x00007fff528f1000],  sp=0x00007fff528ec2d0,  free space=8172k
Native frames: (J=compiled Java code, j=interpreted, Vv=VM code, C=native code)
V  [libjvm.dylib+0x486498]  SR_handler(int, __siginfo*, __darwin_ucontext*)+0x2e
C  [libsystem_platform.dylib+0x2bba]  _sigtramp+0x1a
C  0x0000000000016900
C  [CoreFoundation+0x88c94]  __CFRunLoopServiceMachPort+0xd4
C  [CoreFoundation+0x88121]  __CFRunLoopRun+0x551
C  [CoreFoundation+0x87974]  CFRunLoopRunSpecific+0x1a4
C  [java+0x6465]  CreateExecutionEnvironment+0x367
C  [java+0x218c]  JLI_Launch+0x7a0
C  [java+0x84c2]  main+0x65
C  [java+0x19e4]  start+0x34


---------------  P R O C E S S  ---------------

VM state:not at safepoint (normal execution)

VM Mutex/Monitor currently owned by a thread: None

Heap:
 PSYoungGen      total 157696K, used 111041K [0x0000000795580000, 0x00000007a3c80000, 0x00000007c0000000)
  eden space 143360K, 77% used [0x0000000795580000,0x000000079c1f0598,0x000000079e180000)
  from space 14336K, 0% used [0x000000079f100000,0x000000079f100000,0x000000079ff00000)
  to   space 15872K, 0% used [0x000000079e180000,0x000000079e180000,0x000000079f100000)
 ParOldGen       total 115200K, used 24585K [0x0000000740000000, 0x0000000747080000, 0x0000000795580000)
  object space 115200K, 21% used [0x0000000740000000,0x0000000741802628,0x0000000747080000)
 Metaspace       used 36368K, capacity 37396K, committed 37464K, reserved 1081344K
  class space    used 5063K, capacity 5457K, committed 5504K, reserved 1048576K

Card table byte_map: [0x000000010f7fe000,0x000000010fbff000] byte_map_base: 0x000000010bdfe000

Marking Bits: (ParMarkBitMap*) 0x000000010e534d20
 Begin Bits: [0x000000010feaa000, 0x0000000111eaa000)
 End Bits:   [0x0000000111eaa000, 0x0000000113eaa000)

Polling page: 0x000000010db85000

CodeCache: size=245760Kb used=11799Kb max_used=11799Kb free=233960Kb
 bounds [0x0000000118bd7000, 0x0000000119767000, 0x0000000127bd7000]
 total_blobs=3917 nmethods=3267 adapters=563
 compilation: enabled

Compilation events (10 events):
Event: 13.857 Thread 0x00007fec2a821000 3497       2       org.apache.commons.collections.map.AbstractReferenceMap::get (23 bytes)
Event: 13.860 Thread 0x00007fec2a821000 nmethod 3497 0x0000000119762c10 code [0x0000000119762dc0, 0x0000000119763088]
Event: 13.861 Thread 0x00007fec2a821000 3498       2       org.apache.commons.collections.map.AbstractReferenceMap::purgeBeforeRead (5 bytes)
Event: 13.862 Thread 0x00007fec2a821000 nmethod 3498 0x0000000119763310 code [0x00000001197634c0, 0x0000000119763a68]
Event: 13.862 Thread 0x00007fec2a821000 3499       2       org.apache.commons.collections.map.AbstractReferenceMap::getEntry (12 bytes)
Event: 13.862 Thread 0x00007fec2a821000 nmethod 3499 0x0000000119763d90 code [0x0000000119763f00, 0x0000000119764088]
Event: 13.868 Thread 0x00007fec2a821000 3500       2       org.gradle.api.internal.project.taskfactory.AnnotationProcessingTaskFactory$Validator::attachActions (219 bytes)
Event: 13.871 Thread 0x00007fec2a821000 nmethod 3500 0x0000000119764110 code [0x0000000119764380, 0x0000000119764ba8]
Event: 13.978 Thread 0x00007fec2a821000 3501       2       org.gradle.api.internal.project.taskfactory.AnnotationProcessingTaskFactory$Validator$1::<init> (20 bytes)
Event: 13.979 Thread 0x00007fec2a821000 nmethod 3501 0x0000000119765590 code [0x00000001197656e0, 0x0000000119765870]

GC Heap History (10 events):
Event: 4.742 GC heap before
{Heap before GC invocations=6 (full 1):
 PSYoungGen      total 71680K, used 5088K [0x0000000795580000, 0x000000079ea80000, 0x00000007c0000000)
  eden space 66560K, 0% used [0x0000000795580000,0x0000000795580000,0x0000000799680000)
  from space 5120K, 99% used [0x0000000799680000,0x0000000799b78060,0x0000000799b80000)
  to   space 9728K, 0% used [0x000000079e100000,0x000000079e100000,0x000000079ea80000)
 ParOldGen       total 87552K, used 9386K [0x0000000740000000, 0x0000000745580000, 0x0000000795580000)
  object space 87552K, 10% used [0x0000000740000000,0x000000074092a8c8,0x0000000745580000)
 Metaspace       used 20806K, capacity 21118K, committed 21248K, reserved 1067008K
  class space    used 2828K, capacity 2978K, committed 3072K, reserved 1048576K
Event: 4.818 GC heap after
Heap after GC invocations=6 (full 1):
 PSYoungGen      total 71680K, used 0K [0x0000000795580000, 0x000000079ea80000, 0x00000007c0000000)
  eden space 66560K, 0% used [0x0000000795580000,0x0000000795580000,0x0000000799680000)
  from space 5120K, 0% used [0x0000000799680000,0x0000000799680000,0x0000000799b80000)
  to   space 9728K, 0% used [0x000000079e100000,0x000000079e100000,0x000000079ea80000)
 ParOldGen       total 63488K, used 8924K [0x0000000740000000, 0x0000000743e00000, 0x0000000795580000)
  object space 63488K, 14% used [0x0000000740000000,0x00000007408b7208,0x0000000743e00000)
 Metaspace       used 20806K, capacity 21118K, committed 21248K, reserved 1067008K
  class space    used 2828K, capacity 2978K, committed 3072K, reserved 1048576K
}
Event: 6.837 GC heap before
{Heap before GC invocations=7 (full 1):
 PSYoungGen      total 71680K, used 66560K [0x0000000795580000, 0x000000079ea80000, 0x00000007c0000000)
  eden space 66560K, 100% used [0x0000000795580000,0x0000000799680000,0x0000000799680000)
  from space 5120K, 0% used [0x0000000799680000,0x0000000799680000,0x0000000799b80000)
  to   space 9728K, 0% used [0x000000079e100000,0x000000079e100000,0x000000079ea80000)
 ParOldGen       total 63488K, used 8924K [0x0000000740000000, 0x0000000743e00000, 0x0000000795580000)
  object space 63488K, 14% used [0x0000000740000000,0x00000007408b7208,0x0000000743e00000)
 Metaspace       used 25361K, capacity 25984K, committed 26240K, reserved 1071104K
  class space    used 3436K, capacity 3673K, committed 3712K, reserved 1048576K
Event: 6.862 GC heap after
Heap after GC invocations=7 (full 1):
 PSYoungGen      total 105472K, used 6221K [0x0000000795580000, 0x000000079e780000, 0x00000007c0000000)
  eden space 98816K, 0% used [0x0000000795580000,0x0000000795580000,0x000000079b600000)
  from space 6656K, 93% used [0x000000079e100000,0x000000079e7135e8,0x000000079e780000)
  to   space 9216K, 0% used [0x000000079d580000,0x000000079d580000,0x000000079de80000)
 ParOldGen       total 63488K, used 8932K [0x0000000740000000, 0x0000000743e00000, 0x0000000795580000)
  object space 63488K, 14% used [0x0000000740000000,0x00000007408b9208,0x0000000743e00000)
 Metaspace       used 25361K, capacity 25984K, committed 26240K, reserved 1071104K
  class space    used 3436K, capacity 3673K, committed 3712K, reserved 1048576K
}
Event: 9.539 GC heap before
{Heap before GC invocations=8 (full 1):
 PSYoungGen      total 105472K, used 105037K [0x0000000795580000, 0x000000079e780000, 0x00000007c0000000)
  eden space 98816K, 100% used [0x0000000795580000,0x000000079b600000,0x000000079b600000)
  from space 6656K, 93% used [0x000000079e100000,0x000000079e7135e8,0x000000079e780000)
  to   space 9216K, 0% used [0x000000079d580000,0x000000079d580000,0x000000079de80000)
 ParOldGen       total 63488K, used 8932K [0x0000000740000000, 0x0000000743e00000, 0x0000000795580000)
  object space 63488K, 14% used [0x0000000740000000,0x00000007408b9208,0x0000000743e00000)
 Metaspace       used 32061K, capacity 33006K, committed 33280K, reserved 1077248K
  class space    used 4456K, capacity 4835K, committed 4864K, reserved 1048576K
Event: 9.567 GC heap after
Heap after GC invocations=8 (full 1):
 PSYoungGen      total 140288K, used 9200K [0x0000000795580000, 0x000000079ff00000, 0x00000007c0000000)
  eden space 131072K, 0% used [0x0000000795580000,0x0000000795580000,0x000000079d580000)
  from space 9216K, 99% used [0x000000079d580000,0x000000079de7c010,0x000000079de80000)
  to   space 14336K, 0% used [0x000000079f100000,0x000000079f100000,0x000000079ff00000)
 ParOldGen       total 63488K, used 16453K [0x0000000740000000, 0x0000000743e00000, 0x0000000795580000)
  object space 63488K, 25% used [0x0000000740000000,0x00000007410114f8,0x0000000743e00000)
 Metaspace       used 32061K, capacity 33006K, committed 33280K, reserved 1077248K
  class space    used 4456K, capacity 4835K, committed 4864K, reserved 1048576K
}
Event: 10.426 GC heap before
{Heap before GC invocations=9 (full 1):
 PSYoungGen      total 140288K, used 56139K [0x0000000795580000, 0x000000079ff00000, 0x00000007c0000000)
  eden space 131072K, 35% used [0x0000000795580000,0x0000000798356ce0,0x000000079d580000)
  from space 9216K, 99% used [0x000000079d580000,0x000000079de7c010,0x000000079de80000)
  to   space 14336K, 0% used [0x000000079f100000,0x000000079f100000,0x000000079ff00000)
 ParOldGen       total 63488K, used 16453K [0x0000000740000000, 0x0000000743e00000, 0x0000000795580000)
  object space 63488K, 25% used [0x0000000740000000,0x00000007410114f8,0x0000000743e00000)
 Metaspace       used 34354K, capacity 35304K, committed 35416K, reserved 1079296K
  class space    used 4786K, capacity 5198K, committed 5248K, reserved 1048576K
Event: 10.462 GC heap after
Heap after GC invocations=9 (full 1):
 PSYoungGen      total 157696K, used 14326K [0x0000000795580000, 0x00000007a3c80000, 0x00000007c0000000)
  eden space 143360K, 0% used [0x0000000795580000,0x0000000795580000,0x000000079e180000)
  from space 14336K, 99% used [0x000000079f100000,0x000000079fefda90,0x000000079ff00000)
  to   space 15872K, 0% used [0x000000079e180000,0x000000079e180000,0x000000079f100000)
 ParOldGen       total 63488K, used 16571K [0x0000000740000000, 0x0000000743e00000, 0x0000000795580000)
  object space 63488K, 26% used [0x0000000740000000,0x000000074102ece8,0x0000000743e00000)
 Metaspace       used 34354K, capacity 35304K, committed 35416K, reserved 1079296K
  class space    used 4786K, capacity 5198K, committed 5248K, reserved 1048576K
}
Event: 10.462 GC heap before
{Heap before GC invocations=10 (full 2):
 PSYoungGen      total 157696K, used 14326K [0x0000000795580000, 0x00000007a3c80000, 0x00000007c0000000)
  eden space 143360K, 0% used [0x0000000795580000,0x0000000795580000,0x000000079e180000)
  from space 14336K, 99% used [0x000000079f100000,0x000000079fefda90,0x000000079ff00000)
  to   space 15872K, 0% used [0x000000079e180000,0x000000079e180000,0x000000079f100000)
 ParOldGen       total 63488K, used 16571K [0x0000000740000000, 0x0000000743e00000, 0x0000000795580000)
  object space 63488K, 26% used [0x0000000740000000,0x000000074102ece8,0x0000000743e00000)
 Metaspace       used 34354K, capacity 35304K, committed 35416K, reserved 1079296K
  class space    used 4786K, capacity 5198K, committed 5248K, reserved 1048576K
Event: 10.824 GC heap after
Heap after GC invocations=10 (full 2):
 PSYoungGen      total 157696K, used 0K [0x0000000795580000, 0x00000007a3c80000, 0x00000007c0000000)
  eden space 143360K, 0% used [0x0000000795580000,0x0000000795580000,0x000000079e180000)
  from space 14336K, 0% used [0x000000079f100000,0x000000079f100000,0x000000079ff00000)
  to   space 15872K, 0% used [0x000000079e180000,0x000000079e180000,0x000000079f100000)
 ParOldGen       total 115200K, used 24585K [0x0000000740000000, 0x0000000747080000, 0x0000000795580000)
  object space 115200K, 21% used [0x0000000740000000,0x0000000741802628,0x0000000747080000)
 Metaspace       used 34354K, capacity 35304K, committed 35416K, reserved 1079296K
  class space    used 4786K, capacity 5198K, committed 5248K, reserved 1048576K
}

Deoptimization events (10 events):
Event: 7.278 Thread 0x00007fec2c005000 Uncommon trap: reason=unstable_if action=reinterpret pc=0x00000001193c1900 method=groovy.lang.MetaClassImpl$1MOPIter.methodNameAction(Ljava/lang/Class;Lorg/codehaus/groovy/runtime/metaclass/MetaMethodIndex$Entry;)V @ 95
Event: 8.158 Thread 0x00007fec2c005000 Uncommon trap: reason=unstable_if action=reinterpret pc=0x0000000118e92db4 method=java.util.LinkedHashMap.afterNodeInsertion(Z)V @ 1
Event: 8.281 Thread 0x00007fec2c005000 Uncommon trap: reason=unstable_if action=reinterpret pc=0x0000000118e84218 method=java.util.HashMap.hash(Ljava/lang/Object;)I @ 1
Event: 8.303 Thread 0x00007fec2c005000 Uncommon trap: reason=unstable_if action=reinterpret pc=0x0000000118e04f68 method=java.util.HashMap.hash(Ljava/lang/Object;)I @ 1
Event: 8.562 Thread 0x00007fec2c005000 Uncommon trap: reason=unstable_if action=reinterpret pc=0x000000011942b13c method=org.codehaus.groovy.reflection.CachedMethod.compareToMethod(Ljava/lang/reflect/Method;)I @ 111
Event: 10.219 Thread 0x00007fec2c005000 Uncommon trap: reason=unstable_if action=reinterpret pc=0x0000000118ee8714 method=java.util.HashMap.hash(Ljava/lang/Object;)I @ 1
Event: 10.238 Thread 0x00007fec2c005000 Uncommon trap: reason=unstable_if action=reinterpret pc=0x0000000119516010 method=groovy.lang.MetaClassImpl.checkIfStdMethod(Lgroovy/lang/MetaMethod;)V @ 168
Event: 10.244 Thread 0x00007fec2c005000 Uncommon trap: reason=unstable_if action=reinterpret pc=0x00000001194d4f90 method=groovy.lang.MetaClassImpl.checkIfStdMethod(Lgroovy/lang/MetaMethod;)V @ 168
Event: 10.327 Thread 0x00007fec2c005000 Uncommon trap: reason=unstable_if action=reinterpret pc=0x0000000118f23670 method=java.lang.AbstractStringBuilder.append(Ljava/lang/String;)Ljava/lang/AbstractStringBuilder; @ 1
Event: 13.766 Thread 0x00007fec2c005000 Uncommon trap: reason=unstable_if action=reinterpret pc=0x0000000118d313fc method=org.objectweb.asm.Type.getArgumentsAndReturnSizes(Ljava/lang/String;)I @ 47

Internal exceptions (10 events):
Event: 13.620 Thread 0x00007fec2c005000 Exception <a 'java/lang/ClassNotFoundException': com/android/build/gradle/internal/tasks/UninstallTask_DecoratedCustomizer> (0x000000079b58fd00) thrown at [/HUDSON3/workspace/8-2-build-macosx-x86_64/jdk8u101/7261/hotspot/src/share/vm/classfile/systemDicti
Event: 13.688 Thread 0x00007fec2c005000 Exception <a 'java/lang/ClassNotFoundException': com/android/build/gradle/internal/variant/TestVariantDataBeanInfo> (0x000000079b6aaec8) thrown at [/HUDSON3/workspace/8-2-build-macosx-x86_64/jdk8u101/7261/hotspot/src/share/vm/classfile/systemDictionary.cp
Event: 13.696 Thread 0x00007fec2c005000 Exception <a 'java/lang/ClassNotFoundException': com/android/build/gradle/internal/variant/TestVariantDataCustomizer> (0x000000079b6bf078) thrown at [/HUDSON3/workspace/8-2-build-macosx-x86_64/jdk8u101/7261/hotspot/src/share/vm/classfile/systemDictionary.
Event: 13.732 Thread 0x00007fec2c005000 Exception <a 'java/lang/ClassNotFoundException': com/android/build/gradle/tasks/PreCompilationVerificationTask_DecoratedBeanInfo> (0x000000079b78c5a8) thrown at [/HUDSON3/workspace/8-2-build-macosx-x86_64/jdk8u101/7261/hotspot/src/share/vm/classfile/syste
Event: 13.733 Thread 0x00007fec2c005000 Exception <a 'java/lang/ClassNotFoundException': com/android/build/gradle/tasks/PreCompilationVerificationTaskBeanInfo> (0x000000079b7a0bf0) thrown at [/HUDSON3/workspace/8-2-build-macosx-x86_64/jdk8u101/7261/hotspot/src/share/vm/classfile/systemDictionar
Event: 13.734 Thread 0x00007fec2c005000 Exception <a 'java/lang/ClassNotFoundException': com/android/build/gradle/tasks/PreCompilationVerificationTaskCustomizer> (0x000000079b7b5560) thrown at [/HUDSON3/workspace/8-2-build-macosx-x86_64/jdk8u101/7261/hotspot/src/share/vm/classfile/systemDiction
Event: 13.736 Thread 0x00007fec2c005000 Exception <a 'java/lang/ClassNotFoundException': com/android/build/gradle/tasks/PreCompilationVerificationTask_DecoratedCustomizer> (0x000000079b80ba88) thrown at [/HUDSON3/workspace/8-2-build-macosx-x86_64/jdk8u101/7261/hotspot/src/share/vm/classfile/sys
Event: 13.997 Thread 0x00007fec2c005000 Exception <a 'java/lang/ClassNotFoundException': org/gradle/api/tasks/testing/Test_DecoratedBeanInfo> (0x000000079c0cd180) thrown at [/HUDSON3/workspace/8-2-build-macosx-x86_64/jdk8u101/7261/hotspot/src/share/vm/classfile/systemDictionary.cpp, line 210]
Event: 13.998 Thread 0x00007fec2c005000 Exception <a 'java/lang/ClassNotFoundException': org/gradle/api/tasks/testing/TestBeanInfo> (0x000000079c0e8798) thrown at [/HUDSON3/workspace/8-2-build-macosx-x86_64/jdk8u101/7261/hotspot/src/share/vm/classfile/systemDictionary.cpp, line 210]
Event: 13.998 Thread 0x00007fec2c005000 Exception <a 'java/lang/ClassNotFoundException': org/gradle/api/tasks/testing/TestCustomizer> (0x000000079c105550) thrown at [/HUDSON3/workspace/8-2-build-macosx-x86_64/jdk8u101/7261/hotspot/src/share/vm/classfile/systemDictionary.cpp, line 210]

Events (10 events):
Event: 13.998 loading class org/gradle/api/tasks/testing/TestBeanInfo
Event: 13.998 loading class org/gradle/api/tasks/testing/TestBeanInfo done
Event: 13.998 loading class org/gradle/api/tasks/testing/TestCustomizer
Event: 13.998 loading class org/gradle/api/tasks/testing/TestCustomizer done
Event: 13.998 loading class org/gradle/api/tasks/testing/TestCustomizer
Event: 13.998 loading class org/gradle/api/tasks/testing/TestCustomizer done
Event: 13.998 loading class org/gradle/api/tasks/testing/TestCustomizer
Event: 13.998 loading class org/gradle/api/tasks/testing/TestCustomizer done
Event: 14.034 loading class org/gradle/api/tasks/testing/Test_DecoratedCustomizer
Event: 14.034 loading class org/gradle/api/tasks/testing/Test_DecoratedCustomizer done


Dynamic libraries:
0x000000001e29e000 	/System/Library/Frameworks/Cocoa.framework/Versions/A/Cocoa
0x000000001e29e000 	/System/Library/Frameworks/Security.framework/Versions/A/Security
0x000000001e29e000 	/System/Library/Frameworks/ApplicationServices.framework/Versions/A/ApplicationServices
0x000000001e29e000 	/usr/lib/libz.1.dylib
0x000000010d329000 	/usr/lib/libSystem.B.dylib
0x000000001e29e000 	/usr/lib/libobjc.A.dylib
0x000000001e29e000 	/System/Library/Frameworks/CoreFoundation.framework/Versions/A/CoreFoundation
0x000000001e29e000 	/System/Library/Frameworks/Foundation.framework/Versions/C/Foundation
0x000000001e29e000 	/System/Library/Frameworks/AppKit.framework/Versions/C/AppKit
0x000000001e29e000 	/System/Library/Frameworks/CoreData.framework/Versions/A/CoreData
0x000000001e29e000 	/System/Library/PrivateFrameworks/RemoteViewServices.framework/Versions/A/RemoteViewServices
0x000000001e29e000 	/System/Library/PrivateFrameworks/UIFoundation.framework/Versions/A/UIFoundation
0x000000001e29e000 	/System/Library/PrivateFrameworks/DFRFoundation.framework/Versions/A/DFRFoundation
0x000000001e29e000 	/usr/lib/libenergytrace.dylib
0x000000001e29e000 	/System/Library/PrivateFrameworks/SkyLight.framework/Versions/A/SkyLight
0x000000001e29e000 	/System/Library/Frameworks/CoreGraphics.framework/Versions/A/CoreGraphics
0x000000001e29e000 	/usr/lib/libScreenReader.dylib
0x000000001e29e000 	/System/Library/Frameworks/Accelerate.framework/Versions/A/Accelerate
0x000000001e29e000 	/System/Library/Frameworks/IOSurface.framework/Versions/A/IOSurface
0x000000001e29e000 	/System/Library/Frameworks/AudioToolbox.framework/Versions/A/AudioToolbox
0x000000001e29e000 	/System/Library/Frameworks/AudioUnit.framework/Versions/A/AudioUnit
0x000000001e29e000 	/System/Library/PrivateFrameworks/DataDetectorsCore.framework/Versions/A/DataDetectorsCore
0x000000001e29e000 	/System/Library/PrivateFrameworks/DesktopServicesPriv.framework/Versions/A/DesktopServicesPriv
0x000000001e29e000 	/System/Library/Frameworks/Carbon.framework/Versions/A/Frameworks/HIToolbox.framework/Versions/A/HIToolbox
0x000000001e29e000 	/usr/lib/libicucore.A.dylib
0x000000001e29e000 	/System/Library/Frameworks/QuartzCore.framework/Versions/A/QuartzCore
0x000000001e29e000 	/System/Library/Frameworks/Carbon.framework/Versions/A/Frameworks/SpeechRecognition.framework/Versions/A/SpeechRecognition
0x000000001e29e000 	/usr/lib/libauto.dylib
0x000000001e29e000 	/usr/lib/libxml2.2.dylib
0x000000001e29e000 	/System/Library/PrivateFrameworks/CoreUI.framework/Versions/A/CoreUI
0x000000001e29e000 	/System/Library/Frameworks/CoreAudio.framework/Versions/A/CoreAudio
0x000000001e29e000 	/System/Library/Frameworks/DiskArbitration.framework/Versions/A/DiskArbitration
0x000000001e29e000 	/usr/lib/liblangid.dylib
0x000000001e29e000 	/System/Library/PrivateFrameworks/MultitouchSupport.framework/Versions/A/MultitouchSupport
0x000000010d331000 	/System/Library/Frameworks/IOKit.framework/Versions/A/IOKit
0x000000001e29e000 	/usr/lib/libDiagnosticMessagesClient.dylib
0x000000001e29e000 	/System/Library/Frameworks/CoreServices.framework/Versions/A/CoreServices
0x000000001e29e000 	/System/Library/PrivateFrameworks/PerformanceAnalysis.framework/Versions/A/PerformanceAnalysis
0x000000001e29e000 	/System/Library/PrivateFrameworks/GenerationalStorage.framework/Versions/A/GenerationalStorage
0x000000001e29e000 	/System/Library/Frameworks/OpenGL.framework/Versions/A/OpenGL
0x000000001e29e000 	/System/Library/Frameworks/CoreImage.framework/Versions/A/CoreImage
0x000000001e29e000 	/System/Library/Frameworks/CoreText.framework/Versions/A/CoreText
0x000000001e29e000 	/System/Library/Frameworks/ImageIO.framework/Versions/A/ImageIO
0x000000001e29e000 	/System/Library/PrivateFrameworks/Backup.framework/Versions/A/Backup
0x000000001e29e000 	/usr/lib/libarchive.2.dylib
0x000000010d40a000 	/System/Library/Frameworks/CFNetwork.framework/Versions/A/CFNetwork
0x000000001e29e000 	/System/Library/Frameworks/SystemConfiguration.framework/Versions/A/SystemConfiguration
0x000000001e29e000 	/usr/lib/libCRFSuite.dylib
0x000000001e29e000 	/usr/lib/libc++.1.dylib
0x000000001e29e000 	/usr/lib/libc++abi.dylib
0x000000001e29e000 	/usr/lib/system/libcache.dylib
0x000000001e29e000 	/usr/lib/system/libcommonCrypto.dylib
0x000000001e29e000 	/usr/lib/system/libcompiler_rt.dylib
0x000000001e29e000 	/usr/lib/system/libcopyfile.dylib
0x000000001e29e000 	/usr/lib/system/libcorecrypto.dylib
0x000000001e29e000 	/usr/lib/system/libdispatch.dylib
0x000000010daf6000 	/usr/lib/system/libdyld.dylib
0x000000001e29e000 	/usr/lib/system/libkeymgr.dylib
0x000000001e29e000 	/usr/lib/system/liblaunch.dylib
0x000000001e29e000 	/usr/lib/system/libmacho.dylib
0x000000001e29e000 	/usr/lib/system/libquarantine.dylib
0x000000001e29e000 	/usr/lib/system/libremovefile.dylib
0x000000001e29e000 	/usr/lib/system/libsystem_asl.dylib
0x000000001e29e000 	/usr/lib/system/libsystem_blocks.dylib
0x000000001e29e000 	/usr/lib/system/libsystem_c.dylib
0x000000001e29e000 	/usr/lib/system/libsystem_configuration.dylib
0x000000001e29e000 	/usr/lib/system/libsystem_coreservices.dylib
0x000000010db04000 	/usr/lib/system/libsystem_coretls.dylib
0x000000001e29e000 	/usr/lib/system/libsystem_dnssd.dylib
0x000000001e29e000 	/usr/lib/system/libsystem_info.dylib
0x000000010db2a000 	/usr/lib/system/libsystem_kernel.dylib
0x000000001e29e000 	/usr/lib/system/libsystem_m.dylib
0x000000001e29e000 	/usr/lib/system/libsystem_malloc.dylib
0x000000001e29e000 	/usr/lib/system/libsystem_network.dylib
0x000000010db64000 	/usr/lib/system/libsystem_networkextension.dylib
0x000000001e29e000 	/usr/lib/system/libsystem_notify.dylib
0x000000001e29e000 	/usr/lib/system/libsystem_platform.dylib
0x000000001e29e000 	/usr/lib/system/libsystem_pthread.dylib
0x000000010db79000 	/usr/lib/system/libsystem_sandbox.dylib
0x000000001e29e000 	/usr/lib/system/libsystem_secinit.dylib
0x000000010db8a000 	/usr/lib/system/libsystem_symptoms.dylib
0x000000010db9f000 	/usr/lib/system/libsystem_trace.dylib
0x000000001e29e000 	/usr/lib/system/libunwind.dylib
0x000000001e29e000 	/usr/lib/system/libxpc.dylib
0x000000001e29e000 	/usr/lib/libbsm.0.dylib
0x000000010dbd9000 	/usr/lib/system/libkxld.dylib
0x000000001e29e000 	/usr/lib/libcoretls.dylib
0x000000001e29e000 	/usr/lib/libcoretls_cfhelpers.dylib
0x000000001e29e000 	/usr/lib/libxar.1.dylib
0x000000001e29e000 	/usr/lib/libsqlite3.dylib
0x000000001e29e000 	/usr/lib/libpam.2.dylib
0x000000001e29e000 	/usr/lib/libOpenScriptingUtil.dylib
0x000000001e29e000 	/usr/lib/libbz2.1.0.dylib
0x000000001e29e000 	/usr/lib/liblzma.5.dylib
0x000000001e29e000 	/usr/lib/libnetwork.dylib
0x000000001e29e000 	/usr/lib/libpcap.A.dylib
0x000000001e29e000 	/System/Library/Frameworks/CoreServices.framework/Versions/A/Frameworks/FSEvents.framework/Versions/A/FSEvents
0x000000001e29e000 	/System/Library/Frameworks/CoreServices.framework/Versions/A/Frameworks/CarbonCore.framework/Versions/A/CarbonCore
0x000000001e29e000 	/System/Library/Frameworks/CoreServices.framework/Versions/A/Frameworks/Metadata.framework/Versions/A/Metadata
0x000000001e29e000 	/System/Library/Frameworks/CoreServices.framework/Versions/A/Frameworks/OSServices.framework/Versions/A/OSServices
0x000000001e29e000 	/System/Library/Frameworks/CoreServices.framework/Versions/A/Frameworks/SearchKit.framework/Versions/A/SearchKit
0x000000001e29e000 	/System/Library/Frameworks/CoreServices.framework/Versions/A/Frameworks/AE.framework/Versions/A/AE
0x000000001e29e000 	/System/Library/Frameworks/CoreServices.framework/Versions/A/Frameworks/LaunchServices.framework/Versions/A/LaunchServices
0x000000001e29e000 	/System/Library/Frameworks/CoreServices.framework/Versions/A/Frameworks/DictionaryServices.framework/Versions/A/DictionaryServices
0x000000001e29e000 	/System/Library/Frameworks/CoreServices.framework/Versions/A/Frameworks/SharedFileList.framework/Versions/A/SharedFileList
0x000000001e29e000 	/System/Library/Frameworks/NetFS.framework/Versions/A/NetFS
0x000000001e29e000 	/System/Library/PrivateFrameworks/NetAuth.framework/Versions/A/NetAuth
0x000000001e29e000 	/System/Library/PrivateFrameworks/login.framework/Versions/A/Frameworks/loginsupport.framework/Versions/A/loginsupport
0x000000001e29e000 	/System/Library/PrivateFrameworks/TCC.framework/Versions/A/TCC
0x000000001e29e000 	/usr/lib/libmecabra.dylib
0x000000001e29e000 	/System/Library/Frameworks/ApplicationServices.framework/Versions/A/Frameworks/ATS.framework/Versions/A/ATS
0x000000001e29e000 	/System/Library/Frameworks/ApplicationServices.framework/Versions/A/Frameworks/ColorSync.framework/Versions/A/ColorSync
0x000000001e29e000 	/System/Library/Frameworks/ApplicationServices.framework/Versions/A/Frameworks/HIServices.framework/Versions/A/HIServices
0x000000001e29e000 	/System/Library/Frameworks/ApplicationServices.framework/Versions/A/Frameworks/LangAnalysis.framework/Versions/A/LangAnalysis
0x000000001e29e000 	/System/Library/Frameworks/ApplicationServices.framework/Versions/A/Frameworks/PrintCore.framework/Versions/A/PrintCore
0x000000001e29e000 	/System/Library/Frameworks/ApplicationServices.framework/Versions/A/Frameworks/QD.framework/Versions/A/QD
0x000000001e29e000 	/System/Library/Frameworks/ApplicationServices.framework/Versions/A/Frameworks/SpeechSynthesis.framework/Versions/A/SpeechSynthesis
0x000000001e29e000 	/System/Library/Frameworks/Accelerate.framework/Versions/A/Frameworks/vImage.framework/Versions/A/vImage
0x000000001e29e000 	/System/Library/Frameworks/Accelerate.framework/Versions/A/Frameworks/vecLib.framework/Versions/A/vecLib
0x000000001e29e000 	/System/Library/Frameworks/Accelerate.framework/Versions/A/Frameworks/vecLib.framework/Versions/A/libvDSP.dylib
0x000000001e29e000 	/System/Library/Frameworks/Accelerate.framework/Versions/A/Frameworks/vecLib.framework/Versions/A/libBNNS.dylib
0x000000001e29e000 	/System/Library/Frameworks/Accelerate.framework/Versions/A/Frameworks/vecLib.framework/Versions/A/libQuadrature.dylib
0x000000001e29e000 	/System/Library/Frameworks/Accelerate.framework/Versions/A/Frameworks/vecLib.framework/Versions/A/libvMisc.dylib
0x000000001e29e000 	/System/Library/Frameworks/Accelerate.framework/Versions/A/Frameworks/vecLib.framework/Versions/A/libLAPACK.dylib
0x000000001e29e000 	/System/Library/Frameworks/Accelerate.framework/Versions/A/Frameworks/vecLib.framework/Versions/A/libBLAS.dylib
0x000000001e29e000 	/System/Library/Frameworks/Accelerate.framework/Versions/A/Frameworks/vecLib.framework/Versions/A/libLinearAlgebra.dylib
0x000000001e29e000 	/System/Library/Frameworks/Accelerate.framework/Versions/A/Frameworks/vecLib.framework/Versions/A/libSparseBLAS.dylib
0x000000001e29e000 	/System/Library/Frameworks/ApplicationServices.framework/Versions/A/Frameworks/ATS.framework/Versions/A/Resources/libFontParser.dylib
0x000000001e29e000 	/System/Library/Frameworks/ApplicationServices.framework/Versions/A/Frameworks/ATS.framework/Versions/A/Resources/libFontRegistry.dylib
0x000000001e29e000 	/System/Library/Frameworks/ImageIO.framework/Versions/A/Resources/libJPEG.dylib
0x000000001e29e000 	/System/Library/Frameworks/ImageIO.framework/Versions/A/Resources/libTIFF.dylib
0x000000001e29e000 	/System/Library/Frameworks/ImageIO.framework/Versions/A/Resources/libPng.dylib
0x000000001e29e000 	/System/Library/Frameworks/ImageIO.framework/Versions/A/Resources/libGIF.dylib
0x000000001e29e000 	/System/Library/Frameworks/ImageIO.framework/Versions/A/Resources/libJP2.dylib
0x000000001e29e000 	/System/Library/Frameworks/ImageIO.framework/Versions/A/Resources/libRadiance.dylib
0x000000001e29e000 	/usr/lib/libcompression.dylib
0x000000001e29e000 	/System/Library/PrivateFrameworks/AppleJPEG.framework/Versions/A/AppleJPEG
0x000000001e29e000 	/usr/lib/libcups.2.dylib
0x000000001e29e000 	/System/Library/Frameworks/Kerberos.framework/Versions/A/Kerberos
0x000000001e29e000 	/System/Library/Frameworks/GSS.framework/Versions/A/GSS
0x000000001e29e000 	/usr/lib/libresolv.9.dylib
0x000000001e29e000 	/usr/lib/libiconv.2.dylib
0x000000001e29e000 	/System/Library/PrivateFrameworks/Heimdal.framework/Versions/A/Heimdal
0x000000001e29e000 	/usr/lib/libheimdal-asn1.dylib
0x000000001e29e000 	/System/Library/Frameworks/OpenDirectory.framework/Versions/A/OpenDirectory
0x000000001e29e000 	/System/Library/PrivateFrameworks/CommonAuth.framework/Versions/A/CommonAuth
0x000000001e29e000 	/System/Library/Frameworks/OpenDirectory.framework/Versions/A/Frameworks/CFOpenDirectory.framework/Versions/A/CFOpenDirectory
0x000000001e29e000 	/System/Library/Frameworks/SecurityFoundation.framework/Versions/A/SecurityFoundation
0x000000001e29e000 	/System/Library/PrivateFrameworks/LanguageModeling.framework/Versions/A/LanguageModeling
0x000000001e29e000 	/usr/lib/libmarisa.dylib
0x000000001e29e000 	/usr/lib/libChineseTokenizer.dylib
0x000000001e29e000 	/usr/lib/libcmph.dylib
0x000000001e29e000 	/System/Library/PrivateFrameworks/CoreEmoji.framework/Versions/A/CoreEmoji
0x000000001e29e000 	/System/Library/Frameworks/ServiceManagement.framework/Versions/A/ServiceManagement
0x000000001e29e000 	/usr/lib/libxslt.1.dylib
0x000000001e29e000 	/System/Library/Frameworks/Carbon.framework/Versions/A/Frameworks/Ink.framework/Versions/A/Ink
0x000000001e29e000 	/System/Library/PrivateFrameworks/TextureIO.framework/Versions/A/TextureIO
0x000000001e29e000 	/System/Library/Frameworks/Metal.framework/Versions/A/Metal
0x000000001e29e000 	/usr/lib/libate.dylib
0x000000001e29e000 	/System/Library/PrivateFrameworks/GPUCompiler.framework/libmetal_timestamp.dylib
0x000000001e29e000 	/System/Library/Frameworks/OpenGL.framework/Versions/A/Libraries/libCoreFSCache.dylib
0x000000001e29e000 	/System/Library/PrivateFrameworks/IOAccelerator.framework/Versions/A/IOAccelerator
0x000000001e29e000 	/System/Library/Frameworks/CoreVideo.framework/Versions/A/CoreVideo
0x000000001e29e000 	/usr/lib/libFosl_dynamic.dylib
0x000000001e29e000 	/System/Library/PrivateFrameworks/MetalPerformanceShaders.framework/Versions/A/MetalPerformanceShaders
0x000000001e29e000 	/System/Library/PrivateFrameworks/FaceCore.framework/Versions/A/FaceCore
0x000000001e29e000 	/System/Library/Frameworks/OpenCL.framework/Versions/A/OpenCL
0x000000001e29e000 	/System/Library/Frameworks/OpenGL.framework/Versions/A/Libraries/libGLU.dylib
0x000000001e29e000 	/System/Library/Frameworks/OpenGL.framework/Versions/A/Libraries/libGFXShared.dylib
0x000000001e29e000 	/System/Library/Frameworks/OpenGL.framework/Versions/A/Libraries/libGL.dylib
0x000000001e29e000 	/System/Library/Frameworks/OpenGL.framework/Versions/A/Libraries/libGLImage.dylib
0x000000001e29e000 	/System/Library/Frameworks/OpenGL.framework/Versions/A/Libraries/libCVMSPluginSupport.dylib
0x000000001e29e000 	/System/Library/Frameworks/OpenGL.framework/Versions/A/Libraries/libCoreVMClient.dylib
0x000000001e29e000 	/System/Library/PrivateFrameworks/CrashReporterSupport.framework/Versions/A/CrashReporterSupport
0x000000001e29e000 	/System/Library/PrivateFrameworks/Sharing.framework/Versions/A/Sharing
0x000000001e29e000 	/System/Library/PrivateFrameworks/IconServices.framework/Versions/A/IconServices
0x000000001e29e000 	/System/Library/PrivateFrameworks/ProtocolBuffer.framework/Versions/A/ProtocolBuffer
0x000000001e29e000 	/System/Library/PrivateFrameworks/Apple80211.framework/Versions/A/Apple80211
0x000000001e29e000 	/System/Library/Frameworks/CoreWLAN.framework/Versions/A/CoreWLAN
0x000000001e29e000 	/System/Library/PrivateFrameworks/CoreUtils.framework/Versions/A/CoreUtils
0x000000001e29e000 	/System/Library/Frameworks/IOBluetooth.framework/Versions/A/IOBluetooth
0x000000001e29e000 	/System/Library/PrivateFrameworks/CoreWiFi.framework/Versions/A/CoreWiFi
0x000000001e29e000 	/System/Library/Frameworks/CoreBluetooth.framework/Versions/A/CoreBluetooth
0x000000001e29e000 	/System/Library/Frameworks/CoreDisplay.framework/Versions/A/CoreDisplay
0x000000001e29e000 	/System/Library/PrivateFrameworks/IOPresentment.framework/Versions/A/IOPresentment
0x000000001e29e000 	/System/Library/PrivateFrameworks/DebugSymbols.framework/Versions/A/DebugSymbols
0x000000001e29e000 	/System/Library/PrivateFrameworks/CoreSymbolication.framework/Versions/A/CoreSymbolication
0x000000001e29e000 	/System/Library/PrivateFrameworks/Symbolication.framework/Versions/A/Symbolication
0x000000001e29e000 	/System/Library/PrivateFrameworks/AppleFSCompression.framework/Versions/A/AppleFSCompression
0x000000001e29e000 	/System/Library/PrivateFrameworks/SpeechRecognitionCore.framework/Versions/A/SpeechRecognitionCore
0x000000001e29e000 	/System/Library/PrivateFrameworks/ChunkingLibrary.framework/Versions/A/ChunkingLibrary
0x000000010dc47000 	/Library/Java/JavaVirtualMachines/jdk1.8.0_101.jdk/Contents/Home/jre/lib/server/libjvm.dylib
0x000000001e29e000 	/usr/lib/libstdc++.6.dylib
0x000000010ebe4000 	/Library/Java/JavaVirtualMachines/jdk1.8.0_101.jdk/Contents/Home/jre/lib/libverify.dylib
0x000000010f400000 	/Library/Java/JavaVirtualMachines/jdk1.8.0_101.jdk/Contents/Home/jre/lib/libjava.dylib
0x000000010f435000 	/Library/Java/JavaVirtualMachines/jdk1.8.0_101.jdk/Contents/Home/jre/lib/libzip.dylib
0x0000000115da1000 	/System/Library/Frameworks/JavaVM.framework/Frameworks/JavaRuntimeSupport.framework/JavaRuntimeSupport
0x0000000115dbb000 	/System/Library/Frameworks/JavaVM.framework/Versions/A/Frameworks/JavaNativeFoundation.framework/Versions/A/JavaNativeFoundation
0x0000000115dd0000 	/System/Library/Frameworks/JavaVM.framework/Versions/A/JavaVM
0x000000001e29e000 	/System/Library/Frameworks/Carbon.framework/Versions/A/Carbon
0x0000000115ddd000 	/System/Library/PrivateFrameworks/JavaLaunching.framework/Versions/A/JavaLaunching
0x000000001e29e000 	/System/Library/Frameworks/Carbon.framework/Versions/A/Frameworks/CommonPanels.framework/Versions/A/CommonPanels
0x000000001e29e000 	/System/Library/Frameworks/Carbon.framework/Versions/A/Frameworks/Help.framework/Versions/A/Help
0x000000001e29e000 	/System/Library/Frameworks/Carbon.framework/Versions/A/Frameworks/ImageCapture.framework/Versions/A/ImageCapture
0x000000001e29e000 	/System/Library/Frameworks/Carbon.framework/Versions/A/Frameworks/OpenScripting.framework/Versions/A/OpenScripting
0x000000001e29e000 	/System/Library/Frameworks/Carbon.framework/Versions/A/Frameworks/Print.framework/Versions/A/Print
0x000000001e29e000 	/System/Library/Frameworks/Carbon.framework/Versions/A/Frameworks/SecurityHI.framework/Versions/A/SecurityHI
0x000000011771b000 	/Library/Java/JavaVirtualMachines/jdk1.8.0_101.jdk/Contents/Home/jre/lib/libnet.dylib
0x000000011777a000 	/Library/Java/JavaVirtualMachines/jdk1.8.0_101.jdk/Contents/Home/jre/lib/libnio.dylib
0x0000000117acf000 	/Users/elchroy/.gradle/native/19/osx-amd64/libnative-platform.dylib
0x0000000117ad4000 	/Users/elchroy/.gradle/native/19/osx-amd64/libnative-platform-curses.dylib
0x000000001e29e000 	/usr/lib/libncurses.5.4.dylib
0x0000000117ad8000 	/private/var/folders/3j/p0_wzk9d1ns47ybk3ng5x3w80000gn/T/jna7837402411156423422.tmp
0x0000000117aed000 	/Library/Java/JavaVirtualMachines/jdk1.8.0_101.jdk/Contents/Home/jre/lib/libmanagement.dylib

VM Arguments:
jvm_args: -Dorg.gradle.appname=gradlew 
java_command: org.gradle.wrapper.GradleWrapperMain installDebug
java_class_path (initial): /Users/elchroy/Roy/Code/rubyment/roymobile/android/gradle/wrapper/gradle-wrapper.jar
Launcher Type: SUN_STANDARD

Environment Variables:
PATH=/usr/local/opt/nvm/versions/node/v6.3.0/lib/node_modules/npm/bin/node-gyp-bin:/Users/elchroy/Roy/Code/rubyment/roymobile/node_modules/.bin:/usr/local/opt/nvm/versions/node/v6.3.0/bin:/Users/elchroy/.rvm/gems/ruby-2.3.0/bin:/Users/elchroy/.rvm/gems/ruby-2.3.0@global/bin:/Users/elchroy/.rvm/rubies/ruby-2.3.0/bin:/usr/local/opt/nvm/versions/node/v6.3.0/bin:/usr/local/mysql/bin:/usr/local/share/python:/usr/local/bin:/usr/bin:/bin:/usr/sbin:/sbin:/Users/elchroy/golang/src/github.com/andela/bin:/usr/local/opt/go/libexec/bin:/Users/elchroy/.rvm/bin:/Users/elchroy/Library/Android/sdk/tools:/Users/elchroy/Library/Android/sdk/platform-tools
SHELL=/bin/zsh

Signal Handlers:
SIGSEGV: [libjvm.dylib+0x5af145], sa_mask[0]=11111111011111110111111111111111, sa_flags=SA_ONSTACK|SA_RESTART|SA_SIGINFO
SIGBUS: [libjvm.dylib+0x5af145], sa_mask[0]=11111111011111110111111111111111, sa_flags=SA_RESTART|SA_SIGINFO
SIGFPE: [libjvm.dylib+0x48694c], sa_mask[0]=11111111011111110111111111111111, sa_flags=SA_RESTART|SA_SIGINFO
SIGPIPE: [libjvm.dylib+0x48694c], sa_mask[0]=11111111011111110111111111111111, sa_flags=SA_RESTART|SA_SIGINFO
SIGXFSZ: [libjvm.dylib+0x48694c], sa_mask[0]=11111111011111110111111111111111, sa_flags=SA_RESTART|SA_SIGINFO
SIGILL: [libjvm.dylib+0x48694c], sa_mask[0]=11111111011111110111111111111111, sa_flags=SA_RESTART|SA_SIGINFO
SIGUSR1: SIG_DFL, sa_mask[0]=11111111011111110111111111111111, sa_flags=none
SIGUSR2: [libjvm.dylib+0x48646a], sa_mask[0]=00000000000000000000000000000000, sa_flags=SA_RESTART|SA_SIGINFO
SIGHUP: [libjvm.dylib+0x484a41], sa_mask[0]=11111111011111110111111111111111, sa_flags=SA_RESTART|SA_SIGINFO
SIGINT: [libjvm.dylib+0x484a41], sa_mask[0]=11111111011111110111111111111111, sa_flags=SA_RESTART|SA_SIGINFO
SIGTERM: [libjvm.dylib+0x484a41], sa_mask[0]=11111111011111110111111111111111, sa_flags=SA_RESTART|SA_SIGINFO
SIGQUIT: [libjvm.dylib+0x484a41], sa_mask[0]=11111111011111110111111111111111, sa_flags=SA_RESTART|SA_SIGINFO


---------------  S Y S T E M  ---------------

OS:Bsduname:Darwin 16.4.0 Darwin Kernel Version 16.4.0: Thu Dec 22 22:53:21 PST 2016; root:xnu-3789.41.3~3/RELEASE_X86_64 x86_64
rlimit: STACK 8192k, CORE 0k, NPROC 709, NOFILE 10240, AS infinity
load average:5.30 5.47 5.94

CPU:total 4 (2 cores per cpu, 2 threads per core) family 6 model 61 stepping 4, cmov, cx8, fxsr, mmx, sse, sse2, sse3, ssse3, sse4.1, sse4.2, popcnt, avx, avx2, aes, clmul, erms, 3dnowpref, lzcnt, ht, tsc, tscinvbit, bmi1, bmi2, adx

Memory: 4k page, physical 8388608k(157136k free)

/proc/meminfo:


vm_info: Java HotSpot(TM) 64-Bit Server VM (25.101-b13) for bsd-amd64 JRE (1.8.0_101-b13), built on Jun 22 2016 02:42:15 by "java_re" with gcc 4.2.1 (Based on Apple Inc. build 5658) (LLVM build 2336.11.00)

time: Thu Feb  9 12:47:52 2017
elapsed time: 14 seconds (0d 0h 0m 14s)

