#
# A fatal error has been detected by the Java Runtime Environment:
#
#  SIGSEGV (0xb) at pc=0x000000010da86498, pid=37210, tid=0x0000000000000307
#
# JRE version: Java(TM) SE Runtime Environment (8.0_101-b13) (build 1.8.0_101-b13)
# Java VM: Java HotSpot(TM) 64-Bit Server VM (25.101-b13 mixed mode bsd-amd64 compressed oops)
# Problematic frame:
# V  [libjvm.dylib+0x486498]  SR_handler(int, __siginfo*, __darwin_ucontext*)+0x2e
#
# Failed to write core dump. Core dumps have been disabled. To enable core dumping, try "ulimit -c unlimited" before starting Java again
#
# If you would like to submit a bug report, please visit:
#   http://bugreport.java.com/bugreport/crash.jsp
#

---------------  T H R E A D  ---------------

Current thread is native thread

siginfo: si_signo: 11 (SIGSEGV), si_code: 1 (SEGV_MAPERR), si_addr: 0x0000000000000128

Registers:
RAX=0x0000000000000000, RBX=0x00007fff538567a0, RCX=0x00007fffa9547408, RDX=0x00007fff538567a0
RSP=0x00007fff538562d0, RBP=0x00007fff53856300, RSI=0x00007fff53856738, RDI=0x0000000000000103
R8 =0x00007fff538567a0, R9 =0x00000000ffffffff, R10=0x0000000000000c00, R11=0x0000000000000206
R12=0x0000000000000c00, R13=0x0000000000000000, R14=0x00007fff53856738, R15=0x0000000000000002
RIP=0x000000010da86498, EFLAGS=0x0000000000010202, ERR=0x0000000000000004
  TRAPNO=0x000000000000000e

Top of Stack: (sp=0x00007fff538562d0)
0x00007fff538562d0:   0000000000000000 00007fff538567a0
0x00007fff538562e0:   0000000000000c00 0000000000000000
0x00007fff538562f0:   00007fff538569d0 0000000000000d03
0x00007fff53856300:   00007fff53856310 00007fffa0907bba
0x00007fff53856310:   00007fff538568a0 0000000000015c00
0x00007fff53856320:   00015d00a5f9b958 00007fffa93dd2d0
0x00007fff53856330:   0100001f00000085 00007fff8b1a3680
0x00007fff53856340:   0000000010004005 00000000ffffffff
0x00007fff53856350:   00007fff53856858 0000000000000000
0x00007fff53856360:   00007fff538569d0 0000000007000806
0x00007fff53856370:   00007fff538568a0 00007fff53856858
0x00007fff53856380:   0000000000000d03 00000000ffffffff
0x00007fff53856390:   0000000000000c00 0000000000000206
0x00007fff538563a0:   0000000000000c00 0000000000000000
0x00007fff538563b0:   00007fff538569d0 0000000000000d03
0x00007fff538563c0:   000000010cbde38a 0000000000000206
0x00007fff538563d0:   0000000000000007 0000000000000000
0x00007fff538563e0:   0000000000000000 0000000000000000
0x00007fff538563f0:   000000000000037f 0000000000000000
0x00007fff53856400:   0000000000000000 0000ffff00001fa0
0x00007fff53856410:   0000000000000000 000000000000ffff
0x00007fff53856420:   0000000000000100 000000000000ffff
0x00007fff53856430:   0000000000000000 0000000000000000
0x00007fff53856440:   0000000000000000 0000000000000000
0x00007fff53856450:   87bc000000000000 000000000000c00b
0x00007fff53856460:   0000000000000000 0000000000000000
0x00007fff53856470:   8000000000000000 0000000000004007
0x00007fff53856480:   c060000000000000 000000000000400a
0x00007fff53856490:   41be4a9a08f55593 0000000000000000
0x00007fff538564a0:   3feeaab25b317efe 0000000000000000
0x00007fff538564b0:   c3de3f69334f5c96 439c096ccb0a36a5
0x00007fff538564c0:   0000000000000000 0000000000000000 

Instructions: (pc=0x000000010da86498)
0x000000010da86478:   83 ec 08 48 89 d3 49 89 f6 e8 00 26 14 00 44 8b
0x000000010da86488:   38 48 8d 05 20 cd 3a 00 48 63 38 e8 ca 28 14 00
0x000000010da86498:   4c 8b a0 28 01 00 00 41 83 7c 24 34 01 0f 85 e2
0x000000010da864a8:   00 00 00 49 89 5c 24 40 4d 89 74 24 38 49 8d 5c 

Register to memory mapping:

RAX=0x0000000000000000 is an unknown value
RBX=0x00007fff538567a0 is an unknown value
RCX=0x00007fffa9547408: _thread+0x48 in /usr/lib/system/libsystem_pthread.dylib at 0x00007fffa090e000
RDX=0x00007fff538567a0 is an unknown value
RSP=0x00007fff538562d0 is an unknown value
RBP=0x00007fff53856300 is an unknown value
RSI=0x00007fff53856738 is an unknown value
RDI=0x0000000000000103 is an unknown value
R8 =0x00007fff538567a0 is an unknown value
R9 =0x00000000ffffffff is an unknown value
R10=0x0000000000000c00 is an unknown value
R11=0x0000000000000206 is an unknown value
R12=0x0000000000000c00 is an unknown value
R13=0x0000000000000000 is an unknown value
R14=0x00007fff53856738 is an unknown value
R15=0x0000000000000002 is an unknown value


Stack: [0x00007fff5305b000,0x00007fff5385b000],  sp=0x00007fff538562d0,  free space=8172k
Native frames: (J=compiled Java code, j=interpreted, Vv=VM code, C=native code)
V  [libjvm.dylib+0x486498]  SR_handler(int, __siginfo*, __darwin_ucontext*)+0x2e
C  [libsystem_platform.dylib+0x2bba]  _sigtramp+0x1a
C  0x0000000000015c00
C  [CoreFoundation+0x88c94]  __CFRunLoopServiceMachPort+0xd4
C  [CoreFoundation+0x88121]  __CFRunLoopRun+0x551
C  [CoreFoundation+0x87974]  CFRunLoopRunSpecific+0x1a4
C  [java+0x6465]  CreateExecutionEnvironment+0x367
C  [java+0x218c]  JLI_Launch+0x7a0
C  [java+0x84c2]  main+0x65
C  [java+0x19e4]  start+0x34


---------------  P R O C E S S  ---------------

VM state:not at safepoint (normal execution)

VM Mutex/Monitor currently owned by a thread: None

Heap:
 PSYoungGen      total 156160K, used 53309K [0x0000000795580000, 0x00000007a2180000, 0x00000007c0000000)
  eden space 139776K, 27% used [0x0000000795580000,0x0000000797b9f440,0x000000079de00000)
  from space 16384K, 87% used [0x000000079de00000,0x000000079ebf0010,0x000000079ee00000)
  to   space 17920K, 0% used [0x00000007a1000000,0x00000007a1000000,0x00000007a2180000)
 ParOldGen       total 110080K, used 24596K [0x0000000740000000, 0x0000000746b80000, 0x0000000795580000)
  object space 110080K, 22% used [0x0000000740000000,0x0000000741805358,0x0000000746b80000)
 Metaspace       used 38995K, capacity 40118K, committed 40280K, reserved 1083392K
  class space    used 5485K, capacity 5978K, committed 6016K, reserved 1048576K

Card table byte_map: [0x000000010e95d000,0x000000010ed5e000] byte_map_base: 0x000000010af5d000

Marking Bits: (ParMarkBitMap*) 0x000000010deedd20
 Begin Bits: [0x000000011f2bc000, 0x00000001212bc000)
 End Bits:   [0x00000001212bc000, 0x00000001232bc000)

Polling page: 0x000000010cb90000

CodeCache: size=245760Kb used=13501Kb max_used=13501Kb free=232258Kb
 bounds [0x00000001102bc000, 0x0000000110ffc000, 0x000000011f2bc000]
 total_blobs=4609 nmethods=3952 adapters=569
 compilation: enabled

Compilation events (10 events):
Event: 6.953 Thread 0x00007fa92f035800 3992       3       java.util.ArrayList$SubList$1::<init> (47 bytes)
Event: 6.953 Thread 0x00007fa92f035800 nmethod 3992 0x0000000110fdb8d0 code [0x0000000110fdba40, 0x0000000110fdbc30]
Event: 6.953 Thread 0x00007fa92f035800 3993       3       java.util.ArrayList$SubList::size (9 bytes)
Event: 6.953 Thread 0x00007fa92f035800 nmethod 3993 0x0000000110fe0f90 code [0x0000000110fe1120, 0x0000000110fe13e8]
Event: 6.953 Thread 0x00007fa92f035800 3994       1       java.util.regex.Pattern$BranchConn::study (5 bytes)
Event: 6.953 Thread 0x00007fa92f035800 nmethod 3994 0x0000000110fe0c90 code [0x0000000110fe0de0, 0x0000000110fe0ef0]
Event: 6.954 Thread 0x00007fa92f035800 3995       3       org.gradle.util.GUtil::isTrue (56 bytes)
Event: 6.955 Thread 0x00007fa92f035800 nmethod 3995 0x0000000110fe0110 code [0x0000000110fe02c0, 0x0000000110fe0b28]
Event: 6.956 Thread 0x00007fa92f035800 3996       3       org.gradle.api.internal.file.collections.DirectoryFileTree::walkDir (311 bytes)
Event: 6.956 Thread 0x00007fa92f034800 3999       4       java.util.regex.Pattern$Node::study (21 bytes)

GC Heap History (10 events):
Event: 3.100 GC heap before
{Heap before GC invocations=7 (full 1):
 PSYoungGen      total 71680K, used 66560K [0x0000000795580000, 0x000000079ea80000, 0x00000007c0000000)
  eden space 66560K, 100% used [0x0000000795580000,0x0000000799680000,0x0000000799680000)
  from space 5120K, 0% used [0x0000000799680000,0x0000000799680000,0x0000000799b80000)
  to   space 9728K, 0% used [0x000000079e100000,0x000000079e100000,0x000000079ea80000)
 ParOldGen       total 63488K, used 8893K [0x0000000740000000, 0x0000000743e00000, 0x0000000795580000)
  object space 63488K, 14% used [0x0000000740000000,0x00000007408af4f8,0x0000000743e00000)
 Metaspace       used 25337K, capacity 25984K, committed 26240K, reserved 1071104K
  class space    used 3436K, capacity 3673K, committed 3712K, reserved 1048576K
Event: 3.111 GC heap after
Heap after GC invocations=7 (full 1):
 PSYoungGen      total 103424K, used 6066K [0x0000000795580000, 0x000000079e700000, 0x00000007c0000000)
  eden space 97280K, 0% used [0x0000000795580000,0x0000000795580000,0x000000079b480000)
  from space 6144K, 98% used [0x000000079e100000,0x000000079e6ec8f0,0x000000079e700000)
  to   space 9728K, 0% used [0x000000079d400000,0x000000079d400000,0x000000079dd80000)
 ParOldGen       total 63488K, used 8901K [0x0000000740000000, 0x0000000743e00000, 0x0000000795580000)
  object space 63488K, 14% used [0x0000000740000000,0x00000007408b14f8,0x0000000743e00000)
 Metaspace       used 25337K, capacity 25984K, committed 26240K, reserved 1071104K
  class space    used 3436K, capacity 3673K, committed 3712K, reserved 1048576K
}
Event: 4.244 GC heap before
{Heap before GC invocations=8 (full 1):
 PSYoungGen      total 103424K, used 103346K [0x0000000795580000, 0x000000079e700000, 0x00000007c0000000)
  eden space 97280K, 100% used [0x0000000795580000,0x000000079b480000,0x000000079b480000)
  from space 6144K, 98% used [0x000000079e100000,0x000000079e6ec8f0,0x000000079e700000)
  to   space 9728K, 0% used [0x000000079d400000,0x000000079d400000,0x000000079dd80000)
 ParOldGen       total 63488K, used 8901K [0x0000000740000000, 0x0000000743e00000, 0x0000000795580000)
  object space 63488K, 14% used [0x0000000740000000,0x00000007408b14f8,0x0000000743e00000)
 Metaspace       used 32013K, capacity 33006K, committed 33280K, reserved 1077248K
  class space    used 4454K, capacity 4835K, committed 4864K, reserved 1048576K
Event: 4.270 GC heap after
Heap after GC invocations=8 (full 1):
 PSYoungGen      total 139264K, used 9728K [0x0000000795580000, 0x000000079fb80000, 0x00000007c0000000)
  eden space 129536K, 0% used [0x0000000795580000,0x0000000795580000,0x000000079d400000)
  from space 9728K, 100% used [0x000000079d400000,0x000000079dd80000,0x000000079dd80000)
  to   space 13824K, 0% used [0x000000079ee00000,0x000000079ee00000,0x000000079fb80000)
 ParOldGen       total 63488K, used 15495K [0x0000000740000000, 0x0000000743e00000, 0x0000000795580000)
  object space 63488K, 24% used [0x0000000740000000,0x0000000740f21f10,0x0000000743e00000)
 Metaspace       used 32013K, capacity 33006K, committed 33280K, reserved 1077248K
  class space    used 4454K, capacity 4835K, committed 4864K, reserved 1048576K
}
Event: 4.790 GC heap before
{Heap before GC invocations=9 (full 1):
 PSYoungGen      total 139264K, used 58653K [0x0000000795580000, 0x000000079fb80000, 0x00000007c0000000)
  eden space 129536K, 37% used [0x0000000795580000,0x0000000798547770,0x000000079d400000)
  from space 9728K, 100% used [0x000000079d400000,0x000000079dd80000,0x000000079dd80000)
  to   space 13824K, 0% used [0x000000079ee00000,0x000000079ee00000,0x000000079fb80000)
 ParOldGen       total 63488K, used 15495K [0x0000000740000000, 0x0000000743e00000, 0x0000000795580000)
  object space 63488K, 24% used [0x0000000740000000,0x0000000740f21f10,0x0000000743e00000)
 Metaspace       used 34332K, capacity 35304K, committed 35416K, reserved 1079296K
  class space    used 4786K, capacity 5198K, committed 5248K, reserved 1048576K
Event: 4.818 GC heap after
Heap after GC invocations=9 (full 1):
 PSYoungGen      total 153600K, used 13824K [0x0000000795580000, 0x00000007a3780000, 0x00000007c0000000)
  eden space 139776K, 0% used [0x0000000795580000,0x0000000795580000,0x000000079de00000)
  from space 13824K, 100% used [0x000000079ee00000,0x000000079fb80000,0x000000079fb80000)
  to   space 16384K, 0% used [0x000000079de00000,0x000000079de00000,0x000000079ee00000)
 ParOldGen       total 63488K, used 16908K [0x0000000740000000, 0x0000000743e00000, 0x0000000795580000)
  object space 63488K, 26% used [0x0000000740000000,0x0000000741083250,0x0000000743e00000)
 Metaspace       used 34332K, capacity 35304K, committed 35416K, reserved 1079296K
  class space    used 4786K, capacity 5198K, committed 5248K, reserved 1048576K
}
Event: 4.818 GC heap before
{Heap before GC invocations=10 (full 2):
 PSYoungGen      total 153600K, used 13824K [0x0000000795580000, 0x00000007a3780000, 0x00000007c0000000)
  eden space 139776K, 0% used [0x0000000795580000,0x0000000795580000,0x000000079de00000)
  from space 13824K, 100% used [0x000000079ee00000,0x000000079fb80000,0x000000079fb80000)
  to   space 16384K, 0% used [0x000000079de00000,0x000000079de00000,0x000000079ee00000)
 ParOldGen       total 63488K, used 16908K [0x0000000740000000, 0x0000000743e00000, 0x0000000795580000)
  object space 63488K, 26% used [0x0000000740000000,0x0000000741083250,0x0000000743e00000)
 Metaspace       used 34332K, capacity 35304K, committed 35416K, reserved 1079296K
  class space    used 4786K, capacity 5198K, committed 5248K, reserved 1048576K
Event: 4.955 GC heap after
Heap after GC invocations=10 (full 2):
 PSYoungGen      total 153600K, used 0K [0x0000000795580000, 0x00000007a3780000, 0x00000007c0000000)
  eden space 139776K, 0% used [0x0000000795580000,0x0000000795580000,0x000000079de00000)
  from space 13824K, 0% used [0x000000079ee00000,0x000000079ee00000,0x000000079fb80000)
  to   space 16384K, 0% used [0x000000079de00000,0x000000079de00000,0x000000079ee00000)
 ParOldGen       total 110080K, used 24588K [0x0000000740000000, 0x0000000746b80000, 0x0000000795580000)
  object space 110080K, 22% used [0x0000000740000000,0x0000000741803358,0x0000000746b80000)
 Metaspace       used 34332K, capacity 35304K, committed 35416K, reserved 1079296K
  class space    used 4786K, capacity 5198K, committed 5248K, reserved 1048576K
}
Event: 6.351 GC heap before
{Heap before GC invocations=11 (full 2):
 PSYoungGen      total 153600K, used 139776K [0x0000000795580000, 0x00000007a3780000, 0x00000007c0000000)
  eden space 139776K, 100% used [0x0000000795580000,0x000000079de00000,0x000000079de00000)
  from space 13824K, 0% used [0x000000079ee00000,0x000000079ee00000,0x000000079fb80000)
  to   space 16384K, 0% used [0x000000079de00000,0x000000079de00000,0x000000079ee00000)
 ParOldGen       total 110080K, used 24588K [0x0000000740000000, 0x0000000746b80000, 0x0000000795580000)
  object space 110080K, 22% used [0x0000000740000000,0x0000000741803358,0x0000000746b80000)
 Metaspace       used 36777K, capacity 37778K, committed 38104K, reserved 1081344K
  class space    used 5124K, capacity 5544K, committed 5632K, reserved 1048576K
Event: 6.367 GC heap after
Heap after GC invocations=11 (full 2):
 PSYoungGen      total 156160K, used 14272K [0x0000000795580000, 0x00000007a2180000, 0x00000007c0000000)
  eden space 139776K, 0% used [0x0000000795580000,0x0000000795580000,0x000000079de00000)
  from space 16384K, 87% used [0x000000079de00000,0x000000079ebf0010,0x000000079ee00000)
  to   space 17920K, 0% used [0x00000007a1000000,0x00000007a1000000,0x00000007a2180000)
 ParOldGen       total 110080K, used 24596K [0x0000000740000000, 0x0000000746b80000, 0x0000000795580000)
  object space 110080K, 22% used [0x0000000740000000,0x0000000741805358,0x0000000746b80000)
 Metaspace       used 36777K, capacity 37778K, committed 38104K, reserved 1081344K
  class space    used 5124K, capacity 5544K, committed 5632K, reserved 1048576K
}

Deoptimization events (10 events):
Event: 6.129 Thread 0x00007fa92f800000 Uncommon trap: reason=unstable_if action=reinterpret pc=0x0000000110e19ef8 method=java.lang.reflect.Executable.sharedToGenericString(IZ)Ljava/lang/String; @ 282
Event: 6.310 Thread 0x00007fa92f800000 Uncommon trap: reason=unstable_if action=reinterpret pc=0x0000000110b888a0 method=org.codehaus.groovy.util.ReferenceManager$2.afterReferenceCreation(Lorg/codehaus/groovy/util/Reference;)V @ 8
Event: 6.332 Thread 0x00007fa92f800000 Uncommon trap: reason=unstable_if action=reinterpret pc=0x0000000110c1bf34 method=org.codehaus.groovy.util.ReferenceManager$2.afterReferenceCreation(Lorg/codehaus/groovy/util/Reference;)V @ 8
Event: 6.372 Thread 0x00007fa92f800000 Uncommon trap: reason=unstable_if action=reinterpret pc=0x0000000110ccf54c method=org.codehaus.groovy.util.ReferenceManager$2.afterReferenceCreation(Lorg/codehaus/groovy/util/Reference;)V @ 8
Event: 6.607 Thread 0x00007fa92f800000 Uncommon trap: reason=unstable_if action=reinterpret pc=0x0000000110c60f8c method=groovy.lang.MetaClassImpl.checkIfStdMethod(Lgroovy/lang/MetaMethod;)V @ 168
Event: 6.632 Thread 0x00007fa92f800000 Uncommon trap: reason=bimorphic action=maybe_recompile pc=0x000000011065be40 method=java.io.DataOutputStream.write([BII)V @ 7
Event: 6.633 Thread 0x00007fa92f800000 Uncommon trap: reason=bimorphic action=maybe_recompile pc=0x000000011065be40 method=java.io.DataOutputStream.write([BII)V @ 7
Event: 6.838 Thread 0x00007fa92f800000 Uncommon trap: reason=unstable_if action=reinterpret pc=0x0000000110fb2f74 method=java.lang.Class.arrayContentsEq([Ljava/lang/Object;[Ljava/lang/Object;)Z @ 1
Event: 6.863 Thread 0x00007fa92f800000 Uncommon trap: reason=unstable_if action=reinterpret pc=0x00000001108ac9d8 method=sun.misc.MetaIndex.mayContain(Ljava/lang/String;)Z @ 38
Event: 6.936 Thread 0x00007fa92f800000 Uncommon trap: reason=unstable_if action=reinterpret pc=0x0000000110a82344 method=java.lang.Class.arrayContentsEq([Ljava/lang/Object;[Ljava/lang/Object;)Z @ 1

Internal exceptions (10 events):
Event: 6.811 Thread 0x00007fa92f800000 Exception <a 'java/lang/ClassNotFoundException': com/android/builder/core/AndroidBuilderBeanInfo> (0x00000007975e3008) thrown at [/HUDSON3/workspace/8-2-build-macosx-x86_64/jdk8u101/7261/hotspot/src/share/vm/classfile/systemDictionary.cpp, line 210]
Event: 6.811 Thread 0x00007fa92f800000 Exception <a 'java/lang/ClassNotFoundException': com/android/builder/core/AndroidBuilderCustomizer> (0x00000007975f2440) thrown at [/HUDSON3/workspace/8-2-build-macosx-x86_64/jdk8u101/7261/hotspot/src/share/vm/classfile/systemDictionary.cpp, line 210]
Event: 6.813 Thread 0x00007fa92f800000 Exception <a 'java/lang/ClassNotFoundException': com/android/builder/sdk/TargetInfoBeanInfo> (0x000000079765f8d8) thrown at [/HUDSON3/workspace/8-2-build-macosx-x86_64/jdk8u101/7261/hotspot/src/share/vm/classfile/systemDictionary.cpp, line 210]
Event: 6.814 Thread 0x00007fa92f800000 Exception <a 'java/lang/ClassNotFoundException': com/android/builder/sdk/TargetInfoCustomizer> (0x000000079766e1a0) thrown at [/HUDSON3/workspace/8-2-build-macosx-x86_64/jdk8u101/7261/hotspot/src/share/vm/classfile/systemDictionary.cpp, line 210]
Event: 6.816 Thread 0x00007fa92f800000 Exception <a 'java/lang/ClassNotFoundException': com/android/sdklib/BuildToolInfoBeanInfo> (0x00000007976931e8) thrown at [/HUDSON3/workspace/8-2-build-macosx-x86_64/jdk8u101/7261/hotspot/src/share/vm/classfile/systemDictionary.cpp, line 210]
Event: 6.816 Thread 0x00007fa92f800000 Exception <a 'java/lang/ClassNotFoundException': com/android/sdklib/BuildToolInfoCustomizer> (0x00000007976a0688) thrown at [/HUDSON3/workspace/8-2-build-macosx-x86_64/jdk8u101/7261/hotspot/src/share/vm/classfile/systemDictionary.cpp, line 210]
Event: 6.831 Thread 0x00007fa92f800000 Exception <a 'java/lang/ClassNotFoundException': com/android/build/gradle/internal/core/MergedNdkConfigBeanInfo> (0x00000007977bb718) thrown at [/HUDSON3/workspace/8-2-build-macosx-x86_64/jdk8u101/7261/hotspot/src/share/vm/classfile/systemDictionary.cpp, 
Event: 6.831 Thread 0x00007fa92f800000 Exception <a 'java/lang/ClassNotFoundException': com/android/build/gradle/internal/core/MergedNdkConfigCustomizer> (0x00000007977cceb8) thrown at [/HUDSON3/workspace/8-2-build-macosx-x86_64/jdk8u101/7261/hotspot/src/share/vm/classfile/systemDictionary.cpp
Event: 6.838 Thread 0x00007fa92f800000 Implicit null exception at 0x0000000110fb2eec to 0x0000000110fb2f61
Event: 6.936 Thread 0x00007fa92f800000 Implicit null exception at 0x0000000110a8205d to 0x0000000110a8231d

Events (10 events):
Event: 6.933 loading class com/sun/org/apache/xml/internal/utils/XMLString
Event: 6.933 loading class com/sun/org/apache/xml/internal/utils/XMLString done
Event: 6.933 loading class com/sun/org/apache/xpath/internal/objects/XString done
Event: 6.933 loading class com/google/common/base/Optional
Event: 6.933 loading class com/google/common/base/Optional done
Event: 6.934 loading class com/google/common/base/Present
Event: 6.934 loading class com/google/common/base/Present done
Event: 6.936 Thread 0x00007fa92f800000 Uncommon trap: trap_request=0xffffff65 fr.pc=0x0000000110a82344
Event: 6.936 Thread 0x00007fa92f800000 DEOPT PACKING pc=0x0000000110a82344 sp=0x00007000014555c0
Event: 6.936 Thread 0x00007fa92f800000 DEOPT UNPACKING pc=0x00000001102c1229 sp=0x0000700001455538 mode 2


Dynamic libraries:
0x0000000015df1000 	/System/Library/Frameworks/Cocoa.framework/Versions/A/Cocoa
0x0000000015df1000 	/System/Library/Frameworks/Security.framework/Versions/A/Security
0x0000000015df1000 	/System/Library/Frameworks/ApplicationServices.framework/Versions/A/ApplicationServices
0x0000000015df1000 	/usr/lib/libz.1.dylib
0x000000010c3c0000 	/usr/lib/libSystem.B.dylib
0x0000000015df1000 	/usr/lib/libobjc.A.dylib
0x0000000015df1000 	/System/Library/Frameworks/CoreFoundation.framework/Versions/A/CoreFoundation
0x0000000015df1000 	/System/Library/Frameworks/Foundation.framework/Versions/C/Foundation
0x0000000015df1000 	/System/Library/Frameworks/AppKit.framework/Versions/C/AppKit
0x0000000015df1000 	/System/Library/Frameworks/CoreData.framework/Versions/A/CoreData
0x0000000015df1000 	/System/Library/PrivateFrameworks/RemoteViewServices.framework/Versions/A/RemoteViewServices
0x0000000015df1000 	/System/Library/PrivateFrameworks/UIFoundation.framework/Versions/A/UIFoundation
0x0000000015df1000 	/System/Library/PrivateFrameworks/DFRFoundation.framework/Versions/A/DFRFoundation
0x0000000015df1000 	/usr/lib/libenergytrace.dylib
0x0000000015df1000 	/System/Library/PrivateFrameworks/SkyLight.framework/Versions/A/SkyLight
0x0000000015df1000 	/System/Library/Frameworks/CoreGraphics.framework/Versions/A/CoreGraphics
0x0000000015df1000 	/usr/lib/libScreenReader.dylib
0x0000000015df1000 	/System/Library/Frameworks/Accelerate.framework/Versions/A/Accelerate
0x0000000015df1000 	/System/Library/Frameworks/IOSurface.framework/Versions/A/IOSurface
0x0000000015df1000 	/System/Library/Frameworks/AudioToolbox.framework/Versions/A/AudioToolbox
0x0000000015df1000 	/System/Library/Frameworks/AudioUnit.framework/Versions/A/AudioUnit
0x0000000015df1000 	/System/Library/PrivateFrameworks/DataDetectorsCore.framework/Versions/A/DataDetectorsCore
0x0000000015df1000 	/System/Library/PrivateFrameworks/DesktopServicesPriv.framework/Versions/A/DesktopServicesPriv
0x0000000015df1000 	/System/Library/Frameworks/Carbon.framework/Versions/A/Frameworks/HIToolbox.framework/Versions/A/HIToolbox
0x0000000015df1000 	/usr/lib/libicucore.A.dylib
0x0000000015df1000 	/System/Library/Frameworks/QuartzCore.framework/Versions/A/QuartzCore
0x0000000015df1000 	/System/Library/Frameworks/Carbon.framework/Versions/A/Frameworks/SpeechRecognition.framework/Versions/A/SpeechRecognition
0x0000000015df1000 	/usr/lib/libauto.dylib
0x0000000015df1000 	/usr/lib/libxml2.2.dylib
0x0000000015df1000 	/System/Library/PrivateFrameworks/CoreUI.framework/Versions/A/CoreUI
0x0000000015df1000 	/System/Library/Frameworks/CoreAudio.framework/Versions/A/CoreAudio
0x0000000015df1000 	/System/Library/Frameworks/DiskArbitration.framework/Versions/A/DiskArbitration
0x0000000015df1000 	/usr/lib/liblangid.dylib
0x0000000015df1000 	/System/Library/PrivateFrameworks/MultitouchSupport.framework/Versions/A/MultitouchSupport
0x000000010c3cb000 	/System/Library/Frameworks/IOKit.framework/Versions/A/IOKit
0x0000000015df1000 	/usr/lib/libDiagnosticMessagesClient.dylib
0x0000000015df1000 	/System/Library/Frameworks/CoreServices.framework/Versions/A/CoreServices
0x0000000015df1000 	/System/Library/PrivateFrameworks/PerformanceAnalysis.framework/Versions/A/PerformanceAnalysis
0x0000000015df1000 	/System/Library/PrivateFrameworks/GenerationalStorage.framework/Versions/A/GenerationalStorage
0x0000000015df1000 	/System/Library/Frameworks/OpenGL.framework/Versions/A/OpenGL
0x0000000015df1000 	/System/Library/Frameworks/CoreImage.framework/Versions/A/CoreImage
0x0000000015df1000 	/System/Library/Frameworks/CoreText.framework/Versions/A/CoreText
0x0000000015df1000 	/System/Library/Frameworks/ImageIO.framework/Versions/A/ImageIO
0x0000000015df1000 	/System/Library/PrivateFrameworks/Backup.framework/Versions/A/Backup
0x0000000015df1000 	/usr/lib/libarchive.2.dylib
0x000000010c4a6000 	/System/Library/Frameworks/CFNetwork.framework/Versions/A/CFNetwork
0x0000000015df1000 	/System/Library/Frameworks/SystemConfiguration.framework/Versions/A/SystemConfiguration
0x0000000015df1000 	/usr/lib/libCRFSuite.dylib
0x0000000015df1000 	/usr/lib/libc++.1.dylib
0x0000000015df1000 	/usr/lib/libc++abi.dylib
0x0000000015df1000 	/usr/lib/system/libcache.dylib
0x0000000015df1000 	/usr/lib/system/libcommonCrypto.dylib
0x0000000015df1000 	/usr/lib/system/libcompiler_rt.dylib
0x0000000015df1000 	/usr/lib/system/libcopyfile.dylib
0x0000000015df1000 	/usr/lib/system/libcorecrypto.dylib
0x0000000015df1000 	/usr/lib/system/libdispatch.dylib
0x000000010cb94000 	/usr/lib/system/libdyld.dylib
0x0000000015df1000 	/usr/lib/system/libkeymgr.dylib
0x0000000015df1000 	/usr/lib/system/liblaunch.dylib
0x0000000015df1000 	/usr/lib/system/libmacho.dylib
0x0000000015df1000 	/usr/lib/system/libquarantine.dylib
0x0000000015df1000 	/usr/lib/system/libremovefile.dylib
0x0000000015df1000 	/usr/lib/system/libsystem_asl.dylib
0x0000000015df1000 	/usr/lib/system/libsystem_blocks.dylib
0x0000000015df1000 	/usr/lib/system/libsystem_c.dylib
0x0000000015df1000 	/usr/lib/system/libsystem_configuration.dylib
0x0000000015df1000 	/usr/lib/system/libsystem_coreservices.dylib
0x000000010cba6000 	/usr/lib/system/libsystem_coretls.dylib
0x0000000015df1000 	/usr/lib/system/libsystem_dnssd.dylib
0x0000000015df1000 	/usr/lib/system/libsystem_info.dylib
0x000000010cbcc000 	/usr/lib/system/libsystem_kernel.dylib
0x0000000015df1000 	/usr/lib/system/libsystem_m.dylib
0x0000000015df1000 	/usr/lib/system/libsystem_malloc.dylib
0x0000000015df1000 	/usr/lib/system/libsystem_network.dylib
0x000000010cc0a000 	/usr/lib/system/libsystem_networkextension.dylib
0x0000000015df1000 	/usr/lib/system/libsystem_notify.dylib
0x0000000015df1000 	/usr/lib/system/libsystem_platform.dylib
0x0000000015df1000 	/usr/lib/system/libsystem_pthread.dylib
0x000000010cc24000 	/usr/lib/system/libsystem_sandbox.dylib
0x0000000015df1000 	/usr/lib/system/libsystem_secinit.dylib
0x000000010cc2f000 	/usr/lib/system/libsystem_symptoms.dylib
0x000000010cc43000 	/usr/lib/system/libsystem_trace.dylib
0x0000000015df1000 	/usr/lib/system/libunwind.dylib
0x0000000015df1000 	/usr/lib/system/libxpc.dylib
0x0000000015df1000 	/usr/lib/libbsm.0.dylib
0x000000010cc7f000 	/usr/lib/system/libkxld.dylib
0x0000000015df1000 	/usr/lib/libcoretls.dylib
0x0000000015df1000 	/usr/lib/libcoretls_cfhelpers.dylib
0x0000000015df1000 	/usr/lib/libxar.1.dylib
0x0000000015df1000 	/usr/lib/libsqlite3.dylib
0x0000000015df1000 	/usr/lib/libpam.2.dylib
0x0000000015df1000 	/usr/lib/libOpenScriptingUtil.dylib
0x0000000015df1000 	/usr/lib/libbz2.1.0.dylib
0x0000000015df1000 	/usr/lib/liblzma.5.dylib
0x0000000015df1000 	/usr/lib/libnetwork.dylib
0x0000000015df1000 	/usr/lib/libpcap.A.dylib
0x0000000015df1000 	/System/Library/Frameworks/CoreServices.framework/Versions/A/Frameworks/FSEvents.framework/Versions/A/FSEvents
0x0000000015df1000 	/System/Library/Frameworks/CoreServices.framework/Versions/A/Frameworks/CarbonCore.framework/Versions/A/CarbonCore
0x0000000015df1000 	/System/Library/Frameworks/CoreServices.framework/Versions/A/Frameworks/Metadata.framework/Versions/A/Metadata
0x0000000015df1000 	/System/Library/Frameworks/CoreServices.framework/Versions/A/Frameworks/OSServices.framework/Versions/A/OSServices
0x0000000015df1000 	/System/Library/Frameworks/CoreServices.framework/Versions/A/Frameworks/SearchKit.framework/Versions/A/SearchKit
0x0000000015df1000 	/System/Library/Frameworks/CoreServices.framework/Versions/A/Frameworks/AE.framework/Versions/A/AE
0x0000000015df1000 	/System/Library/Frameworks/CoreServices.framework/Versions/A/Frameworks/LaunchServices.framework/Versions/A/LaunchServices
0x0000000015df1000 	/System/Library/Frameworks/CoreServices.framework/Versions/A/Frameworks/DictionaryServices.framework/Versions/A/DictionaryServices
0x0000000015df1000 	/System/Library/Frameworks/CoreServices.framework/Versions/A/Frameworks/SharedFileList.framework/Versions/A/SharedFileList
0x0000000015df1000 	/System/Library/Frameworks/NetFS.framework/Versions/A/NetFS
0x0000000015df1000 	/System/Library/PrivateFrameworks/NetAuth.framework/Versions/A/NetAuth
0x0000000015df1000 	/System/Library/PrivateFrameworks/login.framework/Versions/A/Frameworks/loginsupport.framework/Versions/A/loginsupport
0x0000000015df1000 	/System/Library/PrivateFrameworks/TCC.framework/Versions/A/TCC
0x0000000015df1000 	/usr/lib/libmecabra.dylib
0x0000000015df1000 	/System/Library/Frameworks/ApplicationServices.framework/Versions/A/Frameworks/ATS.framework/Versions/A/ATS
0x0000000015df1000 	/System/Library/Frameworks/ApplicationServices.framework/Versions/A/Frameworks/ColorSync.framework/Versions/A/ColorSync
0x0000000015df1000 	/System/Library/Frameworks/ApplicationServices.framework/Versions/A/Frameworks/HIServices.framework/Versions/A/HIServices
0x0000000015df1000 	/System/Library/Frameworks/ApplicationServices.framework/Versions/A/Frameworks/LangAnalysis.framework/Versions/A/LangAnalysis
0x0000000015df1000 	/System/Library/Frameworks/ApplicationServices.framework/Versions/A/Frameworks/PrintCore.framework/Versions/A/PrintCore
0x0000000015df1000 	/System/Library/Frameworks/ApplicationServices.framework/Versions/A/Frameworks/QD.framework/Versions/A/QD
0x0000000015df1000 	/System/Library/Frameworks/ApplicationServices.framework/Versions/A/Frameworks/SpeechSynthesis.framework/Versions/A/SpeechSynthesis
0x0000000015df1000 	/System/Library/Frameworks/Accelerate.framework/Versions/A/Frameworks/vImage.framework/Versions/A/vImage
0x0000000015df1000 	/System/Library/Frameworks/Accelerate.framework/Versions/A/Frameworks/vecLib.framework/Versions/A/vecLib
0x0000000015df1000 	/System/Library/Frameworks/Accelerate.framework/Versions/A/Frameworks/vecLib.framework/Versions/A/libvDSP.dylib
0x0000000015df1000 	/System/Library/Frameworks/Accelerate.framework/Versions/A/Frameworks/vecLib.framework/Versions/A/libBNNS.dylib
0x0000000015df1000 	/System/Library/Frameworks/Accelerate.framework/Versions/A/Frameworks/vecLib.framework/Versions/A/libQuadrature.dylib
0x0000000015df1000 	/System/Library/Frameworks/Accelerate.framework/Versions/A/Frameworks/vecLib.framework/Versions/A/libvMisc.dylib
0x0000000015df1000 	/System/Library/Frameworks/Accelerate.framework/Versions/A/Frameworks/vecLib.framework/Versions/A/libLAPACK.dylib
0x0000000015df1000 	/System/Library/Frameworks/Accelerate.framework/Versions/A/Frameworks/vecLib.framework/Versions/A/libBLAS.dylib
0x0000000015df1000 	/System/Library/Frameworks/Accelerate.framework/Versions/A/Frameworks/vecLib.framework/Versions/A/libLinearAlgebra.dylib
0x0000000015df1000 	/System/Library/Frameworks/Accelerate.framework/Versions/A/Frameworks/vecLib.framework/Versions/A/libSparseBLAS.dylib
0x0000000015df1000 	/System/Library/Frameworks/ApplicationServices.framework/Versions/A/Frameworks/ATS.framework/Versions/A/Resources/libFontParser.dylib
0x0000000015df1000 	/System/Library/Frameworks/ApplicationServices.framework/Versions/A/Frameworks/ATS.framework/Versions/A/Resources/libFontRegistry.dylib
0x0000000015df1000 	/System/Library/Frameworks/ImageIO.framework/Versions/A/Resources/libJPEG.dylib
0x0000000015df1000 	/System/Library/Frameworks/ImageIO.framework/Versions/A/Resources/libTIFF.dylib
0x0000000015df1000 	/System/Library/Frameworks/ImageIO.framework/Versions/A/Resources/libPng.dylib
0x0000000015df1000 	/System/Library/Frameworks/ImageIO.framework/Versions/A/Resources/libGIF.dylib
0x0000000015df1000 	/System/Library/Frameworks/ImageIO.framework/Versions/A/Resources/libJP2.dylib
0x0000000015df1000 	/System/Library/Frameworks/ImageIO.framework/Versions/A/Resources/libRadiance.dylib
0x0000000015df1000 	/usr/lib/libcompression.dylib
0x0000000015df1000 	/System/Library/PrivateFrameworks/AppleJPEG.framework/Versions/A/AppleJPEG
0x0000000015df1000 	/usr/lib/libcups.2.dylib
0x0000000015df1000 	/System/Library/Frameworks/Kerberos.framework/Versions/A/Kerberos
0x0000000015df1000 	/System/Library/Frameworks/GSS.framework/Versions/A/GSS
0x0000000015df1000 	/usr/lib/libresolv.9.dylib
0x0000000015df1000 	/usr/lib/libiconv.2.dylib
0x0000000015df1000 	/System/Library/PrivateFrameworks/Heimdal.framework/Versions/A/Heimdal
0x0000000015df1000 	/usr/lib/libheimdal-asn1.dylib
0x0000000015df1000 	/System/Library/Frameworks/OpenDirectory.framework/Versions/A/OpenDirectory
0x0000000015df1000 	/System/Library/PrivateFrameworks/CommonAuth.framework/Versions/A/CommonAuth
0x0000000015df1000 	/System/Library/Frameworks/OpenDirectory.framework/Versions/A/Frameworks/CFOpenDirectory.framework/Versions/A/CFOpenDirectory
0x0000000015df1000 	/System/Library/Frameworks/SecurityFoundation.framework/Versions/A/SecurityFoundation
0x0000000015df1000 	/System/Library/PrivateFrameworks/LanguageModeling.framework/Versions/A/LanguageModeling
0x0000000015df1000 	/usr/lib/libmarisa.dylib
0x0000000015df1000 	/usr/lib/libChineseTokenizer.dylib
0x0000000015df1000 	/usr/lib/libcmph.dylib
0x0000000015df1000 	/System/Library/PrivateFrameworks/CoreEmoji.framework/Versions/A/CoreEmoji
0x0000000015df1000 	/System/Library/Frameworks/ServiceManagement.framework/Versions/A/ServiceManagement
0x0000000015df1000 	/usr/lib/libxslt.1.dylib
0x0000000015df1000 	/System/Library/Frameworks/Carbon.framework/Versions/A/Frameworks/Ink.framework/Versions/A/Ink
0x0000000015df1000 	/System/Library/PrivateFrameworks/TextureIO.framework/Versions/A/TextureIO
0x0000000015df1000 	/System/Library/Frameworks/Metal.framework/Versions/A/Metal
0x0000000015df1000 	/usr/lib/libate.dylib
0x0000000015df1000 	/System/Library/PrivateFrameworks/GPUCompiler.framework/libmetal_timestamp.dylib
0x0000000015df1000 	/System/Library/Frameworks/OpenGL.framework/Versions/A/Libraries/libCoreFSCache.dylib
0x0000000015df1000 	/System/Library/PrivateFrameworks/IOAccelerator.framework/Versions/A/IOAccelerator
0x0000000015df1000 	/System/Library/Frameworks/CoreVideo.framework/Versions/A/CoreVideo
0x0000000015df1000 	/usr/lib/libFosl_dynamic.dylib
0x0000000015df1000 	/System/Library/PrivateFrameworks/MetalPerformanceShaders.framework/Versions/A/MetalPerformanceShaders
0x0000000015df1000 	/System/Library/PrivateFrameworks/FaceCore.framework/Versions/A/FaceCore
0x0000000015df1000 	/System/Library/Frameworks/OpenCL.framework/Versions/A/OpenCL
0x0000000015df1000 	/System/Library/Frameworks/OpenGL.framework/Versions/A/Libraries/libGLU.dylib
0x0000000015df1000 	/System/Library/Frameworks/OpenGL.framework/Versions/A/Libraries/libGFXShared.dylib
0x0000000015df1000 	/System/Library/Frameworks/OpenGL.framework/Versions/A/Libraries/libGL.dylib
0x0000000015df1000 	/System/Library/Frameworks/OpenGL.framework/Versions/A/Libraries/libGLImage.dylib
0x0000000015df1000 	/System/Library/Frameworks/OpenGL.framework/Versions/A/Libraries/libCVMSPluginSupport.dylib
0x0000000015df1000 	/System/Library/Frameworks/OpenGL.framework/Versions/A/Libraries/libCoreVMClient.dylib
0x0000000015df1000 	/System/Library/PrivateFrameworks/CrashReporterSupport.framework/Versions/A/CrashReporterSupport
0x0000000015df1000 	/System/Library/PrivateFrameworks/Sharing.framework/Versions/A/Sharing
0x0000000015df1000 	/System/Library/PrivateFrameworks/IconServices.framework/Versions/A/IconServices
0x0000000015df1000 	/System/Library/PrivateFrameworks/ProtocolBuffer.framework/Versions/A/ProtocolBuffer
0x0000000015df1000 	/System/Library/PrivateFrameworks/Apple80211.framework/Versions/A/Apple80211
0x0000000015df1000 	/System/Library/Frameworks/CoreWLAN.framework/Versions/A/CoreWLAN
0x0000000015df1000 	/System/Library/PrivateFrameworks/CoreUtils.framework/Versions/A/CoreUtils
0x0000000015df1000 	/System/Library/Frameworks/IOBluetooth.framework/Versions/A/IOBluetooth
0x0000000015df1000 	/System/Library/PrivateFrameworks/CoreWiFi.framework/Versions/A/CoreWiFi
0x0000000015df1000 	/System/Library/Frameworks/CoreBluetooth.framework/Versions/A/CoreBluetooth
0x0000000015df1000 	/System/Library/Frameworks/CoreDisplay.framework/Versions/A/CoreDisplay
0x0000000015df1000 	/System/Library/PrivateFrameworks/IOPresentment.framework/Versions/A/IOPresentment
0x0000000015df1000 	/System/Library/PrivateFrameworks/DebugSymbols.framework/Versions/A/DebugSymbols
0x0000000015df1000 	/System/Library/PrivateFrameworks/CoreSymbolication.framework/Versions/A/CoreSymbolication
0x0000000015df1000 	/System/Library/PrivateFrameworks/Symbolication.framework/Versions/A/Symbolication
0x0000000015df1000 	/System/Library/PrivateFrameworks/AppleFSCompression.framework/Versions/A/AppleFSCompression
0x0000000015df1000 	/System/Library/PrivateFrameworks/SpeechRecognitionCore.framework/Versions/A/SpeechRecognitionCore
0x0000000015df1000 	/System/Library/PrivateFrameworks/ChunkingLibrary.framework/Versions/A/ChunkingLibrary
0x000000010d600000 	/Library/Java/JavaVirtualMachines/jdk1.8.0_101.jdk/Contents/Home/jre/lib/server/libjvm.dylib
0x0000000015df1000 	/usr/lib/libstdc++.6.dylib
0x000000010cced000 	/Library/Java/JavaVirtualMachines/jdk1.8.0_101.jdk/Contents/Home/jre/lib/libverify.dylib
0x000000010ccfb000 	/Library/Java/JavaVirtualMachines/jdk1.8.0_101.jdk/Contents/Home/jre/lib/libjava.dylib
0x000000010cd38000 	/Library/Java/JavaVirtualMachines/jdk1.8.0_101.jdk/Contents/Home/jre/lib/libzip.dylib
0x0000000110215000 	/System/Library/Frameworks/JavaVM.framework/Frameworks/JavaRuntimeSupport.framework/JavaRuntimeSupport
0x0000000123efc000 	/System/Library/Frameworks/JavaVM.framework/Versions/A/Frameworks/JavaNativeFoundation.framework/Versions/A/JavaNativeFoundation
0x000000010cdec000 	/System/Library/Frameworks/JavaVM.framework/Versions/A/JavaVM
0x0000000015df1000 	/System/Library/Frameworks/Carbon.framework/Versions/A/Carbon
0x0000000123f11000 	/System/Library/PrivateFrameworks/JavaLaunching.framework/Versions/A/JavaLaunching
0x0000000015df1000 	/System/Library/Frameworks/Carbon.framework/Versions/A/Frameworks/CommonPanels.framework/Versions/A/CommonPanels
0x0000000015df1000 	/System/Library/Frameworks/Carbon.framework/Versions/A/Frameworks/Help.framework/Versions/A/Help
0x0000000015df1000 	/System/Library/Frameworks/Carbon.framework/Versions/A/Frameworks/ImageCapture.framework/Versions/A/ImageCapture
0x0000000015df1000 	/System/Library/Frameworks/Carbon.framework/Versions/A/Frameworks/OpenScripting.framework/Versions/A/OpenScripting
0x0000000015df1000 	/System/Library/Frameworks/Carbon.framework/Versions/A/Frameworks/Print.framework/Versions/A/Print
0x0000000015df1000 	/System/Library/Frameworks/Carbon.framework/Versions/A/Frameworks/SecurityHI.framework/Versions/A/SecurityHI
0x0000000125840000 	/Library/Java/JavaVirtualMachines/jdk1.8.0_101.jdk/Contents/Home/jre/lib/libnet.dylib
0x000000012589f000 	/Library/Java/JavaVirtualMachines/jdk1.8.0_101.jdk/Contents/Home/jre/lib/libnio.dylib
0x0000000125c9b000 	/Users/elchroy/.gradle/native/19/osx-amd64/libnative-platform.dylib
0x0000000125ca0000 	/Users/elchroy/.gradle/native/19/osx-amd64/libnative-platform-curses.dylib
0x0000000015df1000 	/usr/lib/libncurses.5.4.dylib
0x0000000125ca4000 	/private/var/folders/3j/p0_wzk9d1ns47ybk3ng5x3w80000gn/T/jna8203480118903468001.tmp
0x0000000125cb9000 	/Library/Java/JavaVirtualMachines/jdk1.8.0_101.jdk/Contents/Home/jre/lib/libmanagement.dylib

VM Arguments:
jvm_args: -Dorg.gradle.appname=gradlew 
java_command: org.gradle.wrapper.GradleWrapperMain installDebug
java_class_path (initial): /Users/elchroy/Roy/Code/rubyment/roymobile/android/gradle/wrapper/gradle-wrapper.jar
Launcher Type: SUN_STANDARD

Environment Variables:
PATH=/usr/local/opt/nvm/versions/node/v6.3.0/lib/node_modules/npm/bin/node-gyp-bin:/Users/elchroy/Roy/Code/rubyment/roymobile/node_modules/.bin:/usr/local/opt/nvm/versions/node/v6.3.0/bin:/Users/elchroy/.rvm/gems/ruby-2.3.0/bin:/Users/elchroy/.rvm/gems/ruby-2.3.0@global/bin:/Users/elchroy/.rvm/rubies/ruby-2.3.0/bin:/usr/local/opt/nvm/versions/node/v6.3.0/bin:/usr/local/mysql/bin:/usr/local/share/python:/usr/local/bin:/usr/bin:/bin:/usr/sbin:/sbin:/Users/elchroy/golang/src/github.com/andela/bin:/usr/local/opt/go/libexec/bin:/Users/elchroy/.rvm/bin:/Users/elchroy/Library/Android/sdk/tools:/Users/elchroy/Library/Android/sdk/platform-tools
SHELL=/bin/zsh

Signal Handlers:
SIGSEGV: [libjvm.dylib+0x5af145], sa_mask[0]=11111111011111110111111111111111, sa_flags=SA_ONSTACK|SA_RESTART|SA_SIGINFO
SIGBUS: [libjvm.dylib+0x5af145], sa_mask[0]=11111111011111110111111111111111, sa_flags=SA_RESTART|SA_SIGINFO
SIGFPE: [libjvm.dylib+0x48694c], sa_mask[0]=11111111011111110111111111111111, sa_flags=SA_RESTART|SA_SIGINFO
SIGPIPE: [libjvm.dylib+0x48694c], sa_mask[0]=11111111011111110111111111111111, sa_flags=SA_RESTART|SA_SIGINFO
SIGXFSZ: [libjvm.dylib+0x48694c], sa_mask[0]=11111111011111110111111111111111, sa_flags=SA_RESTART|SA_SIGINFO
SIGILL: [libjvm.dylib+0x48694c], sa_mask[0]=11111111011111110111111111111111, sa_flags=SA_RESTART|SA_SIGINFO
SIGUSR1: SIG_DFL, sa_mask[0]=11111111011111110111111111111111, sa_flags=none
SIGUSR2: [libjvm.dylib+0x48646a], sa_mask[0]=00000000000000000000000000000000, sa_flags=SA_RESTART|SA_SIGINFO
SIGHUP: [libjvm.dylib+0x484a41], sa_mask[0]=11111111011111110111111111111111, sa_flags=SA_RESTART|SA_SIGINFO
SIGINT: [libjvm.dylib+0x484a41], sa_mask[0]=11111111011111110111111111111111, sa_flags=SA_RESTART|SA_SIGINFO
SIGTERM: [libjvm.dylib+0x484a41], sa_mask[0]=11111111011111110111111111111111, sa_flags=SA_RESTART|SA_SIGINFO
SIGQUIT: [libjvm.dylib+0x484a41], sa_mask[0]=11111111011111110111111111111111, sa_flags=SA_RESTART|SA_SIGINFO


---------------  S Y S T E M  ---------------

OS:Bsduname:Darwin 16.4.0 Darwin Kernel Version 16.4.0: Thu Dec 22 22:53:21 PST 2016; root:xnu-3789.41.3~3/RELEASE_X86_64 x86_64
rlimit: STACK 8192k, CORE 0k, NPROC 709, NOFILE 10240, AS infinity
load average:2.39 2.47 2.37

CPU:total 4 (2 cores per cpu, 2 threads per core) family 6 model 61 stepping 4, cmov, cx8, fxsr, mmx, sse, sse2, sse3, ssse3, sse4.1, sse4.2, popcnt, avx, avx2, aes, clmul, erms, 3dnowpref, lzcnt, ht, tsc, tscinvbit, bmi1, bmi2, adx

Memory: 4k page, physical 8388608k(124312k free)

/proc/meminfo:


vm_info: Java HotSpot(TM) 64-Bit Server VM (25.101-b13) for bsd-amd64 JRE (1.8.0_101-b13), built on Jun 22 2016 02:42:15 by "java_re" with gcc 4.2.1 (Based on Apple Inc. build 5658) (LLVM build 2336.11.00)

time: Wed Feb  8 01:13:03 2017
elapsed time: 6 seconds (0d 0h 0m 6s)

