#
# A fatal error has been detected by the Java Runtime Environment:
#
#  SIGSEGV (0xb) at pc=0x0000000108486498, pid=10432, tid=0x0000000000000307
#
# JRE version: Java(TM) SE Runtime Environment (8.0_101-b13) (build 1.8.0_101-b13)
# Java VM: Java HotSpot(TM) 64-Bit Server VM (25.101-b13 mixed mode bsd-amd64 compressed oops)
# Problematic frame:
# V  [libjvm.dylib+0x486498]  SR_handler(int, __siginfo*, __darwin_ucontext*)+0x2e
#
# Failed to write core dump. Core dumps have been disabled. To enable core dumping, try "ulimit -c unlimited" before starting Java again
#
# If you would like to submit a bug report, please visit:
#   http://bugreport.java.com/bugreport/crash.jsp
#

---------------  T H R E A D  ---------------

Current thread is native thread

siginfo: si_signo: 11 (SIGSEGV), si_code: 1 (SEGV_MAPERR), si_addr: 0x0000000000000128

Registers:
RAX=0x0000000000000000, RBX=0x00007fff58d8a7a0, RCX=0x00007fffc946e408, RDX=0x00007fff58d8a7a0
RSP=0x00007fff58d8a2d0, RBP=0x00007fff58d8a300, RSI=0x00007fff58d8a738, RDI=0x0000000000000103
R8 =0x00007fff58d8a7a0, R9 =0x00000000ffffffff, R10=0x0000000000000c00, R11=0x0000000000000206
R12=0x0000000000000c00, R13=0x0000000000000000, R14=0x00007fff58d8a738, R15=0x0000000000000002
RIP=0x0000000108486498, EFLAGS=0x0000000000010202, ERR=0x0000000000000004
  TRAPNO=0x000000000000000e

Top of Stack: (sp=0x00007fff58d8a2d0)
0x00007fff58d8a2d0:   0000000000000000 00007fff58d8a7a0
0x00007fff58d8a2e0:   0000000000000c00 0000000000000000
0x00007fff58d8a2f0:   00007fff58d8a9d0 0000000000000d03
0x00007fff58d8a300:   00007fff58d8a310 00007fffc082ebba
0x00007fff58d8a310:   00007fff58d8a8a0 0000000000015c00
0x00007fff58d8a320:   00015d00c5ec2958 00007fffc93042d0
0x00007fff58d8a330:   0100001f00000085 00007fffc9440b18
0x00007fff58d8a340:   0000000010004005 00000000ffffffff
0x00007fff58d8a350:   00007fff58d8a858 0000000000000000
0x00007fff58d8a360:   00007fff58d8a9d0 0000000007000806
0x00007fff58d8a370:   00007fff58d8a8a0 00007fff58d8a858
0x00007fff58d8a380:   0000000000000d03 00000000ffffffff
0x00007fff58d8a390:   0000000000000c00 0000000000000206
0x00007fff58d8a3a0:   0000000000000c00 0000000000000000
0x00007fff58d8a3b0:   00007fff58d8a9d0 0000000000000d03
0x00007fff58d8a3c0:   00000001076af38a 0000000000000206
0x00007fff58d8a3d0:   0000000000000007 0000000000000000
0x00007fff58d8a3e0:   0000000000000000 0000000000000000
0x00007fff58d8a3f0:   000000000000037f 0000000000000000
0x00007fff58d8a400:   0000000000000000 0000ffff00001fa0
0x00007fff58d8a410:   0000000000000000 000000000000ffff
0x00007fff58d8a420:   0000000000000100 000000000000ffff
0x00007fff58d8a430:   0000000000000000 0000000000000000
0x00007fff58d8a440:   0000000000000000 0000000000000000
0x00007fff58d8a450:   87bc000000000000 000000000000c00b
0x00007fff58d8a460:   0000000000000000 0000000000000000
0x00007fff58d8a470:   bb78000000000000 000000000000400b
0x00007fff58d8a480:   0000000000000000 0000000000000000
0x00007fff58d8a490:   41be4b3f4a77d73d 0000000000000000
0x00007fff58d8a4a0:   3fddf5cf2495e17e 0000000000000000
0x00007fff58d8a4b0:   c3de3f8ad3d5b30e 439c0752c2a4cf23
0x00007fff58d8a4c0:   0000000000000000 0000000000000000 

Instructions: (pc=0x0000000108486498)
0x0000000108486478:   83 ec 08 48 89 d3 49 89 f6 e8 00 26 14 00 44 8b
0x0000000108486488:   38 48 8d 05 20 cd 3a 00 48 63 38 e8 ca 28 14 00
0x0000000108486498:   4c 8b a0 28 01 00 00 41 83 7c 24 34 01 0f 85 e2
0x00000001084864a8:   00 00 00 49 89 5c 24 40 4d 89 74 24 38 49 8d 5c 

Register to memory mapping:

RAX=0x0000000000000000 is an unknown value
RBX=0x00007fff58d8a7a0 is an unknown value
RCX=0x00007fffc946e408: _thread+0x48 in /usr/lib/system/libsystem_pthread.dylib at 0x00007fffc0835000
RDX=0x00007fff58d8a7a0 is an unknown value
RSP=0x00007fff58d8a2d0 is an unknown value
RBP=0x00007fff58d8a300 is an unknown value
RSI=0x00007fff58d8a738 is an unknown value
RDI=0x0000000000000103 is an unknown value
R8 =0x00007fff58d8a7a0 is an unknown value
R9 =0x00000000ffffffff is an unknown value
R10=0x0000000000000c00 is an unknown value
R11=0x0000000000000206 is an unknown value
R12=0x0000000000000c00 is an unknown value
R13=0x0000000000000000 is an unknown value
R14=0x00007fff58d8a738 is an unknown value
R15=0x0000000000000002 is an unknown value


Stack: [0x00007fff5858f000,0x00007fff58d8f000],  sp=0x00007fff58d8a2d0,  free space=8172k
Native frames: (J=compiled Java code, j=interpreted, Vv=VM code, C=native code)
V  [libjvm.dylib+0x486498]  SR_handler(int, __siginfo*, __darwin_ucontext*)+0x2e
C  [libsystem_platform.dylib+0x2bba]  _sigtramp+0x1a
C  0x0000000000015c00
C  [CoreFoundation+0x88c94]  __CFRunLoopServiceMachPort+0xd4
C  [CoreFoundation+0x88121]  __CFRunLoopRun+0x551
C  [CoreFoundation+0x87974]  CFRunLoopRunSpecific+0x1a4
C  [java+0x6465]  CreateExecutionEnvironment+0x367
C  [java+0x218c]  JLI_Launch+0x7a0
C  [java+0x84c2]  main+0x65
C  [java+0x19e4]  start+0x34


---------------  P R O C E S S  ---------------

VM state:not at safepoint (normal execution)

VM Mutex/Monitor currently owned by a thread: None

Heap:
 PSYoungGen      total 38400K, used 27087K [0x0000000795580000, 0x0000000798000000, 0x00000007c0000000)
  eden space 33280K, 66% used [0x0000000795580000,0x0000000796af5348,0x0000000797600000)
  from space 5120K, 99% used [0x0000000797b00000,0x0000000797ffeb18,0x0000000798000000)
  to   space 5120K, 0% used [0x0000000797600000,0x0000000797600000,0x0000000797b00000)
 ParOldGen       total 87552K, used 812K [0x0000000740000000, 0x0000000745580000, 0x0000000795580000)
  object space 87552K, 0% used [0x0000000740000000,0x00000007400cb100,0x0000000745580000)
 Metaspace       used 14797K, capacity 15128K, committed 15232K, reserved 1062912K
  class space    used 2013K, capacity 2120K, committed 2176K, reserved 1048576K

Card table byte_map: [0x0000000109392000,0x0000000109793000] byte_map_base: 0x0000000105992000

Marking Bits: (ParMarkBitMap*) 0x00000001088edd20
 Begin Bits: [0x0000000118b68000, 0x000000011ab68000)
 End Bits:   [0x000000011ab68000, 0x000000011cb68000)

Polling page: 0x0000000106e90000

CodeCache: size=245760Kb used=3568Kb max_used=3580Kb free=242191Kb
 bounds [0x00000001098bd000, 0x0000000109c4d000, 0x00000001188bd000]
 total_blobs=1327 nmethods=990 adapters=250
 compilation: enabled

Compilation events (10 events):
Event: 2.075 Thread 0x00007fabd905b800 nmethod 986 0x0000000109c33710 code [0x0000000109c338a0, 0x0000000109c33ab8]
Event: 2.089 Thread 0x00007fabd905d000  987       4       java.lang.String::<init> (100 bytes)
Event: 2.096 Thread 0x00007fabd905d000 nmethod 987 0x0000000109c33050 code [0x0000000109c331c0, 0x0000000109c33518]
Event: 2.102 Thread 0x00007fabd905b800  988       4       java.net.URLClassLoader$1::run (5 bytes)
Event: 2.169 Thread 0x00007fabd905d800  989       3       java.util.LinkedList::listIterator (15 bytes)
Event: 2.170 Thread 0x00007fabd905d800 nmethod 989 0x0000000109c3dc50 code [0x0000000109c3de00, 0x0000000109c3e288]
Event: 2.203 Thread 0x00007fabd905d000  990       4       org.gradle.internal.service.DefaultServiceRegistry$SingletonService::getService (21 bytes)
Event: 2.207 Thread 0x00007fabd905d000 nmethod 990 0x0000000109c3edd0 code [0x0000000109c3ef60, 0x0000000109c3f388]
Event: 2.207 Thread 0x00007fabd905d000  991       4       org.gradle.internal.service.DefaultServiceRegistry$ClassSpec::isSatisfiedBy (9 bytes)
Event: 2.210 Thread 0x00007fabd905d000 nmethod 991 0x0000000109c3a590 code [0x0000000109c3a720, 0x0000000109c3aa38]

GC Heap History (4 events):
Event: 1.060 GC heap before
{Heap before GC invocations=1 (full 0):
 PSYoungGen      total 38400K, used 33280K [0x0000000795580000, 0x0000000798000000, 0x00000007c0000000)
  eden space 33280K, 100% used [0x0000000795580000,0x0000000797600000,0x0000000797600000)
  from space 5120K, 0% used [0x0000000797b00000,0x0000000797b00000,0x0000000798000000)
  to   space 5120K, 0% used [0x0000000797600000,0x0000000797600000,0x0000000797b00000)
 ParOldGen       total 87552K, used 0K [0x0000000740000000, 0x0000000745580000, 0x0000000795580000)
  object space 87552K, 0% used [0x0000000740000000,0x0000000740000000,0x0000000745580000)
 Metaspace       used 8006K, capacity 8224K, committed 8320K, reserved 1056768K
  class space    used 1042K, capacity 1120K, committed 1152K, reserved 1048576K
Event: 1.067 GC heap after
Heap after GC invocations=1 (full 0):
 PSYoungGen      total 38400K, used 5091K [0x0000000795580000, 0x0000000798000000, 0x00000007c0000000)
  eden space 33280K, 0% used [0x0000000795580000,0x0000000795580000,0x0000000797600000)
  from space 5120K, 99% used [0x0000000797600000,0x0000000797af8e88,0x0000000797b00000)
  to   space 5120K, 0% used [0x0000000797b00000,0x0000000797b00000,0x0000000798000000)
 ParOldGen       total 87552K, used 99K [0x0000000740000000, 0x0000000745580000, 0x0000000795580000)
  object space 87552K, 0% used [0x0000000740000000,0x0000000740018c50,0x0000000745580000)
 Metaspace       used 8006K, capacity 8224K, committed 8320K, reserved 1056768K
  class space    used 1042K, capacity 1120K, committed 1152K, reserved 1048576K
}
Event: 1.768 GC heap before
{Heap before GC invocations=2 (full 0):
 PSYoungGen      total 38400K, used 38371K [0x0000000795580000, 0x0000000798000000, 0x00000007c0000000)
  eden space 33280K, 100% used [0x0000000795580000,0x0000000797600000,0x0000000797600000)
  from space 5120K, 99% used [0x0000000797600000,0x0000000797af8e88,0x0000000797b00000)
  to   space 5120K, 0% used [0x0000000797b00000,0x0000000797b00000,0x0000000798000000)
 ParOldGen       total 87552K, used 99K [0x0000000740000000, 0x0000000745580000, 0x0000000795580000)
  object space 87552K, 0% used [0x0000000740000000,0x0000000740018c50,0x0000000745580000)
 Metaspace       used 11304K, capacity 11544K, committed 11904K, reserved 1058816K
  class space    used 1485K, capacity 1544K, committed 1664K, reserved 1048576K
Event: 1.774 GC heap after
Heap after GC invocations=2 (full 0):
 PSYoungGen      total 38400K, used 5114K [0x0000000795580000, 0x0000000798000000, 0x00000007c0000000)
  eden space 33280K, 0% used [0x0000000795580000,0x0000000795580000,0x0000000797600000)
  from space 5120K, 99% used [0x0000000797b00000,0x0000000797ffeb18,0x0000000798000000)
  to   space 5120K, 0% used [0x0000000797600000,0x0000000797600000,0x0000000797b00000)
 ParOldGen       total 87552K, used 812K [0x0000000740000000, 0x0000000745580000, 0x0000000795580000)
  object space 87552K, 0% used [0x0000000740000000,0x00000007400cb100,0x0000000745580000)
 Metaspace       used 11304K, capacity 11544K, committed 11904K, reserved 1058816K
  class space    used 1485K, capacity 1544K, committed 1664K, reserved 1048576K
}

Deoptimization events (10 events):
Event: 1.022 Thread 0x00007fabd9801000 Uncommon trap: reason=unstable_if action=reinterpret pc=0x0000000109b13040 method=sun.misc.JarIndex.get(Ljava/lang/String;)Ljava/util/LinkedList; @ 27
Event: 1.131 Thread 0x00007fabd9801000 Uncommon trap: reason=bimorphic action=maybe_recompile pc=0x0000000109b0b468 method=java.util.HashMap.putVal(ILjava/lang/Object;Ljava/lang/Object;ZZ)Ljava/lang/Object; @ 91
Event: 1.466 Thread 0x00007fabd9801000 Uncommon trap: reason=bimorphic action=maybe_recompile pc=0x0000000109b0b468 method=java.util.HashMap.putVal(ILjava/lang/Object;Ljava/lang/Object;ZZ)Ljava/lang/Object; @ 91
Event: 1.466 Thread 0x00007fabd9801000 Uncommon trap: reason=bimorphic action=maybe_recompile pc=0x0000000109b0b468 method=java.util.HashMap.putVal(ILjava/lang/Object;Ljava/lang/Object;ZZ)Ljava/lang/Object; @ 91
Event: 1.466 Thread 0x00007fabd9801000 Uncommon trap: reason=bimorphic action=maybe_recompile pc=0x0000000109b0b498 method=java.util.HashMap.putVal(ILjava/lang/Object;Ljava/lang/Object;ZZ)Ljava/lang/Object; @ 203
Event: 1.466 Thread 0x00007fabd9801000 Uncommon trap: reason=bimorphic action=maybe_recompile pc=0x0000000109b0b498 method=java.util.HashMap.putVal(ILjava/lang/Object;Ljava/lang/Object;ZZ)Ljava/lang/Object; @ 203
Event: 2.203 Thread 0x00007fabd9801000 Uncommon trap: reason=class_check action=maybe_recompile pc=0x0000000109c362e8 method=org.gradle.internal.service.DefaultServiceRegistry$SingletonService.getService(Lorg/gradle/internal/service/DefaultServiceRegistry$LookupContext;Lorg/gradle/internal/ser
Event: 2.203 Thread 0x00007fabd9801000 Uncommon trap: reason=class_check action=maybe_recompile pc=0x0000000109c362e8 method=org.gradle.internal.service.DefaultServiceRegistry$SingletonService.getService(Lorg/gradle/internal/service/DefaultServiceRegistry$LookupContext;Lorg/gradle/internal/ser
Event: 2.203 Thread 0x00007fabd9801000 Uncommon trap: reason=class_check action=maybe_recompile pc=0x0000000109c362e8 method=org.gradle.internal.service.DefaultServiceRegistry$SingletonService.getService(Lorg/gradle/internal/service/DefaultServiceRegistry$LookupContext;Lorg/gradle/internal/ser
Event: 2.203 Thread 0x00007fabd9801000 Uncommon trap: reason=class_check action=maybe_recompile pc=0x0000000109c362e8 method=org.gradle.internal.service.DefaultServiceRegistry$SingletonService.getService(Lorg/gradle/internal/service/DefaultServiceRegistry$LookupContext;Lorg/gradle/internal/ser

Internal exceptions (10 events):
Event: 1.909 Thread 0x00007fabd9801000 Exception <a 'java/lang/ClassNotFoundException': groovy/lang/ExpandoMetaClassBeanInfo> (0x0000000795b2ec08) thrown at [/HUDSON3/workspace/8-2-build-macosx-x86_64/jdk8u101/7261/hotspot/src/share/vm/classfile/systemDictionary.cpp, line 210]
Event: 1.913 Thread 0x00007fabd9801000 Exception <a 'java/lang/ClassNotFoundException': groovy/lang/MetaClassImplBeanInfo> (0x0000000795b3b2e0) thrown at [/HUDSON3/workspace/8-2-build-macosx-x86_64/jdk8u101/7261/hotspot/src/share/vm/classfile/systemDictionary.cpp, line 210]
Event: 1.914 Thread 0x00007fabd9801000 Exception <a 'java/lang/ClassNotFoundException': java/lang/ObjectBeanInfo> (0x0000000795b40e18) thrown at [/HUDSON3/workspace/8-2-build-macosx-x86_64/jdk8u101/7261/hotspot/src/share/vm/classfile/systemDictionary.cpp, line 210]
Event: 1.914 Thread 0x00007fabd9801000 Exception <a 'java/lang/ClassNotFoundException': java/lang/ObjectCustomizer> (0x0000000795b46a98) thrown at [/HUDSON3/workspace/8-2-build-macosx-x86_64/jdk8u101/7261/hotspot/src/share/vm/classfile/systemDictionary.cpp, line 210]
Event: 1.917 Thread 0x00007fabd9801000 Exception <a 'java/lang/ClassNotFoundException': groovy/lang/MetaClassImplCustomizer> (0x0000000795b5b068) thrown at [/HUDSON3/workspace/8-2-build-macosx-x86_64/jdk8u101/7261/hotspot/src/share/vm/classfile/systemDictionary.cpp, line 210]
Event: 1.921 Thread 0x00007fabd9801000 Exception <a 'java/lang/ClassNotFoundException': groovy/lang/ExpandoMetaClassCustomizer> (0x0000000795b8fae0) thrown at [/HUDSON3/workspace/8-2-build-macosx-x86_64/jdk8u101/7261/hotspot/src/share/vm/classfile/systemDictionary.cpp, line 210]
Event: 1.930 Thread 0x00007fabd9801000 Exception <a 'java/lang/ClassNotFoundException': org/gradle/api/internal/plugins/DefaultExtraPropertiesExtensionBeanInfo> (0x0000000795c19f08) thrown at [/HUDSON3/workspace/8-2-build-macosx-x86_64/jdk8u101/7261/hotspot/src/share/vm/classfile/systemDiction
Event: 1.932 Thread 0x00007fabd9801000 Exception <a 'java/lang/ClassNotFoundException': groovy/lang/GroovyObjectSupportBeanInfo> (0x0000000795c27aa0) thrown at [/HUDSON3/workspace/8-2-build-macosx-x86_64/jdk8u101/7261/hotspot/src/share/vm/classfile/systemDictionary.cpp, line 210]
Event: 1.935 Thread 0x00007fabd9801000 Exception <a 'java/lang/ClassNotFoundException': groovy/lang/GroovyObjectSupportCustomizer> (0x0000000795c359a0) thrown at [/HUDSON3/workspace/8-2-build-macosx-x86_64/jdk8u101/7261/hotspot/src/share/vm/classfile/systemDictionary.cpp, line 210]
Event: 1.936 Thread 0x00007fabd9801000 Exception <a 'java/lang/ClassNotFoundException': org/gradle/api/internal/plugins/DefaultExtraPropertiesExtensionCustomizer> (0x0000000795c4e990) thrown at [/HUDSON3/workspace/8-2-build-macosx-x86_64/jdk8u101/7261/hotspot/src/share/vm/classfile/systemDicti

Events (10 events):
Event: 2.205 loading class org/gradle/api/internal/project/ProjectFactory
Event: 2.205 loading class org/gradle/api/internal/project/ProjectFactory done
Event: 2.205 loading class org/gradle/execution/TaskPathProjectEvaluator
Event: 2.205 loading class org/gradle/execution/TaskPathProjectEvaluator done
Event: 2.206 loading class org/gradle/configuration/DefaultBuildConfigurer
Event: 2.206 loading class org/gradle/configuration/DefaultBuildConfigurer done
Event: 2.211 loading class org/gradle/initialization/DefaultExceptionAnalyser
Event: 2.211 loading class org/gradle/initialization/DefaultExceptionAnalyser done
Event: 2.212 loading class org/gradle/initialization/ModelConfigurationListener
Event: 2.212 loading class org/gradle/initialization/ModelConfigurationListener done


Dynamic libraries:
0x0000000035d18000 	/System/Library/Frameworks/Cocoa.framework/Versions/A/Cocoa
0x0000000035d18000 	/System/Library/Frameworks/Security.framework/Versions/A/Security
0x0000000035d18000 	/System/Library/Frameworks/ApplicationServices.framework/Versions/A/ApplicationServices
0x0000000035d18000 	/usr/lib/libz.1.dylib
0x0000000106e91000 	/usr/lib/libSystem.B.dylib
0x0000000035d18000 	/usr/lib/libobjc.A.dylib
0x0000000035d18000 	/System/Library/Frameworks/CoreFoundation.framework/Versions/A/CoreFoundation
0x0000000035d18000 	/System/Library/Frameworks/Foundation.framework/Versions/C/Foundation
0x0000000035d18000 	/System/Library/Frameworks/AppKit.framework/Versions/C/AppKit
0x0000000035d18000 	/System/Library/Frameworks/CoreData.framework/Versions/A/CoreData
0x0000000035d18000 	/System/Library/PrivateFrameworks/RemoteViewServices.framework/Versions/A/RemoteViewServices
0x0000000035d18000 	/System/Library/PrivateFrameworks/UIFoundation.framework/Versions/A/UIFoundation
0x0000000035d18000 	/System/Library/PrivateFrameworks/DFRFoundation.framework/Versions/A/DFRFoundation
0x0000000035d18000 	/usr/lib/libenergytrace.dylib
0x0000000035d18000 	/System/Library/PrivateFrameworks/SkyLight.framework/Versions/A/SkyLight
0x0000000035d18000 	/System/Library/Frameworks/CoreGraphics.framework/Versions/A/CoreGraphics
0x0000000035d18000 	/usr/lib/libScreenReader.dylib
0x0000000035d18000 	/System/Library/Frameworks/Accelerate.framework/Versions/A/Accelerate
0x0000000035d18000 	/System/Library/Frameworks/IOSurface.framework/Versions/A/IOSurface
0x0000000035d18000 	/System/Library/Frameworks/AudioToolbox.framework/Versions/A/AudioToolbox
0x0000000035d18000 	/System/Library/Frameworks/AudioUnit.framework/Versions/A/AudioUnit
0x0000000035d18000 	/System/Library/PrivateFrameworks/DataDetectorsCore.framework/Versions/A/DataDetectorsCore
0x0000000035d18000 	/System/Library/PrivateFrameworks/DesktopServicesPriv.framework/Versions/A/DesktopServicesPriv
0x0000000035d18000 	/System/Library/Frameworks/Carbon.framework/Versions/A/Frameworks/HIToolbox.framework/Versions/A/HIToolbox
0x0000000035d18000 	/usr/lib/libicucore.A.dylib
0x0000000035d18000 	/System/Library/Frameworks/QuartzCore.framework/Versions/A/QuartzCore
0x0000000035d18000 	/System/Library/Frameworks/Carbon.framework/Versions/A/Frameworks/SpeechRecognition.framework/Versions/A/SpeechRecognition
0x0000000035d18000 	/usr/lib/libauto.dylib
0x0000000035d18000 	/usr/lib/libxml2.2.dylib
0x0000000035d18000 	/System/Library/PrivateFrameworks/CoreUI.framework/Versions/A/CoreUI
0x0000000035d18000 	/System/Library/Frameworks/CoreAudio.framework/Versions/A/CoreAudio
0x0000000035d18000 	/System/Library/Frameworks/DiskArbitration.framework/Versions/A/DiskArbitration
0x0000000035d18000 	/usr/lib/liblangid.dylib
0x0000000035d18000 	/System/Library/PrivateFrameworks/MultitouchSupport.framework/Versions/A/MultitouchSupport
0x0000000106e9e000 	/System/Library/Frameworks/IOKit.framework/Versions/A/IOKit
0x0000000035d18000 	/usr/lib/libDiagnosticMessagesClient.dylib
0x0000000035d18000 	/System/Library/Frameworks/CoreServices.framework/Versions/A/CoreServices
0x0000000035d18000 	/System/Library/PrivateFrameworks/PerformanceAnalysis.framework/Versions/A/PerformanceAnalysis
0x0000000035d18000 	/System/Library/PrivateFrameworks/GenerationalStorage.framework/Versions/A/GenerationalStorage
0x0000000035d18000 	/System/Library/Frameworks/OpenGL.framework/Versions/A/OpenGL
0x0000000035d18000 	/System/Library/Frameworks/CoreImage.framework/Versions/A/CoreImage
0x0000000035d18000 	/System/Library/Frameworks/CoreText.framework/Versions/A/CoreText
0x0000000035d18000 	/System/Library/Frameworks/ImageIO.framework/Versions/A/ImageIO
0x0000000035d18000 	/System/Library/PrivateFrameworks/Backup.framework/Versions/A/Backup
0x0000000035d18000 	/usr/lib/libarchive.2.dylib
0x0000000106f7b000 	/System/Library/Frameworks/CFNetwork.framework/Versions/A/CFNetwork
0x0000000035d18000 	/System/Library/Frameworks/SystemConfiguration.framework/Versions/A/SystemConfiguration
0x0000000035d18000 	/usr/lib/libCRFSuite.dylib
0x0000000035d18000 	/usr/lib/libc++.1.dylib
0x0000000035d18000 	/usr/lib/libc++abi.dylib
0x0000000035d18000 	/usr/lib/system/libcache.dylib
0x0000000035d18000 	/usr/lib/system/libcommonCrypto.dylib
0x0000000035d18000 	/usr/lib/system/libcompiler_rt.dylib
0x0000000035d18000 	/usr/lib/system/libcopyfile.dylib
0x0000000035d18000 	/usr/lib/system/libcorecrypto.dylib
0x0000000035d18000 	/usr/lib/system/libdispatch.dylib
0x000000010766b000 	/usr/lib/system/libdyld.dylib
0x0000000035d18000 	/usr/lib/system/libkeymgr.dylib
0x0000000035d18000 	/usr/lib/system/liblaunch.dylib
0x0000000035d18000 	/usr/lib/system/libmacho.dylib
0x0000000035d18000 	/usr/lib/system/libquarantine.dylib
0x0000000035d18000 	/usr/lib/system/libremovefile.dylib
0x0000000035d18000 	/usr/lib/system/libsystem_asl.dylib
0x0000000035d18000 	/usr/lib/system/libsystem_blocks.dylib
0x0000000035d18000 	/usr/lib/system/libsystem_c.dylib
0x0000000035d18000 	/usr/lib/system/libsystem_configuration.dylib
0x0000000035d18000 	/usr/lib/system/libsystem_coreservices.dylib
0x0000000107679000 	/usr/lib/system/libsystem_coretls.dylib
0x0000000035d18000 	/usr/lib/system/libsystem_dnssd.dylib
0x0000000035d18000 	/usr/lib/system/libsystem_info.dylib
0x000000010769d000 	/usr/lib/system/libsystem_kernel.dylib
0x0000000035d18000 	/usr/lib/system/libsystem_m.dylib
0x0000000035d18000 	/usr/lib/system/libsystem_malloc.dylib
0x0000000035d18000 	/usr/lib/system/libsystem_network.dylib
0x00000001076de000 	/usr/lib/system/libsystem_networkextension.dylib
0x0000000035d18000 	/usr/lib/system/libsystem_notify.dylib
0x0000000035d18000 	/usr/lib/system/libsystem_platform.dylib
0x0000000035d18000 	/usr/lib/system/libsystem_pthread.dylib
0x00000001076f8000 	/usr/lib/system/libsystem_sandbox.dylib
0x0000000035d18000 	/usr/lib/system/libsystem_secinit.dylib
0x0000000107706000 	/usr/lib/system/libsystem_symptoms.dylib
0x0000000107718000 	/usr/lib/system/libsystem_trace.dylib
0x0000000035d18000 	/usr/lib/system/libunwind.dylib
0x0000000035d18000 	/usr/lib/system/libxpc.dylib
0x0000000035d18000 	/usr/lib/libbsm.0.dylib
0x0000000107753000 	/usr/lib/system/libkxld.dylib
0x0000000035d18000 	/usr/lib/libcoretls.dylib
0x0000000035d18000 	/usr/lib/libcoretls_cfhelpers.dylib
0x0000000035d18000 	/usr/lib/libxar.1.dylib
0x0000000035d18000 	/usr/lib/libsqlite3.dylib
0x0000000035d18000 	/usr/lib/libpam.2.dylib
0x0000000035d18000 	/usr/lib/libOpenScriptingUtil.dylib
0x0000000035d18000 	/usr/lib/libbz2.1.0.dylib
0x0000000035d18000 	/usr/lib/liblzma.5.dylib
0x0000000035d18000 	/usr/lib/libnetwork.dylib
0x0000000035d18000 	/usr/lib/libpcap.A.dylib
0x0000000035d18000 	/System/Library/Frameworks/CoreServices.framework/Versions/A/Frameworks/FSEvents.framework/Versions/A/FSEvents
0x0000000035d18000 	/System/Library/Frameworks/CoreServices.framework/Versions/A/Frameworks/CarbonCore.framework/Versions/A/CarbonCore
0x0000000035d18000 	/System/Library/Frameworks/CoreServices.framework/Versions/A/Frameworks/Metadata.framework/Versions/A/Metadata
0x0000000035d18000 	/System/Library/Frameworks/CoreServices.framework/Versions/A/Frameworks/OSServices.framework/Versions/A/OSServices
0x0000000035d18000 	/System/Library/Frameworks/CoreServices.framework/Versions/A/Frameworks/SearchKit.framework/Versions/A/SearchKit
0x0000000035d18000 	/System/Library/Frameworks/CoreServices.framework/Versions/A/Frameworks/AE.framework/Versions/A/AE
0x0000000035d18000 	/System/Library/Frameworks/CoreServices.framework/Versions/A/Frameworks/LaunchServices.framework/Versions/A/LaunchServices
0x0000000035d18000 	/System/Library/Frameworks/CoreServices.framework/Versions/A/Frameworks/DictionaryServices.framework/Versions/A/DictionaryServices
0x0000000035d18000 	/System/Library/Frameworks/CoreServices.framework/Versions/A/Frameworks/SharedFileList.framework/Versions/A/SharedFileList
0x0000000035d18000 	/System/Library/Frameworks/NetFS.framework/Versions/A/NetFS
0x0000000035d18000 	/System/Library/PrivateFrameworks/NetAuth.framework/Versions/A/NetAuth
0x0000000035d18000 	/System/Library/PrivateFrameworks/login.framework/Versions/A/Frameworks/loginsupport.framework/Versions/A/loginsupport
0x0000000035d18000 	/System/Library/PrivateFrameworks/TCC.framework/Versions/A/TCC
0x0000000035d18000 	/usr/lib/libmecabra.dylib
0x0000000035d18000 	/System/Library/Frameworks/ApplicationServices.framework/Versions/A/Frameworks/ATS.framework/Versions/A/ATS
0x0000000035d18000 	/System/Library/Frameworks/ApplicationServices.framework/Versions/A/Frameworks/ColorSync.framework/Versions/A/ColorSync
0x0000000035d18000 	/System/Library/Frameworks/ApplicationServices.framework/Versions/A/Frameworks/HIServices.framework/Versions/A/HIServices
0x0000000035d18000 	/System/Library/Frameworks/ApplicationServices.framework/Versions/A/Frameworks/LangAnalysis.framework/Versions/A/LangAnalysis
0x0000000035d18000 	/System/Library/Frameworks/ApplicationServices.framework/Versions/A/Frameworks/PrintCore.framework/Versions/A/PrintCore
0x0000000035d18000 	/System/Library/Frameworks/ApplicationServices.framework/Versions/A/Frameworks/QD.framework/Versions/A/QD
0x0000000035d18000 	/System/Library/Frameworks/ApplicationServices.framework/Versions/A/Frameworks/SpeechSynthesis.framework/Versions/A/SpeechSynthesis
0x0000000035d18000 	/System/Library/Frameworks/Accelerate.framework/Versions/A/Frameworks/vImage.framework/Versions/A/vImage
0x0000000035d18000 	/System/Library/Frameworks/Accelerate.framework/Versions/A/Frameworks/vecLib.framework/Versions/A/vecLib
0x0000000035d18000 	/System/Library/Frameworks/Accelerate.framework/Versions/A/Frameworks/vecLib.framework/Versions/A/libvDSP.dylib
0x0000000035d18000 	/System/Library/Frameworks/Accelerate.framework/Versions/A/Frameworks/vecLib.framework/Versions/A/libBNNS.dylib
0x0000000035d18000 	/System/Library/Frameworks/Accelerate.framework/Versions/A/Frameworks/vecLib.framework/Versions/A/libQuadrature.dylib
0x0000000035d18000 	/System/Library/Frameworks/Accelerate.framework/Versions/A/Frameworks/vecLib.framework/Versions/A/libvMisc.dylib
0x0000000035d18000 	/System/Library/Frameworks/Accelerate.framework/Versions/A/Frameworks/vecLib.framework/Versions/A/libLAPACK.dylib
0x0000000035d18000 	/System/Library/Frameworks/Accelerate.framework/Versions/A/Frameworks/vecLib.framework/Versions/A/libBLAS.dylib
0x0000000035d18000 	/System/Library/Frameworks/Accelerate.framework/Versions/A/Frameworks/vecLib.framework/Versions/A/libLinearAlgebra.dylib
0x0000000035d18000 	/System/Library/Frameworks/Accelerate.framework/Versions/A/Frameworks/vecLib.framework/Versions/A/libSparseBLAS.dylib
0x0000000035d18000 	/System/Library/Frameworks/ApplicationServices.framework/Versions/A/Frameworks/ATS.framework/Versions/A/Resources/libFontParser.dylib
0x0000000035d18000 	/System/Library/Frameworks/ApplicationServices.framework/Versions/A/Frameworks/ATS.framework/Versions/A/Resources/libFontRegistry.dylib
0x0000000035d18000 	/System/Library/Frameworks/ImageIO.framework/Versions/A/Resources/libJPEG.dylib
0x0000000035d18000 	/System/Library/Frameworks/ImageIO.framework/Versions/A/Resources/libTIFF.dylib
0x0000000035d18000 	/System/Library/Frameworks/ImageIO.framework/Versions/A/Resources/libPng.dylib
0x0000000035d18000 	/System/Library/Frameworks/ImageIO.framework/Versions/A/Resources/libGIF.dylib
0x0000000035d18000 	/System/Library/Frameworks/ImageIO.framework/Versions/A/Resources/libJP2.dylib
0x0000000035d18000 	/System/Library/Frameworks/ImageIO.framework/Versions/A/Resources/libRadiance.dylib
0x0000000035d18000 	/usr/lib/libcompression.dylib
0x0000000035d18000 	/System/Library/PrivateFrameworks/AppleJPEG.framework/Versions/A/AppleJPEG
0x0000000035d18000 	/usr/lib/libcups.2.dylib
0x0000000035d18000 	/System/Library/Frameworks/Kerberos.framework/Versions/A/Kerberos
0x0000000035d18000 	/System/Library/Frameworks/GSS.framework/Versions/A/GSS
0x0000000035d18000 	/usr/lib/libresolv.9.dylib
0x0000000035d18000 	/usr/lib/libiconv.2.dylib
0x0000000035d18000 	/System/Library/PrivateFrameworks/Heimdal.framework/Versions/A/Heimdal
0x0000000035d18000 	/usr/lib/libheimdal-asn1.dylib
0x0000000035d18000 	/System/Library/Frameworks/OpenDirectory.framework/Versions/A/OpenDirectory
0x0000000035d18000 	/System/Library/PrivateFrameworks/CommonAuth.framework/Versions/A/CommonAuth
0x0000000035d18000 	/System/Library/Frameworks/OpenDirectory.framework/Versions/A/Frameworks/CFOpenDirectory.framework/Versions/A/CFOpenDirectory
0x0000000035d18000 	/System/Library/Frameworks/SecurityFoundation.framework/Versions/A/SecurityFoundation
0x0000000035d18000 	/System/Library/PrivateFrameworks/LanguageModeling.framework/Versions/A/LanguageModeling
0x0000000035d18000 	/usr/lib/libmarisa.dylib
0x0000000035d18000 	/usr/lib/libChineseTokenizer.dylib
0x0000000035d18000 	/usr/lib/libcmph.dylib
0x0000000035d18000 	/System/Library/PrivateFrameworks/CoreEmoji.framework/Versions/A/CoreEmoji
0x0000000035d18000 	/System/Library/Frameworks/ServiceManagement.framework/Versions/A/ServiceManagement
0x0000000035d18000 	/usr/lib/libxslt.1.dylib
0x0000000035d18000 	/System/Library/Frameworks/Carbon.framework/Versions/A/Frameworks/Ink.framework/Versions/A/Ink
0x0000000035d18000 	/System/Library/PrivateFrameworks/TextureIO.framework/Versions/A/TextureIO
0x0000000035d18000 	/System/Library/Frameworks/Metal.framework/Versions/A/Metal
0x0000000035d18000 	/usr/lib/libate.dylib
0x0000000035d18000 	/System/Library/PrivateFrameworks/GPUCompiler.framework/libmetal_timestamp.dylib
0x0000000035d18000 	/System/Library/Frameworks/OpenGL.framework/Versions/A/Libraries/libCoreFSCache.dylib
0x0000000035d18000 	/System/Library/PrivateFrameworks/IOAccelerator.framework/Versions/A/IOAccelerator
0x0000000035d18000 	/System/Library/Frameworks/CoreVideo.framework/Versions/A/CoreVideo
0x0000000035d18000 	/usr/lib/libFosl_dynamic.dylib
0x0000000035d18000 	/System/Library/PrivateFrameworks/MetalPerformanceShaders.framework/Versions/A/MetalPerformanceShaders
0x0000000035d18000 	/System/Library/PrivateFrameworks/FaceCore.framework/Versions/A/FaceCore
0x0000000035d18000 	/System/Library/Frameworks/OpenCL.framework/Versions/A/OpenCL
0x0000000035d18000 	/System/Library/Frameworks/OpenGL.framework/Versions/A/Libraries/libGLU.dylib
0x0000000035d18000 	/System/Library/Frameworks/OpenGL.framework/Versions/A/Libraries/libGFXShared.dylib
0x0000000035d18000 	/System/Library/Frameworks/OpenGL.framework/Versions/A/Libraries/libGL.dylib
0x0000000035d18000 	/System/Library/Frameworks/OpenGL.framework/Versions/A/Libraries/libGLImage.dylib
0x0000000035d18000 	/System/Library/Frameworks/OpenGL.framework/Versions/A/Libraries/libCVMSPluginSupport.dylib
0x0000000035d18000 	/System/Library/Frameworks/OpenGL.framework/Versions/A/Libraries/libCoreVMClient.dylib
0x0000000035d18000 	/System/Library/PrivateFrameworks/CrashReporterSupport.framework/Versions/A/CrashReporterSupport
0x0000000035d18000 	/System/Library/PrivateFrameworks/Sharing.framework/Versions/A/Sharing
0x0000000035d18000 	/System/Library/PrivateFrameworks/IconServices.framework/Versions/A/IconServices
0x0000000035d18000 	/System/Library/PrivateFrameworks/ProtocolBuffer.framework/Versions/A/ProtocolBuffer
0x0000000035d18000 	/System/Library/PrivateFrameworks/Apple80211.framework/Versions/A/Apple80211
0x0000000035d18000 	/System/Library/Frameworks/CoreWLAN.framework/Versions/A/CoreWLAN
0x0000000035d18000 	/System/Library/PrivateFrameworks/CoreUtils.framework/Versions/A/CoreUtils
0x0000000035d18000 	/System/Library/Frameworks/IOBluetooth.framework/Versions/A/IOBluetooth
0x0000000035d18000 	/System/Library/PrivateFrameworks/CoreWiFi.framework/Versions/A/CoreWiFi
0x0000000035d18000 	/System/Library/Frameworks/CoreBluetooth.framework/Versions/A/CoreBluetooth
0x0000000035d18000 	/System/Library/Frameworks/CoreDisplay.framework/Versions/A/CoreDisplay
0x0000000035d18000 	/System/Library/PrivateFrameworks/IOPresentment.framework/Versions/A/IOPresentment
0x0000000035d18000 	/System/Library/PrivateFrameworks/DebugSymbols.framework/Versions/A/DebugSymbols
0x0000000035d18000 	/System/Library/PrivateFrameworks/CoreSymbolication.framework/Versions/A/CoreSymbolication
0x0000000035d18000 	/System/Library/PrivateFrameworks/Symbolication.framework/Versions/A/Symbolication
0x0000000035d18000 	/System/Library/PrivateFrameworks/AppleFSCompression.framework/Versions/A/AppleFSCompression
0x0000000035d18000 	/System/Library/PrivateFrameworks/SpeechRecognitionCore.framework/Versions/A/SpeechRecognitionCore
0x0000000035d18000 	/System/Library/PrivateFrameworks/ChunkingLibrary.framework/Versions/A/ChunkingLibrary
0x0000000108000000 	/Library/Java/JavaVirtualMachines/jdk1.8.0_101.jdk/Contents/Home/jre/lib/server/libjvm.dylib
0x0000000035d18000 	/usr/lib/libstdc++.6.dylib
0x00000001077c1000 	/Library/Java/JavaVirtualMachines/jdk1.8.0_101.jdk/Contents/Home/jre/lib/libverify.dylib
0x0000000108f9d000 	/Library/Java/JavaVirtualMachines/jdk1.8.0_101.jdk/Contents/Home/jre/lib/libjava.dylib
0x00000001077d7000 	/Library/Java/JavaVirtualMachines/jdk1.8.0_101.jdk/Contents/Home/jre/lib/libzip.dylib
0x000000011e9af000 	/System/Library/Frameworks/JavaVM.framework/Frameworks/JavaRuntimeSupport.framework/JavaRuntimeSupport
0x000000011e9c9000 	/System/Library/Frameworks/JavaVM.framework/Versions/A/Frameworks/JavaNativeFoundation.framework/Versions/A/JavaNativeFoundation
0x0000000109823000 	/System/Library/Frameworks/JavaVM.framework/Versions/A/JavaVM
0x0000000035d18000 	/System/Library/Frameworks/Carbon.framework/Versions/A/Carbon
0x000000011e9de000 	/System/Library/PrivateFrameworks/JavaLaunching.framework/Versions/A/JavaLaunching
0x0000000035d18000 	/System/Library/Frameworks/Carbon.framework/Versions/A/Frameworks/CommonPanels.framework/Versions/A/CommonPanels
0x0000000035d18000 	/System/Library/Frameworks/Carbon.framework/Versions/A/Frameworks/Help.framework/Versions/A/Help
0x0000000035d18000 	/System/Library/Frameworks/Carbon.framework/Versions/A/Frameworks/ImageCapture.framework/Versions/A/ImageCapture
0x0000000035d18000 	/System/Library/Frameworks/Carbon.framework/Versions/A/Frameworks/OpenScripting.framework/Versions/A/OpenScripting
0x0000000035d18000 	/System/Library/Frameworks/Carbon.framework/Versions/A/Frameworks/Print.framework/Versions/A/Print
0x0000000035d18000 	/System/Library/Frameworks/Carbon.framework/Versions/A/Frameworks/SecurityHI.framework/Versions/A/SecurityHI
0x000000012030d000 	/Library/Java/JavaVirtualMachines/jdk1.8.0_101.jdk/Contents/Home/jre/lib/libnet.dylib
0x000000012036c000 	/Library/Java/JavaVirtualMachines/jdk1.8.0_101.jdk/Contents/Home/jre/lib/libnio.dylib
0x00000001207a7000 	/Users/elchroy/.gradle/native/19/osx-amd64/libnative-platform.dylib
0x00000001207ac000 	/Users/elchroy/.gradle/native/19/osx-amd64/libnative-platform-curses.dylib
0x0000000035d18000 	/usr/lib/libncurses.5.4.dylib
0x00000001207b0000 	/private/var/folders/3j/p0_wzk9d1ns47ybk3ng5x3w80000gn/T/jna4310227852398047708.tmp
0x00000001207c5000 	/Library/Java/JavaVirtualMachines/jdk1.8.0_101.jdk/Contents/Home/jre/lib/libmanagement.dylib

VM Arguments:
jvm_args: -Dorg.gradle.appname=gradlew 
java_command: org.gradle.wrapper.GradleWrapperMain installDebug
java_class_path (initial): /Users/elchroy/Roy/Code/rubyment/roymobile/android/gradle/wrapper/gradle-wrapper.jar
Launcher Type: SUN_STANDARD

Environment Variables:
PATH=/usr/local/opt/nvm/versions/node/v6.3.0/lib/node_modules/npm/bin/node-gyp-bin:/Users/elchroy/Roy/Code/rubyment/roymobile/node_modules/.bin:/usr/local/opt/nvm/versions/node/v6.3.0/bin:/Users/elchroy/.rvm/gems/ruby-2.3.0/bin:/Users/elchroy/.rvm/gems/ruby-2.3.0@global/bin:/Users/elchroy/.rvm/rubies/ruby-2.3.0/bin:/usr/local/opt/nvm/versions/node/v6.3.0/bin:/usr/local/mysql/bin:/usr/local/share/python:/usr/local/bin:/usr/bin:/bin:/usr/sbin:/sbin:/Users/elchroy/golang/src/github.com/andela/bin:/usr/local/opt/go/libexec/bin:/Users/elchroy/.rvm/bin:/Users/elchroy/Library/Android/sdk/tools:/Users/elchroy/Library/Android/sdk/platform-tools
SHELL=/bin/zsh

Signal Handlers:
SIGSEGV: [libjvm.dylib+0x5af145], sa_mask[0]=11111111011111110111111111111111, sa_flags=SA_ONSTACK|SA_RESTART|SA_SIGINFO
SIGBUS: [libjvm.dylib+0x5af145], sa_mask[0]=11111111011111110111111111111111, sa_flags=SA_RESTART|SA_SIGINFO
SIGFPE: [libjvm.dylib+0x48694c], sa_mask[0]=11111111011111110111111111111111, sa_flags=SA_RESTART|SA_SIGINFO
SIGPIPE: [libjvm.dylib+0x48694c], sa_mask[0]=11111111011111110111111111111111, sa_flags=SA_RESTART|SA_SIGINFO
SIGXFSZ: [libjvm.dylib+0x48694c], sa_mask[0]=11111111011111110111111111111111, sa_flags=SA_RESTART|SA_SIGINFO
SIGILL: [libjvm.dylib+0x48694c], sa_mask[0]=11111111011111110111111111111111, sa_flags=SA_RESTART|SA_SIGINFO
SIGUSR1: SIG_DFL, sa_mask[0]=11111111011111110111111111111111, sa_flags=none
SIGUSR2: [libjvm.dylib+0x48646a], sa_mask[0]=00000000000000000000000000000000, sa_flags=SA_RESTART|SA_SIGINFO
SIGHUP: [libjvm.dylib+0x484a41], sa_mask[0]=11111111011111110111111111111111, sa_flags=SA_RESTART|SA_SIGINFO
SIGINT: [libjvm.dylib+0x484a41], sa_mask[0]=11111111011111110111111111111111, sa_flags=SA_RESTART|SA_SIGINFO
SIGTERM: [libjvm.dylib+0x484a41], sa_mask[0]=11111111011111110111111111111111, sa_flags=SA_RESTART|SA_SIGINFO
SIGQUIT: [libjvm.dylib+0x484a41], sa_mask[0]=11111111011111110111111111111111, sa_flags=SA_RESTART|SA_SIGINFO


---------------  S Y S T E M  ---------------

OS:Bsduname:Darwin 16.4.0 Darwin Kernel Version 16.4.0: Thu Dec 22 22:53:21 PST 2016; root:xnu-3789.41.3~3/RELEASE_X86_64 x86_64
rlimit: STACK 8192k, CORE 0k, NPROC 709, NOFILE 10240, AS infinity
load average:11.34 8.27 8.59

CPU:total 4 (2 cores per cpu, 2 threads per core) family 6 model 61 stepping 4, cmov, cx8, fxsr, mmx, sse, sse2, sse3, ssse3, sse4.1, sse4.2, popcnt, avx, avx2, aes, clmul, erms, 3dnowpref, lzcnt, ht, tsc, tscinvbit, bmi1, bmi2, adx

Memory: 4k page, physical 8388608k(314008k free)

/proc/meminfo:


vm_info: Java HotSpot(TM) 64-Bit Server VM (25.101-b13) for bsd-amd64 JRE (1.8.0_101-b13), built on Jun 22 2016 02:42:15 by "java_re" with gcc 4.2.1 (Based on Apple Inc. build 5658) (LLVM build 2336.11.00)

time: Wed Feb  8 12:58:04 2017
elapsed time: 2 seconds (0d 0h 0m 2s)

