#
# A fatal error has been detected by the Java Runtime Environment:
#
#  SIGSEGV (0xb) at pc=0x000000010a3da498, pid=14807, tid=0x0000000000000307
#
# JRE version: Java(TM) SE Runtime Environment (8.0_101-b13) (build 1.8.0_101-b13)
# Java VM: Java HotSpot(TM) 64-Bit Server VM (25.101-b13 mixed mode bsd-amd64 compressed oops)
# Problematic frame:
# V  [libjvm.dylib+0x486498]
#
# Failed to write core dump. Core dumps have been disabled. To enable core dumping, try "ulimit -c unlimited" before starting Java again
#
# If you would like to submit a bug report, please visit:
#   http://bugreport.java.com/bugreport/crash.jsp
#

---------------  T H R E A D  ---------------

Current thread is native thread

siginfo: si_signo: 11 (SIGSEGV), si_code: 1 (SEGV_MAPERR), si_addr: 0x0000000000000128

Registers:
RAX=0x0000000000000000, RBX=0x00007fff565ed7a0, RCX=0x00007fffb19f4408, RDX=0x00007fff565ed7a0
RSP=0x00007fff565ed2d0, RBP=0x00007fff565ed300, RSI=0x00007fff565ed738, RDI=0x0000000000000103
R8 =0x00007fff565ed7a0, R9 =0x00000000ffffffff, R10=0x0000000000000c00, R11=0x0000000000000206
R12=0x0000000000000c00, R13=0x0000000000000000, R14=0x00007fff565ed738, R15=0x0000000000000002
RIP=0x000000010a3da498, EFLAGS=0x0000000000010202, ERR=0x0000000000000004
  TRAPNO=0x000000000000000e

Top of Stack: (sp=0x00007fff565ed2d0)
0x00007fff565ed2d0:   0000000000000000 00007fff565ed7a0
0x00007fff565ed2e0:   0000000000000c00 0000000000000000
0x00007fff565ed2f0:   00007fff565ed9d0 0000000000000e03
0x00007fff565ed300:   00007fff565ed310 00007fffa8db4bba
0x00007fff565ed310:   00007fff565ed8a0 0000000000015c00
0x00007fff565ed320:   00015d00ae448958 00007fffb188a2d0
0x00007fff565ed330:   0100001f00000085 00007fff93650680
0x00007fff565ed340:   0000000010004005 00000000ffffffff
0x00007fff565ed350:   00007fff565ed858 0000000000000000
0x00007fff565ed360:   00007fff565ed9d0 0000000007000806
0x00007fff565ed370:   00007fff565ed8a0 00007fff565ed858
0x00007fff565ed380:   0000000000000e03 00000000ffffffff
0x00007fff565ed390:   0000000000000c00 0000000000000206
0x00007fff565ed3a0:   0000000000000c00 0000000000000000
0x00007fff565ed3b0:   00007fff565ed9d0 0000000000000e03
0x00007fff565ed3c0:   0000000109e4738a 0000000000000206
0x00007fff565ed3d0:   0000000000000007 0000000000000000
0x00007fff565ed3e0:   0000000000000000 0000000000000000
0x00007fff565ed3f0:   000000000000037f 0000000000000000
0x00007fff565ed400:   0000000000000000 0000ffff00001fa0
0x00007fff565ed410:   0000000000000000 000000000000ffff
0x00007fff565ed420:   0000000000000100 000000000000ffff
0x00007fff565ed430:   0000000000000000 0000000000000000
0x00007fff565ed440:   0000000000000000 0000000000000000
0x00007fff565ed450:   87bc000000000000 000000000000c00b
0x00007fff565ed460:   0000000000000000 0000000000000000
0x00007fff565ed470:   bb78000000000000 000000000000400b
0x00007fff565ed480:   0000000000000000 0000000000000000
0x00007fff565ed490:   41be4c916447d2e9 0000000000000000
0x00007fff565ed4a0:   3fd1f4ba51a005c4 0000000000000000
0x00007fff565ed4b0:   c3de3f8b14da7b6e 439c074eb2584923
0x00007fff565ed4c0:   0000000000000000 0000000000000000 

Instructions: (pc=0x000000010a3da498)
0x000000010a3da478:   83 ec 08 48 89 d3 49 89 f6 e8 00 26 14 00 44 8b
0x000000010a3da488:   38 48 8d 05 20 cd 3a 00 48 63 38 e8 ca 28 14 00
0x000000010a3da498:   4c 8b a0 28 01 00 00 41 83 7c 24 34 01 0f 85 e2
0x000000010a3da4a8:   00 00 00 49 89 5c 24 40 4d 89 74 24 38 49 8d 5c 

Register to memory mapping:

RAX=0x0000000000000000 is an unknown value
RBX=0x00007fff565ed7a0 is an unknown value
RCX=0x00007fffb19f4408: _thread+0x48 in /usr/lib/system/libsystem_pthread.dylib at 0x00007fffa8dbb000
RDX=0x00007fff565ed7a0 is an unknown value
RSP=0x00007fff565ed2d0 is an unknown value
RBP=0x00007fff565ed300 is an unknown value
RSI=0x00007fff565ed738 is an unknown value
RDI=0x0000000000000103 is an unknown value
R8 =0x00007fff565ed7a0 is an unknown value
R9 =0x00000000ffffffff is an unknown value
R10=0x0000000000000c00 is an unknown value
R11=0x0000000000000206 is an unknown value
R12=0x0000000000000c00 is an unknown value
R13=0x0000000000000000 is an unknown value
R14=0x00007fff565ed738 is an unknown value
R15=0x0000000000000002 is an unknown value


Stack: [0x00007fff55df2000,0x00007fff565f2000],  sp=0x00007fff565ed2d0,  free space=8172k
Native frames: (J=compiled Java code, j=interpreted, Vv=VM code, C=native code)
V  [libjvm.dylib+0x486498]
C  [libsystem_platform.dylib+0x2bba]  _sigtramp+0x1a
C  0x0000000000015c00
C  [CoreFoundation+0x88c94]  __CFRunLoopServiceMachPort+0xd4
C  [CoreFoundation+0x88121]  __CFRunLoopRun+0x551
C  [CoreFoundation+0x87974]  CFRunLoopRunSpecific+0x1a4
C  [java+0x6465]  CreateExecutionEnvironment+0x367
C  [java+0x218c]  JLI_Launch+0x7a0
C  [java+0x84c2]  main+0x65
C  [java+0x19e4]  start+0x34


---------------  P R O C E S S  ---------------

VM state:not at safepoint (normal execution)

VM Mutex/Monitor currently owned by a thread:  ([mutex/lock_event])
[0x00007f91aed028c0] MethodData_lock - owner thread: 0x0000000000000000

Heap:
 PSYoungGen      total 206848K, used 43774K [0x0000000795580000, 0x00000007a6c80000, 0x00000007c0000000)
  eden space 188928K, 13% used [0x0000000795580000,0x0000000796f20478,0x00000007a0e00000)
  from space 17920K, 97% used [0x00000007a0e00000,0x00000007a1f1f688,0x00000007a1f80000)
  to   space 20992K, 0% used [0x00000007a5800000,0x00000007a5800000,0x00000007a6c80000)
 ParOldGen       total 127488K, used 32338K [0x0000000740000000, 0x0000000747c80000, 0x0000000795580000)
  object space 127488K, 25% used [0x0000000740000000,0x0000000741f948d8,0x0000000747c80000)
 Metaspace       used 39168K, capacity 40418K, committed 40664K, reserved 1083392K
  class space    used 5509K, capacity 6032K, committed 6144K, reserved 1048576K

Card table byte_map: [0x000000010bbc0000,0x000000010bfc1000] byte_map_base: 0x00000001081c0000

Marking Bits: (ParMarkBitMap*) 0x000000010a841d20
 Begin Bits: [0x000000011dbeb000, 0x000000011fbeb000)
 End Bits:   [0x000000011fbeb000, 0x0000000121beb000)

Polling page: 0x0000000109630000

CodeCache: size=245760Kb used=14000Kb max_used=14029Kb free=231759Kb
 bounds [0x000000010ebeb000, 0x000000010f9bb000, 0x000000011dbeb000]
 total_blobs=4588 nmethods=3932 adapters=569
 compilation: enabled

Compilation events (10 events):
Event: 30.343 Thread 0x00007f91b0006800 4257       3       org.gradle.api.internal.file.pattern.FixedStepsPathMatcher::matches (97 bytes)
Event: 30.344 Thread 0x00007f91b0006800 nmethod 4257 0x000000010f24fed0 code [0x000000010f2500a0, 0x000000010f250818]
Event: 30.361 Thread 0x00007f91b0006800 4259       1       org.gradle.api.internal.tasks.TaskStateInternal::getFailure (5 bytes)
Event: 30.361 Thread 0x00007f91b0006800 nmethod 4259 0x000000010f2a0b10 code [0x000000010f2a0c60, 0x000000010f2a0d70]
Event: 30.365 Thread 0x00007f91af09a000 nmethod 4247 0x000000010f0548d0 code [0x000000010f054a40, 0x000000010f0556a8]
Event: 30.365 Thread 0x00007f91af09a000 4253       4       org.gradle.api.internal.file.pattern.PatternMatcherFactory::compile (121 bytes)
Event: 30.367 Thread 0x00007f91b0006800 4260       3       com.google.common.collect.TransformedIterator::next (14 bytes)
Event: 30.367 Thread 0x00007f91b0006800 nmethod 4260 0x000000010ef02d50 code [0x000000010ef02ee0, 0x000000010ef031d8]
Event: 30.367 Thread 0x00007f91b0006800 4261   !   3       com.sun.proxy.$Proxy1::onOutput (34 bytes)
Event: 30.367 Thread 0x00007f91b0006800 nmethod 4261 0x000000010ef80e50 code [0x000000010ef80fe0, 0x000000010ef814d8]

GC Heap History (10 events):
Event: 8.413 GC heap before
{Heap before GC invocations=5 (full 1):
 PSYoungGen      total 138240K, used 5088K [0x0000000795580000, 0x000000079e180000, 0x00000007c0000000)
  eden space 133120K, 0% used [0x0000000795580000,0x0000000795580000,0x000000079d780000)
  from space 5120K, 99% used [0x000000079dc80000,0x000000079e178040,0x000000079e180000)
  to   space 5120K, 0% used [0x000000079d780000,0x000000079d780000,0x000000079dc80000)
 ParOldGen       total 87552K, used 9369K [0x0000000740000000, 0x0000000745580000, 0x0000000795580000)
  object space 87552K, 10% used [0x0000000740000000,0x00000007409267d0,0x0000000745580000)
 Metaspace       used 20786K, capacity 21118K, committed 21248K, reserved 1067008K
  class space    used 2822K, capacity 2978K, committed 3072K, reserved 1048576K
Event: 8.544 GC heap after
Heap after GC invocations=5 (full 1):
 PSYoungGen      total 138240K, used 0K [0x0000000795580000, 0x000000079e180000, 0x00000007c0000000)
  eden space 133120K, 0% used [0x0000000795580000,0x0000000795580000,0x000000079d780000)
  from space 5120K, 0% used [0x000000079dc80000,0x000000079dc80000,0x000000079e180000)
  to   space 5120K, 0% used [0x000000079d780000,0x000000079d780000,0x000000079dc80000)
 ParOldGen       total 65536K, used 8874K [0x0000000740000000, 0x0000000744000000, 0x0000000795580000)
  object space 65536K, 13% used [0x0000000740000000,0x00000007408aaae8,0x0000000744000000)
 Metaspace       used 20786K, capacity 21118K, committed 21248K, reserved 1067008K
  class space    used 2822K, capacity 2978K, committed 3072K, reserved 1048576K
}
Event: 14.667 GC heap before
{Heap before GC invocations=6 (full 1):
 PSYoungGen      total 138240K, used 133120K [0x0000000795580000, 0x000000079e180000, 0x00000007c0000000)
  eden space 133120K, 100% used [0x0000000795580000,0x000000079d780000,0x000000079d780000)
  from space 5120K, 0% used [0x000000079dc80000,0x000000079dc80000,0x000000079e180000)
  to   space 5120K, 0% used [0x000000079d780000,0x000000079d780000,0x000000079dc80000)
 ParOldGen       total 65536K, used 8874K [0x0000000740000000, 0x0000000744000000, 0x0000000795580000)
  object space 65536K, 13% used [0x0000000740000000,0x00000007408aaae8,0x0000000744000000)
 Metaspace       used 29467K, capacity 30278K, committed 30464K, reserved 1075200K
  class space    used 4028K, capacity 4313K, committed 4352K, reserved 1048576K
Event: 14.695 GC heap after
Heap after GC invocations=6 (full 1):
 PSYoungGen      total 138240K, used 5092K [0x0000000795580000, 0x00000007a2e00000, 0x00000007c0000000)
  eden space 133120K, 0% used [0x0000000795580000,0x0000000795580000,0x000000079d780000)
  from space 5120K, 99% used [0x000000079d780000,0x000000079dc79020,0x000000079dc80000)
  to   space 14848K, 0% used [0x00000007a1f80000,0x00000007a1f80000,0x00000007a2e00000)
 ParOldGen       total 65536K, used 17837K [0x0000000740000000, 0x0000000744000000, 0x0000000795580000)
  object space 65536K, 27% used [0x0000000740000000,0x000000074116b6a0,0x0000000744000000)
 Metaspace       used 29467K, capacity 30278K, committed 30464K, reserved 1075200K
  class space    used 4028K, capacity 4313K, committed 4352K, reserved 1048576K
}
Event: 19.066 GC heap before
{Heap before GC invocations=7 (full 1):
 PSYoungGen      total 138240K, used 88996K [0x0000000795580000, 0x00000007a2e00000, 0x00000007c0000000)
  eden space 133120K, 63% used [0x0000000795580000,0x000000079a770060,0x000000079d780000)
  from space 5120K, 99% used [0x000000079d780000,0x000000079dc79020,0x000000079dc80000)
  to   space 14848K, 0% used [0x00000007a1f80000,0x00000007a1f80000,0x00000007a2e00000)
 ParOldGen       total 65536K, used 17837K [0x0000000740000000, 0x0000000744000000, 0x0000000795580000)
  object space 65536K, 27% used [0x0000000740000000,0x000000074116b6a0,0x0000000744000000)
 Metaspace       used 34332K, capacity 35266K, committed 35416K, reserved 1079296K
  class space    used 4778K, capacity 5164K, committed 5248K, reserved 1048576K
Event: 19.107 GC heap after
Heap after GC invocations=7 (full 1):
 PSYoungGen      total 203776K, used 14838K [0x0000000795580000, 0x00000007a3200000, 0x00000007c0000000)
  eden space 188928K, 0% used [0x0000000795580000,0x0000000795580000,0x00000007a0e00000)
  from space 14848K, 99% used [0x00000007a1f80000,0x00000007a2dfd850,0x00000007a2e00000)
  to   space 17920K, 0% used [0x00000007a0e00000,0x00000007a0e00000,0x00000007a1f80000)
 ParOldGen       total 65536K, used 19191K [0x0000000740000000, 0x0000000744000000, 0x0000000795580000)
  object space 65536K, 29% used [0x0000000740000000,0x00000007412bde08,0x0000000744000000)
 Metaspace       used 34332K, capacity 35266K, committed 35416K, reserved 1079296K
  class space    used 4778K, capacity 5164K, committed 5248K, reserved 1048576K
}
Event: 19.107 GC heap before
{Heap before GC invocations=8 (full 2):
 PSYoungGen      total 203776K, used 14838K [0x0000000795580000, 0x00000007a3200000, 0x00000007c0000000)
  eden space 188928K, 0% used [0x0000000795580000,0x0000000795580000,0x00000007a0e00000)
  from space 14848K, 99% used [0x00000007a1f80000,0x00000007a2dfd850,0x00000007a2e00000)
  to   space 17920K, 0% used [0x00000007a0e00000,0x00000007a0e00000,0x00000007a1f80000)
 ParOldGen       total 65536K, used 19191K [0x0000000740000000, 0x0000000744000000, 0x0000000795580000)
  object space 65536K, 29% used [0x0000000740000000,0x00000007412bde08,0x0000000744000000)
 Metaspace       used 34332K, capacity 35266K, committed 35416K, reserved 1079296K
  class space    used 4778K, capacity 5164K, committed 5248K, reserved 1048576K
Event: 19.473 GC heap after
Heap after GC invocations=8 (full 2):
 PSYoungGen      total 203776K, used 0K [0x0000000795580000, 0x00000007a3200000, 0x00000007c0000000)
  eden space 188928K, 0% used [0x0000000795580000,0x0000000795580000,0x00000007a0e00000)
  from space 14848K, 0% used [0x00000007a1f80000,0x00000007a1f80000,0x00000007a2e00000)
  to   space 17920K, 0% used [0x00000007a0e00000,0x00000007a0e00000,0x00000007a1f80000)
 ParOldGen       total 127488K, used 32330K [0x0000000740000000, 0x0000000747c80000, 0x0000000795580000)
  object space 127488K, 25% used [0x0000000740000000,0x0000000741f928d8,0x0000000747c80000)
 Metaspace       used 34332K, capacity 35266K, committed 35416K, reserved 1079296K
  class space    used 4778K, capacity 5164K, committed 5248K, reserved 1048576K
}
Event: 29.225 GC heap before
{Heap before GC invocations=9 (full 2):
 PSYoungGen      total 203776K, used 188928K [0x0000000795580000, 0x00000007a3200000, 0x00000007c0000000)
  eden space 188928K, 100% used [0x0000000795580000,0x00000007a0e00000,0x00000007a0e00000)
  from space 14848K, 0% used [0x00000007a1f80000,0x00000007a1f80000,0x00000007a2e00000)
  to   space 17920K, 0% used [0x00000007a0e00000,0x00000007a0e00000,0x00000007a1f80000)
 ParOldGen       total 127488K, used 32330K [0x0000000740000000, 0x0000000747c80000, 0x0000000795580000)
  object space 127488K, 25% used [0x0000000740000000,0x0000000741f928d8,0x0000000747c80000)
 Metaspace       used 39027K, capacity 40182K, committed 40280K, reserved 1083392K
  class space    used 5483K, capacity 5978K, committed 6016K, reserved 1048576K
Event: 29.282 GC heap after
Heap after GC invocations=9 (full 2):
 PSYoungGen      total 206848K, used 17533K [0x0000000795580000, 0x00000007a6c80000, 0x00000007c0000000)
  eden space 188928K, 0% used [0x0000000795580000,0x0000000795580000,0x00000007a0e00000)
  from space 17920K, 97% used [0x00000007a0e00000,0x00000007a1f1f688,0x00000007a1f80000)
  to   space 20992K, 0% used [0x00000007a5800000,0x00000007a5800000,0x00000007a6c80000)
 ParOldGen       total 127488K, used 32338K [0x0000000740000000, 0x0000000747c80000, 0x0000000795580000)
  object space 127488K, 25% used [0x0000000740000000,0x0000000741f948d8,0x0000000747c80000)
 Metaspace       used 39027K, capacity 40182K, committed 40280K, reserved 1083392K
  class space    used 5483K, capacity 5978K, committed 6016K, reserved 1048576K
}

Deoptimization events (10 events):
Event: 28.430 Thread 0x00007f91af802800 Uncommon trap: reason=unstable_if action=reinterpret pc=0x000000010f84b674 method=java.lang.Class.arrayContentsEq([Ljava/lang/Object;[Ljava/lang/Object;)Z @ 1
Event: 28.455 Thread 0x00007f91af802800 Uncommon trap: reason=unstable_if action=reinterpret pc=0x000000010f22c958 method=sun.misc.MetaIndex.mayContain(Ljava/lang/String;)Z @ 38
Event: 28.456 Thread 0x00007f91af802800 Uncommon trap: reason=unstable_if action=reinterpret pc=0x000000010f228720 method=sun.misc.MetaIndex.mayContain(Ljava/lang/String;)Z @ 38
Event: 28.561 Thread 0x00007f91af802800 Uncommon trap: reason=unstable_if action=reinterpret pc=0x000000010f39c5c4 method=java.lang.Class.arrayContentsEq([Ljava/lang/Object;[Ljava/lang/Object;)Z @ 1
Event: 30.303 Thread 0x00007f91af802800 Uncommon trap: reason=unstable_if action=reinterpret pc=0x000000010f979738 method=org.gradle.api.internal.file.pattern.PatternMatcherFactory$PathMatcherBackedSpec.isSatisfiedBy(Lorg/gradle/api/file/RelativePath;)Z @ 11
Event: 30.305 Thread 0x00007f91af802800 Uncommon trap: reason=unstable_if action=reinterpret pc=0x000000010f8efa28 method=org.gradle.api.internal.file.pattern.PatternMatcherFactory$PathMatcherBackedSpec.isSatisfiedBy(Lorg/gradle/api/file/RelativePath;)Z @ 11
Event: 30.306 Thread 0x00007f91af802800 Uncommon trap: reason=unstable_if action=reinterpret pc=0x000000010f8f4014 method=org.gradle.api.internal.file.pattern.FixedStepsPathMatcher.matches([Ljava/lang/String;I)Z @ 70
Event: 30.342 Thread 0x00007f91af802800 Uncommon trap: reason=unstable_if action=reinterpret pc=0x000000010f8e17d4 method=org.gradle.api.internal.file.pattern.PatternMatcherFactory$PathMatcherBackedSpec.isSatisfiedBy(Lorg/gradle/api/file/RelativePath;)Z @ 11
Event: 30.342 Thread 0x00007f91af802800 Uncommon trap: reason=unstable_if action=reinterpret pc=0x000000010f8dc860 method=org.gradle.api.internal.file.pattern.FixedStepsPathMatcher.matches([Ljava/lang/String;I)Z @ 70
Event: 30.342 Thread 0x00007f91af802800 Uncommon trap: reason=unstable_if action=reinterpret pc=0x000000010f8dd168 method=org.gradle.api.internal.file.pattern.FixedStepsPathMatcher.matches([Ljava/lang/String;I)Z @ 70

Internal exceptions (10 events):
Event: 28.430 Thread 0x00007f91af802800 Implicit null exception at 0x000000010f84b5ec to 0x000000010f84b661
Event: 28.561 Thread 0x00007f91af802800 Implicit null exception at 0x000000010f39c2dd to 0x000000010f39c59d
Event: 29.351 Thread 0x00007f91af802800 Exception <a 'java/lang/ClassNotFoundException': com/google/common/base/JoinerBeanInfo> (0x0000000795dcc090) thrown at [/HUDSON3/workspace/8-2-build-macosx-x86_64/jdk8u101/7261/hotspot/src/share/vm/classfile/systemDictionary.cpp, line 210]
Event: 29.352 Thread 0x00007f91af802800 Exception <a 'java/lang/ClassNotFoundException': com/google/common/base/JoinerCustomizer> (0x0000000795dda0f0) thrown at [/HUDSON3/workspace/8-2-build-macosx-x86_64/jdk8u101/7261/hotspot/src/share/vm/classfile/systemDictionary.cpp, line 210]
Event: 29.355 Thread 0x00007f91af802800 Exception <a 'java/lang/ClassNotFoundException': java/util/HashMapBeanInfo> (0x0000000795e26ab8) thrown at [/HUDSON3/workspace/8-2-build-macosx-x86_64/jdk8u101/7261/hotspot/src/share/vm/classfile/systemDictionary.cpp, line 210]
Event: 29.356 Thread 0x00007f91af802800 Exception <a 'java/lang/ClassNotFoundException': java/util/HashMapCustomizer> (0x0000000795e2d358) thrown at [/HUDSON3/workspace/8-2-build-macosx-x86_64/jdk8u101/7261/hotspot/src/share/vm/classfile/systemDictionary.cpp, line 210]
Event: 29.375 Thread 0x00007f91af802800 Exception <a 'java/lang/ClassNotFoundException': com/android/build/gradle/tasks/ManifestProcessorTask$1BeanInfo> (0x0000000795e86ee8) thrown at [/HUDSON3/workspace/8-2-build-macosx-x86_64/jdk8u101/7261/hotspot/src/share/vm/classfile/systemDictionary.cpp, 
Event: 29.375 Thread 0x00007f91af802800 Exception <a 'java/lang/ClassNotFoundException': com/android/build/gradle/tasks/ManifestProcessorTask$1Customizer> (0x0000000795e98770) thrown at [/HUDSON3/workspace/8-2-build-macosx-x86_64/jdk8u101/7261/hotspot/src/share/vm/classfile/systemDictionary.cpp
Event: 29.390 Thread 0x00007f91af802800 Exception <a 'java/lang/ClassNotFoundException': com/google/common/collect/IterablesBeanInfo> (0x0000000795ed4ad8) thrown at [/HUDSON3/workspace/8-2-build-macosx-x86_64/jdk8u101/7261/hotspot/src/share/vm/classfile/systemDictionary.cpp, line 210]
Event: 29.390 Thread 0x00007f91af802800 Exception <a 'java/lang/ClassNotFoundException': com/google/common/collect/IterablesCustomizer> (0x0000000795ee3dc0) thrown at [/HUDSON3/workspace/8-2-build-macosx-x86_64/jdk8u101/7261/hotspot/src/share/vm/classfile/systemDictionary.cpp, line 210]

Events (10 events):
Event: 30.306 Thread 0x00007f91af802800 DEOPT UNPACKING pc=0x000000010ebf0229 sp=0x0000700000e3b688 mode 2
Event: 30.342 Thread 0x00007f91af802800 Uncommon trap: trap_request=0xffffff65 fr.pc=0x000000010f8e17d4
Event: 30.342 Thread 0x00007f91af802800 DEOPT PACKING pc=0x000000010f8e17d4 sp=0x0000700000e3b8c0
Event: 30.342 Thread 0x00007f91af802800 DEOPT UNPACKING pc=0x000000010ebf0229 sp=0x0000700000e3b8a8 mode 2
Event: 30.342 Thread 0x00007f91af802800 Uncommon trap: trap_request=0xffffff65 fr.pc=0x000000010f8dc860
Event: 30.342 Thread 0x00007f91af802800 DEOPT PACKING pc=0x000000010f8dc860 sp=0x0000700000e3b490
Event: 30.342 Thread 0x00007f91af802800 DEOPT UNPACKING pc=0x000000010ebf0229 sp=0x0000700000e3b3f0 mode 2
Event: 30.342 Thread 0x00007f91af802800 Uncommon trap: trap_request=0xffffff65 fr.pc=0x000000010f8dd168
Event: 30.342 Thread 0x00007f91af802800 DEOPT PACKING pc=0x000000010f8dd168 sp=0x0000700000e3b430
Event: 30.342 Thread 0x00007f91af802800 DEOPT UNPACKING pc=0x000000010ebf0229 sp=0x0000700000e3b3f8 mode 2


Dynamic libraries:
0x000000001e29e000 	/System/Library/Frameworks/Cocoa.framework/Versions/A/Cocoa
0x000000001e29e000 	/System/Library/Frameworks/Security.framework/Versions/A/Security
0x000000001e29e000 	/System/Library/Frameworks/ApplicationServices.framework/Versions/A/ApplicationServices
0x000000001e29e000 	/usr/lib/libz.1.dylib
0x0000000109629000 	/usr/lib/libSystem.B.dylib
0x000000001e29e000 	/usr/lib/libobjc.A.dylib
0x000000001e29e000 	/System/Library/Frameworks/CoreFoundation.framework/Versions/A/CoreFoundation
0x000000001e29e000 	/System/Library/Frameworks/Foundation.framework/Versions/C/Foundation
0x000000001e29e000 	/System/Library/Frameworks/AppKit.framework/Versions/C/AppKit
0x000000001e29e000 	/System/Library/Frameworks/CoreData.framework/Versions/A/CoreData
0x000000001e29e000 	/System/Library/PrivateFrameworks/RemoteViewServices.framework/Versions/A/RemoteViewServices
0x000000001e29e000 	/System/Library/PrivateFrameworks/UIFoundation.framework/Versions/A/UIFoundation
0x000000001e29e000 	/System/Library/PrivateFrameworks/DFRFoundation.framework/Versions/A/DFRFoundation
0x000000001e29e000 	/usr/lib/libenergytrace.dylib
0x000000001e29e000 	/System/Library/PrivateFrameworks/SkyLight.framework/Versions/A/SkyLight
0x000000001e29e000 	/System/Library/Frameworks/CoreGraphics.framework/Versions/A/CoreGraphics
0x000000001e29e000 	/usr/lib/libScreenReader.dylib
0x000000001e29e000 	/System/Library/Frameworks/Accelerate.framework/Versions/A/Accelerate
0x000000001e29e000 	/System/Library/Frameworks/IOSurface.framework/Versions/A/IOSurface
0x000000001e29e000 	/System/Library/Frameworks/AudioToolbox.framework/Versions/A/AudioToolbox
0x000000001e29e000 	/System/Library/Frameworks/AudioUnit.framework/Versions/A/AudioUnit
0x000000001e29e000 	/System/Library/PrivateFrameworks/DataDetectorsCore.framework/Versions/A/DataDetectorsCore
0x000000001e29e000 	/System/Library/PrivateFrameworks/DesktopServicesPriv.framework/Versions/A/DesktopServicesPriv
0x000000001e29e000 	/System/Library/Frameworks/Carbon.framework/Versions/A/Frameworks/HIToolbox.framework/Versions/A/HIToolbox
0x000000001e29e000 	/usr/lib/libicucore.A.dylib
0x000000001e29e000 	/System/Library/Frameworks/QuartzCore.framework/Versions/A/QuartzCore
0x000000001e29e000 	/System/Library/Frameworks/Carbon.framework/Versions/A/Frameworks/SpeechRecognition.framework/Versions/A/SpeechRecognition
0x000000001e29e000 	/usr/lib/libauto.dylib
0x000000001e29e000 	/usr/lib/libxml2.2.dylib
0x000000001e29e000 	/System/Library/PrivateFrameworks/CoreUI.framework/Versions/A/CoreUI
0x000000001e29e000 	/System/Library/Frameworks/CoreAudio.framework/Versions/A/CoreAudio
0x000000001e29e000 	/System/Library/Frameworks/DiskArbitration.framework/Versions/A/DiskArbitration
0x000000001e29e000 	/usr/lib/liblangid.dylib
0x000000001e29e000 	/System/Library/PrivateFrameworks/MultitouchSupport.framework/Versions/A/MultitouchSupport
0x0000000109631000 	/System/Library/Frameworks/IOKit.framework/Versions/A/IOKit
0x000000001e29e000 	/usr/lib/libDiagnosticMessagesClient.dylib
0x000000001e29e000 	/System/Library/Frameworks/CoreServices.framework/Versions/A/CoreServices
0x000000001e29e000 	/System/Library/PrivateFrameworks/PerformanceAnalysis.framework/Versions/A/PerformanceAnalysis
0x000000001e29e000 	/System/Library/PrivateFrameworks/GenerationalStorage.framework/Versions/A/GenerationalStorage
0x000000001e29e000 	/System/Library/Frameworks/OpenGL.framework/Versions/A/OpenGL
0x000000001e29e000 	/System/Library/Frameworks/CoreImage.framework/Versions/A/CoreImage
0x000000001e29e000 	/System/Library/Frameworks/CoreText.framework/Versions/A/CoreText
0x000000001e29e000 	/System/Library/Frameworks/ImageIO.framework/Versions/A/ImageIO
0x000000001e29e000 	/System/Library/PrivateFrameworks/Backup.framework/Versions/A/Backup
0x000000001e29e000 	/usr/lib/libarchive.2.dylib
0x0000000109711000 	/System/Library/Frameworks/CFNetwork.framework/Versions/A/CFNetwork
0x000000001e29e000 	/System/Library/Frameworks/SystemConfiguration.framework/Versions/A/SystemConfiguration
0x000000001e29e000 	/usr/lib/libCRFSuite.dylib
0x000000001e29e000 	/usr/lib/libc++.1.dylib
0x000000001e29e000 	/usr/lib/libc++abi.dylib
0x000000001e29e000 	/usr/lib/system/libcache.dylib
0x000000001e29e000 	/usr/lib/system/libcommonCrypto.dylib
0x000000001e29e000 	/usr/lib/system/libcompiler_rt.dylib
0x000000001e29e000 	/usr/lib/system/libcopyfile.dylib
0x000000001e29e000 	/usr/lib/system/libcorecrypto.dylib
0x000000001e29e000 	/usr/lib/system/libdispatch.dylib
0x0000000109e01000 	/usr/lib/system/libdyld.dylib
0x000000001e29e000 	/usr/lib/system/libkeymgr.dylib
0x000000001e29e000 	/usr/lib/system/liblaunch.dylib
0x000000001e29e000 	/usr/lib/system/libmacho.dylib
0x000000001e29e000 	/usr/lib/system/libquarantine.dylib
0x000000001e29e000 	/usr/lib/system/libremovefile.dylib
0x000000001e29e000 	/usr/lib/system/libsystem_asl.dylib
0x000000001e29e000 	/usr/lib/system/libsystem_blocks.dylib
0x000000001e29e000 	/usr/lib/system/libsystem_c.dylib
0x000000001e29e000 	/usr/lib/system/libsystem_configuration.dylib
0x000000001e29e000 	/usr/lib/system/libsystem_coreservices.dylib
0x0000000109e10000 	/usr/lib/system/libsystem_coretls.dylib
0x000000001e29e000 	/usr/lib/system/libsystem_dnssd.dylib
0x000000001e29e000 	/usr/lib/system/libsystem_info.dylib
0x0000000109e35000 	/usr/lib/system/libsystem_kernel.dylib
0x000000001e29e000 	/usr/lib/system/libsystem_m.dylib
0x000000001e29e000 	/usr/lib/system/libsystem_malloc.dylib
0x000000001e29e000 	/usr/lib/system/libsystem_network.dylib
0x0000000109e70000 	/usr/lib/system/libsystem_networkextension.dylib
0x000000001e29e000 	/usr/lib/system/libsystem_notify.dylib
0x000000001e29e000 	/usr/lib/system/libsystem_platform.dylib
0x000000001e29e000 	/usr/lib/system/libsystem_pthread.dylib
0x0000000109e8a000 	/usr/lib/system/libsystem_sandbox.dylib
0x000000001e29e000 	/usr/lib/system/libsystem_secinit.dylib
0x0000000109e96000 	/usr/lib/system/libsystem_symptoms.dylib
0x0000000109eaa000 	/usr/lib/system/libsystem_trace.dylib
0x000000001e29e000 	/usr/lib/system/libunwind.dylib
0x000000001e29e000 	/usr/lib/system/libxpc.dylib
0x000000001e29e000 	/usr/lib/libbsm.0.dylib
0x0000000109ee6000 	/usr/lib/system/libkxld.dylib
0x000000001e29e000 	/usr/lib/libcoretls.dylib
0x000000001e29e000 	/usr/lib/libcoretls_cfhelpers.dylib
0x000000001e29e000 	/usr/lib/libxar.1.dylib
0x000000001e29e000 	/usr/lib/libsqlite3.dylib
0x000000001e29e000 	/usr/lib/libpam.2.dylib
0x000000001e29e000 	/usr/lib/libOpenScriptingUtil.dylib
0x000000001e29e000 	/usr/lib/libbz2.1.0.dylib
0x000000001e29e000 	/usr/lib/liblzma.5.dylib
0x000000001e29e000 	/usr/lib/libnetwork.dylib
0x000000001e29e000 	/usr/lib/libpcap.A.dylib
0x000000001e29e000 	/System/Library/Frameworks/CoreServices.framework/Versions/A/Frameworks/FSEvents.framework/Versions/A/FSEvents
0x000000001e29e000 	/System/Library/Frameworks/CoreServices.framework/Versions/A/Frameworks/CarbonCore.framework/Versions/A/CarbonCore
0x000000001e29e000 	/System/Library/Frameworks/CoreServices.framework/Versions/A/Frameworks/Metadata.framework/Versions/A/Metadata
0x000000001e29e000 	/System/Library/Frameworks/CoreServices.framework/Versions/A/Frameworks/OSServices.framework/Versions/A/OSServices
0x000000001e29e000 	/System/Library/Frameworks/CoreServices.framework/Versions/A/Frameworks/SearchKit.framework/Versions/A/SearchKit
0x000000001e29e000 	/System/Library/Frameworks/CoreServices.framework/Versions/A/Frameworks/AE.framework/Versions/A/AE
0x000000001e29e000 	/System/Library/Frameworks/CoreServices.framework/Versions/A/Frameworks/LaunchServices.framework/Versions/A/LaunchServices
0x000000001e29e000 	/System/Library/Frameworks/CoreServices.framework/Versions/A/Frameworks/DictionaryServices.framework/Versions/A/DictionaryServices
0x000000001e29e000 	/System/Library/Frameworks/CoreServices.framework/Versions/A/Frameworks/SharedFileList.framework/Versions/A/SharedFileList
0x000000001e29e000 	/System/Library/Frameworks/NetFS.framework/Versions/A/NetFS
0x000000001e29e000 	/System/Library/PrivateFrameworks/NetAuth.framework/Versions/A/NetAuth
0x000000001e29e000 	/System/Library/PrivateFrameworks/login.framework/Versions/A/Frameworks/loginsupport.framework/Versions/A/loginsupport
0x000000001e29e000 	/System/Library/PrivateFrameworks/TCC.framework/Versions/A/TCC
0x000000001e29e000 	/usr/lib/libmecabra.dylib
0x000000001e29e000 	/System/Library/Frameworks/ApplicationServices.framework/Versions/A/Frameworks/ATS.framework/Versions/A/ATS
0x000000001e29e000 	/System/Library/Frameworks/ApplicationServices.framework/Versions/A/Frameworks/ColorSync.framework/Versions/A/ColorSync
0x000000001e29e000 	/System/Library/Frameworks/ApplicationServices.framework/Versions/A/Frameworks/HIServices.framework/Versions/A/HIServices
0x000000001e29e000 	/System/Library/Frameworks/ApplicationServices.framework/Versions/A/Frameworks/LangAnalysis.framework/Versions/A/LangAnalysis
0x000000001e29e000 	/System/Library/Frameworks/ApplicationServices.framework/Versions/A/Frameworks/PrintCore.framework/Versions/A/PrintCore
0x000000001e29e000 	/System/Library/Frameworks/ApplicationServices.framework/Versions/A/Frameworks/QD.framework/Versions/A/QD
0x000000001e29e000 	/System/Library/Frameworks/ApplicationServices.framework/Versions/A/Frameworks/SpeechSynthesis.framework/Versions/A/SpeechSynthesis
0x000000001e29e000 	/System/Library/Frameworks/Accelerate.framework/Versions/A/Frameworks/vImage.framework/Versions/A/vImage
0x000000001e29e000 	/System/Library/Frameworks/Accelerate.framework/Versions/A/Frameworks/vecLib.framework/Versions/A/vecLib
0x000000001e29e000 	/System/Library/Frameworks/Accelerate.framework/Versions/A/Frameworks/vecLib.framework/Versions/A/libvDSP.dylib
0x000000001e29e000 	/System/Library/Frameworks/Accelerate.framework/Versions/A/Frameworks/vecLib.framework/Versions/A/libBNNS.dylib
0x000000001e29e000 	/System/Library/Frameworks/Accelerate.framework/Versions/A/Frameworks/vecLib.framework/Versions/A/libQuadrature.dylib
0x000000001e29e000 	/System/Library/Frameworks/Accelerate.framework/Versions/A/Frameworks/vecLib.framework/Versions/A/libvMisc.dylib
0x000000001e29e000 	/System/Library/Frameworks/Accelerate.framework/Versions/A/Frameworks/vecLib.framework/Versions/A/libLAPACK.dylib
0x000000001e29e000 	/System/Library/Frameworks/Accelerate.framework/Versions/A/Frameworks/vecLib.framework/Versions/A/libBLAS.dylib
0x000000001e29e000 	/System/Library/Frameworks/Accelerate.framework/Versions/A/Frameworks/vecLib.framework/Versions/A/libLinearAlgebra.dylib
0x000000001e29e000 	/System/Library/Frameworks/Accelerate.framework/Versions/A/Frameworks/vecLib.framework/Versions/A/libSparseBLAS.dylib
0x000000001e29e000 	/System/Library/Frameworks/ApplicationServices.framework/Versions/A/Frameworks/ATS.framework/Versions/A/Resources/libFontParser.dylib
0x000000001e29e000 	/System/Library/Frameworks/ApplicationServices.framework/Versions/A/Frameworks/ATS.framework/Versions/A/Resources/libFontRegistry.dylib
0x000000001e29e000 	/System/Library/Frameworks/ImageIO.framework/Versions/A/Resources/libJPEG.dylib
0x000000001e29e000 	/System/Library/Frameworks/ImageIO.framework/Versions/A/Resources/libTIFF.dylib
0x000000001e29e000 	/System/Library/Frameworks/ImageIO.framework/Versions/A/Resources/libPng.dylib
0x000000001e29e000 	/System/Library/Frameworks/ImageIO.framework/Versions/A/Resources/libGIF.dylib
0x000000001e29e000 	/System/Library/Frameworks/ImageIO.framework/Versions/A/Resources/libJP2.dylib
0x000000001e29e000 	/System/Library/Frameworks/ImageIO.framework/Versions/A/Resources/libRadiance.dylib
0x000000001e29e000 	/usr/lib/libcompression.dylib
0x000000001e29e000 	/System/Library/PrivateFrameworks/AppleJPEG.framework/Versions/A/AppleJPEG
0x000000001e29e000 	/usr/lib/libcups.2.dylib
0x000000001e29e000 	/System/Library/Frameworks/Kerberos.framework/Versions/A/Kerberos
0x000000001e29e000 	/System/Library/Frameworks/GSS.framework/Versions/A/GSS
0x000000001e29e000 	/usr/lib/libresolv.9.dylib
0x000000001e29e000 	/usr/lib/libiconv.2.dylib
0x000000001e29e000 	/System/Library/PrivateFrameworks/Heimdal.framework/Versions/A/Heimdal
0x000000001e29e000 	/usr/lib/libheimdal-asn1.dylib
0x000000001e29e000 	/System/Library/Frameworks/OpenDirectory.framework/Versions/A/OpenDirectory
0x000000001e29e000 	/System/Library/PrivateFrameworks/CommonAuth.framework/Versions/A/CommonAuth
0x000000001e29e000 	/System/Library/Frameworks/OpenDirectory.framework/Versions/A/Frameworks/CFOpenDirectory.framework/Versions/A/CFOpenDirectory
0x000000001e29e000 	/System/Library/Frameworks/SecurityFoundation.framework/Versions/A/SecurityFoundation
0x000000001e29e000 	/System/Library/PrivateFrameworks/LanguageModeling.framework/Versions/A/LanguageModeling
0x000000001e29e000 	/usr/lib/libmarisa.dylib
0x000000001e29e000 	/usr/lib/libChineseTokenizer.dylib
0x000000001e29e000 	/usr/lib/libcmph.dylib
0x000000001e29e000 	/System/Library/PrivateFrameworks/CoreEmoji.framework/Versions/A/CoreEmoji
0x000000001e29e000 	/System/Library/Frameworks/ServiceManagement.framework/Versions/A/ServiceManagement
0x000000001e29e000 	/usr/lib/libxslt.1.dylib
0x000000001e29e000 	/System/Library/Frameworks/Carbon.framework/Versions/A/Frameworks/Ink.framework/Versions/A/Ink
0x000000001e29e000 	/System/Library/PrivateFrameworks/TextureIO.framework/Versions/A/TextureIO
0x000000001e29e000 	/System/Library/Frameworks/Metal.framework/Versions/A/Metal
0x000000001e29e000 	/usr/lib/libate.dylib
0x000000001e29e000 	/System/Library/PrivateFrameworks/GPUCompiler.framework/libmetal_timestamp.dylib
0x000000001e29e000 	/System/Library/Frameworks/OpenGL.framework/Versions/A/Libraries/libCoreFSCache.dylib
0x000000001e29e000 	/System/Library/PrivateFrameworks/IOAccelerator.framework/Versions/A/IOAccelerator
0x000000001e29e000 	/System/Library/Frameworks/CoreVideo.framework/Versions/A/CoreVideo
0x000000001e29e000 	/usr/lib/libFosl_dynamic.dylib
0x000000001e29e000 	/System/Library/PrivateFrameworks/MetalPerformanceShaders.framework/Versions/A/MetalPerformanceShaders
0x000000001e29e000 	/System/Library/PrivateFrameworks/FaceCore.framework/Versions/A/FaceCore
0x000000001e29e000 	/System/Library/Frameworks/OpenCL.framework/Versions/A/OpenCL
0x000000001e29e000 	/System/Library/Frameworks/OpenGL.framework/Versions/A/Libraries/libGLU.dylib
0x000000001e29e000 	/System/Library/Frameworks/OpenGL.framework/Versions/A/Libraries/libGFXShared.dylib
0x000000001e29e000 	/System/Library/Frameworks/OpenGL.framework/Versions/A/Libraries/libGL.dylib
0x000000001e29e000 	/System/Library/Frameworks/OpenGL.framework/Versions/A/Libraries/libGLImage.dylib
0x000000001e29e000 	/System/Library/Frameworks/OpenGL.framework/Versions/A/Libraries/libCVMSPluginSupport.dylib
0x000000001e29e000 	/System/Library/Frameworks/OpenGL.framework/Versions/A/Libraries/libCoreVMClient.dylib
0x000000001e29e000 	/System/Library/PrivateFrameworks/CrashReporterSupport.framework/Versions/A/CrashReporterSupport
0x000000001e29e000 	/System/Library/PrivateFrameworks/Sharing.framework/Versions/A/Sharing
0x000000001e29e000 	/System/Library/PrivateFrameworks/IconServices.framework/Versions/A/IconServices
0x000000001e29e000 	/System/Library/PrivateFrameworks/ProtocolBuffer.framework/Versions/A/ProtocolBuffer
0x000000001e29e000 	/System/Library/PrivateFrameworks/Apple80211.framework/Versions/A/Apple80211
0x000000001e29e000 	/System/Library/Frameworks/CoreWLAN.framework/Versions/A/CoreWLAN
0x000000001e29e000 	/System/Library/PrivateFrameworks/CoreUtils.framework/Versions/A/CoreUtils
0x000000001e29e000 	/System/Library/Frameworks/IOBluetooth.framework/Versions/A/IOBluetooth
0x000000001e29e000 	/System/Library/PrivateFrameworks/CoreWiFi.framework/Versions/A/CoreWiFi
0x000000001e29e000 	/System/Library/Frameworks/CoreBluetooth.framework/Versions/A/CoreBluetooth
0x000000001e29e000 	/System/Library/Frameworks/CoreDisplay.framework/Versions/A/CoreDisplay
0x000000001e29e000 	/System/Library/PrivateFrameworks/IOPresentment.framework/Versions/A/IOPresentment
0x000000001e29e000 	/System/Library/PrivateFrameworks/DebugSymbols.framework/Versions/A/DebugSymbols
0x000000001e29e000 	/System/Library/PrivateFrameworks/CoreSymbolication.framework/Versions/A/CoreSymbolication
0x000000001e29e000 	/System/Library/PrivateFrameworks/Symbolication.framework/Versions/A/Symbolication
0x000000001e29e000 	/System/Library/PrivateFrameworks/AppleFSCompression.framework/Versions/A/AppleFSCompression
0x000000001e29e000 	/System/Library/PrivateFrameworks/SpeechRecognitionCore.framework/Versions/A/SpeechRecognitionCore
0x000000001e29e000 	/System/Library/PrivateFrameworks/ChunkingLibrary.framework/Versions/A/ChunkingLibrary
0x0000000109f54000 	/Library/Java/JavaVirtualMachines/jdk1.8.0_101.jdk/Contents/Home/jre/lib/server/libjvm.dylib
0x000000001e29e000 	/usr/lib/libstdc++.6.dylib
0x000000010aef1000 	/Library/Java/JavaVirtualMachines/jdk1.8.0_101.jdk/Contents/Home/jre/lib/libverify.dylib
0x000000010aeff000 	/Library/Java/JavaVirtualMachines/jdk1.8.0_101.jdk/Contents/Home/jre/lib/libjava.dylib
0x000000010af3c000 	/Library/Java/JavaVirtualMachines/jdk1.8.0_101.jdk/Contents/Home/jre/lib/libzip.dylib
0x000000010e0b8000 	/System/Library/Frameworks/JavaVM.framework/Frameworks/JavaRuntimeSupport.framework/JavaRuntimeSupport
0x000000010e0d2000 	/System/Library/Frameworks/JavaVM.framework/Versions/A/Frameworks/JavaNativeFoundation.framework/Versions/A/JavaNativeFoundation
0x000000010aff0000 	/System/Library/Frameworks/JavaVM.framework/Versions/A/JavaVM
0x000000001e29e000 	/System/Library/Frameworks/Carbon.framework/Versions/A/Carbon
0x000000010e0e7000 	/System/Library/PrivateFrameworks/JavaLaunching.framework/Versions/A/JavaLaunching
0x000000001e29e000 	/System/Library/Frameworks/Carbon.framework/Versions/A/Frameworks/CommonPanels.framework/Versions/A/CommonPanels
0x000000001e29e000 	/System/Library/Frameworks/Carbon.framework/Versions/A/Frameworks/Help.framework/Versions/A/Help
0x000000001e29e000 	/System/Library/Frameworks/Carbon.framework/Versions/A/Frameworks/ImageCapture.framework/Versions/A/ImageCapture
0x000000001e29e000 	/System/Library/Frameworks/Carbon.framework/Versions/A/Frameworks/OpenScripting.framework/Versions/A/OpenScripting
0x000000001e29e000 	/System/Library/Frameworks/Carbon.framework/Versions/A/Frameworks/Print.framework/Versions/A/Print
0x000000001e29e000 	/System/Library/Frameworks/Carbon.framework/Versions/A/Frameworks/SecurityHI.framework/Versions/A/SecurityHI
0x000000010e164000 	/Library/Java/JavaVirtualMachines/jdk1.8.0_101.jdk/Contents/Home/jre/lib/libnet.dylib
0x000000010e1c3000 	/Library/Java/JavaVirtualMachines/jdk1.8.0_101.jdk/Contents/Home/jre/lib/libnio.dylib
0x000000010e601000 	/Users/elchroy/.gradle/native/19/osx-amd64/libnative-platform.dylib
0x000000010e606000 	/Users/elchroy/.gradle/native/19/osx-amd64/libnative-platform-curses.dylib
0x000000001e29e000 	/usr/lib/libncurses.5.4.dylib
0x000000010e60a000 	/private/var/folders/3j/p0_wzk9d1ns47ybk3ng5x3w80000gn/T/jna7337298824941438995.tmp
0x000000010e61f000 	/Library/Java/JavaVirtualMachines/jdk1.8.0_101.jdk/Contents/Home/jre/lib/libmanagement.dylib

VM Arguments:
jvm_args: -Dorg.gradle.appname=gradlew 
java_command: org.gradle.wrapper.GradleWrapperMain installDebug
java_class_path (initial): /Users/elchroy/Roy/Code/rubyment/roymobile/android/gradle/wrapper/gradle-wrapper.jar
Launcher Type: SUN_STANDARD

Environment Variables:
PATH=/usr/local/opt/nvm/versions/node/v6.3.0/lib/node_modules/npm/bin/node-gyp-bin:/Users/elchroy/Roy/Code/rubyment/roymobile/node_modules/.bin:/usr/local/opt/nvm/versions/node/v6.3.0/bin:/Users/elchroy/.rvm/gems/ruby-2.3.0/bin:/Users/elchroy/.rvm/gems/ruby-2.3.0@global/bin:/Users/elchroy/.rvm/rubies/ruby-2.3.0/bin:/usr/local/opt/nvm/versions/node/v6.3.0/bin:/usr/local/mysql/bin:/usr/local/share/python:/usr/local/bin:/usr/bin:/bin:/usr/sbin:/sbin:/Users/elchroy/golang/src/github.com/andela/bin:/usr/local/opt/go/libexec/bin:/Users/elchroy/.rvm/bin:/Users/elchroy/Library/Android/sdk/tools:/Users/elchroy/Library/Android/sdk/platform-tools
SHELL=/bin/zsh

Signal Handlers:
SIGSEGV: [libjvm.dylib+0x5af145], sa_mask[0]=11111111011111110111111111111111, sa_flags=SA_ONSTACK|SA_RESTART|SA_SIGINFO
SIGBUS: [libjvm.dylib+0x5af145], sa_mask[0]=11111111011111110111111111111111, sa_flags=SA_RESTART|SA_SIGINFO
SIGFPE: [libjvm.dylib+0x48694c], sa_mask[0]=11111111011111110111111111111111, sa_flags=SA_RESTART|SA_SIGINFO
SIGPIPE: [libjvm.dylib+0x48694c], sa_mask[0]=11111111011111110111111111111111, sa_flags=SA_RESTART|SA_SIGINFO
SIGXFSZ: [libjvm.dylib+0x48694c], sa_mask[0]=11111111011111110111111111111111, sa_flags=SA_RESTART|SA_SIGINFO
SIGILL: [libjvm.dylib+0x48694c], sa_mask[0]=11111111011111110111111111111111, sa_flags=SA_RESTART|SA_SIGINFO
SIGUSR1: SIG_DFL, sa_mask[0]=11111111011111110111111111111111, sa_flags=none
SIGUSR2: [libjvm.dylib+0x48646a], sa_mask[0]=00000000000000000000000000000000, sa_flags=SA_RESTART|SA_SIGINFO
SIGHUP: [libjvm.dylib+0x484a41], sa_mask[0]=11111111011111110111111111111111, sa_flags=SA_RESTART|SA_SIGINFO
SIGINT: [libjvm.dylib+0x484a41], sa_mask[0]=11111111011111110111111111111111, sa_flags=SA_RESTART|SA_SIGINFO
SIGTERM: [libjvm.dylib+0x484a41], sa_mask[0]=11111111011111110111111111111111, sa_flags=SA_RESTART|SA_SIGINFO
SIGQUIT: [libjvm.dylib+0x484a41], sa_mask[0]=11111111011111110111111111111111, sa_flags=SA_RESTART|SA_SIGINFO


---------------  S Y S T E M  ---------------

OS:Bsduname:Darwin 16.4.0 Darwin Kernel Version 16.4.0: Thu Dec 22 22:53:21 PST 2016; root:xnu-3789.41.3~3/RELEASE_X86_64 x86_64
rlimit: STACK 8192k, CORE 0k, NPROC 709, NOFILE 10240, AS infinity
load average:18.09 10.22 7.76

CPU:total 4 (2 cores per cpu, 2 threads per core) family 6 model 61 stepping 4, cmov, cx8, fxsr, mmx, sse, sse2, sse3, ssse3, sse4.1, sse4.2, popcnt, avx, avx2, aes, clmul, erms, 3dnowpref, lzcnt, ht, tsc, tscinvbit, bmi1, bmi2, adx

Memory: 4k page, physical 8388608k(213312k free)

/proc/meminfo:


vm_info: Java HotSpot(TM) 64-Bit Server VM (25.101-b13) for bsd-amd64 JRE (1.8.0_101-b13), built on Jun 22 2016 02:42:15 by "java_re" with gcc 4.2.1 (Based on Apple Inc. build 5658) (LLVM build 2336.11.00)

time: Thu Feb  9 13:01:07 2017
elapsed time: 31 seconds (0d 0h 0m 31s)

