#
# A fatal error has been detected by the Java Runtime Environment:
#
#  SIGSEGV (0xb) at pc=0x0000000108c86498, pid=65080, tid=0x0000000000000307
#
# JRE version: Java(TM) SE Runtime Environment (8.0_101-b13) (build 1.8.0_101-b13)
# Java VM: Java HotSpot(TM) 64-Bit Server VM (25.101-b13 mixed mode bsd-amd64 compressed oops)
# Problematic frame:
# V  [libjvm.dylib+0x486498]
#
# Failed to write core dump. Core dumps have been disabled. To enable core dumping, try "ulimit -c unlimited" before starting Java again
#
# If you would like to submit a bug report, please visit:
#   http://bugreport.java.com/bugreport/crash.jsp
#

---------------  T H R E A D  ---------------

Current thread is native thread

siginfo: si_signo: 11 (SIGSEGV), si_code: 1 (SEGV_MAPERR), si_addr: 0x0000000000000128

Registers:
RAX=0x0000000000000000, RBX=0x00007fff5864a810, RCX=0x00007fffa9547408, RDX=0x00007fff5864a810
RSP=0x00007fff5864a340, RBP=0x00007fff5864a370, RSI=0x00007fff5864a7a8, RDI=0x0000000000000103
R8 =0x00007fff5864a810, R9 =0x00000000ffffffff, R10=0x0000000000000c00, R11=0x0000000000000206
R12=0x0000000000000c00, R13=0x0000000000000000, R14=0x00007fff5864a7a8, R15=0x0000000000000002
RIP=0x0000000108c86498, EFLAGS=0x0000000000010202, ERR=0x0000000000000004
  TRAPNO=0x000000000000000e

Top of Stack: (sp=0x00007fff5864a340)
0x00007fff5864a340:   0000000000000000 00007fff5864a810
0x00007fff5864a350:   0000000000000c00 0000000000000000
0x00007fff5864a360:   00007fff5864aa40 0000000000000d03
0x00007fff5864a370:   00007fff5864a380 00007fffa0907bba
0x00007fff5864a380:   00007fff5864a910 0000000000015c00
0x00007fff5864a390:   00015d00a5f9b958 00007fffa93dd2d0
0x00007fff5864a3a0:   0100001f00000085 00007fff8b1a3680
0x00007fff5864a3b0:   0000000010004005 00000000ffffffff
0x00007fff5864a3c0:   00007fff5864a8c8 0000000000000000
0x00007fff5864a3d0:   00007fff5864aa40 0000000007000806
0x00007fff5864a3e0:   00007fff5864a910 00007fff5864a8c8
0x00007fff5864a3f0:   0000000000000d03 00000000ffffffff
0x00007fff5864a400:   0000000000000c00 0000000000000206
0x00007fff5864a410:   0000000000000c00 0000000000000000
0x00007fff5864a420:   00007fff5864aa40 0000000000000d03
0x00007fff5864a430:   0000000107dec38a 0000000000000206
0x00007fff5864a440:   0000000000000007 0000000000000000
0x00007fff5864a450:   0000000000000000 0000000000000000
0x00007fff5864a460:   000000000000037f 0000000000000000
0x00007fff5864a470:   0000000000000000 0000ffff00001fa0
0x00007fff5864a480:   0000000000000000 000000000000ffff
0x00007fff5864a490:   0000000000000100 000000000000ffff
0x00007fff5864a4a0:   0000000000000000 0000000000000000
0x00007fff5864a4b0:   0000000000000000 0000000000000000
0x00007fff5864a4c0:   87bc000000000000 000000000000c00b
0x00007fff5864a4d0:   0000000000000000 0000000000000000
0x00007fff5864a4e0:   8000000000000000 0000000000004007
0x00007fff5864a4f0:   c060000000000000 000000000000400a
0x00007fff5864a500:   41be48d8cb172607 0000000000000000
0x00007fff5864a510:   3fb72606fac6045b 0000000000000000
0x00007fff5864a520:   c3de3f79517cac96 439c086ae83536a7
0x00007fff5864a530:   0000000000000000 0000000000000000 

Instructions: (pc=0x0000000108c86498)
0x0000000108c86478:   83 ec 08 48 89 d3 49 89 f6 e8 00 26 14 00 44 8b
0x0000000108c86488:   38 48 8d 05 20 cd 3a 00 48 63 38 e8 ca 28 14 00
0x0000000108c86498:   4c 8b a0 28 01 00 00 41 83 7c 24 34 01 0f 85 e2
0x0000000108c864a8:   00 00 00 49 89 5c 24 40 4d 89 74 24 38 49 8d 5c 

Register to memory mapping:

RAX=0x0000000000000000 is an unknown value
RBX=0x00007fff5864a810 is an unknown value
RCX=0x00007fffa9547408: _thread+0x48 in /usr/lib/system/libsystem_pthread.dylib at 0x00007fffa090e000
RDX=0x00007fff5864a810 is an unknown value
RSP=0x00007fff5864a340 is an unknown value
RBP=0x00007fff5864a370 is an unknown value
RSI=0x00007fff5864a7a8 is an unknown value
RDI=0x0000000000000103 is an unknown value
R8 =0x00007fff5864a810 is an unknown value
R9 =0x00000000ffffffff is an unknown value
R10=0x0000000000000c00 is an unknown value
R11=0x0000000000000206 is an unknown value
R12=0x0000000000000c00 is an unknown value
R13=0x0000000000000000 is an unknown value
R14=0x00007fff5864a7a8 is an unknown value
R15=0x0000000000000002 is an unknown value


Stack: [0x00007fff57e4f000,0x00007fff5864f000],  sp=0x00007fff5864a340,  free space=8172k
Native frames: (J=compiled Java code, j=interpreted, Vv=VM code, C=native code)
V  [libjvm.dylib+0x486498]
C  [libsystem_platform.dylib+0x2bba]  _sigtramp+0x1a
C  0x0000000000015c00
C  [CoreFoundation+0x88c94]  __CFRunLoopServiceMachPort+0xd4
C  [CoreFoundation+0x88121]  __CFRunLoopRun+0x551
C  [CoreFoundation+0x87974]  CFRunLoopRunSpecific+0x1a4
C  [java+0x6465]  CreateExecutionEnvironment+0x367
C  [java+0x218c]  JLI_Launch+0x7a0
C  [java+0x84c2]  main+0x65
C  [java+0x19e4]  start+0x34


---------------  P R O C E S S  ---------------

VM state:not at safepoint (normal execution)

VM Mutex/Monitor currently owned by a thread: None

Heap:
 PSYoungGen      total 94208K, used 55738K [0x0000000795580000, 0x000000079d880000, 0x00000007c0000000)
  eden space 77824K, 61% used [0x0000000795580000,0x00000007984707f8,0x000000079a180000)
  from space 16384K, 46% used [0x000000079a180000,0x000000079a8fe3f0,0x000000079b180000)
  to   space 15872K, 0% used [0x000000079c900000,0x000000079c900000,0x000000079d880000)
 ParOldGen       total 106496K, used 23780K [0x0000000740000000, 0x0000000746800000, 0x0000000795580000)
  object space 106496K, 22% used [0x0000000740000000,0x0000000741739320,0x0000000746800000)
 Metaspace       used 36574K, capacity 37546K, committed 37848K, reserved 1081344K
  class space    used 5106K, capacity 5508K, committed 5632K, reserved 1048576K

Card table byte_map: [0x0000000109b5d000,0x0000000109f5e000] byte_map_base: 0x000000010615d000

Marking Bits: (ParMarkBitMap*) 0x00000001090edd20
 Begin Bits: [0x000000010a209000, 0x000000010c209000)
 End Bits:   [0x000000010c209000, 0x000000010e209000)

Polling page: 0x00000001075d0000

CodeCache: size=245760Kb used=12184Kb max_used=12184Kb free=233575Kb
 bounds [0x0000000110a64000, 0x0000000111654000, 0x000000011fa64000]
 total_blobs=4149 nmethods=3499 adapters=563
 compilation: enabled

Compilation events (10 events):
Event: 15.621 Thread 0x00007fa04c017800 nmethod 3588 0x0000000111635710 code [0x0000000111635960, 0x0000000111636668]
Event: 15.631 Thread 0x00007fa04c017800 3589       3       com.android.build.gradle.internal.tasks.BaseTask::getMetaClass (23 bytes)
Event: 15.631 Thread 0x00007fa04c017800 nmethod 3589 0x0000000111633550 code [0x00000001116336c0, 0x0000000111633948]
Event: 15.636 Thread 0x00007fa04c017800 3591       3       org.gradle.model.internal.registry.ModelNodeInternal::isMutable (8 bytes)
Event: 15.636 Thread 0x00007fa04c017800 nmethod 3591 0x000000011163a150 code [0x000000011163a2c0, 0x000000011163a430]
Event: 15.636 Thread 0x00007fa04c017800 3592       1       org.gradle.internal.service.scopes.ProjectScopeServices::access$000 (5 bytes)
Event: 15.636 Thread 0x00007fa04c017800 nmethod 3592 0x0000000111639e90 code [0x0000000111639fe0, 0x000000011163a0d0]
Event: 15.638 Thread 0x00007fa04c017800 3593       3       org.codehaus.groovy.runtime.callsite.PogoGetPropertySite::acceptGetProperty (19 bytes)
Event: 15.639 Thread 0x00007fa04c017800 nmethod 3593 0x0000000111639950 code [0x0000000111639ac0, 0x0000000111639da8]
Event: 15.639 Thread 0x00007fa04c017800 3595   !   3       org.gradle.api.internal.CompositeDynamicObject::getProperty (128 bytes)

GC Heap History (10 events):
Event: 9.945 GC heap before
{Heap before GC invocations=9 (full 1):
 PSYoungGen      total 69632K, used 65270K [0x0000000795580000, 0x000000079a700000, 0x00000007c0000000)
  eden space 59392K, 100% used [0x0000000795580000,0x0000000798f80000,0x0000000798f80000)
  from space 10240K, 57% used [0x0000000798f80000,0x000000079953d898,0x0000000799980000)
  to   space 9728K, 0% used [0x0000000799d80000,0x0000000799d80000,0x000000079a700000)
 ParOldGen       total 66560K, used 8969K [0x0000000740000000, 0x0000000744100000, 0x0000000795580000)
  object space 66560K, 13% used [0x0000000740000000,0x00000007408c27b8,0x0000000744100000)
 Metaspace       used 29745K, capacity 30548K, committed 30848K, reserved 1075200K
  class space    used 4084K, capacity 4383K, committed 4480K, reserved 1048576K
Event: 9.960 GC heap after
Heap after GC invocations=9 (full 1):
 PSYoungGen      total 71680K, used 9702K [0x0000000795580000, 0x000000079bc80000, 0x00000007c0000000)
  eden space 61952K, 0% used [0x0000000795580000,0x0000000795580000,0x0000000799200000)
  from space 9728K, 99% used [0x0000000799d80000,0x000000079a6f99c0,0x000000079a700000)
  to   space 11776K, 0% used [0x0000000799200000,0x0000000799200000,0x0000000799d80000)
 ParOldGen       total 66560K, used 10733K [0x0000000740000000, 0x0000000744100000, 0x0000000795580000)
  object space 66560K, 16% used [0x0000000740000000,0x0000000740a7b678,0x0000000744100000)
 Metaspace       used 29745K, capacity 30548K, committed 30848K, reserved 1075200K
  class space    used 4084K, capacity 4383K, committed 4480K, reserved 1048576K
}
Event: 11.599 GC heap before
{Heap before GC invocations=10 (full 1):
 PSYoungGen      total 71680K, used 71654K [0x0000000795580000, 0x000000079bc80000, 0x00000007c0000000)
  eden space 61952K, 100% used [0x0000000795580000,0x0000000799200000,0x0000000799200000)
  from space 9728K, 99% used [0x0000000799d80000,0x000000079a6f99c0,0x000000079a700000)
  to   space 11776K, 0% used [0x0000000799200000,0x0000000799200000,0x0000000799d80000)
 ParOldGen       total 66560K, used 10733K [0x0000000740000000, 0x0000000744100000, 0x0000000795580000)
  object space 66560K, 16% used [0x0000000740000000,0x0000000740a7b678,0x0000000744100000)
 Metaspace       used 33211K, capacity 34180K, committed 34304K, reserved 1079296K
  class space    used 4643K, capacity 5054K, committed 5120K, reserved 1048576K
Event: 11.633 GC heap after
Heap after GC invocations=10 (full 1):
 PSYoungGen      total 73728K, used 11764K [0x0000000795580000, 0x000000079c080000, 0x00000007c0000000)
  eden space 61952K, 0% used [0x0000000795580000,0x0000000795580000,0x0000000799200000)
  from space 11776K, 99% used [0x0000000799200000,0x0000000799d7d010,0x0000000799d80000)
  to   space 15360K, 0% used [0x000000079b180000,0x000000079b180000,0x000000079c080000)
 ParOldGen       total 66560K, used 16234K [0x0000000740000000, 0x0000000744100000, 0x0000000795580000)
  object space 66560K, 24% used [0x0000000740000000,0x0000000740fdab40,0x0000000744100000)
 Metaspace       used 33211K, capacity 34180K, committed 34304K, reserved 1079296K
  class space    used 4643K, capacity 5054K, committed 5120K, reserved 1048576K
}
Event: 12.082 GC heap before
{Heap before GC invocations=11 (full 1):
 PSYoungGen      total 73728K, used 21635K [0x0000000795580000, 0x000000079c080000, 0x00000007c0000000)
  eden space 61952K, 15% used [0x0000000795580000,0x0000000795f23e80,0x0000000799200000)
  from space 11776K, 99% used [0x0000000799200000,0x0000000799d7d010,0x0000000799d80000)
  to   space 15360K, 0% used [0x000000079b180000,0x000000079b180000,0x000000079c080000)
 ParOldGen       total 66560K, used 16234K [0x0000000740000000, 0x0000000744100000, 0x0000000795580000)
  object space 66560K, 24% used [0x0000000740000000,0x0000000740fdab40,0x0000000744100000)
 Metaspace       used 34255K, capacity 35298K, committed 35416K, reserved 1079296K
  class space    used 4776K, capacity 5196K, committed 5248K, reserved 1048576K
Event: 12.122 GC heap after
Heap after GC invocations=11 (full 1):
 PSYoungGen      total 93184K, used 12944K [0x0000000795580000, 0x000000079ca80000, 0x00000007c0000000)
  eden space 77824K, 0% used [0x0000000795580000,0x0000000795580000,0x000000079a180000)
  from space 15360K, 84% used [0x000000079b180000,0x000000079be241e0,0x000000079c080000)
  to   space 16384K, 0% used [0x000000079a180000,0x000000079a180000,0x000000079b180000)
 ParOldGen       total 66560K, used 16242K [0x0000000740000000, 0x0000000744100000, 0x0000000795580000)
  object space 66560K, 24% used [0x0000000740000000,0x0000000740fdcb40,0x0000000744100000)
 Metaspace       used 34255K, capacity 35298K, committed 35416K, reserved 1079296K
  class space    used 4776K, capacity 5196K, committed 5248K, reserved 1048576K
}
Event: 12.122 GC heap before
{Heap before GC invocations=12 (full 2):
 PSYoungGen      total 93184K, used 12944K [0x0000000795580000, 0x000000079ca80000, 0x00000007c0000000)
  eden space 77824K, 0% used [0x0000000795580000,0x0000000795580000,0x000000079a180000)
  from space 15360K, 84% used [0x000000079b180000,0x000000079be241e0,0x000000079c080000)
  to   space 16384K, 0% used [0x000000079a180000,0x000000079a180000,0x000000079b180000)
 ParOldGen       total 66560K, used 16242K [0x0000000740000000, 0x0000000744100000, 0x0000000795580000)
  object space 66560K, 24% used [0x0000000740000000,0x0000000740fdcb40,0x0000000744100000)
 Metaspace       used 34255K, capacity 35298K, committed 35416K, reserved 1079296K
  class space    used 4776K, capacity 5196K, committed 5248K, reserved 1048576K
Event: 12.339 GC heap after
Heap after GC invocations=12 (full 2):
 PSYoungGen      total 93184K, used 0K [0x0000000795580000, 0x000000079ca80000, 0x00000007c0000000)
  eden space 77824K, 0% used [0x0000000795580000,0x0000000795580000,0x000000079a180000)
  from space 15360K, 0% used [0x000000079b180000,0x000000079b180000,0x000000079c080000)
  to   space 16384K, 0% used [0x000000079a180000,0x000000079a180000,0x000000079b180000)
 ParOldGen       total 106496K, used 23772K [0x0000000740000000, 0x0000000746800000, 0x0000000795580000)
  object space 106496K, 22% used [0x0000000740000000,0x0000000741737320,0x0000000746800000)
 Metaspace       used 34255K, capacity 35298K, committed 35416K, reserved 1079296K
  class space    used 4776K, capacity 5196K, committed 5248K, reserved 1048576K
}
Event: 14.702 GC heap before
{Heap before GC invocations=13 (full 2):
 PSYoungGen      total 93184K, used 77824K [0x0000000795580000, 0x000000079ca80000, 0x00000007c0000000)
  eden space 77824K, 100% used [0x0000000795580000,0x000000079a180000,0x000000079a180000)
  from space 15360K, 0% used [0x000000079b180000,0x000000079b180000,0x000000079c080000)
  to   space 16384K, 0% used [0x000000079a180000,0x000000079a180000,0x000000079b180000)
 ParOldGen       total 106496K, used 23772K [0x0000000740000000, 0x0000000746800000, 0x0000000795580000)
  object space 106496K, 22% used [0x0000000740000000,0x0000000741737320,0x0000000746800000)
 Metaspace       used 35686K, capacity 36650K, committed 36952K, reserved 1081344K
  class space    used 4967K, capacity 5382K, committed 5504K, reserved 1048576K
Event: 14.722 GC heap after
Heap after GC invocations=13 (full 2):
 PSYoungGen      total 94208K, used 7672K [0x0000000795580000, 0x000000079d880000, 0x00000007c0000000)
  eden space 77824K, 0% used [0x0000000795580000,0x0000000795580000,0x000000079a180000)
  from space 16384K, 46% used [0x000000079a180000,0x000000079a8fe3f0,0x000000079b180000)
  to   space 15872K, 0% used [0x000000079c900000,0x000000079c900000,0x000000079d880000)
 ParOldGen       total 106496K, used 23780K [0x0000000740000000, 0x0000000746800000, 0x0000000795580000)
  object space 106496K, 22% used [0x0000000740000000,0x0000000741739320,0x0000000746800000)
 Metaspace       used 35686K, capacity 36650K, committed 36952K, reserved 1081344K
  class space    used 4967K, capacity 5382K, committed 5504K, reserved 1048576K
}

Deoptimization events (10 events):
Event: 12.032 Thread 0x00007fa04c802800 Uncommon trap: reason=unstable_if action=reinterpret pc=0x0000000110dc4a74 method=java.lang.AbstractStringBuilder.append(Ljava/lang/String;)Ljava/lang/AbstractStringBuilder; @ 1
Event: 12.989 Thread 0x00007fa04c802800 Uncommon trap: reason=unstable_if action=reinterpret pc=0x0000000110b6cb68 method=java.lang.Integer.valueOf(I)Ljava/lang/Integer; @ 3
Event: 13.463 Thread 0x00007fa04c802800 Uncommon trap: reason=predicate action=maybe_recompile pc=0x00000001114b4bec method=java.util.AbstractCollection.toArray([Ljava/lang/Object;)[Ljava/lang/Object; @ 49
Event: 13.564 Thread 0x00007fa04c802800 Uncommon trap: reason=array_check action=maybe_recompile pc=0x00000001114b6d88 method=java.util.AbstractCollection.toArray([Ljava/lang/Object;)[Ljava/lang/Object; @ 119
Event: 13.565 Thread 0x00007fa04c802800 Uncommon trap: reason=array_check action=maybe_recompile pc=0x00000001114b6d88 method=java.util.AbstractCollection.toArray([Ljava/lang/Object;)[Ljava/lang/Object; @ 119
Event: 13.566 Thread 0x00007fa04c802800 Uncommon trap: reason=array_check action=maybe_recompile pc=0x00000001114b6d88 method=java.util.AbstractCollection.toArray([Ljava/lang/Object;)[Ljava/lang/Object; @ 119
Event: 13.566 Thread 0x00007fa04c802800 Uncommon trap: reason=array_check action=maybe_recompile pc=0x00000001114b6d88 method=java.util.AbstractCollection.toArray([Ljava/lang/Object;)[Ljava/lang/Object; @ 119
Event: 15.156 Thread 0x00007fa04c802800 Uncommon trap: reason=unstable_if action=reinterpret pc=0x0000000111517264 method=org.objectweb.asm.Type.getArgumentsAndReturnSizes(Ljava/lang/String;)I @ 47
Event: 15.465 Thread 0x00007fa04c802800 Uncommon trap: reason=unstable_if action=reinterpret pc=0x0000000110b8fa3c method=org.codehaus.groovy.util.ReferenceManager$2.afterReferenceCreation(Lorg/codehaus/groovy/util/Reference;)V @ 33
Event: 15.535 Thread 0x00007fa04c802800 Uncommon trap: reason=unstable_if action=reinterpret pc=0x00000001112a0334 method=org.codehaus.groovy.util.ReferenceManager$2.afterReferenceCreation(Lorg/codehaus/groovy/util/Reference;)V @ 8

Internal exceptions (10 events):
Event: 15.498 Thread 0x00007fa04c802800 Exception <a 'java/lang/ClassNotFoundException': java/util/Collections$EmptySetBeanInfo> (0x0000000797b34468) thrown at [/HUDSON3/workspace/8-2-build-macosx-x86_64/jdk8u101/7261/hotspot/src/share/vm/classfile/systemDictionary.cpp, line 210]
Event: 15.498 Thread 0x00007fa04c802800 Exception <a 'java/lang/ClassNotFoundException': java/util/Collections$EmptySetCustomizer> (0x0000000797b3c778) thrown at [/HUDSON3/workspace/8-2-build-macosx-x86_64/jdk8u101/7261/hotspot/src/share/vm/classfile/systemDictionary.cpp, line 210]
Event: 15.536 Thread 0x00007fa04c802800 Exception <a 'java/lang/ClassNotFoundException': com/android/build/gradle/tasks/Lint_DecoratedBeanInfo> (0x0000000797d2a5f8) thrown at [/HUDSON3/workspace/8-2-build-macosx-x86_64/jdk8u101/7261/hotspot/src/share/vm/classfile/systemDictionary.cpp, line 210]
Event: 15.537 Thread 0x00007fa04c802800 Exception <a 'java/lang/ClassNotFoundException': com/android/build/gradle/tasks/LintBeanInfo> (0x0000000797d3c1b8) thrown at [/HUDSON3/workspace/8-2-build-macosx-x86_64/jdk8u101/7261/hotspot/src/share/vm/classfile/systemDictionary.cpp, line 210]
Event: 15.537 Thread 0x00007fa04c802800 Exception <a 'java/lang/ClassNotFoundException': com/android/build/gradle/tasks/LintCustomizer> (0x0000000797d4e0f8) thrown at [/HUDSON3/workspace/8-2-build-macosx-x86_64/jdk8u101/7261/hotspot/src/share/vm/classfile/systemDictionary.cpp, line 210]
Event: 15.539 Thread 0x00007fa04c802800 Exception <a 'java/lang/ClassNotFoundException': com/android/build/gradle/tasks/Lint_DecoratedCustomizer> (0x0000000797d9d648) thrown at [/HUDSON3/workspace/8-2-build-macosx-x86_64/jdk8u101/7261/hotspot/src/share/vm/classfile/systemDictionary.cpp, line 21
Event: 15.583 Thread 0x00007fa04c802800 Exception <a 'java/lang/ClassNotFoundException': com/android/build/gradle/tasks/ProcessTestManifest_DecoratedBeanInfo> (0x0000000797f9e958) thrown at [/HUDSON3/workspace/8-2-build-macosx-x86_64/jdk8u101/7261/hotspot/src/share/vm/classfile/systemDictionary
Event: 15.584 Thread 0x00007fa04c802800 Exception <a 'java/lang/ClassNotFoundException': com/android/build/gradle/tasks/ProcessTestManifestBeanInfo> (0x0000000797fb1740) thrown at [/HUDSON3/workspace/8-2-build-macosx-x86_64/jdk8u101/7261/hotspot/src/share/vm/classfile/systemDictionary.cpp, line
Event: 15.585 Thread 0x00007fa04c802800 Exception <a 'java/lang/ClassNotFoundException': com/android/build/gradle/tasks/ProcessTestManifestCustomizer> (0x0000000797fc4f00) thrown at [/HUDSON3/workspace/8-2-build-macosx-x86_64/jdk8u101/7261/hotspot/src/share/vm/classfile/systemDictionary.cpp, li
Event: 15.587 Thread 0x00007fa04c802800 Exception <a 'java/lang/ClassNotFoundException': com/android/build/gradle/tasks/ProcessTestManifest_DecoratedCustomizer> (0x00000007980498b0) thrown at [/HUDSON3/workspace/8-2-build-macosx-x86_64/jdk8u101/7261/hotspot/src/share/vm/classfile/systemDictiona

Events (10 events):
Event: 15.630 loading class groovy/runtime/metaclass/com/android/build/gradle/internal/TaskManager$_createProcessTestManifestTask_closure27MetaClass
Event: 15.630 loading class groovy/runtime/metaclass/com/android/build/gradle/internal/TaskManager$_createProcessTestManifestTask_closure27MetaClass done
Event: 15.631 Thread 0x00007fa04c802800 DEOPT PACKING pc=0x000000011103371b sp=0x00007000004c5010
Event: 15.631 Thread 0x00007fa04c802800 DEOPT UNPACKING pc=0x0000000110aab633 sp=0x00007000004c4db8 mode 0
Event: 15.632 loading class groovy/runtime/metaclass/com/android/build/gradle/internal/TaskManager$_createProcessTestManifestTask_closure28MetaClass
Event: 15.632 loading class groovy/runtime/metaclass/com/android/build/gradle/internal/TaskManager$_createProcessTestManifestTask_closure28MetaClass done
Event: 15.633 loading class groovy/runtime/metaclass/com/android/build/gradle/internal/TaskManager$_createProcessTestManifestTask_closure29MetaClass
Event: 15.633 loading class groovy/runtime/metaclass/com/android/build/gradle/internal/TaskManager$_createProcessTestManifestTask_closure29MetaClass done
Event: 15.634 loading class groovy/runtime/metaclass/com/android/build/gradle/internal/TaskManager$_createProcessTestManifestTask_closure30MetaClass
Event: 15.634 loading class groovy/runtime/metaclass/com/android/build/gradle/internal/TaskManager$_createProcessTestManifestTask_closure30MetaClass done


Dynamic libraries:
0x0000000015df1000 	/System/Library/Frameworks/Cocoa.framework/Versions/A/Cocoa
0x0000000015df1000 	/System/Library/Frameworks/Security.framework/Versions/A/Security
0x0000000015df1000 	/System/Library/Frameworks/ApplicationServices.framework/Versions/A/ApplicationServices
0x0000000015df1000 	/usr/lib/libz.1.dylib
0x00000001075d1000 	/usr/lib/libSystem.B.dylib
0x0000000015df1000 	/usr/lib/libobjc.A.dylib
0x0000000015df1000 	/System/Library/Frameworks/CoreFoundation.framework/Versions/A/CoreFoundation
0x0000000015df1000 	/System/Library/Frameworks/Foundation.framework/Versions/C/Foundation
0x0000000015df1000 	/System/Library/Frameworks/AppKit.framework/Versions/C/AppKit
0x0000000015df1000 	/System/Library/Frameworks/CoreData.framework/Versions/A/CoreData
0x0000000015df1000 	/System/Library/PrivateFrameworks/RemoteViewServices.framework/Versions/A/RemoteViewServices
0x0000000015df1000 	/System/Library/PrivateFrameworks/UIFoundation.framework/Versions/A/UIFoundation
0x0000000015df1000 	/System/Library/PrivateFrameworks/DFRFoundation.framework/Versions/A/DFRFoundation
0x0000000015df1000 	/usr/lib/libenergytrace.dylib
0x0000000015df1000 	/System/Library/PrivateFrameworks/SkyLight.framework/Versions/A/SkyLight
0x0000000015df1000 	/System/Library/Frameworks/CoreGraphics.framework/Versions/A/CoreGraphics
0x0000000015df1000 	/usr/lib/libScreenReader.dylib
0x0000000015df1000 	/System/Library/Frameworks/Accelerate.framework/Versions/A/Accelerate
0x0000000015df1000 	/System/Library/Frameworks/IOSurface.framework/Versions/A/IOSurface
0x0000000015df1000 	/System/Library/Frameworks/AudioToolbox.framework/Versions/A/AudioToolbox
0x0000000015df1000 	/System/Library/Frameworks/AudioUnit.framework/Versions/A/AudioUnit
0x0000000015df1000 	/System/Library/PrivateFrameworks/DataDetectorsCore.framework/Versions/A/DataDetectorsCore
0x0000000015df1000 	/System/Library/PrivateFrameworks/DesktopServicesPriv.framework/Versions/A/DesktopServicesPriv
0x0000000015df1000 	/System/Library/Frameworks/Carbon.framework/Versions/A/Frameworks/HIToolbox.framework/Versions/A/HIToolbox
0x0000000015df1000 	/usr/lib/libicucore.A.dylib
0x0000000015df1000 	/System/Library/Frameworks/QuartzCore.framework/Versions/A/QuartzCore
0x0000000015df1000 	/System/Library/Frameworks/Carbon.framework/Versions/A/Frameworks/SpeechRecognition.framework/Versions/A/SpeechRecognition
0x0000000015df1000 	/usr/lib/libauto.dylib
0x0000000015df1000 	/usr/lib/libxml2.2.dylib
0x0000000015df1000 	/System/Library/PrivateFrameworks/CoreUI.framework/Versions/A/CoreUI
0x0000000015df1000 	/System/Library/Frameworks/CoreAudio.framework/Versions/A/CoreAudio
0x0000000015df1000 	/System/Library/Frameworks/DiskArbitration.framework/Versions/A/DiskArbitration
0x0000000015df1000 	/usr/lib/liblangid.dylib
0x0000000015df1000 	/System/Library/PrivateFrameworks/MultitouchSupport.framework/Versions/A/MultitouchSupport
0x00000001075d8000 	/System/Library/Frameworks/IOKit.framework/Versions/A/IOKit
0x0000000015df1000 	/usr/lib/libDiagnosticMessagesClient.dylib
0x0000000015df1000 	/System/Library/Frameworks/CoreServices.framework/Versions/A/CoreServices
0x0000000015df1000 	/System/Library/PrivateFrameworks/PerformanceAnalysis.framework/Versions/A/PerformanceAnalysis
0x0000000015df1000 	/System/Library/PrivateFrameworks/GenerationalStorage.framework/Versions/A/GenerationalStorage
0x0000000015df1000 	/System/Library/Frameworks/OpenGL.framework/Versions/A/OpenGL
0x0000000015df1000 	/System/Library/Frameworks/CoreImage.framework/Versions/A/CoreImage
0x0000000015df1000 	/System/Library/Frameworks/CoreText.framework/Versions/A/CoreText
0x0000000015df1000 	/System/Library/Frameworks/ImageIO.framework/Versions/A/ImageIO
0x0000000015df1000 	/System/Library/PrivateFrameworks/Backup.framework/Versions/A/Backup
0x0000000015df1000 	/usr/lib/libarchive.2.dylib
0x00000001076b4000 	/System/Library/Frameworks/CFNetwork.framework/Versions/A/CFNetwork
0x0000000015df1000 	/System/Library/Frameworks/SystemConfiguration.framework/Versions/A/SystemConfiguration
0x0000000015df1000 	/usr/lib/libCRFSuite.dylib
0x0000000015df1000 	/usr/lib/libc++.1.dylib
0x0000000015df1000 	/usr/lib/libc++abi.dylib
0x0000000015df1000 	/usr/lib/system/libcache.dylib
0x0000000015df1000 	/usr/lib/system/libcommonCrypto.dylib
0x0000000015df1000 	/usr/lib/system/libcompiler_rt.dylib
0x0000000015df1000 	/usr/lib/system/libcopyfile.dylib
0x0000000015df1000 	/usr/lib/system/libcorecrypto.dylib
0x0000000015df1000 	/usr/lib/system/libdispatch.dylib
0x0000000107d9f000 	/usr/lib/system/libdyld.dylib
0x0000000015df1000 	/usr/lib/system/libkeymgr.dylib
0x0000000015df1000 	/usr/lib/system/liblaunch.dylib
0x0000000015df1000 	/usr/lib/system/libmacho.dylib
0x0000000015df1000 	/usr/lib/system/libquarantine.dylib
0x0000000015df1000 	/usr/lib/system/libremovefile.dylib
0x0000000015df1000 	/usr/lib/system/libsystem_asl.dylib
0x0000000015df1000 	/usr/lib/system/libsystem_blocks.dylib
0x0000000015df1000 	/usr/lib/system/libsystem_c.dylib
0x0000000015df1000 	/usr/lib/system/libsystem_configuration.dylib
0x0000000015df1000 	/usr/lib/system/libsystem_coreservices.dylib
0x0000000107db0000 	/usr/lib/system/libsystem_coretls.dylib
0x0000000015df1000 	/usr/lib/system/libsystem_dnssd.dylib
0x0000000015df1000 	/usr/lib/system/libsystem_info.dylib
0x0000000107dda000 	/usr/lib/system/libsystem_kernel.dylib
0x0000000015df1000 	/usr/lib/system/libsystem_m.dylib
0x0000000015df1000 	/usr/lib/system/libsystem_malloc.dylib
0x0000000015df1000 	/usr/lib/system/libsystem_network.dylib
0x0000000107e16000 	/usr/lib/system/libsystem_networkextension.dylib
0x0000000015df1000 	/usr/lib/system/libsystem_notify.dylib
0x0000000015df1000 	/usr/lib/system/libsystem_platform.dylib
0x0000000015df1000 	/usr/lib/system/libsystem_pthread.dylib
0x0000000107e2c000 	/usr/lib/system/libsystem_sandbox.dylib
0x0000000015df1000 	/usr/lib/system/libsystem_secinit.dylib
0x0000000107e3d000 	/usr/lib/system/libsystem_symptoms.dylib
0x0000000107e51000 	/usr/lib/system/libsystem_trace.dylib
0x0000000015df1000 	/usr/lib/system/libunwind.dylib
0x0000000015df1000 	/usr/lib/system/libxpc.dylib
0x0000000015df1000 	/usr/lib/libbsm.0.dylib
0x0000000107e86000 	/usr/lib/system/libkxld.dylib
0x0000000015df1000 	/usr/lib/libcoretls.dylib
0x0000000015df1000 	/usr/lib/libcoretls_cfhelpers.dylib
0x0000000015df1000 	/usr/lib/libxar.1.dylib
0x0000000015df1000 	/usr/lib/libsqlite3.dylib
0x0000000015df1000 	/usr/lib/libpam.2.dylib
0x0000000015df1000 	/usr/lib/libOpenScriptingUtil.dylib
0x0000000015df1000 	/usr/lib/libbz2.1.0.dylib
0x0000000015df1000 	/usr/lib/liblzma.5.dylib
0x0000000015df1000 	/usr/lib/libnetwork.dylib
0x0000000015df1000 	/usr/lib/libpcap.A.dylib
0x0000000015df1000 	/System/Library/Frameworks/CoreServices.framework/Versions/A/Frameworks/FSEvents.framework/Versions/A/FSEvents
0x0000000015df1000 	/System/Library/Frameworks/CoreServices.framework/Versions/A/Frameworks/CarbonCore.framework/Versions/A/CarbonCore
0x0000000015df1000 	/System/Library/Frameworks/CoreServices.framework/Versions/A/Frameworks/Metadata.framework/Versions/A/Metadata
0x0000000015df1000 	/System/Library/Frameworks/CoreServices.framework/Versions/A/Frameworks/OSServices.framework/Versions/A/OSServices
0x0000000015df1000 	/System/Library/Frameworks/CoreServices.framework/Versions/A/Frameworks/SearchKit.framework/Versions/A/SearchKit
0x0000000015df1000 	/System/Library/Frameworks/CoreServices.framework/Versions/A/Frameworks/AE.framework/Versions/A/AE
0x0000000015df1000 	/System/Library/Frameworks/CoreServices.framework/Versions/A/Frameworks/LaunchServices.framework/Versions/A/LaunchServices
0x0000000015df1000 	/System/Library/Frameworks/CoreServices.framework/Versions/A/Frameworks/DictionaryServices.framework/Versions/A/DictionaryServices
0x0000000015df1000 	/System/Library/Frameworks/CoreServices.framework/Versions/A/Frameworks/SharedFileList.framework/Versions/A/SharedFileList
0x0000000015df1000 	/System/Library/Frameworks/NetFS.framework/Versions/A/NetFS
0x0000000015df1000 	/System/Library/PrivateFrameworks/NetAuth.framework/Versions/A/NetAuth
0x0000000015df1000 	/System/Library/PrivateFrameworks/login.framework/Versions/A/Frameworks/loginsupport.framework/Versions/A/loginsupport
0x0000000015df1000 	/System/Library/PrivateFrameworks/TCC.framework/Versions/A/TCC
0x0000000015df1000 	/usr/lib/libmecabra.dylib
0x0000000015df1000 	/System/Library/Frameworks/ApplicationServices.framework/Versions/A/Frameworks/ATS.framework/Versions/A/ATS
0x0000000015df1000 	/System/Library/Frameworks/ApplicationServices.framework/Versions/A/Frameworks/ColorSync.framework/Versions/A/ColorSync
0x0000000015df1000 	/System/Library/Frameworks/ApplicationServices.framework/Versions/A/Frameworks/HIServices.framework/Versions/A/HIServices
0x0000000015df1000 	/System/Library/Frameworks/ApplicationServices.framework/Versions/A/Frameworks/LangAnalysis.framework/Versions/A/LangAnalysis
0x0000000015df1000 	/System/Library/Frameworks/ApplicationServices.framework/Versions/A/Frameworks/PrintCore.framework/Versions/A/PrintCore
0x0000000015df1000 	/System/Library/Frameworks/ApplicationServices.framework/Versions/A/Frameworks/QD.framework/Versions/A/QD
0x0000000015df1000 	/System/Library/Frameworks/ApplicationServices.framework/Versions/A/Frameworks/SpeechSynthesis.framework/Versions/A/SpeechSynthesis
0x0000000015df1000 	/System/Library/Frameworks/Accelerate.framework/Versions/A/Frameworks/vImage.framework/Versions/A/vImage
0x0000000015df1000 	/System/Library/Frameworks/Accelerate.framework/Versions/A/Frameworks/vecLib.framework/Versions/A/vecLib
0x0000000015df1000 	/System/Library/Frameworks/Accelerate.framework/Versions/A/Frameworks/vecLib.framework/Versions/A/libvDSP.dylib
0x0000000015df1000 	/System/Library/Frameworks/Accelerate.framework/Versions/A/Frameworks/vecLib.framework/Versions/A/libBNNS.dylib
0x0000000015df1000 	/System/Library/Frameworks/Accelerate.framework/Versions/A/Frameworks/vecLib.framework/Versions/A/libQuadrature.dylib
0x0000000015df1000 	/System/Library/Frameworks/Accelerate.framework/Versions/A/Frameworks/vecLib.framework/Versions/A/libvMisc.dylib
0x0000000015df1000 	/System/Library/Frameworks/Accelerate.framework/Versions/A/Frameworks/vecLib.framework/Versions/A/libLAPACK.dylib
0x0000000015df1000 	/System/Library/Frameworks/Accelerate.framework/Versions/A/Frameworks/vecLib.framework/Versions/A/libBLAS.dylib
0x0000000015df1000 	/System/Library/Frameworks/Accelerate.framework/Versions/A/Frameworks/vecLib.framework/Versions/A/libLinearAlgebra.dylib
0x0000000015df1000 	/System/Library/Frameworks/Accelerate.framework/Versions/A/Frameworks/vecLib.framework/Versions/A/libSparseBLAS.dylib
0x0000000015df1000 	/System/Library/Frameworks/ApplicationServices.framework/Versions/A/Frameworks/ATS.framework/Versions/A/Resources/libFontParser.dylib
0x0000000015df1000 	/System/Library/Frameworks/ApplicationServices.framework/Versions/A/Frameworks/ATS.framework/Versions/A/Resources/libFontRegistry.dylib
0x0000000015df1000 	/System/Library/Frameworks/ImageIO.framework/Versions/A/Resources/libJPEG.dylib
0x0000000015df1000 	/System/Library/Frameworks/ImageIO.framework/Versions/A/Resources/libTIFF.dylib
0x0000000015df1000 	/System/Library/Frameworks/ImageIO.framework/Versions/A/Resources/libPng.dylib
0x0000000015df1000 	/System/Library/Frameworks/ImageIO.framework/Versions/A/Resources/libGIF.dylib
0x0000000015df1000 	/System/Library/Frameworks/ImageIO.framework/Versions/A/Resources/libJP2.dylib
0x0000000015df1000 	/System/Library/Frameworks/ImageIO.framework/Versions/A/Resources/libRadiance.dylib
0x0000000015df1000 	/usr/lib/libcompression.dylib
0x0000000015df1000 	/System/Library/PrivateFrameworks/AppleJPEG.framework/Versions/A/AppleJPEG
0x0000000015df1000 	/usr/lib/libcups.2.dylib
0x0000000015df1000 	/System/Library/Frameworks/Kerberos.framework/Versions/A/Kerberos
0x0000000015df1000 	/System/Library/Frameworks/GSS.framework/Versions/A/GSS
0x0000000015df1000 	/usr/lib/libresolv.9.dylib
0x0000000015df1000 	/usr/lib/libiconv.2.dylib
0x0000000015df1000 	/System/Library/PrivateFrameworks/Heimdal.framework/Versions/A/Heimdal
0x0000000015df1000 	/usr/lib/libheimdal-asn1.dylib
0x0000000015df1000 	/System/Library/Frameworks/OpenDirectory.framework/Versions/A/OpenDirectory
0x0000000015df1000 	/System/Library/PrivateFrameworks/CommonAuth.framework/Versions/A/CommonAuth
0x0000000015df1000 	/System/Library/Frameworks/OpenDirectory.framework/Versions/A/Frameworks/CFOpenDirectory.framework/Versions/A/CFOpenDirectory
0x0000000015df1000 	/System/Library/Frameworks/SecurityFoundation.framework/Versions/A/SecurityFoundation
0x0000000015df1000 	/System/Library/PrivateFrameworks/LanguageModeling.framework/Versions/A/LanguageModeling
0x0000000015df1000 	/usr/lib/libmarisa.dylib
0x0000000015df1000 	/usr/lib/libChineseTokenizer.dylib
0x0000000015df1000 	/usr/lib/libcmph.dylib
0x0000000015df1000 	/System/Library/PrivateFrameworks/CoreEmoji.framework/Versions/A/CoreEmoji
0x0000000015df1000 	/System/Library/Frameworks/ServiceManagement.framework/Versions/A/ServiceManagement
0x0000000015df1000 	/usr/lib/libxslt.1.dylib
0x0000000015df1000 	/System/Library/Frameworks/Carbon.framework/Versions/A/Frameworks/Ink.framework/Versions/A/Ink
0x0000000015df1000 	/System/Library/PrivateFrameworks/TextureIO.framework/Versions/A/TextureIO
0x0000000015df1000 	/System/Library/Frameworks/Metal.framework/Versions/A/Metal
0x0000000015df1000 	/usr/lib/libate.dylib
0x0000000015df1000 	/System/Library/PrivateFrameworks/GPUCompiler.framework/libmetal_timestamp.dylib
0x0000000015df1000 	/System/Library/Frameworks/OpenGL.framework/Versions/A/Libraries/libCoreFSCache.dylib
0x0000000015df1000 	/System/Library/PrivateFrameworks/IOAccelerator.framework/Versions/A/IOAccelerator
0x0000000015df1000 	/System/Library/Frameworks/CoreVideo.framework/Versions/A/CoreVideo
0x0000000015df1000 	/usr/lib/libFosl_dynamic.dylib
0x0000000015df1000 	/System/Library/PrivateFrameworks/MetalPerformanceShaders.framework/Versions/A/MetalPerformanceShaders
0x0000000015df1000 	/System/Library/PrivateFrameworks/FaceCore.framework/Versions/A/FaceCore
0x0000000015df1000 	/System/Library/Frameworks/OpenCL.framework/Versions/A/OpenCL
0x0000000015df1000 	/System/Library/Frameworks/OpenGL.framework/Versions/A/Libraries/libGLU.dylib
0x0000000015df1000 	/System/Library/Frameworks/OpenGL.framework/Versions/A/Libraries/libGFXShared.dylib
0x0000000015df1000 	/System/Library/Frameworks/OpenGL.framework/Versions/A/Libraries/libGL.dylib
0x0000000015df1000 	/System/Library/Frameworks/OpenGL.framework/Versions/A/Libraries/libGLImage.dylib
0x0000000015df1000 	/System/Library/Frameworks/OpenGL.framework/Versions/A/Libraries/libCVMSPluginSupport.dylib
0x0000000015df1000 	/System/Library/Frameworks/OpenGL.framework/Versions/A/Libraries/libCoreVMClient.dylib
0x0000000015df1000 	/System/Library/PrivateFrameworks/CrashReporterSupport.framework/Versions/A/CrashReporterSupport
0x0000000015df1000 	/System/Library/PrivateFrameworks/Sharing.framework/Versions/A/Sharing
0x0000000015df1000 	/System/Library/PrivateFrameworks/IconServices.framework/Versions/A/IconServices
0x0000000015df1000 	/System/Library/PrivateFrameworks/ProtocolBuffer.framework/Versions/A/ProtocolBuffer
0x0000000015df1000 	/System/Library/PrivateFrameworks/Apple80211.framework/Versions/A/Apple80211
0x0000000015df1000 	/System/Library/Frameworks/CoreWLAN.framework/Versions/A/CoreWLAN
0x0000000015df1000 	/System/Library/PrivateFrameworks/CoreUtils.framework/Versions/A/CoreUtils
0x0000000015df1000 	/System/Library/Frameworks/IOBluetooth.framework/Versions/A/IOBluetooth
0x0000000015df1000 	/System/Library/PrivateFrameworks/CoreWiFi.framework/Versions/A/CoreWiFi
0x0000000015df1000 	/System/Library/Frameworks/CoreBluetooth.framework/Versions/A/CoreBluetooth
0x0000000015df1000 	/System/Library/Frameworks/CoreDisplay.framework/Versions/A/CoreDisplay
0x0000000015df1000 	/System/Library/PrivateFrameworks/IOPresentment.framework/Versions/A/IOPresentment
0x0000000015df1000 	/System/Library/PrivateFrameworks/DebugSymbols.framework/Versions/A/DebugSymbols
0x0000000015df1000 	/System/Library/PrivateFrameworks/CoreSymbolication.framework/Versions/A/CoreSymbolication
0x0000000015df1000 	/System/Library/PrivateFrameworks/Symbolication.framework/Versions/A/Symbolication
0x0000000015df1000 	/System/Library/PrivateFrameworks/AppleFSCompression.framework/Versions/A/AppleFSCompression
0x0000000015df1000 	/System/Library/PrivateFrameworks/SpeechRecognitionCore.framework/Versions/A/SpeechRecognitionCore
0x0000000015df1000 	/System/Library/PrivateFrameworks/ChunkingLibrary.framework/Versions/A/ChunkingLibrary
0x0000000108800000 	/Library/Java/JavaVirtualMachines/jdk1.8.0_101.jdk/Contents/Home/jre/lib/server/libjvm.dylib
0x0000000015df1000 	/usr/lib/libstdc++.6.dylib
0x0000000107ef4000 	/Library/Java/JavaVirtualMachines/jdk1.8.0_101.jdk/Contents/Home/jre/lib/libverify.dylib
0x0000000107f02000 	/Library/Java/JavaVirtualMachines/jdk1.8.0_101.jdk/Contents/Home/jre/lib/libjava.dylib
0x0000000107f3f000 	/Library/Java/JavaVirtualMachines/jdk1.8.0_101.jdk/Contents/Home/jre/lib/libzip.dylib
0x0000000110055000 	/System/Library/Frameworks/JavaVM.framework/Frameworks/JavaRuntimeSupport.framework/JavaRuntimeSupport
0x000000011006f000 	/System/Library/Frameworks/JavaVM.framework/Versions/A/Frameworks/JavaNativeFoundation.framework/Versions/A/JavaNativeFoundation
0x0000000107ff3000 	/System/Library/Frameworks/JavaVM.framework/Versions/A/JavaVM
0x0000000015df1000 	/System/Library/Frameworks/Carbon.framework/Versions/A/Carbon
0x0000000110084000 	/System/Library/PrivateFrameworks/JavaLaunching.framework/Versions/A/JavaLaunching
0x0000000015df1000 	/System/Library/Frameworks/Carbon.framework/Versions/A/Frameworks/CommonPanels.framework/Versions/A/CommonPanels
0x0000000015df1000 	/System/Library/Frameworks/Carbon.framework/Versions/A/Frameworks/Help.framework/Versions/A/Help
0x0000000015df1000 	/System/Library/Frameworks/Carbon.framework/Versions/A/Frameworks/ImageCapture.framework/Versions/A/ImageCapture
0x0000000015df1000 	/System/Library/Frameworks/Carbon.framework/Versions/A/Frameworks/OpenScripting.framework/Versions/A/OpenScripting
0x0000000015df1000 	/System/Library/Frameworks/Carbon.framework/Versions/A/Frameworks/Print.framework/Versions/A/Print
0x0000000015df1000 	/System/Library/Frameworks/Carbon.framework/Versions/A/Frameworks/SecurityHI.framework/Versions/A/SecurityHI
0x0000000110103000 	/Library/Java/JavaVirtualMachines/jdk1.8.0_101.jdk/Contents/Home/jre/lib/libnet.dylib
0x0000000110162000 	/Library/Java/JavaVirtualMachines/jdk1.8.0_101.jdk/Contents/Home/jre/lib/libnio.dylib
0x00000001105dd000 	/Users/elchroy/.gradle/native/19/osx-amd64/libnative-platform.dylib
0x00000001105e2000 	/Users/elchroy/.gradle/native/19/osx-amd64/libnative-platform-curses.dylib
0x0000000015df1000 	/usr/lib/libncurses.5.4.dylib
0x00000001105e6000 	/private/var/folders/3j/p0_wzk9d1ns47ybk3ng5x3w80000gn/T/jna5182849971180834205.tmp
0x00000001105fb000 	/Library/Java/JavaVirtualMachines/jdk1.8.0_101.jdk/Contents/Home/jre/lib/libmanagement.dylib

VM Arguments:
jvm_args: -Dorg.gradle.appname=gradlew 
java_command: org.gradle.wrapper.GradleWrapperMain installDebug
java_class_path (initial): /Users/elchroy/Roy/Code/rubyment/roymobile/android/gradle/wrapper/gradle-wrapper.jar
Launcher Type: SUN_STANDARD

Environment Variables:
PATH=/usr/local/opt/nvm/versions/node/v6.3.0/lib/node_modules/npm/bin/node-gyp-bin:/Users/elchroy/Roy/Code/rubyment/roymobile/node_modules/.bin:/usr/local/opt/nvm/versions/node/v6.3.0/bin:/Users/elchroy/.rvm/gems/ruby-2.3.0/bin:/Users/elchroy/.rvm/gems/ruby-2.3.0@global/bin:/Users/elchroy/.rvm/rubies/ruby-2.3.0/bin:/usr/local/opt/nvm/versions/node/v6.3.0/bin:/usr/local/mysql/bin:/usr/local/share/python:/usr/local/bin:/usr/bin:/bin:/usr/sbin:/sbin:/Users/elchroy/golang/src/github.com/andela/bin:/usr/local/opt/go/libexec/bin:/Users/elchroy/.rvm/bin:/Users/elchroy/Library/Android/sdk/tools:/Users/elchroy/Library/Android/sdk/platform-tools
SHELL=/bin/zsh

Signal Handlers:
SIGSEGV: [libjvm.dylib+0x5af145], sa_mask[0]=11111111011111110111111111111111, sa_flags=SA_ONSTACK|SA_RESTART|SA_SIGINFO
SIGBUS: [libjvm.dylib+0x5af145], sa_mask[0]=11111111011111110111111111111111, sa_flags=SA_RESTART|SA_SIGINFO
SIGFPE: [libjvm.dylib+0x48694c], sa_mask[0]=11111111011111110111111111111111, sa_flags=SA_RESTART|SA_SIGINFO
SIGPIPE: [libjvm.dylib+0x48694c], sa_mask[0]=11111111011111110111111111111111, sa_flags=SA_RESTART|SA_SIGINFO
SIGXFSZ: [libjvm.dylib+0x48694c], sa_mask[0]=11111111011111110111111111111111, sa_flags=SA_RESTART|SA_SIGINFO
SIGILL: [libjvm.dylib+0x48694c], sa_mask[0]=11111111011111110111111111111111, sa_flags=SA_RESTART|SA_SIGINFO
SIGUSR1: SIG_DFL, sa_mask[0]=11111111011111110111111111111111, sa_flags=none
SIGUSR2: [libjvm.dylib+0x48646a], sa_mask[0]=00000000000000000000000000000000, sa_flags=SA_RESTART|SA_SIGINFO
SIGHUP: [libjvm.dylib+0x484a41], sa_mask[0]=11111111011111110111111111111111, sa_flags=SA_RESTART|SA_SIGINFO
SIGINT: [libjvm.dylib+0x484a41], sa_mask[0]=11111111011111110111111111111111, sa_flags=SA_RESTART|SA_SIGINFO
SIGTERM: [libjvm.dylib+0x484a41], sa_mask[0]=11111111011111110111111111111111, sa_flags=SA_RESTART|SA_SIGINFO
SIGQUIT: [libjvm.dylib+0x484a41], sa_mask[0]=11111111011111110111111111111111, sa_flags=SA_RESTART|SA_SIGINFO


---------------  S Y S T E M  ---------------

OS:Bsduname:Darwin 16.4.0 Darwin Kernel Version 16.4.0: Thu Dec 22 22:53:21 PST 2016; root:xnu-3789.41.3~3/RELEASE_X86_64 x86_64
rlimit: STACK 8192k, CORE 0k, NPROC 709, NOFILE 10240, AS infinity
load average:10.29 8.08 8.17

CPU:total 4 (2 cores per cpu, 2 threads per core) family 6 model 61 stepping 4, cmov, cx8, fxsr, mmx, sse, sse2, sse3, ssse3, sse4.1, sse4.2, popcnt, avx, avx2, aes, clmul, erms, 3dnowpref, lzcnt, ht, tsc, tscinvbit, bmi1, bmi2, adx

Memory: 4k page, physical 8388608k(137168k free)

/proc/meminfo:


vm_info: Java HotSpot(TM) 64-Bit Server VM (25.101-b13) for bsd-amd64 JRE (1.8.0_101-b13), built on Jun 22 2016 02:42:15 by "java_re" with gcc 4.2.1 (Based on Apple Inc. build 5658) (LLVM build 2336.11.00)

time: Mon Feb  6 17:16:26 2017
elapsed time: 15 seconds (0d 0h 0m 15s)

