#
# A fatal error has been detected by the Java Runtime Environment:
#
#  SIGSEGV (0xb) at pc=0x0000000107286498, pid=14882, tid=0x0000000000000307
#
# JRE version: Java(TM) SE Runtime Environment (8.0_101-b13) (build 1.8.0_101-b13)
# Java VM: Java HotSpot(TM) 64-Bit Server VM (25.101-b13 mixed mode bsd-amd64 compressed oops)
# Problematic frame:
# V  [libjvm.dylib+0x486498]  SR_handler(int, __siginfo*, __darwin_ucontext*)+0x2e
#
# Failed to write core dump. Core dumps have been disabled. To enable core dumping, try "ulimit -c unlimited" before starting Java again
#
# If you would like to submit a bug report, please visit:
#   http://bugreport.java.com/bugreport/crash.jsp
#

---------------  T H R E A D  ---------------

Current thread is native thread

siginfo: si_signo: 11 (SIGSEGV), si_code: 1 (SEGV_MAPERR), si_addr: 0x0000000000000128

Registers:
RAX=0x0000000000000000, RBX=0x00007fff5a0db7a0, RCX=0x00007fffb19f4408, RDX=0x00007fff5a0db7a0
RSP=0x00007fff5a0db2d0, RBP=0x00007fff5a0db300, RSI=0x00007fff5a0db738, RDI=0x0000000000000103
R8 =0x00007fff5a0db7a0, R9 =0x00000000ffffffff, R10=0x0000000000000c00, R11=0x0000000000000206
R12=0x0000000000000c00, R13=0x0000000000000000, R14=0x00007fff5a0db738, R15=0x0000000000000002
RIP=0x0000000107286498, EFLAGS=0x0000000000010202, ERR=0x0000000000000004
  TRAPNO=0x000000000000000e

Top of Stack: (sp=0x00007fff5a0db2d0)
0x00007fff5a0db2d0:   0000000000000000 00007fff5a0db7a0
0x00007fff5a0db2e0:   0000000000000c00 0000000000000000
0x00007fff5a0db2f0:   00007fff5a0db9d0 0000000000000d03
0x00007fff5a0db300:   00007fff5a0db310 00007fffa8db4bba
0x00007fff5a0db310:   00007fff5a0db8a0 0000000000015c00
0x00007fff5a0db320:   00015d00ae448958 00007fffb188a2d0
0x00007fff5a0db330:   0100001f00000085 00007fff93650680
0x00007fff5a0db340:   0000000010004005 00000000ffffffff
0x00007fff5a0db350:   00007fff5a0db858 0000000000000000
0x00007fff5a0db360:   00007fff5a0db9d0 0000000007000806
0x00007fff5a0db370:   00007fff5a0db8a0 00007fff5a0db858
0x00007fff5a0db380:   0000000000000d03 00000000ffffffff
0x00007fff5a0db390:   0000000000000c00 0000000000000206
0x00007fff5a0db3a0:   0000000000000c00 0000000000000000
0x00007fff5a0db3b0:   00007fff5a0db9d0 0000000000000d03
0x00007fff5a0db3c0:   000000010635d38a 0000000000000206
0x00007fff5a0db3d0:   0000000000000007 0000000000000000
0x00007fff5a0db3e0:   0000000000000000 0000000000000000
0x00007fff5a0db3f0:   000000000000037f 0000000000000000
0x00007fff5a0db400:   0000000000000000 0000ffff00001fa0
0x00007fff5a0db410:   0000000000000000 000000000000ffff
0x00007fff5a0db420:   0000000000000100 000000000000ffff
0x00007fff5a0db430:   0000000000000000 0000000000000000
0x00007fff5a0db440:   0000000000000000 0000000000000000
0x00007fff5a0db450:   87bc000000000000 000000000000c00b
0x00007fff5a0db460:   0000000000000000 0000000000000000
0x00007fff5a0db470:   bb78000000000000 000000000000400b
0x00007fff5a0db480:   0000000000000000 0000000000000000
0x00007fff5a0db490:   41be4c91b1073216 0000000000000000
0x00007fff5a0db4a0:   3f9cc857f3061c79 0000000000000000
0x00007fff5a0db4b0:   c3de3f8b1062e254 439c074ef9d1dabc
0x00007fff5a0db4c0:   0000000000000000 0000000000000000 

Instructions: (pc=0x0000000107286498)
0x0000000107286478:   83 ec 08 48 89 d3 49 89 f6 e8 00 26 14 00 44 8b
0x0000000107286488:   38 48 8d 05 20 cd 3a 00 48 63 38 e8 ca 28 14 00
0x0000000107286498:   4c 8b a0 28 01 00 00 41 83 7c 24 34 01 0f 85 e2
0x00000001072864a8:   00 00 00 49 89 5c 24 40 4d 89 74 24 38 49 8d 5c 

Register to memory mapping:

RAX=0x0000000000000000 is an unknown value
RBX=0x00007fff5a0db7a0 is an unknown value
RCX=0x00007fffb19f4408: _thread+0x48 in /usr/lib/system/libsystem_pthread.dylib at 0x00007fffa8dbb000
RDX=0x00007fff5a0db7a0 is an unknown value
RSP=0x00007fff5a0db2d0 is an unknown value
RBP=0x00007fff5a0db300 is an unknown value
RSI=0x00007fff5a0db738 is an unknown value
RDI=0x0000000000000103 is an unknown value
R8 =0x00007fff5a0db7a0 is an unknown value
R9 =0x00000000ffffffff is an unknown value
R10=0x0000000000000c00 is an unknown value
R11=0x0000000000000206 is an unknown value
R12=0x0000000000000c00 is an unknown value
R13=0x0000000000000000 is an unknown value
R14=0x00007fff5a0db738 is an unknown value
R15=0x0000000000000002 is an unknown value


Stack: [0x00007fff598e0000,0x00007fff5a0e0000],  sp=0x00007fff5a0db2d0,  free space=8172k
Native frames: (J=compiled Java code, j=interpreted, Vv=VM code, C=native code)
V  [libjvm.dylib+0x486498]  SR_handler(int, __siginfo*, __darwin_ucontext*)+0x2e
C  [libsystem_platform.dylib+0x2bba]  _sigtramp+0x1a
C  0x0000000000015c00
C  [CoreFoundation+0x88c94]  __CFRunLoopServiceMachPort+0xd4
C  [CoreFoundation+0x88121]  __CFRunLoopRun+0x551
C  [CoreFoundation+0x87974]  CFRunLoopRunSpecific+0x1a4
C  [java+0x6465]  CreateExecutionEnvironment+0x367
C  [java+0x218c]  JLI_Launch+0x7a0
C  [java+0x84c2]  main+0x65
C  [java+0x19e4]  start+0x34


---------------  P R O C E S S  ---------------

VM state:not at safepoint (normal execution)

VM Mutex/Monitor currently owned by a thread: None

Heap:
 PSYoungGen      total 154624K, used 109643K [0x0000000795580000, 0x00000007a2180000, 0x00000007c0000000)
  eden space 138240K, 69% used [0x0000000795580000,0x000000079b2c2c80,0x000000079dc80000)
  from space 16384K, 86% used [0x000000079dc80000,0x000000079ea50010,0x000000079ec80000)
  to   space 17920K, 0% used [0x00000007a1000000,0x00000007a1000000,0x00000007a2180000)
 ParOldGen       total 110080K, used 24616K [0x0000000740000000, 0x0000000746b80000, 0x0000000795580000)
  object space 110080K, 22% used [0x0000000740000000,0x000000074180a168,0x0000000746b80000)
 Metaspace       used 39862K, capacity 41098K, committed 41176K, reserved 1085440K
  class space    used 5595K, capacity 6110K, committed 6144K, reserved 1048576K

Card table byte_map: [0x000000010815d000,0x000000010855e000] byte_map_base: 0x000000010475d000

Marking Bits: (ParMarkBitMap*) 0x00000001076edd20
 Begin Bits: [0x00000001192ad000, 0x000000011b2ad000)
 End Bits:   [0x000000011b2ad000, 0x000000011d2ad000)

Polling page: 0x0000000105c21000

CodeCache: size=245760Kb used=12586Kb max_used=12646Kb free=233173Kb
 bounds [0x000000010a2ad000, 0x000000010af2d000, 0x00000001192ad000]
 total_blobs=4449 nmethods=3784 adapters=577
 compilation: enabled

Compilation events (10 events):
Event: 14.185 Thread 0x00007f930f054800 nmethod 4095 0x000000010a603150 code [0x000000010a6032c0, 0x000000010a603538]
Event: 14.185 Thread 0x00007f930f054800 4099       4       java.util.HashMap$EntryIterator::next (5 bytes)
Event: 14.189 Thread 0x00007f930f054800 nmethod 4099 0x000000010a4cc110 code [0x000000010a4cc260, 0x000000010a4cc458]
Event: 14.190 Thread 0x00007f930e024000 nmethod 4096 0x000000010aaaa150 code [0x000000010aaaa2c0, 0x000000010aaaa738]
Event: 14.236 Thread 0x00007f930e024800 4100       1       java.nio.channels.spi.AbstractInterruptibleChannel::isOpen (5 bytes)
Event: 14.236 Thread 0x00007f930e024800 nmethod 4100 0x000000010a60b190 code [0x000000010a60b2e0, 0x000000010a60b3f0]
Event: 14.282 Thread 0x00007f930f054800 4101   !   4       java.util.zip.InflaterInputStream::read (138 bytes)
Event: 14.284 Thread 0x00007f930e024000 4102       4       java.util.regex.Pattern::atom (379 bytes)
Event: 14.302 Thread 0x00007f930f054800 nmethod 4101 0x000000010aedf690 code [0x000000010aedf8c0, 0x000000010aee0e88]
Event: 14.320 Thread 0x00007f930e024000 nmethod 4102 0x000000010aedc650 code [0x000000010aedcb20, 0x000000010aede450]

GC Heap History (10 events):
Event: 6.117 GC heap before
{Heap before GC invocations=7 (full 1):
 PSYoungGen      total 71680K, used 66560K [0x0000000795580000, 0x000000079ea80000, 0x00000007c0000000)
  eden space 66560K, 100% used [0x0000000795580000,0x0000000799680000,0x0000000799680000)
  from space 5120K, 0% used [0x0000000799680000,0x0000000799680000,0x0000000799b80000)
  to   space 9728K, 0% used [0x000000079e100000,0x000000079e100000,0x000000079ea80000)
 ParOldGen       total 64000K, used 8897K [0x0000000740000000, 0x0000000743e80000, 0x0000000795580000)
  object space 64000K, 13% used [0x0000000740000000,0x00000007408b0430,0x0000000743e80000)
 Metaspace       used 25357K, capacity 26048K, committed 26240K, reserved 1071104K
  class space    used 3432K, capacity 3673K, committed 3712K, reserved 1048576K
Event: 6.130 GC heap after
Heap after GC invocations=7 (full 1):
 PSYoungGen      total 102912K, used 6054K [0x0000000795580000, 0x000000079e700000, 0x00000007c0000000)
  eden space 96768K, 0% used [0x0000000795580000,0x0000000795580000,0x000000079b400000)
  from space 6144K, 98% used [0x000000079e100000,0x000000079e6e9a80,0x000000079e700000)
  to   space 9728K, 0% used [0x000000079d400000,0x000000079d400000,0x000000079dd80000)
 ParOldGen       total 64000K, used 8905K [0x0000000740000000, 0x0000000743e80000, 0x0000000795580000)
  object space 64000K, 13% used [0x0000000740000000,0x00000007408b2430,0x0000000743e80000)
 Metaspace       used 25357K, capacity 26048K, committed 26240K, reserved 1071104K
  class space    used 3432K, capacity 3673K, committed 3712K, reserved 1048576K
}
Event: 8.127 GC heap before
{Heap before GC invocations=8 (full 1):
 PSYoungGen      total 102912K, used 102822K [0x0000000795580000, 0x000000079e700000, 0x00000007c0000000)
  eden space 96768K, 100% used [0x0000000795580000,0x000000079b400000,0x000000079b400000)
  from space 6144K, 98% used [0x000000079e100000,0x000000079e6e9a80,0x000000079e700000)
  to   space 9728K, 0% used [0x000000079d400000,0x000000079d400000,0x000000079dd80000)
 ParOldGen       total 64000K, used 8905K [0x0000000740000000, 0x0000000743e80000, 0x0000000795580000)
  object space 64000K, 13% used [0x0000000740000000,0x00000007408b2430,0x0000000743e80000)
 Metaspace       used 32056K, capacity 32974K, committed 33280K, reserved 1077248K
  class space    used 4454K, capacity 4803K, committed 4864K, reserved 1048576K
Event: 8.158 GC heap after
Heap after GC invocations=8 (full 1):
 PSYoungGen      total 139264K, used 9716K [0x0000000795580000, 0x000000079fa00000, 0x00000007c0000000)
  eden space 129536K, 0% used [0x0000000795580000,0x0000000795580000,0x000000079d400000)
  from space 9728K, 99% used [0x000000079d400000,0x000000079dd7d010,0x000000079dd80000)
  to   space 13824K, 0% used [0x000000079ec80000,0x000000079ec80000,0x000000079fa00000)
 ParOldGen       total 64000K, used 15524K [0x0000000740000000, 0x0000000743e80000, 0x0000000795580000)
  object space 64000K, 24% used [0x0000000740000000,0x0000000740f292d0,0x0000000743e80000)
 Metaspace       used 32056K, capacity 32974K, committed 33280K, reserved 1077248K
  class space    used 4454K, capacity 4803K, committed 4864K, reserved 1048576K
}
Event: 9.009 GC heap before
{Heap before GC invocations=9 (full 1):
 PSYoungGen      total 139264K, used 58503K [0x0000000795580000, 0x000000079fa00000, 0x00000007c0000000)
  eden space 129536K, 37% used [0x0000000795580000,0x0000000798524e88,0x000000079d400000)
  from space 9728K, 99% used [0x000000079d400000,0x000000079dd7d010,0x000000079dd80000)
  to   space 13824K, 0% used [0x000000079ec80000,0x000000079ec80000,0x000000079fa00000)
 ParOldGen       total 64000K, used 15524K [0x0000000740000000, 0x0000000743e80000, 0x0000000795580000)
  object space 64000K, 24% used [0x0000000740000000,0x0000000740f292d0,0x0000000743e80000)
 Metaspace       used 34370K, capacity 35272K, committed 35416K, reserved 1079296K
  class space    used 4786K, capacity 5166K, committed 5248K, reserved 1048576K
Event: 9.046 GC heap after
Heap after GC invocations=9 (full 1):
 PSYoungGen      total 152064K, used 13792K [0x0000000795580000, 0x00000007a3900000, 0x00000007c0000000)
  eden space 138240K, 0% used [0x0000000795580000,0x0000000795580000,0x000000079dc80000)
  from space 13824K, 99% used [0x000000079ec80000,0x000000079f9f8020,0x000000079fa00000)
  to   space 16384K, 0% used [0x000000079dc80000,0x000000079dc80000,0x000000079ec80000)
 ParOldGen       total 64000K, used 17017K [0x0000000740000000, 0x0000000743e80000, 0x0000000795580000)
  object space 64000K, 26% used [0x0000000740000000,0x000000074109e4b0,0x0000000743e80000)
 Metaspace       used 34370K, capacity 35272K, committed 35416K, reserved 1079296K
  class space    used 4786K, capacity 5166K, committed 5248K, reserved 1048576K
}
Event: 9.046 GC heap before
{Heap before GC invocations=10 (full 2):
 PSYoungGen      total 152064K, used 13792K [0x0000000795580000, 0x00000007a3900000, 0x00000007c0000000)
  eden space 138240K, 0% used [0x0000000795580000,0x0000000795580000,0x000000079dc80000)
  from space 13824K, 99% used [0x000000079ec80000,0x000000079f9f8020,0x000000079fa00000)
  to   space 16384K, 0% used [0x000000079dc80000,0x000000079dc80000,0x000000079ec80000)
 ParOldGen       total 64000K, used 17017K [0x0000000740000000, 0x0000000743e80000, 0x0000000795580000)
  object space 64000K, 26% used [0x0000000740000000,0x000000074109e4b0,0x0000000743e80000)
 Metaspace       used 34370K, capacity 35272K, committed 35416K, reserved 1079296K
  class space    used 4786K, capacity 5166K, committed 5248K, reserved 1048576K
Event: 9.216 GC heap after
Heap after GC invocations=10 (full 2):
 PSYoungGen      total 152064K, used 0K [0x0000000795580000, 0x00000007a3900000, 0x00000007c0000000)
  eden space 138240K, 0% used [0x0000000795580000,0x0000000795580000,0x000000079dc80000)
  from space 13824K, 0% used [0x000000079ec80000,0x000000079ec80000,0x000000079fa00000)
  to   space 16384K, 0% used [0x000000079dc80000,0x000000079dc80000,0x000000079ec80000)
 ParOldGen       total 110080K, used 24608K [0x0000000740000000, 0x0000000746b80000, 0x0000000795580000)
  object space 110080K, 22% used [0x0000000740000000,0x0000000741808168,0x0000000746b80000)
 Metaspace       used 34370K, capacity 35272K, committed 35416K, reserved 1079296K
  class space    used 4786K, capacity 5166K, committed 5248K, reserved 1048576K
}
Event: 12.360 GC heap before
{Heap before GC invocations=11 (full 2):
 PSYoungGen      total 152064K, used 138240K [0x0000000795580000, 0x00000007a3900000, 0x00000007c0000000)
  eden space 138240K, 100% used [0x0000000795580000,0x000000079dc80000,0x000000079dc80000)
  from space 13824K, 0% used [0x000000079ec80000,0x000000079ec80000,0x000000079fa00000)
  to   space 16384K, 0% used [0x000000079dc80000,0x000000079dc80000,0x000000079ec80000)
 ParOldGen       total 110080K, used 24608K [0x0000000740000000, 0x0000000746b80000, 0x0000000795580000)
  object space 110080K, 22% used [0x0000000740000000,0x0000000741808168,0x0000000746b80000)
 Metaspace       used 36798K, capacity 37840K, committed 38104K, reserved 1081344K
  class space    used 5118K, capacity 5542K, committed 5632K, reserved 1048576K
Event: 12.390 GC heap after
Heap after GC invocations=11 (full 2):
 PSYoungGen      total 154624K, used 14144K [0x0000000795580000, 0x00000007a2180000, 0x00000007c0000000)
  eden space 138240K, 0% used [0x0000000795580000,0x0000000795580000,0x000000079dc80000)
  from space 16384K, 86% used [0x000000079dc80000,0x000000079ea50010,0x000000079ec80000)
  to   space 17920K, 0% used [0x00000007a1000000,0x00000007a1000000,0x00000007a2180000)
 ParOldGen       total 110080K, used 24616K [0x0000000740000000, 0x0000000746b80000, 0x0000000795580000)
  object space 110080K, 22% used [0x0000000740000000,0x000000074180a168,0x0000000746b80000)
 Metaspace       used 36798K, capacity 37840K, committed 38104K, reserved 1081344K
  class space    used 5118K, capacity 5542K, committed 5632K, reserved 1048576K
}

Deoptimization events (10 events):
Event: 12.899 Thread 0x00007f930e004800 Uncommon trap: reason=predicate action=maybe_recompile pc=0x000000010a8aa214 method=java.util.AbstractCollection.toArray([Ljava/lang/Object;)[Ljava/lang/Object; @ 49
Event: 13.065 Thread 0x00007f930e004800 Uncommon trap: reason=unstable_if action=reinterpret pc=0x000000010a8772cc method=sun.misc.MetaIndex.mayContain(Ljava/lang/String;)Z @ 38
Event: 13.152 Thread 0x00007f930e004800 Uncommon trap: reason=unstable_if action=reinterpret pc=0x000000010a890144 method=java.lang.Class.arrayContentsEq([Ljava/lang/Object;[Ljava/lang/Object;)Z @ 1
Event: 14.113 Thread 0x00007f930e3f9800 Uncommon trap: reason=array_check action=maybe_recompile pc=0x000000010a3bec48 method=java.util.AbstractCollection.toArray([Ljava/lang/Object;)[Ljava/lang/Object; @ 119
Event: 14.113 Thread 0x00007f930e3f9800 Uncommon trap: reason=array_check action=maybe_recompile pc=0x000000010a3bec48 method=java.util.AbstractCollection.toArray([Ljava/lang/Object;)[Ljava/lang/Object; @ 119
Event: 14.182 Thread 0x00007f930f5ff800 Uncommon trap: reason=unstable_if action=reinterpret pc=0x000000010ae0ddb8 method=java.lang.AbstractStringBuilder.append(I)Ljava/lang/AbstractStringBuilder; @ 16
Event: 14.182 Thread 0x00007f930f5ff800 Uncommon trap: reason=unstable_if action=reinterpret pc=0x000000010ad746c4 method=java.lang.Integer.getChars(II[C)V @ 7
Event: 14.196 Thread 0x00007f930e3f9800 Uncommon trap: reason=unstable_if action=reinterpret pc=0x000000010ade4f4c method=java.lang.AbstractStringBuilder.append(I)Ljava/lang/AbstractStringBuilder; @ 16
Event: 14.291 Thread 0x00007f930e3f9800 Uncommon trap: reason=array_check action=maybe_recompile pc=0x000000010a3bec48 method=java.util.AbstractCollection.toArray([Ljava/lang/Object;)[Ljava/lang/Object; @ 119
Event: 14.297 Thread 0x00007f930e3f9800 Uncommon trap: reason=array_check action=maybe_recompile pc=0x000000010a3bec48 method=java.util.AbstractCollection.toArray([Ljava/lang/Object;)[Ljava/lang/Object; @ 119

Internal exceptions (10 events):
Event: 13.366 Thread 0x00007f930e004800 Exception <a 'java/lang/ClassNotFoundException': com/android/build/gradle/tasks/ManifestProcessorTask$1BeanInfo> (0x0000000798ff0698) thrown at [/HUDSON3/workspace/8-2-build-macosx-x86_64/jdk8u101/7261/hotspot/src/share/vm/classfile/systemDictionary.cpp, 
Event: 13.366 Thread 0x00007f930e004800 Exception <a 'java/lang/ClassNotFoundException': com/android/build/gradle/tasks/ManifestProcessorTask$1Customizer> (0x0000000799001f20) thrown at [/HUDSON3/workspace/8-2-build-macosx-x86_64/jdk8u101/7261/hotspot/src/share/vm/classfile/systemDictionary.cpp
Event: 13.369 Thread 0x00007f930e004800 Exception <a 'java/lang/ClassNotFoundException': com/google/common/collect/IterablesBeanInfo> (0x000000079903e2d8) thrown at [/HUDSON3/workspace/8-2-build-macosx-x86_64/jdk8u101/7261/hotspot/src/share/vm/classfile/systemDictionary.cpp, line 210]
Event: 13.369 Thread 0x00007f930e004800 Exception <a 'java/lang/ClassNotFoundException': com/google/common/collect/IterablesCustomizer> (0x000000079904d5c0) thrown at [/HUDSON3/workspace/8-2-build-macosx-x86_64/jdk8u101/7261/hotspot/src/share/vm/classfile/systemDictionary.cpp, line 210]
Event: 13.684 Thread 0x00007f930e004800 Exception <a 'java/lang/ClassNotFoundException': java/lang/BooleanBeanInfo> (0x000000079a58d1a0) thrown at [/HUDSON3/workspace/8-2-build-macosx-x86_64/jdk8u101/7261/hotspot/src/share/vm/classfile/systemDictionary.cpp, line 210]
Event: 13.684 Thread 0x00007f930e004800 Exception <a 'java/lang/ClassNotFoundException': java/lang/BooleanCustomizer> (0x000000079a5932a0) thrown at [/HUDSON3/workspace/8-2-build-macosx-x86_64/jdk8u101/7261/hotspot/src/share/vm/classfile/systemDictionary.cpp, line 210]
Event: 13.687 Thread 0x00007f930e004800 Exception <a 'java/lang/ClassNotFoundException': com/android/builder/testing/ConnectedDeviceProviderBeanInfo> (0x000000079a5ca7f8) thrown at [/HUDSON3/workspace/8-2-build-macosx-x86_64/jdk8u101/7261/hotspot/src/share/vm/classfile/systemDictionary.cpp, lin
Event: 13.687 Thread 0x00007f930e004800 Exception <a 'java/lang/ClassNotFoundException': com/android/builder/testing/api/DeviceProviderBeanInfo> (0x000000079a5d7390) thrown at [/HUDSON3/workspace/8-2-build-macosx-x86_64/jdk8u101/7261/hotspot/src/share/vm/classfile/systemDictionary.cpp, line 210
Event: 13.688 Thread 0x00007f930e004800 Exception <a 'java/lang/ClassNotFoundException': com/android/builder/testing/api/DeviceProviderCustomizer> (0x000000079a5e4020) thrown at [/HUDSON3/workspace/8-2-build-macosx-x86_64/jdk8u101/7261/hotspot/src/share/vm/classfile/systemDictionary.cpp, line 2
Event: 13.689 Thread 0x00007f930e004800 Exception <a 'java/lang/ClassNotFoundException': com/android/builder/testing/ConnectedDeviceProviderCustomizer> (0x000000079a60a720) thrown at [/HUDSON3/workspace/8-2-build-macosx-x86_64/jdk8u101/7261/hotspot/src/share/vm/classfile/systemDictionary.cpp, l

Events (10 events):
Event: 14.283 loading class java/util/regex/Pattern$SliceI
Event: 14.284 loading class java/util/regex/Pattern$SliceI done
Event: 14.284 loading class java/util/regex/Pattern$3
Event: 14.284 loading class java/util/regex/Pattern$3 done
Event: 14.291 Thread 0x00007f930e3f9800 Uncommon trap: trap_request=0xffffffd6 fr.pc=0x000000010a3bec48
Event: 14.291 Thread 0x00007f930e3f9800 DEOPT PACKING pc=0x000000010a3bec48 sp=0x00007000036401d0
Event: 14.291 Thread 0x00007f930e3f9800 DEOPT UNPACKING pc=0x000000010a2b2229 sp=0x0000700003640178 mode 2
Event: 14.297 Thread 0x00007f930e3f9800 Uncommon trap: trap_request=0xffffffd6 fr.pc=0x000000010a3bec48
Event: 14.297 Thread 0x00007f930e3f9800 DEOPT PACKING pc=0x000000010a3bec48 sp=0x0000700003640170
Event: 14.297 Thread 0x00007f930e3f9800 DEOPT UNPACKING pc=0x000000010a2b2229 sp=0x0000700003640118 mode 2


Dynamic libraries:
0x000000001e29e000 	/System/Library/Frameworks/Cocoa.framework/Versions/A/Cocoa
0x000000001e29e000 	/System/Library/Frameworks/Security.framework/Versions/A/Security
0x000000001e29e000 	/System/Library/Frameworks/ApplicationServices.framework/Versions/A/ApplicationServices
0x000000001e29e000 	/usr/lib/libz.1.dylib
0x0000000105b41000 	/usr/lib/libSystem.B.dylib
0x000000001e29e000 	/usr/lib/libobjc.A.dylib
0x000000001e29e000 	/System/Library/Frameworks/CoreFoundation.framework/Versions/A/CoreFoundation
0x000000001e29e000 	/System/Library/Frameworks/Foundation.framework/Versions/C/Foundation
0x000000001e29e000 	/System/Library/Frameworks/AppKit.framework/Versions/C/AppKit
0x000000001e29e000 	/System/Library/Frameworks/CoreData.framework/Versions/A/CoreData
0x000000001e29e000 	/System/Library/PrivateFrameworks/RemoteViewServices.framework/Versions/A/RemoteViewServices
0x000000001e29e000 	/System/Library/PrivateFrameworks/UIFoundation.framework/Versions/A/UIFoundation
0x000000001e29e000 	/System/Library/PrivateFrameworks/DFRFoundation.framework/Versions/A/DFRFoundation
0x000000001e29e000 	/usr/lib/libenergytrace.dylib
0x000000001e29e000 	/System/Library/PrivateFrameworks/SkyLight.framework/Versions/A/SkyLight
0x000000001e29e000 	/System/Library/Frameworks/CoreGraphics.framework/Versions/A/CoreGraphics
0x000000001e29e000 	/usr/lib/libScreenReader.dylib
0x000000001e29e000 	/System/Library/Frameworks/Accelerate.framework/Versions/A/Accelerate
0x000000001e29e000 	/System/Library/Frameworks/IOSurface.framework/Versions/A/IOSurface
0x000000001e29e000 	/System/Library/Frameworks/AudioToolbox.framework/Versions/A/AudioToolbox
0x000000001e29e000 	/System/Library/Frameworks/AudioUnit.framework/Versions/A/AudioUnit
0x000000001e29e000 	/System/Library/PrivateFrameworks/DataDetectorsCore.framework/Versions/A/DataDetectorsCore
0x000000001e29e000 	/System/Library/PrivateFrameworks/DesktopServicesPriv.framework/Versions/A/DesktopServicesPriv
0x000000001e29e000 	/System/Library/Frameworks/Carbon.framework/Versions/A/Frameworks/HIToolbox.framework/Versions/A/HIToolbox
0x000000001e29e000 	/usr/lib/libicucore.A.dylib
0x000000001e29e000 	/System/Library/Frameworks/QuartzCore.framework/Versions/A/QuartzCore
0x000000001e29e000 	/System/Library/Frameworks/Carbon.framework/Versions/A/Frameworks/SpeechRecognition.framework/Versions/A/SpeechRecognition
0x000000001e29e000 	/usr/lib/libauto.dylib
0x000000001e29e000 	/usr/lib/libxml2.2.dylib
0x000000001e29e000 	/System/Library/PrivateFrameworks/CoreUI.framework/Versions/A/CoreUI
0x000000001e29e000 	/System/Library/Frameworks/CoreAudio.framework/Versions/A/CoreAudio
0x000000001e29e000 	/System/Library/Frameworks/DiskArbitration.framework/Versions/A/DiskArbitration
0x000000001e29e000 	/usr/lib/liblangid.dylib
0x000000001e29e000 	/System/Library/PrivateFrameworks/MultitouchSupport.framework/Versions/A/MultitouchSupport
0x0000000105b48000 	/System/Library/Frameworks/IOKit.framework/Versions/A/IOKit
0x000000001e29e000 	/usr/lib/libDiagnosticMessagesClient.dylib
0x000000001e29e000 	/System/Library/Frameworks/CoreServices.framework/Versions/A/CoreServices
0x000000001e29e000 	/System/Library/PrivateFrameworks/PerformanceAnalysis.framework/Versions/A/PerformanceAnalysis
0x000000001e29e000 	/System/Library/PrivateFrameworks/GenerationalStorage.framework/Versions/A/GenerationalStorage
0x000000001e29e000 	/System/Library/Frameworks/OpenGL.framework/Versions/A/OpenGL
0x000000001e29e000 	/System/Library/Frameworks/CoreImage.framework/Versions/A/CoreImage
0x000000001e29e000 	/System/Library/Frameworks/CoreText.framework/Versions/A/CoreText
0x000000001e29e000 	/System/Library/Frameworks/ImageIO.framework/Versions/A/ImageIO
0x000000001e29e000 	/System/Library/PrivateFrameworks/Backup.framework/Versions/A/Backup
0x000000001e29e000 	/usr/lib/libarchive.2.dylib
0x0000000105c22000 	/System/Library/Frameworks/CFNetwork.framework/Versions/A/CFNetwork
0x000000001e29e000 	/System/Library/Frameworks/SystemConfiguration.framework/Versions/A/SystemConfiguration
0x000000001e29e000 	/usr/lib/libCRFSuite.dylib
0x000000001e29e000 	/usr/lib/libc++.1.dylib
0x000000001e29e000 	/usr/lib/libc++abi.dylib
0x000000001e29e000 	/usr/lib/system/libcache.dylib
0x000000001e29e000 	/usr/lib/system/libcommonCrypto.dylib
0x000000001e29e000 	/usr/lib/system/libcompiler_rt.dylib
0x000000001e29e000 	/usr/lib/system/libcopyfile.dylib
0x000000001e29e000 	/usr/lib/system/libcorecrypto.dylib
0x000000001e29e000 	/usr/lib/system/libdispatch.dylib
0x0000000106310000 	/usr/lib/system/libdyld.dylib
0x000000001e29e000 	/usr/lib/system/libkeymgr.dylib
0x000000001e29e000 	/usr/lib/system/liblaunch.dylib
0x000000001e29e000 	/usr/lib/system/libmacho.dylib
0x000000001e29e000 	/usr/lib/system/libquarantine.dylib
0x000000001e29e000 	/usr/lib/system/libremovefile.dylib
0x000000001e29e000 	/usr/lib/system/libsystem_asl.dylib
0x000000001e29e000 	/usr/lib/system/libsystem_blocks.dylib
0x000000001e29e000 	/usr/lib/system/libsystem_c.dylib
0x000000001e29e000 	/usr/lib/system/libsystem_configuration.dylib
0x000000001e29e000 	/usr/lib/system/libsystem_coreservices.dylib
0x0000000106323000 	/usr/lib/system/libsystem_coretls.dylib
0x000000001e29e000 	/usr/lib/system/libsystem_dnssd.dylib
0x000000001e29e000 	/usr/lib/system/libsystem_info.dylib
0x000000010634b000 	/usr/lib/system/libsystem_kernel.dylib
0x000000001e29e000 	/usr/lib/system/libsystem_m.dylib
0x000000001e29e000 	/usr/lib/system/libsystem_malloc.dylib
0x000000001e29e000 	/usr/lib/system/libsystem_network.dylib
0x0000000106385000 	/usr/lib/system/libsystem_networkextension.dylib
0x000000001e29e000 	/usr/lib/system/libsystem_notify.dylib
0x000000001e29e000 	/usr/lib/system/libsystem_platform.dylib
0x000000001e29e000 	/usr/lib/system/libsystem_pthread.dylib
0x00000001063a1000 	/usr/lib/system/libsystem_sandbox.dylib
0x000000001e29e000 	/usr/lib/system/libsystem_secinit.dylib
0x00000001063b1000 	/usr/lib/system/libsystem_symptoms.dylib
0x00000001063c0000 	/usr/lib/system/libsystem_trace.dylib
0x000000001e29e000 	/usr/lib/system/libunwind.dylib
0x000000001e29e000 	/usr/lib/system/libxpc.dylib
0x000000001e29e000 	/usr/lib/libbsm.0.dylib
0x00000001063f6000 	/usr/lib/system/libkxld.dylib
0x000000001e29e000 	/usr/lib/libcoretls.dylib
0x000000001e29e000 	/usr/lib/libcoretls_cfhelpers.dylib
0x000000001e29e000 	/usr/lib/libxar.1.dylib
0x000000001e29e000 	/usr/lib/libsqlite3.dylib
0x000000001e29e000 	/usr/lib/libpam.2.dylib
0x000000001e29e000 	/usr/lib/libOpenScriptingUtil.dylib
0x000000001e29e000 	/usr/lib/libbz2.1.0.dylib
0x000000001e29e000 	/usr/lib/liblzma.5.dylib
0x000000001e29e000 	/usr/lib/libnetwork.dylib
0x000000001e29e000 	/usr/lib/libpcap.A.dylib
0x000000001e29e000 	/System/Library/Frameworks/CoreServices.framework/Versions/A/Frameworks/FSEvents.framework/Versions/A/FSEvents
0x000000001e29e000 	/System/Library/Frameworks/CoreServices.framework/Versions/A/Frameworks/CarbonCore.framework/Versions/A/CarbonCore
0x000000001e29e000 	/System/Library/Frameworks/CoreServices.framework/Versions/A/Frameworks/Metadata.framework/Versions/A/Metadata
0x000000001e29e000 	/System/Library/Frameworks/CoreServices.framework/Versions/A/Frameworks/OSServices.framework/Versions/A/OSServices
0x000000001e29e000 	/System/Library/Frameworks/CoreServices.framework/Versions/A/Frameworks/SearchKit.framework/Versions/A/SearchKit
0x000000001e29e000 	/System/Library/Frameworks/CoreServices.framework/Versions/A/Frameworks/AE.framework/Versions/A/AE
0x000000001e29e000 	/System/Library/Frameworks/CoreServices.framework/Versions/A/Frameworks/LaunchServices.framework/Versions/A/LaunchServices
0x000000001e29e000 	/System/Library/Frameworks/CoreServices.framework/Versions/A/Frameworks/DictionaryServices.framework/Versions/A/DictionaryServices
0x000000001e29e000 	/System/Library/Frameworks/CoreServices.framework/Versions/A/Frameworks/SharedFileList.framework/Versions/A/SharedFileList
0x000000001e29e000 	/System/Library/Frameworks/NetFS.framework/Versions/A/NetFS
0x000000001e29e000 	/System/Library/PrivateFrameworks/NetAuth.framework/Versions/A/NetAuth
0x000000001e29e000 	/System/Library/PrivateFrameworks/login.framework/Versions/A/Frameworks/loginsupport.framework/Versions/A/loginsupport
0x000000001e29e000 	/System/Library/PrivateFrameworks/TCC.framework/Versions/A/TCC
0x000000001e29e000 	/usr/lib/libmecabra.dylib
0x000000001e29e000 	/System/Library/Frameworks/ApplicationServices.framework/Versions/A/Frameworks/ATS.framework/Versions/A/ATS
0x000000001e29e000 	/System/Library/Frameworks/ApplicationServices.framework/Versions/A/Frameworks/ColorSync.framework/Versions/A/ColorSync
0x000000001e29e000 	/System/Library/Frameworks/ApplicationServices.framework/Versions/A/Frameworks/HIServices.framework/Versions/A/HIServices
0x000000001e29e000 	/System/Library/Frameworks/ApplicationServices.framework/Versions/A/Frameworks/LangAnalysis.framework/Versions/A/LangAnalysis
0x000000001e29e000 	/System/Library/Frameworks/ApplicationServices.framework/Versions/A/Frameworks/PrintCore.framework/Versions/A/PrintCore
0x000000001e29e000 	/System/Library/Frameworks/ApplicationServices.framework/Versions/A/Frameworks/QD.framework/Versions/A/QD
0x000000001e29e000 	/System/Library/Frameworks/ApplicationServices.framework/Versions/A/Frameworks/SpeechSynthesis.framework/Versions/A/SpeechSynthesis
0x000000001e29e000 	/System/Library/Frameworks/Accelerate.framework/Versions/A/Frameworks/vImage.framework/Versions/A/vImage
0x000000001e29e000 	/System/Library/Frameworks/Accelerate.framework/Versions/A/Frameworks/vecLib.framework/Versions/A/vecLib
0x000000001e29e000 	/System/Library/Frameworks/Accelerate.framework/Versions/A/Frameworks/vecLib.framework/Versions/A/libvDSP.dylib
0x000000001e29e000 	/System/Library/Frameworks/Accelerate.framework/Versions/A/Frameworks/vecLib.framework/Versions/A/libBNNS.dylib
0x000000001e29e000 	/System/Library/Frameworks/Accelerate.framework/Versions/A/Frameworks/vecLib.framework/Versions/A/libQuadrature.dylib
0x000000001e29e000 	/System/Library/Frameworks/Accelerate.framework/Versions/A/Frameworks/vecLib.framework/Versions/A/libvMisc.dylib
0x000000001e29e000 	/System/Library/Frameworks/Accelerate.framework/Versions/A/Frameworks/vecLib.framework/Versions/A/libLAPACK.dylib
0x000000001e29e000 	/System/Library/Frameworks/Accelerate.framework/Versions/A/Frameworks/vecLib.framework/Versions/A/libBLAS.dylib
0x000000001e29e000 	/System/Library/Frameworks/Accelerate.framework/Versions/A/Frameworks/vecLib.framework/Versions/A/libLinearAlgebra.dylib
0x000000001e29e000 	/System/Library/Frameworks/Accelerate.framework/Versions/A/Frameworks/vecLib.framework/Versions/A/libSparseBLAS.dylib
0x000000001e29e000 	/System/Library/Frameworks/ApplicationServices.framework/Versions/A/Frameworks/ATS.framework/Versions/A/Resources/libFontParser.dylib
0x000000001e29e000 	/System/Library/Frameworks/ApplicationServices.framework/Versions/A/Frameworks/ATS.framework/Versions/A/Resources/libFontRegistry.dylib
0x000000001e29e000 	/System/Library/Frameworks/ImageIO.framework/Versions/A/Resources/libJPEG.dylib
0x000000001e29e000 	/System/Library/Frameworks/ImageIO.framework/Versions/A/Resources/libTIFF.dylib
0x000000001e29e000 	/System/Library/Frameworks/ImageIO.framework/Versions/A/Resources/libPng.dylib
0x000000001e29e000 	/System/Library/Frameworks/ImageIO.framework/Versions/A/Resources/libGIF.dylib
0x000000001e29e000 	/System/Library/Frameworks/ImageIO.framework/Versions/A/Resources/libJP2.dylib
0x000000001e29e000 	/System/Library/Frameworks/ImageIO.framework/Versions/A/Resources/libRadiance.dylib
0x000000001e29e000 	/usr/lib/libcompression.dylib
0x000000001e29e000 	/System/Library/PrivateFrameworks/AppleJPEG.framework/Versions/A/AppleJPEG
0x000000001e29e000 	/usr/lib/libcups.2.dylib
0x000000001e29e000 	/System/Library/Frameworks/Kerberos.framework/Versions/A/Kerberos
0x000000001e29e000 	/System/Library/Frameworks/GSS.framework/Versions/A/GSS
0x000000001e29e000 	/usr/lib/libresolv.9.dylib
0x000000001e29e000 	/usr/lib/libiconv.2.dylib
0x000000001e29e000 	/System/Library/PrivateFrameworks/Heimdal.framework/Versions/A/Heimdal
0x000000001e29e000 	/usr/lib/libheimdal-asn1.dylib
0x000000001e29e000 	/System/Library/Frameworks/OpenDirectory.framework/Versions/A/OpenDirectory
0x000000001e29e000 	/System/Library/PrivateFrameworks/CommonAuth.framework/Versions/A/CommonAuth
0x000000001e29e000 	/System/Library/Frameworks/OpenDirectory.framework/Versions/A/Frameworks/CFOpenDirectory.framework/Versions/A/CFOpenDirectory
0x000000001e29e000 	/System/Library/Frameworks/SecurityFoundation.framework/Versions/A/SecurityFoundation
0x000000001e29e000 	/System/Library/PrivateFrameworks/LanguageModeling.framework/Versions/A/LanguageModeling
0x000000001e29e000 	/usr/lib/libmarisa.dylib
0x000000001e29e000 	/usr/lib/libChineseTokenizer.dylib
0x000000001e29e000 	/usr/lib/libcmph.dylib
0x000000001e29e000 	/System/Library/PrivateFrameworks/CoreEmoji.framework/Versions/A/CoreEmoji
0x000000001e29e000 	/System/Library/Frameworks/ServiceManagement.framework/Versions/A/ServiceManagement
0x000000001e29e000 	/usr/lib/libxslt.1.dylib
0x000000001e29e000 	/System/Library/Frameworks/Carbon.framework/Versions/A/Frameworks/Ink.framework/Versions/A/Ink
0x000000001e29e000 	/System/Library/PrivateFrameworks/TextureIO.framework/Versions/A/TextureIO
0x000000001e29e000 	/System/Library/Frameworks/Metal.framework/Versions/A/Metal
0x000000001e29e000 	/usr/lib/libate.dylib
0x000000001e29e000 	/System/Library/PrivateFrameworks/GPUCompiler.framework/libmetal_timestamp.dylib
0x000000001e29e000 	/System/Library/Frameworks/OpenGL.framework/Versions/A/Libraries/libCoreFSCache.dylib
0x000000001e29e000 	/System/Library/PrivateFrameworks/IOAccelerator.framework/Versions/A/IOAccelerator
0x000000001e29e000 	/System/Library/Frameworks/CoreVideo.framework/Versions/A/CoreVideo
0x000000001e29e000 	/usr/lib/libFosl_dynamic.dylib
0x000000001e29e000 	/System/Library/PrivateFrameworks/MetalPerformanceShaders.framework/Versions/A/MetalPerformanceShaders
0x000000001e29e000 	/System/Library/PrivateFrameworks/FaceCore.framework/Versions/A/FaceCore
0x000000001e29e000 	/System/Library/Frameworks/OpenCL.framework/Versions/A/OpenCL
0x000000001e29e000 	/System/Library/Frameworks/OpenGL.framework/Versions/A/Libraries/libGLU.dylib
0x000000001e29e000 	/System/Library/Frameworks/OpenGL.framework/Versions/A/Libraries/libGFXShared.dylib
0x000000001e29e000 	/System/Library/Frameworks/OpenGL.framework/Versions/A/Libraries/libGL.dylib
0x000000001e29e000 	/System/Library/Frameworks/OpenGL.framework/Versions/A/Libraries/libGLImage.dylib
0x000000001e29e000 	/System/Library/Frameworks/OpenGL.framework/Versions/A/Libraries/libCVMSPluginSupport.dylib
0x000000001e29e000 	/System/Library/Frameworks/OpenGL.framework/Versions/A/Libraries/libCoreVMClient.dylib
0x000000001e29e000 	/System/Library/PrivateFrameworks/CrashReporterSupport.framework/Versions/A/CrashReporterSupport
0x000000001e29e000 	/System/Library/PrivateFrameworks/Sharing.framework/Versions/A/Sharing
0x000000001e29e000 	/System/Library/PrivateFrameworks/IconServices.framework/Versions/A/IconServices
0x000000001e29e000 	/System/Library/PrivateFrameworks/ProtocolBuffer.framework/Versions/A/ProtocolBuffer
0x000000001e29e000 	/System/Library/PrivateFrameworks/Apple80211.framework/Versions/A/Apple80211
0x000000001e29e000 	/System/Library/Frameworks/CoreWLAN.framework/Versions/A/CoreWLAN
0x000000001e29e000 	/System/Library/PrivateFrameworks/CoreUtils.framework/Versions/A/CoreUtils
0x000000001e29e000 	/System/Library/Frameworks/IOBluetooth.framework/Versions/A/IOBluetooth
0x000000001e29e000 	/System/Library/PrivateFrameworks/CoreWiFi.framework/Versions/A/CoreWiFi
0x000000001e29e000 	/System/Library/Frameworks/CoreBluetooth.framework/Versions/A/CoreBluetooth
0x000000001e29e000 	/System/Library/Frameworks/CoreDisplay.framework/Versions/A/CoreDisplay
0x000000001e29e000 	/System/Library/PrivateFrameworks/IOPresentment.framework/Versions/A/IOPresentment
0x000000001e29e000 	/System/Library/PrivateFrameworks/DebugSymbols.framework/Versions/A/DebugSymbols
0x000000001e29e000 	/System/Library/PrivateFrameworks/CoreSymbolication.framework/Versions/A/CoreSymbolication
0x000000001e29e000 	/System/Library/PrivateFrameworks/Symbolication.framework/Versions/A/Symbolication
0x000000001e29e000 	/System/Library/PrivateFrameworks/AppleFSCompression.framework/Versions/A/AppleFSCompression
0x000000001e29e000 	/System/Library/PrivateFrameworks/SpeechRecognitionCore.framework/Versions/A/SpeechRecognitionCore
0x000000001e29e000 	/System/Library/PrivateFrameworks/ChunkingLibrary.framework/Versions/A/ChunkingLibrary
0x0000000106e00000 	/Library/Java/JavaVirtualMachines/jdk1.8.0_101.jdk/Contents/Home/jre/lib/server/libjvm.dylib
0x000000001e29e000 	/usr/lib/libstdc++.6.dylib
0x0000000106464000 	/Library/Java/JavaVirtualMachines/jdk1.8.0_101.jdk/Contents/Home/jre/lib/libverify.dylib
0x0000000106472000 	/Library/Java/JavaVirtualMachines/jdk1.8.0_101.jdk/Contents/Home/jre/lib/libjava.dylib
0x00000001064af000 	/Library/Java/JavaVirtualMachines/jdk1.8.0_101.jdk/Contents/Home/jre/lib/libzip.dylib
0x000000010a1bf000 	/System/Library/Frameworks/JavaVM.framework/Frameworks/JavaRuntimeSupport.framework/JavaRuntimeSupport
0x000000010a1d9000 	/System/Library/Frameworks/JavaVM.framework/Versions/A/Frameworks/JavaNativeFoundation.framework/Versions/A/JavaNativeFoundation
0x000000010a1ee000 	/System/Library/Frameworks/JavaVM.framework/Versions/A/JavaVM
0x000000001e29e000 	/System/Library/Frameworks/Carbon.framework/Versions/A/Carbon
0x000000010a1fb000 	/System/Library/PrivateFrameworks/JavaLaunching.framework/Versions/A/JavaLaunching
0x000000001e29e000 	/System/Library/Frameworks/Carbon.framework/Versions/A/Frameworks/CommonPanels.framework/Versions/A/CommonPanels
0x000000001e29e000 	/System/Library/Frameworks/Carbon.framework/Versions/A/Frameworks/Help.framework/Versions/A/Help
0x000000001e29e000 	/System/Library/Frameworks/Carbon.framework/Versions/A/Frameworks/ImageCapture.framework/Versions/A/ImageCapture
0x000000001e29e000 	/System/Library/Frameworks/Carbon.framework/Versions/A/Frameworks/OpenScripting.framework/Versions/A/OpenScripting
0x000000001e29e000 	/System/Library/Frameworks/Carbon.framework/Versions/A/Frameworks/Print.framework/Versions/A/Print
0x000000001e29e000 	/System/Library/Frameworks/Carbon.framework/Versions/A/Frameworks/SecurityHI.framework/Versions/A/SecurityHI
0x000000011efba000 	/Library/Java/JavaVirtualMachines/jdk1.8.0_101.jdk/Contents/Home/jre/lib/libnet.dylib
0x000000011f019000 	/Library/Java/JavaVirtualMachines/jdk1.8.0_101.jdk/Contents/Home/jre/lib/libnio.dylib
0x000000011f501000 	/Users/elchroy/.gradle/native/19/osx-amd64/libnative-platform.dylib
0x000000011f506000 	/Users/elchroy/.gradle/native/19/osx-amd64/libnative-platform-curses.dylib
0x000000001e29e000 	/usr/lib/libncurses.5.4.dylib
0x000000011f50a000 	/private/var/folders/3j/p0_wzk9d1ns47ybk3ng5x3w80000gn/T/jna4459459256822949937.tmp
0x000000011f51f000 	/Library/Java/JavaVirtualMachines/jdk1.8.0_101.jdk/Contents/Home/jre/lib/libmanagement.dylib

VM Arguments:
jvm_args: -Dorg.gradle.appname=gradlew 
java_command: org.gradle.wrapper.GradleWrapperMain installDebug
java_class_path (initial): /Users/elchroy/Roy/Code/rubyment/roymobile/android/gradle/wrapper/gradle-wrapper.jar
Launcher Type: SUN_STANDARD

Environment Variables:
PATH=/usr/local/opt/nvm/versions/node/v6.3.0/lib/node_modules/npm/bin/node-gyp-bin:/Users/elchroy/Roy/Code/rubyment/roymobile/node_modules/.bin:/usr/local/opt/nvm/versions/node/v6.3.0/bin:/Users/elchroy/.rvm/gems/ruby-2.3.0/bin:/Users/elchroy/.rvm/gems/ruby-2.3.0@global/bin:/Users/elchroy/.rvm/rubies/ruby-2.3.0/bin:/usr/local/opt/nvm/versions/node/v6.3.0/bin:/usr/local/mysql/bin:/usr/local/share/python:/usr/local/bin:/usr/bin:/bin:/usr/sbin:/sbin:/Users/elchroy/golang/src/github.com/andela/bin:/usr/local/opt/go/libexec/bin:/Users/elchroy/.rvm/bin:/Users/elchroy/Library/Android/sdk/tools:/Users/elchroy/Library/Android/sdk/platform-tools
SHELL=/bin/zsh

Signal Handlers:
SIGSEGV: [libjvm.dylib+0x5af145], sa_mask[0]=11111111011111110111111111111111, sa_flags=SA_ONSTACK|SA_RESTART|SA_SIGINFO
SIGBUS: [libjvm.dylib+0x5af145], sa_mask[0]=11111111011111110111111111111111, sa_flags=SA_RESTART|SA_SIGINFO
SIGFPE: [libjvm.dylib+0x48694c], sa_mask[0]=11111111011111110111111111111111, sa_flags=SA_RESTART|SA_SIGINFO
SIGPIPE: [libjvm.dylib+0x48694c], sa_mask[0]=11111111011111110111111111111111, sa_flags=SA_RESTART|SA_SIGINFO
SIGXFSZ: [libjvm.dylib+0x48694c], sa_mask[0]=11111111011111110111111111111111, sa_flags=SA_RESTART|SA_SIGINFO
SIGILL: [libjvm.dylib+0x48694c], sa_mask[0]=11111111011111110111111111111111, sa_flags=SA_RESTART|SA_SIGINFO
SIGUSR1: SIG_DFL, sa_mask[0]=11111111011111110111111111111111, sa_flags=none
SIGUSR2: [libjvm.dylib+0x48646a], sa_mask[0]=00000000000000000000000000000000, sa_flags=SA_RESTART|SA_SIGINFO
SIGHUP: [libjvm.dylib+0x484a41], sa_mask[0]=11111111011111110111111111111111, sa_flags=SA_RESTART|SA_SIGINFO
SIGINT: [libjvm.dylib+0x484a41], sa_mask[0]=11111111011111110111111111111111, sa_flags=SA_RESTART|SA_SIGINFO
SIGTERM: [libjvm.dylib+0x484a41], sa_mask[0]=11111111011111110111111111111111, sa_flags=SA_RESTART|SA_SIGINFO
SIGQUIT: [libjvm.dylib+0x484a41], sa_mask[0]=11111111011111110111111111111111, sa_flags=SA_RESTART|SA_SIGINFO


---------------  S Y S T E M  ---------------

OS:Bsduname:Darwin 16.4.0 Darwin Kernel Version 16.4.0: Thu Dec 22 22:53:21 PST 2016; root:xnu-3789.41.3~3/RELEASE_X86_64 x86_64
rlimit: STACK 8192k, CORE 0k, NPROC 709, NOFILE 10240, AS infinity
load average:11.27 9.76 7.76

CPU:total 4 (2 cores per cpu, 2 threads per core) family 6 model 61 stepping 4, cmov, cx8, fxsr, mmx, sse, sse2, sse3, ssse3, sse4.1, sse4.2, popcnt, avx, avx2, aes, clmul, erms, 3dnowpref, lzcnt, ht, tsc, tscinvbit, bmi1, bmi2, adx

Memory: 4k page, physical 8388608k(153568k free)

/proc/meminfo:


vm_info: Java HotSpot(TM) 64-Bit Server VM (25.101-b13) for bsd-amd64 JRE (1.8.0_101-b13), built on Jun 22 2016 02:42:15 by "java_re" with gcc 4.2.1 (Based on Apple Inc. build 5658) (LLVM build 2336.11.00)

time: Thu Feb  9 13:02:07 2017
elapsed time: 14 seconds (0d 0h 0m 14s)

