#
# A fatal error has been detected by the Java Runtime Environment:
#
#  SIGSEGV (0xb) at pc=0x0000000104886498, pid=90871, tid=0x0000000000000307
#
# JRE version: Java(TM) SE Runtime Environment (8.0_101-b13) (build 1.8.0_101-b13)
# Java VM: Java HotSpot(TM) 64-Bit Server VM (25.101-b13 mixed mode bsd-amd64 compressed oops)
# Problematic frame:
# V  [libjvm.dylib+0x486498]  SR_handler(int, __siginfo*, __darwin_ucontext*)+0x2e
#
# Failed to write core dump. Core dumps have been disabled. To enable core dumping, try "ulimit -c unlimited" before starting Java again
#
# If you would like to submit a bug report, please visit:
#   http://bugreport.java.com/bugreport/crash.jsp
#

---------------  T H R E A D  ---------------

Current thread is native thread

siginfo: si_signo: 11 (SIGSEGV), si_code: 1 (SEGV_MAPERR), si_addr: 0x0000000000000128

Registers:
RAX=0x0000000000000000, RBX=0x00007fff5ca707a0, RCX=0x00007fffa9547408, RDX=0x00007fff5ca707a0
RSP=0x00007fff5ca702d0, RBP=0x00007fff5ca70300, RSI=0x00007fff5ca70738, RDI=0x0000000000000103
R8 =0x00007fff5ca707a0, R9 =0x00000000ffffffff, R10=0x0000000000000c00, R11=0x0000000000000206
R12=0x0000000000000c00, R13=0x0000000000000000, R14=0x00007fff5ca70738, R15=0x0000000000000002
RIP=0x0000000104886498, EFLAGS=0x0000000000010202, ERR=0x0000000000000004
  TRAPNO=0x000000000000000e

Top of Stack: (sp=0x00007fff5ca702d0)
0x00007fff5ca702d0:   0000000000000000 00007fff5ca707a0
0x00007fff5ca702e0:   0000000000000c00 0000000000000000
0x00007fff5ca702f0:   00007fff5ca709d0 0000000000000d03
0x00007fff5ca70300:   00007fff5ca70310 00007fffa0907bba
0x00007fff5ca70310:   00007fff5ca708a0 0000000000015c00
0x00007fff5ca70320:   00015d00a5f9b958 00007fffa93dd2d0
0x00007fff5ca70330:   0100001f00000085 00007fff8b1a3680
0x00007fff5ca70340:   0000000010004005 00000000ffffffff
0x00007fff5ca70350:   00007fff5ca70858 0000000000000000
0x00007fff5ca70360:   00007fff5ca709d0 0000000007000806
0x00007fff5ca70370:   00007fff5ca708a0 00007fff5ca70858
0x00007fff5ca70380:   0000000000000d03 00000000ffffffff
0x00007fff5ca70390:   0000000000000c00 0000000000000206
0x00007fff5ca703a0:   0000000000000c00 0000000000000000
0x00007fff5ca703b0:   00007fff5ca709d0 0000000000000d03
0x00007fff5ca703c0:   00000001039ce38a 0000000000000206
0x00007fff5ca703d0:   0000000000000007 0000000000000000
0x00007fff5ca703e0:   0000000000000000 0000000000000000
0x00007fff5ca703f0:   000000000000037f 0000000000000000
0x00007fff5ca70400:   0000000000000000 0000ffff00001fa0
0x00007fff5ca70410:   0000000000000000 000000000000ffff
0x00007fff5ca70420:   0000000000000100 000000000000ffff
0x00007fff5ca70430:   0000000000000000 0000000000000000
0x00007fff5ca70440:   0000000000000000 0000000000000000
0x00007fff5ca70450:   87bc000000000000 000000000000c00b
0x00007fff5ca70460:   0000000000000000 0000000000000000
0x00007fff5ca70470:   8000000000000000 0000000000004007
0x00007fff5ca70480:   c060000000000000 000000000000400a
0x00007fff5ca70490:   41be49ea7c939bed 0000000000000000
0x00007fff5ca704a0:   3fe2737da61e0c5a 0000000000000000
0x00007fff5ca704b0:   c3de3f729a5331a4 439c08d65acce5b7
0x00007fff5ca704c0:   0000000000000000 0000000000000000 

Instructions: (pc=0x0000000104886498)
0x0000000104886478:   83 ec 08 48 89 d3 49 89 f6 e8 00 26 14 00 44 8b
0x0000000104886488:   38 48 8d 05 20 cd 3a 00 48 63 38 e8 ca 28 14 00
0x0000000104886498:   4c 8b a0 28 01 00 00 41 83 7c 24 34 01 0f 85 e2
0x00000001048864a8:   00 00 00 49 89 5c 24 40 4d 89 74 24 38 49 8d 5c 

Register to memory mapping:

RAX=0x0000000000000000 is an unknown value
RBX=0x00007fff5ca707a0 is an unknown value
RCX=0x00007fffa9547408: _thread+0x48 in /usr/lib/system/libsystem_pthread.dylib at 0x00007fffa090e000
RDX=0x00007fff5ca707a0 is an unknown value
RSP=0x00007fff5ca702d0 is an unknown value
RBP=0x00007fff5ca70300 is an unknown value
RSI=0x00007fff5ca70738 is an unknown value
RDI=0x0000000000000103 is an unknown value
R8 =0x00007fff5ca707a0 is an unknown value
R9 =0x00000000ffffffff is an unknown value
R10=0x0000000000000c00 is an unknown value
R11=0x0000000000000206 is an unknown value
R12=0x0000000000000c00 is an unknown value
R13=0x0000000000000000 is an unknown value
R14=0x00007fff5ca70738 is an unknown value
R15=0x0000000000000002 is an unknown value


Stack: [0x00007fff5c275000,0x00007fff5ca75000],  sp=0x00007fff5ca702d0,  free space=8172k
Native frames: (J=compiled Java code, j=interpreted, Vv=VM code, C=native code)
V  [libjvm.dylib+0x486498]  SR_handler(int, __siginfo*, __darwin_ucontext*)+0x2e
C  [libsystem_platform.dylib+0x2bba]  _sigtramp+0x1a
C  0x0000000000015c00
C  [CoreFoundation+0x88c94]  __CFRunLoopServiceMachPort+0xd4
C  [CoreFoundation+0x88121]  __CFRunLoopRun+0x551
C  [CoreFoundation+0x87974]  CFRunLoopRunSpecific+0x1a4
C  [java+0x6465]  CreateExecutionEnvironment+0x367
C  [java+0x218c]  JLI_Launch+0x7a0
C  [java+0x84c2]  main+0x65
C  [java+0x19e4]  start+0x34


---------------  P R O C E S S  ---------------

VM state:not at safepoint (normal execution)

VM Mutex/Monitor currently owned by a thread: None

Heap:
 PSYoungGen      total 69632K, used 52273K [0x0000000795580000, 0x000000079b680000, 0x00000007c0000000)
  eden space 59904K, 75% used [0x0000000795580000,0x0000000798199ad8,0x0000000799000000)
  from space 9728K, 73% used [0x0000000799000000,0x00000007996f2ae0,0x0000000799980000)
  to   space 9728K, 0% used [0x000000079ad00000,0x000000079ad00000,0x000000079b680000)
 ParOldGen       total 59904K, used 8572K [0x0000000740000000, 0x0000000743a80000, 0x0000000795580000)
  object space 59904K, 14% used [0x0000000740000000,0x000000074085f188,0x0000000743a80000)
 Metaspace       used 29261K, capacity 30054K, committed 30208K, reserved 1075200K
  class space    used 3999K, capacity 4281K, committed 4352K, reserved 1048576K

Card table byte_map: [0x000000010575d000,0x0000000105b5e000] byte_map_base: 0x0000000101d5d000

Marking Bits: (ParMarkBitMap*) 0x0000000104cedd20
 Begin Bits: [0x0000000105e09000, 0x0000000107e09000)
 End Bits:   [0x0000000107e09000, 0x0000000109e09000)

Polling page: 0x000000010328c000

CodeCache: size=245760Kb used=8728Kb max_used=8774Kb free=237031Kb
 bounds [0x000000010d042000, 0x000000010d8e2000, 0x000000011c042000]
 total_blobs=3007 nmethods=2371 adapters=549
 compilation: enabled

Compilation events (10 events):
Event: 5.931 Thread 0x00007fd66b001000 2390       1       java.beans.Introspector::getTargetDefaultPropertyIndex (5 bytes)
Event: 5.931 Thread 0x00007fd66b001000 nmethod 2390 0x000000010d8aea90 code [0x000000010d8aebe0, 0x000000010d8aecf0]
Event: 5.934 Thread 0x00007fd66b001000 2393       2       org.gradle.api.internal.AsmBackedClassGenerator$ClassBuilderImpl::applyConventionMappingToGetter (425 bytes)
Event: 5.937 Thread 0x00007fd66b001000 nmethod 2393 0x000000010d8aed50 code [0x000000010d8af220, 0x000000010d8b0ee8]
Event: 5.937 Thread 0x00007fd66b001000 2394       2       org.gradle.api.internal.AsmBackedClassGenerator$ClassBuilderImpl::addConventionProperty (25 bytes)
Event: 5.938 Thread 0x00007fd66b001000 nmethod 2394 0x000000010d8b2f50 code [0x000000010d8b3140, 0x000000010d8b3898]
Event: 5.938 Thread 0x00007fd66b001000 2395       2       sun.reflect.generics.reflectiveObjects.WildcardTypeImpl::toString (155 bytes)
Event: 5.939 Thread 0x00007fd66b001000 nmethod 2395 0x000000010d8b3f50 code [0x000000010d8b4140, 0x000000010d8b4688]
Event: 5.940 Thread 0x00007fd66a863800 nmethod 1666 0x000000010d8b4ad0 code [0x000000010d8b58e0, 0x000000010d8c04a8]
Event: 5.941 Thread 0x00007fd66a863800 2337       4       org.codehaus.groovy.runtime.metaclass.MetaMethodIndex::addMethodToList (290 bytes)

GC Heap History (10 events):
Event: 2.948 GC heap before
{Heap before GC invocations=4 (full 0):
 PSYoungGen      total 38400K, used 38368K [0x0000000795580000, 0x0000000798000000, 0x00000007c0000000)
  eden space 33280K, 100% used [0x0000000795580000,0x0000000797600000,0x0000000797600000)
  from space 5120K, 99% used [0x0000000797600000,0x0000000797af8040,0x0000000797b00000)
  to   space 5120K, 0% used [0x0000000797b00000,0x0000000797b00000,0x0000000798000000)
 ParOldGen       total 87552K, used 3783K [0x0000000740000000, 0x0000000745580000, 0x0000000795580000)
  object space 87552K, 4% used [0x0000000740000000,0x00000007403b1eb0,0x0000000745580000)
 Metaspace       used 19791K, capacity 20180K, committed 20224K, reserved 1067008K
  class space    used 2648K, capacity 2816K, committed 2816K, reserved 1048576K
Event: 2.958 GC heap after
Heap after GC invocations=4 (full 0):
 PSYoungGen      total 38400K, used 5104K [0x0000000795580000, 0x000000079a080000, 0x00000007c0000000)
  eden space 33280K, 0% used [0x0000000795580000,0x0000000795580000,0x0000000797600000)
  from space 5120K, 99% used [0x0000000797b00000,0x0000000797ffc010,0x0000000798000000)
  to   space 5120K, 0% used [0x0000000797600000,0x0000000797600000,0x0000000797b00000)
 ParOldGen       total 87552K, used 7310K [0x0000000740000000, 0x0000000745580000, 0x0000000795580000)
  object space 87552K, 8% used [0x0000000740000000,0x0000000740723830,0x0000000745580000)
 Metaspace       used 19791K, capacity 20180K, committed 20224K, reserved 1067008K
  class space    used 2648K, capacity 2816K, committed 2816K, reserved 1048576K
}
Event: 3.203 GC heap before
{Heap before GC invocations=5 (full 0):
 PSYoungGen      total 38400K, used 20378K [0x0000000795580000, 0x000000079a080000, 0x00000007c0000000)
  eden space 33280K, 45% used [0x0000000795580000,0x000000079646a828,0x0000000797600000)
  from space 5120K, 99% used [0x0000000797b00000,0x0000000797ffc010,0x0000000798000000)
  to   space 5120K, 0% used [0x0000000797600000,0x0000000797600000,0x0000000797b00000)
 ParOldGen       total 87552K, used 7310K [0x0000000740000000, 0x0000000745580000, 0x0000000795580000)
  object space 87552K, 8% used [0x0000000740000000,0x0000000740723830,0x0000000745580000)
 Metaspace       used 20787K, capacity 21118K, committed 21248K, reserved 1067008K
  class space    used 2823K, capacity 2978K, committed 3072K, reserved 1048576K
Event: 3.224 GC heap after
Heap after GC invocations=5 (full 0):
 PSYoungGen      total 38400K, used 5104K [0x0000000795580000, 0x000000079a880000, 0x00000007c0000000)
  eden space 33280K, 0% used [0x0000000795580000,0x0000000795580000,0x0000000797600000)
  from space 5120K, 99% used [0x0000000797600000,0x0000000797afc040,0x0000000797b00000)
  to   space 9216K, 0% used [0x0000000799f80000,0x0000000799f80000,0x000000079a880000)
 ParOldGen       total 87552K, used 9075K [0x0000000740000000, 0x0000000745580000, 0x0000000795580000)
  object space 87552K, 10% used [0x0000000740000000,0x00000007408dcf00,0x0000000745580000)
 Metaspace       used 20787K, capacity 21118K, committed 21248K, reserved 1067008K
  class space    used 2823K, capacity 2978K, committed 3072K, reserved 1048576K
}
Event: 3.224 GC heap before
{Heap before GC invocations=6 (full 1):
 PSYoungGen      total 38400K, used 5104K [0x0000000795580000, 0x000000079a880000, 0x00000007c0000000)
  eden space 33280K, 0% used [0x0000000795580000,0x0000000795580000,0x0000000797600000)
  from space 5120K, 99% used [0x0000000797600000,0x0000000797afc040,0x0000000797b00000)
  to   space 9216K, 0% used [0x0000000799f80000,0x0000000799f80000,0x000000079a880000)
 ParOldGen       total 87552K, used 9075K [0x0000000740000000, 0x0000000745580000, 0x0000000795580000)
  object space 87552K, 10% used [0x0000000740000000,0x00000007408dcf00,0x0000000745580000)
 Metaspace       used 20787K, capacity 21118K, committed 21248K, reserved 1067008K
  class space    used 2823K, capacity 2978K, committed 3072K, reserved 1048576K
Event: 3.286 GC heap after
Heap after GC invocations=6 (full 1):
 PSYoungGen      total 38400K, used 0K [0x0000000795580000, 0x000000079a880000, 0x00000007c0000000)
  eden space 33280K, 0% used [0x0000000795580000,0x0000000795580000,0x0000000797600000)
  from space 5120K, 0% used [0x0000000797600000,0x0000000797600000,0x0000000797b00000)
  to   space 9216K, 0% used [0x0000000799f80000,0x0000000799f80000,0x000000079a880000)
 ParOldGen       total 59904K, used 8492K [0x0000000740000000, 0x0000000743a80000, 0x0000000795580000)
  object space 59904K, 14% used [0x0000000740000000,0x000000074084b178,0x0000000743a80000)
 Metaspace       used 20787K, capacity 21118K, committed 21248K, reserved 1067008K
  class space    used 2823K, capacity 2978K, committed 3072K, reserved 1048576K
}
Event: 3.830 GC heap before
{Heap before GC invocations=7 (full 1):
 PSYoungGen      total 38400K, used 33280K [0x0000000795580000, 0x000000079a880000, 0x00000007c0000000)
  eden space 33280K, 100% used [0x0000000795580000,0x0000000797600000,0x0000000797600000)
  from space 5120K, 0% used [0x0000000797600000,0x0000000797600000,0x0000000797b00000)
  to   space 9216K, 0% used [0x0000000799f80000,0x0000000799f80000,0x000000079a880000)
 ParOldGen       total 59904K, used 8492K [0x0000000740000000, 0x0000000743a80000, 0x0000000795580000)
  object space 59904K, 14% used [0x0000000740000000,0x000000074084b178,0x0000000743a80000)
 Metaspace       used 22742K, capacity 23214K, committed 23296K, reserved 1069056K
  class space    used 3122K, capacity 3309K, committed 3328K, reserved 1048576K
Event: 3.840 GC heap after
Heap after GC invocations=7 (full 1):
 PSYoungGen      total 55808K, used 3581K [0x0000000795580000, 0x000000079a300000, 0x00000007c0000000)
  eden space 52224K, 0% used [0x0000000795580000,0x0000000795580000,0x0000000798880000)
  from space 3584K, 99% used [0x0000000799f80000,0x000000079a2ff520,0x000000079a300000)
  to   space 9728K, 0% used [0x0000000799000000,0x0000000799000000,0x0000000799980000)
 ParOldGen       total 59904K, used 8500K [0x0000000740000000, 0x0000000743a80000, 0x0000000795580000)
  object space 59904K, 14% used [0x0000000740000000,0x000000074084d178,0x0000000743a80000)
 Metaspace       used 22742K, capacity 23214K, committed 23296K, reserved 1069056K
  class space    used 3122K, capacity 3309K, committed 3328K, reserved 1048576K
}
Event: 4.803 GC heap before
{Heap before GC invocations=8 (full 1):
 PSYoungGen      total 55808K, used 55805K [0x0000000795580000, 0x000000079a300000, 0x00000007c0000000)
  eden space 52224K, 100% used [0x0000000795580000,0x0000000798880000,0x0000000798880000)
  from space 3584K, 99% used [0x0000000799f80000,0x000000079a2ff520,0x000000079a300000)
  to   space 9728K, 0% used [0x0000000799000000,0x0000000799000000,0x0000000799980000)
 ParOldGen       total 59904K, used 8500K [0x0000000740000000, 0x0000000743a80000, 0x0000000795580000)
  object space 59904K, 14% used [0x0000000740000000,0x000000074084d178,0x0000000743a80000)
 Metaspace       used 26643K, capacity 27508K, committed 27776K, reserved 1073152K
  class space    used 3575K, capacity 3881K, committed 3968K, reserved 1048576K
Event: 4.814 GC heap after
Heap after GC invocations=8 (full 1):
 PSYoungGen      total 69632K, used 7114K [0x0000000795580000, 0x000000079b680000, 0x00000007c0000000)
  eden space 59904K, 0% used [0x0000000795580000,0x0000000795580000,0x0000000799000000)
  from space 9728K, 73% used [0x0000000799000000,0x00000007996f2ae0,0x0000000799980000)
  to   space 9728K, 0% used [0x000000079ad00000,0x000000079ad00000,0x000000079b680000)
 ParOldGen       total 59904K, used 8572K [0x0000000740000000, 0x0000000743a80000, 0x0000000795580000)
  object space 59904K, 14% used [0x0000000740000000,0x000000074085f188,0x0000000743a80000)
 Metaspace       used 26643K, capacity 27508K, committed 27776K, reserved 1073152K
  class space    used 3575K, capacity 3881K, committed 3968K, reserved 1048576K
}

Deoptimization events (10 events):
Event: 3.502 Thread 0x00007fd669802800 Uncommon trap: reason=unstable_if action=reinterpret pc=0x000000010d408e74 method=java.util.concurrent.ConcurrentHashMap.putVal(Ljava/lang/Object;Ljava/lang/Object;Z)Ljava/lang/Object; @ 181
Event: 3.700 Thread 0x00007fd669802800 Uncommon trap: reason=bimorphic action=maybe_recompile pc=0x000000010d3e565c method=java.io.DataOutputStream.write([BII)V @ 7
Event: 3.700 Thread 0x00007fd669802800 Uncommon trap: reason=bimorphic action=maybe_recompile pc=0x000000010d3e565c method=java.io.DataOutputStream.write([BII)V @ 7
Event: 3.827 Thread 0x00007fd669802800 Uncommon trap: reason=unstable_if action=reinterpret pc=0x000000010d2b9c60 method=java.net.URI.match(CJJ)Z @ 45
Event: 3.827 Thread 0x00007fd669802800 Uncommon trap: reason=unstable_if action=reinterpret pc=0x000000010d1ce46c method=java.net.URI.match(CJJ)Z @ 19
Event: 3.827 Thread 0x00007fd669802800 Uncommon trap: reason=unstable_if action=reinterpret pc=0x000000010d1cc12c method=java.net.URI.match(CJJ)Z @ 19
Event: 5.312 Thread 0x00007fd669802800 Uncommon trap: reason=unstable_if action=reinterpret pc=0x000000010d3003b4 method=java.util.LinkedHashMap.afterNodeInsertion(Z)V @ 1
Event: 5.392 Thread 0x00007fd669802800 Uncommon trap: reason=unstable_if action=reinterpret pc=0x000000010d80cbb4 method=groovy.lang.MetaClassImpl$1MOPIter.methodNameAction(Ljava/lang/Class;Lorg/codehaus/groovy/runtime/metaclass/MetaMethodIndex$Entry;)V @ 95
Event: 5.514 Thread 0x00007fd669802800 Uncommon trap: reason=unstable_if action=reinterpret pc=0x000000010d2ef7f0 method=java.util.HashMap.hash(Ljava/lang/Object;)I @ 1
Event: 5.533 Thread 0x00007fd669802800 Uncommon trap: reason=unstable_if action=reinterpret pc=0x000000010d24a868 method=java.util.HashMap.hash(Ljava/lang/Object;)I @ 1

Internal exceptions (10 events):
Event: 5.917 Thread 0x00007fd669802800 Exception <a 'java/lang/ClassNotFoundException': com/android/builder/core/DefaultProductFlavorCustomizer> (0x0000000797e8e978) thrown at [/HUDSON3/workspace/8-2-build-macosx-x86_64/jdk8u101/7261/hotspot/src/share/vm/classfile/systemDictionary.cpp, line 21
Event: 5.918 Thread 0x00007fd669802800 Exception <a 'java/lang/ClassNotFoundException': com/android/build/gradle/internal/dsl/ProductFlavorCustomizer> (0x0000000797ec4020) thrown at [/HUDSON3/workspace/8-2-build-macosx-x86_64/jdk8u101/7261/hotspot/src/share/vm/classfile/systemDictionary.cpp, l
Event: 5.924 Thread 0x00007fd669802800 Exception <a 'java/lang/ClassNotFoundException': com/android/build/gradle/internal/dsl/ProductFlavor_DecoratedCustomizer> (0x0000000797f28668) thrown at [/HUDSON3/workspace/8-2-build-macosx-x86_64/jdk8u101/7261/hotspot/src/share/vm/classfile/systemDiction
Event: 5.937 Thread 0x00007fd669802800 Exception <a 'java/lang/ClassNotFoundException': com/android/build/gradle/internal/dsl/AaptOptions_DecoratedBeanInfo> (0x000000079804ef00) thrown at [/HUDSON3/workspace/8-2-build-macosx-x86_64/jdk8u101/7261/hotspot/src/share/vm/classfile/systemDictionary.
Event: 5.937 Thread 0x00007fd669802800 Exception <a 'java/lang/ClassNotFoundException': com/android/build/gradle/internal/dsl/AaptOptionsBeanInfo> (0x000000079805d3e8) thrown at [/HUDSON3/workspace/8-2-build-macosx-x86_64/jdk8u101/7261/hotspot/src/share/vm/classfile/systemDictionary.cpp, line 
Event: 5.937 Thread 0x00007fd669802800 Exception <a 'java/lang/ClassNotFoundException': com/android/build/gradle/internal/dsl/AaptOptionsCustomizer> (0x000000079806be28) thrown at [/HUDSON3/workspace/8-2-build-macosx-x86_64/jdk8u101/7261/hotspot/src/share/vm/classfile/systemDictionary.cpp, lin
Event: 5.939 Thread 0x00007fd669802800 Exception <a 'java/lang/ClassNotFoundException': com/android/build/gradle/internal/dsl/AaptOptions_DecoratedCustomizer> (0x0000000798096da8) thrown at [/HUDSON3/workspace/8-2-build-macosx-x86_64/jdk8u101/7261/hotspot/src/share/vm/classfile/systemDictionar
Event: 5.946 Thread 0x00007fd669802800 Exception <a 'java/lang/ClassNotFoundException': com/android/build/gradle/internal/dsl/DexOptions_DecoratedBeanInfo> (0x000000079811c318) thrown at [/HUDSON3/workspace/8-2-build-macosx-x86_64/jdk8u101/7261/hotspot/src/share/vm/classfile/systemDictionary.c
Event: 5.946 Thread 0x00007fd669802800 Exception <a 'java/lang/ClassNotFoundException': com/android/build/gradle/internal/dsl/DexOptionsBeanInfo> (0x000000079812a780) thrown at [/HUDSON3/workspace/8-2-build-macosx-x86_64/jdk8u101/7261/hotspot/src/share/vm/classfile/systemDictionary.cpp, line 2
Event: 5.946 Thread 0x00007fd669802800 Exception <a 'java/lang/ClassNotFoundException': com/android/build/gradle/internal/dsl/DexOptionsCustomizer> (0x0000000798138a08) thrown at [/HUDSON3/workspace/8-2-build-macosx-x86_64/jdk8u101/7261/hotspot/src/share/vm/classfile/systemDictionary.cpp, line

Events (10 events):
Event: 5.946 loading class com/android/build/gradle/internal/dsl/DexOptions_DecoratedBeanInfo
Event: 5.946 loading class com/android/build/gradle/internal/dsl/DexOptions_DecoratedBeanInfo done
Event: 5.946 loading class com/android/build/gradle/internal/dsl/DexOptionsBeanInfo
Event: 5.946 loading class com/android/build/gradle/internal/dsl/DexOptionsBeanInfo done
Event: 5.946 loading class com/android/build/gradle/internal/dsl/DexOptionsBeanInfo
Event: 5.946 loading class com/android/build/gradle/internal/dsl/DexOptionsBeanInfo done
Event: 5.946 loading class com/android/build/gradle/internal/dsl/DexOptionsCustomizer
Event: 5.946 loading class com/android/build/gradle/internal/dsl/DexOptionsCustomizer done
Event: 5.946 loading class com/android/build/gradle/internal/dsl/DexOptionsCustomizer
Event: 5.946 loading class com/android/build/gradle/internal/dsl/DexOptionsCustomizer done


Dynamic libraries:
0x0000000015df1000 	/System/Library/Frameworks/Cocoa.framework/Versions/A/Cocoa
0x0000000015df1000 	/System/Library/Frameworks/Security.framework/Versions/A/Security
0x0000000015df1000 	/System/Library/Frameworks/ApplicationServices.framework/Versions/A/ApplicationServices
0x0000000015df1000 	/usr/lib/libz.1.dylib
0x00000001031a8000 	/usr/lib/libSystem.B.dylib
0x0000000015df1000 	/usr/lib/libobjc.A.dylib
0x0000000015df1000 	/System/Library/Frameworks/CoreFoundation.framework/Versions/A/CoreFoundation
0x0000000015df1000 	/System/Library/Frameworks/Foundation.framework/Versions/C/Foundation
0x0000000015df1000 	/System/Library/Frameworks/AppKit.framework/Versions/C/AppKit
0x0000000015df1000 	/System/Library/Frameworks/CoreData.framework/Versions/A/CoreData
0x0000000015df1000 	/System/Library/PrivateFrameworks/RemoteViewServices.framework/Versions/A/RemoteViewServices
0x0000000015df1000 	/System/Library/PrivateFrameworks/UIFoundation.framework/Versions/A/UIFoundation
0x0000000015df1000 	/System/Library/PrivateFrameworks/DFRFoundation.framework/Versions/A/DFRFoundation
0x0000000015df1000 	/usr/lib/libenergytrace.dylib
0x0000000015df1000 	/System/Library/PrivateFrameworks/SkyLight.framework/Versions/A/SkyLight
0x0000000015df1000 	/System/Library/Frameworks/CoreGraphics.framework/Versions/A/CoreGraphics
0x0000000015df1000 	/usr/lib/libScreenReader.dylib
0x0000000015df1000 	/System/Library/Frameworks/Accelerate.framework/Versions/A/Accelerate
0x0000000015df1000 	/System/Library/Frameworks/IOSurface.framework/Versions/A/IOSurface
0x0000000015df1000 	/System/Library/Frameworks/AudioToolbox.framework/Versions/A/AudioToolbox
0x0000000015df1000 	/System/Library/Frameworks/AudioUnit.framework/Versions/A/AudioUnit
0x0000000015df1000 	/System/Library/PrivateFrameworks/DataDetectorsCore.framework/Versions/A/DataDetectorsCore
0x0000000015df1000 	/System/Library/PrivateFrameworks/DesktopServicesPriv.framework/Versions/A/DesktopServicesPriv
0x0000000015df1000 	/System/Library/Frameworks/Carbon.framework/Versions/A/Frameworks/HIToolbox.framework/Versions/A/HIToolbox
0x0000000015df1000 	/usr/lib/libicucore.A.dylib
0x0000000015df1000 	/System/Library/Frameworks/QuartzCore.framework/Versions/A/QuartzCore
0x0000000015df1000 	/System/Library/Frameworks/Carbon.framework/Versions/A/Frameworks/SpeechRecognition.framework/Versions/A/SpeechRecognition
0x0000000015df1000 	/usr/lib/libauto.dylib
0x0000000015df1000 	/usr/lib/libxml2.2.dylib
0x0000000015df1000 	/System/Library/PrivateFrameworks/CoreUI.framework/Versions/A/CoreUI
0x0000000015df1000 	/System/Library/Frameworks/CoreAudio.framework/Versions/A/CoreAudio
0x0000000015df1000 	/System/Library/Frameworks/DiskArbitration.framework/Versions/A/DiskArbitration
0x0000000015df1000 	/usr/lib/liblangid.dylib
0x0000000015df1000 	/System/Library/PrivateFrameworks/MultitouchSupport.framework/Versions/A/MultitouchSupport
0x00000001031b3000 	/System/Library/Frameworks/IOKit.framework/Versions/A/IOKit
0x0000000015df1000 	/usr/lib/libDiagnosticMessagesClient.dylib
0x0000000015df1000 	/System/Library/Frameworks/CoreServices.framework/Versions/A/CoreServices
0x0000000015df1000 	/System/Library/PrivateFrameworks/PerformanceAnalysis.framework/Versions/A/PerformanceAnalysis
0x0000000015df1000 	/System/Library/PrivateFrameworks/GenerationalStorage.framework/Versions/A/GenerationalStorage
0x0000000015df1000 	/System/Library/Frameworks/OpenGL.framework/Versions/A/OpenGL
0x0000000015df1000 	/System/Library/Frameworks/CoreImage.framework/Versions/A/CoreImage
0x0000000015df1000 	/System/Library/Frameworks/CoreText.framework/Versions/A/CoreText
0x0000000015df1000 	/System/Library/Frameworks/ImageIO.framework/Versions/A/ImageIO
0x0000000015df1000 	/System/Library/PrivateFrameworks/Backup.framework/Versions/A/Backup
0x0000000015df1000 	/usr/lib/libarchive.2.dylib
0x0000000103292000 	/System/Library/Frameworks/CFNetwork.framework/Versions/A/CFNetwork
0x0000000015df1000 	/System/Library/Frameworks/SystemConfiguration.framework/Versions/A/SystemConfiguration
0x0000000015df1000 	/usr/lib/libCRFSuite.dylib
0x0000000015df1000 	/usr/lib/libc++.1.dylib
0x0000000015df1000 	/usr/lib/libc++abi.dylib
0x0000000015df1000 	/usr/lib/system/libcache.dylib
0x0000000015df1000 	/usr/lib/system/libcommonCrypto.dylib
0x0000000015df1000 	/usr/lib/system/libcompiler_rt.dylib
0x0000000015df1000 	/usr/lib/system/libcopyfile.dylib
0x0000000015df1000 	/usr/lib/system/libcorecrypto.dylib
0x0000000015df1000 	/usr/lib/system/libdispatch.dylib
0x0000000103980000 	/usr/lib/system/libdyld.dylib
0x0000000015df1000 	/usr/lib/system/libkeymgr.dylib
0x0000000015df1000 	/usr/lib/system/liblaunch.dylib
0x0000000015df1000 	/usr/lib/system/libmacho.dylib
0x0000000015df1000 	/usr/lib/system/libquarantine.dylib
0x0000000015df1000 	/usr/lib/system/libremovefile.dylib
0x0000000015df1000 	/usr/lib/system/libsystem_asl.dylib
0x0000000015df1000 	/usr/lib/system/libsystem_blocks.dylib
0x0000000015df1000 	/usr/lib/system/libsystem_c.dylib
0x0000000015df1000 	/usr/lib/system/libsystem_configuration.dylib
0x0000000015df1000 	/usr/lib/system/libsystem_coreservices.dylib
0x0000000103994000 	/usr/lib/system/libsystem_coretls.dylib
0x0000000015df1000 	/usr/lib/system/libsystem_dnssd.dylib
0x0000000015df1000 	/usr/lib/system/libsystem_info.dylib
0x00000001039bc000 	/usr/lib/system/libsystem_kernel.dylib
0x0000000015df1000 	/usr/lib/system/libsystem_m.dylib
0x0000000015df1000 	/usr/lib/system/libsystem_malloc.dylib
0x0000000015df1000 	/usr/lib/system/libsystem_network.dylib
0x00000001039fa000 	/usr/lib/system/libsystem_networkextension.dylib
0x0000000015df1000 	/usr/lib/system/libsystem_notify.dylib
0x0000000015df1000 	/usr/lib/system/libsystem_platform.dylib
0x0000000015df1000 	/usr/lib/system/libsystem_pthread.dylib
0x0000000103a14000 	/usr/lib/system/libsystem_sandbox.dylib
0x0000000015df1000 	/usr/lib/system/libsystem_secinit.dylib
0x0000000103a24000 	/usr/lib/system/libsystem_symptoms.dylib
0x0000000103a39000 	/usr/lib/system/libsystem_trace.dylib
0x0000000015df1000 	/usr/lib/system/libunwind.dylib
0x0000000015df1000 	/usr/lib/system/libxpc.dylib
0x0000000015df1000 	/usr/lib/libbsm.0.dylib
0x0000000103a75000 	/usr/lib/system/libkxld.dylib
0x0000000015df1000 	/usr/lib/libcoretls.dylib
0x0000000015df1000 	/usr/lib/libcoretls_cfhelpers.dylib
0x0000000015df1000 	/usr/lib/libxar.1.dylib
0x0000000015df1000 	/usr/lib/libsqlite3.dylib
0x0000000015df1000 	/usr/lib/libpam.2.dylib
0x0000000015df1000 	/usr/lib/libOpenScriptingUtil.dylib
0x0000000015df1000 	/usr/lib/libbz2.1.0.dylib
0x0000000015df1000 	/usr/lib/liblzma.5.dylib
0x0000000015df1000 	/usr/lib/libnetwork.dylib
0x0000000015df1000 	/usr/lib/libpcap.A.dylib
0x0000000015df1000 	/System/Library/Frameworks/CoreServices.framework/Versions/A/Frameworks/FSEvents.framework/Versions/A/FSEvents
0x0000000015df1000 	/System/Library/Frameworks/CoreServices.framework/Versions/A/Frameworks/CarbonCore.framework/Versions/A/CarbonCore
0x0000000015df1000 	/System/Library/Frameworks/CoreServices.framework/Versions/A/Frameworks/Metadata.framework/Versions/A/Metadata
0x0000000015df1000 	/System/Library/Frameworks/CoreServices.framework/Versions/A/Frameworks/OSServices.framework/Versions/A/OSServices
0x0000000015df1000 	/System/Library/Frameworks/CoreServices.framework/Versions/A/Frameworks/SearchKit.framework/Versions/A/SearchKit
0x0000000015df1000 	/System/Library/Frameworks/CoreServices.framework/Versions/A/Frameworks/AE.framework/Versions/A/AE
0x0000000015df1000 	/System/Library/Frameworks/CoreServices.framework/Versions/A/Frameworks/LaunchServices.framework/Versions/A/LaunchServices
0x0000000015df1000 	/System/Library/Frameworks/CoreServices.framework/Versions/A/Frameworks/DictionaryServices.framework/Versions/A/DictionaryServices
0x0000000015df1000 	/System/Library/Frameworks/CoreServices.framework/Versions/A/Frameworks/SharedFileList.framework/Versions/A/SharedFileList
0x0000000015df1000 	/System/Library/Frameworks/NetFS.framework/Versions/A/NetFS
0x0000000015df1000 	/System/Library/PrivateFrameworks/NetAuth.framework/Versions/A/NetAuth
0x0000000015df1000 	/System/Library/PrivateFrameworks/login.framework/Versions/A/Frameworks/loginsupport.framework/Versions/A/loginsupport
0x0000000015df1000 	/System/Library/PrivateFrameworks/TCC.framework/Versions/A/TCC
0x0000000015df1000 	/usr/lib/libmecabra.dylib
0x0000000015df1000 	/System/Library/Frameworks/ApplicationServices.framework/Versions/A/Frameworks/ATS.framework/Versions/A/ATS
0x0000000015df1000 	/System/Library/Frameworks/ApplicationServices.framework/Versions/A/Frameworks/ColorSync.framework/Versions/A/ColorSync
0x0000000015df1000 	/System/Library/Frameworks/ApplicationServices.framework/Versions/A/Frameworks/HIServices.framework/Versions/A/HIServices
0x0000000015df1000 	/System/Library/Frameworks/ApplicationServices.framework/Versions/A/Frameworks/LangAnalysis.framework/Versions/A/LangAnalysis
0x0000000015df1000 	/System/Library/Frameworks/ApplicationServices.framework/Versions/A/Frameworks/PrintCore.framework/Versions/A/PrintCore
0x0000000015df1000 	/System/Library/Frameworks/ApplicationServices.framework/Versions/A/Frameworks/QD.framework/Versions/A/QD
0x0000000015df1000 	/System/Library/Frameworks/ApplicationServices.framework/Versions/A/Frameworks/SpeechSynthesis.framework/Versions/A/SpeechSynthesis
0x0000000015df1000 	/System/Library/Frameworks/Accelerate.framework/Versions/A/Frameworks/vImage.framework/Versions/A/vImage
0x0000000015df1000 	/System/Library/Frameworks/Accelerate.framework/Versions/A/Frameworks/vecLib.framework/Versions/A/vecLib
0x0000000015df1000 	/System/Library/Frameworks/Accelerate.framework/Versions/A/Frameworks/vecLib.framework/Versions/A/libvDSP.dylib
0x0000000015df1000 	/System/Library/Frameworks/Accelerate.framework/Versions/A/Frameworks/vecLib.framework/Versions/A/libBNNS.dylib
0x0000000015df1000 	/System/Library/Frameworks/Accelerate.framework/Versions/A/Frameworks/vecLib.framework/Versions/A/libQuadrature.dylib
0x0000000015df1000 	/System/Library/Frameworks/Accelerate.framework/Versions/A/Frameworks/vecLib.framework/Versions/A/libvMisc.dylib
0x0000000015df1000 	/System/Library/Frameworks/Accelerate.framework/Versions/A/Frameworks/vecLib.framework/Versions/A/libLAPACK.dylib
0x0000000015df1000 	/System/Library/Frameworks/Accelerate.framework/Versions/A/Frameworks/vecLib.framework/Versions/A/libBLAS.dylib
0x0000000015df1000 	/System/Library/Frameworks/Accelerate.framework/Versions/A/Frameworks/vecLib.framework/Versions/A/libLinearAlgebra.dylib
0x0000000015df1000 	/System/Library/Frameworks/Accelerate.framework/Versions/A/Frameworks/vecLib.framework/Versions/A/libSparseBLAS.dylib
0x0000000015df1000 	/System/Library/Frameworks/ApplicationServices.framework/Versions/A/Frameworks/ATS.framework/Versions/A/Resources/libFontParser.dylib
0x0000000015df1000 	/System/Library/Frameworks/ApplicationServices.framework/Versions/A/Frameworks/ATS.framework/Versions/A/Resources/libFontRegistry.dylib
0x0000000015df1000 	/System/Library/Frameworks/ImageIO.framework/Versions/A/Resources/libJPEG.dylib
0x0000000015df1000 	/System/Library/Frameworks/ImageIO.framework/Versions/A/Resources/libTIFF.dylib
0x0000000015df1000 	/System/Library/Frameworks/ImageIO.framework/Versions/A/Resources/libPng.dylib
0x0000000015df1000 	/System/Library/Frameworks/ImageIO.framework/Versions/A/Resources/libGIF.dylib
0x0000000015df1000 	/System/Library/Frameworks/ImageIO.framework/Versions/A/Resources/libJP2.dylib
0x0000000015df1000 	/System/Library/Frameworks/ImageIO.framework/Versions/A/Resources/libRadiance.dylib
0x0000000015df1000 	/usr/lib/libcompression.dylib
0x0000000015df1000 	/System/Library/PrivateFrameworks/AppleJPEG.framework/Versions/A/AppleJPEG
0x0000000015df1000 	/usr/lib/libcups.2.dylib
0x0000000015df1000 	/System/Library/Frameworks/Kerberos.framework/Versions/A/Kerberos
0x0000000015df1000 	/System/Library/Frameworks/GSS.framework/Versions/A/GSS
0x0000000015df1000 	/usr/lib/libresolv.9.dylib
0x0000000015df1000 	/usr/lib/libiconv.2.dylib
0x0000000015df1000 	/System/Library/PrivateFrameworks/Heimdal.framework/Versions/A/Heimdal
0x0000000015df1000 	/usr/lib/libheimdal-asn1.dylib
0x0000000015df1000 	/System/Library/Frameworks/OpenDirectory.framework/Versions/A/OpenDirectory
0x0000000015df1000 	/System/Library/PrivateFrameworks/CommonAuth.framework/Versions/A/CommonAuth
0x0000000015df1000 	/System/Library/Frameworks/OpenDirectory.framework/Versions/A/Frameworks/CFOpenDirectory.framework/Versions/A/CFOpenDirectory
0x0000000015df1000 	/System/Library/Frameworks/SecurityFoundation.framework/Versions/A/SecurityFoundation
0x0000000015df1000 	/System/Library/PrivateFrameworks/LanguageModeling.framework/Versions/A/LanguageModeling
0x0000000015df1000 	/usr/lib/libmarisa.dylib
0x0000000015df1000 	/usr/lib/libChineseTokenizer.dylib
0x0000000015df1000 	/usr/lib/libcmph.dylib
0x0000000015df1000 	/System/Library/PrivateFrameworks/CoreEmoji.framework/Versions/A/CoreEmoji
0x0000000015df1000 	/System/Library/Frameworks/ServiceManagement.framework/Versions/A/ServiceManagement
0x0000000015df1000 	/usr/lib/libxslt.1.dylib
0x0000000015df1000 	/System/Library/Frameworks/Carbon.framework/Versions/A/Frameworks/Ink.framework/Versions/A/Ink
0x0000000015df1000 	/System/Library/PrivateFrameworks/TextureIO.framework/Versions/A/TextureIO
0x0000000015df1000 	/System/Library/Frameworks/Metal.framework/Versions/A/Metal
0x0000000015df1000 	/usr/lib/libate.dylib
0x0000000015df1000 	/System/Library/PrivateFrameworks/GPUCompiler.framework/libmetal_timestamp.dylib
0x0000000015df1000 	/System/Library/Frameworks/OpenGL.framework/Versions/A/Libraries/libCoreFSCache.dylib
0x0000000015df1000 	/System/Library/PrivateFrameworks/IOAccelerator.framework/Versions/A/IOAccelerator
0x0000000015df1000 	/System/Library/Frameworks/CoreVideo.framework/Versions/A/CoreVideo
0x0000000015df1000 	/usr/lib/libFosl_dynamic.dylib
0x0000000015df1000 	/System/Library/PrivateFrameworks/MetalPerformanceShaders.framework/Versions/A/MetalPerformanceShaders
0x0000000015df1000 	/System/Library/PrivateFrameworks/FaceCore.framework/Versions/A/FaceCore
0x0000000015df1000 	/System/Library/Frameworks/OpenCL.framework/Versions/A/OpenCL
0x0000000015df1000 	/System/Library/Frameworks/OpenGL.framework/Versions/A/Libraries/libGLU.dylib
0x0000000015df1000 	/System/Library/Frameworks/OpenGL.framework/Versions/A/Libraries/libGFXShared.dylib
0x0000000015df1000 	/System/Library/Frameworks/OpenGL.framework/Versions/A/Libraries/libGL.dylib
0x0000000015df1000 	/System/Library/Frameworks/OpenGL.framework/Versions/A/Libraries/libGLImage.dylib
0x0000000015df1000 	/System/Library/Frameworks/OpenGL.framework/Versions/A/Libraries/libCVMSPluginSupport.dylib
0x0000000015df1000 	/System/Library/Frameworks/OpenGL.framework/Versions/A/Libraries/libCoreVMClient.dylib
0x0000000015df1000 	/System/Library/PrivateFrameworks/CrashReporterSupport.framework/Versions/A/CrashReporterSupport
0x0000000015df1000 	/System/Library/PrivateFrameworks/Sharing.framework/Versions/A/Sharing
0x0000000015df1000 	/System/Library/PrivateFrameworks/IconServices.framework/Versions/A/IconServices
0x0000000015df1000 	/System/Library/PrivateFrameworks/ProtocolBuffer.framework/Versions/A/ProtocolBuffer
0x0000000015df1000 	/System/Library/PrivateFrameworks/Apple80211.framework/Versions/A/Apple80211
0x0000000015df1000 	/System/Library/Frameworks/CoreWLAN.framework/Versions/A/CoreWLAN
0x0000000015df1000 	/System/Library/PrivateFrameworks/CoreUtils.framework/Versions/A/CoreUtils
0x0000000015df1000 	/System/Library/Frameworks/IOBluetooth.framework/Versions/A/IOBluetooth
0x0000000015df1000 	/System/Library/PrivateFrameworks/CoreWiFi.framework/Versions/A/CoreWiFi
0x0000000015df1000 	/System/Library/Frameworks/CoreBluetooth.framework/Versions/A/CoreBluetooth
0x0000000015df1000 	/System/Library/Frameworks/CoreDisplay.framework/Versions/A/CoreDisplay
0x0000000015df1000 	/System/Library/PrivateFrameworks/IOPresentment.framework/Versions/A/IOPresentment
0x0000000015df1000 	/System/Library/PrivateFrameworks/DebugSymbols.framework/Versions/A/DebugSymbols
0x0000000015df1000 	/System/Library/PrivateFrameworks/CoreSymbolication.framework/Versions/A/CoreSymbolication
0x0000000015df1000 	/System/Library/PrivateFrameworks/Symbolication.framework/Versions/A/Symbolication
0x0000000015df1000 	/System/Library/PrivateFrameworks/AppleFSCompression.framework/Versions/A/AppleFSCompression
0x0000000015df1000 	/System/Library/PrivateFrameworks/SpeechRecognitionCore.framework/Versions/A/SpeechRecognitionCore
0x0000000015df1000 	/System/Library/PrivateFrameworks/ChunkingLibrary.framework/Versions/A/ChunkingLibrary
0x0000000104400000 	/Library/Java/JavaVirtualMachines/jdk1.8.0_101.jdk/Contents/Home/jre/lib/server/libjvm.dylib
0x0000000015df1000 	/usr/lib/libstdc++.6.dylib
0x0000000103ae3000 	/Library/Java/JavaVirtualMachines/jdk1.8.0_101.jdk/Contents/Home/jre/lib/libverify.dylib
0x0000000103af1000 	/Library/Java/JavaVirtualMachines/jdk1.8.0_101.jdk/Contents/Home/jre/lib/libjava.dylib
0x0000000103b2e000 	/Library/Java/JavaVirtualMachines/jdk1.8.0_101.jdk/Contents/Home/jre/lib/libzip.dylib
0x0000000103be2000 	/System/Library/Frameworks/JavaVM.framework/Frameworks/JavaRuntimeSupport.framework/JavaRuntimeSupport
0x000000010bc55000 	/System/Library/Frameworks/JavaVM.framework/Versions/A/Frameworks/JavaNativeFoundation.framework/Versions/A/JavaNativeFoundation
0x000000010bc6a000 	/System/Library/Frameworks/JavaVM.framework/Versions/A/JavaVM
0x0000000015df1000 	/System/Library/Frameworks/Carbon.framework/Versions/A/Carbon
0x000000010bc77000 	/System/Library/PrivateFrameworks/JavaLaunching.framework/Versions/A/JavaLaunching
0x0000000015df1000 	/System/Library/Frameworks/Carbon.framework/Versions/A/Frameworks/CommonPanels.framework/Versions/A/CommonPanels
0x0000000015df1000 	/System/Library/Frameworks/Carbon.framework/Versions/A/Frameworks/Help.framework/Versions/A/Help
0x0000000015df1000 	/System/Library/Frameworks/Carbon.framework/Versions/A/Frameworks/ImageCapture.framework/Versions/A/ImageCapture
0x0000000015df1000 	/System/Library/Frameworks/Carbon.framework/Versions/A/Frameworks/OpenScripting.framework/Versions/A/OpenScripting
0x0000000015df1000 	/System/Library/Frameworks/Carbon.framework/Versions/A/Frameworks/Print.framework/Versions/A/Print
0x0000000015df1000 	/System/Library/Frameworks/Carbon.framework/Versions/A/Frameworks/SecurityHI.framework/Versions/A/SecurityHI
0x000000010bcee000 	/Library/Java/JavaVirtualMachines/jdk1.8.0_101.jdk/Contents/Home/jre/lib/libnet.dylib
0x000000010bd4d000 	/Library/Java/JavaVirtualMachines/jdk1.8.0_101.jdk/Contents/Home/jre/lib/libnio.dylib
0x000000010c229000 	/Users/elchroy/.gradle/native/19/osx-amd64/libnative-platform.dylib
0x000000010c22e000 	/Users/elchroy/.gradle/native/19/osx-amd64/libnative-platform-curses.dylib
0x0000000015df1000 	/usr/lib/libncurses.5.4.dylib
0x000000010c232000 	/private/var/folders/3j/p0_wzk9d1ns47ybk3ng5x3w80000gn/T/jna952150385912114848.tmp
0x000000010c247000 	/Library/Java/JavaVirtualMachines/jdk1.8.0_101.jdk/Contents/Home/jre/lib/libmanagement.dylib

VM Arguments:
jvm_args: -Dorg.gradle.appname=gradlew 
java_command: org.gradle.wrapper.GradleWrapperMain installDebug
java_class_path (initial): /Users/elchroy/Roy/Code/rubyment/roymobile/android/gradle/wrapper/gradle-wrapper.jar
Launcher Type: SUN_STANDARD

Environment Variables:
PATH=/usr/local/opt/nvm/versions/node/v6.3.0/lib/node_modules/npm/bin/node-gyp-bin:/Users/elchroy/Roy/Code/rubyment/roymobile/node_modules/.bin:/usr/local/opt/nvm/versions/node/v6.3.0/bin:/Users/elchroy/.rvm/gems/ruby-2.3.0/bin:/Users/elchroy/.rvm/gems/ruby-2.3.0@global/bin:/Users/elchroy/.rvm/rubies/ruby-2.3.0/bin:/usr/local/opt/nvm/versions/node/v6.3.0/bin:/usr/local/mysql/bin:/usr/local/share/python:/usr/local/bin:/usr/bin:/bin:/usr/sbin:/sbin:/Users/elchroy/golang/src/github.com/andela/bin:/usr/local/opt/go/libexec/bin:/Users/elchroy/.rvm/bin:/Users/elchroy/Library/Android/sdk/tools:/Users/elchroy/Library/Android/sdk/platform-tools
SHELL=/bin/zsh

Signal Handlers:
SIGSEGV: [libjvm.dylib+0x5af145], sa_mask[0]=11111111011111110111111111111111, sa_flags=SA_ONSTACK|SA_RESTART|SA_SIGINFO
SIGBUS: [libjvm.dylib+0x5af145], sa_mask[0]=11111111011111110111111111111111, sa_flags=SA_RESTART|SA_SIGINFO
SIGFPE: [libjvm.dylib+0x48694c], sa_mask[0]=11111111011111110111111111111111, sa_flags=SA_RESTART|SA_SIGINFO
SIGPIPE: [libjvm.dylib+0x48694c], sa_mask[0]=11111111011111110111111111111111, sa_flags=SA_RESTART|SA_SIGINFO
SIGXFSZ: [libjvm.dylib+0x48694c], sa_mask[0]=11111111011111110111111111111111, sa_flags=SA_RESTART|SA_SIGINFO
SIGILL: [libjvm.dylib+0x48694c], sa_mask[0]=11111111011111110111111111111111, sa_flags=SA_RESTART|SA_SIGINFO
SIGUSR1: SIG_DFL, sa_mask[0]=11111111011111110111111111111111, sa_flags=none
SIGUSR2: [libjvm.dylib+0x48646a], sa_mask[0]=00000000000000000000000000000000, sa_flags=SA_RESTART|SA_SIGINFO
SIGHUP: [libjvm.dylib+0x484a41], sa_mask[0]=11111111011111110111111111111111, sa_flags=SA_RESTART|SA_SIGINFO
SIGINT: [libjvm.dylib+0x484a41], sa_mask[0]=11111111011111110111111111111111, sa_flags=SA_RESTART|SA_SIGINFO
SIGTERM: [libjvm.dylib+0x484a41], sa_mask[0]=11111111011111110111111111111111, sa_flags=SA_RESTART|SA_SIGINFO
SIGQUIT: [libjvm.dylib+0x484a41], sa_mask[0]=11111111011111110111111111111111, sa_flags=SA_RESTART|SA_SIGINFO


---------------  S Y S T E M  ---------------

OS:Bsduname:Darwin 16.4.0 Darwin Kernel Version 16.4.0: Thu Dec 22 22:53:21 PST 2016; root:xnu-3789.41.3~3/RELEASE_X86_64 x86_64
rlimit: STACK 8192k, CORE 0k, NPROC 709, NOFILE 10240, AS infinity
load average:3.70 3.76 4.19

CPU:total 4 (2 cores per cpu, 2 threads per core) family 6 model 61 stepping 4, cmov, cx8, fxsr, mmx, sse, sse2, sse3, ssse3, sse4.1, sse4.2, popcnt, avx, avx2, aes, clmul, erms, 3dnowpref, lzcnt, ht, tsc, tscinvbit, bmi1, bmi2, adx

Memory: 4k page, physical 8388608k(185484k free)

/proc/meminfo:


vm_info: Java HotSpot(TM) 64-Bit Server VM (25.101-b13) for bsd-amd64 JRE (1.8.0_101-b13), built on Jun 22 2016 02:42:15 by "java_re" with gcc 4.2.1 (Based on Apple Inc. build 5658) (LLVM build 2336.11.00)

time: Tue Feb  7 12:44:02 2017
elapsed time: 5 seconds (0d 0h 0m 5s)

