#
# A fatal error has been detected by the Java Runtime Environment:
#
#  SIGSEGV (0xb) at pc=0x0000000102886498, pid=22189, tid=0x0000000000000307
#
# JRE version: Java(TM) SE Runtime Environment (8.0_101-b13) (build 1.8.0_101-b13)
# Java VM: Java HotSpot(TM) 64-Bit Server VM (25.101-b13 mixed mode bsd-amd64 compressed oops)
# Problematic frame:
# V  [libjvm.dylib+0x486498]  SR_handler(int, __siginfo*, __darwin_ucontext*)+0x2e
#
# Failed to write core dump. Core dumps have been disabled. To enable core dumping, try "ulimit -c unlimited" before starting Java again
#
# If you would like to submit a bug report, please visit:
#   http://bugreport.java.com/bugreport/crash.jsp
#

---------------  T H R E A D  ---------------

Current thread is native thread

siginfo: si_signo: 11 (SIGSEGV), si_code: 1 (SEGV_MAPERR), si_addr: 0x0000000000000128

Registers:
RAX=0x0000000000000000, RBX=0x00007fff5ea197a0, RCX=0x00007fffa9547408, RDX=0x00007fff5ea197a0
RSP=0x00007fff5ea192d0, RBP=0x00007fff5ea19300, RSI=0x00007fff5ea19738, RDI=0x0000000000000103
R8 =0x00007fff5ea197a0, R9 =0x00000000ffffffff, R10=0x0000000000000c00, R11=0x0000000000000206
R12=0x0000000000000c00, R13=0x0000000000000000, R14=0x00007fff5ea19738, R15=0x0000000000000002
RIP=0x0000000102886498, EFLAGS=0x0000000000010202, ERR=0x0000000000000004
  TRAPNO=0x000000000000000e

Top of Stack: (sp=0x00007fff5ea192d0)
0x00007fff5ea192d0:   0000000000000000 00007fff5ea197a0
0x00007fff5ea192e0:   0000000000000c00 0000000000000000
0x00007fff5ea192f0:   00007fff5ea199d0 0000000000000d03
0x00007fff5ea19300:   00007fff5ea19310 00007fffa0907bba
0x00007fff5ea19310:   00007fff5ea198a0 0000000000015c00
0x00007fff5ea19320:   00015d00a5f9b958 00007fffa93dd2d0
0x00007fff5ea19330:   0100001f00000085 00007fff8b1a3680
0x00007fff5ea19340:   0000000010004005 00000000ffffffff
0x00007fff5ea19350:   00007fff5ea19858 0000000000000000
0x00007fff5ea19360:   00007fff5ea199d0 0000000007000806
0x00007fff5ea19370:   00007fff5ea198a0 00007fff5ea19858
0x00007fff5ea19380:   0000000000000d03 00000000ffffffff
0x00007fff5ea19390:   0000000000000c00 0000000000000206
0x00007fff5ea193a0:   0000000000000c00 0000000000000000
0x00007fff5ea193b0:   00007fff5ea199d0 0000000000000d03
0x00007fff5ea193c0:   0000000101a2438a 0000000000000206
0x00007fff5ea193d0:   0000000000000007 0000000000000000
0x00007fff5ea193e0:   0000000000000000 0000000000000000
0x00007fff5ea193f0:   000000000000037f 0000000000000000
0x00007fff5ea19400:   0000000000000000 0000ffff00001fa0
0x00007fff5ea19410:   0000000000000000 000000000000ffff
0x00007fff5ea19420:   0000000000000100 000000000000ffff
0x00007fff5ea19430:   0000000000000000 0000000000000000
0x00007fff5ea19440:   0000000000000000 0000000000000000
0x00007fff5ea19450:   87bc000000000000 000000000000c00b
0x00007fff5ea19460:   0000000000000000 0000000000000000
0x00007fff5ea19470:   8000000000000000 0000000000004007
0x00007fff5ea19480:   c060000000000000 000000000000400a
0x00007fff5ea19490:   41be4a73e78d5832 0000000000000000
0x00007fff5ea194a0:   3fe1ab063e07a28b 0000000000000000
0x00007fff5ea194b0:   c3de3f6b6b8290ba 439c094947d6f463
0x00007fff5ea194c0:   0000000000000000 0000000000000000 

Instructions: (pc=0x0000000102886498)
0x0000000102886478:   83 ec 08 48 89 d3 49 89 f6 e8 00 26 14 00 44 8b
0x0000000102886488:   38 48 8d 05 20 cd 3a 00 48 63 38 e8 ca 28 14 00
0x0000000102886498:   4c 8b a0 28 01 00 00 41 83 7c 24 34 01 0f 85 e2
0x00000001028864a8:   00 00 00 49 89 5c 24 40 4d 89 74 24 38 49 8d 5c 

Register to memory mapping:

RAX=0x0000000000000000 is an unknown value
RBX=0x00007fff5ea197a0 is an unknown value
RCX=0x00007fffa9547408: _thread+0x48 in /usr/lib/system/libsystem_pthread.dylib at 0x00007fffa090e000
RDX=0x00007fff5ea197a0 is an unknown value
RSP=0x00007fff5ea192d0 is an unknown value
RBP=0x00007fff5ea19300 is an unknown value
RSI=0x00007fff5ea19738 is an unknown value
RDI=0x0000000000000103 is an unknown value
R8 =0x00007fff5ea197a0 is an unknown value
R9 =0x00000000ffffffff is an unknown value
R10=0x0000000000000c00 is an unknown value
R11=0x0000000000000206 is an unknown value
R12=0x0000000000000c00 is an unknown value
R13=0x0000000000000000 is an unknown value
R14=0x00007fff5ea19738 is an unknown value
R15=0x0000000000000002 is an unknown value


Stack: [0x00007fff5e21e000,0x00007fff5ea1e000],  sp=0x00007fff5ea192d0,  free space=8172k
Native frames: (J=compiled Java code, j=interpreted, Vv=VM code, C=native code)
V  [libjvm.dylib+0x486498]  SR_handler(int, __siginfo*, __darwin_ucontext*)+0x2e
C  [libsystem_platform.dylib+0x2bba]  _sigtramp+0x1a
C  0x0000000000015c00
C  [CoreFoundation+0x88c94]  __CFRunLoopServiceMachPort+0xd4
C  [CoreFoundation+0x88121]  __CFRunLoopRun+0x551
C  [CoreFoundation+0x87974]  CFRunLoopRunSpecific+0x1a4
C  [java+0x6465]  CreateExecutionEnvironment+0x367
C  [java+0x218c]  JLI_Launch+0x7a0
C  [java+0x84c2]  main+0x65
C  [java+0x19e4]  start+0x34


---------------  P R O C E S S  ---------------

VM state:not at safepoint (normal execution)

VM Mutex/Monitor currently owned by a thread: None

Heap:
 PSYoungGen      total 139264K, used 48319K [0x0000000795580000, 0x000000079fe00000, 0x00000007c0000000)
  eden space 129536K, 29% used [0x0000000795580000,0x0000000797b36de0,0x000000079d400000)
  from space 9728K, 99% used [0x000000079d400000,0x000000079dd79020,0x000000079dd80000)
  to   space 13824K, 0% used [0x000000079f080000,0x000000079f080000,0x000000079fe00000)
 ParOldGen       total 64512K, used 16859K [0x0000000740000000, 0x0000000743f00000, 0x0000000795580000)
  object space 64512K, 26% used [0x0000000740000000,0x0000000741076f30,0x0000000743f00000)
 Metaspace       used 33202K, capacity 34122K, committed 34304K, reserved 1079296K
  class space    used 4639K, capacity 5056K, committed 5120K, reserved 1048576K

Card table byte_map: [0x000000010375d000,0x0000000103b5e000] byte_map_base: 0x00000000ffd5d000

Marking Bits: (ParMarkBitMap*) 0x0000000102cedd20
 Begin Bits: [0x0000000103e09000, 0x0000000105e09000)
 End Bits:   [0x0000000105e09000, 0x0000000107e09000)

Polling page: 0x0000000101201000

CodeCache: size=245760Kb used=9571Kb max_used=9589Kb free=236188Kb
 bounds [0x000000010892f000, 0x000000010929f000, 0x000000011792f000]
 total_blobs=3240 nmethods=2597 adapters=556
 compilation: enabled

Compilation events (10 events):
Event: 4.744 Thread 0x00007f8e7c831800 nmethod 2624 0x0000000109236ad0 code [0x0000000109236c20, 0x0000000109236d90]
Event: 4.744 Thread 0x00007f8e7c831800 2626       2       org.gradle.api.internal.AsmBackedClassGenerator$ClassBuilderImpl::visitType (432 bytes)
Event: 4.747 Thread 0x00007f8e7c831800 nmethod 2626 0x0000000109272290 code [0x0000000109272720, 0x0000000109273e58]
Event: 4.747 Thread 0x00007f8e7c860000 nmethod 2603 0x0000000109230750 code [0x00000001092308c0, 0x0000000109230bd8]
Event: 4.747 Thread 0x00007f8e7c860000 2628       4       org.codehaus.groovy.reflection.CachedMethod::isStatic (8 bytes)
Event: 4.748 Thread 0x00007f8e7c860000 nmethod 2628 0x0000000109236850 code [0x00000001092369a0, 0x0000000109236a38]
Event: 4.748 Thread 0x00007f8e7c860000 2630       4       java.lang.Integer::getChars (131 bytes)
Event: 4.750 Thread 0x00007f8e7c860000 nmethod 2630 0x0000000109230210 code [0x0000000109230360, 0x0000000109230578]
Event: 4.750 Thread 0x00007f8e7c860000 2629       4       java.lang.AbstractStringBuilder::append (62 bytes)
Event: 4.754 Thread 0x00007f8e7c831800 2635   !   2       org.gradle.api.internal.project.taskfactory.AnnotationProcessingTaskFactory$Validator::attachValidationAction (104 bytes)

GC Heap History (10 events):
Event: 1.745 GC heap before
{Heap before GC invocations=4 (full 0):
 PSYoungGen      total 38400K, used 38368K [0x0000000795580000, 0x000000079a080000, 0x00000007c0000000)
  eden space 33280K, 100% used [0x0000000795580000,0x0000000797600000,0x0000000797600000)
  from space 5120K, 99% used [0x0000000797600000,0x0000000797af8060,0x0000000797b00000)
  to   space 5120K, 0% used [0x0000000799b80000,0x0000000799b80000,0x000000079a080000)
 ParOldGen       total 87552K, used 3596K [0x0000000740000000, 0x0000000745580000, 0x0000000795580000)
  object space 87552K, 4% used [0x0000000740000000,0x0000000740383350,0x0000000745580000)
 Metaspace       used 19735K, capacity 20116K, committed 20224K, reserved 1067008K
  class space    used 2641K, capacity 2816K, committed 2816K, reserved 1048576K
Event: 1.757 GC heap after
Heap after GC invocations=4 (full 0):
 PSYoungGen      total 71680K, used 5088K [0x0000000795580000, 0x000000079a080000, 0x00000007c0000000)
  eden space 66560K, 0% used [0x0000000795580000,0x0000000795580000,0x0000000799680000)
  from space 5120K, 99% used [0x0000000799b80000,0x000000079a078020,0x000000079a080000)
  to   space 5120K, 0% used [0x0000000799680000,0x0000000799680000,0x0000000799b80000)
 ParOldGen       total 87552K, used 7139K [0x0000000740000000, 0x0000000745580000, 0x0000000795580000)
  object space 87552K, 8% used [0x0000000740000000,0x00000007406f8eb8,0x0000000745580000)
 Metaspace       used 19735K, capacity 20116K, committed 20224K, reserved 1067008K
  class space    used 2641K, capacity 2816K, committed 2816K, reserved 1048576K
}
Event: 2.072 GC heap before
{Heap before GC invocations=5 (full 0):
 PSYoungGen      total 71680K, used 26330K [0x0000000795580000, 0x000000079a080000, 0x00000007c0000000)
  eden space 66560K, 31% used [0x0000000795580000,0x0000000796a3e938,0x0000000799680000)
  from space 5120K, 99% used [0x0000000799b80000,0x000000079a078020,0x000000079a080000)
  to   space 5120K, 0% used [0x0000000799680000,0x0000000799680000,0x0000000799b80000)
 ParOldGen       total 87552K, used 7139K [0x0000000740000000, 0x0000000745580000, 0x0000000795580000)
  object space 87552K, 8% used [0x0000000740000000,0x00000007406f8eb8,0x0000000745580000)
 Metaspace       used 20769K, capacity 21118K, committed 21248K, reserved 1067008K
  class space    used 2825K, capacity 2978K, committed 3072K, reserved 1048576K
Event: 2.083 GC heap after
Heap after GC invocations=5 (full 0):
 PSYoungGen      total 71680K, used 5088K [0x0000000795580000, 0x000000079ea80000, 0x00000007c0000000)
  eden space 66560K, 0% used [0x0000000795580000,0x0000000795580000,0x0000000799680000)
  from space 5120K, 99% used [0x0000000799680000,0x0000000799b78040,0x0000000799b80000)
  to   space 9728K, 0% used [0x000000079e100000,0x000000079e100000,0x000000079ea80000)
 ParOldGen       total 87552K, used 9388K [0x0000000740000000, 0x0000000745580000, 0x0000000795580000)
  object space 87552K, 10% used [0x0000000740000000,0x000000074092b3d0,0x0000000745580000)
 Metaspace       used 20769K, capacity 21118K, committed 21248K, reserved 1067008K
  class space    used 2825K, capacity 2978K, committed 3072K, reserved 1048576K
}
Event: 2.083 GC heap before
{Heap before GC invocations=6 (full 1):
 PSYoungGen      total 71680K, used 5088K [0x0000000795580000, 0x000000079ea80000, 0x00000007c0000000)
  eden space 66560K, 0% used [0x0000000795580000,0x0000000795580000,0x0000000799680000)
  from space 5120K, 99% used [0x0000000799680000,0x0000000799b78040,0x0000000799b80000)
  to   space 9728K, 0% used [0x000000079e100000,0x000000079e100000,0x000000079ea80000)
 ParOldGen       total 87552K, used 9388K [0x0000000740000000, 0x0000000745580000, 0x0000000795580000)
  object space 87552K, 10% used [0x0000000740000000,0x000000074092b3d0,0x0000000745580000)
 Metaspace       used 20769K, capacity 21118K, committed 21248K, reserved 1067008K
  class space    used 2825K, capacity 2978K, committed 3072K, reserved 1048576K
Event: 2.132 GC heap after
Heap after GC invocations=6 (full 1):
 PSYoungGen      total 71680K, used 0K [0x0000000795580000, 0x000000079ea80000, 0x00000007c0000000)
  eden space 66560K, 0% used [0x0000000795580000,0x0000000795580000,0x0000000799680000)
  from space 5120K, 0% used [0x0000000799680000,0x0000000799680000,0x0000000799b80000)
  to   space 9728K, 0% used [0x000000079e100000,0x000000079e100000,0x000000079ea80000)
 ParOldGen       total 64512K, used 10063K [0x0000000740000000, 0x0000000743f00000, 0x0000000795580000)
  object space 64512K, 15% used [0x0000000740000000,0x00000007409d3c38,0x0000000743f00000)
 Metaspace       used 20769K, capacity 21118K, committed 21248K, reserved 1067008K
  class space    used 2825K, capacity 2978K, committed 3072K, reserved 1048576K
}
Event: 3.101 GC heap before
{Heap before GC invocations=7 (full 1):
 PSYoungGen      total 71680K, used 66560K [0x0000000795580000, 0x000000079ea80000, 0x00000007c0000000)
  eden space 66560K, 100% used [0x0000000795580000,0x0000000799680000,0x0000000799680000)
  from space 5120K, 0% used [0x0000000799680000,0x0000000799680000,0x0000000799b80000)
  to   space 9728K, 0% used [0x000000079e100000,0x000000079e100000,0x000000079ea80000)
 ParOldGen       total 64512K, used 10063K [0x0000000740000000, 0x0000000743f00000, 0x0000000795580000)
  object space 64512K, 15% used [0x0000000740000000,0x00000007409d3c38,0x0000000743f00000)
 Metaspace       used 25305K, capacity 25952K, committed 26240K, reserved 1071104K
  class space    used 3431K, capacity 3641K, committed 3712K, reserved 1048576K
Event: 3.113 GC heap after
Heap after GC invocations=7 (full 1):
 PSYoungGen      total 104448K, used 6015K [0x0000000795580000, 0x000000079e700000, 0x00000007c0000000)
  eden space 98304K, 0% used [0x0000000795580000,0x0000000795580000,0x000000079b580000)
  from space 6144K, 97% used [0x000000079e100000,0x000000079e6dfed8,0x000000079e700000)
  to   space 9728K, 0% used [0x000000079d400000,0x000000079d400000,0x000000079dd80000)
 ParOldGen       total 64512K, used 10135K [0x0000000740000000, 0x0000000743f00000, 0x0000000795580000)
  object space 64512K, 15% used [0x0000000740000000,0x00000007409e5c48,0x0000000743f00000)
 Metaspace       used 25305K, capacity 25952K, committed 26240K, reserved 1071104K
  class space    used 3431K, capacity 3641K, committed 3712K, reserved 1048576K
}
Event: 4.356 GC heap before
{Heap before GC invocations=8 (full 1):
 PSYoungGen      total 104448K, used 104319K [0x0000000795580000, 0x000000079e700000, 0x00000007c0000000)
  eden space 98304K, 100% used [0x0000000795580000,0x000000079b580000,0x000000079b580000)
  from space 6144K, 97% used [0x000000079e100000,0x000000079e6dfed8,0x000000079e700000)
  to   space 9728K, 0% used [0x000000079d400000,0x000000079d400000,0x000000079dd80000)
 ParOldGen       total 64512K, used 10135K [0x0000000740000000, 0x0000000743f00000, 0x0000000795580000)
  object space 64512K, 15% used [0x0000000740000000,0x00000007409e5c48,0x0000000743f00000)
 Metaspace       used 32015K, capacity 33006K, committed 33280K, reserved 1077248K
  class space    used 4454K, capacity 4835K, committed 4864K, reserved 1048576K
Event: 4.380 GC heap after
Heap after GC invocations=8 (full 1):
 PSYoungGen      total 139264K, used 9700K [0x0000000795580000, 0x000000079fe00000, 0x00000007c0000000)
  eden space 129536K, 0% used [0x0000000795580000,0x0000000795580000,0x000000079d400000)
  from space 9728K, 99% used [0x000000079d400000,0x000000079dd79020,0x000000079dd80000)
  to   space 13824K, 0% used [0x000000079f080000,0x000000079f080000,0x000000079fe00000)
 ParOldGen       total 64512K, used 16859K [0x0000000740000000, 0x0000000743f00000, 0x0000000795580000)
  object space 64512K, 26% used [0x0000000740000000,0x0000000741076f30,0x0000000743f00000)
 Metaspace       used 32015K, capacity 33006K, committed 33280K, reserved 1077248K
  class space    used 4454K, capacity 4835K, committed 4864K, reserved 1048576K
}

Deoptimization events (10 events):
Event: 2.245 Thread 0x00007f8e7c805000 Uncommon trap: reason=class_check action=maybe_recompile pc=0x0000000108c45f0c method=sun.misc.URLClassPath.getLoader(I)Lsun/misc/URLClassPath$Loader; @ 94
Event: 2.259 Thread 0x00007f8e7c805000 Uncommon trap: reason=unstable_if action=reinterpret pc=0x0000000108cfe970 method=java.util.concurrent.ConcurrentHashMap.putVal(Ljava/lang/Object;Ljava/lang/Object;Z)Ljava/lang/Object; @ 181
Event: 2.345 Thread 0x00007f8e7c805000 Uncommon trap: reason=bimorphic action=maybe_recompile pc=0x0000000108cdf05c method=java.io.DataOutputStream.write([BII)V @ 7
Event: 2.345 Thread 0x00007f8e7c805000 Uncommon trap: reason=bimorphic action=maybe_recompile pc=0x0000000108cdf05c method=java.io.DataOutputStream.write([BII)V @ 7
Event: 2.439 Thread 0x00007f8e7c805000 Uncommon trap: reason=unstable_if action=reinterpret pc=0x0000000108c28ea0 method=java.net.URI.match(CJJ)Z @ 45
Event: 2.439 Thread 0x00007f8e7c805000 Uncommon trap: reason=unstable_if action=reinterpret pc=0x0000000108abd82c method=java.net.URI.match(CJJ)Z @ 19
Event: 2.439 Thread 0x00007f8e7c805000 Uncommon trap: reason=unstable_if action=reinterpret pc=0x0000000108aba1ec method=java.net.URI.match(CJJ)Z @ 19
Event: 3.582 Thread 0x00007f8e7c805000 Uncommon trap: reason=unstable_if action=reinterpret pc=0x0000000108bf77f4 method=java.util.LinkedHashMap.afterNodeInsertion(Z)V @ 1
Event: 3.668 Thread 0x00007f8e7c805000 Uncommon trap: reason=unstable_if action=reinterpret pc=0x0000000108be9c70 method=java.util.HashMap.hash(Ljava/lang/Object;)I @ 1
Event: 3.682 Thread 0x00007f8e7c805000 Uncommon trap: reason=unstable_if action=reinterpret pc=0x0000000108b35628 method=java.util.HashMap.hash(Ljava/lang/Object;)I @ 1

Internal exceptions (10 events):
Event: 4.649 Thread 0x00007f8e7c805000 Exception <a 'java/lang/ClassNotFoundException': org/gradle/api/internal/artifacts/configurations/ConfigurationContainerInternalBeanInfo> (0x00000007972166e0) thrown at [/HUDSON3/workspace/8-2-build-macosx-x86_64/jdk8u101/7261/hotspot/src/share/vm/classfi
Event: 4.650 Thread 0x00007f8e7c805000 Exception <a 'java/lang/ClassNotFoundException': org/gradle/api/internal/artifacts/configurations/ConfigurationContainerInternalCustomizer> (0x0000000797262428) thrown at [/HUDSON3/workspace/8-2-build-macosx-x86_64/jdk8u101/7261/hotspot/src/share/vm/class
Event: 4.651 Thread 0x00007f8e7c805000 Exception <a 'java/lang/ClassNotFoundException': org/gradle/api/artifacts/ConfigurationContainerBeanInfo> (0x00000007972a0128) thrown at [/HUDSON3/workspace/8-2-build-macosx-x86_64/jdk8u101/7261/hotspot/src/share/vm/classfile/systemDictionary.cpp, line 21
Event: 4.651 Thread 0x00007f8e7c805000 Exception <a 'java/lang/ClassNotFoundException': org/gradle/api/artifacts/ConfigurationContainerCustomizer> (0x00000007972c8108) thrown at [/HUDSON3/workspace/8-2-build-macosx-x86_64/jdk8u101/7261/hotspot/src/share/vm/classfile/systemDictionary.cpp, line 
Event: 4.652 Thread 0x00007f8e7c805000 Exception <a 'java/lang/ClassNotFoundException': org/gradle/api/internal/artifacts/configurations/ConfigurationsProviderBeanInfo> (0x0000000797323700) thrown at [/HUDSON3/workspace/8-2-build-macosx-x86_64/jdk8u101/7261/hotspot/src/share/vm/classfile/syste
Event: 4.652 Thread 0x00007f8e7c805000 Exception <a 'java/lang/ClassNotFoundException': org/gradle/api/internal/artifacts/configurations/ConfigurationsProviderCustomizer> (0x000000079736a0a8) thrown at [/HUDSON3/workspace/8-2-build-macosx-x86_64/jdk8u101/7261/hotspot/src/share/vm/classfile/sys
Event: 4.748 Thread 0x00007f8e7c805000 Exception <a 'java/lang/ClassNotFoundException': com/android/build/gradle/internal/tasks/MockableAndroidJarTask_DecoratedBeanInfo> (0x00000007978e5790) thrown at [/HUDSON3/workspace/8-2-build-macosx-x86_64/jdk8u101/7261/hotspot/src/share/vm/classfile/syst
Event: 4.749 Thread 0x00007f8e7c805000 Exception <a 'java/lang/ClassNotFoundException': com/android/build/gradle/internal/tasks/MockableAndroidJarTaskBeanInfo> (0x00000007978f8fc0) thrown at [/HUDSON3/workspace/8-2-build-macosx-x86_64/jdk8u101/7261/hotspot/src/share/vm/classfile/systemDictiona
Event: 4.749 Thread 0x00007f8e7c805000 Exception <a 'java/lang/ClassNotFoundException': com/android/build/gradle/internal/tasks/MockableAndroidJarTaskCustomizer> (0x000000079790ce50) thrown at [/HUDSON3/workspace/8-2-build-macosx-x86_64/jdk8u101/7261/hotspot/src/share/vm/classfile/systemDictio
Event: 4.751 Thread 0x00007f8e7c805000 Exception <a 'java/lang/ClassNotFoundException': com/android/build/gradle/internal/tasks/MockableAndroidJarTask_DecoratedCustomizer> (0x0000000797964b48) thrown at [/HUDSON3/workspace/8-2-build-macosx-x86_64/jdk8u101/7261/hotspot/src/share/vm/classfile/sy

Events (10 events):
Event: 4.750 loading class com/android/build/gradle/internal/tasks/MockableAndroidJarTask_DecoratedCustomizer
Event: 4.750 loading class com/android/build/gradle/internal/tasks/MockableAndroidJarTask_DecoratedCustomizer done
Event: 4.751 loading class com/android/build/gradle/internal/tasks/MockableAndroidJarTask_DecoratedCustomizer
Event: 4.751 loading class com/android/build/gradle/internal/tasks/MockableAndroidJarTask_DecoratedCustomizer done
Event: 4.753 loading class org/gradle/api/internal/project/taskfactory/InputPropertyAnnotationHandler$1
Event: 4.753 loading class org/gradle/api/internal/project/taskfactory/InputPropertyAnnotationHandler$1 done
Event: 4.753 loading class org/gradle/api/internal/project/taskfactory/InputFilePropertyAnnotationHandler$2
Event: 4.753 loading class org/gradle/api/internal/project/taskfactory/InputFilePropertyAnnotationHandler$2 done
Event: 4.754 loading class org/gradle/api/tasks/OutputFile
Event: 4.754 loading class org/gradle/api/tasks/OutputFile done


Dynamic libraries:
0x0000000015df1000 	/System/Library/Frameworks/Cocoa.framework/Versions/A/Cocoa
0x0000000015df1000 	/System/Library/Frameworks/Security.framework/Versions/A/Security
0x0000000015df1000 	/System/Library/Frameworks/ApplicationServices.framework/Versions/A/ApplicationServices
0x0000000015df1000 	/usr/lib/libz.1.dylib
0x0000000101202000 	/usr/lib/libSystem.B.dylib
0x0000000015df1000 	/usr/lib/libobjc.A.dylib
0x0000000015df1000 	/System/Library/Frameworks/CoreFoundation.framework/Versions/A/CoreFoundation
0x0000000015df1000 	/System/Library/Frameworks/Foundation.framework/Versions/C/Foundation
0x0000000015df1000 	/System/Library/Frameworks/AppKit.framework/Versions/C/AppKit
0x0000000015df1000 	/System/Library/Frameworks/CoreData.framework/Versions/A/CoreData
0x0000000015df1000 	/System/Library/PrivateFrameworks/RemoteViewServices.framework/Versions/A/RemoteViewServices
0x0000000015df1000 	/System/Library/PrivateFrameworks/UIFoundation.framework/Versions/A/UIFoundation
0x0000000015df1000 	/System/Library/PrivateFrameworks/DFRFoundation.framework/Versions/A/DFRFoundation
0x0000000015df1000 	/usr/lib/libenergytrace.dylib
0x0000000015df1000 	/System/Library/PrivateFrameworks/SkyLight.framework/Versions/A/SkyLight
0x0000000015df1000 	/System/Library/Frameworks/CoreGraphics.framework/Versions/A/CoreGraphics
0x0000000015df1000 	/usr/lib/libScreenReader.dylib
0x0000000015df1000 	/System/Library/Frameworks/Accelerate.framework/Versions/A/Accelerate
0x0000000015df1000 	/System/Library/Frameworks/IOSurface.framework/Versions/A/IOSurface
0x0000000015df1000 	/System/Library/Frameworks/AudioToolbox.framework/Versions/A/AudioToolbox
0x0000000015df1000 	/System/Library/Frameworks/AudioUnit.framework/Versions/A/AudioUnit
0x0000000015df1000 	/System/Library/PrivateFrameworks/DataDetectorsCore.framework/Versions/A/DataDetectorsCore
0x0000000015df1000 	/System/Library/PrivateFrameworks/DesktopServicesPriv.framework/Versions/A/DesktopServicesPriv
0x0000000015df1000 	/System/Library/Frameworks/Carbon.framework/Versions/A/Frameworks/HIToolbox.framework/Versions/A/HIToolbox
0x0000000015df1000 	/usr/lib/libicucore.A.dylib
0x0000000015df1000 	/System/Library/Frameworks/QuartzCore.framework/Versions/A/QuartzCore
0x0000000015df1000 	/System/Library/Frameworks/Carbon.framework/Versions/A/Frameworks/SpeechRecognition.framework/Versions/A/SpeechRecognition
0x0000000015df1000 	/usr/lib/libauto.dylib
0x0000000015df1000 	/usr/lib/libxml2.2.dylib
0x0000000015df1000 	/System/Library/PrivateFrameworks/CoreUI.framework/Versions/A/CoreUI
0x0000000015df1000 	/System/Library/Frameworks/CoreAudio.framework/Versions/A/CoreAudio
0x0000000015df1000 	/System/Library/Frameworks/DiskArbitration.framework/Versions/A/DiskArbitration
0x0000000015df1000 	/usr/lib/liblangid.dylib
0x0000000015df1000 	/System/Library/PrivateFrameworks/MultitouchSupport.framework/Versions/A/MultitouchSupport
0x0000000101210000 	/System/Library/Frameworks/IOKit.framework/Versions/A/IOKit
0x0000000015df1000 	/usr/lib/libDiagnosticMessagesClient.dylib
0x0000000015df1000 	/System/Library/Frameworks/CoreServices.framework/Versions/A/CoreServices
0x0000000015df1000 	/System/Library/PrivateFrameworks/PerformanceAnalysis.framework/Versions/A/PerformanceAnalysis
0x0000000015df1000 	/System/Library/PrivateFrameworks/GenerationalStorage.framework/Versions/A/GenerationalStorage
0x0000000015df1000 	/System/Library/Frameworks/OpenGL.framework/Versions/A/OpenGL
0x0000000015df1000 	/System/Library/Frameworks/CoreImage.framework/Versions/A/CoreImage
0x0000000015df1000 	/System/Library/Frameworks/CoreText.framework/Versions/A/CoreText
0x0000000015df1000 	/System/Library/Frameworks/ImageIO.framework/Versions/A/ImageIO
0x0000000015df1000 	/System/Library/PrivateFrameworks/Backup.framework/Versions/A/Backup
0x0000000015df1000 	/usr/lib/libarchive.2.dylib
0x00000001012ed000 	/System/Library/Frameworks/CFNetwork.framework/Versions/A/CFNetwork
0x0000000015df1000 	/System/Library/Frameworks/SystemConfiguration.framework/Versions/A/SystemConfiguration
0x0000000015df1000 	/usr/lib/libCRFSuite.dylib
0x0000000015df1000 	/usr/lib/libc++.1.dylib
0x0000000015df1000 	/usr/lib/libc++abi.dylib
0x0000000015df1000 	/usr/lib/system/libcache.dylib
0x0000000015df1000 	/usr/lib/system/libcommonCrypto.dylib
0x0000000015df1000 	/usr/lib/system/libcompiler_rt.dylib
0x0000000015df1000 	/usr/lib/system/libcopyfile.dylib
0x0000000015df1000 	/usr/lib/system/libcorecrypto.dylib
0x0000000015df1000 	/usr/lib/system/libdispatch.dylib
0x00000001019da000 	/usr/lib/system/libdyld.dylib
0x0000000015df1000 	/usr/lib/system/libkeymgr.dylib
0x0000000015df1000 	/usr/lib/system/liblaunch.dylib
0x0000000015df1000 	/usr/lib/system/libmacho.dylib
0x0000000015df1000 	/usr/lib/system/libquarantine.dylib
0x0000000015df1000 	/usr/lib/system/libremovefile.dylib
0x0000000015df1000 	/usr/lib/system/libsystem_asl.dylib
0x0000000015df1000 	/usr/lib/system/libsystem_blocks.dylib
0x0000000015df1000 	/usr/lib/system/libsystem_c.dylib
0x0000000015df1000 	/usr/lib/system/libsystem_configuration.dylib
0x0000000015df1000 	/usr/lib/system/libsystem_coreservices.dylib
0x00000001019ec000 	/usr/lib/system/libsystem_coretls.dylib
0x0000000015df1000 	/usr/lib/system/libsystem_dnssd.dylib
0x0000000015df1000 	/usr/lib/system/libsystem_info.dylib
0x0000000101a12000 	/usr/lib/system/libsystem_kernel.dylib
0x0000000015df1000 	/usr/lib/system/libsystem_m.dylib
0x0000000015df1000 	/usr/lib/system/libsystem_malloc.dylib
0x0000000015df1000 	/usr/lib/system/libsystem_network.dylib
0x0000000101a50000 	/usr/lib/system/libsystem_networkextension.dylib
0x0000000015df1000 	/usr/lib/system/libsystem_notify.dylib
0x0000000015df1000 	/usr/lib/system/libsystem_platform.dylib
0x0000000015df1000 	/usr/lib/system/libsystem_pthread.dylib
0x0000000101a6c000 	/usr/lib/system/libsystem_sandbox.dylib
0x0000000015df1000 	/usr/lib/system/libsystem_secinit.dylib
0x0000000101a79000 	/usr/lib/system/libsystem_symptoms.dylib
0x0000000101a8e000 	/usr/lib/system/libsystem_trace.dylib
0x0000000015df1000 	/usr/lib/system/libunwind.dylib
0x0000000015df1000 	/usr/lib/system/libxpc.dylib
0x0000000015df1000 	/usr/lib/libbsm.0.dylib
0x0000000101ac4000 	/usr/lib/system/libkxld.dylib
0x0000000015df1000 	/usr/lib/libcoretls.dylib
0x0000000015df1000 	/usr/lib/libcoretls_cfhelpers.dylib
0x0000000015df1000 	/usr/lib/libxar.1.dylib
0x0000000015df1000 	/usr/lib/libsqlite3.dylib
0x0000000015df1000 	/usr/lib/libpam.2.dylib
0x0000000015df1000 	/usr/lib/libOpenScriptingUtil.dylib
0x0000000015df1000 	/usr/lib/libbz2.1.0.dylib
0x0000000015df1000 	/usr/lib/liblzma.5.dylib
0x0000000015df1000 	/usr/lib/libnetwork.dylib
0x0000000015df1000 	/usr/lib/libpcap.A.dylib
0x0000000015df1000 	/System/Library/Frameworks/CoreServices.framework/Versions/A/Frameworks/FSEvents.framework/Versions/A/FSEvents
0x0000000015df1000 	/System/Library/Frameworks/CoreServices.framework/Versions/A/Frameworks/CarbonCore.framework/Versions/A/CarbonCore
0x0000000015df1000 	/System/Library/Frameworks/CoreServices.framework/Versions/A/Frameworks/Metadata.framework/Versions/A/Metadata
0x0000000015df1000 	/System/Library/Frameworks/CoreServices.framework/Versions/A/Frameworks/OSServices.framework/Versions/A/OSServices
0x0000000015df1000 	/System/Library/Frameworks/CoreServices.framework/Versions/A/Frameworks/SearchKit.framework/Versions/A/SearchKit
0x0000000015df1000 	/System/Library/Frameworks/CoreServices.framework/Versions/A/Frameworks/AE.framework/Versions/A/AE
0x0000000015df1000 	/System/Library/Frameworks/CoreServices.framework/Versions/A/Frameworks/LaunchServices.framework/Versions/A/LaunchServices
0x0000000015df1000 	/System/Library/Frameworks/CoreServices.framework/Versions/A/Frameworks/DictionaryServices.framework/Versions/A/DictionaryServices
0x0000000015df1000 	/System/Library/Frameworks/CoreServices.framework/Versions/A/Frameworks/SharedFileList.framework/Versions/A/SharedFileList
0x0000000015df1000 	/System/Library/Frameworks/NetFS.framework/Versions/A/NetFS
0x0000000015df1000 	/System/Library/PrivateFrameworks/NetAuth.framework/Versions/A/NetAuth
0x0000000015df1000 	/System/Library/PrivateFrameworks/login.framework/Versions/A/Frameworks/loginsupport.framework/Versions/A/loginsupport
0x0000000015df1000 	/System/Library/PrivateFrameworks/TCC.framework/Versions/A/TCC
0x0000000015df1000 	/usr/lib/libmecabra.dylib
0x0000000015df1000 	/System/Library/Frameworks/ApplicationServices.framework/Versions/A/Frameworks/ATS.framework/Versions/A/ATS
0x0000000015df1000 	/System/Library/Frameworks/ApplicationServices.framework/Versions/A/Frameworks/ColorSync.framework/Versions/A/ColorSync
0x0000000015df1000 	/System/Library/Frameworks/ApplicationServices.framework/Versions/A/Frameworks/HIServices.framework/Versions/A/HIServices
0x0000000015df1000 	/System/Library/Frameworks/ApplicationServices.framework/Versions/A/Frameworks/LangAnalysis.framework/Versions/A/LangAnalysis
0x0000000015df1000 	/System/Library/Frameworks/ApplicationServices.framework/Versions/A/Frameworks/PrintCore.framework/Versions/A/PrintCore
0x0000000015df1000 	/System/Library/Frameworks/ApplicationServices.framework/Versions/A/Frameworks/QD.framework/Versions/A/QD
0x0000000015df1000 	/System/Library/Frameworks/ApplicationServices.framework/Versions/A/Frameworks/SpeechSynthesis.framework/Versions/A/SpeechSynthesis
0x0000000015df1000 	/System/Library/Frameworks/Accelerate.framework/Versions/A/Frameworks/vImage.framework/Versions/A/vImage
0x0000000015df1000 	/System/Library/Frameworks/Accelerate.framework/Versions/A/Frameworks/vecLib.framework/Versions/A/vecLib
0x0000000015df1000 	/System/Library/Frameworks/Accelerate.framework/Versions/A/Frameworks/vecLib.framework/Versions/A/libvDSP.dylib
0x0000000015df1000 	/System/Library/Frameworks/Accelerate.framework/Versions/A/Frameworks/vecLib.framework/Versions/A/libBNNS.dylib
0x0000000015df1000 	/System/Library/Frameworks/Accelerate.framework/Versions/A/Frameworks/vecLib.framework/Versions/A/libQuadrature.dylib
0x0000000015df1000 	/System/Library/Frameworks/Accelerate.framework/Versions/A/Frameworks/vecLib.framework/Versions/A/libvMisc.dylib
0x0000000015df1000 	/System/Library/Frameworks/Accelerate.framework/Versions/A/Frameworks/vecLib.framework/Versions/A/libLAPACK.dylib
0x0000000015df1000 	/System/Library/Frameworks/Accelerate.framework/Versions/A/Frameworks/vecLib.framework/Versions/A/libBLAS.dylib
0x0000000015df1000 	/System/Library/Frameworks/Accelerate.framework/Versions/A/Frameworks/vecLib.framework/Versions/A/libLinearAlgebra.dylib
0x0000000015df1000 	/System/Library/Frameworks/Accelerate.framework/Versions/A/Frameworks/vecLib.framework/Versions/A/libSparseBLAS.dylib
0x0000000015df1000 	/System/Library/Frameworks/ApplicationServices.framework/Versions/A/Frameworks/ATS.framework/Versions/A/Resources/libFontParser.dylib
0x0000000015df1000 	/System/Library/Frameworks/ApplicationServices.framework/Versions/A/Frameworks/ATS.framework/Versions/A/Resources/libFontRegistry.dylib
0x0000000015df1000 	/System/Library/Frameworks/ImageIO.framework/Versions/A/Resources/libJPEG.dylib
0x0000000015df1000 	/System/Library/Frameworks/ImageIO.framework/Versions/A/Resources/libTIFF.dylib
0x0000000015df1000 	/System/Library/Frameworks/ImageIO.framework/Versions/A/Resources/libPng.dylib
0x0000000015df1000 	/System/Library/Frameworks/ImageIO.framework/Versions/A/Resources/libGIF.dylib
0x0000000015df1000 	/System/Library/Frameworks/ImageIO.framework/Versions/A/Resources/libJP2.dylib
0x0000000015df1000 	/System/Library/Frameworks/ImageIO.framework/Versions/A/Resources/libRadiance.dylib
0x0000000015df1000 	/usr/lib/libcompression.dylib
0x0000000015df1000 	/System/Library/PrivateFrameworks/AppleJPEG.framework/Versions/A/AppleJPEG
0x0000000015df1000 	/usr/lib/libcups.2.dylib
0x0000000015df1000 	/System/Library/Frameworks/Kerberos.framework/Versions/A/Kerberos
0x0000000015df1000 	/System/Library/Frameworks/GSS.framework/Versions/A/GSS
0x0000000015df1000 	/usr/lib/libresolv.9.dylib
0x0000000015df1000 	/usr/lib/libiconv.2.dylib
0x0000000015df1000 	/System/Library/PrivateFrameworks/Heimdal.framework/Versions/A/Heimdal
0x0000000015df1000 	/usr/lib/libheimdal-asn1.dylib
0x0000000015df1000 	/System/Library/Frameworks/OpenDirectory.framework/Versions/A/OpenDirectory
0x0000000015df1000 	/System/Library/PrivateFrameworks/CommonAuth.framework/Versions/A/CommonAuth
0x0000000015df1000 	/System/Library/Frameworks/OpenDirectory.framework/Versions/A/Frameworks/CFOpenDirectory.framework/Versions/A/CFOpenDirectory
0x0000000015df1000 	/System/Library/Frameworks/SecurityFoundation.framework/Versions/A/SecurityFoundation
0x0000000015df1000 	/System/Library/PrivateFrameworks/LanguageModeling.framework/Versions/A/LanguageModeling
0x0000000015df1000 	/usr/lib/libmarisa.dylib
0x0000000015df1000 	/usr/lib/libChineseTokenizer.dylib
0x0000000015df1000 	/usr/lib/libcmph.dylib
0x0000000015df1000 	/System/Library/PrivateFrameworks/CoreEmoji.framework/Versions/A/CoreEmoji
0x0000000015df1000 	/System/Library/Frameworks/ServiceManagement.framework/Versions/A/ServiceManagement
0x0000000015df1000 	/usr/lib/libxslt.1.dylib
0x0000000015df1000 	/System/Library/Frameworks/Carbon.framework/Versions/A/Frameworks/Ink.framework/Versions/A/Ink
0x0000000015df1000 	/System/Library/PrivateFrameworks/TextureIO.framework/Versions/A/TextureIO
0x0000000015df1000 	/System/Library/Frameworks/Metal.framework/Versions/A/Metal
0x0000000015df1000 	/usr/lib/libate.dylib
0x0000000015df1000 	/System/Library/PrivateFrameworks/GPUCompiler.framework/libmetal_timestamp.dylib
0x0000000015df1000 	/System/Library/Frameworks/OpenGL.framework/Versions/A/Libraries/libCoreFSCache.dylib
0x0000000015df1000 	/System/Library/PrivateFrameworks/IOAccelerator.framework/Versions/A/IOAccelerator
0x0000000015df1000 	/System/Library/Frameworks/CoreVideo.framework/Versions/A/CoreVideo
0x0000000015df1000 	/usr/lib/libFosl_dynamic.dylib
0x0000000015df1000 	/System/Library/PrivateFrameworks/MetalPerformanceShaders.framework/Versions/A/MetalPerformanceShaders
0x0000000015df1000 	/System/Library/PrivateFrameworks/FaceCore.framework/Versions/A/FaceCore
0x0000000015df1000 	/System/Library/Frameworks/OpenCL.framework/Versions/A/OpenCL
0x0000000015df1000 	/System/Library/Frameworks/OpenGL.framework/Versions/A/Libraries/libGLU.dylib
0x0000000015df1000 	/System/Library/Frameworks/OpenGL.framework/Versions/A/Libraries/libGFXShared.dylib
0x0000000015df1000 	/System/Library/Frameworks/OpenGL.framework/Versions/A/Libraries/libGL.dylib
0x0000000015df1000 	/System/Library/Frameworks/OpenGL.framework/Versions/A/Libraries/libGLImage.dylib
0x0000000015df1000 	/System/Library/Frameworks/OpenGL.framework/Versions/A/Libraries/libCVMSPluginSupport.dylib
0x0000000015df1000 	/System/Library/Frameworks/OpenGL.framework/Versions/A/Libraries/libCoreVMClient.dylib
0x0000000015df1000 	/System/Library/PrivateFrameworks/CrashReporterSupport.framework/Versions/A/CrashReporterSupport
0x0000000015df1000 	/System/Library/PrivateFrameworks/Sharing.framework/Versions/A/Sharing
0x0000000015df1000 	/System/Library/PrivateFrameworks/IconServices.framework/Versions/A/IconServices
0x0000000015df1000 	/System/Library/PrivateFrameworks/ProtocolBuffer.framework/Versions/A/ProtocolBuffer
0x0000000015df1000 	/System/Library/PrivateFrameworks/Apple80211.framework/Versions/A/Apple80211
0x0000000015df1000 	/System/Library/Frameworks/CoreWLAN.framework/Versions/A/CoreWLAN
0x0000000015df1000 	/System/Library/PrivateFrameworks/CoreUtils.framework/Versions/A/CoreUtils
0x0000000015df1000 	/System/Library/Frameworks/IOBluetooth.framework/Versions/A/IOBluetooth
0x0000000015df1000 	/System/Library/PrivateFrameworks/CoreWiFi.framework/Versions/A/CoreWiFi
0x0000000015df1000 	/System/Library/Frameworks/CoreBluetooth.framework/Versions/A/CoreBluetooth
0x0000000015df1000 	/System/Library/Frameworks/CoreDisplay.framework/Versions/A/CoreDisplay
0x0000000015df1000 	/System/Library/PrivateFrameworks/IOPresentment.framework/Versions/A/IOPresentment
0x0000000015df1000 	/System/Library/PrivateFrameworks/DebugSymbols.framework/Versions/A/DebugSymbols
0x0000000015df1000 	/System/Library/PrivateFrameworks/CoreSymbolication.framework/Versions/A/CoreSymbolication
0x0000000015df1000 	/System/Library/PrivateFrameworks/Symbolication.framework/Versions/A/Symbolication
0x0000000015df1000 	/System/Library/PrivateFrameworks/AppleFSCompression.framework/Versions/A/AppleFSCompression
0x0000000015df1000 	/System/Library/PrivateFrameworks/SpeechRecognitionCore.framework/Versions/A/SpeechRecognitionCore
0x0000000015df1000 	/System/Library/PrivateFrameworks/ChunkingLibrary.framework/Versions/A/ChunkingLibrary
0x0000000102400000 	/Library/Java/JavaVirtualMachines/jdk1.8.0_101.jdk/Contents/Home/jre/lib/server/libjvm.dylib
0x0000000015df1000 	/usr/lib/libstdc++.6.dylib
0x0000000101b32000 	/Library/Java/JavaVirtualMachines/jdk1.8.0_101.jdk/Contents/Home/jre/lib/libverify.dylib
0x0000000101b40000 	/Library/Java/JavaVirtualMachines/jdk1.8.0_101.jdk/Contents/Home/jre/lib/libjava.dylib
0x0000000101b7d000 	/Library/Java/JavaVirtualMachines/jdk1.8.0_101.jdk/Contents/Home/jre/lib/libzip.dylib
0x0000000118d2f000 	/System/Library/Frameworks/JavaVM.framework/Frameworks/JavaRuntimeSupport.framework/JavaRuntimeSupport
0x0000000118d49000 	/System/Library/Frameworks/JavaVM.framework/Versions/A/Frameworks/JavaNativeFoundation.framework/Versions/A/JavaNativeFoundation
0x0000000108890000 	/System/Library/Frameworks/JavaVM.framework/Versions/A/JavaVM
0x0000000015df1000 	/System/Library/Frameworks/Carbon.framework/Versions/A/Carbon
0x0000000118d5e000 	/System/Library/PrivateFrameworks/JavaLaunching.framework/Versions/A/JavaLaunching
0x0000000015df1000 	/System/Library/Frameworks/Carbon.framework/Versions/A/Frameworks/CommonPanels.framework/Versions/A/CommonPanels
0x0000000015df1000 	/System/Library/Frameworks/Carbon.framework/Versions/A/Frameworks/Help.framework/Versions/A/Help
0x0000000015df1000 	/System/Library/Frameworks/Carbon.framework/Versions/A/Frameworks/ImageCapture.framework/Versions/A/ImageCapture
0x0000000015df1000 	/System/Library/Frameworks/Carbon.framework/Versions/A/Frameworks/OpenScripting.framework/Versions/A/OpenScripting
0x0000000015df1000 	/System/Library/Frameworks/Carbon.framework/Versions/A/Frameworks/Print.framework/Versions/A/Print
0x0000000015df1000 	/System/Library/Frameworks/Carbon.framework/Versions/A/Frameworks/SecurityHI.framework/Versions/A/SecurityHI
0x000000011a683000 	/Library/Java/JavaVirtualMachines/jdk1.8.0_101.jdk/Contents/Home/jre/lib/libnet.dylib
0x000000011a6e2000 	/Library/Java/JavaVirtualMachines/jdk1.8.0_101.jdk/Contents/Home/jre/lib/libnio.dylib
0x000000011aad8000 	/Users/elchroy/.gradle/native/19/osx-amd64/libnative-platform.dylib
0x000000011aadd000 	/Users/elchroy/.gradle/native/19/osx-amd64/libnative-platform-curses.dylib
0x0000000015df1000 	/usr/lib/libncurses.5.4.dylib
0x000000011aae1000 	/private/var/folders/3j/p0_wzk9d1ns47ybk3ng5x3w80000gn/T/jna8427763926314256782.tmp
0x000000011aaf6000 	/Library/Java/JavaVirtualMachines/jdk1.8.0_101.jdk/Contents/Home/jre/lib/libmanagement.dylib

VM Arguments:
jvm_args: -Dorg.gradle.appname=gradlew 
java_command: org.gradle.wrapper.GradleWrapperMain installDebug
java_class_path (initial): /Users/elchroy/Roy/Code/rubyment/roymobile/android/gradle/wrapper/gradle-wrapper.jar
Launcher Type: SUN_STANDARD

Environment Variables:
PATH=/usr/local/opt/nvm/versions/node/v6.3.0/lib/node_modules/npm/bin/node-gyp-bin:/Users/elchroy/Roy/Code/rubyment/roymobile/node_modules/.bin:/usr/local/opt/nvm/versions/node/v6.3.0/bin:/Users/elchroy/.rvm/gems/ruby-2.3.0/bin:/Users/elchroy/.rvm/gems/ruby-2.3.0@global/bin:/Users/elchroy/.rvm/rubies/ruby-2.3.0/bin:/usr/local/opt/nvm/versions/node/v6.3.0/bin:/usr/local/mysql/bin:/usr/local/share/python:/usr/local/bin:/usr/bin:/bin:/usr/sbin:/sbin:/Users/elchroy/golang/src/github.com/andela/bin:/usr/local/opt/go/libexec/bin:/Users/elchroy/.rvm/bin:/Users/elchroy/Library/Android/sdk/tools:/Users/elchroy/Library/Android/sdk/platform-tools
SHELL=/bin/zsh

Signal Handlers:
SIGSEGV: [libjvm.dylib+0x5af145], sa_mask[0]=11111111011111110111111111111111, sa_flags=SA_ONSTACK|SA_RESTART|SA_SIGINFO
SIGBUS: [libjvm.dylib+0x5af145], sa_mask[0]=11111111011111110111111111111111, sa_flags=SA_RESTART|SA_SIGINFO
SIGFPE: [libjvm.dylib+0x48694c], sa_mask[0]=11111111011111110111111111111111, sa_flags=SA_RESTART|SA_SIGINFO
SIGPIPE: [libjvm.dylib+0x48694c], sa_mask[0]=11111111011111110111111111111111, sa_flags=SA_RESTART|SA_SIGINFO
SIGXFSZ: [libjvm.dylib+0x48694c], sa_mask[0]=11111111011111110111111111111111, sa_flags=SA_RESTART|SA_SIGINFO
SIGILL: [libjvm.dylib+0x48694c], sa_mask[0]=11111111011111110111111111111111, sa_flags=SA_RESTART|SA_SIGINFO
SIGUSR1: SIG_DFL, sa_mask[0]=11111111011111110111111111111111, sa_flags=none
SIGUSR2: [libjvm.dylib+0x48646a], sa_mask[0]=00000000000000000000000000000000, sa_flags=SA_RESTART|SA_SIGINFO
SIGHUP: [libjvm.dylib+0x484a41], sa_mask[0]=11111111011111110111111111111111, sa_flags=SA_RESTART|SA_SIGINFO
SIGINT: [libjvm.dylib+0x484a41], sa_mask[0]=11111111011111110111111111111111, sa_flags=SA_RESTART|SA_SIGINFO
SIGTERM: [libjvm.dylib+0x484a41], sa_mask[0]=11111111011111110111111111111111, sa_flags=SA_RESTART|SA_SIGINFO
SIGQUIT: [libjvm.dylib+0x484a41], sa_mask[0]=11111111011111110111111111111111, sa_flags=SA_RESTART|SA_SIGINFO


---------------  S Y S T E M  ---------------

OS:Bsduname:Darwin 16.4.0 Darwin Kernel Version 16.4.0: Thu Dec 22 22:53:21 PST 2016; root:xnu-3789.41.3~3/RELEASE_X86_64 x86_64
rlimit: STACK 8192k, CORE 0k, NPROC 709, NOFILE 10240, AS infinity
load average:2.71 2.53 2.49

CPU:total 4 (2 cores per cpu, 2 threads per core) family 6 model 61 stepping 4, cmov, cx8, fxsr, mmx, sse, sse2, sse3, ssse3, sse4.1, sse4.2, popcnt, avx, avx2, aes, clmul, erms, 3dnowpref, lzcnt, ht, tsc, tscinvbit, bmi1, bmi2, adx

Memory: 4k page, physical 8388608k(113732k free)

/proc/meminfo:


vm_info: Java HotSpot(TM) 64-Bit Server VM (25.101-b13) for bsd-amd64 JRE (1.8.0_101-b13), built on Jun 22 2016 02:42:15 by "java_re" with gcc 4.2.1 (Based on Apple Inc. build 5658) (LLVM build 2336.11.00)

time: Tue Feb  7 22:30:20 2017
elapsed time: 4 seconds (0d 0h 0m 4s)

