#
# A fatal error has been detected by the Java Runtime Environment:
#
#  SIGSEGV (0xb) at pc=0x000000010ee86498, pid=12155, tid=0x0000000000000307
#
# JRE version: Java(TM) SE Runtime Environment (8.0_101-b13) (build 1.8.0_101-b13)
# Java VM: Java HotSpot(TM) 64-Bit Server VM (25.101-b13 mixed mode bsd-amd64 compressed oops)
# Problematic frame:
# V  [libjvm.dylib+0x486498]  SR_handler(int, __siginfo*, __darwin_ucontext*)+0x2e
#
# Failed to write core dump. Core dumps have been disabled. To enable core dumping, try "ulimit -c unlimited" before starting Java again
#
# If you would like to submit a bug report, please visit:
#   http://bugreport.java.com/bugreport/crash.jsp
#

---------------  T H R E A D  ---------------

Current thread is native thread

siginfo: si_signo: 11 (SIGSEGV), si_code: 1 (SEGV_MAPERR), si_addr: 0x0000000000000128

Registers:
RAX=0x0000000000000000, RBX=0x00007fff524297a0, RCX=0x00007fffb19f4408, RDX=0x00007fff524297a0
RSP=0x00007fff524292d0, RBP=0x00007fff52429300, RSI=0x00007fff52429738, RDI=0x0000000000000103
R8 =0x00007fff524297a0, R9 =0x00000000ffffffff, R10=0x0000000000000c00, R11=0x0000000000000206
R12=0x0000000000000c00, R13=0x0000000000000000, R14=0x00007fff52429738, R15=0x0000000000000002
RIP=0x000000010ee86498, EFLAGS=0x0000000000010202, ERR=0x0000000000000004
  TRAPNO=0x000000000000000e

Top of Stack: (sp=0x00007fff524292d0)
0x00007fff524292d0:   0000000000000000 00007fff524297a0
0x00007fff524292e0:   0000000000000c00 0000000000000000
0x00007fff524292f0:   00007fff524299d0 0000000000000d03
0x00007fff52429300:   00007fff52429310 00007fffa8db4bba
0x00007fff52429310:   00007fff524298a0 0000000000015c00
0x00007fff52429320:   00015d00ae448958 00007fffb188a2d0
0x00007fff52429330:   0100001f00000085 00007fff93650680
0x00007fff52429340:   0000000010004005 00000000ffffffff
0x00007fff52429350:   00007fff52429858 0000000000000000
0x00007fff52429360:   00007fff524299d0 0000000007000806
0x00007fff52429370:   00007fff524298a0 00007fff52429858
0x00007fff52429380:   0000000000000d03 00000000ffffffff
0x00007fff52429390:   0000000000000c00 0000000000000206
0x00007fff524293a0:   0000000000000c00 0000000000000000
0x00007fff524293b0:   00007fff524299d0 0000000000000d03
0x00007fff524293c0:   000000010e01138a 0000000000000206
0x00007fff524293d0:   0000000000000007 0000000000000000
0x00007fff524293e0:   0000000000000000 0000000000000000
0x00007fff524293f0:   000000000000037f 0000000000000000
0x00007fff52429400:   0000000000000000 0000ffff00001fa0
0x00007fff52429410:   0000000000000000 000000000000ffff
0x00007fff52429420:   0000000000000100 000000000000ffff
0x00007fff52429430:   0000000000000000 0000000000000000
0x00007fff52429440:   0000000000000000 0000000000000000
0x00007fff52429450:   87bc000000000000 000000000000c00b
0x00007fff52429460:   0000000000000000 0000000000000000
0x00007fff52429470:   bb78000000000000 000000000000400b
0x00007fff52429480:   0000000000000000 0000000000000000
0x00007fff52429490:   41be4c8b6f451e43 0000000000000000
0x00007fff524294a0:   3fd14790b8498809 0000000000000000
0x00007fff524294b0:   c3de3f8b6d9e4422 439c0749261bbde1
0x00007fff524294c0:   0000000000000000 0000000000000000 

Instructions: (pc=0x000000010ee86498)
0x000000010ee86478:   83 ec 08 48 89 d3 49 89 f6 e8 00 26 14 00 44 8b
0x000000010ee86488:   38 48 8d 05 20 cd 3a 00 48 63 38 e8 ca 28 14 00
0x000000010ee86498:   4c 8b a0 28 01 00 00 41 83 7c 24 34 01 0f 85 e2
0x000000010ee864a8:   00 00 00 49 89 5c 24 40 4d 89 74 24 38 49 8d 5c 

Register to memory mapping:

RAX=0x0000000000000000 is an unknown value
RBX=0x00007fff524297a0 is an unknown value
RCX=0x00007fffb19f4408: _thread+0x48 in /usr/lib/system/libsystem_pthread.dylib at 0x00007fffa8dbb000
RDX=0x00007fff524297a0 is an unknown value
RSP=0x00007fff524292d0 is an unknown value
RBP=0x00007fff52429300 is an unknown value
RSI=0x00007fff52429738 is an unknown value
RDI=0x0000000000000103 is an unknown value
R8 =0x00007fff524297a0 is an unknown value
R9 =0x00000000ffffffff is an unknown value
R10=0x0000000000000c00 is an unknown value
R11=0x0000000000000206 is an unknown value
R12=0x0000000000000c00 is an unknown value
R13=0x0000000000000000 is an unknown value
R14=0x00007fff52429738 is an unknown value
R15=0x0000000000000002 is an unknown value


Stack: [0x00007fff51c2e000,0x00007fff5242e000],  sp=0x00007fff524292d0,  free space=8172k
Native frames: (J=compiled Java code, j=interpreted, Vv=VM code, C=native code)
V  [libjvm.dylib+0x486498]  SR_handler(int, __siginfo*, __darwin_ucontext*)+0x2e
C  [libsystem_platform.dylib+0x2bba]  _sigtramp+0x1a
C  0x0000000000015c00
C  [CoreFoundation+0x88c94]  __CFRunLoopServiceMachPort+0xd4
C  [CoreFoundation+0x88121]  __CFRunLoopRun+0x551
C  [CoreFoundation+0x87974]  CFRunLoopRunSpecific+0x1a4
C  [java+0x6465]  CreateExecutionEnvironment+0x367
C  [java+0x218c]  JLI_Launch+0x7a0
C  [java+0x84c2]  main+0x65
C  [java+0x19e4]  start+0x34


---------------  P R O C E S S  ---------------

VM state:not at safepoint (normal execution)

VM Mutex/Monitor currently owned by a thread: None

Heap:
 PSYoungGen      total 154624K, used 72856K [0x0000000795580000, 0x00000007a2100000, 0x00000007c0000000)
  eden space 138752K, 41% used [0x0000000795580000,0x0000000798e2ff98,0x000000079dd00000)
  from space 15872K, 93% used [0x000000079dd00000,0x000000079eb76400,0x000000079ec80000)
  to   space 17920K, 0% used [0x00000007a0f80000,0x00000007a0f80000,0x00000007a2100000)
 ParOldGen       total 113664K, used 24603K [0x0000000740000000, 0x0000000746f00000, 0x0000000795580000)
  object space 113664K, 21% used [0x0000000740000000,0x0000000741806f80,0x0000000746f00000)
 Metaspace       used 39157K, capacity 40394K, committed 40664K, reserved 1083392K
  class space    used 5505K, capacity 6028K, committed 6144K, reserved 1048576K

Card table byte_map: [0x000000010fd5d000,0x000000011015e000] byte_map_base: 0x000000010c35d000

Marking Bits: (ParMarkBitMap*) 0x000000010f2edd20
 Begin Bits: [0x0000000110409000, 0x0000000112409000)
 End Bits:   [0x0000000112409000, 0x0000000114409000)

Polling page: 0x000000010d7f8000

CodeCache: size=245760Kb used=14535Kb max_used=14543Kb free=231224Kb
 bounds [0x000000011b256000, 0x000000011c096000, 0x000000012a256000]
 total_blobs=4709 nmethods=4052 adapters=569
 compilation: enabled

Compilation events (10 events):
Event: 15.173 Thread 0x00007fa86d873800 nmethod 4268 0x000000011c088550 code [0x000000011c0886c0, 0x000000011c0889f0]
Event: 15.173 Thread 0x00007fa86d873800 4271       3       java.io.ObjectInputStream$BlockDataInputStream::readShort (73 bytes)
Event: 15.174 Thread 0x00007fa86d873800 nmethod 4271 0x000000011c08fdd0 code [0x000000011c08ff60, 0x000000011c090358]
Event: 15.175 Thread 0x00007fa86d841000 nmethod 4228 0x000000011c090550 code [0x000000011c090820, 0x000000011c092870]
Event: 15.176 Thread 0x00007fa86d873800 4273       3       org.gradle.util.CollectionUtils::join (103 bytes)
Event: 15.177 Thread 0x00007fa86d873800 nmethod 4273 0x000000011c08e510 code [0x000000011c08e7a0, 0x000000011c08f788]
Event: 15.177 Thread 0x00007fa86d873800 4272   !   3       org.codehaus.groovy.reflection.CachedField::getProperty (46 bytes)
Event: 15.178 Thread 0x00007fa86d873800 nmethod 4272 0x000000011c089e90 code [0x000000011c08a0a0, 0x000000011c08aa98]
Event: 15.180 Thread 0x00007fa86d873800 4274       3       org.gradle.api.internal.file.collections.DefaultFileCollectionResolveContext::resolveAsFileTrees (9 bytes)
Event: 15.180 Thread 0x00007fa86d873800 nmethod 4274 0x000000011c088150 code [0x000000011c0882c0, 0x000000011c088448]

GC Heap History (10 events):
Event: 7.038 GC heap before
{Heap before GC invocations=7 (full 1):
 PSYoungGen      total 71680K, used 66560K [0x0000000795580000, 0x000000079ea80000, 0x00000007c0000000)
  eden space 66560K, 100% used [0x0000000795580000,0x0000000799680000,0x0000000799680000)
  from space 5120K, 0% used [0x0000000799680000,0x0000000799680000,0x0000000799b80000)
  to   space 9728K, 0% used [0x000000079e100000,0x000000079e100000,0x000000079ea80000)
 ParOldGen       total 64512K, used 8928K [0x0000000740000000, 0x0000000743f00000, 0x0000000795580000)
  object space 64512K, 13% used [0x0000000740000000,0x00000007408b8120,0x0000000743f00000)
 Metaspace       used 25371K, capacity 25952K, committed 26240K, reserved 1071104K
  class space    used 3430K, capacity 3641K, committed 3712K, reserved 1048576K
Event: 7.051 GC heap after
Heap after GC invocations=7 (full 1):
 PSYoungGen      total 101888K, used 6134K [0x0000000795580000, 0x000000079e700000, 0x00000007c0000000)
  eden space 95744K, 0% used [0x0000000795580000,0x0000000795580000,0x000000079b300000)
  from space 6144K, 99% used [0x000000079e100000,0x000000079e6fda80,0x000000079e700000)
  to   space 9216K, 0% used [0x000000079d500000,0x000000079d500000,0x000000079de00000)
 ParOldGen       total 64512K, used 9000K [0x0000000740000000, 0x0000000743f00000, 0x0000000795580000)
  object space 64512K, 13% used [0x0000000740000000,0x00000007408ca130,0x0000000743f00000)
 Metaspace       used 25371K, capacity 25952K, committed 26240K, reserved 1071104K
  class space    used 3430K, capacity 3641K, committed 3712K, reserved 1048576K
}
Event: 9.035 GC heap before
{Heap before GC invocations=8 (full 1):
 PSYoungGen      total 101888K, used 101878K [0x0000000795580000, 0x000000079e700000, 0x00000007c0000000)
  eden space 95744K, 100% used [0x0000000795580000,0x000000079b300000,0x000000079b300000)
  from space 6144K, 99% used [0x000000079e100000,0x000000079e6fda80,0x000000079e700000)
  to   space 9216K, 0% used [0x000000079d500000,0x000000079d500000,0x000000079de00000)
 ParOldGen       total 64512K, used 9000K [0x0000000740000000, 0x0000000743f00000, 0x0000000795580000)
  object space 64512K, 13% used [0x0000000740000000,0x00000007408ca130,0x0000000743f00000)
 Metaspace       used 32039K, capacity 32974K, committed 33280K, reserved 1077248K
  class space    used 4451K, capacity 4803K, committed 4864K, reserved 1048576K
Event: 9.075 GC heap after
Heap after GC invocations=8 (full 1):
 PSYoungGen      total 139776K, used 9216K [0x0000000795580000, 0x000000079fa00000, 0x00000007c0000000)
  eden space 130560K, 0% used [0x0000000795580000,0x0000000795580000,0x000000079d500000)
  from space 9216K, 100% used [0x000000079d500000,0x000000079de00000,0x000000079de00000)
  to   space 13824K, 0% used [0x000000079ec80000,0x000000079ec80000,0x000000079fa00000)
 ParOldGen       total 64512K, used 16104K [0x0000000740000000, 0x0000000743f00000, 0x0000000795580000)
  object space 64512K, 24% used [0x0000000740000000,0x0000000740fba158,0x0000000743f00000)
 Metaspace       used 32039K, capacity 32974K, committed 33280K, reserved 1077248K
  class space    used 4451K, capacity 4803K, committed 4864K, reserved 1048576K
}
Event: 10.442 GC heap before
{Heap before GC invocations=9 (full 1):
 PSYoungGen      total 139776K, used 55979K [0x0000000795580000, 0x000000079fa00000, 0x00000007c0000000)
  eden space 130560K, 35% used [0x0000000795580000,0x000000079832ae08,0x000000079d500000)
  from space 9216K, 100% used [0x000000079d500000,0x000000079de00000,0x000000079de00000)
  to   space 13824K, 0% used [0x000000079ec80000,0x000000079ec80000,0x000000079fa00000)
 ParOldGen       total 64512K, used 16104K [0x0000000740000000, 0x0000000743f00000, 0x0000000795580000)
  object space 64512K, 24% used [0x0000000740000000,0x0000000740fba158,0x0000000743f00000)
 Metaspace       used 34358K, capacity 35272K, committed 35416K, reserved 1079296K
  class space    used 4782K, capacity 5166K, committed 5248K, reserved 1048576K
Event: 10.491 GC heap after
Heap after GC invocations=9 (full 1):
 PSYoungGen      total 152576K, used 13792K [0x0000000795580000, 0x00000007a3980000, 0x00000007c0000000)
  eden space 138752K, 0% used [0x0000000795580000,0x0000000795580000,0x000000079dd00000)
  from space 13824K, 99% used [0x000000079ec80000,0x000000079f9f81f0,0x000000079fa00000)
  to   space 15872K, 0% used [0x000000079dd00000,0x000000079dd00000,0x000000079ec80000)
 ParOldGen       total 64512K, used 17080K [0x0000000740000000, 0x0000000743f00000, 0x0000000795580000)
  object space 64512K, 26% used [0x0000000740000000,0x00000007410ae160,0x0000000743f00000)
 Metaspace       used 34358K, capacity 35272K, committed 35416K, reserved 1079296K
  class space    used 4782K, capacity 5166K, committed 5248K, reserved 1048576K
}
Event: 10.491 GC heap before
{Heap before GC invocations=10 (full 2):
 PSYoungGen      total 152576K, used 13792K [0x0000000795580000, 0x00000007a3980000, 0x00000007c0000000)
  eden space 138752K, 0% used [0x0000000795580000,0x0000000795580000,0x000000079dd00000)
  from space 13824K, 99% used [0x000000079ec80000,0x000000079f9f81f0,0x000000079fa00000)
  to   space 15872K, 0% used [0x000000079dd00000,0x000000079dd00000,0x000000079ec80000)
 ParOldGen       total 64512K, used 17080K [0x0000000740000000, 0x0000000743f00000, 0x0000000795580000)
  object space 64512K, 26% used [0x0000000740000000,0x00000007410ae160,0x0000000743f00000)
 Metaspace       used 34358K, capacity 35272K, committed 35416K, reserved 1079296K
  class space    used 4782K, capacity 5166K, committed 5248K, reserved 1048576K
Event: 10.738 GC heap after
Heap after GC invocations=10 (full 2):
 PSYoungGen      total 152576K, used 0K [0x0000000795580000, 0x00000007a3980000, 0x00000007c0000000)
  eden space 138752K, 0% used [0x0000000795580000,0x0000000795580000,0x000000079dd00000)
  from space 13824K, 0% used [0x000000079ec80000,0x000000079ec80000,0x000000079fa00000)
  to   space 15872K, 0% used [0x000000079dd00000,0x000000079dd00000,0x000000079ec80000)
 ParOldGen       total 113664K, used 24595K [0x0000000740000000, 0x0000000746f00000, 0x0000000795580000)
  object space 113664K, 21% used [0x0000000740000000,0x0000000741804f80,0x0000000746f00000)
 Metaspace       used 34358K, capacity 35272K, committed 35416K, reserved 1079296K
  class space    used 4782K, capacity 5166K, committed 5248K, reserved 1048576K
}
Event: 13.801 GC heap before
{Heap before GC invocations=11 (full 2):
 PSYoungGen      total 152576K, used 138752K [0x0000000795580000, 0x00000007a3980000, 0x00000007c0000000)
  eden space 138752K, 100% used [0x0000000795580000,0x000000079dd00000,0x000000079dd00000)
  from space 13824K, 0% used [0x000000079ec80000,0x000000079ec80000,0x000000079fa00000)
  to   space 15872K, 0% used [0x000000079dd00000,0x000000079dd00000,0x000000079ec80000)
 ParOldGen       total 113664K, used 24595K [0x0000000740000000, 0x0000000746f00000, 0x0000000795580000)
  object space 113664K, 21% used [0x0000000740000000,0x0000000741804f80,0x0000000746f00000)
 Metaspace       used 36945K, capacity 37912K, committed 38104K, reserved 1081344K
  class space    used 5150K, capacity 5546K, committed 5632K, reserved 1048576K
Event: 13.877 GC heap after
Heap after GC invocations=11 (full 2):
 PSYoungGen      total 154624K, used 14809K [0x0000000795580000, 0x00000007a2100000, 0x00000007c0000000)
  eden space 138752K, 0% used [0x0000000795580000,0x0000000795580000,0x000000079dd00000)
  from space 15872K, 93% used [0x000000079dd00000,0x000000079eb76400,0x000000079ec80000)
  to   space 17920K, 0% used [0x00000007a0f80000,0x00000007a0f80000,0x00000007a2100000)
 ParOldGen       total 113664K, used 24603K [0x0000000740000000, 0x0000000746f00000, 0x0000000795580000)
  object space 113664K, 21% used [0x0000000740000000,0x0000000741806f80,0x0000000746f00000)
 Metaspace       used 36945K, capacity 37912K, committed 38104K, reserved 1081344K
  class space    used 5150K, capacity 5546K, committed 5632K, reserved 1048576K
}

Deoptimization events (10 events):
Event: 14.517 Thread 0x00007fa86d802800 Uncommon trap: reason=unstable_if action=reinterpret pc=0x000000011bbce934 method=java.util.HashMap$HashIterator.<init>(Ljava/util/HashMap;)V @ 45
Event: 14.520 Thread 0x00007fa86d802800 Uncommon trap: reason=class_check action=maybe_recompile pc=0x000000011bf92e9c method=java.io.BufferedInputStream.read1([BII)I @ 39
Event: 14.522 Thread 0x00007fa86d802800 Uncommon trap: reason=unstable_if action=reinterpret pc=0x000000011bf26d7c method=java.util.HashMap$HashIterator.<init>(Ljava/util/HashMap;)V @ 45
Event: 14.653 Thread 0x00007fa86d802800 Uncommon trap: reason=unstable_if action=reinterpret pc=0x000000011be7c134 method=java.lang.Class.arrayContentsEq([Ljava/lang/Object;[Ljava/lang/Object;)Z @ 1
Event: 14.674 Thread 0x00007fa86d802800 Uncommon trap: reason=unstable_if action=reinterpret pc=0x000000011b85c1b8 method=sun.misc.MetaIndex.mayContain(Ljava/lang/String;)Z @ 38
Event: 14.675 Thread 0x00007fa86d802800 Uncommon trap: reason=unstable_if action=reinterpret pc=0x000000011b859760 method=sun.misc.MetaIndex.mayContain(Ljava/lang/String;)Z @ 38
Event: 14.742 Thread 0x00007fa86d802800 Uncommon trap: reason=unstable_if action=reinterpret pc=0x000000011b9c6044 method=java.lang.Class.arrayContentsEq([Ljava/lang/Object;[Ljava/lang/Object;)Z @ 1
Event: 15.064 Thread 0x00007fa86d802800 Uncommon trap: reason=class_check action=maybe_recompile pc=0x000000011bf92e9c method=java.io.BufferedInputStream.read1([BII)I @ 39
Event: 15.067 Thread 0x00007fa86d802800 Uncommon trap: reason=class_check action=maybe_recompile pc=0x000000011bf92e9c method=java.io.BufferedInputStream.read1([BII)I @ 39
Event: 15.140 Thread 0x00007fa86d802800 Uncommon trap: reason=unstable_if action=reinterpret pc=0x000000011c0792c4 method=java.util.HashMap.removeNode(ILjava/lang/Object;Ljava/lang/Object;ZZ)Ljava/util/HashMap$Node; @ 133

Internal exceptions (10 events):
Event: 14.653 Thread 0x00007fa86d802800 Implicit null exception at 0x000000011be7c0ac to 0x000000011be7c121
Event: 14.742 Thread 0x00007fa86d802800 Implicit null exception at 0x000000011b9c5d5d to 0x000000011b9c601d
Event: 15.077 Thread 0x00007fa86d802800 Exception <a 'java/lang/ClassNotFoundException': com/google/common/base/JoinerBeanInfo> (0x00000007988cbe30) thrown at [/HUDSON3/workspace/8-2-build-macosx-x86_64/jdk8u101/7261/hotspot/src/share/vm/classfile/systemDictionary.cpp, line 210]
Event: 15.078 Thread 0x00007fa86d802800 Exception <a 'java/lang/ClassNotFoundException': com/google/common/base/JoinerCustomizer> (0x00000007988d9f20) thrown at [/HUDSON3/workspace/8-2-build-macosx-x86_64/jdk8u101/7261/hotspot/src/share/vm/classfile/systemDictionary.cpp, line 210]
Event: 15.087 Thread 0x00007fa86d802800 Exception <a 'java/lang/ClassNotFoundException': java/util/HashMapBeanInfo> (0x0000000798926200) thrown at [/HUDSON3/workspace/8-2-build-macosx-x86_64/jdk8u101/7261/hotspot/src/share/vm/classfile/systemDictionary.cpp, line 210]
Event: 15.087 Thread 0x00007fa86d802800 Exception <a 'java/lang/ClassNotFoundException': java/util/HashMapCustomizer> (0x000000079892caa0) thrown at [/HUDSON3/workspace/8-2-build-macosx-x86_64/jdk8u101/7261/hotspot/src/share/vm/classfile/systemDictionary.cpp, line 210]
Event: 15.094 Thread 0x00007fa86d802800 Exception <a 'java/lang/ClassNotFoundException': com/android/build/gradle/tasks/ManifestProcessorTask$1BeanInfo> (0x0000000798983040) thrown at [/HUDSON3/workspace/8-2-build-macosx-x86_64/jdk8u101/7261/hotspot/src/share/vm/classfile/systemDictionary.cpp, 
Event: 15.099 Thread 0x00007fa86d802800 Exception <a 'java/lang/ClassNotFoundException': com/android/build/gradle/tasks/ManifestProcessorTask$1Customizer> (0x00000007989948c8) thrown at [/HUDSON3/workspace/8-2-build-macosx-x86_64/jdk8u101/7261/hotspot/src/share/vm/classfile/systemDictionary.cpp
Event: 15.103 Thread 0x00007fa86d802800 Exception <a 'java/lang/ClassNotFoundException': com/google/common/collect/IterablesBeanInfo> (0x00000007989d0c88) thrown at [/HUDSON3/workspace/8-2-build-macosx-x86_64/jdk8u101/7261/hotspot/src/share/vm/classfile/systemDictionary.cpp, line 210]
Event: 15.104 Thread 0x00007fa86d802800 Exception <a 'java/lang/ClassNotFoundException': com/google/common/collect/IterablesCustomizer> (0x00000007989dff70) thrown at [/HUDSON3/workspace/8-2-build-macosx-x86_64/jdk8u101/7261/hotspot/src/share/vm/classfile/systemDictionary.cpp, line 210]

Events (10 events):
Event: 15.120 loading class org/codehaus/groovy/runtime/dgm$490 done
Event: 15.121 loading class org/codehaus/groovy/runtime/NumberAwareComparator
Event: 15.121 loading class org/codehaus/groovy/runtime/NumberAwareComparator done
Event: 15.130 loading class java/io/ObjectInputStream$GetFieldImpl
Event: 15.130 loading class java/io/ObjectInputStream$GetField
Event: 15.130 loading class java/io/ObjectInputStream$GetField done
Event: 15.130 loading class java/io/ObjectInputStream$GetFieldImpl done
Event: 15.140 Thread 0x00007fa86d802800 Uncommon trap: trap_request=0xffffff65 fr.pc=0x000000011c0792c4
Event: 15.140 Thread 0x00007fa86d802800 DEOPT PACKING pc=0x000000011c0792c4 sp=0x00007000018f9bb0
Event: 15.140 Thread 0x00007fa86d802800 DEOPT UNPACKING pc=0x000000011b25b229 sp=0x00007000018f9ad8 mode 2


Dynamic libraries:
0x000000001e29e000 	/System/Library/Frameworks/Cocoa.framework/Versions/A/Cocoa
0x000000001e29e000 	/System/Library/Frameworks/Security.framework/Versions/A/Security
0x000000001e29e000 	/System/Library/Frameworks/ApplicationServices.framework/Versions/A/ApplicationServices
0x000000001e29e000 	/usr/lib/libz.1.dylib
0x000000010d7ec000 	/usr/lib/libSystem.B.dylib
0x000000001e29e000 	/usr/lib/libobjc.A.dylib
0x000000001e29e000 	/System/Library/Frameworks/CoreFoundation.framework/Versions/A/CoreFoundation
0x000000001e29e000 	/System/Library/Frameworks/Foundation.framework/Versions/C/Foundation
0x000000001e29e000 	/System/Library/Frameworks/AppKit.framework/Versions/C/AppKit
0x000000001e29e000 	/System/Library/Frameworks/CoreData.framework/Versions/A/CoreData
0x000000001e29e000 	/System/Library/PrivateFrameworks/RemoteViewServices.framework/Versions/A/RemoteViewServices
0x000000001e29e000 	/System/Library/PrivateFrameworks/UIFoundation.framework/Versions/A/UIFoundation
0x000000001e29e000 	/System/Library/PrivateFrameworks/DFRFoundation.framework/Versions/A/DFRFoundation
0x000000001e29e000 	/usr/lib/libenergytrace.dylib
0x000000001e29e000 	/System/Library/PrivateFrameworks/SkyLight.framework/Versions/A/SkyLight
0x000000001e29e000 	/System/Library/Frameworks/CoreGraphics.framework/Versions/A/CoreGraphics
0x000000001e29e000 	/usr/lib/libScreenReader.dylib
0x000000001e29e000 	/System/Library/Frameworks/Accelerate.framework/Versions/A/Accelerate
0x000000001e29e000 	/System/Library/Frameworks/IOSurface.framework/Versions/A/IOSurface
0x000000001e29e000 	/System/Library/Frameworks/AudioToolbox.framework/Versions/A/AudioToolbox
0x000000001e29e000 	/System/Library/Frameworks/AudioUnit.framework/Versions/A/AudioUnit
0x000000001e29e000 	/System/Library/PrivateFrameworks/DataDetectorsCore.framework/Versions/A/DataDetectorsCore
0x000000001e29e000 	/System/Library/PrivateFrameworks/DesktopServicesPriv.framework/Versions/A/DesktopServicesPriv
0x000000001e29e000 	/System/Library/Frameworks/Carbon.framework/Versions/A/Frameworks/HIToolbox.framework/Versions/A/HIToolbox
0x000000001e29e000 	/usr/lib/libicucore.A.dylib
0x000000001e29e000 	/System/Library/Frameworks/QuartzCore.framework/Versions/A/QuartzCore
0x000000001e29e000 	/System/Library/Frameworks/Carbon.framework/Versions/A/Frameworks/SpeechRecognition.framework/Versions/A/SpeechRecognition
0x000000001e29e000 	/usr/lib/libauto.dylib
0x000000001e29e000 	/usr/lib/libxml2.2.dylib
0x000000001e29e000 	/System/Library/PrivateFrameworks/CoreUI.framework/Versions/A/CoreUI
0x000000001e29e000 	/System/Library/Frameworks/CoreAudio.framework/Versions/A/CoreAudio
0x000000001e29e000 	/System/Library/Frameworks/DiskArbitration.framework/Versions/A/DiskArbitration
0x000000001e29e000 	/usr/lib/liblangid.dylib
0x000000001e29e000 	/System/Library/PrivateFrameworks/MultitouchSupport.framework/Versions/A/MultitouchSupport
0x000000010d7f9000 	/System/Library/Frameworks/IOKit.framework/Versions/A/IOKit
0x000000001e29e000 	/usr/lib/libDiagnosticMessagesClient.dylib
0x000000001e29e000 	/System/Library/Frameworks/CoreServices.framework/Versions/A/CoreServices
0x000000001e29e000 	/System/Library/PrivateFrameworks/PerformanceAnalysis.framework/Versions/A/PerformanceAnalysis
0x000000001e29e000 	/System/Library/PrivateFrameworks/GenerationalStorage.framework/Versions/A/GenerationalStorage
0x000000001e29e000 	/System/Library/Frameworks/OpenGL.framework/Versions/A/OpenGL
0x000000001e29e000 	/System/Library/Frameworks/CoreImage.framework/Versions/A/CoreImage
0x000000001e29e000 	/System/Library/Frameworks/CoreText.framework/Versions/A/CoreText
0x000000001e29e000 	/System/Library/Frameworks/ImageIO.framework/Versions/A/ImageIO
0x000000001e29e000 	/System/Library/PrivateFrameworks/Backup.framework/Versions/A/Backup
0x000000001e29e000 	/usr/lib/libarchive.2.dylib
0x000000010d8d9000 	/System/Library/Frameworks/CFNetwork.framework/Versions/A/CFNetwork
0x000000001e29e000 	/System/Library/Frameworks/SystemConfiguration.framework/Versions/A/SystemConfiguration
0x000000001e29e000 	/usr/lib/libCRFSuite.dylib
0x000000001e29e000 	/usr/lib/libc++.1.dylib
0x000000001e29e000 	/usr/lib/libc++abi.dylib
0x000000001e29e000 	/usr/lib/system/libcache.dylib
0x000000001e29e000 	/usr/lib/system/libcommonCrypto.dylib
0x000000001e29e000 	/usr/lib/system/libcompiler_rt.dylib
0x000000001e29e000 	/usr/lib/system/libcopyfile.dylib
0x000000001e29e000 	/usr/lib/system/libcorecrypto.dylib
0x000000001e29e000 	/usr/lib/system/libdispatch.dylib
0x000000010dfc5000 	/usr/lib/system/libdyld.dylib
0x000000001e29e000 	/usr/lib/system/libkeymgr.dylib
0x000000001e29e000 	/usr/lib/system/liblaunch.dylib
0x000000001e29e000 	/usr/lib/system/libmacho.dylib
0x000000001e29e000 	/usr/lib/system/libquarantine.dylib
0x000000001e29e000 	/usr/lib/system/libremovefile.dylib
0x000000001e29e000 	/usr/lib/system/libsystem_asl.dylib
0x000000001e29e000 	/usr/lib/system/libsystem_blocks.dylib
0x000000001e29e000 	/usr/lib/system/libsystem_c.dylib
0x000000001e29e000 	/usr/lib/system/libsystem_configuration.dylib
0x000000001e29e000 	/usr/lib/system/libsystem_coreservices.dylib
0x000000010dfd6000 	/usr/lib/system/libsystem_coretls.dylib
0x000000001e29e000 	/usr/lib/system/libsystem_dnssd.dylib
0x000000001e29e000 	/usr/lib/system/libsystem_info.dylib
0x000000010dfff000 	/usr/lib/system/libsystem_kernel.dylib
0x000000001e29e000 	/usr/lib/system/libsystem_m.dylib
0x000000001e29e000 	/usr/lib/system/libsystem_malloc.dylib
0x000000001e29e000 	/usr/lib/system/libsystem_network.dylib
0x000000010e03a000 	/usr/lib/system/libsystem_networkextension.dylib
0x000000001e29e000 	/usr/lib/system/libsystem_notify.dylib
0x000000001e29e000 	/usr/lib/system/libsystem_platform.dylib
0x000000001e29e000 	/usr/lib/system/libsystem_pthread.dylib
0x000000010e055000 	/usr/lib/system/libsystem_sandbox.dylib
0x000000001e29e000 	/usr/lib/system/libsystem_secinit.dylib
0x000000010e061000 	/usr/lib/system/libsystem_symptoms.dylib
0x000000010e075000 	/usr/lib/system/libsystem_trace.dylib
0x000000001e29e000 	/usr/lib/system/libunwind.dylib
0x000000001e29e000 	/usr/lib/system/libxpc.dylib
0x000000001e29e000 	/usr/lib/libbsm.0.dylib
0x000000010e0ad000 	/usr/lib/system/libkxld.dylib
0x000000001e29e000 	/usr/lib/libcoretls.dylib
0x000000001e29e000 	/usr/lib/libcoretls_cfhelpers.dylib
0x000000001e29e000 	/usr/lib/libxar.1.dylib
0x000000001e29e000 	/usr/lib/libsqlite3.dylib
0x000000001e29e000 	/usr/lib/libpam.2.dylib
0x000000001e29e000 	/usr/lib/libOpenScriptingUtil.dylib
0x000000001e29e000 	/usr/lib/libbz2.1.0.dylib
0x000000001e29e000 	/usr/lib/liblzma.5.dylib
0x000000001e29e000 	/usr/lib/libnetwork.dylib
0x000000001e29e000 	/usr/lib/libpcap.A.dylib
0x000000001e29e000 	/System/Library/Frameworks/CoreServices.framework/Versions/A/Frameworks/FSEvents.framework/Versions/A/FSEvents
0x000000001e29e000 	/System/Library/Frameworks/CoreServices.framework/Versions/A/Frameworks/CarbonCore.framework/Versions/A/CarbonCore
0x000000001e29e000 	/System/Library/Frameworks/CoreServices.framework/Versions/A/Frameworks/Metadata.framework/Versions/A/Metadata
0x000000001e29e000 	/System/Library/Frameworks/CoreServices.framework/Versions/A/Frameworks/OSServices.framework/Versions/A/OSServices
0x000000001e29e000 	/System/Library/Frameworks/CoreServices.framework/Versions/A/Frameworks/SearchKit.framework/Versions/A/SearchKit
0x000000001e29e000 	/System/Library/Frameworks/CoreServices.framework/Versions/A/Frameworks/AE.framework/Versions/A/AE
0x000000001e29e000 	/System/Library/Frameworks/CoreServices.framework/Versions/A/Frameworks/LaunchServices.framework/Versions/A/LaunchServices
0x000000001e29e000 	/System/Library/Frameworks/CoreServices.framework/Versions/A/Frameworks/DictionaryServices.framework/Versions/A/DictionaryServices
0x000000001e29e000 	/System/Library/Frameworks/CoreServices.framework/Versions/A/Frameworks/SharedFileList.framework/Versions/A/SharedFileList
0x000000001e29e000 	/System/Library/Frameworks/NetFS.framework/Versions/A/NetFS
0x000000001e29e000 	/System/Library/PrivateFrameworks/NetAuth.framework/Versions/A/NetAuth
0x000000001e29e000 	/System/Library/PrivateFrameworks/login.framework/Versions/A/Frameworks/loginsupport.framework/Versions/A/loginsupport
0x000000001e29e000 	/System/Library/PrivateFrameworks/TCC.framework/Versions/A/TCC
0x000000001e29e000 	/usr/lib/libmecabra.dylib
0x000000001e29e000 	/System/Library/Frameworks/ApplicationServices.framework/Versions/A/Frameworks/ATS.framework/Versions/A/ATS
0x000000001e29e000 	/System/Library/Frameworks/ApplicationServices.framework/Versions/A/Frameworks/ColorSync.framework/Versions/A/ColorSync
0x000000001e29e000 	/System/Library/Frameworks/ApplicationServices.framework/Versions/A/Frameworks/HIServices.framework/Versions/A/HIServices
0x000000001e29e000 	/System/Library/Frameworks/ApplicationServices.framework/Versions/A/Frameworks/LangAnalysis.framework/Versions/A/LangAnalysis
0x000000001e29e000 	/System/Library/Frameworks/ApplicationServices.framework/Versions/A/Frameworks/PrintCore.framework/Versions/A/PrintCore
0x000000001e29e000 	/System/Library/Frameworks/ApplicationServices.framework/Versions/A/Frameworks/QD.framework/Versions/A/QD
0x000000001e29e000 	/System/Library/Frameworks/ApplicationServices.framework/Versions/A/Frameworks/SpeechSynthesis.framework/Versions/A/SpeechSynthesis
0x000000001e29e000 	/System/Library/Frameworks/Accelerate.framework/Versions/A/Frameworks/vImage.framework/Versions/A/vImage
0x000000001e29e000 	/System/Library/Frameworks/Accelerate.framework/Versions/A/Frameworks/vecLib.framework/Versions/A/vecLib
0x000000001e29e000 	/System/Library/Frameworks/Accelerate.framework/Versions/A/Frameworks/vecLib.framework/Versions/A/libvDSP.dylib
0x000000001e29e000 	/System/Library/Frameworks/Accelerate.framework/Versions/A/Frameworks/vecLib.framework/Versions/A/libBNNS.dylib
0x000000001e29e000 	/System/Library/Frameworks/Accelerate.framework/Versions/A/Frameworks/vecLib.framework/Versions/A/libQuadrature.dylib
0x000000001e29e000 	/System/Library/Frameworks/Accelerate.framework/Versions/A/Frameworks/vecLib.framework/Versions/A/libvMisc.dylib
0x000000001e29e000 	/System/Library/Frameworks/Accelerate.framework/Versions/A/Frameworks/vecLib.framework/Versions/A/libLAPACK.dylib
0x000000001e29e000 	/System/Library/Frameworks/Accelerate.framework/Versions/A/Frameworks/vecLib.framework/Versions/A/libBLAS.dylib
0x000000001e29e000 	/System/Library/Frameworks/Accelerate.framework/Versions/A/Frameworks/vecLib.framework/Versions/A/libLinearAlgebra.dylib
0x000000001e29e000 	/System/Library/Frameworks/Accelerate.framework/Versions/A/Frameworks/vecLib.framework/Versions/A/libSparseBLAS.dylib
0x000000001e29e000 	/System/Library/Frameworks/ApplicationServices.framework/Versions/A/Frameworks/ATS.framework/Versions/A/Resources/libFontParser.dylib
0x000000001e29e000 	/System/Library/Frameworks/ApplicationServices.framework/Versions/A/Frameworks/ATS.framework/Versions/A/Resources/libFontRegistry.dylib
0x000000001e29e000 	/System/Library/Frameworks/ImageIO.framework/Versions/A/Resources/libJPEG.dylib
0x000000001e29e000 	/System/Library/Frameworks/ImageIO.framework/Versions/A/Resources/libTIFF.dylib
0x000000001e29e000 	/System/Library/Frameworks/ImageIO.framework/Versions/A/Resources/libPng.dylib
0x000000001e29e000 	/System/Library/Frameworks/ImageIO.framework/Versions/A/Resources/libGIF.dylib
0x000000001e29e000 	/System/Library/Frameworks/ImageIO.framework/Versions/A/Resources/libJP2.dylib
0x000000001e29e000 	/System/Library/Frameworks/ImageIO.framework/Versions/A/Resources/libRadiance.dylib
0x000000001e29e000 	/usr/lib/libcompression.dylib
0x000000001e29e000 	/System/Library/PrivateFrameworks/AppleJPEG.framework/Versions/A/AppleJPEG
0x000000001e29e000 	/usr/lib/libcups.2.dylib
0x000000001e29e000 	/System/Library/Frameworks/Kerberos.framework/Versions/A/Kerberos
0x000000001e29e000 	/System/Library/Frameworks/GSS.framework/Versions/A/GSS
0x000000001e29e000 	/usr/lib/libresolv.9.dylib
0x000000001e29e000 	/usr/lib/libiconv.2.dylib
0x000000001e29e000 	/System/Library/PrivateFrameworks/Heimdal.framework/Versions/A/Heimdal
0x000000001e29e000 	/usr/lib/libheimdal-asn1.dylib
0x000000001e29e000 	/System/Library/Frameworks/OpenDirectory.framework/Versions/A/OpenDirectory
0x000000001e29e000 	/System/Library/PrivateFrameworks/CommonAuth.framework/Versions/A/CommonAuth
0x000000001e29e000 	/System/Library/Frameworks/OpenDirectory.framework/Versions/A/Frameworks/CFOpenDirectory.framework/Versions/A/CFOpenDirectory
0x000000001e29e000 	/System/Library/Frameworks/SecurityFoundation.framework/Versions/A/SecurityFoundation
0x000000001e29e000 	/System/Library/PrivateFrameworks/LanguageModeling.framework/Versions/A/LanguageModeling
0x000000001e29e000 	/usr/lib/libmarisa.dylib
0x000000001e29e000 	/usr/lib/libChineseTokenizer.dylib
0x000000001e29e000 	/usr/lib/libcmph.dylib
0x000000001e29e000 	/System/Library/PrivateFrameworks/CoreEmoji.framework/Versions/A/CoreEmoji
0x000000001e29e000 	/System/Library/Frameworks/ServiceManagement.framework/Versions/A/ServiceManagement
0x000000001e29e000 	/usr/lib/libxslt.1.dylib
0x000000001e29e000 	/System/Library/Frameworks/Carbon.framework/Versions/A/Frameworks/Ink.framework/Versions/A/Ink
0x000000001e29e000 	/System/Library/PrivateFrameworks/TextureIO.framework/Versions/A/TextureIO
0x000000001e29e000 	/System/Library/Frameworks/Metal.framework/Versions/A/Metal
0x000000001e29e000 	/usr/lib/libate.dylib
0x000000001e29e000 	/System/Library/PrivateFrameworks/GPUCompiler.framework/libmetal_timestamp.dylib
0x000000001e29e000 	/System/Library/Frameworks/OpenGL.framework/Versions/A/Libraries/libCoreFSCache.dylib
0x000000001e29e000 	/System/Library/PrivateFrameworks/IOAccelerator.framework/Versions/A/IOAccelerator
0x000000001e29e000 	/System/Library/Frameworks/CoreVideo.framework/Versions/A/CoreVideo
0x000000001e29e000 	/usr/lib/libFosl_dynamic.dylib
0x000000001e29e000 	/System/Library/PrivateFrameworks/MetalPerformanceShaders.framework/Versions/A/MetalPerformanceShaders
0x000000001e29e000 	/System/Library/PrivateFrameworks/FaceCore.framework/Versions/A/FaceCore
0x000000001e29e000 	/System/Library/Frameworks/OpenCL.framework/Versions/A/OpenCL
0x000000001e29e000 	/System/Library/Frameworks/OpenGL.framework/Versions/A/Libraries/libGLU.dylib
0x000000001e29e000 	/System/Library/Frameworks/OpenGL.framework/Versions/A/Libraries/libGFXShared.dylib
0x000000001e29e000 	/System/Library/Frameworks/OpenGL.framework/Versions/A/Libraries/libGL.dylib
0x000000001e29e000 	/System/Library/Frameworks/OpenGL.framework/Versions/A/Libraries/libGLImage.dylib
0x000000001e29e000 	/System/Library/Frameworks/OpenGL.framework/Versions/A/Libraries/libCVMSPluginSupport.dylib
0x000000001e29e000 	/System/Library/Frameworks/OpenGL.framework/Versions/A/Libraries/libCoreVMClient.dylib
0x000000001e29e000 	/System/Library/PrivateFrameworks/CrashReporterSupport.framework/Versions/A/CrashReporterSupport
0x000000001e29e000 	/System/Library/PrivateFrameworks/Sharing.framework/Versions/A/Sharing
0x000000001e29e000 	/System/Library/PrivateFrameworks/IconServices.framework/Versions/A/IconServices
0x000000001e29e000 	/System/Library/PrivateFrameworks/ProtocolBuffer.framework/Versions/A/ProtocolBuffer
0x000000001e29e000 	/System/Library/PrivateFrameworks/Apple80211.framework/Versions/A/Apple80211
0x000000001e29e000 	/System/Library/Frameworks/CoreWLAN.framework/Versions/A/CoreWLAN
0x000000001e29e000 	/System/Library/PrivateFrameworks/CoreUtils.framework/Versions/A/CoreUtils
0x000000001e29e000 	/System/Library/Frameworks/IOBluetooth.framework/Versions/A/IOBluetooth
0x000000001e29e000 	/System/Library/PrivateFrameworks/CoreWiFi.framework/Versions/A/CoreWiFi
0x000000001e29e000 	/System/Library/Frameworks/CoreBluetooth.framework/Versions/A/CoreBluetooth
0x000000001e29e000 	/System/Library/Frameworks/CoreDisplay.framework/Versions/A/CoreDisplay
0x000000001e29e000 	/System/Library/PrivateFrameworks/IOPresentment.framework/Versions/A/IOPresentment
0x000000001e29e000 	/System/Library/PrivateFrameworks/DebugSymbols.framework/Versions/A/DebugSymbols
0x000000001e29e000 	/System/Library/PrivateFrameworks/CoreSymbolication.framework/Versions/A/CoreSymbolication
0x000000001e29e000 	/System/Library/PrivateFrameworks/Symbolication.framework/Versions/A/Symbolication
0x000000001e29e000 	/System/Library/PrivateFrameworks/AppleFSCompression.framework/Versions/A/AppleFSCompression
0x000000001e29e000 	/System/Library/PrivateFrameworks/SpeechRecognitionCore.framework/Versions/A/SpeechRecognitionCore
0x000000001e29e000 	/System/Library/PrivateFrameworks/ChunkingLibrary.framework/Versions/A/ChunkingLibrary
0x000000010ea00000 	/Library/Java/JavaVirtualMachines/jdk1.8.0_101.jdk/Contents/Home/jre/lib/server/libjvm.dylib
0x000000001e29e000 	/usr/lib/libstdc++.6.dylib
0x000000010e11b000 	/Library/Java/JavaVirtualMachines/jdk1.8.0_101.jdk/Contents/Home/jre/lib/libverify.dylib
0x000000010e129000 	/Library/Java/JavaVirtualMachines/jdk1.8.0_101.jdk/Contents/Home/jre/lib/libjava.dylib
0x000000010e166000 	/Library/Java/JavaVirtualMachines/jdk1.8.0_101.jdk/Contents/Home/jre/lib/libzip.dylib
0x0000000116270000 	/System/Library/Frameworks/JavaVM.framework/Frameworks/JavaRuntimeSupport.framework/JavaRuntimeSupport
0x000000011628a000 	/System/Library/Frameworks/JavaVM.framework/Versions/A/Frameworks/JavaNativeFoundation.framework/Versions/A/JavaNativeFoundation
0x000000011629f000 	/System/Library/Frameworks/JavaVM.framework/Versions/A/JavaVM
0x000000001e29e000 	/System/Library/Frameworks/Carbon.framework/Versions/A/Carbon
0x00000001162ac000 	/System/Library/PrivateFrameworks/JavaLaunching.framework/Versions/A/JavaLaunching
0x000000001e29e000 	/System/Library/Frameworks/Carbon.framework/Versions/A/Frameworks/CommonPanels.framework/Versions/A/CommonPanels
0x000000001e29e000 	/System/Library/Frameworks/Carbon.framework/Versions/A/Frameworks/Help.framework/Versions/A/Help
0x000000001e29e000 	/System/Library/Frameworks/Carbon.framework/Versions/A/Frameworks/ImageCapture.framework/Versions/A/ImageCapture
0x000000001e29e000 	/System/Library/Frameworks/Carbon.framework/Versions/A/Frameworks/OpenScripting.framework/Versions/A/OpenScripting
0x000000001e29e000 	/System/Library/Frameworks/Carbon.framework/Versions/A/Frameworks/Print.framework/Versions/A/Print
0x000000001e29e000 	/System/Library/Frameworks/Carbon.framework/Versions/A/Frameworks/SecurityHI.framework/Versions/A/SecurityHI
0x0000000117bdf000 	/Library/Java/JavaVirtualMachines/jdk1.8.0_101.jdk/Contents/Home/jre/lib/libnet.dylib
0x0000000117c3e000 	/Library/Java/JavaVirtualMachines/jdk1.8.0_101.jdk/Contents/Home/jre/lib/libnio.dylib
0x00000001180ec000 	/Users/elchroy/.gradle/native/19/osx-amd64/libnative-platform.dylib
0x00000001180f1000 	/Users/elchroy/.gradle/native/19/osx-amd64/libnative-platform-curses.dylib
0x000000001e29e000 	/usr/lib/libncurses.5.4.dylib
0x00000001180f5000 	/private/var/folders/3j/p0_wzk9d1ns47ybk3ng5x3w80000gn/T/jna2777220782200038179.tmp
0x000000011810a000 	/Library/Java/JavaVirtualMachines/jdk1.8.0_101.jdk/Contents/Home/jre/lib/libmanagement.dylib

VM Arguments:
jvm_args: -Dorg.gradle.appname=gradlew 
java_command: org.gradle.wrapper.GradleWrapperMain installDebug
java_class_path (initial): /Users/elchroy/Roy/Code/rubyment/roymobile/android/gradle/wrapper/gradle-wrapper.jar
Launcher Type: SUN_STANDARD

Environment Variables:
PATH=/usr/local/opt/nvm/versions/node/v6.3.0/lib/node_modules/npm/bin/node-gyp-bin:/Users/elchroy/Roy/Code/rubyment/roymobile/node_modules/.bin:/usr/local/opt/nvm/versions/node/v6.3.0/bin:/Users/elchroy/.rvm/gems/ruby-2.3.0/bin:/Users/elchroy/.rvm/gems/ruby-2.3.0@global/bin:/Users/elchroy/.rvm/rubies/ruby-2.3.0/bin:/usr/local/opt/nvm/versions/node/v6.3.0/bin:/usr/local/mysql/bin:/usr/local/share/python:/usr/local/bin:/usr/bin:/bin:/usr/sbin:/sbin:/Users/elchroy/golang/src/github.com/andela/bin:/usr/local/opt/go/libexec/bin:/Users/elchroy/.rvm/bin:/Users/elchroy/Library/Android/sdk/tools:/Users/elchroy/Library/Android/sdk/platform-tools
SHELL=/bin/zsh

Signal Handlers:
SIGSEGV: [libjvm.dylib+0x5af145], sa_mask[0]=11111111011111110111111111111111, sa_flags=SA_ONSTACK|SA_RESTART|SA_SIGINFO
SIGBUS: [libjvm.dylib+0x5af145], sa_mask[0]=11111111011111110111111111111111, sa_flags=SA_RESTART|SA_SIGINFO
SIGFPE: [libjvm.dylib+0x48694c], sa_mask[0]=11111111011111110111111111111111, sa_flags=SA_RESTART|SA_SIGINFO
SIGPIPE: [libjvm.dylib+0x48694c], sa_mask[0]=11111111011111110111111111111111, sa_flags=SA_RESTART|SA_SIGINFO
SIGXFSZ: [libjvm.dylib+0x48694c], sa_mask[0]=11111111011111110111111111111111, sa_flags=SA_RESTART|SA_SIGINFO
SIGILL: [libjvm.dylib+0x48694c], sa_mask[0]=11111111011111110111111111111111, sa_flags=SA_RESTART|SA_SIGINFO
SIGUSR1: SIG_DFL, sa_mask[0]=11111111011111110111111111111111, sa_flags=none
SIGUSR2: [libjvm.dylib+0x48646a], sa_mask[0]=00000000000000000000000000000000, sa_flags=SA_RESTART|SA_SIGINFO
SIGHUP: [libjvm.dylib+0x484a41], sa_mask[0]=11111111011111110111111111111111, sa_flags=SA_RESTART|SA_SIGINFO
SIGINT: [libjvm.dylib+0x484a41], sa_mask[0]=11111111011111110111111111111111, sa_flags=SA_RESTART|SA_SIGINFO
SIGTERM: [libjvm.dylib+0x484a41], sa_mask[0]=11111111011111110111111111111111, sa_flags=SA_RESTART|SA_SIGINFO
SIGQUIT: [libjvm.dylib+0x484a41], sa_mask[0]=11111111011111110111111111111111, sa_flags=SA_RESTART|SA_SIGINFO


---------------  S Y S T E M  ---------------

OS:Bsduname:Darwin 16.4.0 Darwin Kernel Version 16.4.0: Thu Dec 22 22:53:21 PST 2016; root:xnu-3789.41.3~3/RELEASE_X86_64 x86_64
rlimit: STACK 8192k, CORE 0k, NPROC 709, NOFILE 10240, AS infinity
load average:8.06 7.11 6.70

CPU:total 4 (2 cores per cpu, 2 threads per core) family 6 model 61 stepping 4, cmov, cx8, fxsr, mmx, sse, sse2, sse3, ssse3, sse4.1, sse4.2, popcnt, avx, avx2, aes, clmul, erms, 3dnowpref, lzcnt, ht, tsc, tscinvbit, bmi1, bmi2, adx

Memory: 4k page, physical 8388608k(135700k free)

/proc/meminfo:


vm_info: Java HotSpot(TM) 64-Bit Server VM (25.101-b13) for bsd-amd64 JRE (1.8.0_101-b13), built on Jun 22 2016 02:42:15 by "java_re" with gcc 4.2.1 (Based on Apple Inc. build 5658) (LLVM build 2336.11.00)

time: Thu Feb  9 12:35:26 2017
elapsed time: 15 seconds (0d 0h 0m 15s)

