#
# A fatal error has been detected by the Java Runtime Environment:
#
#  SIGSEGV (0xb) at pc=0x000000010ad83498, pid=92489, tid=0x0000000000000307
#
# JRE version: Java(TM) SE Runtime Environment (8.0_101-b13) (build 1.8.0_101-b13)
# Java VM: Java HotSpot(TM) 64-Bit Server VM (25.101-b13 mixed mode bsd-amd64 compressed oops)
# Problematic frame:
# V  [libjvm.dylib+0x486498]  SR_handler(int, __siginfo*, __darwin_ucontext*)+0x2e
#
# Failed to write core dump. Core dumps have been disabled. To enable core dumping, try "ulimit -c unlimited" before starting Java again
#
# If you would like to submit a bug report, please visit:
#   http://bugreport.java.com/bugreport/crash.jsp
#

---------------  T H R E A D  ---------------

Current thread is native thread

siginfo: si_signo: 11 (SIGSEGV), si_code: 1 (SEGV_MAPERR), si_addr: 0x0000000000000128

Registers:
RAX=0x0000000000000000, RBX=0x00007fff55c437a0, RCX=0x00007fffa9547408, RDX=0x00007fff55c437a0
RSP=0x00007fff55c432d0, RBP=0x00007fff55c43300, RSI=0x00007fff55c43738, RDI=0x0000000000000103
R8 =0x00007fff55c437a0, R9 =0x00000000ffffffff, R10=0x0000000000000c00, R11=0x0000000000000206
R12=0x0000000000000c00, R13=0x0000000000000000, R14=0x00007fff55c43738, R15=0x0000000000000002
RIP=0x000000010ad83498, EFLAGS=0x0000000000010202, ERR=0x0000000000000004
  TRAPNO=0x000000000000000e

Top of Stack: (sp=0x00007fff55c432d0)
0x00007fff55c432d0:   0000000000000000 00007fff55c437a0
0x00007fff55c432e0:   0000000000000c00 0000000000000000
0x00007fff55c432f0:   00007fff55c439d0 0000000000000e03
0x00007fff55c43300:   00007fff55c43310 00007fffa0907bba
0x00007fff55c43310:   00007fff55c438a0 0000000000016900
0x00007fff55c43320:   00016a00a5f9b958 00007fffa93dd2d0
0x00007fff55c43330:   0100001f00000085 00007fff8b1a3680
0x00007fff55c43340:   0000000010004005 00000000ffffffff
0x00007fff55c43350:   00007fff55c43858 0000000000000000
0x00007fff55c43360:   00007fff55c439d0 0000000007000806
0x00007fff55c43370:   00007fff55c438a0 00007fff55c43858
0x00007fff55c43380:   0000000000000e03 00000000ffffffff
0x00007fff55c43390:   0000000000000c00 0000000000000206
0x00007fff55c433a0:   0000000000000c00 0000000000000000
0x00007fff55c433b0:   00007fff55c439d0 0000000000000e03
0x00007fff55c433c0:   000000010a7f138a 0000000000000206
0x00007fff55c433d0:   0000000000000007 0000000000000000
0x00007fff55c433e0:   0000000000000000 0000000000000000
0x00007fff55c433f0:   000000000000037f 0000000000000000
0x00007fff55c43400:   0000000000000000 0000ffff00001fa0
0x00007fff55c43410:   0000000000000000 000000000000ffff
0x00007fff55c43420:   0000000000000100 000000000000ffff
0x00007fff55c43430:   0000000000000000 0000000000000000
0x00007fff55c43440:   0000000000000000 0000000000000000
0x00007fff55c43450:   87bc000000000000 000000000000c00b
0x00007fff55c43460:   0000000000000000 0000000000000000
0x00007fff55c43470:   8000000000000000 0000000000004007
0x00007fff55c43480:   c060000000000000 000000000000400a
0x00007fff55c43490:   41be49eec281e00d 0000000000000000
0x00007fff55c434a0:   3fe03c01a36e2eb2 0000000000000000
0x00007fff55c434b0:   c3de3f725aa6c71d 439c08da55938e35
0x00007fff55c434c0:   0000000000000000 0000000000000000 

Instructions: (pc=0x000000010ad83498)
0x000000010ad83478:   83 ec 08 48 89 d3 49 89 f6 e8 00 26 14 00 44 8b
0x000000010ad83488:   38 48 8d 05 20 cd 3a 00 48 63 38 e8 ca 28 14 00
0x000000010ad83498:   4c 8b a0 28 01 00 00 41 83 7c 24 34 01 0f 85 e2
0x000000010ad834a8:   00 00 00 49 89 5c 24 40 4d 89 74 24 38 49 8d 5c 

Register to memory mapping:

RAX=0x0000000000000000 is an unknown value
RBX=0x00007fff55c437a0 is an unknown value
RCX=0x00007fffa9547408: _thread+0x48 in /usr/lib/system/libsystem_pthread.dylib at 0x00007fffa090e000
RDX=0x00007fff55c437a0 is an unknown value
RSP=0x00007fff55c432d0 is an unknown value
RBP=0x00007fff55c43300 is an unknown value
RSI=0x00007fff55c43738 is an unknown value
RDI=0x0000000000000103 is an unknown value
R8 =0x00007fff55c437a0 is an unknown value
R9 =0x00000000ffffffff is an unknown value
R10=0x0000000000000c00 is an unknown value
R11=0x0000000000000206 is an unknown value
R12=0x0000000000000c00 is an unknown value
R13=0x0000000000000000 is an unknown value
R14=0x00007fff55c43738 is an unknown value
R15=0x0000000000000002 is an unknown value


Stack: [0x00007fff55448000,0x00007fff55c48000],  sp=0x00007fff55c432d0,  free space=8172k
Native frames: (J=compiled Java code, j=interpreted, Vv=VM code, C=native code)
V  [libjvm.dylib+0x486498]  SR_handler(int, __siginfo*, __darwin_ucontext*)+0x2e
C  [libsystem_platform.dylib+0x2bba]  _sigtramp+0x1a
C  0x0000000000016900
C  [CoreFoundation+0x88c94]  __CFRunLoopServiceMachPort+0xd4
C  [CoreFoundation+0x88121]  __CFRunLoopRun+0x551
C  [CoreFoundation+0x87974]  CFRunLoopRunSpecific+0x1a4
C  [java+0x6465]  CreateExecutionEnvironment+0x367
C  [java+0x218c]  JLI_Launch+0x7a0
C  [java+0x84c2]  main+0x65
C  [java+0x19e4]  start+0x34


---------------  P R O C E S S  ---------------

VM state:not at safepoint (normal execution)

VM Mutex/Monitor currently owned by a thread: None

Heap:
 PSYoungGen      total 159744K, used 20520K [0x0000000795580000, 0x00000007a2480000, 0x00000007c0000000)
  eden space 143360K, 4% used [0x0000000795580000,0x0000000795b2bcb0,0x000000079e180000)
  from space 16384K, 89% used [0x000000079e180000,0x000000079efde400,0x000000079f180000)
  to   space 17920K, 0% used [0x00000007a1300000,0x00000007a1300000,0x00000007a2480000)
 ParOldGen       total 109056K, used 24606K [0x0000000740000000, 0x0000000746a80000, 0x0000000795580000)
  object space 109056K, 22% used [0x0000000740000000,0x0000000741807bd8,0x0000000746a80000)
 Metaspace       used 37055K, capacity 38040K, committed 38104K, reserved 1081344K
  class space    used 5181K, capacity 5593K, committed 5632K, reserved 1048576K

Card table byte_map: [0x000000010c5c0000,0x000000010c9c1000] byte_map_base: 0x0000000108bc0000

Marking Bits: (ParMarkBitMap*) 0x000000010b1ead20
 Begin Bits: [0x000000010cc6c000, 0x000000010ec6c000)
 End Bits:   [0x000000010ec6c000, 0x0000000110c6c000)

Polling page: 0x000000010a0b9000

CodeCache: size=245760Kb used=12638Kb max_used=13091Kb free=233121Kb
 bounds [0x0000000117023000, 0x0000000117d23000, 0x0000000126023000]
 total_blobs=4171 nmethods=3521 adapters=563
 compilation: enabled

Compilation events (10 events):
Event: 9.482 Thread 0x00007fe8df054800 nmethod 3803 0x0000000117496110 code [0x0000000117496260, 0x0000000117496370]
Event: 9.482 Thread 0x00007fe8df054800 3823       3       java.util.Collections$EmptyList::iterator (4 bytes)
Event: 9.482 Thread 0x00007fe8df054800 nmethod 3823 0x00000001171d4e90 code [0x00000001171d5000, 0x00000001171d51b0]
Event: 9.482 Thread 0x00007fe8df054800 3824       1       org.gradle.model.internal.registry.RuleBinder::getInputBindings (5 bytes)
Event: 9.483 Thread 0x00007fe8df054800 nmethod 3824 0x00000001172eae90 code [0x00000001172eafe0, 0x00000001172eb0f0]
Event: 9.486 Thread 0x00007fe8df054800 3825       3       groovy.lang.MetaMethod::isPublic (15 bytes)
Event: 9.487 Thread 0x00007fe8df054800 nmethod 3825 0x0000000117333150 code [0x00000001173332c0, 0x0000000117333528]
Event: 9.489 Thread 0x00007fe8df054800 3826       3       org.codehaus.groovy.runtime.metaclass.MetaClassRegistryImpl::getMetaClass (12 bytes)
Event: 9.490 Thread 0x00007fe8df054800 nmethod 3826 0x000000011727a810 code [0x000000011727aa60, 0x000000011727bac8]
Event: 9.490 Thread 0x00007fe8df054800 3827       3       org.codehaus.groovy.reflection.ClassInfo::getMetaClass (17 bytes)

GC Heap History (10 events):
Event: 4.390 GC heap before
{Heap before GC invocations=7 (full 1):
 PSYoungGen      total 71680K, used 66560K [0x0000000795580000, 0x000000079ea80000, 0x00000007c0000000)
  eden space 66560K, 100% used [0x0000000795580000,0x0000000799680000,0x0000000799680000)
  from space 5120K, 0% used [0x0000000799680000,0x0000000799680000,0x0000000799b80000)
  to   space 9728K, 0% used [0x000000079e100000,0x000000079e100000,0x000000079ea80000)
 ParOldGen       total 62464K, used 8847K [0x0000000740000000, 0x0000000743d00000, 0x0000000795580000)
  object space 62464K, 14% used [0x0000000740000000,0x00000007408a3dd0,0x0000000743d00000)
 Metaspace       used 25337K, capacity 25952K, committed 26240K, reserved 1071104K
  class space    used 3433K, capacity 3641K, committed 3712K, reserved 1048576K
Event: 4.404 GC heap after
Heap after GC invocations=7 (full 1):
 PSYoungGen      total 105472K, used 5960K [0x0000000795580000, 0x000000079e700000, 0x00000007c0000000)
  eden space 99328K, 0% used [0x0000000795580000,0x0000000795580000,0x000000079b680000)
  from space 6144K, 97% used [0x000000079e100000,0x000000079e6d2030,0x000000079e700000)
  to   space 9728K, 0% used [0x000000079d400000,0x000000079d400000,0x000000079dd80000)
 ParOldGen       total 62464K, used 8855K [0x0000000740000000, 0x0000000743d00000, 0x0000000795580000)
  object space 62464K, 14% used [0x0000000740000000,0x00000007408a5dd0,0x0000000743d00000)
 Metaspace       used 25337K, capacity 25952K, committed 26240K, reserved 1071104K
  class space    used 3433K, capacity 3641K, committed 3712K, reserved 1048576K
}
Event: 5.934 GC heap before
{Heap before GC invocations=8 (full 1):
 PSYoungGen      total 105472K, used 105288K [0x0000000795580000, 0x000000079e700000, 0x00000007c0000000)
  eden space 99328K, 100% used [0x0000000795580000,0x000000079b680000,0x000000079b680000)
  from space 6144K, 97% used [0x000000079e100000,0x000000079e6d2030,0x000000079e700000)
  to   space 9728K, 0% used [0x000000079d400000,0x000000079d400000,0x000000079dd80000)
 ParOldGen       total 62464K, used 8855K [0x0000000740000000, 0x0000000743d00000, 0x0000000795580000)
  object space 62464K, 14% used [0x0000000740000000,0x00000007408a5dd0,0x0000000743d00000)
 Metaspace       used 32053K, capacity 33006K, committed 33280K, reserved 1077248K
  class space    used 4457K, capacity 4835K, committed 4864K, reserved 1048576K
Event: 5.956 GC heap after
Heap after GC invocations=8 (full 1):
 PSYoungGen      total 139264K, used 9696K [0x0000000795580000, 0x000000079ff00000, 0x00000007c0000000)
  eden space 129536K, 0% used [0x0000000795580000,0x0000000795580000,0x000000079d400000)
  from space 9728K, 99% used [0x000000079d400000,0x000000079dd78010,0x000000079dd80000)
  to   space 13824K, 0% used [0x000000079f180000,0x000000079f180000,0x000000079ff00000)
 ParOldGen       total 62464K, used 15708K [0x0000000740000000, 0x0000000743d00000, 0x0000000795580000)
  object space 62464K, 25% used [0x0000000740000000,0x0000000740f57270,0x0000000743d00000)
 Metaspace       used 32053K, capacity 33006K, committed 33280K, reserved 1077248K
  class space    used 4457K, capacity 4835K, committed 4864K, reserved 1048576K
}
Event: 6.791 GC heap before
{Heap before GC invocations=9 (full 1):
 PSYoungGen      total 139264K, used 56063K [0x0000000795580000, 0x000000079ff00000, 0x00000007c0000000)
  eden space 129536K, 35% used [0x0000000795580000,0x00000007982c7c48,0x000000079d400000)
  from space 9728K, 99% used [0x000000079d400000,0x000000079dd78010,0x000000079dd80000)
  to   space 13824K, 0% used [0x000000079f180000,0x000000079f180000,0x000000079ff00000)
 ParOldGen       total 62464K, used 15708K [0x0000000740000000, 0x0000000743d00000, 0x0000000795580000)
  object space 62464K, 25% used [0x0000000740000000,0x0000000740f57270,0x0000000743d00000)
 Metaspace       used 34361K, capacity 35304K, committed 35416K, reserved 1079296K
  class space    used 4787K, capacity 5198K, committed 5248K, reserved 1048576K
Event: 6.824 GC heap after
Heap after GC invocations=9 (full 1):
 PSYoungGen      total 157184K, used 13792K [0x0000000795580000, 0x00000007a3600000, 0x00000007c0000000)
  eden space 143360K, 0% used [0x0000000795580000,0x0000000795580000,0x000000079e180000)
  from space 13824K, 99% used [0x000000079f180000,0x000000079fef8010,0x000000079ff00000)
  to   space 16384K, 0% used [0x000000079e180000,0x000000079e180000,0x000000079f180000)
 ParOldGen       total 62464K, used 16996K [0x0000000740000000, 0x0000000743d00000, 0x0000000795580000)
  object space 62464K, 27% used [0x0000000740000000,0x0000000741099258,0x0000000743d00000)
 Metaspace       used 34361K, capacity 35304K, committed 35416K, reserved 1079296K
  class space    used 4787K, capacity 5198K, committed 5248K, reserved 1048576K
}
Event: 6.824 GC heap before
{Heap before GC invocations=10 (full 2):
 PSYoungGen      total 157184K, used 13792K [0x0000000795580000, 0x00000007a3600000, 0x00000007c0000000)
  eden space 143360K, 0% used [0x0000000795580000,0x0000000795580000,0x000000079e180000)
  from space 13824K, 99% used [0x000000079f180000,0x000000079fef8010,0x000000079ff00000)
  to   space 16384K, 0% used [0x000000079e180000,0x000000079e180000,0x000000079f180000)
 ParOldGen       total 62464K, used 16996K [0x0000000740000000, 0x0000000743d00000, 0x0000000795580000)
  object space 62464K, 27% used [0x0000000740000000,0x0000000741099258,0x0000000743d00000)
 Metaspace       used 34361K, capacity 35304K, committed 35416K, reserved 1079296K
  class space    used 4787K, capacity 5198K, committed 5248K, reserved 1048576K
Event: 6.990 GC heap after
Heap after GC invocations=10 (full 2):
 PSYoungGen      total 157184K, used 0K [0x0000000795580000, 0x00000007a3600000, 0x00000007c0000000)
  eden space 143360K, 0% used [0x0000000795580000,0x0000000795580000,0x000000079e180000)
  from space 13824K, 0% used [0x000000079f180000,0x000000079f180000,0x000000079ff00000)
  to   space 16384K, 0% used [0x000000079e180000,0x000000079e180000,0x000000079f180000)
 ParOldGen       total 109056K, used 24598K [0x0000000740000000, 0x0000000746a80000, 0x0000000795580000)
  object space 109056K, 22% used [0x0000000740000000,0x0000000741805bd8,0x0000000746a80000)
 Metaspace       used 34361K, capacity 35304K, committed 35416K, reserved 1079296K
  class space    used 4787K, capacity 5198K, committed 5248K, reserved 1048576K
}
Event: 9.371 GC heap before
{Heap before GC invocations=11 (full 2):
 PSYoungGen      total 157184K, used 143360K [0x0000000795580000, 0x00000007a3600000, 0x00000007c0000000)
  eden space 143360K, 100% used [0x0000000795580000,0x000000079e180000,0x000000079e180000)
  from space 13824K, 0% used [0x000000079f180000,0x000000079f180000,0x000000079ff00000)
  to   space 16384K, 0% used [0x000000079e180000,0x000000079e180000,0x000000079f180000)
 ParOldGen       total 109056K, used 24598K [0x0000000740000000, 0x0000000746a80000, 0x0000000795580000)
  object space 109056K, 22% used [0x0000000740000000,0x0000000741805bd8,0x0000000746a80000)
 Metaspace       used 36930K, capacity 37848K, committed 38104K, reserved 1081344K
  class space    used 5154K, capacity 5546K, committed 5632K, reserved 1048576K
Event: 9.391 GC heap after
Heap after GC invocations=11 (full 2):
 PSYoungGen      total 159744K, used 14713K [0x0000000795580000, 0x00000007a2480000, 0x00000007c0000000)
  eden space 143360K, 0% used [0x0000000795580000,0x0000000795580000,0x000000079e180000)
  from space 16384K, 89% used [0x000000079e180000,0x000000079efde400,0x000000079f180000)
  to   space 17920K, 0% used [0x00000007a1300000,0x00000007a1300000,0x00000007a2480000)
 ParOldGen       total 109056K, used 24606K [0x0000000740000000, 0x0000000746a80000, 0x0000000795580000)
  object space 109056K, 22% used [0x0000000740000000,0x0000000741807bd8,0x0000000746a80000)
 Metaspace       used 36930K, capacity 37848K, committed 38104K, reserved 1081344K
  class space    used 5154K, capacity 5546K, committed 5632K, reserved 1048576K
}

Deoptimization events (10 events):
Event: 7.216 Thread 0x00007fe8df007800 Uncommon trap: reason=array_check action=maybe_recompile pc=0x0000000117aa83c8 method=java.util.AbstractCollection.toArray([Ljava/lang/Object;)[Ljava/lang/Object; @ 119
Event: 7.216 Thread 0x00007fe8df007800 Uncommon trap: reason=array_check action=maybe_recompile pc=0x0000000117aa83c8 method=java.util.AbstractCollection.toArray([Ljava/lang/Object;)[Ljava/lang/Object; @ 119
Event: 7.292 Thread 0x00007fe8df007800 Uncommon trap: reason=unstable_if action=reinterpret pc=0x0000000117999978 method=java.util.Arrays.hashCode([Ljava/lang/Object;)I @ 34
Event: 7.292 Thread 0x00007fe8df007800 Uncommon trap: reason=unstable_if action=reinterpret pc=0x000000011798d5e8 method=java.lang.Integer.valueOf(I)Ljava/lang/Integer; @ 3
Event: 8.713 Thread 0x00007fe8df007800 Uncommon trap: reason=unstable_if action=reinterpret pc=0x0000000117b1ac3c method=org.objectweb.asm.Type.getArgumentsAndReturnSizes(Ljava/lang/String;)I @ 47
Event: 8.790 Thread 0x00007fe8df007800 Uncommon trap: reason=unstable_if action=reinterpret pc=0x0000000117c4a17c method=java.util.TreeMap.put(Ljava/lang/Object;Ljava/lang/Object;)Ljava/lang/Object; @ 163
Event: 8.853 Thread 0x00007fe8df007800 Uncommon trap: reason=unstable_if action=reinterpret pc=0x0000000117941078 method=org.codehaus.groovy.util.ReferenceManager$2.afterReferenceCreation(Lorg/codehaus/groovy/util/Reference;)V @ 33
Event: 8.856 Thread 0x00007fe8df007800 Uncommon trap: reason=unstable_if action=reinterpret pc=0x0000000117c86820 method=org.codehaus.groovy.util.ReferenceManager$2.afterReferenceCreation(Lorg/codehaus/groovy/util/Reference;)V @ 8
Event: 8.860 Thread 0x00007fe8df007800 Uncommon trap: reason=unstable_if action=reinterpret pc=0x0000000117c30340 method=java.lang.reflect.Executable.sharedToGenericString(IZ)Ljava/lang/String; @ 282
Event: 8.992 Thread 0x00007fe8df007800 Uncommon trap: reason=unstable_if action=reinterpret pc=0x0000000117827154 method=org.codehaus.groovy.util.ReferenceManager$2.afterReferenceCreation(Lorg/codehaus/groovy/util/Reference;)V @ 8

Internal exceptions (10 events):
Event: 9.370 Thread 0x00007fe8df007800 Exception <a 'java/lang/ClassNotFoundException': org/gradle/api/tasks/ExecCustomizer> (0x000000079e104c30) thrown at [/HUDSON3/workspace/8-2-build-macosx-x86_64/jdk8u101/7261/hotspot/src/share/vm/classfile/systemDictionary.cpp, line 210]
Event: 9.370 Thread 0x00007fe8df007800 Exception <a 'java/lang/ClassNotFoundException': org/gradle/api/tasks/Exec_DecoratedCustomizer> (0x000000079e128490) thrown at [/HUDSON3/workspace/8-2-build-macosx-x86_64/jdk8u101/7261/hotspot/src/share/vm/classfile/systemDictionary.cpp, line 210]
Event: 9.409 Thread 0x00007fe8df007800 Exception <a 'java/lang/ClassNotFoundException': org/gradle/process/ExecSpecBeanInfo> (0x00000007955dc8d0) thrown at [/HUDSON3/workspace/8-2-build-macosx-x86_64/jdk8u101/7261/hotspot/src/share/vm/classfile/systemDictionary.cpp, line 210]
Event: 9.409 Thread 0x00007fe8df007800 Exception <a 'java/lang/ClassNotFoundException': org/gradle/process/ExecSpecCustomizer> (0x00000007955ebb08) thrown at [/HUDSON3/workspace/8-2-build-macosx-x86_64/jdk8u101/7261/hotspot/src/share/vm/classfile/systemDictionary.cpp, line 210]
Event: 9.411 Thread 0x00007fe8df007800 Exception <a 'java/lang/ClassNotFoundException': org/gradle/process/BaseExecSpecBeanInfo> (0x0000000795613bc8) thrown at [/HUDSON3/workspace/8-2-build-macosx-x86_64/jdk8u101/7261/hotspot/src/share/vm/classfile/systemDictionary.cpp, line 210]
Event: 9.411 Thread 0x00007fe8df007800 Exception <a 'java/lang/ClassNotFoundException': org/gradle/process/BaseExecSpecCustomizer> (0x0000000795623648) thrown at [/HUDSON3/workspace/8-2-build-macosx-x86_64/jdk8u101/7261/hotspot/src/share/vm/classfile/systemDictionary.cpp, line 210]
Event: 9.416 Thread 0x00007fe8df007800 Exception <a 'java/lang/ClassNotFoundException': org/gradle/process/ProcessForkOptionsBeanInfo> (0x00000007956497a8) thrown at [/HUDSON3/workspace/8-2-build-macosx-x86_64/jdk8u101/7261/hotspot/src/share/vm/classfile/systemDictionary.cpp, line 210]
Event: 9.417 Thread 0x00007fe8df007800 Exception <a 'java/lang/ClassNotFoundException': org/gradle/process/ProcessForkOptionsCustomizer> (0x000000079565a5f8) thrown at [/HUDSON3/workspace/8-2-build-macosx-x86_64/jdk8u101/7261/hotspot/src/share/vm/classfile/systemDictionary.cpp, line 210]
Event: 9.421 Thread 0x00007fe8df007800 Exception <a 'java/lang/ClassNotFoundException': org/apache/tools/ant/taskdefs/condition/OsBeanInfo> (0x000000079569c808) thrown at [/HUDSON3/workspace/8-2-build-macosx-x86_64/jdk8u101/7261/hotspot/src/share/vm/classfile/systemDictionary.cpp, line 210]
Event: 9.421 Thread 0x00007fe8df007800 Exception <a 'java/lang/ClassNotFoundException': org/apache/tools/ant/taskdefs/condition/OsCustomizer> (0x00000007956a9200) thrown at [/HUDSON3/workspace/8-2-build-macosx-x86_64/jdk8u101/7261/hotspot/src/share/vm/classfile/systemDictionary.cpp, line 210]

Events (10 events):
Event: 9.457 loading class org/gradle/api/internal/project/taskfactory/AnnotationProcessingTaskFactory$PropertyInfo$4
Event: 9.457 loading class org/gradle/api/internal/project/taskfactory/AnnotationProcessingTaskFactory$PropertyInfo$4 done
Event: 9.458 loading class org/gradle/api/internal/project/taskfactory/AnnotationProcessingTaskFactory$PropertyInfo$5
Event: 9.458 loading class org/gradle/api/internal/project/taskfactory/AnnotationProcessingTaskFactory$PropertyInfo$5 done
Event: 9.467 loading class org/gradle/api/internal/file/copy/DefaultCopySpec$DefaultCopySpecResolver$1
Event: 9.467 loading class org/gradle/api/internal/file/copy/DefaultCopySpec$DefaultCopySpecResolver$1 done
Event: 9.468 loading class org/gradle/api/internal/file/DefaultCompositeFileTree
Event: 9.468 loading class org/gradle/api/internal/file/DefaultCompositeFileTree done
Event: 9.491 loading class groovy/runtime/metaclass/com/android/build/gradle/internal/dependency/ManifestDependencyImplMetaClass
Event: 9.491 loading class groovy/runtime/metaclass/com/android/build/gradle/internal/dependency/ManifestDependencyImplMetaClass done


Dynamic libraries:
0x0000000015df1000 	/System/Library/Frameworks/Cocoa.framework/Versions/A/Cocoa
0x0000000015df1000 	/System/Library/Frameworks/Security.framework/Versions/A/Security
0x0000000015df1000 	/System/Library/Frameworks/ApplicationServices.framework/Versions/A/ApplicationServices
0x0000000015df1000 	/usr/lib/libz.1.dylib
0x0000000109fd7000 	/usr/lib/libSystem.B.dylib
0x0000000015df1000 	/usr/lib/libobjc.A.dylib
0x0000000015df1000 	/System/Library/Frameworks/CoreFoundation.framework/Versions/A/CoreFoundation
0x0000000015df1000 	/System/Library/Frameworks/Foundation.framework/Versions/C/Foundation
0x0000000015df1000 	/System/Library/Frameworks/AppKit.framework/Versions/C/AppKit
0x0000000015df1000 	/System/Library/Frameworks/CoreData.framework/Versions/A/CoreData
0x0000000015df1000 	/System/Library/PrivateFrameworks/RemoteViewServices.framework/Versions/A/RemoteViewServices
0x0000000015df1000 	/System/Library/PrivateFrameworks/UIFoundation.framework/Versions/A/UIFoundation
0x0000000015df1000 	/System/Library/PrivateFrameworks/DFRFoundation.framework/Versions/A/DFRFoundation
0x0000000015df1000 	/usr/lib/libenergytrace.dylib
0x0000000015df1000 	/System/Library/PrivateFrameworks/SkyLight.framework/Versions/A/SkyLight
0x0000000015df1000 	/System/Library/Frameworks/CoreGraphics.framework/Versions/A/CoreGraphics
0x0000000015df1000 	/usr/lib/libScreenReader.dylib
0x0000000015df1000 	/System/Library/Frameworks/Accelerate.framework/Versions/A/Accelerate
0x0000000015df1000 	/System/Library/Frameworks/IOSurface.framework/Versions/A/IOSurface
0x0000000015df1000 	/System/Library/Frameworks/AudioToolbox.framework/Versions/A/AudioToolbox
0x0000000015df1000 	/System/Library/Frameworks/AudioUnit.framework/Versions/A/AudioUnit
0x0000000015df1000 	/System/Library/PrivateFrameworks/DataDetectorsCore.framework/Versions/A/DataDetectorsCore
0x0000000015df1000 	/System/Library/PrivateFrameworks/DesktopServicesPriv.framework/Versions/A/DesktopServicesPriv
0x0000000015df1000 	/System/Library/Frameworks/Carbon.framework/Versions/A/Frameworks/HIToolbox.framework/Versions/A/HIToolbox
0x0000000015df1000 	/usr/lib/libicucore.A.dylib
0x0000000015df1000 	/System/Library/Frameworks/QuartzCore.framework/Versions/A/QuartzCore
0x0000000015df1000 	/System/Library/Frameworks/Carbon.framework/Versions/A/Frameworks/SpeechRecognition.framework/Versions/A/SpeechRecognition
0x0000000015df1000 	/usr/lib/libauto.dylib
0x0000000015df1000 	/usr/lib/libxml2.2.dylib
0x0000000015df1000 	/System/Library/PrivateFrameworks/CoreUI.framework/Versions/A/CoreUI
0x0000000015df1000 	/System/Library/Frameworks/CoreAudio.framework/Versions/A/CoreAudio
0x0000000015df1000 	/System/Library/Frameworks/DiskArbitration.framework/Versions/A/DiskArbitration
0x0000000015df1000 	/usr/lib/liblangid.dylib
0x0000000015df1000 	/System/Library/PrivateFrameworks/MultitouchSupport.framework/Versions/A/MultitouchSupport
0x0000000109fde000 	/System/Library/Frameworks/IOKit.framework/Versions/A/IOKit
0x0000000015df1000 	/usr/lib/libDiagnosticMessagesClient.dylib
0x0000000015df1000 	/System/Library/Frameworks/CoreServices.framework/Versions/A/CoreServices
0x0000000015df1000 	/System/Library/PrivateFrameworks/PerformanceAnalysis.framework/Versions/A/PerformanceAnalysis
0x0000000015df1000 	/System/Library/PrivateFrameworks/GenerationalStorage.framework/Versions/A/GenerationalStorage
0x0000000015df1000 	/System/Library/Frameworks/OpenGL.framework/Versions/A/OpenGL
0x0000000015df1000 	/System/Library/Frameworks/CoreImage.framework/Versions/A/CoreImage
0x0000000015df1000 	/System/Library/Frameworks/CoreText.framework/Versions/A/CoreText
0x0000000015df1000 	/System/Library/Frameworks/ImageIO.framework/Versions/A/ImageIO
0x0000000015df1000 	/System/Library/PrivateFrameworks/Backup.framework/Versions/A/Backup
0x0000000015df1000 	/usr/lib/libarchive.2.dylib
0x000000010a0bb000 	/System/Library/Frameworks/CFNetwork.framework/Versions/A/CFNetwork
0x0000000015df1000 	/System/Library/Frameworks/SystemConfiguration.framework/Versions/A/SystemConfiguration
0x0000000015df1000 	/usr/lib/libCRFSuite.dylib
0x0000000015df1000 	/usr/lib/libc++.1.dylib
0x0000000015df1000 	/usr/lib/libc++abi.dylib
0x0000000015df1000 	/usr/lib/system/libcache.dylib
0x0000000015df1000 	/usr/lib/system/libcommonCrypto.dylib
0x0000000015df1000 	/usr/lib/system/libcompiler_rt.dylib
0x0000000015df1000 	/usr/lib/system/libcopyfile.dylib
0x0000000015df1000 	/usr/lib/system/libcorecrypto.dylib
0x0000000015df1000 	/usr/lib/system/libdispatch.dylib
0x000000010a7a6000 	/usr/lib/system/libdyld.dylib
0x0000000015df1000 	/usr/lib/system/libkeymgr.dylib
0x0000000015df1000 	/usr/lib/system/liblaunch.dylib
0x0000000015df1000 	/usr/lib/system/libmacho.dylib
0x0000000015df1000 	/usr/lib/system/libquarantine.dylib
0x0000000015df1000 	/usr/lib/system/libremovefile.dylib
0x0000000015df1000 	/usr/lib/system/libsystem_asl.dylib
0x0000000015df1000 	/usr/lib/system/libsystem_blocks.dylib
0x0000000015df1000 	/usr/lib/system/libsystem_c.dylib
0x0000000015df1000 	/usr/lib/system/libsystem_configuration.dylib
0x0000000015df1000 	/usr/lib/system/libsystem_coreservices.dylib
0x000000010a7bb000 	/usr/lib/system/libsystem_coretls.dylib
0x0000000015df1000 	/usr/lib/system/libsystem_dnssd.dylib
0x0000000015df1000 	/usr/lib/system/libsystem_info.dylib
0x000000010a7df000 	/usr/lib/system/libsystem_kernel.dylib
0x0000000015df1000 	/usr/lib/system/libsystem_m.dylib
0x0000000015df1000 	/usr/lib/system/libsystem_malloc.dylib
0x0000000015df1000 	/usr/lib/system/libsystem_network.dylib
0x000000010a81d000 	/usr/lib/system/libsystem_networkextension.dylib
0x0000000015df1000 	/usr/lib/system/libsystem_notify.dylib
0x0000000015df1000 	/usr/lib/system/libsystem_platform.dylib
0x0000000015df1000 	/usr/lib/system/libsystem_pthread.dylib
0x000000010a837000 	/usr/lib/system/libsystem_sandbox.dylib
0x0000000015df1000 	/usr/lib/system/libsystem_secinit.dylib
0x000000010a848000 	/usr/lib/system/libsystem_symptoms.dylib
0x000000010a856000 	/usr/lib/system/libsystem_trace.dylib
0x0000000015df1000 	/usr/lib/system/libunwind.dylib
0x0000000015df1000 	/usr/lib/system/libxpc.dylib
0x0000000015df1000 	/usr/lib/libbsm.0.dylib
0x000000010a88f000 	/usr/lib/system/libkxld.dylib
0x0000000015df1000 	/usr/lib/libcoretls.dylib
0x0000000015df1000 	/usr/lib/libcoretls_cfhelpers.dylib
0x0000000015df1000 	/usr/lib/libxar.1.dylib
0x0000000015df1000 	/usr/lib/libsqlite3.dylib
0x0000000015df1000 	/usr/lib/libpam.2.dylib
0x0000000015df1000 	/usr/lib/libOpenScriptingUtil.dylib
0x0000000015df1000 	/usr/lib/libbz2.1.0.dylib
0x0000000015df1000 	/usr/lib/liblzma.5.dylib
0x0000000015df1000 	/usr/lib/libnetwork.dylib
0x0000000015df1000 	/usr/lib/libpcap.A.dylib
0x0000000015df1000 	/System/Library/Frameworks/CoreServices.framework/Versions/A/Frameworks/FSEvents.framework/Versions/A/FSEvents
0x0000000015df1000 	/System/Library/Frameworks/CoreServices.framework/Versions/A/Frameworks/CarbonCore.framework/Versions/A/CarbonCore
0x0000000015df1000 	/System/Library/Frameworks/CoreServices.framework/Versions/A/Frameworks/Metadata.framework/Versions/A/Metadata
0x0000000015df1000 	/System/Library/Frameworks/CoreServices.framework/Versions/A/Frameworks/OSServices.framework/Versions/A/OSServices
0x0000000015df1000 	/System/Library/Frameworks/CoreServices.framework/Versions/A/Frameworks/SearchKit.framework/Versions/A/SearchKit
0x0000000015df1000 	/System/Library/Frameworks/CoreServices.framework/Versions/A/Frameworks/AE.framework/Versions/A/AE
0x0000000015df1000 	/System/Library/Frameworks/CoreServices.framework/Versions/A/Frameworks/LaunchServices.framework/Versions/A/LaunchServices
0x0000000015df1000 	/System/Library/Frameworks/CoreServices.framework/Versions/A/Frameworks/DictionaryServices.framework/Versions/A/DictionaryServices
0x0000000015df1000 	/System/Library/Frameworks/CoreServices.framework/Versions/A/Frameworks/SharedFileList.framework/Versions/A/SharedFileList
0x0000000015df1000 	/System/Library/Frameworks/NetFS.framework/Versions/A/NetFS
0x0000000015df1000 	/System/Library/PrivateFrameworks/NetAuth.framework/Versions/A/NetAuth
0x0000000015df1000 	/System/Library/PrivateFrameworks/login.framework/Versions/A/Frameworks/loginsupport.framework/Versions/A/loginsupport
0x0000000015df1000 	/System/Library/PrivateFrameworks/TCC.framework/Versions/A/TCC
0x0000000015df1000 	/usr/lib/libmecabra.dylib
0x0000000015df1000 	/System/Library/Frameworks/ApplicationServices.framework/Versions/A/Frameworks/ATS.framework/Versions/A/ATS
0x0000000015df1000 	/System/Library/Frameworks/ApplicationServices.framework/Versions/A/Frameworks/ColorSync.framework/Versions/A/ColorSync
0x0000000015df1000 	/System/Library/Frameworks/ApplicationServices.framework/Versions/A/Frameworks/HIServices.framework/Versions/A/HIServices
0x0000000015df1000 	/System/Library/Frameworks/ApplicationServices.framework/Versions/A/Frameworks/LangAnalysis.framework/Versions/A/LangAnalysis
0x0000000015df1000 	/System/Library/Frameworks/ApplicationServices.framework/Versions/A/Frameworks/PrintCore.framework/Versions/A/PrintCore
0x0000000015df1000 	/System/Library/Frameworks/ApplicationServices.framework/Versions/A/Frameworks/QD.framework/Versions/A/QD
0x0000000015df1000 	/System/Library/Frameworks/ApplicationServices.framework/Versions/A/Frameworks/SpeechSynthesis.framework/Versions/A/SpeechSynthesis
0x0000000015df1000 	/System/Library/Frameworks/Accelerate.framework/Versions/A/Frameworks/vImage.framework/Versions/A/vImage
0x0000000015df1000 	/System/Library/Frameworks/Accelerate.framework/Versions/A/Frameworks/vecLib.framework/Versions/A/vecLib
0x0000000015df1000 	/System/Library/Frameworks/Accelerate.framework/Versions/A/Frameworks/vecLib.framework/Versions/A/libvDSP.dylib
0x0000000015df1000 	/System/Library/Frameworks/Accelerate.framework/Versions/A/Frameworks/vecLib.framework/Versions/A/libBNNS.dylib
0x0000000015df1000 	/System/Library/Frameworks/Accelerate.framework/Versions/A/Frameworks/vecLib.framework/Versions/A/libQuadrature.dylib
0x0000000015df1000 	/System/Library/Frameworks/Accelerate.framework/Versions/A/Frameworks/vecLib.framework/Versions/A/libvMisc.dylib
0x0000000015df1000 	/System/Library/Frameworks/Accelerate.framework/Versions/A/Frameworks/vecLib.framework/Versions/A/libLAPACK.dylib
0x0000000015df1000 	/System/Library/Frameworks/Accelerate.framework/Versions/A/Frameworks/vecLib.framework/Versions/A/libBLAS.dylib
0x0000000015df1000 	/System/Library/Frameworks/Accelerate.framework/Versions/A/Frameworks/vecLib.framework/Versions/A/libLinearAlgebra.dylib
0x0000000015df1000 	/System/Library/Frameworks/Accelerate.framework/Versions/A/Frameworks/vecLib.framework/Versions/A/libSparseBLAS.dylib
0x0000000015df1000 	/System/Library/Frameworks/ApplicationServices.framework/Versions/A/Frameworks/ATS.framework/Versions/A/Resources/libFontParser.dylib
0x0000000015df1000 	/System/Library/Frameworks/ApplicationServices.framework/Versions/A/Frameworks/ATS.framework/Versions/A/Resources/libFontRegistry.dylib
0x0000000015df1000 	/System/Library/Frameworks/ImageIO.framework/Versions/A/Resources/libJPEG.dylib
0x0000000015df1000 	/System/Library/Frameworks/ImageIO.framework/Versions/A/Resources/libTIFF.dylib
0x0000000015df1000 	/System/Library/Frameworks/ImageIO.framework/Versions/A/Resources/libPng.dylib
0x0000000015df1000 	/System/Library/Frameworks/ImageIO.framework/Versions/A/Resources/libGIF.dylib
0x0000000015df1000 	/System/Library/Frameworks/ImageIO.framework/Versions/A/Resources/libJP2.dylib
0x0000000015df1000 	/System/Library/Frameworks/ImageIO.framework/Versions/A/Resources/libRadiance.dylib
0x0000000015df1000 	/usr/lib/libcompression.dylib
0x0000000015df1000 	/System/Library/PrivateFrameworks/AppleJPEG.framework/Versions/A/AppleJPEG
0x0000000015df1000 	/usr/lib/libcups.2.dylib
0x0000000015df1000 	/System/Library/Frameworks/Kerberos.framework/Versions/A/Kerberos
0x0000000015df1000 	/System/Library/Frameworks/GSS.framework/Versions/A/GSS
0x0000000015df1000 	/usr/lib/libresolv.9.dylib
0x0000000015df1000 	/usr/lib/libiconv.2.dylib
0x0000000015df1000 	/System/Library/PrivateFrameworks/Heimdal.framework/Versions/A/Heimdal
0x0000000015df1000 	/usr/lib/libheimdal-asn1.dylib
0x0000000015df1000 	/System/Library/Frameworks/OpenDirectory.framework/Versions/A/OpenDirectory
0x0000000015df1000 	/System/Library/PrivateFrameworks/CommonAuth.framework/Versions/A/CommonAuth
0x0000000015df1000 	/System/Library/Frameworks/OpenDirectory.framework/Versions/A/Frameworks/CFOpenDirectory.framework/Versions/A/CFOpenDirectory
0x0000000015df1000 	/System/Library/Frameworks/SecurityFoundation.framework/Versions/A/SecurityFoundation
0x0000000015df1000 	/System/Library/PrivateFrameworks/LanguageModeling.framework/Versions/A/LanguageModeling
0x0000000015df1000 	/usr/lib/libmarisa.dylib
0x0000000015df1000 	/usr/lib/libChineseTokenizer.dylib
0x0000000015df1000 	/usr/lib/libcmph.dylib
0x0000000015df1000 	/System/Library/PrivateFrameworks/CoreEmoji.framework/Versions/A/CoreEmoji
0x0000000015df1000 	/System/Library/Frameworks/ServiceManagement.framework/Versions/A/ServiceManagement
0x0000000015df1000 	/usr/lib/libxslt.1.dylib
0x0000000015df1000 	/System/Library/Frameworks/Carbon.framework/Versions/A/Frameworks/Ink.framework/Versions/A/Ink
0x0000000015df1000 	/System/Library/PrivateFrameworks/TextureIO.framework/Versions/A/TextureIO
0x0000000015df1000 	/System/Library/Frameworks/Metal.framework/Versions/A/Metal
0x0000000015df1000 	/usr/lib/libate.dylib
0x0000000015df1000 	/System/Library/PrivateFrameworks/GPUCompiler.framework/libmetal_timestamp.dylib
0x0000000015df1000 	/System/Library/Frameworks/OpenGL.framework/Versions/A/Libraries/libCoreFSCache.dylib
0x0000000015df1000 	/System/Library/PrivateFrameworks/IOAccelerator.framework/Versions/A/IOAccelerator
0x0000000015df1000 	/System/Library/Frameworks/CoreVideo.framework/Versions/A/CoreVideo
0x0000000015df1000 	/usr/lib/libFosl_dynamic.dylib
0x0000000015df1000 	/System/Library/PrivateFrameworks/MetalPerformanceShaders.framework/Versions/A/MetalPerformanceShaders
0x0000000015df1000 	/System/Library/PrivateFrameworks/FaceCore.framework/Versions/A/FaceCore
0x0000000015df1000 	/System/Library/Frameworks/OpenCL.framework/Versions/A/OpenCL
0x0000000015df1000 	/System/Library/Frameworks/OpenGL.framework/Versions/A/Libraries/libGLU.dylib
0x0000000015df1000 	/System/Library/Frameworks/OpenGL.framework/Versions/A/Libraries/libGFXShared.dylib
0x0000000015df1000 	/System/Library/Frameworks/OpenGL.framework/Versions/A/Libraries/libGL.dylib
0x0000000015df1000 	/System/Library/Frameworks/OpenGL.framework/Versions/A/Libraries/libGLImage.dylib
0x0000000015df1000 	/System/Library/Frameworks/OpenGL.framework/Versions/A/Libraries/libCVMSPluginSupport.dylib
0x0000000015df1000 	/System/Library/Frameworks/OpenGL.framework/Versions/A/Libraries/libCoreVMClient.dylib
0x0000000015df1000 	/System/Library/PrivateFrameworks/CrashReporterSupport.framework/Versions/A/CrashReporterSupport
0x0000000015df1000 	/System/Library/PrivateFrameworks/Sharing.framework/Versions/A/Sharing
0x0000000015df1000 	/System/Library/PrivateFrameworks/IconServices.framework/Versions/A/IconServices
0x0000000015df1000 	/System/Library/PrivateFrameworks/ProtocolBuffer.framework/Versions/A/ProtocolBuffer
0x0000000015df1000 	/System/Library/PrivateFrameworks/Apple80211.framework/Versions/A/Apple80211
0x0000000015df1000 	/System/Library/Frameworks/CoreWLAN.framework/Versions/A/CoreWLAN
0x0000000015df1000 	/System/Library/PrivateFrameworks/CoreUtils.framework/Versions/A/CoreUtils
0x0000000015df1000 	/System/Library/Frameworks/IOBluetooth.framework/Versions/A/IOBluetooth
0x0000000015df1000 	/System/Library/PrivateFrameworks/CoreWiFi.framework/Versions/A/CoreWiFi
0x0000000015df1000 	/System/Library/Frameworks/CoreBluetooth.framework/Versions/A/CoreBluetooth
0x0000000015df1000 	/System/Library/Frameworks/CoreDisplay.framework/Versions/A/CoreDisplay
0x0000000015df1000 	/System/Library/PrivateFrameworks/IOPresentment.framework/Versions/A/IOPresentment
0x0000000015df1000 	/System/Library/PrivateFrameworks/DebugSymbols.framework/Versions/A/DebugSymbols
0x0000000015df1000 	/System/Library/PrivateFrameworks/CoreSymbolication.framework/Versions/A/CoreSymbolication
0x0000000015df1000 	/System/Library/PrivateFrameworks/Symbolication.framework/Versions/A/Symbolication
0x0000000015df1000 	/System/Library/PrivateFrameworks/AppleFSCompression.framework/Versions/A/AppleFSCompression
0x0000000015df1000 	/System/Library/PrivateFrameworks/SpeechRecognitionCore.framework/Versions/A/SpeechRecognitionCore
0x0000000015df1000 	/System/Library/PrivateFrameworks/ChunkingLibrary.framework/Versions/A/ChunkingLibrary
0x000000010a8fd000 	/Library/Java/JavaVirtualMachines/jdk1.8.0_101.jdk/Contents/Home/jre/lib/server/libjvm.dylib
0x0000000015df1000 	/usr/lib/libstdc++.6.dylib
0x000000010b89a000 	/Library/Java/JavaVirtualMachines/jdk1.8.0_101.jdk/Contents/Home/jre/lib/libverify.dylib
0x000000010b8a8000 	/Library/Java/JavaVirtualMachines/jdk1.8.0_101.jdk/Contents/Home/jre/lib/libjava.dylib
0x000000010b8e5000 	/Library/Java/JavaVirtualMachines/jdk1.8.0_101.jdk/Contents/Home/jre/lib/libzip.dylib
0x0000000112a67000 	/System/Library/Frameworks/JavaVM.framework/Frameworks/JavaRuntimeSupport.framework/JavaRuntimeSupport
0x000000010b9ea000 	/System/Library/Frameworks/JavaVM.framework/Versions/A/Frameworks/JavaNativeFoundation.framework/Versions/A/JavaNativeFoundation
0x0000000112a81000 	/System/Library/Frameworks/JavaVM.framework/Versions/A/JavaVM
0x0000000015df1000 	/System/Library/Frameworks/Carbon.framework/Versions/A/Carbon
0x0000000112a8e000 	/System/Library/PrivateFrameworks/JavaLaunching.framework/Versions/A/JavaLaunching
0x0000000015df1000 	/System/Library/Frameworks/Carbon.framework/Versions/A/Frameworks/CommonPanels.framework/Versions/A/CommonPanels
0x0000000015df1000 	/System/Library/Frameworks/Carbon.framework/Versions/A/Frameworks/Help.framework/Versions/A/Help
0x0000000015df1000 	/System/Library/Frameworks/Carbon.framework/Versions/A/Frameworks/ImageCapture.framework/Versions/A/ImageCapture
0x0000000015df1000 	/System/Library/Frameworks/Carbon.framework/Versions/A/Frameworks/OpenScripting.framework/Versions/A/OpenScripting
0x0000000015df1000 	/System/Library/Frameworks/Carbon.framework/Versions/A/Frameworks/Print.framework/Versions/A/Print
0x0000000015df1000 	/System/Library/Frameworks/Carbon.framework/Versions/A/Frameworks/SecurityHI.framework/Versions/A/SecurityHI
0x00000001143c1000 	/Library/Java/JavaVirtualMachines/jdk1.8.0_101.jdk/Contents/Home/jre/lib/libnet.dylib
0x0000000114420000 	/Library/Java/JavaVirtualMachines/jdk1.8.0_101.jdk/Contents/Home/jre/lib/libnio.dylib
0x000000011490e000 	/Users/elchroy/.gradle/native/19/osx-amd64/libnative-platform.dylib
0x0000000114913000 	/Users/elchroy/.gradle/native/19/osx-amd64/libnative-platform-curses.dylib
0x0000000015df1000 	/usr/lib/libncurses.5.4.dylib
0x0000000114917000 	/private/var/folders/3j/p0_wzk9d1ns47ybk3ng5x3w80000gn/T/jna1765371835142225460.tmp
0x000000011492c000 	/Library/Java/JavaVirtualMachines/jdk1.8.0_101.jdk/Contents/Home/jre/lib/libmanagement.dylib

VM Arguments:
jvm_args: -Dorg.gradle.appname=gradlew 
java_command: org.gradle.wrapper.GradleWrapperMain installDebug
java_class_path (initial): /Users/elchroy/Roy/Code/rubyment/roymobile/android/gradle/wrapper/gradle-wrapper.jar
Launcher Type: SUN_STANDARD

Environment Variables:
PATH=/usr/local/opt/nvm/versions/node/v6.3.0/lib/node_modules/npm/bin/node-gyp-bin:/Users/elchroy/Roy/Code/rubyment/roymobile/node_modules/.bin:/usr/local/opt/nvm/versions/node/v6.3.0/bin:/Users/elchroy/.rvm/gems/ruby-2.3.0/bin:/Users/elchroy/.rvm/gems/ruby-2.3.0@global/bin:/Users/elchroy/.rvm/rubies/ruby-2.3.0/bin:/usr/local/opt/nvm/versions/node/v6.3.0/bin:/usr/local/mysql/bin:/usr/local/share/python:/usr/local/bin:/usr/bin:/bin:/usr/sbin:/sbin:/Users/elchroy/golang/src/github.com/andela/bin:/usr/local/opt/go/libexec/bin:/Users/elchroy/.rvm/bin:/Users/elchroy/Library/Android/sdk/tools:/Users/elchroy/Library/Android/sdk/platform-tools
SHELL=/bin/zsh

Signal Handlers:
SIGSEGV: [libjvm.dylib+0x5af145], sa_mask[0]=11111111011111110111111111111111, sa_flags=SA_ONSTACK|SA_RESTART|SA_SIGINFO
SIGBUS: [libjvm.dylib+0x5af145], sa_mask[0]=11111111011111110111111111111111, sa_flags=SA_RESTART|SA_SIGINFO
SIGFPE: [libjvm.dylib+0x48694c], sa_mask[0]=11111111011111110111111111111111, sa_flags=SA_RESTART|SA_SIGINFO
SIGPIPE: [libjvm.dylib+0x48694c], sa_mask[0]=11111111011111110111111111111111, sa_flags=SA_RESTART|SA_SIGINFO
SIGXFSZ: [libjvm.dylib+0x48694c], sa_mask[0]=11111111011111110111111111111111, sa_flags=SA_RESTART|SA_SIGINFO
SIGILL: [libjvm.dylib+0x48694c], sa_mask[0]=11111111011111110111111111111111, sa_flags=SA_RESTART|SA_SIGINFO
SIGUSR1: SIG_DFL, sa_mask[0]=11111111011111110111111111111111, sa_flags=none
SIGUSR2: [libjvm.dylib+0x48646a], sa_mask[0]=00000000000000000000000000000000, sa_flags=SA_RESTART|SA_SIGINFO
SIGHUP: [libjvm.dylib+0x484a41], sa_mask[0]=11111111011111110111111111111111, sa_flags=SA_RESTART|SA_SIGINFO
SIGINT: [libjvm.dylib+0x484a41], sa_mask[0]=11111111011111110111111111111111, sa_flags=SA_RESTART|SA_SIGINFO
SIGTERM: [libjvm.dylib+0x484a41], sa_mask[0]=11111111011111110111111111111111, sa_flags=SA_RESTART|SA_SIGINFO
SIGQUIT: [libjvm.dylib+0x484a41], sa_mask[0]=11111111011111110111111111111111, sa_flags=SA_RESTART|SA_SIGINFO


---------------  S Y S T E M  ---------------

OS:Bsduname:Darwin 16.4.0 Darwin Kernel Version 16.4.0: Thu Dec 22 22:53:21 PST 2016; root:xnu-3789.41.3~3/RELEASE_X86_64 x86_64
rlimit: STACK 8192k, CORE 0k, NPROC 709, NOFILE 10240, AS infinity
load average:6.72 5.92 5.25

CPU:total 4 (2 cores per cpu, 2 threads per core) family 6 model 61 stepping 4, cmov, cx8, fxsr, mmx, sse, sse2, sse3, ssse3, sse4.1, sse4.2, popcnt, avx, avx2, aes, clmul, erms, 3dnowpref, lzcnt, ht, tsc, tscinvbit, bmi1, bmi2, adx

Memory: 4k page, physical 8388608k(152412k free)

/proc/meminfo:


vm_info: Java HotSpot(TM) 64-Bit Server VM (25.101-b13) for bsd-amd64 JRE (1.8.0_101-b13), built on Jun 22 2016 02:42:15 by "java_re" with gcc 4.2.1 (Based on Apple Inc. build 5658) (LLVM build 2336.11.00)

time: Tue Feb  7 13:02:20 2017
elapsed time: 9 seconds (0d 0h 0m 9s)

