#
# A fatal error has been detected by the Java Runtime Environment:
#
#  SIGSEGV (0xb) at pc=0x0000000106a86498, pid=26726, tid=0x0000000000000307
#
# JRE version: Java(TM) SE Runtime Environment (8.0_101-b13) (build 1.8.0_101-b13)
# Java VM: Java HotSpot(TM) 64-Bit Server VM (25.101-b13 mixed mode bsd-amd64 compressed oops)
# Problematic frame:
# V  [libjvm.dylib+0x486498]
#
# Failed to write core dump. Core dumps have been disabled. To enable core dumping, try "ulimit -c unlimited" before starting Java again
#
# If you would like to submit a bug report, please visit:
#   http://bugreport.java.com/bugreport/crash.jsp
#

---------------  T H R E A D  ---------------

Current thread is native thread

siginfo: si_signo: 11 (SIGSEGV), si_code: 1 (SEGV_MAPERR), si_addr: 0x0000000000000128

Registers:
RAX=0x0000000000000000, RBX=0x00007fff5a8d57a0, RCX=0x00007fffa9547408, RDX=0x00007fff5a8d57a0
RSP=0x00007fff5a8d52d0, RBP=0x00007fff5a8d5300, RSI=0x00007fff5a8d5738, RDI=0x0000000000000103
R8 =0x00007fff5a8d57a0, R9 =0x00000000ffffffff, R10=0x0000000000000c00, R11=0x0000000000000206
R12=0x0000000000000c00, R13=0x0000000000000000, R14=0x00007fff5a8d5738, R15=0x0000000000000002
RIP=0x0000000106a86498, EFLAGS=0x0000000000010202, ERR=0x0000000000000004
  TRAPNO=0x000000000000000e

Top of Stack: (sp=0x00007fff5a8d52d0)
0x00007fff5a8d52d0:   0000000000000000 00007fff5a8d57a0
0x00007fff5a8d52e0:   0000000000000c00 0000000000000000
0x00007fff5a8d52f0:   00007fff5a8d59d0 0000000000000d03
0x00007fff5a8d5300:   00007fff5a8d5310 00007fffa0907bba
0x00007fff5a8d5310:   00007fff5a8d58a0 0000000000015c00
0x00007fff5a8d5320:   00015d00a5f9b958 00007fffa93dd2d0
0x00007fff5a8d5330:   0100001f00000085 00007fff8b1a3680
0x00007fff5a8d5340:   0000000010004005 00000000ffffffff
0x00007fff5a8d5350:   00007fff5a8d5858 0000000000000000
0x00007fff5a8d5360:   00007fff5a8d59d0 0000000007000806
0x00007fff5a8d5370:   00007fff5a8d58a0 00007fff5a8d5858
0x00007fff5a8d5380:   0000000000000d03 00000000ffffffff
0x00007fff5a8d5390:   0000000000000c00 0000000000000206
0x00007fff5a8d53a0:   0000000000000c00 0000000000000000
0x00007fff5a8d53b0:   00007fff5a8d59d0 0000000000000d03
0x00007fff5a8d53c0:   0000000105b5a38a 0000000000000206
0x00007fff5a8d53d0:   0000000000000007 0000000000000000
0x00007fff5a8d53e0:   0000000000000000 0000000000000000
0x00007fff5a8d53f0:   000000000000037f 0000000000000000
0x00007fff5a8d5400:   0000000000000000 0000ffff00001fa0
0x00007fff5a8d5410:   0000000000000000 000000000000ffff
0x00007fff5a8d5420:   0000000000000100 000000000000ffff
0x00007fff5a8d5430:   0000000000000000 0000000000000000
0x00007fff5a8d5440:   0000000000000000 0000000000000000
0x00007fff5a8d5450:   87bc000000000000 000000000000c00b
0x00007fff5a8d5460:   0000000000000000 0000000000000000
0x00007fff5a8d5470:   8000000000000000 0000000000004007
0x00007fff5a8d5480:   c060000000000000 000000000000400a
0x00007fff5a8d5490:   41be4a7adeea9025 0000000000000000
0x00007fff5a8d54a0:   3fed5204af922962 0000000000000000
0x00007fff5a8d54b0:   c3de3f6b03b50301 439c094fc4afcfed
0x00007fff5a8d54c0:   0000000000000000 0000000000000000 

Instructions: (pc=0x0000000106a86498)
0x0000000106a86478:   83 ec 08 48 89 d3 49 89 f6 e8 00 26 14 00 44 8b
0x0000000106a86488:   38 48 8d 05 20 cd 3a 00 48 63 38 e8 ca 28 14 00
0x0000000106a86498:   4c 8b a0 28 01 00 00 41 83 7c 24 34 01 0f 85 e2
0x0000000106a864a8:   00 00 00 49 89 5c 24 40 4d 89 74 24 38 49 8d 5c 

Register to memory mapping:

RAX=0x0000000000000000 is an unknown value
RBX=0x00007fff5a8d57a0 is an unknown value
RCX=0x00007fffa9547408: _thread+0x48 in /usr/lib/system/libsystem_pthread.dylib at 0x00007fffa090e000
RDX=0x00007fff5a8d57a0 is an unknown value
RSP=0x00007fff5a8d52d0 is an unknown value
RBP=0x00007fff5a8d5300 is an unknown value
RSI=0x00007fff5a8d5738 is an unknown value
RDI=0x0000000000000103 is an unknown value
R8 =0x00007fff5a8d57a0 is an unknown value
R9 =0x00000000ffffffff is an unknown value
R10=0x0000000000000c00 is an unknown value
R11=0x0000000000000206 is an unknown value
R12=0x0000000000000c00 is an unknown value
R13=0x0000000000000000 is an unknown value
R14=0x00007fff5a8d5738 is an unknown value
R15=0x0000000000000002 is an unknown value


Stack: [0x00007fff5a0da000,0x00007fff5a8da000],  sp=0x00007fff5a8d52d0,  free space=8172k
Native frames: (J=compiled Java code, j=interpreted, Vv=VM code, C=native code)
V  [libjvm.dylib+0x486498]
C  [libsystem_platform.dylib+0x2bba]  _sigtramp+0x1a
C  0x0000000000015c00
C  [CoreFoundation+0x88c94]  __CFRunLoopServiceMachPort+0xd4
C  [CoreFoundation+0x88121]  __CFRunLoopRun+0x551
C  [CoreFoundation+0x87974]  CFRunLoopRunSpecific+0x1a4
C  [java+0x6465]  CreateExecutionEnvironment+0x367
C  [java+0x218c]  JLI_Launch+0x7a0
C  [java+0x84c2]  main+0x65
C  [java+0x19e4]  start+0x34


---------------  P R O C E S S  ---------------

VM state:not at safepoint (normal execution)

VM Mutex/Monitor currently owned by a thread: None

Heap:
 PSYoungGen      total 210432K, used 68417K [0x0000000795580000, 0x00000007a7d00000, 0x00000007c0000000)
  eden space 192512K, 26% used [0x0000000795580000,0x0000000798729110,0x00000007a1180000)
  from space 17920K, 98% used [0x00000007a1180000,0x00000007a22a7570,0x00000007a2300000)
  to   space 20992K, 0% used [0x00000007a6880000,0x00000007a6880000,0x00000007a7d00000)
 ParOldGen       total 120320K, used 28889K [0x0000000740000000, 0x0000000747580000, 0x0000000795580000)
  object space 120320K, 24% used [0x0000000740000000,0x0000000741c36490,0x0000000747580000)
 Metaspace       used 39980K, capacity 41314K, committed 41560K, reserved 1085440K
  class space    used 5638K, capacity 6210K, committed 6272K, reserved 1048576K

Card table byte_map: [0x000000010795d000,0x0000000107d5e000] byte_map_base: 0x0000000103f5d000

Marking Bits: (ParMarkBitMap*) 0x0000000106eedd20
 Begin Bits: [0x0000000108009000, 0x000000010a009000)
 End Bits:   [0x000000010a009000, 0x000000010c009000)

Polling page: 0x0000000105427000

CodeCache: size=245760Kb used=13929Kb max_used=14334Kb free=231830Kb
 bounds [0x000000010ddcd000, 0x000000010ebed000, 0x000000011cdcd000]
 total_blobs=4632 nmethods=3967 adapters=577
 compilation: enabled

Compilation events (10 events):
Event: 9.047 Thread 0x00007fc0d0016000 nmethod 4198 0x000000010df811d0 code [0x000000010df81340, 0x000000010df81538]
Event: 9.075 Thread 0x00007fc0d0061000 nmethod 4196 0x000000010defd190 code [0x000000010defd4e0, 0x000000010df00288]
Event: 9.083 Thread 0x00007fc0d0016000 4199 % !   4       com.android.ddmlib.AdbHelper::executeRemoteCommand @ 226 (548 bytes)
Event: 9.095 Thread 0x00007fc0d0016000 nmethod 4199% 0x000000010df2e510 code [0x000000010df2e6e0, 0x000000010df2eeb0]
Event: 9.148 Thread 0x00007fc0d0061000 4200       4       java.io.BufferedInputStream::read1 (108 bytes)
Event: 9.157 Thread 0x00007fc0d0016000 4201  s    4       java.io.BufferedInputStream::read (113 bytes)
Event: 9.159 Thread 0x00007fc0d0061000 nmethod 4200 0x000000010e180350 code [0x000000010e180500, 0x000000010e180be8]
Event: 9.192 Thread 0x00007fc0d0016000 nmethod 4201 0x000000010df19b10 code [0x000000010df19d40, 0x000000010df1b370]
Event: 9.479 Thread 0x00007fc0d1820800 4202       3       java.nio.channels.spi.AbstractInterruptibleChannel::end (50 bytes)
Event: 9.479 Thread 0x00007fc0d1820800 nmethod 4202 0x000000010e00c2d0 code [0x000000010e00c4a0, 0x000000010e00cc58]

GC Heap History (10 events):
Event: 2.165 GC heap before
{Heap before GC invocations=5 (full 1):
 PSYoungGen      total 138240K, used 5104K [0x0000000795580000, 0x000000079e180000, 0x00000007c0000000)
  eden space 133120K, 0% used [0x0000000795580000,0x0000000795580000,0x000000079d780000)
  from space 5120K, 99% used [0x000000079dc80000,0x000000079e17c050,0x000000079e180000)
  to   space 5120K, 0% used [0x000000079d780000,0x000000079d780000,0x000000079dc80000)
 ParOldGen       total 87552K, used 9341K [0x0000000740000000, 0x0000000745580000, 0x0000000795580000)
  object space 87552K, 10% used [0x0000000740000000,0x000000074091f750,0x0000000745580000)
 Metaspace       used 20790K, capacity 21118K, committed 21248K, reserved 1067008K
  class space    used 2827K, capacity 2978K, committed 3072K, reserved 1048576K
Event: 2.220 GC heap after
Heap after GC invocations=5 (full 1):
 PSYoungGen      total 138240K, used 0K [0x0000000795580000, 0x000000079e180000, 0x00000007c0000000)
  eden space 133120K, 0% used [0x0000000795580000,0x0000000795580000,0x000000079d780000)
  from space 5120K, 0% used [0x000000079dc80000,0x000000079dc80000,0x000000079e180000)
  to   space 5120K, 0% used [0x000000079d780000,0x000000079d780000,0x000000079dc80000)
 ParOldGen       total 64512K, used 8911K [0x0000000740000000, 0x0000000743f00000, 0x0000000795580000)
  object space 64512K, 13% used [0x0000000740000000,0x00000007408b3d68,0x0000000743f00000)
 Metaspace       used 20790K, capacity 21118K, committed 21248K, reserved 1067008K
  class space    used 2827K, capacity 2978K, committed 3072K, reserved 1048576K
}
Event: 3.954 GC heap before
{Heap before GC invocations=6 (full 1):
 PSYoungGen      total 138240K, used 133120K [0x0000000795580000, 0x000000079e180000, 0x00000007c0000000)
  eden space 133120K, 100% used [0x0000000795580000,0x000000079d780000,0x000000079d780000)
  from space 5120K, 0% used [0x000000079dc80000,0x000000079dc80000,0x000000079e180000)
  to   space 5120K, 0% used [0x000000079d780000,0x000000079d780000,0x000000079dc80000)
 ParOldGen       total 64512K, used 8911K [0x0000000740000000, 0x0000000743f00000, 0x0000000795580000)
  object space 64512K, 13% used [0x0000000740000000,0x00000007408b3d68,0x0000000743f00000)
 Metaspace       used 29553K, capacity 30386K, committed 30464K, reserved 1075200K
  class space    used 4057K, capacity 4349K, committed 4352K, reserved 1048576K
Event: 3.969 GC heap after
Heap after GC invocations=6 (full 1):
 PSYoungGen      total 138240K, used 5120K [0x0000000795580000, 0x00000007a3200000, 0x00000007c0000000)
  eden space 133120K, 0% used [0x0000000795580000,0x0000000795580000,0x000000079d780000)
  from space 5120K, 100% used [0x000000079d780000,0x000000079dc80000,0x000000079dc80000)
  to   space 15360K, 0% used [0x00000007a2300000,0x00000007a2300000,0x00000007a3200000)
 ParOldGen       total 64512K, used 18358K [0x0000000740000000, 0x0000000743f00000, 0x0000000795580000)
  object space 64512K, 28% used [0x0000000740000000,0x00000007411edb68,0x0000000743f00000)
 Metaspace       used 29553K, capacity 30386K, committed 30464K, reserved 1075200K
  class space    used 4057K, capacity 4349K, committed 4352K, reserved 1048576K
}
Event: 4.849 GC heap before
{Heap before GC invocations=7 (full 1):
 PSYoungGen      total 138240K, used 84763K [0x0000000795580000, 0x00000007a3200000, 0x00000007c0000000)
  eden space 133120K, 59% used [0x0000000795580000,0x000000079a346c00,0x000000079d780000)
  from space 5120K, 100% used [0x000000079d780000,0x000000079dc80000,0x000000079dc80000)
  to   space 15360K, 0% used [0x00000007a2300000,0x00000007a2300000,0x00000007a3200000)
 ParOldGen       total 64512K, used 18358K [0x0000000740000000, 0x0000000743f00000, 0x0000000795580000)
  object space 64512K, 28% used [0x0000000740000000,0x00000007411edb68,0x0000000743f00000)
 Metaspace       used 34335K, capacity 35304K, committed 35416K, reserved 1079296K
  class space    used 4787K, capacity 5198K, committed 5248K, reserved 1048576K
Event: 4.867 GC heap after
Heap after GC invocations=7 (full 1):
 PSYoungGen      total 207872K, used 15358K [0x0000000795580000, 0x00000007a3680000, 0x00000007c0000000)
  eden space 192512K, 0% used [0x0000000795580000,0x0000000795580000,0x00000007a1180000)
  from space 15360K, 99% used [0x00000007a2300000,0x00000007a31ff928,0x00000007a3200000)
  to   space 17920K, 0% used [0x00000007a1180000,0x00000007a1180000,0x00000007a2300000)
 ParOldGen       total 64512K, used 18627K [0x0000000740000000, 0x0000000743f00000, 0x0000000795580000)
  object space 64512K, 28% used [0x0000000740000000,0x0000000741230f68,0x0000000743f00000)
 Metaspace       used 34335K, capacity 35304K, committed 35416K, reserved 1079296K
  class space    used 4787K, capacity 5198K, committed 5248K, reserved 1048576K
}
Event: 4.867 GC heap before
{Heap before GC invocations=8 (full 2):
 PSYoungGen      total 207872K, used 15358K [0x0000000795580000, 0x00000007a3680000, 0x00000007c0000000)
  eden space 192512K, 0% used [0x0000000795580000,0x0000000795580000,0x00000007a1180000)
  from space 15360K, 99% used [0x00000007a2300000,0x00000007a31ff928,0x00000007a3200000)
  to   space 17920K, 0% used [0x00000007a1180000,0x00000007a1180000,0x00000007a2300000)
 ParOldGen       total 64512K, used 18627K [0x0000000740000000, 0x0000000743f00000, 0x0000000795580000)
  object space 64512K, 28% used [0x0000000740000000,0x0000000741230f68,0x0000000743f00000)
 Metaspace       used 34335K, capacity 35304K, committed 35416K, reserved 1079296K
  class space    used 4787K, capacity 5198K, committed 5248K, reserved 1048576K
Event: 4.997 GC heap after
Heap after GC invocations=8 (full 2):
 PSYoungGen      total 207872K, used 0K [0x0000000795580000, 0x00000007a3680000, 0x00000007c0000000)
  eden space 192512K, 0% used [0x0000000795580000,0x0000000795580000,0x00000007a1180000)
  from space 15360K, 0% used [0x00000007a2300000,0x00000007a2300000,0x00000007a3200000)
  to   space 17920K, 0% used [0x00000007a1180000,0x00000007a1180000,0x00000007a2300000)
 ParOldGen       total 120320K, used 28881K [0x0000000740000000, 0x0000000747580000, 0x0000000795580000)
  object space 120320K, 24% used [0x0000000740000000,0x0000000741c34490,0x0000000747580000)
 Metaspace       used 34335K, capacity 35304K, committed 35416K, reserved 1079296K
  class space    used 4787K, capacity 5198K, committed 5248K, reserved 1048576K
}
Event: 6.962 GC heap before
{Heap before GC invocations=9 (full 2):
 PSYoungGen      total 207872K, used 192512K [0x0000000795580000, 0x00000007a3680000, 0x00000007c0000000)
  eden space 192512K, 100% used [0x0000000795580000,0x00000007a1180000,0x00000007a1180000)
  from space 15360K, 0% used [0x00000007a2300000,0x00000007a2300000,0x00000007a3200000)
  to   space 17920K, 0% used [0x00000007a1180000,0x00000007a1180000,0x00000007a2300000)
 ParOldGen       total 120320K, used 28881K [0x0000000740000000, 0x0000000747580000, 0x0000000795580000)
  object space 120320K, 24% used [0x0000000740000000,0x0000000741c34490,0x0000000747580000)
 Metaspace       used 39031K, capacity 40188K, committed 40280K, reserved 1083392K
  class space    used 5487K, capacity 5980K, committed 6016K, reserved 1048576K
Event: 6.995 GC heap after
Heap after GC invocations=9 (full 2):
 PSYoungGen      total 210432K, used 17565K [0x0000000795580000, 0x00000007a7d00000, 0x00000007c0000000)
  eden space 192512K, 0% used [0x0000000795580000,0x0000000795580000,0x00000007a1180000)
  from space 17920K, 98% used [0x00000007a1180000,0x00000007a22a7570,0x00000007a2300000)
  to   space 20992K, 0% used [0x00000007a6880000,0x00000007a6880000,0x00000007a7d00000)
 ParOldGen       total 120320K, used 28889K [0x0000000740000000, 0x0000000747580000, 0x0000000795580000)
  object space 120320K, 24% used [0x0000000740000000,0x0000000741c36490,0x0000000747580000)
 Metaspace       used 39031K, capacity 40188K, committed 40280K, reserved 1083392K
  class space    used 5487K, capacity 5980K, committed 6016K, reserved 1048576K
}

Deoptimization events (10 events):
Event: 7.520 Thread 0x00007fc0d4780000 Uncommon trap: reason=unstable_if action=reinterpret pc=0x000000010e729978 method=java.lang.AbstractStringBuilder.append(I)Ljava/lang/AbstractStringBuilder; @ 16
Event: 7.520 Thread 0x00007fc0d4780000 Uncommon trap: reason=unstable_if action=reinterpret pc=0x000000010e6ca1c4 method=java.lang.Integer.getChars(II[C)V @ 7
Event: 7.535 Thread 0x00007fc0d5bb3000 Uncommon trap: reason=unstable_if action=reinterpret pc=0x000000010e71b50c method=java.lang.AbstractStringBuilder.append(I)Ljava/lang/AbstractStringBuilder; @ 16
Event: 9.004 Thread 0x00007fc0d1005800 Uncommon trap: reason=unstable_if action=reinterpret pc=0x000000010ebb606c method=sun.nio.ch.IOUtil.writeFromNativeBuffer(Ljava/io/FileDescriptor;Ljava/nio/ByteBuffer;JLsun/nio/ch/NativeDispatcher;)I @ 121
Event: 9.004 Thread 0x00007fc0d1005800 Uncommon trap: reason=unstable_if action=reinterpret pc=0x000000010e1fa7ec method=com.android.ddmlib.AdbHelper.executeRemoteCommand(Ljava/net/InetSocketAddress;Lcom/android/ddmlib/AdbHelper$AdbService;Ljava/lang/String;Lcom/android/ddmlib/IDevice;Lcom/and
Event: 9.005 Thread 0x00007fc0d1005800 Uncommon trap: reason=unstable_if action=reinterpret pc=0x000000010dfa1f88 method=sun.nio.ch.IOUtil.writeFromNativeBuffer(Ljava/io/FileDescriptor;Ljava/nio/ByteBuffer;JLsun/nio/ch/NativeDispatcher;)I @ 121
Event: 9.005 Thread 0x00007fc0d1005800 Uncommon trap: reason=unstable_if action=reinterpret pc=0x000000010df5b444 method=sun.nio.ch.IOUtil.writeFromNativeBuffer(Ljava/io/FileDescriptor;Ljava/nio/ByteBuffer;JLsun/nio/ch/NativeDispatcher;)I @ 121
Event: 9.243 Thread 0x00007fc0d1005800 Uncommon trap: reason=unstable_if action=reinterpret pc=0x000000010df2ebe0 method=com.android.ddmlib.AdbHelper.executeRemoteCommand(Ljava/net/InetSocketAddress;Lcom/android/ddmlib/AdbHelper$AdbService;Ljava/lang/String;Lcom/android/ddmlib/IDevice;Lcom/and
Event: 9.297 Thread 0x00007fc0d1005800 Uncommon trap: reason=unstable_if action=reinterpret pc=0x000000010dee2258 method=java.nio.channels.spi.AbstractInterruptibleChannel.end(Z)V @ 31
Event: 9.298 Thread 0x00007fc0d1005800 Uncommon trap: reason=unstable_if action=reinterpret pc=0x000000010df3e55c method=java.nio.channels.spi.AbstractInterruptibleChannel.begin()V @ 4

Internal exceptions (10 events):
Event: 8.470 Thread 0x00007fc0d1005800 Exception <a 'java/lang/ClassNotFoundException': com/google/common/collect/SingletonImmutableListBeanInfo> (0x00000007981efac8) thrown at [/HUDSON3/workspace/8-2-build-macosx-x86_64/jdk8u101/7261/hotspot/src/share/vm/classfile/systemDictionary.cpp, line 2
Event: 8.471 Thread 0x00007fc0d1005800 Exception <a 'java/lang/ClassNotFoundException': com/google/common/collect/ImmutableListBeanInfo> (0x00000007981fba00) thrown at [/HUDSON3/workspace/8-2-build-macosx-x86_64/jdk8u101/7261/hotspot/src/share/vm/classfile/systemDictionary.cpp, line 210]
Event: 8.471 Thread 0x00007fc0d1005800 Exception <a 'java/lang/ClassNotFoundException': com/google/common/collect/ImmutableCollectionBeanInfo> (0x0000000798208710) thrown at [/HUDSON3/workspace/8-2-build-macosx-x86_64/jdk8u101/7261/hotspot/src/share/vm/classfile/systemDictionary.cpp, line 210]
Event: 8.471 Thread 0x00007fc0d1005800 Exception <a 'java/lang/ClassNotFoundException': com/google/common/collect/ImmutableCollectionCustomizer> (0x0000000798215870) thrown at [/HUDSON3/workspace/8-2-build-macosx-x86_64/jdk8u101/7261/hotspot/src/share/vm/classfile/systemDictionary.cpp, line 21
Event: 8.472 Thread 0x00007fc0d1005800 Exception <a 'java/lang/ClassNotFoundException': com/google/common/collect/ImmutableListCustomizer> (0x0000000798232530) thrown at [/HUDSON3/workspace/8-2-build-macosx-x86_64/jdk8u101/7261/hotspot/src/share/vm/classfile/systemDictionary.cpp, line 210]
Event: 8.473 Thread 0x00007fc0d1005800 Exception <a 'java/lang/ClassNotFoundException': com/google/common/collect/SingletonImmutableListCustomizer> (0x0000000798279828) thrown at [/HUDSON3/workspace/8-2-build-macosx-x86_64/jdk8u101/7261/hotspot/src/share/vm/classfile/systemDictionary.cpp, line
Event: 8.475 Thread 0x00007fc0d1005800 Exception <a 'java/lang/ClassNotFoundException': com/android/build/gradle/api/ApkOutputFileBeanInfo> (0x00000007982b3648) thrown at [/HUDSON3/workspace/8-2-build-macosx-x86_64/jdk8u101/7261/hotspot/src/share/vm/classfile/systemDictionary.cpp, line 210]
Event: 8.475 Thread 0x00007fc0d1005800 Exception <a 'java/lang/ClassNotFoundException': com/android/build/gradle/api/ApkOutputFileCustomizer> (0x00000007982bf678) thrown at [/HUDSON3/workspace/8-2-build-macosx-x86_64/jdk8u101/7261/hotspot/src/share/vm/classfile/systemDictionary.cpp, line 210]
Event: 8.526 Thread 0x00007fc0d1005800 Exception <a 'java/lang/ClassNotFoundException': com/android/ide/common/build/SplitOutputMatcherBeanInfo> (0x0000000798320be0) thrown at [/HUDSON3/workspace/8-2-build-macosx-x86_64/jdk8u101/7261/hotspot/src/share/vm/classfile/systemDictionary.cpp, line 21
Event: 8.526 Thread 0x00007fc0d1005800 Exception <a 'java/lang/ClassNotFoundException': com/android/ide/common/build/SplitOutputMatcherCustomizer> (0x000000079832d4d8) thrown at [/HUDSON3/workspace/8-2-build-macosx-x86_64/jdk8u101/7261/hotspot/src/share/vm/classfile/systemDictionary.cpp, line 

Events (10 events):
Event: 9.102 Thread 0x00007fc0d1005800 DEOPT UNPACKING pc=0x000000010de14633 sp=0x00007000003eeaf0 mode 0
Event: 9.243 Thread 0x00007fc0d1005800 Uncommon trap: trap_request=0xffffff65 fr.pc=0x000000010df2ebe0
Event: 9.243 Thread 0x00007fc0d1005800 DEOPT PACKING pc=0x000000010df2ebe0 sp=0x00007000003eedb0
Event: 9.243 Thread 0x00007fc0d1005800 DEOPT UNPACKING pc=0x000000010ddd2229 sp=0x00007000003eed70 mode 2
Event: 9.297 Thread 0x00007fc0d1005800 Uncommon trap: trap_request=0xffffff65 fr.pc=0x000000010dee2258
Event: 9.298 Thread 0x00007fc0d1005800 DEOPT PACKING pc=0x000000010dee2258 sp=0x00007000003eec40
Event: 9.298 Thread 0x00007fc0d1005800 DEOPT UNPACKING pc=0x000000010ddd2229 sp=0x00007000003eec20 mode 2
Event: 9.298 Thread 0x00007fc0d1005800 Uncommon trap: trap_request=0xffffff65 fr.pc=0x000000010df3e55c
Event: 9.298 Thread 0x00007fc0d1005800 DEOPT PACKING pc=0x000000010df3e55c sp=0x00007000003eea00
Event: 9.298 Thread 0x00007fc0d1005800 DEOPT UNPACKING pc=0x000000010ddd2229 sp=0x00007000003ee9d0 mode 2


Dynamic libraries:
0x0000000015df1000 	/System/Library/Frameworks/Cocoa.framework/Versions/A/Cocoa
0x0000000015df1000 	/System/Library/Frameworks/Security.framework/Versions/A/Security
0x0000000015df1000 	/System/Library/Frameworks/ApplicationServices.framework/Versions/A/ApplicationServices
0x0000000015df1000 	/usr/lib/libz.1.dylib
0x0000000105340000 	/usr/lib/libSystem.B.dylib
0x0000000015df1000 	/usr/lib/libobjc.A.dylib
0x0000000015df1000 	/System/Library/Frameworks/CoreFoundation.framework/Versions/A/CoreFoundation
0x0000000015df1000 	/System/Library/Frameworks/Foundation.framework/Versions/C/Foundation
0x0000000015df1000 	/System/Library/Frameworks/AppKit.framework/Versions/C/AppKit
0x0000000015df1000 	/System/Library/Frameworks/CoreData.framework/Versions/A/CoreData
0x0000000015df1000 	/System/Library/PrivateFrameworks/RemoteViewServices.framework/Versions/A/RemoteViewServices
0x0000000015df1000 	/System/Library/PrivateFrameworks/UIFoundation.framework/Versions/A/UIFoundation
0x0000000015df1000 	/System/Library/PrivateFrameworks/DFRFoundation.framework/Versions/A/DFRFoundation
0x0000000015df1000 	/usr/lib/libenergytrace.dylib
0x0000000015df1000 	/System/Library/PrivateFrameworks/SkyLight.framework/Versions/A/SkyLight
0x0000000015df1000 	/System/Library/Frameworks/CoreGraphics.framework/Versions/A/CoreGraphics
0x0000000015df1000 	/usr/lib/libScreenReader.dylib
0x0000000015df1000 	/System/Library/Frameworks/Accelerate.framework/Versions/A/Accelerate
0x0000000015df1000 	/System/Library/Frameworks/IOSurface.framework/Versions/A/IOSurface
0x0000000015df1000 	/System/Library/Frameworks/AudioToolbox.framework/Versions/A/AudioToolbox
0x0000000015df1000 	/System/Library/Frameworks/AudioUnit.framework/Versions/A/AudioUnit
0x0000000015df1000 	/System/Library/PrivateFrameworks/DataDetectorsCore.framework/Versions/A/DataDetectorsCore
0x0000000015df1000 	/System/Library/PrivateFrameworks/DesktopServicesPriv.framework/Versions/A/DesktopServicesPriv
0x0000000015df1000 	/System/Library/Frameworks/Carbon.framework/Versions/A/Frameworks/HIToolbox.framework/Versions/A/HIToolbox
0x0000000015df1000 	/usr/lib/libicucore.A.dylib
0x0000000015df1000 	/System/Library/Frameworks/QuartzCore.framework/Versions/A/QuartzCore
0x0000000015df1000 	/System/Library/Frameworks/Carbon.framework/Versions/A/Frameworks/SpeechRecognition.framework/Versions/A/SpeechRecognition
0x0000000015df1000 	/usr/lib/libauto.dylib
0x0000000015df1000 	/usr/lib/libxml2.2.dylib
0x0000000015df1000 	/System/Library/PrivateFrameworks/CoreUI.framework/Versions/A/CoreUI
0x0000000015df1000 	/System/Library/Frameworks/CoreAudio.framework/Versions/A/CoreAudio
0x0000000015df1000 	/System/Library/Frameworks/DiskArbitration.framework/Versions/A/DiskArbitration
0x0000000015df1000 	/usr/lib/liblangid.dylib
0x0000000015df1000 	/System/Library/PrivateFrameworks/MultitouchSupport.framework/Versions/A/MultitouchSupport
0x000000010534e000 	/System/Library/Frameworks/IOKit.framework/Versions/A/IOKit
0x0000000015df1000 	/usr/lib/libDiagnosticMessagesClient.dylib
0x0000000015df1000 	/System/Library/Frameworks/CoreServices.framework/Versions/A/CoreServices
0x0000000015df1000 	/System/Library/PrivateFrameworks/PerformanceAnalysis.framework/Versions/A/PerformanceAnalysis
0x0000000015df1000 	/System/Library/PrivateFrameworks/GenerationalStorage.framework/Versions/A/GenerationalStorage
0x0000000015df1000 	/System/Library/Frameworks/OpenGL.framework/Versions/A/OpenGL
0x0000000015df1000 	/System/Library/Frameworks/CoreImage.framework/Versions/A/CoreImage
0x0000000015df1000 	/System/Library/Frameworks/CoreText.framework/Versions/A/CoreText
0x0000000015df1000 	/System/Library/Frameworks/ImageIO.framework/Versions/A/ImageIO
0x0000000015df1000 	/System/Library/PrivateFrameworks/Backup.framework/Versions/A/Backup
0x0000000015df1000 	/usr/lib/libarchive.2.dylib
0x0000000105429000 	/System/Library/Frameworks/CFNetwork.framework/Versions/A/CFNetwork
0x0000000015df1000 	/System/Library/Frameworks/SystemConfiguration.framework/Versions/A/SystemConfiguration
0x0000000015df1000 	/usr/lib/libCRFSuite.dylib
0x0000000015df1000 	/usr/lib/libc++.1.dylib
0x0000000015df1000 	/usr/lib/libc++abi.dylib
0x0000000015df1000 	/usr/lib/system/libcache.dylib
0x0000000015df1000 	/usr/lib/system/libcommonCrypto.dylib
0x0000000015df1000 	/usr/lib/system/libcompiler_rt.dylib
0x0000000015df1000 	/usr/lib/system/libcopyfile.dylib
0x0000000015df1000 	/usr/lib/system/libcorecrypto.dylib
0x0000000015df1000 	/usr/lib/system/libdispatch.dylib
0x0000000105b13000 	/usr/lib/system/libdyld.dylib
0x0000000015df1000 	/usr/lib/system/libkeymgr.dylib
0x0000000015df1000 	/usr/lib/system/liblaunch.dylib
0x0000000015df1000 	/usr/lib/system/libmacho.dylib
0x0000000015df1000 	/usr/lib/system/libquarantine.dylib
0x0000000015df1000 	/usr/lib/system/libremovefile.dylib
0x0000000015df1000 	/usr/lib/system/libsystem_asl.dylib
0x0000000015df1000 	/usr/lib/system/libsystem_blocks.dylib
0x0000000015df1000 	/usr/lib/system/libsystem_c.dylib
0x0000000015df1000 	/usr/lib/system/libsystem_configuration.dylib
0x0000000015df1000 	/usr/lib/system/libsystem_coreservices.dylib
0x0000000105b23000 	/usr/lib/system/libsystem_coretls.dylib
0x0000000015df1000 	/usr/lib/system/libsystem_dnssd.dylib
0x0000000015df1000 	/usr/lib/system/libsystem_info.dylib
0x0000000105b48000 	/usr/lib/system/libsystem_kernel.dylib
0x0000000015df1000 	/usr/lib/system/libsystem_m.dylib
0x0000000015df1000 	/usr/lib/system/libsystem_malloc.dylib
0x0000000015df1000 	/usr/lib/system/libsystem_network.dylib
0x0000000105b82000 	/usr/lib/system/libsystem_networkextension.dylib
0x0000000015df1000 	/usr/lib/system/libsystem_notify.dylib
0x0000000015df1000 	/usr/lib/system/libsystem_platform.dylib
0x0000000015df1000 	/usr/lib/system/libsystem_pthread.dylib
0x0000000105b98000 	/usr/lib/system/libsystem_sandbox.dylib
0x0000000015df1000 	/usr/lib/system/libsystem_secinit.dylib
0x0000000105ba2000 	/usr/lib/system/libsystem_symptoms.dylib
0x0000000105bb3000 	/usr/lib/system/libsystem_trace.dylib
0x0000000015df1000 	/usr/lib/system/libunwind.dylib
0x0000000015df1000 	/usr/lib/system/libxpc.dylib
0x0000000015df1000 	/usr/lib/libbsm.0.dylib
0x0000000105be9000 	/usr/lib/system/libkxld.dylib
0x0000000015df1000 	/usr/lib/libcoretls.dylib
0x0000000015df1000 	/usr/lib/libcoretls_cfhelpers.dylib
0x0000000015df1000 	/usr/lib/libxar.1.dylib
0x0000000015df1000 	/usr/lib/libsqlite3.dylib
0x0000000015df1000 	/usr/lib/libpam.2.dylib
0x0000000015df1000 	/usr/lib/libOpenScriptingUtil.dylib
0x0000000015df1000 	/usr/lib/libbz2.1.0.dylib
0x0000000015df1000 	/usr/lib/liblzma.5.dylib
0x0000000015df1000 	/usr/lib/libnetwork.dylib
0x0000000015df1000 	/usr/lib/libpcap.A.dylib
0x0000000015df1000 	/System/Library/Frameworks/CoreServices.framework/Versions/A/Frameworks/FSEvents.framework/Versions/A/FSEvents
0x0000000015df1000 	/System/Library/Frameworks/CoreServices.framework/Versions/A/Frameworks/CarbonCore.framework/Versions/A/CarbonCore
0x0000000015df1000 	/System/Library/Frameworks/CoreServices.framework/Versions/A/Frameworks/Metadata.framework/Versions/A/Metadata
0x0000000015df1000 	/System/Library/Frameworks/CoreServices.framework/Versions/A/Frameworks/OSServices.framework/Versions/A/OSServices
0x0000000015df1000 	/System/Library/Frameworks/CoreServices.framework/Versions/A/Frameworks/SearchKit.framework/Versions/A/SearchKit
0x0000000015df1000 	/System/Library/Frameworks/CoreServices.framework/Versions/A/Frameworks/AE.framework/Versions/A/AE
0x0000000015df1000 	/System/Library/Frameworks/CoreServices.framework/Versions/A/Frameworks/LaunchServices.framework/Versions/A/LaunchServices
0x0000000015df1000 	/System/Library/Frameworks/CoreServices.framework/Versions/A/Frameworks/DictionaryServices.framework/Versions/A/DictionaryServices
0x0000000015df1000 	/System/Library/Frameworks/CoreServices.framework/Versions/A/Frameworks/SharedFileList.framework/Versions/A/SharedFileList
0x0000000015df1000 	/System/Library/Frameworks/NetFS.framework/Versions/A/NetFS
0x0000000015df1000 	/System/Library/PrivateFrameworks/NetAuth.framework/Versions/A/NetAuth
0x0000000015df1000 	/System/Library/PrivateFrameworks/login.framework/Versions/A/Frameworks/loginsupport.framework/Versions/A/loginsupport
0x0000000015df1000 	/System/Library/PrivateFrameworks/TCC.framework/Versions/A/TCC
0x0000000015df1000 	/usr/lib/libmecabra.dylib
0x0000000015df1000 	/System/Library/Frameworks/ApplicationServices.framework/Versions/A/Frameworks/ATS.framework/Versions/A/ATS
0x0000000015df1000 	/System/Library/Frameworks/ApplicationServices.framework/Versions/A/Frameworks/ColorSync.framework/Versions/A/ColorSync
0x0000000015df1000 	/System/Library/Frameworks/ApplicationServices.framework/Versions/A/Frameworks/HIServices.framework/Versions/A/HIServices
0x0000000015df1000 	/System/Library/Frameworks/ApplicationServices.framework/Versions/A/Frameworks/LangAnalysis.framework/Versions/A/LangAnalysis
0x0000000015df1000 	/System/Library/Frameworks/ApplicationServices.framework/Versions/A/Frameworks/PrintCore.framework/Versions/A/PrintCore
0x0000000015df1000 	/System/Library/Frameworks/ApplicationServices.framework/Versions/A/Frameworks/QD.framework/Versions/A/QD
0x0000000015df1000 	/System/Library/Frameworks/ApplicationServices.framework/Versions/A/Frameworks/SpeechSynthesis.framework/Versions/A/SpeechSynthesis
0x0000000015df1000 	/System/Library/Frameworks/Accelerate.framework/Versions/A/Frameworks/vImage.framework/Versions/A/vImage
0x0000000015df1000 	/System/Library/Frameworks/Accelerate.framework/Versions/A/Frameworks/vecLib.framework/Versions/A/vecLib
0x0000000015df1000 	/System/Library/Frameworks/Accelerate.framework/Versions/A/Frameworks/vecLib.framework/Versions/A/libvDSP.dylib
0x0000000015df1000 	/System/Library/Frameworks/Accelerate.framework/Versions/A/Frameworks/vecLib.framework/Versions/A/libBNNS.dylib
0x0000000015df1000 	/System/Library/Frameworks/Accelerate.framework/Versions/A/Frameworks/vecLib.framework/Versions/A/libQuadrature.dylib
0x0000000015df1000 	/System/Library/Frameworks/Accelerate.framework/Versions/A/Frameworks/vecLib.framework/Versions/A/libvMisc.dylib
0x0000000015df1000 	/System/Library/Frameworks/Accelerate.framework/Versions/A/Frameworks/vecLib.framework/Versions/A/libLAPACK.dylib
0x0000000015df1000 	/System/Library/Frameworks/Accelerate.framework/Versions/A/Frameworks/vecLib.framework/Versions/A/libBLAS.dylib
0x0000000015df1000 	/System/Library/Frameworks/Accelerate.framework/Versions/A/Frameworks/vecLib.framework/Versions/A/libLinearAlgebra.dylib
0x0000000015df1000 	/System/Library/Frameworks/Accelerate.framework/Versions/A/Frameworks/vecLib.framework/Versions/A/libSparseBLAS.dylib
0x0000000015df1000 	/System/Library/Frameworks/ApplicationServices.framework/Versions/A/Frameworks/ATS.framework/Versions/A/Resources/libFontParser.dylib
0x0000000015df1000 	/System/Library/Frameworks/ApplicationServices.framework/Versions/A/Frameworks/ATS.framework/Versions/A/Resources/libFontRegistry.dylib
0x0000000015df1000 	/System/Library/Frameworks/ImageIO.framework/Versions/A/Resources/libJPEG.dylib
0x0000000015df1000 	/System/Library/Frameworks/ImageIO.framework/Versions/A/Resources/libTIFF.dylib
0x0000000015df1000 	/System/Library/Frameworks/ImageIO.framework/Versions/A/Resources/libPng.dylib
0x0000000015df1000 	/System/Library/Frameworks/ImageIO.framework/Versions/A/Resources/libGIF.dylib
0x0000000015df1000 	/System/Library/Frameworks/ImageIO.framework/Versions/A/Resources/libJP2.dylib
0x0000000015df1000 	/System/Library/Frameworks/ImageIO.framework/Versions/A/Resources/libRadiance.dylib
0x0000000015df1000 	/usr/lib/libcompression.dylib
0x0000000015df1000 	/System/Library/PrivateFrameworks/AppleJPEG.framework/Versions/A/AppleJPEG
0x0000000015df1000 	/usr/lib/libcups.2.dylib
0x0000000015df1000 	/System/Library/Frameworks/Kerberos.framework/Versions/A/Kerberos
0x0000000015df1000 	/System/Library/Frameworks/GSS.framework/Versions/A/GSS
0x0000000015df1000 	/usr/lib/libresolv.9.dylib
0x0000000015df1000 	/usr/lib/libiconv.2.dylib
0x0000000015df1000 	/System/Library/PrivateFrameworks/Heimdal.framework/Versions/A/Heimdal
0x0000000015df1000 	/usr/lib/libheimdal-asn1.dylib
0x0000000015df1000 	/System/Library/Frameworks/OpenDirectory.framework/Versions/A/OpenDirectory
0x0000000015df1000 	/System/Library/PrivateFrameworks/CommonAuth.framework/Versions/A/CommonAuth
0x0000000015df1000 	/System/Library/Frameworks/OpenDirectory.framework/Versions/A/Frameworks/CFOpenDirectory.framework/Versions/A/CFOpenDirectory
0x0000000015df1000 	/System/Library/Frameworks/SecurityFoundation.framework/Versions/A/SecurityFoundation
0x0000000015df1000 	/System/Library/PrivateFrameworks/LanguageModeling.framework/Versions/A/LanguageModeling
0x0000000015df1000 	/usr/lib/libmarisa.dylib
0x0000000015df1000 	/usr/lib/libChineseTokenizer.dylib
0x0000000015df1000 	/usr/lib/libcmph.dylib
0x0000000015df1000 	/System/Library/PrivateFrameworks/CoreEmoji.framework/Versions/A/CoreEmoji
0x0000000015df1000 	/System/Library/Frameworks/ServiceManagement.framework/Versions/A/ServiceManagement
0x0000000015df1000 	/usr/lib/libxslt.1.dylib
0x0000000015df1000 	/System/Library/Frameworks/Carbon.framework/Versions/A/Frameworks/Ink.framework/Versions/A/Ink
0x0000000015df1000 	/System/Library/PrivateFrameworks/TextureIO.framework/Versions/A/TextureIO
0x0000000015df1000 	/System/Library/Frameworks/Metal.framework/Versions/A/Metal
0x0000000015df1000 	/usr/lib/libate.dylib
0x0000000015df1000 	/System/Library/PrivateFrameworks/GPUCompiler.framework/libmetal_timestamp.dylib
0x0000000015df1000 	/System/Library/Frameworks/OpenGL.framework/Versions/A/Libraries/libCoreFSCache.dylib
0x0000000015df1000 	/System/Library/PrivateFrameworks/IOAccelerator.framework/Versions/A/IOAccelerator
0x0000000015df1000 	/System/Library/Frameworks/CoreVideo.framework/Versions/A/CoreVideo
0x0000000015df1000 	/usr/lib/libFosl_dynamic.dylib
0x0000000015df1000 	/System/Library/PrivateFrameworks/MetalPerformanceShaders.framework/Versions/A/MetalPerformanceShaders
0x0000000015df1000 	/System/Library/PrivateFrameworks/FaceCore.framework/Versions/A/FaceCore
0x0000000015df1000 	/System/Library/Frameworks/OpenCL.framework/Versions/A/OpenCL
0x0000000015df1000 	/System/Library/Frameworks/OpenGL.framework/Versions/A/Libraries/libGLU.dylib
0x0000000015df1000 	/System/Library/Frameworks/OpenGL.framework/Versions/A/Libraries/libGFXShared.dylib
0x0000000015df1000 	/System/Library/Frameworks/OpenGL.framework/Versions/A/Libraries/libGL.dylib
0x0000000015df1000 	/System/Library/Frameworks/OpenGL.framework/Versions/A/Libraries/libGLImage.dylib
0x0000000015df1000 	/System/Library/Frameworks/OpenGL.framework/Versions/A/Libraries/libCVMSPluginSupport.dylib
0x0000000015df1000 	/System/Library/Frameworks/OpenGL.framework/Versions/A/Libraries/libCoreVMClient.dylib
0x0000000015df1000 	/System/Library/PrivateFrameworks/CrashReporterSupport.framework/Versions/A/CrashReporterSupport
0x0000000015df1000 	/System/Library/PrivateFrameworks/Sharing.framework/Versions/A/Sharing
0x0000000015df1000 	/System/Library/PrivateFrameworks/IconServices.framework/Versions/A/IconServices
0x0000000015df1000 	/System/Library/PrivateFrameworks/ProtocolBuffer.framework/Versions/A/ProtocolBuffer
0x0000000015df1000 	/System/Library/PrivateFrameworks/Apple80211.framework/Versions/A/Apple80211
0x0000000015df1000 	/System/Library/Frameworks/CoreWLAN.framework/Versions/A/CoreWLAN
0x0000000015df1000 	/System/Library/PrivateFrameworks/CoreUtils.framework/Versions/A/CoreUtils
0x0000000015df1000 	/System/Library/Frameworks/IOBluetooth.framework/Versions/A/IOBluetooth
0x0000000015df1000 	/System/Library/PrivateFrameworks/CoreWiFi.framework/Versions/A/CoreWiFi
0x0000000015df1000 	/System/Library/Frameworks/CoreBluetooth.framework/Versions/A/CoreBluetooth
0x0000000015df1000 	/System/Library/Frameworks/CoreDisplay.framework/Versions/A/CoreDisplay
0x0000000015df1000 	/System/Library/PrivateFrameworks/IOPresentment.framework/Versions/A/IOPresentment
0x0000000015df1000 	/System/Library/PrivateFrameworks/DebugSymbols.framework/Versions/A/DebugSymbols
0x0000000015df1000 	/System/Library/PrivateFrameworks/CoreSymbolication.framework/Versions/A/CoreSymbolication
0x0000000015df1000 	/System/Library/PrivateFrameworks/Symbolication.framework/Versions/A/Symbolication
0x0000000015df1000 	/System/Library/PrivateFrameworks/AppleFSCompression.framework/Versions/A/AppleFSCompression
0x0000000015df1000 	/System/Library/PrivateFrameworks/SpeechRecognitionCore.framework/Versions/A/SpeechRecognitionCore
0x0000000015df1000 	/System/Library/PrivateFrameworks/ChunkingLibrary.framework/Versions/A/ChunkingLibrary
0x0000000106600000 	/Library/Java/JavaVirtualMachines/jdk1.8.0_101.jdk/Contents/Home/jre/lib/server/libjvm.dylib
0x0000000015df1000 	/usr/lib/libstdc++.6.dylib
0x0000000105c57000 	/Library/Java/JavaVirtualMachines/jdk1.8.0_101.jdk/Contents/Home/jre/lib/libverify.dylib
0x0000000105c65000 	/Library/Java/JavaVirtualMachines/jdk1.8.0_101.jdk/Contents/Home/jre/lib/libjava.dylib
0x0000000105ca2000 	/Library/Java/JavaVirtualMachines/jdk1.8.0_101.jdk/Contents/Home/jre/lib/libzip.dylib
0x000000010dcbf000 	/System/Library/Frameworks/JavaVM.framework/Frameworks/JavaRuntimeSupport.framework/JavaRuntimeSupport
0x000000010dcd9000 	/System/Library/Frameworks/JavaVM.framework/Versions/A/Frameworks/JavaNativeFoundation.framework/Versions/A/JavaNativeFoundation
0x0000000105dec000 	/System/Library/Frameworks/JavaVM.framework/Versions/A/JavaVM
0x0000000015df1000 	/System/Library/Frameworks/Carbon.framework/Versions/A/Carbon
0x000000010dcee000 	/System/Library/PrivateFrameworks/JavaLaunching.framework/Versions/A/JavaLaunching
0x0000000015df1000 	/System/Library/Frameworks/Carbon.framework/Versions/A/Frameworks/CommonPanels.framework/Versions/A/CommonPanels
0x0000000015df1000 	/System/Library/Frameworks/Carbon.framework/Versions/A/Frameworks/Help.framework/Versions/A/Help
0x0000000015df1000 	/System/Library/Frameworks/Carbon.framework/Versions/A/Frameworks/ImageCapture.framework/Versions/A/ImageCapture
0x0000000015df1000 	/System/Library/Frameworks/Carbon.framework/Versions/A/Frameworks/OpenScripting.framework/Versions/A/OpenScripting
0x0000000015df1000 	/System/Library/Frameworks/Carbon.framework/Versions/A/Frameworks/Print.framework/Versions/A/Print
0x0000000015df1000 	/System/Library/Frameworks/Carbon.framework/Versions/A/Frameworks/SecurityHI.framework/Versions/A/SecurityHI
0x000000011e7bd000 	/Library/Java/JavaVirtualMachines/jdk1.8.0_101.jdk/Contents/Home/jre/lib/libnet.dylib
0x000000011e81c000 	/Library/Java/JavaVirtualMachines/jdk1.8.0_101.jdk/Contents/Home/jre/lib/libnio.dylib
0x000000011ed49000 	/Users/elchroy/.gradle/native/19/osx-amd64/libnative-platform.dylib
0x000000011ed4e000 	/Users/elchroy/.gradle/native/19/osx-amd64/libnative-platform-curses.dylib
0x0000000015df1000 	/usr/lib/libncurses.5.4.dylib
0x000000011ed52000 	/private/var/folders/3j/p0_wzk9d1ns47ybk3ng5x3w80000gn/T/jna3864436968434950872.tmp
0x000000011ed67000 	/Library/Java/JavaVirtualMachines/jdk1.8.0_101.jdk/Contents/Home/jre/lib/libmanagement.dylib

VM Arguments:
jvm_args: -Dorg.gradle.appname=gradlew 
java_command: org.gradle.wrapper.GradleWrapperMain installDebug
java_class_path (initial): /Users/elchroy/Roy/Code/rubyment/roymobile/android/gradle/wrapper/gradle-wrapper.jar
Launcher Type: SUN_STANDARD

Environment Variables:
PATH=/usr/local/opt/nvm/versions/node/v6.3.0/lib/node_modules/npm/bin/node-gyp-bin:/Users/elchroy/Roy/Code/rubyment/roymobile/node_modules/.bin:/usr/local/opt/nvm/versions/node/v6.3.0/bin:/Users/elchroy/.rvm/gems/ruby-2.3.0/bin:/Users/elchroy/.rvm/gems/ruby-2.3.0@global/bin:/Users/elchroy/.rvm/rubies/ruby-2.3.0/bin:/usr/local/opt/nvm/versions/node/v6.3.0/bin:/usr/local/mysql/bin:/usr/local/share/python:/usr/local/bin:/usr/bin:/bin:/usr/sbin:/sbin:/Users/elchroy/golang/src/github.com/andela/bin:/usr/local/opt/go/libexec/bin:/Users/elchroy/.rvm/bin:/Users/elchroy/Library/Android/sdk/tools:/Users/elchroy/Library/Android/sdk/platform-tools
SHELL=/bin/zsh

Signal Handlers:
SIGSEGV: [libjvm.dylib+0x5af145], sa_mask[0]=11111111011111110111111111111111, sa_flags=SA_ONSTACK|SA_RESTART|SA_SIGINFO
SIGBUS: [libjvm.dylib+0x5af145], sa_mask[0]=11111111011111110111111111111111, sa_flags=SA_RESTART|SA_SIGINFO
SIGFPE: [libjvm.dylib+0x48694c], sa_mask[0]=11111111011111110111111111111111, sa_flags=SA_RESTART|SA_SIGINFO
SIGPIPE: [libjvm.dylib+0x48694c], sa_mask[0]=11111111011111110111111111111111, sa_flags=SA_RESTART|SA_SIGINFO
SIGXFSZ: [libjvm.dylib+0x48694c], sa_mask[0]=11111111011111110111111111111111, sa_flags=SA_RESTART|SA_SIGINFO
SIGILL: [libjvm.dylib+0x48694c], sa_mask[0]=11111111011111110111111111111111, sa_flags=SA_RESTART|SA_SIGINFO
SIGUSR1: SIG_DFL, sa_mask[0]=11111111011111110111111111111111, sa_flags=none
SIGUSR2: [libjvm.dylib+0x48646a], sa_mask[0]=00000000000000000000000000000000, sa_flags=SA_RESTART|SA_SIGINFO
SIGHUP: [libjvm.dylib+0x484a41], sa_mask[0]=11111111011111110111111111111111, sa_flags=SA_RESTART|SA_SIGINFO
SIGINT: [libjvm.dylib+0x484a41], sa_mask[0]=11111111011111110111111111111111, sa_flags=SA_RESTART|SA_SIGINFO
SIGTERM: [libjvm.dylib+0x484a41], sa_mask[0]=11111111011111110111111111111111, sa_flags=SA_RESTART|SA_SIGINFO
SIGQUIT: [libjvm.dylib+0x484a41], sa_mask[0]=11111111011111110111111111111111, sa_flags=SA_RESTART|SA_SIGINFO


---------------  S Y S T E M  ---------------

OS:Bsduname:Darwin 16.4.0 Darwin Kernel Version 16.4.0: Thu Dec 22 22:53:21 PST 2016; root:xnu-3789.41.3~3/RELEASE_X86_64 x86_64
rlimit: STACK 8192k, CORE 0k, NPROC 709, NOFILE 10240, AS infinity
load average:3.22 2.58 2.47

CPU:total 4 (2 cores per cpu, 2 threads per core) family 6 model 61 stepping 4, cmov, cx8, fxsr, mmx, sse, sse2, sse3, ssse3, sse4.1, sse4.2, popcnt, avx, avx2, aes, clmul, erms, 3dnowpref, lzcnt, ht, tsc, tscinvbit, bmi1, bmi2, adx

Memory: 4k page, physical 8388608k(103788k free)

/proc/meminfo:


vm_info: Java HotSpot(TM) 64-Bit Server VM (25.101-b13) for bsd-amd64 JRE (1.8.0_101-b13), built on Jun 22 2016 02:42:15 by "java_re" with gcc 4.2.1 (Based on Apple Inc. build 5658) (LLVM build 2336.11.00)

time: Tue Feb  7 23:00:08 2017
elapsed time: 9 seconds (0d 0h 0m 9s)

