#
# A fatal error has been detected by the Java Runtime Environment:
#
#  SIGSEGV (0xb) at pc=0x0000000103886498, pid=50056, tid=0x0000000000000307
#
# JRE version: Java(TM) SE Runtime Environment (8.0_101-b13) (build 1.8.0_101-b13)
# Java VM: Java HotSpot(TM) 64-Bit Server VM (25.101-b13 mixed mode bsd-amd64 compressed oops)
# Problematic frame:
# V  [libjvm.dylib+0x486498]
#
# Failed to write core dump. Core dumps have been disabled. To enable core dumping, try "ulimit -c unlimited" before starting Java again
#
# If you would like to submit a bug report, please visit:
#   http://bugreport.java.com/bugreport/crash.jsp
#

---------------  T H R E A D  ---------------

Current thread is native thread

siginfo: si_signo: 11 (SIGSEGV), si_code: 1 (SEGV_MAPERR), si_addr: 0x0000000000000128

Registers:
RAX=0x0000000000000000, RBX=0x00007fff5da5c7a0, RCX=0x00007fffb19f4408, RDX=0x00007fff5da5c7a0
RSP=0x00007fff5da5c2d0, RBP=0x00007fff5da5c300, RSI=0x00007fff5da5c738, RDI=0x0000000000000103
R8 =0x00007fff5da5c7a0, R9 =0x00000000ffffffff, R10=0x0000000000000c00, R11=0x0000000000000206
R12=0x0000000000000c00, R13=0x0000000000000000, R14=0x00007fff5da5c738, R15=0x0000000000000002
RIP=0x0000000103886498, EFLAGS=0x0000000000010202, ERR=0x0000000000000004
  TRAPNO=0x000000000000000e

Top of Stack: (sp=0x00007fff5da5c2d0)
0x00007fff5da5c2d0:   0000000000000000 00007fff5da5c7a0
0x00007fff5da5c2e0:   0000000000000c00 0000000000000000
0x00007fff5da5c2f0:   00007fff5da5c9d0 0000000000000d03
0x00007fff5da5c300:   00007fff5da5c310 00007fffa8db4bba
0x00007fff5da5c310:   00007fff5da5c8a0 0000000000015c00
0x00007fff5da5c320:   00015d00ae448958 00007fffb188a2d0
0x00007fff5da5c330:   0100001f00000085 00007fff93650680
0x00007fff5da5c340:   0000000010004005 00000000ffffffff
0x00007fff5da5c350:   00007fff5da5c858 0000000000000000
0x00007fff5da5c360:   00007fff5da5c9d0 0000000007000806
0x00007fff5da5c370:   00007fff5da5c8a0 00007fff5da5c858
0x00007fff5da5c380:   0000000000000d03 00000000ffffffff
0x00007fff5da5c390:   0000000000000c00 0000000000000206
0x00007fff5da5c3a0:   0000000000000c00 0000000000000000
0x00007fff5da5c3b0:   00007fff5da5c9d0 0000000000000d03
0x00007fff5da5c3c0:   00000001029da38a 0000000000000206
0x00007fff5da5c3d0:   0000000000000007 0000000000000000
0x00007fff5da5c3e0:   0000000000000000 0000000000000000
0x00007fff5da5c3f0:   000000000000037f 0000000000000000
0x00007fff5da5c400:   0000000000000000 0000ffff00001fa0
0x00007fff5da5c410:   0000000000000000 000000000000ffff
0x00007fff5da5c420:   0000000000000100 000000000000ffff
0x00007fff5da5c430:   0000000000000000 0000000000000000
0x00007fff5da5c440:   0000000000000000 0000000000000000
0x00007fff5da5c450:   87bc000000000000 000000000000c00b
0x00007fff5da5c460:   0000000000000000 0000000000000000
0x00007fff5da5c470:   bb78000000000000 000000000000400b
0x00007fff5da5c480:   0000000000000000 0000000000000000
0x00007fff5da5c490:   41be4de102adc2c2 0000000000000000
0x00007fff5da5c4a0:   3fe5b8583621fafc 0000000000000000
0x00007fff5da5c4b0:   c3de3f7defa0c144 439c082105f3ebc3
0x00007fff5da5c4c0:   0000000000000000 0000000000000000 

Instructions: (pc=0x0000000103886498)
0x0000000103886478:   83 ec 08 48 89 d3 49 89 f6 e8 00 26 14 00 44 8b
0x0000000103886488:   38 48 8d 05 20 cd 3a 00 48 63 38 e8 ca 28 14 00
0x0000000103886498:   4c 8b a0 28 01 00 00 41 83 7c 24 34 01 0f 85 e2
0x00000001038864a8:   00 00 00 49 89 5c 24 40 4d 89 74 24 38 49 8d 5c 

Register to memory mapping:

RAX=0x0000000000000000 is an unknown value
RBX=0x00007fff5da5c7a0 is an unknown value
RCX=0x00007fffb19f4408: _thread+0x48 in /usr/lib/system/libsystem_pthread.dylib at 0x00007fffa8dbb000
RDX=0x00007fff5da5c7a0 is an unknown value
RSP=0x00007fff5da5c2d0 is an unknown value
RBP=0x00007fff5da5c300 is an unknown value
RSI=0x00007fff5da5c738 is an unknown value
RDI=0x0000000000000103 is an unknown value
R8 =0x00007fff5da5c7a0 is an unknown value
R9 =0x00000000ffffffff is an unknown value
R10=0x0000000000000c00 is an unknown value
R11=0x0000000000000206 is an unknown value
R12=0x0000000000000c00 is an unknown value
R13=0x0000000000000000 is an unknown value
R14=0x00007fff5da5c738 is an unknown value
R15=0x0000000000000002 is an unknown value


Stack: [0x00007fff5d261000,0x00007fff5da61000],  sp=0x00007fff5da5c2d0,  free space=8172k
Native frames: (J=compiled Java code, j=interpreted, Vv=VM code, C=native code)
V  [libjvm.dylib+0x486498]
C  [libsystem_platform.dylib+0x2bba]  _sigtramp+0x1a
C  0x0000000000015c00
C  [CoreFoundation+0x88c94]  __CFRunLoopServiceMachPort+0xd4
C  [CoreFoundation+0x88121]  __CFRunLoopRun+0x551
C  [CoreFoundation+0x87974]  CFRunLoopRunSpecific+0x1a4
C  [java+0x6465]  CreateExecutionEnvironment+0x367
C  [java+0x218c]  JLI_Launch+0x7a0
C  [java+0x84c2]  main+0x65
C  [java+0x19e4]  start+0x34


---------------  P R O C E S S  ---------------

VM state:at safepoint (normal execution)

VM Mutex/Monitor currently owned by a thread:  ([mutex/lock_event])
[0x00007fc091603de0] Threads_lock - owner thread: 0x00007fc092814000

Heap:
 PSYoungGen      total 223232K, used 63859K [0x0000000795580000, 0x00000007a9680000, 0x00000007c0000000)
  eden space 205312K, 22% used [0x0000000795580000,0x000000079826d8b0,0x00000007a1e00000)
  from space 17920K, 99% used [0x00000007a1e00000,0x00000007a2f6f570,0x00000007a2f80000)
  to   space 20992K, 0% used [0x00000007a8200000,0x00000007a8200000,0x00000007a9680000)
 ParOldGen       total 114688K, used 32256K [0x0000000740000000, 0x0000000747000000, 0x0000000795580000)
  object space 114688K, 28% used [0x0000000740000000,0x0000000741f80150,0x0000000747000000)
 Metaspace       used 40107K, capacity 41444K, committed 41560K, reserved 1085440K
  class space    used 5652K, capacity 6212K, committed 6272K, reserved 1048576K

Card table byte_map: [0x000000010475d000,0x0000000104b5e000] byte_map_base: 0x0000000100d5d000

Marking Bits: (ParMarkBitMap*) 0x0000000103cedd20
 Begin Bits: [0x0000000104e09000, 0x0000000106e09000)
 End Bits:   [0x0000000106e09000, 0x0000000108e09000)

Polling page: 0x00000001022a0000

CodeCache: size=245760Kb used=14233Kb max_used=14609Kb free=231526Kb
 bounds [0x000000010c4f0000, 0x000000010d350000, 0x000000011b4f0000]
 total_blobs=4762 nmethods=4097 adapters=577
 compilation: enabled

Compilation events (10 events):
Event: 24.820 Thread 0x00007fc092082000 4339   !   3       java.util.concurrent.CopyOnWriteArrayList::add (59 bytes)
Event: 24.826 Thread 0x00007fc092082000 nmethod 4339 0x000000010c7ecc10 code [0x000000010c7ece00, 0x000000010c7ed8d8]
Event: 24.826 Thread 0x00007fc092082000 4341       3       org.gradle.internal.concurrent.CompositeStoppable::toStoppable (37 bytes)
Event: 24.827 Thread 0x00007fc092082000 nmethod 4341 0x000000010c6064d0 code [0x000000010c606680, 0x000000010c606d90]
Event: 24.827 Thread 0x00007fc092082000 4342       3       java.util.concurrent.CopyOnWriteArrayList$COWIterator::next (32 bytes)
Event: 24.827 Thread 0x00007fc092082000 nmethod 4342 0x000000010c72fa90 code [0x000000010c72fc20, 0x000000010c72ffe8]
Event: 24.829 Thread 0x00007fc092081800 4343       4       java.util.regex.Pattern$Ctype::isSatisfiedBy (24 bytes)
Event: 24.830 Thread 0x00007fc092081800 nmethod 4343 0x000000010c7092d0 code [0x000000010c709420, 0x000000010c7094f8]
Event: 24.832 Thread 0x00007fc092082000 4344       1       java.util.logging.LogManager::access$500 (5 bytes)
Event: 24.832 Thread 0x00007fc092082000 nmethod 4344 0x000000010c934910 code [0x000000010c934a60, 0x000000010c934b50]

GC Heap History (10 events):
Event: 5.374 GC heap before
{Heap before GC invocations=5 (full 1):
 PSYoungGen      total 138240K, used 5088K [0x0000000795580000, 0x000000079e180000, 0x00000007c0000000)
  eden space 133120K, 0% used [0x0000000795580000,0x0000000795580000,0x000000079d780000)
  from space 5120K, 99% used [0x000000079dc80000,0x000000079e178040,0x000000079e180000)
  to   space 5120K, 0% used [0x000000079d780000,0x000000079d780000,0x000000079dc80000)
 ParOldGen       total 87552K, used 9390K [0x0000000740000000, 0x0000000745580000, 0x0000000795580000)
  object space 87552K, 10% used [0x0000000740000000,0x000000074092ba18,0x0000000745580000)
 Metaspace       used 20809K, capacity 21118K, committed 21248K, reserved 1067008K
  class space    used 2821K, capacity 2978K, committed 3072K, reserved 1048576K
Event: 5.448 GC heap after
Heap after GC invocations=5 (full 1):
 PSYoungGen      total 138240K, used 0K [0x0000000795580000, 0x000000079e180000, 0x00000007c0000000)
  eden space 133120K, 0% used [0x0000000795580000,0x0000000795580000,0x000000079d780000)
  from space 5120K, 0% used [0x000000079dc80000,0x000000079dc80000,0x000000079e180000)
  to   space 5120K, 0% used [0x000000079d780000,0x000000079d780000,0x000000079dc80000)
 ParOldGen       total 66048K, used 13313K [0x0000000740000000, 0x0000000744080000, 0x0000000795580000)
  object space 66048K, 20% used [0x0000000740000000,0x0000000740d006f0,0x0000000744080000)
 Metaspace       used 20809K, capacity 21118K, committed 21248K, reserved 1067008K
  class space    used 2821K, capacity 2978K, committed 3072K, reserved 1048576K
}
Event: 9.722 GC heap before
{Heap before GC invocations=6 (full 1):
 PSYoungGen      total 138240K, used 133120K [0x0000000795580000, 0x000000079e180000, 0x00000007c0000000)
  eden space 133120K, 100% used [0x0000000795580000,0x000000079d780000,0x000000079d780000)
  from space 5120K, 0% used [0x000000079dc80000,0x000000079dc80000,0x000000079e180000)
  to   space 5120K, 0% used [0x000000079d780000,0x000000079d780000,0x000000079dc80000)
 ParOldGen       total 66048K, used 13313K [0x0000000740000000, 0x0000000744080000, 0x0000000795580000)
  object space 66048K, 20% used [0x0000000740000000,0x0000000740d006f0,0x0000000744080000)
 Metaspace       used 29474K, capacity 30284K, committed 30464K, reserved 1075200K
  class space    used 4032K, capacity 4315K, committed 4352K, reserved 1048576K
Event: 9.746 GC heap after
Heap after GC invocations=6 (full 1):
 PSYoungGen      total 138240K, used 5120K [0x0000000795580000, 0x00000007a3e00000, 0x00000007c0000000)
  eden space 133120K, 0% used [0x0000000795580000,0x0000000795580000,0x000000079d780000)
  from space 5120K, 100% used [0x000000079d780000,0x000000079dc80000,0x000000079dc80000)
  to   space 14848K, 0% used [0x00000007a2f80000,0x00000007a2f80000,0x00000007a3e00000)
 ParOldGen       total 66048K, used 22254K [0x0000000740000000, 0x0000000744080000, 0x0000000795580000)
  object space 66048K, 33% used [0x0000000740000000,0x00000007415bbb48,0x0000000744080000)
 Metaspace       used 29474K, capacity 30284K, committed 30464K, reserved 1075200K
  class space    used 4032K, capacity 4315K, committed 4352K, reserved 1048576K
}
Event: 11.727 GC heap before
{Heap before GC invocations=7 (full 1):
 PSYoungGen      total 138240K, used 86095K [0x0000000795580000, 0x00000007a3e00000, 0x00000007c0000000)
  eden space 133120K, 60% used [0x0000000795580000,0x000000079a493d58,0x000000079d780000)
  from space 5120K, 100% used [0x000000079d780000,0x000000079dc80000,0x000000079dc80000)
  to   space 14848K, 0% used [0x00000007a2f80000,0x00000007a2f80000,0x00000007a3e00000)
 ParOldGen       total 66048K, used 22254K [0x0000000740000000, 0x0000000744080000, 0x0000000795580000)
  object space 66048K, 33% used [0x0000000740000000,0x00000007415bbb48,0x0000000744080000)
 Metaspace       used 34321K, capacity 35304K, committed 35416K, reserved 1079296K
  class space    used 4778K, capacity 5198K, committed 5248K, reserved 1048576K
Event: 11.756 GC heap after
Heap after GC invocations=7 (full 1):
 PSYoungGen      total 220160K, used 14839K [0x0000000795580000, 0x00000007a4280000, 0x00000007c0000000)
  eden space 205312K, 0% used [0x0000000795580000,0x0000000795580000,0x00000007a1e00000)
  from space 14848K, 99% used [0x00000007a2f80000,0x00000007a3dfdcd0,0x00000007a3e00000)
  to   space 17920K, 0% used [0x00000007a1e00000,0x00000007a1e00000,0x00000007a2f80000)
 ParOldGen       total 66048K, used 23531K [0x0000000740000000, 0x0000000744080000, 0x0000000795580000)
  object space 66048K, 35% used [0x0000000740000000,0x00000007416fafb8,0x0000000744080000)
 Metaspace       used 34321K, capacity 35304K, committed 35416K, reserved 1079296K
  class space    used 4778K, capacity 5198K, committed 5248K, reserved 1048576K
}
Event: 11.756 GC heap before
{Heap before GC invocations=8 (full 2):
 PSYoungGen      total 220160K, used 14839K [0x0000000795580000, 0x00000007a4280000, 0x00000007c0000000)
  eden space 205312K, 0% used [0x0000000795580000,0x0000000795580000,0x00000007a1e00000)
  from space 14848K, 99% used [0x00000007a2f80000,0x00000007a3dfdcd0,0x00000007a3e00000)
  to   space 17920K, 0% used [0x00000007a1e00000,0x00000007a1e00000,0x00000007a2f80000)
 ParOldGen       total 66048K, used 23531K [0x0000000740000000, 0x0000000744080000, 0x0000000795580000)
  object space 66048K, 35% used [0x0000000740000000,0x00000007416fafb8,0x0000000744080000)
 Metaspace       used 34321K, capacity 35304K, committed 35416K, reserved 1079296K
  class space    used 4778K, capacity 5198K, committed 5248K, reserved 1048576K
Event: 11.956 GC heap after
Heap after GC invocations=8 (full 2):
 PSYoungGen      total 220160K, used 0K [0x0000000795580000, 0x00000007a4280000, 0x00000007c0000000)
  eden space 205312K, 0% used [0x0000000795580000,0x0000000795580000,0x00000007a1e00000)
  from space 14848K, 0% used [0x00000007a2f80000,0x00000007a2f80000,0x00000007a3e00000)
  to   space 17920K, 0% used [0x00000007a1e00000,0x00000007a1e00000,0x00000007a2f80000)
 ParOldGen       total 114688K, used 32248K [0x0000000740000000, 0x0000000747000000, 0x0000000795580000)
  object space 114688K, 28% used [0x0000000740000000,0x0000000741f7e150,0x0000000747000000)
 Metaspace       used 34321K, capacity 35304K, committed 35416K, reserved 1079296K
  class space    used 4778K, capacity 5198K, committed 5248K, reserved 1048576K
}
Event: 16.829 GC heap before
{Heap before GC invocations=9 (full 2):
 PSYoungGen      total 220160K, used 205312K [0x0000000795580000, 0x00000007a4280000, 0x00000007c0000000)
  eden space 205312K, 100% used [0x0000000795580000,0x00000007a1e00000,0x00000007a1e00000)
  from space 14848K, 0% used [0x00000007a2f80000,0x00000007a2f80000,0x00000007a3e00000)
  to   space 17920K, 0% used [0x00000007a1e00000,0x00000007a1e00000,0x00000007a2f80000)
 ParOldGen       total 114688K, used 32248K [0x0000000740000000, 0x0000000747000000, 0x0000000795580000)
  object space 114688K, 28% used [0x0000000740000000,0x0000000741f7e150,0x0000000747000000)
 Metaspace       used 39159K, capacity 40394K, committed 40664K, reserved 1083392K
  class space    used 5509K, capacity 6028K, committed 6144K, reserved 1048576K
Event: 16.869 GC heap after
Heap after GC invocations=9 (full 2):
 PSYoungGen      total 223232K, used 17853K [0x0000000795580000, 0x00000007a9680000, 0x00000007c0000000)
  eden space 205312K, 0% used [0x0000000795580000,0x0000000795580000,0x00000007a1e00000)
  from space 17920K, 99% used [0x00000007a1e00000,0x00000007a2f6f570,0x00000007a2f80000)
  to   space 20992K, 0% used [0x00000007a8200000,0x00000007a8200000,0x00000007a9680000)
 ParOldGen       total 114688K, used 32256K [0x0000000740000000, 0x0000000747000000, 0x0000000795580000)
  object space 114688K, 28% used [0x0000000740000000,0x0000000741f80150,0x0000000747000000)
 Metaspace       used 39159K, capacity 40394K, committed 40664K, reserved 1083392K
  class space    used 5509K, capacity 6028K, committed 6144K, reserved 1048576K
}

Deoptimization events (10 events):
Event: 18.074 Thread 0x00007fc091f83800 Uncommon trap: reason=unstable_if action=reinterpret pc=0x000000010ce87a04 method=java.lang.Integer.getChars(II[C)V @ 7
Event: 18.117 Thread 0x00007fc093810800 Uncommon trap: reason=unstable_if action=reinterpret pc=0x000000010d07684c method=java.lang.AbstractStringBuilder.append(I)Ljava/lang/AbstractStringBuilder; @ 16
Event: 19.789 Thread 0x00007fc092002800 Uncommon trap: reason=unstable_if action=reinterpret pc=0x000000010d30a12c method=sun.nio.ch.IOUtil.writeFromNativeBuffer(Ljava/io/FileDescriptor;Ljava/nio/ByteBuffer;JLsun/nio/ch/NativeDispatcher;)I @ 121
Event: 19.789 Thread 0x00007fc092002800 Uncommon trap: reason=unstable_if action=reinterpret pc=0x000000010d2fe9f0 method=java.nio.Buffer.hasRemaining()Z @ 8
Event: 19.789 Thread 0x00007fc092002800 Uncommon trap: reason=unstable_if action=reinterpret pc=0x000000010d301b88 method=sun.nio.ch.IOUtil.writeFromNativeBuffer(Ljava/io/FileDescriptor;Ljava/nio/ByteBuffer;JLsun/nio/ch/NativeDispatcher;)I @ 121
Event: 19.789 Thread 0x00007fc092002800 Uncommon trap: reason=unstable_if action=reinterpret pc=0x000000010d2fbf3c method=java.nio.Buffer.hasRemaining()Z @ 8
Event: 19.789 Thread 0x00007fc092002800 Uncommon trap: reason=unstable_if action=reinterpret pc=0x000000010d2fc2c4 method=sun.nio.ch.IOUtil.writeFromNativeBuffer(Ljava/io/FileDescriptor;Ljava/nio/ByteBuffer;JLsun/nio/ch/NativeDispatcher;)I @ 121
Event: 20.108 Thread 0x00007fc092002800 Uncommon trap: reason=unstable_if action=reinterpret pc=0x000000010d304260 method=com.android.ddmlib.AdbHelper.executeRemoteCommand(Ljava/net/InetSocketAddress;Lcom/android/ddmlib/AdbHelper$AdbService;Ljava/lang/String;Lcom/android/ddmlib/IDevice;Lcom/and
Event: 20.192 Thread 0x00007fc092002800 Uncommon trap: reason=unstable_if action=reinterpret pc=0x000000010d2f7818 method=java.nio.channels.spi.AbstractInterruptibleChannel.end(Z)V @ 31
Event: 20.192 Thread 0x00007fc092002800 Uncommon trap: reason=unstable_if action=reinterpret pc=0x000000010d2f71dc method=java.nio.channels.spi.AbstractInterruptibleChannel.begin()V @ 4

Internal exceptions (10 events):
Event: 19.010 Thread 0x00007fc092002800 Exception <a 'java/lang/ClassNotFoundException': com/google/common/collect/ImmutableCollectionBeanInfo> (0x00000007969b6c58) thrown at [/HUDSON3/workspace/8-2-build-macosx-x86_64/jdk8u101/7261/hotspot/src/share/vm/classfile/systemDictionary.cpp, line 210]
Event: 19.010 Thread 0x00007fc092002800 Exception <a 'java/lang/ClassNotFoundException': com/google/common/collect/ImmutableCollectionCustomizer> (0x00000007969c3db8) thrown at [/HUDSON3/workspace/8-2-build-macosx-x86_64/jdk8u101/7261/hotspot/src/share/vm/classfile/systemDictionary.cpp, line 21
Event: 19.011 Thread 0x00007fc092002800 Exception <a 'java/lang/ClassNotFoundException': com/google/common/collect/ImmutableListCustomizer> (0x00000007969e0a78) thrown at [/HUDSON3/workspace/8-2-build-macosx-x86_64/jdk8u101/7261/hotspot/src/share/vm/classfile/systemDictionary.cpp, line 210]
Event: 19.013 Thread 0x00007fc092002800 Exception <a 'java/lang/ClassNotFoundException': com/google/common/collect/SingletonImmutableListCustomizer> (0x0000000796a27d70) thrown at [/HUDSON3/workspace/8-2-build-macosx-x86_64/jdk8u101/7261/hotspot/src/share/vm/classfile/systemDictionary.cpp, line
Event: 19.014 Thread 0x00007fc092002800 Exception <a 'java/lang/ClassNotFoundException': com/android/build/gradle/api/ApkOutputFileBeanInfo> (0x0000000796a61b90) thrown at [/HUDSON3/workspace/8-2-build-macosx-x86_64/jdk8u101/7261/hotspot/src/share/vm/classfile/systemDictionary.cpp, line 210]
Event: 19.014 Thread 0x00007fc092002800 Exception <a 'java/lang/ClassNotFoundException': com/android/build/gradle/api/ApkOutputFileCustomizer> (0x0000000796a6dbc0) thrown at [/HUDSON3/workspace/8-2-build-macosx-x86_64/jdk8u101/7261/hotspot/src/share/vm/classfile/systemDictionary.cpp, line 210]
Event: 19.062 Thread 0x00007fc092002800 Exception <a 'java/lang/ClassNotFoundException': com/android/ide/common/build/SplitOutputMatcherBeanInfo> (0x0000000796ace8f8) thrown at [/HUDSON3/workspace/8-2-build-macosx-x86_64/jdk8u101/7261/hotspot/src/share/vm/classfile/systemDictionary.cpp, line 21
Event: 19.063 Thread 0x00007fc092002800 Exception <a 'java/lang/ClassNotFoundException': com/android/ide/common/build/SplitOutputMatcherCustomizer> (0x0000000796adb1f0) thrown at [/HUDSON3/workspace/8-2-build-macosx-x86_64/jdk8u101/7261/hotspot/src/share/vm/classfile/systemDictionary.cpp, line 
Event: 24.797 Thread 0x00007fc092002800 Exception <a 'java/lang/ClassNotFoundException': com/android/build/gradle/internal/LibraryCacheBeanInfo> (0x0000000797b5f188) thrown at [/HUDSON3/workspace/8-2-build-macosx-x86_64/jdk8u101/7261/hotspot/src/share/vm/classfile/systemDictionary.cpp, line 210
Event: 24.797 Thread 0x00007fc092002800 Exception <a 'java/lang/ClassNotFoundException': com/android/build/gradle/internal/LibraryCacheCustomizer> (0x0000000797b70040) thrown at [/HUDSON3/workspace/8-2-build-macosx-x86_64/jdk8u101/7261/hotspot/src/share/vm/classfile/systemDictionary.cpp, line 2

Events (10 events):
Event: 24.804 loading class org/gradle/cache/internal/DefaultFileLockManager$DefaultFileLock$2 done
Event: 24.805 loading class org/gradle/cache/internal/DefaultFileLockManager$DefaultFileLock$3
Event: 24.805 loading class org/gradle/cache/internal/DefaultFileLockManager$DefaultFileLock$3 done
Event: 24.829 loading class org/gradle/launcher/bootstrap/ProcessCompleter
Event: 24.829 loading class org/gradle/launcher/bootstrap/ProcessCompleter done
Event: 24.830 Thread 0x00007fc096218000 Thread added: 0x00007fc096218000
Event: 24.831 Thread 0x00007fc093811000 Thread added: 0x00007fc093811000
Event: 24.831 Thread 0x00007fc096218000 Thread exited: 0x00007fc096218000
Event: 24.831 Thread 0x00007fc093811000 Thread exited: 0x00007fc093811000
Event: 24.832 Executing VM operation: Exit


Dynamic libraries:
0x000000001e29e000 	/System/Library/Frameworks/Cocoa.framework/Versions/A/Cocoa
0x000000001e29e000 	/System/Library/Frameworks/Security.framework/Versions/A/Security
0x000000001e29e000 	/System/Library/Frameworks/ApplicationServices.framework/Versions/A/ApplicationServices
0x000000001e29e000 	/usr/lib/libz.1.dylib
0x00000001021be000 	/usr/lib/libSystem.B.dylib
0x000000001e29e000 	/usr/lib/libobjc.A.dylib
0x000000001e29e000 	/System/Library/Frameworks/CoreFoundation.framework/Versions/A/CoreFoundation
0x000000001e29e000 	/System/Library/Frameworks/Foundation.framework/Versions/C/Foundation
0x000000001e29e000 	/System/Library/Frameworks/AppKit.framework/Versions/C/AppKit
0x000000001e29e000 	/System/Library/Frameworks/CoreData.framework/Versions/A/CoreData
0x000000001e29e000 	/System/Library/PrivateFrameworks/RemoteViewServices.framework/Versions/A/RemoteViewServices
0x000000001e29e000 	/System/Library/PrivateFrameworks/UIFoundation.framework/Versions/A/UIFoundation
0x000000001e29e000 	/System/Library/PrivateFrameworks/DFRFoundation.framework/Versions/A/DFRFoundation
0x000000001e29e000 	/usr/lib/libenergytrace.dylib
0x000000001e29e000 	/System/Library/PrivateFrameworks/SkyLight.framework/Versions/A/SkyLight
0x000000001e29e000 	/System/Library/Frameworks/CoreGraphics.framework/Versions/A/CoreGraphics
0x000000001e29e000 	/usr/lib/libScreenReader.dylib
0x000000001e29e000 	/System/Library/Frameworks/Accelerate.framework/Versions/A/Accelerate
0x000000001e29e000 	/System/Library/Frameworks/IOSurface.framework/Versions/A/IOSurface
0x000000001e29e000 	/System/Library/Frameworks/AudioToolbox.framework/Versions/A/AudioToolbox
0x000000001e29e000 	/System/Library/Frameworks/AudioUnit.framework/Versions/A/AudioUnit
0x000000001e29e000 	/System/Library/PrivateFrameworks/DataDetectorsCore.framework/Versions/A/DataDetectorsCore
0x000000001e29e000 	/System/Library/PrivateFrameworks/DesktopServicesPriv.framework/Versions/A/DesktopServicesPriv
0x000000001e29e000 	/System/Library/Frameworks/Carbon.framework/Versions/A/Frameworks/HIToolbox.framework/Versions/A/HIToolbox
0x000000001e29e000 	/usr/lib/libicucore.A.dylib
0x000000001e29e000 	/System/Library/Frameworks/QuartzCore.framework/Versions/A/QuartzCore
0x000000001e29e000 	/System/Library/Frameworks/Carbon.framework/Versions/A/Frameworks/SpeechRecognition.framework/Versions/A/SpeechRecognition
0x000000001e29e000 	/usr/lib/libauto.dylib
0x000000001e29e000 	/usr/lib/libxml2.2.dylib
0x000000001e29e000 	/System/Library/PrivateFrameworks/CoreUI.framework/Versions/A/CoreUI
0x000000001e29e000 	/System/Library/Frameworks/CoreAudio.framework/Versions/A/CoreAudio
0x000000001e29e000 	/System/Library/Frameworks/DiskArbitration.framework/Versions/A/DiskArbitration
0x000000001e29e000 	/usr/lib/liblangid.dylib
0x000000001e29e000 	/System/Library/PrivateFrameworks/MultitouchSupport.framework/Versions/A/MultitouchSupport
0x00000001021c7000 	/System/Library/Frameworks/IOKit.framework/Versions/A/IOKit
0x000000001e29e000 	/usr/lib/libDiagnosticMessagesClient.dylib
0x000000001e29e000 	/System/Library/Frameworks/CoreServices.framework/Versions/A/CoreServices
0x000000001e29e000 	/System/Library/PrivateFrameworks/PerformanceAnalysis.framework/Versions/A/PerformanceAnalysis
0x000000001e29e000 	/System/Library/PrivateFrameworks/GenerationalStorage.framework/Versions/A/GenerationalStorage
0x000000001e29e000 	/System/Library/Frameworks/OpenGL.framework/Versions/A/OpenGL
0x000000001e29e000 	/System/Library/Frameworks/CoreImage.framework/Versions/A/CoreImage
0x000000001e29e000 	/System/Library/Frameworks/CoreText.framework/Versions/A/CoreText
0x000000001e29e000 	/System/Library/Frameworks/ImageIO.framework/Versions/A/ImageIO
0x000000001e29e000 	/System/Library/PrivateFrameworks/Backup.framework/Versions/A/Backup
0x000000001e29e000 	/usr/lib/libarchive.2.dylib
0x00000001022a3000 	/System/Library/Frameworks/CFNetwork.framework/Versions/A/CFNetwork
0x000000001e29e000 	/System/Library/Frameworks/SystemConfiguration.framework/Versions/A/SystemConfiguration
0x000000001e29e000 	/usr/lib/libCRFSuite.dylib
0x000000001e29e000 	/usr/lib/libc++.1.dylib
0x000000001e29e000 	/usr/lib/libc++abi.dylib
0x000000001e29e000 	/usr/lib/system/libcache.dylib
0x000000001e29e000 	/usr/lib/system/libcommonCrypto.dylib
0x000000001e29e000 	/usr/lib/system/libcompiler_rt.dylib
0x000000001e29e000 	/usr/lib/system/libcopyfile.dylib
0x000000001e29e000 	/usr/lib/system/libcorecrypto.dylib
0x000000001e29e000 	/usr/lib/system/libdispatch.dylib
0x0000000102990000 	/usr/lib/system/libdyld.dylib
0x000000001e29e000 	/usr/lib/system/libkeymgr.dylib
0x000000001e29e000 	/usr/lib/system/liblaunch.dylib
0x000000001e29e000 	/usr/lib/system/libmacho.dylib
0x000000001e29e000 	/usr/lib/system/libquarantine.dylib
0x000000001e29e000 	/usr/lib/system/libremovefile.dylib
0x000000001e29e000 	/usr/lib/system/libsystem_asl.dylib
0x000000001e29e000 	/usr/lib/system/libsystem_blocks.dylib
0x000000001e29e000 	/usr/lib/system/libsystem_c.dylib
0x000000001e29e000 	/usr/lib/system/libsystem_configuration.dylib
0x000000001e29e000 	/usr/lib/system/libsystem_coreservices.dylib
0x000000010299e000 	/usr/lib/system/libsystem_coretls.dylib
0x000000001e29e000 	/usr/lib/system/libsystem_dnssd.dylib
0x000000001e29e000 	/usr/lib/system/libsystem_info.dylib
0x00000001029c8000 	/usr/lib/system/libsystem_kernel.dylib
0x000000001e29e000 	/usr/lib/system/libsystem_m.dylib
0x000000001e29e000 	/usr/lib/system/libsystem_malloc.dylib
0x000000001e29e000 	/usr/lib/system/libsystem_network.dylib
0x0000000102a06000 	/usr/lib/system/libsystem_networkextension.dylib
0x000000001e29e000 	/usr/lib/system/libsystem_notify.dylib
0x000000001e29e000 	/usr/lib/system/libsystem_platform.dylib
0x000000001e29e000 	/usr/lib/system/libsystem_pthread.dylib
0x0000000102a1d000 	/usr/lib/system/libsystem_sandbox.dylib
0x000000001e29e000 	/usr/lib/system/libsystem_secinit.dylib
0x0000000102a2e000 	/usr/lib/system/libsystem_symptoms.dylib
0x0000000102a3c000 	/usr/lib/system/libsystem_trace.dylib
0x000000001e29e000 	/usr/lib/system/libunwind.dylib
0x000000001e29e000 	/usr/lib/system/libxpc.dylib
0x000000001e29e000 	/usr/lib/libbsm.0.dylib
0x0000000102a75000 	/usr/lib/system/libkxld.dylib
0x000000001e29e000 	/usr/lib/libcoretls.dylib
0x000000001e29e000 	/usr/lib/libcoretls_cfhelpers.dylib
0x000000001e29e000 	/usr/lib/libxar.1.dylib
0x000000001e29e000 	/usr/lib/libsqlite3.dylib
0x000000001e29e000 	/usr/lib/libpam.2.dylib
0x000000001e29e000 	/usr/lib/libOpenScriptingUtil.dylib
0x000000001e29e000 	/usr/lib/libbz2.1.0.dylib
0x000000001e29e000 	/usr/lib/liblzma.5.dylib
0x000000001e29e000 	/usr/lib/libnetwork.dylib
0x000000001e29e000 	/usr/lib/libpcap.A.dylib
0x000000001e29e000 	/System/Library/Frameworks/CoreServices.framework/Versions/A/Frameworks/FSEvents.framework/Versions/A/FSEvents
0x000000001e29e000 	/System/Library/Frameworks/CoreServices.framework/Versions/A/Frameworks/CarbonCore.framework/Versions/A/CarbonCore
0x000000001e29e000 	/System/Library/Frameworks/CoreServices.framework/Versions/A/Frameworks/Metadata.framework/Versions/A/Metadata
0x000000001e29e000 	/System/Library/Frameworks/CoreServices.framework/Versions/A/Frameworks/OSServices.framework/Versions/A/OSServices
0x000000001e29e000 	/System/Library/Frameworks/CoreServices.framework/Versions/A/Frameworks/SearchKit.framework/Versions/A/SearchKit
0x000000001e29e000 	/System/Library/Frameworks/CoreServices.framework/Versions/A/Frameworks/AE.framework/Versions/A/AE
0x000000001e29e000 	/System/Library/Frameworks/CoreServices.framework/Versions/A/Frameworks/LaunchServices.framework/Versions/A/LaunchServices
0x000000001e29e000 	/System/Library/Frameworks/CoreServices.framework/Versions/A/Frameworks/DictionaryServices.framework/Versions/A/DictionaryServices
0x000000001e29e000 	/System/Library/Frameworks/CoreServices.framework/Versions/A/Frameworks/SharedFileList.framework/Versions/A/SharedFileList
0x000000001e29e000 	/System/Library/Frameworks/NetFS.framework/Versions/A/NetFS
0x000000001e29e000 	/System/Library/PrivateFrameworks/NetAuth.framework/Versions/A/NetAuth
0x000000001e29e000 	/System/Library/PrivateFrameworks/login.framework/Versions/A/Frameworks/loginsupport.framework/Versions/A/loginsupport
0x000000001e29e000 	/System/Library/PrivateFrameworks/TCC.framework/Versions/A/TCC
0x000000001e29e000 	/usr/lib/libmecabra.dylib
0x000000001e29e000 	/System/Library/Frameworks/ApplicationServices.framework/Versions/A/Frameworks/ATS.framework/Versions/A/ATS
0x000000001e29e000 	/System/Library/Frameworks/ApplicationServices.framework/Versions/A/Frameworks/ColorSync.framework/Versions/A/ColorSync
0x000000001e29e000 	/System/Library/Frameworks/ApplicationServices.framework/Versions/A/Frameworks/HIServices.framework/Versions/A/HIServices
0x000000001e29e000 	/System/Library/Frameworks/ApplicationServices.framework/Versions/A/Frameworks/LangAnalysis.framework/Versions/A/LangAnalysis
0x000000001e29e000 	/System/Library/Frameworks/ApplicationServices.framework/Versions/A/Frameworks/PrintCore.framework/Versions/A/PrintCore
0x000000001e29e000 	/System/Library/Frameworks/ApplicationServices.framework/Versions/A/Frameworks/QD.framework/Versions/A/QD
0x000000001e29e000 	/System/Library/Frameworks/ApplicationServices.framework/Versions/A/Frameworks/SpeechSynthesis.framework/Versions/A/SpeechSynthesis
0x000000001e29e000 	/System/Library/Frameworks/Accelerate.framework/Versions/A/Frameworks/vImage.framework/Versions/A/vImage
0x000000001e29e000 	/System/Library/Frameworks/Accelerate.framework/Versions/A/Frameworks/vecLib.framework/Versions/A/vecLib
0x000000001e29e000 	/System/Library/Frameworks/Accelerate.framework/Versions/A/Frameworks/vecLib.framework/Versions/A/libvDSP.dylib
0x000000001e29e000 	/System/Library/Frameworks/Accelerate.framework/Versions/A/Frameworks/vecLib.framework/Versions/A/libBNNS.dylib
0x000000001e29e000 	/System/Library/Frameworks/Accelerate.framework/Versions/A/Frameworks/vecLib.framework/Versions/A/libQuadrature.dylib
0x000000001e29e000 	/System/Library/Frameworks/Accelerate.framework/Versions/A/Frameworks/vecLib.framework/Versions/A/libvMisc.dylib
0x000000001e29e000 	/System/Library/Frameworks/Accelerate.framework/Versions/A/Frameworks/vecLib.framework/Versions/A/libLAPACK.dylib
0x000000001e29e000 	/System/Library/Frameworks/Accelerate.framework/Versions/A/Frameworks/vecLib.framework/Versions/A/libBLAS.dylib
0x000000001e29e000 	/System/Library/Frameworks/Accelerate.framework/Versions/A/Frameworks/vecLib.framework/Versions/A/libLinearAlgebra.dylib
0x000000001e29e000 	/System/Library/Frameworks/Accelerate.framework/Versions/A/Frameworks/vecLib.framework/Versions/A/libSparseBLAS.dylib
0x000000001e29e000 	/System/Library/Frameworks/ApplicationServices.framework/Versions/A/Frameworks/ATS.framework/Versions/A/Resources/libFontParser.dylib
0x000000001e29e000 	/System/Library/Frameworks/ApplicationServices.framework/Versions/A/Frameworks/ATS.framework/Versions/A/Resources/libFontRegistry.dylib
0x000000001e29e000 	/System/Library/Frameworks/ImageIO.framework/Versions/A/Resources/libJPEG.dylib
0x000000001e29e000 	/System/Library/Frameworks/ImageIO.framework/Versions/A/Resources/libTIFF.dylib
0x000000001e29e000 	/System/Library/Frameworks/ImageIO.framework/Versions/A/Resources/libPng.dylib
0x000000001e29e000 	/System/Library/Frameworks/ImageIO.framework/Versions/A/Resources/libGIF.dylib
0x000000001e29e000 	/System/Library/Frameworks/ImageIO.framework/Versions/A/Resources/libJP2.dylib
0x000000001e29e000 	/System/Library/Frameworks/ImageIO.framework/Versions/A/Resources/libRadiance.dylib
0x000000001e29e000 	/usr/lib/libcompression.dylib
0x000000001e29e000 	/System/Library/PrivateFrameworks/AppleJPEG.framework/Versions/A/AppleJPEG
0x000000001e29e000 	/usr/lib/libcups.2.dylib
0x000000001e29e000 	/System/Library/Frameworks/Kerberos.framework/Versions/A/Kerberos
0x000000001e29e000 	/System/Library/Frameworks/GSS.framework/Versions/A/GSS
0x000000001e29e000 	/usr/lib/libresolv.9.dylib
0x000000001e29e000 	/usr/lib/libiconv.2.dylib
0x000000001e29e000 	/System/Library/PrivateFrameworks/Heimdal.framework/Versions/A/Heimdal
0x000000001e29e000 	/usr/lib/libheimdal-asn1.dylib
0x000000001e29e000 	/System/Library/Frameworks/OpenDirectory.framework/Versions/A/OpenDirectory
0x000000001e29e000 	/System/Library/PrivateFrameworks/CommonAuth.framework/Versions/A/CommonAuth
0x000000001e29e000 	/System/Library/Frameworks/OpenDirectory.framework/Versions/A/Frameworks/CFOpenDirectory.framework/Versions/A/CFOpenDirectory
0x000000001e29e000 	/System/Library/Frameworks/SecurityFoundation.framework/Versions/A/SecurityFoundation
0x000000001e29e000 	/System/Library/PrivateFrameworks/LanguageModeling.framework/Versions/A/LanguageModeling
0x000000001e29e000 	/usr/lib/libmarisa.dylib
0x000000001e29e000 	/usr/lib/libChineseTokenizer.dylib
0x000000001e29e000 	/usr/lib/libcmph.dylib
0x000000001e29e000 	/System/Library/PrivateFrameworks/CoreEmoji.framework/Versions/A/CoreEmoji
0x000000001e29e000 	/System/Library/Frameworks/ServiceManagement.framework/Versions/A/ServiceManagement
0x000000001e29e000 	/usr/lib/libxslt.1.dylib
0x000000001e29e000 	/System/Library/Frameworks/Carbon.framework/Versions/A/Frameworks/Ink.framework/Versions/A/Ink
0x000000001e29e000 	/System/Library/PrivateFrameworks/TextureIO.framework/Versions/A/TextureIO
0x000000001e29e000 	/System/Library/Frameworks/Metal.framework/Versions/A/Metal
0x000000001e29e000 	/usr/lib/libate.dylib
0x000000001e29e000 	/System/Library/PrivateFrameworks/GPUCompiler.framework/libmetal_timestamp.dylib
0x000000001e29e000 	/System/Library/Frameworks/OpenGL.framework/Versions/A/Libraries/libCoreFSCache.dylib
0x000000001e29e000 	/System/Library/PrivateFrameworks/IOAccelerator.framework/Versions/A/IOAccelerator
0x000000001e29e000 	/System/Library/Frameworks/CoreVideo.framework/Versions/A/CoreVideo
0x000000001e29e000 	/usr/lib/libFosl_dynamic.dylib
0x000000001e29e000 	/System/Library/PrivateFrameworks/MetalPerformanceShaders.framework/Versions/A/MetalPerformanceShaders
0x000000001e29e000 	/System/Library/PrivateFrameworks/FaceCore.framework/Versions/A/FaceCore
0x000000001e29e000 	/System/Library/Frameworks/OpenCL.framework/Versions/A/OpenCL
0x000000001e29e000 	/System/Library/Frameworks/OpenGL.framework/Versions/A/Libraries/libGLU.dylib
0x000000001e29e000 	/System/Library/Frameworks/OpenGL.framework/Versions/A/Libraries/libGFXShared.dylib
0x000000001e29e000 	/System/Library/Frameworks/OpenGL.framework/Versions/A/Libraries/libGL.dylib
0x000000001e29e000 	/System/Library/Frameworks/OpenGL.framework/Versions/A/Libraries/libGLImage.dylib
0x000000001e29e000 	/System/Library/Frameworks/OpenGL.framework/Versions/A/Libraries/libCVMSPluginSupport.dylib
0x000000001e29e000 	/System/Library/Frameworks/OpenGL.framework/Versions/A/Libraries/libCoreVMClient.dylib
0x000000001e29e000 	/System/Library/PrivateFrameworks/CrashReporterSupport.framework/Versions/A/CrashReporterSupport
0x000000001e29e000 	/System/Library/PrivateFrameworks/Sharing.framework/Versions/A/Sharing
0x000000001e29e000 	/System/Library/PrivateFrameworks/IconServices.framework/Versions/A/IconServices
0x000000001e29e000 	/System/Library/PrivateFrameworks/ProtocolBuffer.framework/Versions/A/ProtocolBuffer
0x000000001e29e000 	/System/Library/PrivateFrameworks/Apple80211.framework/Versions/A/Apple80211
0x000000001e29e000 	/System/Library/Frameworks/CoreWLAN.framework/Versions/A/CoreWLAN
0x000000001e29e000 	/System/Library/PrivateFrameworks/CoreUtils.framework/Versions/A/CoreUtils
0x000000001e29e000 	/System/Library/Frameworks/IOBluetooth.framework/Versions/A/IOBluetooth
0x000000001e29e000 	/System/Library/PrivateFrameworks/CoreWiFi.framework/Versions/A/CoreWiFi
0x000000001e29e000 	/System/Library/Frameworks/CoreBluetooth.framework/Versions/A/CoreBluetooth
0x000000001e29e000 	/System/Library/Frameworks/CoreDisplay.framework/Versions/A/CoreDisplay
0x000000001e29e000 	/System/Library/PrivateFrameworks/IOPresentment.framework/Versions/A/IOPresentment
0x000000001e29e000 	/System/Library/PrivateFrameworks/DebugSymbols.framework/Versions/A/DebugSymbols
0x000000001e29e000 	/System/Library/PrivateFrameworks/CoreSymbolication.framework/Versions/A/CoreSymbolication
0x000000001e29e000 	/System/Library/PrivateFrameworks/Symbolication.framework/Versions/A/Symbolication
0x000000001e29e000 	/System/Library/PrivateFrameworks/AppleFSCompression.framework/Versions/A/AppleFSCompression
0x000000001e29e000 	/System/Library/PrivateFrameworks/SpeechRecognitionCore.framework/Versions/A/SpeechRecognitionCore
0x000000001e29e000 	/System/Library/PrivateFrameworks/ChunkingLibrary.framework/Versions/A/ChunkingLibrary
0x0000000103400000 	/Library/Java/JavaVirtualMachines/jdk1.8.0_101.jdk/Contents/Home/jre/lib/server/libjvm.dylib
0x000000001e29e000 	/usr/lib/libstdc++.6.dylib
0x0000000102ae3000 	/Library/Java/JavaVirtualMachines/jdk1.8.0_101.jdk/Contents/Home/jre/lib/libverify.dylib
0x0000000102af1000 	/Library/Java/JavaVirtualMachines/jdk1.8.0_101.jdk/Contents/Home/jre/lib/libjava.dylib
0x0000000102b2e000 	/Library/Java/JavaVirtualMachines/jdk1.8.0_101.jdk/Contents/Home/jre/lib/libzip.dylib
0x0000000102be2000 	/System/Library/Frameworks/JavaVM.framework/Frameworks/JavaRuntimeSupport.framework/JavaRuntimeSupport
0x000000010ac55000 	/System/Library/Frameworks/JavaVM.framework/Versions/A/Frameworks/JavaNativeFoundation.framework/Versions/A/JavaNativeFoundation
0x000000010ac6a000 	/System/Library/Frameworks/JavaVM.framework/Versions/A/JavaVM
0x000000001e29e000 	/System/Library/Frameworks/Carbon.framework/Versions/A/Carbon
0x000000010ac77000 	/System/Library/PrivateFrameworks/JavaLaunching.framework/Versions/A/JavaLaunching
0x000000001e29e000 	/System/Library/Frameworks/Carbon.framework/Versions/A/Frameworks/CommonPanels.framework/Versions/A/CommonPanels
0x000000001e29e000 	/System/Library/Frameworks/Carbon.framework/Versions/A/Frameworks/Help.framework/Versions/A/Help
0x000000001e29e000 	/System/Library/Frameworks/Carbon.framework/Versions/A/Frameworks/ImageCapture.framework/Versions/A/ImageCapture
0x000000001e29e000 	/System/Library/Frameworks/Carbon.framework/Versions/A/Frameworks/OpenScripting.framework/Versions/A/OpenScripting
0x000000001e29e000 	/System/Library/Frameworks/Carbon.framework/Versions/A/Frameworks/Print.framework/Versions/A/Print
0x000000001e29e000 	/System/Library/Frameworks/Carbon.framework/Versions/A/Frameworks/SecurityHI.framework/Versions/A/SecurityHI
0x000000010acf3000 	/Library/Java/JavaVirtualMachines/jdk1.8.0_101.jdk/Contents/Home/jre/lib/libnet.dylib
0x000000010ad52000 	/Library/Java/JavaVirtualMachines/jdk1.8.0_101.jdk/Contents/Home/jre/lib/libnio.dylib
0x000000010b195000 	/Users/elchroy/.gradle/native/19/osx-amd64/libnative-platform.dylib
0x000000010b19a000 	/Users/elchroy/.gradle/native/19/osx-amd64/libnative-platform-curses.dylib
0x000000001e29e000 	/usr/lib/libncurses.5.4.dylib
0x000000010b19e000 	/private/var/folders/3j/p0_wzk9d1ns47ybk3ng5x3w80000gn/T/jna4765996640405051243.tmp
0x000000010b1b3000 	/Library/Java/JavaVirtualMachines/jdk1.8.0_101.jdk/Contents/Home/jre/lib/libmanagement.dylib

VM Arguments:
jvm_args: -Dorg.gradle.appname=gradlew 
java_command: org.gradle.wrapper.GradleWrapperMain installDebug
java_class_path (initial): /Users/elchroy/Roy/Code/rubyment/roymobile/android/gradle/wrapper/gradle-wrapper.jar
Launcher Type: SUN_STANDARD

Environment Variables:
PATH=/usr/local/opt/nvm/versions/node/v6.3.0/lib/node_modules/npm/bin/node-gyp-bin:/Users/elchroy/Roy/Code/rubyment/roymobile/node_modules/.bin:/usr/local/opt/nvm/versions/node/v6.3.0/bin:/Users/elchroy/.rvm/gems/ruby-2.3.0/bin:/Users/elchroy/.rvm/gems/ruby-2.3.0@global/bin:/Users/elchroy/.rvm/rubies/ruby-2.3.0/bin:/usr/local/opt/nvm/versions/node/v6.3.0/bin:/usr/local/mysql/bin:/usr/local/share/python:/usr/local/bin:/usr/bin:/bin:/usr/sbin:/sbin:/Users/elchroy/golang/src/github.com/andela/bin:/usr/local/opt/go/libexec/bin:/Users/elchroy/.rvm/bin:/Users/elchroy/Library/Android/sdk/tools:/Users/elchroy/Library/Android/sdk/platform-tools
SHELL=/bin/zsh

Signal Handlers:
SIGSEGV: [libjvm.dylib+0x5af145], sa_mask[0]=11111111011111110111111111111111, sa_flags=SA_ONSTACK|SA_RESTART|SA_SIGINFO
SIGBUS: [libjvm.dylib+0x5af145], sa_mask[0]=11111111011111110111111111111111, sa_flags=SA_RESTART|SA_SIGINFO
SIGFPE: [libjvm.dylib+0x48694c], sa_mask[0]=11111111011111110111111111111111, sa_flags=SA_RESTART|SA_SIGINFO
SIGPIPE: [libjvm.dylib+0x48694c], sa_mask[0]=11111111011111110111111111111111, sa_flags=SA_RESTART|SA_SIGINFO
SIGXFSZ: [libjvm.dylib+0x48694c], sa_mask[0]=11111111011111110111111111111111, sa_flags=SA_RESTART|SA_SIGINFO
SIGILL: [libjvm.dylib+0x48694c], sa_mask[0]=11111111011111110111111111111111, sa_flags=SA_RESTART|SA_SIGINFO
SIGUSR1: SIG_DFL, sa_mask[0]=11111111011111110111111111111111, sa_flags=none
SIGUSR2: [libjvm.dylib+0x48646a], sa_mask[0]=00000000000000000000000000000000, sa_flags=SA_RESTART|SA_SIGINFO
SIGHUP: [libjvm.dylib+0x484a41], sa_mask[0]=11111111011111110111111111111111, sa_flags=SA_RESTART|SA_SIGINFO
SIGINT: [libjvm.dylib+0x484a41], sa_mask[0]=11111111011111110111111111111111, sa_flags=SA_RESTART|SA_SIGINFO
SIGTERM: [libjvm.dylib+0x484a41], sa_mask[0]=11111111011111110111111111111111, sa_flags=SA_RESTART|SA_SIGINFO
SIGQUIT: [libjvm.dylib+0x484a41], sa_mask[0]=11111111011111110111111111111111, sa_flags=SA_RESTART|SA_SIGINFO


---------------  S Y S T E M  ---------------

OS:Bsduname:Darwin 16.4.0 Darwin Kernel Version 16.4.0: Thu Dec 22 22:53:21 PST 2016; root:xnu-3789.41.3~3/RELEASE_X86_64 x86_64
rlimit: STACK 8192k, CORE 0k, NPROC 709, NOFILE 10240, AS infinity
load average:6.92 4.80 5.44

CPU:total 4 (2 cores per cpu, 2 threads per core) family 6 model 61 stepping 4, cmov, cx8, fxsr, mmx, sse, sse2, sse3, ssse3, sse4.1, sse4.2, popcnt, avx, avx2, aes, clmul, erms, 3dnowpref, lzcnt, ht, tsc, tscinvbit, bmi1, bmi2, adx

Memory: 4k page, physical 8388608k(241876k free)

/proc/meminfo:


vm_info: Java HotSpot(TM) 64-Bit Server VM (25.101-b13) for bsd-amd64 JRE (1.8.0_101-b13), built on Jun 22 2016 02:42:15 by "java_re" with gcc 4.2.1 (Based on Apple Inc. build 5658) (LLVM build 2336.11.00)

time: Fri Feb 10 12:52:59 2017
elapsed time: 24 seconds (0d 0h 0m 24s)

