#
# A fatal error has been detected by the Java Runtime Environment:
#
#  SIGSEGV (0xb) at pc=0x000000010f862498, pid=5576, tid=0x0000000000000307
#
# JRE version: Java(TM) SE Runtime Environment (8.0_101-b13) (build 1.8.0_101-b13)
# Java VM: Java HotSpot(TM) 64-Bit Server VM (25.101-b13 mixed mode bsd-amd64 compressed oops)
# Problematic frame:
# V  [libjvm.dylib+0x486498]  SR_handler(int, __siginfo*, __darwin_ucontext*)+0x2e
#
# Failed to write core dump. Core dumps have been disabled. To enable core dumping, try "ulimit -c unlimited" before starting Java again
#
# If you would like to submit a bug report, please visit:
#   http://bugreport.java.com/bugreport/crash.jsp
#

---------------  T H R E A D  ---------------

Current thread is native thread

siginfo: si_signo: 11 (SIGSEGV), si_code: 1 (SEGV_MAPERR), si_addr: 0x0000000000000128

Registers:
RAX=0x0000000000000000, RBX=0x00007fff511667a0, RCX=0x00007fffa9547408, RDX=0x00007fff511667a0
RSP=0x00007fff511662d0, RBP=0x00007fff51166300, RSI=0x00007fff51166738, RDI=0x0000000000000103
R8 =0x00007fff511667a0, R9 =0x00000000ffffffff, R10=0x0000000000000c00, R11=0x0000000000000206
R12=0x0000000000000c00, R13=0x0000000000000000, R14=0x00007fff51166738, R15=0x0000000000000002
RIP=0x000000010f862498, EFLAGS=0x0000000000010202, ERR=0x0000000000000004
  TRAPNO=0x000000000000000e

Top of Stack: (sp=0x00007fff511662d0)
0x00007fff511662d0:   0000000000000000 00007fff511667a0
0x00007fff511662e0:   0000000000000c00 0000000000000000
0x00007fff511662f0:   00007fff511669d0 0000000000001a03
0x00007fff51166300:   00007fff51166310 00007fffa0907bba
0x00007fff51166310:   00007fff511668a0 000000000001a900
0x00007fff51166320:   0001aa00a5f9b958 00007fffa93dd2d0
0x00007fff51166330:   0100001f00000085 00007fff8b1a3680
0x00007fff51166340:   0000000010004005 00000000ffffffff
0x00007fff51166350:   00007fff51166858 0000000000000000
0x00007fff51166360:   00007fff511669d0 0000000007000806
0x00007fff51166370:   00007fff511668a0 00007fff51166858
0x00007fff51166380:   0000000000001a03 00000000ffffffff
0x00007fff51166390:   0000000000000c00 0000000000000206
0x00007fff511663a0:   0000000000000c00 0000000000000000
0x00007fff511663b0:   00007fff511669d0 0000000000001a03
0x00007fff511663c0:   000000010f2d438a 0000000000000206
0x00007fff511663d0:   0000000000000007 0000000000000000
0x00007fff511663e0:   0000000000000000 0000000000000000
0x00007fff511663f0:   000000000000037f 0000000000000000
0x00007fff51166400:   0000000000000000 0000ffff00001fa0
0x00007fff51166410:   0000000000000000 000000000000ffff
0x00007fff51166420:   0000000000000100 000000000000ffff
0x00007fff51166430:   0000000000000000 0000000000000000
0x00007fff51166440:   0000000000000000 0000000000000000
0x00007fff51166450:   87bc000000000000 000000000000c00b
0x00007fff51166460:   0000000000000000 0000000000000000
0x00007fff51166470:   8000000000000000 0000000000004007
0x00007fff51166480:   c060000000000000 000000000000400a
0x00007fff51166490:   41be4a3f7f8387df 0000000000000000
0x00007fff511664a0:   3fe070fbeb9e492c 0000000000000000
0x00007fff511664b0:   c3de3f6db9c47f21 439c092463b80df2
0x00007fff511664c0:   0000000000000000 0000000000000000 

Instructions: (pc=0x000000010f862498)
0x000000010f862478:   83 ec 08 48 89 d3 49 89 f6 e8 00 26 14 00 44 8b
0x000000010f862488:   38 48 8d 05 20 cd 3a 00 48 63 38 e8 ca 28 14 00
0x000000010f862498:   4c 8b a0 28 01 00 00 41 83 7c 24 34 01 0f 85 e2
0x000000010f8624a8:   00 00 00 49 89 5c 24 40 4d 89 74 24 38 49 8d 5c 

Register to memory mapping:

RAX=0x0000000000000000 is an unknown value
RBX=0x00007fff511667a0 is an unknown value
RCX=0x00007fffa9547408: _thread+0x48 in /usr/lib/system/libsystem_pthread.dylib at 0x00007fffa090e000
RDX=0x00007fff511667a0 is an unknown value
RSP=0x00007fff511662d0 is an unknown value
RBP=0x00007fff51166300 is an unknown value
RSI=0x00007fff51166738 is an unknown value
RDI=0x0000000000000103 is an unknown value
R8 =0x00007fff511667a0 is an unknown value
R9 =0x00000000ffffffff is an unknown value
R10=0x0000000000000c00 is an unknown value
R11=0x0000000000000206 is an unknown value
R12=0x0000000000000c00 is an unknown value
R13=0x0000000000000000 is an unknown value
R14=0x00007fff51166738 is an unknown value
R15=0x0000000000000002 is an unknown value


Stack: [0x00007fff5096b000,0x00007fff5116b000],  sp=0x00007fff511662d0,  free space=8172k
Native frames: (J=compiled Java code, j=interpreted, Vv=VM code, C=native code)
V  [libjvm.dylib+0x486498]  SR_handler(int, __siginfo*, __darwin_ucontext*)+0x2e
C  [libsystem_platform.dylib+0x2bba]  _sigtramp+0x1a
C  0x000000000001a900
C  [CoreFoundation+0x88c94]  __CFRunLoopServiceMachPort+0xd4
C  [CoreFoundation+0x88121]  __CFRunLoopRun+0x551
C  [CoreFoundation+0x87974]  CFRunLoopRunSpecific+0x1a4
C  [java+0x6465]  CreateExecutionEnvironment+0x367
C  [java+0x218c]  JLI_Launch+0x7a0
C  [java+0x84c2]  main+0x65
C  [java+0x19e4]  start+0x34


---------------  P R O C E S S  ---------------

VM state:not at safepoint (normal execution)

VM Mutex/Monitor currently owned by a thread: None

Heap:
 PSYoungGen      total 205824K, used 78201K [0x0000000795580000, 0x00000007a7800000, 0x00000007c0000000)
  eden space 187904K, 32% used [0x0000000795580000,0x00000007990cf108,0x00000007a0d00000)
  from space 17920K, 97% used [0x00000007a0d00000,0x00000007a1e0f570,0x00000007a1e80000)
  to   space 20480K, 0% used [0x00000007a6400000,0x00000007a6400000,0x00000007a7800000)
 ParOldGen       total 119296K, used 26255K [0x0000000740000000, 0x0000000747480000, 0x0000000795580000)
  object space 119296K, 22% used [0x0000000740000000,0x00000007419a3d58,0x0000000747480000)
 Metaspace       used 39948K, capacity 41282K, committed 41560K, reserved 1085440K
  class space    used 5632K, capacity 6178K, committed 6272K, reserved 1048576K

Card table byte_map: [0x0000000110fc0000,0x00000001113c1000] byte_map_base: 0x000000010d5c0000

Marking Bits: (ParMarkBitMap*) 0x000000010fcc9d20
 Begin Bits: [0x000000011166c000, 0x000000011366c000)
 End Bits:   [0x000000011366c000, 0x000000011566c000)

Polling page: 0x000000010eabd000

CodeCache: size=245760Kb used=13719Kb max_used=14149Kb free=232040Kb
 bounds [0x00000001199b1000, 0x000000011a791000, 0x00000001289b1000]
 total_blobs=4614 nmethods=3949 adapters=577
 compilation: enabled

Compilation events (10 events):
Event: 14.886 Thread 0x00007fdc5a848800 4174 % !   4       com.android.ddmlib.AdbHelper::executeRemoteCommand @ 226 (548 bytes)
Event: 14.956 Thread 0x00007fdc5a848800 nmethod 4174% 0x000000011a7811d0 code [0x000000011a7814e0, 0x000000011a782dd8]
Event: 14.960 Thread 0x00007fdc5a86c000 4175   !   4       com.android.ddmlib.AdbHelper::executeRemoteCommand (548 bytes)
Event: 15.019 Thread 0x00007fdc5a86c000 nmethod 4175 0x000000011a7886d0 code [0x000000011a788b00, 0x000000011a78ab78]
Event: 19.278 Thread 0x00007fdc5a86e000 4177       3       sun.nio.ch.IOUtil::readIntoNativeBuffer (137 bytes)
Event: 19.279 Thread 0x00007fdc5a86e000 nmethod 4177 0x000000011a761cd0 code [0x000000011a761ec0, 0x000000011a7628a8]
Event: 19.279 Thread 0x00007fdc5a86e000 4178       3       sun.nio.ch.SocketDispatcher::read (8 bytes)
Event: 19.279 Thread 0x00007fdc5a86e000 nmethod 4178 0x0000000119ab4390 code [0x0000000119ab4500, 0x0000000119ab4688]
Event: 19.307 Thread 0x00007fdc5a86e000 4180   !   3       sun.nio.ch.IOUtil::read (93 bytes)
Event: 19.309 Thread 0x00007fdc5a86e000 nmethod 4180 0x0000000119ba9210 code [0x0000000119ba9420, 0x0000000119ba9c98]

GC Heap History (10 events):
Event: 2.476 GC heap before
{Heap before GC invocations=5 (full 1):
 PSYoungGen      total 138240K, used 5088K [0x0000000795580000, 0x000000079e180000, 0x00000007c0000000)
  eden space 133120K, 0% used [0x0000000795580000,0x0000000795580000,0x000000079d780000)
  from space 5120K, 99% used [0x000000079dc80000,0x000000079e178040,0x000000079e180000)
  to   space 5120K, 0% used [0x000000079d780000,0x000000079d780000,0x000000079dc80000)
 ParOldGen       total 87552K, used 9452K [0x0000000740000000, 0x0000000745580000, 0x0000000795580000)
  object space 87552K, 10% used [0x0000000740000000,0x000000074093b228,0x0000000745580000)
 Metaspace       used 20787K, capacity 21118K, committed 21248K, reserved 1067008K
  class space    used 2825K, capacity 2978K, committed 3072K, reserved 1048576K
Event: 2.544 GC heap after
Heap after GC invocations=5 (full 1):
 PSYoungGen      total 138240K, used 0K [0x0000000795580000, 0x000000079e180000, 0x00000007c0000000)
  eden space 133120K, 0% used [0x0000000795580000,0x0000000795580000,0x000000079d780000)
  from space 5120K, 0% used [0x000000079dc80000,0x000000079dc80000,0x000000079e180000)
  to   space 5120K, 0% used [0x000000079d780000,0x000000079d780000,0x000000079dc80000)
 ParOldGen       total 70656K, used 13377K [0x0000000740000000, 0x0000000744500000, 0x0000000795580000)
  object space 70656K, 18% used [0x0000000740000000,0x0000000740d10438,0x0000000744500000)
 Metaspace       used 20787K, capacity 21118K, committed 21248K, reserved 1067008K
  class space    used 2825K, capacity 2978K, committed 3072K, reserved 1048576K
}
Event: 4.768 GC heap before
{Heap before GC invocations=6 (full 1):
 PSYoungGen      total 138240K, used 133120K [0x0000000795580000, 0x000000079e180000, 0x00000007c0000000)
  eden space 133120K, 100% used [0x0000000795580000,0x000000079d780000,0x000000079d780000)
  from space 5120K, 0% used [0x000000079dc80000,0x000000079dc80000,0x000000079e180000)
  to   space 5120K, 0% used [0x000000079d780000,0x000000079d780000,0x000000079dc80000)
 ParOldGen       total 70656K, used 13377K [0x0000000740000000, 0x0000000744500000, 0x0000000795580000)
  object space 70656K, 18% used [0x0000000740000000,0x0000000740d10438,0x0000000744500000)
 Metaspace       used 29548K, capacity 30386K, committed 30464K, reserved 1075200K
  class space    used 4056K, capacity 4349K, committed 4352K, reserved 1048576K
Event: 4.790 GC heap after
Heap after GC invocations=6 (full 1):
 PSYoungGen      total 138240K, used 5120K [0x0000000795580000, 0x00000007a2d80000, 0x00000007c0000000)
  eden space 133120K, 0% used [0x0000000795580000,0x0000000795580000,0x000000079d780000)
  from space 5120K, 100% used [0x000000079d780000,0x000000079dc80000,0x000000079dc80000)
  to   space 15360K, 0% used [0x00000007a1e80000,0x00000007a1e80000,0x00000007a2d80000)
 ParOldGen       total 70656K, used 22858K [0x0000000740000000, 0x0000000744500000, 0x0000000795580000)
  object space 70656K, 32% used [0x0000000740000000,0x0000000741652a28,0x0000000744500000)
 Metaspace       used 29548K, capacity 30386K, committed 30464K, reserved 1075200K
  class space    used 4056K, capacity 4349K, committed 4352K, reserved 1048576K
}
Event: 5.708 GC heap before
{Heap before GC invocations=7 (full 1):
 PSYoungGen      total 138240K, used 86951K [0x0000000795580000, 0x00000007a2d80000, 0x00000007c0000000)
  eden space 133120K, 61% used [0x0000000795580000,0x000000079a569ff8,0x000000079d780000)
  from space 5120K, 100% used [0x000000079d780000,0x000000079dc80000,0x000000079dc80000)
  to   space 15360K, 0% used [0x00000007a1e80000,0x00000007a1e80000,0x00000007a2d80000)
 ParOldGen       total 70656K, used 22858K [0x0000000740000000, 0x0000000744500000, 0x0000000795580000)
  object space 70656K, 32% used [0x0000000740000000,0x0000000741652a28,0x0000000744500000)
 Metaspace       used 34327K, capacity 35272K, committed 35416K, reserved 1079296K
  class space    used 4783K, capacity 5166K, committed 5248K, reserved 1048576K
Event: 5.731 GC heap after
Heap after GC invocations=7 (full 1):
 PSYoungGen      total 203264K, used 15343K [0x0000000795580000, 0x00000007a3400000, 0x00000007c0000000)
  eden space 187904K, 0% used [0x0000000795580000,0x0000000795580000,0x00000007a0d00000)
  from space 15360K, 99% used [0x00000007a1e80000,0x00000007a2d7bd20,0x00000007a2d80000)
  to   space 17920K, 0% used [0x00000007a0d00000,0x00000007a0d00000,0x00000007a1e80000)
 ParOldGen       total 70656K, used 23116K [0x0000000740000000, 0x0000000744500000, 0x0000000795580000)
  object space 70656K, 32% used [0x0000000740000000,0x00000007416932d8,0x0000000744500000)
 Metaspace       used 34327K, capacity 35272K, committed 35416K, reserved 1079296K
  class space    used 4783K, capacity 5166K, committed 5248K, reserved 1048576K
}
Event: 5.731 GC heap before
{Heap before GC invocations=8 (full 2):
 PSYoungGen      total 203264K, used 15343K [0x0000000795580000, 0x00000007a3400000, 0x00000007c0000000)
  eden space 187904K, 0% used [0x0000000795580000,0x0000000795580000,0x00000007a0d00000)
  from space 15360K, 99% used [0x00000007a1e80000,0x00000007a2d7bd20,0x00000007a2d80000)
  to   space 17920K, 0% used [0x00000007a0d00000,0x00000007a0d00000,0x00000007a1e80000)
 ParOldGen       total 70656K, used 23116K [0x0000000740000000, 0x0000000744500000, 0x0000000795580000)
  object space 70656K, 32% used [0x0000000740000000,0x00000007416932d8,0x0000000744500000)
 Metaspace       used 34327K, capacity 35272K, committed 35416K, reserved 1079296K
  class space    used 4783K, capacity 5166K, committed 5248K, reserved 1048576K
Event: 5.868 GC heap after
Heap after GC invocations=8 (full 2):
 PSYoungGen      total 203264K, used 0K [0x0000000795580000, 0x00000007a3400000, 0x00000007c0000000)
  eden space 187904K, 0% used [0x0000000795580000,0x0000000795580000,0x00000007a0d00000)
  from space 15360K, 0% used [0x00000007a1e80000,0x00000007a1e80000,0x00000007a2d80000)
  to   space 17920K, 0% used [0x00000007a0d00000,0x00000007a0d00000,0x00000007a1e80000)
 ParOldGen       total 119296K, used 26247K [0x0000000740000000, 0x0000000747480000, 0x0000000795580000)
  object space 119296K, 22% used [0x0000000740000000,0x00000007419a1d58,0x0000000747480000)
 Metaspace       used 34327K, capacity 35272K, committed 35416K, reserved 1079296K
  class space    used 4783K, capacity 5166K, committed 5248K, reserved 1048576K
}
Event: 8.050 GC heap before
{Heap before GC invocations=9 (full 2):
 PSYoungGen      total 203264K, used 187904K [0x0000000795580000, 0x00000007a3400000, 0x00000007c0000000)
  eden space 187904K, 100% used [0x0000000795580000,0x00000007a0d00000,0x00000007a0d00000)
  from space 15360K, 0% used [0x00000007a1e80000,0x00000007a1e80000,0x00000007a2d80000)
  to   space 17920K, 0% used [0x00000007a0d00000,0x00000007a0d00000,0x00000007a1e80000)
 ParOldGen       total 119296K, used 26247K [0x0000000740000000, 0x0000000747480000, 0x0000000795580000)
  object space 119296K, 22% used [0x0000000740000000,0x00000007419a1d58,0x0000000747480000)
 Metaspace       used 38999K, capacity 40188K, committed 40280K, reserved 1083392K
  class space    used 5482K, capacity 5980K, committed 6016K, reserved 1048576K
Event: 8.084 GC heap after
Heap after GC invocations=9 (full 2):
 PSYoungGen      total 205824K, used 17469K [0x0000000795580000, 0x00000007a7800000, 0x00000007c0000000)
  eden space 187904K, 0% used [0x0000000795580000,0x0000000795580000,0x00000007a0d00000)
  from space 17920K, 97% used [0x00000007a0d00000,0x00000007a1e0f570,0x00000007a1e80000)
  to   space 20480K, 0% used [0x00000007a6400000,0x00000007a6400000,0x00000007a7800000)
 ParOldGen       total 119296K, used 26255K [0x0000000740000000, 0x0000000747480000, 0x0000000795580000)
  object space 119296K, 22% used [0x0000000740000000,0x00000007419a3d58,0x0000000747480000)
 Metaspace       used 38999K, capacity 40188K, committed 40280K, reserved 1083392K
  class space    used 5482K, capacity 5980K, committed 6016K, reserved 1048576K
}

Deoptimization events (10 events):
Event: 10.383 Thread 0x00007fdc5a002800 Uncommon trap: reason=unstable_if action=reinterpret pc=0x000000011a733630 method=sun.nio.ch.IOUtil.writeFromNativeBuffer(Ljava/io/FileDescriptor;Ljava/nio/ByteBuffer;JLsun/nio/ch/NativeDispatcher;)I @ 121
Event: 10.383 Thread 0x00007fdc5a002800 Uncommon trap: reason=unstable_if action=reinterpret pc=0x000000011a7299f0 method=java.nio.Buffer.hasRemaining()Z @ 8
Event: 10.383 Thread 0x00007fdc5a002800 Uncommon trap: reason=unstable_if action=reinterpret pc=0x000000011a72b094 method=sun.nio.ch.IOUtil.writeFromNativeBuffer(Ljava/io/FileDescriptor;Ljava/nio/ByteBuffer;JLsun/nio/ch/NativeDispatcher;)I @ 121
Event: 10.383 Thread 0x00007fdc5a002800 Uncommon trap: reason=unstable_if action=reinterpret pc=0x000000011a72297c method=java.nio.Buffer.hasRemaining()Z @ 8
Event: 10.383 Thread 0x00007fdc5a002800 Uncommon trap: reason=unstable_if action=reinterpret pc=0x000000011a727584 method=sun.nio.ch.IOUtil.writeFromNativeBuffer(Ljava/io/FileDescriptor;Ljava/nio/ByteBuffer;JLsun/nio/ch/NativeDispatcher;)I @ 121
Event: 10.674 Thread 0x00007fdc5a002800 Uncommon trap: reason=unstable_if action=reinterpret pc=0x000000011a75c120 method=com.android.ddmlib.AdbHelper.executeRemoteCommand(Ljava/net/InetSocketAddress;Lcom/android/ddmlib/AdbHelper$AdbService;Ljava/lang/String;Lcom/android/ddmlib/IDevice;Lcom/and
Event: 10.784 Thread 0x00007fdc5a002800 Uncommon trap: reason=unstable_if action=reinterpret pc=0x000000011a71e298 method=java.nio.channels.spi.AbstractInterruptibleChannel.end(Z)V @ 31
Event: 10.785 Thread 0x00007fdc5a002800 Uncommon trap: reason=unstable_if action=reinterpret pc=0x000000011a7265dc method=java.nio.channels.spi.AbstractInterruptibleChannel.begin()V @ 4
Event: 14.036 Thread 0x00007fdc5e217000 Uncommon trap: reason=unstable_if action=reinterpret pc=0x000000011a767604 method=sun.nio.ch.Util$BufferCache.get(I)Ljava/nio/ByteBuffer; @ 4
Event: 14.046 Thread 0x00007fdc5e217000 Uncommon trap: reason=unstable_if action=reinterpret pc=0x000000011a725b6c method=sun.nio.ch.Util$BufferCache.get(I)Ljava/nio/ByteBuffer; @ 26

Internal exceptions (10 events):
Event: 9.587 Thread 0x00007fdc5a002800 Exception <a 'java/lang/ClassNotFoundException': com/google/common/collect/SingletonImmutableListBeanInfo> (0x0000000797a21f78) thrown at [/HUDSON3/workspace/8-2-build-macosx-x86_64/jdk8u101/7261/hotspot/src/share/vm/classfile/systemDictionary.cpp, line 2
Event: 9.587 Thread 0x00007fdc5a002800 Exception <a 'java/lang/ClassNotFoundException': com/google/common/collect/ImmutableListBeanInfo> (0x0000000797a2deb0) thrown at [/HUDSON3/workspace/8-2-build-macosx-x86_64/jdk8u101/7261/hotspot/src/share/vm/classfile/systemDictionary.cpp, line 210]
Event: 9.587 Thread 0x00007fdc5a002800 Exception <a 'java/lang/ClassNotFoundException': com/google/common/collect/ImmutableCollectionBeanInfo> (0x0000000797a3abc0) thrown at [/HUDSON3/workspace/8-2-build-macosx-x86_64/jdk8u101/7261/hotspot/src/share/vm/classfile/systemDictionary.cpp, line 210]
Event: 9.588 Thread 0x00007fdc5a002800 Exception <a 'java/lang/ClassNotFoundException': com/google/common/collect/ImmutableCollectionCustomizer> (0x0000000797a47d20) thrown at [/HUDSON3/workspace/8-2-build-macosx-x86_64/jdk8u101/7261/hotspot/src/share/vm/classfile/systemDictionary.cpp, line 21
Event: 9.588 Thread 0x00007fdc5a002800 Exception <a 'java/lang/ClassNotFoundException': com/google/common/collect/ImmutableListCustomizer> (0x0000000797a649e0) thrown at [/HUDSON3/workspace/8-2-build-macosx-x86_64/jdk8u101/7261/hotspot/src/share/vm/classfile/systemDictionary.cpp, line 210]
Event: 9.589 Thread 0x00007fdc5a002800 Exception <a 'java/lang/ClassNotFoundException': com/google/common/collect/SingletonImmutableListCustomizer> (0x0000000797aabca8) thrown at [/HUDSON3/workspace/8-2-build-macosx-x86_64/jdk8u101/7261/hotspot/src/share/vm/classfile/systemDictionary.cpp, line
Event: 9.591 Thread 0x00007fdc5a002800 Exception <a 'java/lang/ClassNotFoundException': com/android/build/gradle/api/ApkOutputFileBeanInfo> (0x0000000797ae5ac8) thrown at [/HUDSON3/workspace/8-2-build-macosx-x86_64/jdk8u101/7261/hotspot/src/share/vm/classfile/systemDictionary.cpp, line 210]
Event: 9.591 Thread 0x00007fdc5a002800 Exception <a 'java/lang/ClassNotFoundException': com/android/build/gradle/api/ApkOutputFileCustomizer> (0x0000000797af1af8) thrown at [/HUDSON3/workspace/8-2-build-macosx-x86_64/jdk8u101/7261/hotspot/src/share/vm/classfile/systemDictionary.cpp, line 210]
Event: 9.643 Thread 0x00007fdc5a002800 Exception <a 'java/lang/ClassNotFoundException': com/android/ide/common/build/SplitOutputMatcherBeanInfo> (0x0000000797b53060) thrown at [/HUDSON3/workspace/8-2-build-macosx-x86_64/jdk8u101/7261/hotspot/src/share/vm/classfile/systemDictionary.cpp, line 21
Event: 9.643 Thread 0x00007fdc5a002800 Exception <a 'java/lang/ClassNotFoundException': com/android/ide/common/build/SplitOutputMatcherCustomizer> (0x0000000797b5f958) thrown at [/HUDSON3/workspace/8-2-build-macosx-x86_64/jdk8u101/7261/hotspot/src/share/vm/classfile/systemDictionary.cpp, line 

Events (10 events):
Event: 19.309 Thread 0x00007fdc5a86e000 flushing nmethod 0x0000000119c311d0
Event: 19.309 Thread 0x00007fdc5a86e000 flushing nmethod 0x0000000119c3e8d0
Event: 19.309 Thread 0x00007fdc5a86e000 flushing nmethod 0x0000000119c5cc50
Event: 19.309 Thread 0x00007fdc5a86e000 flushing nmethod 0x0000000119c5e910
Event: 19.309 Thread 0x00007fdc5a86e000 flushing nmethod 0x0000000119c67190
Event: 19.309 Thread 0x00007fdc5a86e000 flushing nmethod 0x0000000119c68090
Event: 19.309 Thread 0x00007fdc5a86e000 flushing nmethod 0x0000000119c6bc10
Event: 19.309 Thread 0x00007fdc5a86e000 flushing nmethod 0x0000000119c6fb10
Event: 19.309 Thread 0x00007fdc5a86e000 flushing nmethod 0x0000000119c73d10
Event: 19.309 Thread 0x00007fdc5a86e000 flushing nmethod 0x0000000119c76550


Dynamic libraries:
0x0000000015df1000 	/System/Library/Frameworks/Cocoa.framework/Versions/A/Cocoa
0x0000000015df1000 	/System/Library/Frameworks/Security.framework/Versions/A/Security
0x0000000015df1000 	/System/Library/Frameworks/ApplicationServices.framework/Versions/A/ApplicationServices
0x0000000015df1000 	/usr/lib/libz.1.dylib
0x000000010eab0000 	/usr/lib/libSystem.B.dylib
0x0000000015df1000 	/usr/lib/libobjc.A.dylib
0x0000000015df1000 	/System/Library/Frameworks/CoreFoundation.framework/Versions/A/CoreFoundation
0x0000000015df1000 	/System/Library/Frameworks/Foundation.framework/Versions/C/Foundation
0x0000000015df1000 	/System/Library/Frameworks/AppKit.framework/Versions/C/AppKit
0x0000000015df1000 	/System/Library/Frameworks/CoreData.framework/Versions/A/CoreData
0x0000000015df1000 	/System/Library/PrivateFrameworks/RemoteViewServices.framework/Versions/A/RemoteViewServices
0x0000000015df1000 	/System/Library/PrivateFrameworks/UIFoundation.framework/Versions/A/UIFoundation
0x0000000015df1000 	/System/Library/PrivateFrameworks/DFRFoundation.framework/Versions/A/DFRFoundation
0x0000000015df1000 	/usr/lib/libenergytrace.dylib
0x0000000015df1000 	/System/Library/PrivateFrameworks/SkyLight.framework/Versions/A/SkyLight
0x0000000015df1000 	/System/Library/Frameworks/CoreGraphics.framework/Versions/A/CoreGraphics
0x0000000015df1000 	/usr/lib/libScreenReader.dylib
0x0000000015df1000 	/System/Library/Frameworks/Accelerate.framework/Versions/A/Accelerate
0x0000000015df1000 	/System/Library/Frameworks/IOSurface.framework/Versions/A/IOSurface
0x0000000015df1000 	/System/Library/Frameworks/AudioToolbox.framework/Versions/A/AudioToolbox
0x0000000015df1000 	/System/Library/Frameworks/AudioUnit.framework/Versions/A/AudioUnit
0x0000000015df1000 	/System/Library/PrivateFrameworks/DataDetectorsCore.framework/Versions/A/DataDetectorsCore
0x0000000015df1000 	/System/Library/PrivateFrameworks/DesktopServicesPriv.framework/Versions/A/DesktopServicesPriv
0x0000000015df1000 	/System/Library/Frameworks/Carbon.framework/Versions/A/Frameworks/HIToolbox.framework/Versions/A/HIToolbox
0x0000000015df1000 	/usr/lib/libicucore.A.dylib
0x0000000015df1000 	/System/Library/Frameworks/QuartzCore.framework/Versions/A/QuartzCore
0x0000000015df1000 	/System/Library/Frameworks/Carbon.framework/Versions/A/Frameworks/SpeechRecognition.framework/Versions/A/SpeechRecognition
0x0000000015df1000 	/usr/lib/libauto.dylib
0x0000000015df1000 	/usr/lib/libxml2.2.dylib
0x0000000015df1000 	/System/Library/PrivateFrameworks/CoreUI.framework/Versions/A/CoreUI
0x0000000015df1000 	/System/Library/Frameworks/CoreAudio.framework/Versions/A/CoreAudio
0x0000000015df1000 	/System/Library/Frameworks/DiskArbitration.framework/Versions/A/DiskArbitration
0x0000000015df1000 	/usr/lib/liblangid.dylib
0x0000000015df1000 	/System/Library/PrivateFrameworks/MultitouchSupport.framework/Versions/A/MultitouchSupport
0x000000010eabe000 	/System/Library/Frameworks/IOKit.framework/Versions/A/IOKit
0x0000000015df1000 	/usr/lib/libDiagnosticMessagesClient.dylib
0x0000000015df1000 	/System/Library/Frameworks/CoreServices.framework/Versions/A/CoreServices
0x0000000015df1000 	/System/Library/PrivateFrameworks/PerformanceAnalysis.framework/Versions/A/PerformanceAnalysis
0x0000000015df1000 	/System/Library/PrivateFrameworks/GenerationalStorage.framework/Versions/A/GenerationalStorage
0x0000000015df1000 	/System/Library/Frameworks/OpenGL.framework/Versions/A/OpenGL
0x0000000015df1000 	/System/Library/Frameworks/CoreImage.framework/Versions/A/CoreImage
0x0000000015df1000 	/System/Library/Frameworks/CoreText.framework/Versions/A/CoreText
0x0000000015df1000 	/System/Library/Frameworks/ImageIO.framework/Versions/A/ImageIO
0x0000000015df1000 	/System/Library/PrivateFrameworks/Backup.framework/Versions/A/Backup
0x0000000015df1000 	/usr/lib/libarchive.2.dylib
0x000000010eb9d000 	/System/Library/Frameworks/CFNetwork.framework/Versions/A/CFNetwork
0x0000000015df1000 	/System/Library/Frameworks/SystemConfiguration.framework/Versions/A/SystemConfiguration
0x0000000015df1000 	/usr/lib/libCRFSuite.dylib
0x0000000015df1000 	/usr/lib/libc++.1.dylib
0x0000000015df1000 	/usr/lib/libc++abi.dylib
0x0000000015df1000 	/usr/lib/system/libcache.dylib
0x0000000015df1000 	/usr/lib/system/libcommonCrypto.dylib
0x0000000015df1000 	/usr/lib/system/libcompiler_rt.dylib
0x0000000015df1000 	/usr/lib/system/libcopyfile.dylib
0x0000000015df1000 	/usr/lib/system/libcorecrypto.dylib
0x0000000015df1000 	/usr/lib/system/libdispatch.dylib
0x000000010f28d000 	/usr/lib/system/libdyld.dylib
0x0000000015df1000 	/usr/lib/system/libkeymgr.dylib
0x0000000015df1000 	/usr/lib/system/liblaunch.dylib
0x0000000015df1000 	/usr/lib/system/libmacho.dylib
0x0000000015df1000 	/usr/lib/system/libquarantine.dylib
0x0000000015df1000 	/usr/lib/system/libremovefile.dylib
0x0000000015df1000 	/usr/lib/system/libsystem_asl.dylib
0x0000000015df1000 	/usr/lib/system/libsystem_blocks.dylib
0x0000000015df1000 	/usr/lib/system/libsystem_c.dylib
0x0000000015df1000 	/usr/lib/system/libsystem_configuration.dylib
0x0000000015df1000 	/usr/lib/system/libsystem_coreservices.dylib
0x000000010f29e000 	/usr/lib/system/libsystem_coretls.dylib
0x0000000015df1000 	/usr/lib/system/libsystem_dnssd.dylib
0x0000000015df1000 	/usr/lib/system/libsystem_info.dylib
0x000000010f2c2000 	/usr/lib/system/libsystem_kernel.dylib
0x0000000015df1000 	/usr/lib/system/libsystem_m.dylib
0x0000000015df1000 	/usr/lib/system/libsystem_malloc.dylib
0x0000000015df1000 	/usr/lib/system/libsystem_network.dylib
0x000000010f2fe000 	/usr/lib/system/libsystem_networkextension.dylib
0x0000000015df1000 	/usr/lib/system/libsystem_notify.dylib
0x0000000015df1000 	/usr/lib/system/libsystem_platform.dylib
0x0000000015df1000 	/usr/lib/system/libsystem_pthread.dylib
0x000000010f313000 	/usr/lib/system/libsystem_sandbox.dylib
0x0000000015df1000 	/usr/lib/system/libsystem_secinit.dylib
0x000000010f323000 	/usr/lib/system/libsystem_symptoms.dylib
0x000000010f334000 	/usr/lib/system/libsystem_trace.dylib
0x0000000015df1000 	/usr/lib/system/libunwind.dylib
0x0000000015df1000 	/usr/lib/system/libxpc.dylib
0x0000000015df1000 	/usr/lib/libbsm.0.dylib
0x000000010f36e000 	/usr/lib/system/libkxld.dylib
0x0000000015df1000 	/usr/lib/libcoretls.dylib
0x0000000015df1000 	/usr/lib/libcoretls_cfhelpers.dylib
0x0000000015df1000 	/usr/lib/libxar.1.dylib
0x0000000015df1000 	/usr/lib/libsqlite3.dylib
0x0000000015df1000 	/usr/lib/libpam.2.dylib
0x0000000015df1000 	/usr/lib/libOpenScriptingUtil.dylib
0x0000000015df1000 	/usr/lib/libbz2.1.0.dylib
0x0000000015df1000 	/usr/lib/liblzma.5.dylib
0x0000000015df1000 	/usr/lib/libnetwork.dylib
0x0000000015df1000 	/usr/lib/libpcap.A.dylib
0x0000000015df1000 	/System/Library/Frameworks/CoreServices.framework/Versions/A/Frameworks/FSEvents.framework/Versions/A/FSEvents
0x0000000015df1000 	/System/Library/Frameworks/CoreServices.framework/Versions/A/Frameworks/CarbonCore.framework/Versions/A/CarbonCore
0x0000000015df1000 	/System/Library/Frameworks/CoreServices.framework/Versions/A/Frameworks/Metadata.framework/Versions/A/Metadata
0x0000000015df1000 	/System/Library/Frameworks/CoreServices.framework/Versions/A/Frameworks/OSServices.framework/Versions/A/OSServices
0x0000000015df1000 	/System/Library/Frameworks/CoreServices.framework/Versions/A/Frameworks/SearchKit.framework/Versions/A/SearchKit
0x0000000015df1000 	/System/Library/Frameworks/CoreServices.framework/Versions/A/Frameworks/AE.framework/Versions/A/AE
0x0000000015df1000 	/System/Library/Frameworks/CoreServices.framework/Versions/A/Frameworks/LaunchServices.framework/Versions/A/LaunchServices
0x0000000015df1000 	/System/Library/Frameworks/CoreServices.framework/Versions/A/Frameworks/DictionaryServices.framework/Versions/A/DictionaryServices
0x0000000015df1000 	/System/Library/Frameworks/CoreServices.framework/Versions/A/Frameworks/SharedFileList.framework/Versions/A/SharedFileList
0x0000000015df1000 	/System/Library/Frameworks/NetFS.framework/Versions/A/NetFS
0x0000000015df1000 	/System/Library/PrivateFrameworks/NetAuth.framework/Versions/A/NetAuth
0x0000000015df1000 	/System/Library/PrivateFrameworks/login.framework/Versions/A/Frameworks/loginsupport.framework/Versions/A/loginsupport
0x0000000015df1000 	/System/Library/PrivateFrameworks/TCC.framework/Versions/A/TCC
0x0000000015df1000 	/usr/lib/libmecabra.dylib
0x0000000015df1000 	/System/Library/Frameworks/ApplicationServices.framework/Versions/A/Frameworks/ATS.framework/Versions/A/ATS
0x0000000015df1000 	/System/Library/Frameworks/ApplicationServices.framework/Versions/A/Frameworks/ColorSync.framework/Versions/A/ColorSync
0x0000000015df1000 	/System/Library/Frameworks/ApplicationServices.framework/Versions/A/Frameworks/HIServices.framework/Versions/A/HIServices
0x0000000015df1000 	/System/Library/Frameworks/ApplicationServices.framework/Versions/A/Frameworks/LangAnalysis.framework/Versions/A/LangAnalysis
0x0000000015df1000 	/System/Library/Frameworks/ApplicationServices.framework/Versions/A/Frameworks/PrintCore.framework/Versions/A/PrintCore
0x0000000015df1000 	/System/Library/Frameworks/ApplicationServices.framework/Versions/A/Frameworks/QD.framework/Versions/A/QD
0x0000000015df1000 	/System/Library/Frameworks/ApplicationServices.framework/Versions/A/Frameworks/SpeechSynthesis.framework/Versions/A/SpeechSynthesis
0x0000000015df1000 	/System/Library/Frameworks/Accelerate.framework/Versions/A/Frameworks/vImage.framework/Versions/A/vImage
0x0000000015df1000 	/System/Library/Frameworks/Accelerate.framework/Versions/A/Frameworks/vecLib.framework/Versions/A/vecLib
0x0000000015df1000 	/System/Library/Frameworks/Accelerate.framework/Versions/A/Frameworks/vecLib.framework/Versions/A/libvDSP.dylib
0x0000000015df1000 	/System/Library/Frameworks/Accelerate.framework/Versions/A/Frameworks/vecLib.framework/Versions/A/libBNNS.dylib
0x0000000015df1000 	/System/Library/Frameworks/Accelerate.framework/Versions/A/Frameworks/vecLib.framework/Versions/A/libQuadrature.dylib
0x0000000015df1000 	/System/Library/Frameworks/Accelerate.framework/Versions/A/Frameworks/vecLib.framework/Versions/A/libvMisc.dylib
0x0000000015df1000 	/System/Library/Frameworks/Accelerate.framework/Versions/A/Frameworks/vecLib.framework/Versions/A/libLAPACK.dylib
0x0000000015df1000 	/System/Library/Frameworks/Accelerate.framework/Versions/A/Frameworks/vecLib.framework/Versions/A/libBLAS.dylib
0x0000000015df1000 	/System/Library/Frameworks/Accelerate.framework/Versions/A/Frameworks/vecLib.framework/Versions/A/libLinearAlgebra.dylib
0x0000000015df1000 	/System/Library/Frameworks/Accelerate.framework/Versions/A/Frameworks/vecLib.framework/Versions/A/libSparseBLAS.dylib
0x0000000015df1000 	/System/Library/Frameworks/ApplicationServices.framework/Versions/A/Frameworks/ATS.framework/Versions/A/Resources/libFontParser.dylib
0x0000000015df1000 	/System/Library/Frameworks/ApplicationServices.framework/Versions/A/Frameworks/ATS.framework/Versions/A/Resources/libFontRegistry.dylib
0x0000000015df1000 	/System/Library/Frameworks/ImageIO.framework/Versions/A/Resources/libJPEG.dylib
0x0000000015df1000 	/System/Library/Frameworks/ImageIO.framework/Versions/A/Resources/libTIFF.dylib
0x0000000015df1000 	/System/Library/Frameworks/ImageIO.framework/Versions/A/Resources/libPng.dylib
0x0000000015df1000 	/System/Library/Frameworks/ImageIO.framework/Versions/A/Resources/libGIF.dylib
0x0000000015df1000 	/System/Library/Frameworks/ImageIO.framework/Versions/A/Resources/libJP2.dylib
0x0000000015df1000 	/System/Library/Frameworks/ImageIO.framework/Versions/A/Resources/libRadiance.dylib
0x0000000015df1000 	/usr/lib/libcompression.dylib
0x0000000015df1000 	/System/Library/PrivateFrameworks/AppleJPEG.framework/Versions/A/AppleJPEG
0x0000000015df1000 	/usr/lib/libcups.2.dylib
0x0000000015df1000 	/System/Library/Frameworks/Kerberos.framework/Versions/A/Kerberos
0x0000000015df1000 	/System/Library/Frameworks/GSS.framework/Versions/A/GSS
0x0000000015df1000 	/usr/lib/libresolv.9.dylib
0x0000000015df1000 	/usr/lib/libiconv.2.dylib
0x0000000015df1000 	/System/Library/PrivateFrameworks/Heimdal.framework/Versions/A/Heimdal
0x0000000015df1000 	/usr/lib/libheimdal-asn1.dylib
0x0000000015df1000 	/System/Library/Frameworks/OpenDirectory.framework/Versions/A/OpenDirectory
0x0000000015df1000 	/System/Library/PrivateFrameworks/CommonAuth.framework/Versions/A/CommonAuth
0x0000000015df1000 	/System/Library/Frameworks/OpenDirectory.framework/Versions/A/Frameworks/CFOpenDirectory.framework/Versions/A/CFOpenDirectory
0x0000000015df1000 	/System/Library/Frameworks/SecurityFoundation.framework/Versions/A/SecurityFoundation
0x0000000015df1000 	/System/Library/PrivateFrameworks/LanguageModeling.framework/Versions/A/LanguageModeling
0x0000000015df1000 	/usr/lib/libmarisa.dylib
0x0000000015df1000 	/usr/lib/libChineseTokenizer.dylib
0x0000000015df1000 	/usr/lib/libcmph.dylib
0x0000000015df1000 	/System/Library/PrivateFrameworks/CoreEmoji.framework/Versions/A/CoreEmoji
0x0000000015df1000 	/System/Library/Frameworks/ServiceManagement.framework/Versions/A/ServiceManagement
0x0000000015df1000 	/usr/lib/libxslt.1.dylib
0x0000000015df1000 	/System/Library/Frameworks/Carbon.framework/Versions/A/Frameworks/Ink.framework/Versions/A/Ink
0x0000000015df1000 	/System/Library/PrivateFrameworks/TextureIO.framework/Versions/A/TextureIO
0x0000000015df1000 	/System/Library/Frameworks/Metal.framework/Versions/A/Metal
0x0000000015df1000 	/usr/lib/libate.dylib
0x0000000015df1000 	/System/Library/PrivateFrameworks/GPUCompiler.framework/libmetal_timestamp.dylib
0x0000000015df1000 	/System/Library/Frameworks/OpenGL.framework/Versions/A/Libraries/libCoreFSCache.dylib
0x0000000015df1000 	/System/Library/PrivateFrameworks/IOAccelerator.framework/Versions/A/IOAccelerator
0x0000000015df1000 	/System/Library/Frameworks/CoreVideo.framework/Versions/A/CoreVideo
0x0000000015df1000 	/usr/lib/libFosl_dynamic.dylib
0x0000000015df1000 	/System/Library/PrivateFrameworks/MetalPerformanceShaders.framework/Versions/A/MetalPerformanceShaders
0x0000000015df1000 	/System/Library/PrivateFrameworks/FaceCore.framework/Versions/A/FaceCore
0x0000000015df1000 	/System/Library/Frameworks/OpenCL.framework/Versions/A/OpenCL
0x0000000015df1000 	/System/Library/Frameworks/OpenGL.framework/Versions/A/Libraries/libGLU.dylib
0x0000000015df1000 	/System/Library/Frameworks/OpenGL.framework/Versions/A/Libraries/libGFXShared.dylib
0x0000000015df1000 	/System/Library/Frameworks/OpenGL.framework/Versions/A/Libraries/libGL.dylib
0x0000000015df1000 	/System/Library/Frameworks/OpenGL.framework/Versions/A/Libraries/libGLImage.dylib
0x0000000015df1000 	/System/Library/Frameworks/OpenGL.framework/Versions/A/Libraries/libCVMSPluginSupport.dylib
0x0000000015df1000 	/System/Library/Frameworks/OpenGL.framework/Versions/A/Libraries/libCoreVMClient.dylib
0x0000000015df1000 	/System/Library/PrivateFrameworks/CrashReporterSupport.framework/Versions/A/CrashReporterSupport
0x0000000015df1000 	/System/Library/PrivateFrameworks/Sharing.framework/Versions/A/Sharing
0x0000000015df1000 	/System/Library/PrivateFrameworks/IconServices.framework/Versions/A/IconServices
0x0000000015df1000 	/System/Library/PrivateFrameworks/ProtocolBuffer.framework/Versions/A/ProtocolBuffer
0x0000000015df1000 	/System/Library/PrivateFrameworks/Apple80211.framework/Versions/A/Apple80211
0x0000000015df1000 	/System/Library/Frameworks/CoreWLAN.framework/Versions/A/CoreWLAN
0x0000000015df1000 	/System/Library/PrivateFrameworks/CoreUtils.framework/Versions/A/CoreUtils
0x0000000015df1000 	/System/Library/Frameworks/IOBluetooth.framework/Versions/A/IOBluetooth
0x0000000015df1000 	/System/Library/PrivateFrameworks/CoreWiFi.framework/Versions/A/CoreWiFi
0x0000000015df1000 	/System/Library/Frameworks/CoreBluetooth.framework/Versions/A/CoreBluetooth
0x0000000015df1000 	/System/Library/Frameworks/CoreDisplay.framework/Versions/A/CoreDisplay
0x0000000015df1000 	/System/Library/PrivateFrameworks/IOPresentment.framework/Versions/A/IOPresentment
0x0000000015df1000 	/System/Library/PrivateFrameworks/DebugSymbols.framework/Versions/A/DebugSymbols
0x0000000015df1000 	/System/Library/PrivateFrameworks/CoreSymbolication.framework/Versions/A/CoreSymbolication
0x0000000015df1000 	/System/Library/PrivateFrameworks/Symbolication.framework/Versions/A/Symbolication
0x0000000015df1000 	/System/Library/PrivateFrameworks/AppleFSCompression.framework/Versions/A/AppleFSCompression
0x0000000015df1000 	/System/Library/PrivateFrameworks/SpeechRecognitionCore.framework/Versions/A/SpeechRecognitionCore
0x0000000015df1000 	/System/Library/PrivateFrameworks/ChunkingLibrary.framework/Versions/A/ChunkingLibrary
0x000000010f3dc000 	/Library/Java/JavaVirtualMachines/jdk1.8.0_101.jdk/Contents/Home/jre/lib/server/libjvm.dylib
0x0000000015df1000 	/usr/lib/libstdc++.6.dylib
0x0000000110379000 	/Library/Java/JavaVirtualMachines/jdk1.8.0_101.jdk/Contents/Home/jre/lib/libverify.dylib
0x0000000110387000 	/Library/Java/JavaVirtualMachines/jdk1.8.0_101.jdk/Contents/Home/jre/lib/libjava.dylib
0x00000001103c4000 	/Library/Java/JavaVirtualMachines/jdk1.8.0_101.jdk/Contents/Home/jre/lib/libzip.dylib
0x000000011753b000 	/System/Library/Frameworks/JavaVM.framework/Frameworks/JavaRuntimeSupport.framework/JavaRuntimeSupport
0x0000000117555000 	/System/Library/Frameworks/JavaVM.framework/Versions/A/Frameworks/JavaNativeFoundation.framework/Versions/A/JavaNativeFoundation
0x000000011756a000 	/System/Library/Frameworks/JavaVM.framework/Versions/A/JavaVM
0x0000000015df1000 	/System/Library/Frameworks/Carbon.framework/Versions/A/Carbon
0x0000000117577000 	/System/Library/PrivateFrameworks/JavaLaunching.framework/Versions/A/JavaLaunching
0x0000000015df1000 	/System/Library/Frameworks/Carbon.framework/Versions/A/Frameworks/CommonPanels.framework/Versions/A/CommonPanels
0x0000000015df1000 	/System/Library/Frameworks/Carbon.framework/Versions/A/Frameworks/Help.framework/Versions/A/Help
0x0000000015df1000 	/System/Library/Frameworks/Carbon.framework/Versions/A/Frameworks/ImageCapture.framework/Versions/A/ImageCapture
0x0000000015df1000 	/System/Library/Frameworks/Carbon.framework/Versions/A/Frameworks/OpenScripting.framework/Versions/A/OpenScripting
0x0000000015df1000 	/System/Library/Frameworks/Carbon.framework/Versions/A/Frameworks/Print.framework/Versions/A/Print
0x0000000015df1000 	/System/Library/Frameworks/Carbon.framework/Versions/A/Frameworks/SecurityHI.framework/Versions/A/SecurityHI
0x0000000118ea2000 	/Library/Java/JavaVirtualMachines/jdk1.8.0_101.jdk/Contents/Home/jre/lib/libnet.dylib
0x0000000118f01000 	/Library/Java/JavaVirtualMachines/jdk1.8.0_101.jdk/Contents/Home/jre/lib/libnio.dylib
0x00000001193f8000 	/Users/elchroy/.gradle/native/19/osx-amd64/libnative-platform.dylib
0x00000001193fd000 	/Users/elchroy/.gradle/native/19/osx-amd64/libnative-platform-curses.dylib
0x0000000015df1000 	/usr/lib/libncurses.5.4.dylib
0x0000000119401000 	/private/var/folders/3j/p0_wzk9d1ns47ybk3ng5x3w80000gn/T/jna5309305576395799549.tmp
0x0000000119416000 	/Library/Java/JavaVirtualMachines/jdk1.8.0_101.jdk/Contents/Home/jre/lib/libmanagement.dylib

VM Arguments:
jvm_args: -Dorg.gradle.appname=gradlew 
java_command: org.gradle.wrapper.GradleWrapperMain installDebug
java_class_path (initial): /Users/elchroy/Roy/Code/rubyment/roymobile/android/gradle/wrapper/gradle-wrapper.jar
Launcher Type: SUN_STANDARD

Environment Variables:
PATH=/usr/local/opt/nvm/versions/node/v6.3.0/lib/node_modules/npm/bin/node-gyp-bin:/Users/elchroy/Roy/Code/rubyment/roymobile/node_modules/.bin:/usr/local/opt/nvm/versions/node/v6.3.0/bin:/Users/elchroy/.rvm/gems/ruby-2.3.0/bin:/Users/elchroy/.rvm/gems/ruby-2.3.0@global/bin:/Users/elchroy/.rvm/rubies/ruby-2.3.0/bin:/usr/local/opt/nvm/versions/node/v6.3.0/bin:/usr/local/mysql/bin:/usr/local/share/python:/usr/local/bin:/usr/bin:/bin:/usr/sbin:/sbin:/Users/elchroy/golang/src/github.com/andela/bin:/usr/local/opt/go/libexec/bin:/Users/elchroy/.rvm/bin:/Users/elchroy/Library/Android/sdk/tools:/Users/elchroy/Library/Android/sdk/platform-tools
SHELL=/bin/zsh

Signal Handlers:
SIGSEGV: [libjvm.dylib+0x5af145], sa_mask[0]=11111111011111110111111111111111, sa_flags=SA_ONSTACK|SA_RESTART|SA_SIGINFO
SIGBUS: [libjvm.dylib+0x5af145], sa_mask[0]=11111111011111110111111111111111, sa_flags=SA_RESTART|SA_SIGINFO
SIGFPE: [libjvm.dylib+0x48694c], sa_mask[0]=11111111011111110111111111111111, sa_flags=SA_RESTART|SA_SIGINFO
SIGPIPE: [libjvm.dylib+0x48694c], sa_mask[0]=11111111011111110111111111111111, sa_flags=SA_RESTART|SA_SIGINFO
SIGXFSZ: [libjvm.dylib+0x48694c], sa_mask[0]=11111111011111110111111111111111, sa_flags=SA_RESTART|SA_SIGINFO
SIGILL: [libjvm.dylib+0x48694c], sa_mask[0]=11111111011111110111111111111111, sa_flags=SA_RESTART|SA_SIGINFO
SIGUSR1: SIG_DFL, sa_mask[0]=11111111011111110111111111111111, sa_flags=none
SIGUSR2: [libjvm.dylib+0x48646a], sa_mask[0]=00000000000000000000000000000000, sa_flags=SA_RESTART|SA_SIGINFO
SIGHUP: [libjvm.dylib+0x484a41], sa_mask[0]=11111111011111110111111111111111, sa_flags=SA_RESTART|SA_SIGINFO
SIGINT: [libjvm.dylib+0x484a41], sa_mask[0]=11111111011111110111111111111111, sa_flags=SA_RESTART|SA_SIGINFO
SIGTERM: [libjvm.dylib+0x484a41], sa_mask[0]=11111111011111110111111111111111, sa_flags=SA_RESTART|SA_SIGINFO
SIGQUIT: [libjvm.dylib+0x484a41], sa_mask[0]=11111111011111110111111111111111, sa_flags=SA_RESTART|SA_SIGINFO


---------------  S Y S T E M  ---------------

OS:Bsduname:Darwin 16.4.0 Darwin Kernel Version 16.4.0: Thu Dec 22 22:53:21 PST 2016; root:xnu-3789.41.3~3/RELEASE_X86_64 x86_64
rlimit: STACK 8192k, CORE 0k, NPROC 709, NOFILE 10240, AS infinity
load average:2.41 2.47 2.88

CPU:total 4 (2 cores per cpu, 2 threads per core) family 6 model 61 stepping 4, cmov, cx8, fxsr, mmx, sse, sse2, sse3, ssse3, sse4.1, sse4.2, popcnt, avx, avx2, aes, clmul, erms, 3dnowpref, lzcnt, ht, tsc, tscinvbit, bmi1, bmi2, adx

Memory: 4k page, physical 8388608k(84124k free)

/proc/meminfo:


vm_info: Java HotSpot(TM) 64-Bit Server VM (25.101-b13) for bsd-amd64 JRE (1.8.0_101-b13), built on Jun 22 2016 02:42:15 by "java_re" with gcc 4.2.1 (Based on Apple Inc. build 5658) (LLVM build 2336.11.00)

time: Tue Feb  7 18:47:01 2017
elapsed time: 21 seconds (0d 0h 0m 21s)

