#
# A fatal error has been detected by the Java Runtime Environment:
#
#  SIGSEGV (0xb) at pc=0x0000000108286498, pid=91191, tid=0x0000000000000307
#
# JRE version: Java(TM) SE Runtime Environment (8.0_101-b13) (build 1.8.0_101-b13)
# Java VM: Java HotSpot(TM) 64-Bit Server VM (25.101-b13 mixed mode bsd-amd64 compressed oops)
# Problematic frame:
# V  [libjvm.dylib+0x486498]  SR_handler(int, __siginfo*, __darwin_ucontext*)+0x2e
#
# Failed to write core dump. Core dumps have been disabled. To enable core dumping, try "ulimit -c unlimited" before starting Java again
#
# If you would like to submit a bug report, please visit:
#   http://bugreport.java.com/bugreport/crash.jsp
#

---------------  T H R E A D  ---------------

Current thread is native thread

siginfo: si_signo: 11 (SIGSEGV), si_code: 1 (SEGV_MAPERR), si_addr: 0x0000000000000128

Registers:
RAX=0x0000000000000000, RBX=0x00007fff58feb7a0, RCX=0x00007fffa9547408, RDX=0x00007fff58feb7a0
RSP=0x00007fff58feb2d0, RBP=0x00007fff58feb300, RSI=0x00007fff58feb738, RDI=0x0000000000000103
R8 =0x00007fff58feb7a0, R9 =0x00000000ffffffff, R10=0x0000000000000c00, R11=0x0000000000000206
R12=0x0000000000000c00, R13=0x0000000000000000, R14=0x00007fff58feb738, R15=0x0000000000000002
RIP=0x0000000108286498, EFLAGS=0x0000000000010202, ERR=0x0000000000000004
  TRAPNO=0x000000000000000e

Top of Stack: (sp=0x00007fff58feb2d0)
0x00007fff58feb2d0:   0000000000000000 00007fff58feb7a0
0x00007fff58feb2e0:   0000000000000c00 0000000000000000
0x00007fff58feb2f0:   00007fff58feb9d0 0000000000000d03
0x00007fff58feb300:   00007fff58feb310 00007fffa0907bba
0x00007fff58feb310:   00007fff58feb8a0 0000000000015c00
0x00007fff58feb320:   00015d00a5f9b958 00007fffa93dd2d0
0x00007fff58feb330:   0100001f00000085 00007fff8b1a3680
0x00007fff58feb340:   0000000010004005 00000000ffffffff
0x00007fff58feb350:   00007fff58feb858 0000000000000000
0x00007fff58feb360:   00007fff58feb9d0 0000000007000806
0x00007fff58feb370:   00007fff58feb8a0 00007fff58feb858
0x00007fff58feb380:   0000000000000d03 00000000ffffffff
0x00007fff58feb390:   0000000000000c00 0000000000000206
0x00007fff58feb3a0:   0000000000000c00 0000000000000000
0x00007fff58feb3b0:   00007fff58feb9d0 0000000000000d03
0x00007fff58feb3c0:   000000010745138a 0000000000000206
0x00007fff58feb3d0:   0000000000000007 0000000000000000
0x00007fff58feb3e0:   0000000000000000 0000000000000000
0x00007fff58feb3f0:   000000000000037f 0000000000000000
0x00007fff58feb400:   0000000000000000 0000ffff00001fa0
0x00007fff58feb410:   0000000000000000 000000000000ffff
0x00007fff58feb420:   0000000000000100 000000000000ffff
0x00007fff58feb430:   0000000000000000 0000000000000000
0x00007fff58feb440:   0000000000000000 0000000000000000
0x00007fff58feb450:   87bc000000000000 000000000000c00b
0x00007fff58feb460:   0000000000000000 0000000000000000
0x00007fff58feb470:   8000000000000000 0000000000004007
0x00007fff58feb480:   c060000000000000 000000000000400a
0x00007fff58feb490:   41be49eb6316abcd 0000000000000000
0x00007fff58feb4a0:   3fb6abcd78c436fc 0000000000000000
0x00007fff58feb4b0:   c3de3f728ce86279 439c08d73179d870
0x00007fff58feb4c0:   0000000000000000 0000000000000000 

Instructions: (pc=0x0000000108286498)
0x0000000108286478:   83 ec 08 48 89 d3 49 89 f6 e8 00 26 14 00 44 8b
0x0000000108286488:   38 48 8d 05 20 cd 3a 00 48 63 38 e8 ca 28 14 00
0x0000000108286498:   4c 8b a0 28 01 00 00 41 83 7c 24 34 01 0f 85 e2
0x00000001082864a8:   00 00 00 49 89 5c 24 40 4d 89 74 24 38 49 8d 5c 

Register to memory mapping:

RAX=0x0000000000000000 is an unknown value
RBX=0x00007fff58feb7a0 is an unknown value
RCX=0x00007fffa9547408: _thread+0x48 in /usr/lib/system/libsystem_pthread.dylib at 0x00007fffa090e000
RDX=0x00007fff58feb7a0 is an unknown value
RSP=0x00007fff58feb2d0 is an unknown value
RBP=0x00007fff58feb300 is an unknown value
RSI=0x00007fff58feb738 is an unknown value
RDI=0x0000000000000103 is an unknown value
R8 =0x00007fff58feb7a0 is an unknown value
R9 =0x00000000ffffffff is an unknown value
R10=0x0000000000000c00 is an unknown value
R11=0x0000000000000206 is an unknown value
R12=0x0000000000000c00 is an unknown value
R13=0x0000000000000000 is an unknown value
R14=0x00007fff58feb738 is an unknown value
R15=0x0000000000000002 is an unknown value


Stack: [0x00007fff587f0000,0x00007fff58ff0000],  sp=0x00007fff58feb2d0,  free space=8172k
Native frames: (J=compiled Java code, j=interpreted, Vv=VM code, C=native code)
V  [libjvm.dylib+0x486498]  SR_handler(int, __siginfo*, __darwin_ucontext*)+0x2e
C  [libsystem_platform.dylib+0x2bba]  _sigtramp+0x1a
C  0x0000000000015c00
C  [CoreFoundation+0x88c94]  __CFRunLoopServiceMachPort+0xd4
C  [CoreFoundation+0x88121]  __CFRunLoopRun+0x551
C  [CoreFoundation+0x87974]  CFRunLoopRunSpecific+0x1a4
C  [java+0x6465]  CreateExecutionEnvironment+0x367
C  [java+0x218c]  JLI_Launch+0x7a0
C  [java+0x84c2]  main+0x65
C  [java+0x19e4]  start+0x34


---------------  P R O C E S S  ---------------

VM state:not at safepoint (normal execution)

VM Mutex/Monitor currently owned by a thread: None

Heap:
 PSYoungGen      total 104448K, used 83166K [0x0000000795580000, 0x000000079e300000, 0x00000007c0000000)
  eden space 89088K, 76% used [0x0000000795580000,0x00000007997bfb30,0x000000079ac80000)
  from space 15360K, 99% used [0x000000079ac80000,0x000000079bb78010,0x000000079bb80000)
  to   space 17408K, 0% used [0x000000079d200000,0x000000079d200000,0x000000079e300000)
 ParOldGen       total 112128K, used 26875K [0x0000000740000000, 0x0000000746d80000, 0x0000000795580000)
  object space 112128K, 23% used [0x0000000740000000,0x0000000741a3ecc8,0x0000000746d80000)
 Metaspace       used 39990K, capacity 41346K, committed 41560K, reserved 1085440K
  class space    used 5634K, capacity 6178K, committed 6272K, reserved 1048576K

Card table byte_map: [0x000000010915d000,0x000000010955e000] byte_map_base: 0x000000010575d000

Marking Bits: (ParMarkBitMap*) 0x00000001086edd20
 Begin Bits: [0x0000000109809000, 0x000000010b809000)
 End Bits:   [0x000000010b809000, 0x000000010d809000)

Polling page: 0x0000000106d11000

CodeCache: size=245760Kb used=14835Kb max_used=14873Kb free=230924Kb
 bounds [0x000000010e980000, 0x000000010f870000, 0x000000011d980000]
 total_blobs=4771 nmethods=4106 adapters=577
 compilation: enabled

Compilation events (10 events):
Event: 12.280 Thread 0x00007fe87f80c800 nmethod 4358 0x000000010eb11d50 code [0x000000010eb11ee0, 0x000000010eb12218]
Event: 12.280 Thread 0x00007fe87f80c800 4359       3       java.nio.HeapByteBuffer::<init> (14 bytes)
Event: 12.280 Thread 0x00007fe87f80c800 nmethod 4359 0x000000010eb89c90 code [0x000000010eb89e00, 0x000000010eb89fa8]
Event: 12.283 Thread 0x00007fe880831000 4360   !   4       sun.nio.ch.SocketChannelImpl::write (385 bytes)
Event: 12.336 Thread 0x00007fe880831000 nmethod 4360 0x000000010f83bc90 code [0x000000010f83bfe0, 0x000000010f83ede8]
Event: 12.336 Thread 0x00007fe880831000 4361   !   4       sun.nio.ch.IOUtil::write (142 bytes)
Event: 12.358 Thread 0x00007fe880831000 nmethod 4361 0x000000010edf5d90 code [0x000000010edf6020, 0x000000010edf73b0]
Event: 12.387 Thread 0x00007fe880832800 nmethod 4281 0x000000010f84b350 code [0x000000010f84be60, 0x000000010f853968]
Event: 12.401 Thread 0x00007fe880831000 4362 % !   4       com.android.ddmlib.AdbHelper::executeRemoteCommand @ 226 (548 bytes)
Event: 12.415 Thread 0x00007fe880831000 nmethod 4362% 0x000000010ed4fd10 code [0x000000010ed4fee0, 0x000000010ed506b0]

GC Heap History (10 events):
Event: 5.576 GC heap before
{Heap before GC invocations=9 (full 1):
 PSYoungGen      total 69632K, used 65999K [0x0000000795580000, 0x000000079b180000, 0x00000007c0000000)
  eden space 59392K, 100% used [0x0000000795580000,0x0000000798f80000,0x0000000798f80000)
  from space 10240K, 64% used [0x0000000798f80000,0x00000007995f3c10,0x0000000799980000)
  to   space 9728K, 0% used [0x000000079a800000,0x000000079a800000,0x000000079b180000)
 ParOldGen       total 62464K, used 8973K [0x0000000740000000, 0x0000000743d00000, 0x0000000795580000)
  object space 62464K, 14% used [0x0000000740000000,0x00000007408c3738,0x0000000743d00000)
 Metaspace       used 30214K, capacity 31208K, committed 31488K, reserved 1077248K
  class space    used 4153K, capacity 4535K, committed 4608K, reserved 1048576K
Event: 5.594 GC heap after
Heap after GC invocations=9 (full 1):
 PSYoungGen      total 82432K, used 9705K [0x0000000795580000, 0x000000079c400000, 0x00000007c0000000)
  eden space 72704K, 0% used [0x0000000795580000,0x0000000795580000,0x0000000799c80000)
  from space 9728K, 99% used [0x000000079a800000,0x000000079b17a580,0x000000079b180000)
  to   space 11776K, 0% used [0x0000000799c80000,0x0000000799c80000,0x000000079a800000)
 ParOldGen       total 62464K, used 11425K [0x0000000740000000, 0x0000000743d00000, 0x0000000795580000)
  object space 62464K, 18% used [0x0000000740000000,0x0000000740b28668,0x0000000743d00000)
 Metaspace       used 30214K, capacity 31208K, committed 31488K, reserved 1077248K
  class space    used 4153K, capacity 4535K, committed 4608K, reserved 1048576K
}
Event: 6.505 GC heap before
{Heap before GC invocations=10 (full 1):
 PSYoungGen      total 82432K, used 77478K [0x0000000795580000, 0x000000079c400000, 0x00000007c0000000)
  eden space 72704K, 93% used [0x0000000795580000,0x00000007997af3a0,0x0000000799c80000)
  from space 9728K, 99% used [0x000000079a800000,0x000000079b17a580,0x000000079b180000)
  to   space 11776K, 0% used [0x0000000799c80000,0x0000000799c80000,0x000000079a800000)
 ParOldGen       total 62464K, used 11425K [0x0000000740000000, 0x0000000743d00000, 0x0000000795580000)
  object space 62464K, 18% used [0x0000000740000000,0x0000000740b28668,0x0000000743d00000)
 Metaspace       used 34351K, capacity 35272K, committed 35416K, reserved 1079296K
  class space    used 4782K, capacity 5166K, committed 5248K, reserved 1048576K
Event: 6.528 GC heap after
Heap after GC invocations=10 (full 1):
 PSYoungGen      total 84480K, used 11760K [0x0000000795580000, 0x000000079d280000, 0x00000007c0000000)
  eden space 72704K, 0% used [0x0000000795580000,0x0000000795580000,0x0000000799c80000)
  from space 11776K, 99% used [0x0000000799c80000,0x000000079a7fc010,0x000000079a800000)
  to   space 15872K, 0% used [0x000000079c300000,0x000000079c300000,0x000000079d280000)
 ParOldGen       total 62464K, used 17937K [0x0000000740000000, 0x0000000743d00000, 0x0000000795580000)
  object space 62464K, 28% used [0x0000000740000000,0x0000000741184550,0x0000000743d00000)
 Metaspace       used 34351K, capacity 35272K, committed 35416K, reserved 1079296K
  class space    used 4782K, capacity 5166K, committed 5248K, reserved 1048576K
}
Event: 6.528 GC heap before
{Heap before GC invocations=11 (full 2):
 PSYoungGen      total 84480K, used 11760K [0x0000000795580000, 0x000000079d280000, 0x00000007c0000000)
  eden space 72704K, 0% used [0x0000000795580000,0x0000000795580000,0x0000000799c80000)
  from space 11776K, 99% used [0x0000000799c80000,0x000000079a7fc010,0x000000079a800000)
  to   space 15872K, 0% used [0x000000079c300000,0x000000079c300000,0x000000079d280000)
 ParOldGen       total 62464K, used 17937K [0x0000000740000000, 0x0000000743d00000, 0x0000000795580000)
  object space 62464K, 28% used [0x0000000740000000,0x0000000741184550,0x0000000743d00000)
 Metaspace       used 34351K, capacity 35272K, committed 35416K, reserved 1079296K
  class space    used 4782K, capacity 5166K, committed 5248K, reserved 1048576K
Event: 6.672 GC heap after
Heap after GC invocations=11 (full 2):
 PSYoungGen      total 84480K, used 0K [0x0000000795580000, 0x000000079d280000, 0x00000007c0000000)
  eden space 72704K, 0% used [0x0000000795580000,0x0000000795580000,0x0000000799c80000)
  from space 11776K, 0% used [0x0000000799c80000,0x0000000799c80000,0x000000079a800000)
  to   space 15872K, 0% used [0x000000079c300000,0x000000079c300000,0x000000079d280000)
 ParOldGen       total 112128K, used 25907K [0x0000000740000000, 0x0000000746d80000, 0x0000000795580000)
  object space 112128K, 23% used [0x0000000740000000,0x000000074194cfc0,0x0000000746d80000)
 Metaspace       used 34351K, capacity 35272K, committed 35416K, reserved 1079296K
  class space    used 4782K, capacity 5166K, committed 5248K, reserved 1048576K
}
Event: 7.563 GC heap before
{Heap before GC invocations=12 (full 2):
 PSYoungGen      total 84480K, used 72704K [0x0000000795580000, 0x000000079d280000, 0x00000007c0000000)
  eden space 72704K, 100% used [0x0000000795580000,0x0000000799c80000,0x0000000799c80000)
  from space 11776K, 0% used [0x0000000799c80000,0x0000000799c80000,0x000000079a800000)
  to   space 15872K, 0% used [0x000000079c300000,0x000000079c300000,0x000000079d280000)
 ParOldGen       total 112128K, used 25907K [0x0000000740000000, 0x0000000746d80000, 0x0000000795580000)
  object space 112128K, 23% used [0x0000000740000000,0x000000074194cfc0,0x0000000746d80000)
 Metaspace       used 35733K, capacity 36688K, committed 36824K, reserved 1081344K
  class space    used 4957K, capacity 5352K, committed 5376K, reserved 1048576K
Event: 7.577 GC heap after
Heap after GC invocations=12 (full 2):
 PSYoungGen      total 96768K, used 7192K [0x0000000795580000, 0x000000079ca80000, 0x00000007c0000000)
  eden space 89088K, 0% used [0x0000000795580000,0x0000000795580000,0x000000079ac80000)
  from space 7680K, 93% used [0x000000079c300000,0x000000079ca063f0,0x000000079ca80000)
  to   space 15360K, 0% used [0x000000079ac80000,0x000000079ac80000,0x000000079bb80000)
 ParOldGen       total 112128K, used 25915K [0x0000000740000000, 0x0000000746d80000, 0x0000000795580000)
  object space 112128K, 23% used [0x0000000740000000,0x000000074194efc0,0x0000000746d80000)
 Metaspace       used 35733K, capacity 36688K, committed 36824K, reserved 1081344K
  class space    used 4957K, capacity 5352K, committed 5376K, reserved 1048576K
}
Event: 8.698 GC heap before
{Heap before GC invocations=13 (full 2):
 PSYoungGen      total 96768K, used 96280K [0x0000000795580000, 0x000000079ca80000, 0x00000007c0000000)
  eden space 89088K, 100% used [0x0000000795580000,0x000000079ac80000,0x000000079ac80000)
  from space 7680K, 93% used [0x000000079c300000,0x000000079ca063f0,0x000000079ca80000)
  to   space 15360K, 0% used [0x000000079ac80000,0x000000079ac80000,0x000000079bb80000)
 ParOldGen       total 112128K, used 25915K [0x0000000740000000, 0x0000000746d80000, 0x0000000795580000)
  object space 112128K, 23% used [0x0000000740000000,0x000000074194efc0,0x0000000746d80000)
 Metaspace       used 37821K, capacity 38954K, committed 39128K, reserved 1083392K
  class space    used 5316K, capacity 5795K, committed 5888K, reserved 1048576K
Event: 8.726 GC heap after
Heap after GC invocations=13 (full 2):
 PSYoungGen      total 104448K, used 15328K [0x0000000795580000, 0x000000079e300000, 0x00000007c0000000)
  eden space 89088K, 0% used [0x0000000795580000,0x0000000795580000,0x000000079ac80000)
  from space 15360K, 99% used [0x000000079ac80000,0x000000079bb78010,0x000000079bb80000)
  to   space 17408K, 0% used [0x000000079d200000,0x000000079d200000,0x000000079e300000)
 ParOldGen       total 112128K, used 26875K [0x0000000740000000, 0x0000000746d80000, 0x0000000795580000)
  object space 112128K, 23% used [0x0000000740000000,0x0000000741a3ecc8,0x0000000746d80000)
 Metaspace       used 37821K, capacity 38954K, committed 39128K, reserved 1083392K
  class space    used 5316K, capacity 5795K, committed 5888K, reserved 1048576K
}

Deoptimization events (10 events):
Event: 9.843 Thread 0x00007fe87fb64000 Uncommon trap: reason=unstable_if action=reinterpret pc=0x000000010f2a04cc method=java.lang.AbstractStringBuilder.append(I)Ljava/lang/AbstractStringBuilder; @ 16
Event: 9.843 Thread 0x00007fe87fb64000 Uncommon trap: reason=unstable_if action=reinterpret pc=0x000000010f291f84 method=java.lang.Integer.getChars(II[C)V @ 7
Event: 9.884 Thread 0x00007fe87f914000 Uncommon trap: reason=unloaded action=reinterpret pc=0x000000010eab9cec method=java.util.regex.Pattern.newSlice([IIZ)Ljava/util/regex/Pattern$Node; @ 121
Event: 12.267 Thread 0x00007fe880803000 Uncommon trap: reason=unstable_if action=reinterpret pc=0x000000010f80a430 method=sun.nio.ch.IOUtil.writeFromNativeBuffer(Ljava/io/FileDescriptor;Ljava/nio/ByteBuffer;JLsun/nio/ch/NativeDispatcher;)I @ 121
Event: 12.267 Thread 0x00007fe880803000 Uncommon trap: reason=unstable_if action=reinterpret pc=0x000000010eb0816c method=com.android.ddmlib.AdbHelper.executeRemoteCommand(Ljava/net/InetSocketAddress;Lcom/android/ddmlib/AdbHelper$AdbService;Ljava/lang/String;Lcom/android/ddmlib/IDevice;Lcom/and
Event: 12.267 Thread 0x00007fe880803000 Uncommon trap: reason=unstable_if action=reinterpret pc=0x000000010eb2d594 method=sun.nio.ch.IOUtil.writeFromNativeBuffer(Ljava/io/FileDescriptor;Ljava/nio/ByteBuffer;JLsun/nio/ch/NativeDispatcher;)I @ 121
Event: 12.267 Thread 0x00007fe880803000 Uncommon trap: reason=unstable_if action=reinterpret pc=0x000000010eb3fec4 method=sun.nio.ch.IOUtil.writeFromNativeBuffer(Ljava/io/FileDescriptor;Ljava/nio/ByteBuffer;JLsun/nio/ch/NativeDispatcher;)I @ 121
Event: 12.620 Thread 0x00007fe880803000 Uncommon trap: reason=unstable_if action=reinterpret pc=0x000000010ed503e0 method=com.android.ddmlib.AdbHelper.executeRemoteCommand(Ljava/net/InetSocketAddress;Lcom/android/ddmlib/AdbHelper$AdbService;Ljava/lang/String;Lcom/android/ddmlib/IDevice;Lcom/and
Event: 12.734 Thread 0x00007fe880803000 Uncommon trap: reason=unstable_if action=reinterpret pc=0x000000010eb30098 method=java.nio.channels.spi.AbstractInterruptibleChannel.end(Z)V @ 31
Event: 12.734 Thread 0x00007fe880803000 Uncommon trap: reason=unstable_if action=reinterpret pc=0x000000010ec5345c method=java.nio.channels.spi.AbstractInterruptibleChannel.begin()V @ 4

Internal exceptions (10 events):
Event: 10.789 Thread 0x00007fe880803000 Exception <a 'java/lang/ClassNotFoundException': com/google/common/collect/SingletonImmutableListBeanInfo> (0x0000000799382b10) thrown at [/HUDSON3/workspace/8-2-build-macosx-x86_64/jdk8u101/7261/hotspot/src/share/vm/classfile/systemDictionary.cpp, line 2
Event: 10.789 Thread 0x00007fe880803000 Exception <a 'java/lang/ClassNotFoundException': com/google/common/collect/ImmutableListBeanInfo> (0x000000079938ea48) thrown at [/HUDSON3/workspace/8-2-build-macosx-x86_64/jdk8u101/7261/hotspot/src/share/vm/classfile/systemDictionary.cpp, line 210]
Event: 10.790 Thread 0x00007fe880803000 Exception <a 'java/lang/ClassNotFoundException': com/google/common/collect/ImmutableCollectionBeanInfo> (0x000000079939b758) thrown at [/HUDSON3/workspace/8-2-build-macosx-x86_64/jdk8u101/7261/hotspot/src/share/vm/classfile/systemDictionary.cpp, line 210]
Event: 10.790 Thread 0x00007fe880803000 Exception <a 'java/lang/ClassNotFoundException': com/google/common/collect/ImmutableCollectionCustomizer> (0x00000007993a88b8) thrown at [/HUDSON3/workspace/8-2-build-macosx-x86_64/jdk8u101/7261/hotspot/src/share/vm/classfile/systemDictionary.cpp, line 21
Event: 10.791 Thread 0x00007fe880803000 Exception <a 'java/lang/ClassNotFoundException': com/google/common/collect/ImmutableListCustomizer> (0x00000007993c5548) thrown at [/HUDSON3/workspace/8-2-build-macosx-x86_64/jdk8u101/7261/hotspot/src/share/vm/classfile/systemDictionary.cpp, line 210]
Event: 10.793 Thread 0x00007fe880803000 Exception <a 'java/lang/ClassNotFoundException': com/google/common/collect/SingletonImmutableListCustomizer> (0x000000079940c660) thrown at [/HUDSON3/workspace/8-2-build-macosx-x86_64/jdk8u101/7261/hotspot/src/share/vm/classfile/systemDictionary.cpp, line
Event: 10.795 Thread 0x00007fe880803000 Exception <a 'java/lang/ClassNotFoundException': com/android/build/gradle/api/ApkOutputFileBeanInfo> (0x0000000799446448) thrown at [/HUDSON3/workspace/8-2-build-macosx-x86_64/jdk8u101/7261/hotspot/src/share/vm/classfile/systemDictionary.cpp, line 210]
Event: 10.796 Thread 0x00007fe880803000 Exception <a 'java/lang/ClassNotFoundException': com/android/build/gradle/api/ApkOutputFileCustomizer> (0x0000000799452478) thrown at [/HUDSON3/workspace/8-2-build-macosx-x86_64/jdk8u101/7261/hotspot/src/share/vm/classfile/systemDictionary.cpp, line 210]
Event: 10.890 Thread 0x00007fe880803000 Exception <a 'java/lang/ClassNotFoundException': com/android/ide/common/build/SplitOutputMatcherBeanInfo> (0x00000007994b39e0) thrown at [/HUDSON3/workspace/8-2-build-macosx-x86_64/jdk8u101/7261/hotspot/src/share/vm/classfile/systemDictionary.cpp, line 21
Event: 10.890 Thread 0x00007fe880803000 Exception <a 'java/lang/ClassNotFoundException': com/android/ide/common/build/SplitOutputMatcherCustomizer> (0x00000007994c02d8) thrown at [/HUDSON3/workspace/8-2-build-macosx-x86_64/jdk8u101/7261/hotspot/src/share/vm/classfile/systemDictionary.cpp, line 

Events (10 events):
Event: 12.418 Thread 0x00007fe880803000 DEOPT UNPACKING pc=0x000000010e9c7633 sp=0x000070000526baf0 mode 0
Event: 12.620 Thread 0x00007fe880803000 Uncommon trap: trap_request=0xffffff65 fr.pc=0x000000010ed503e0
Event: 12.620 Thread 0x00007fe880803000 DEOPT PACKING pc=0x000000010ed503e0 sp=0x000070000526bdb0
Event: 12.620 Thread 0x00007fe880803000 DEOPT UNPACKING pc=0x000000010e985229 sp=0x000070000526bd70 mode 2
Event: 12.734 Thread 0x00007fe880803000 Uncommon trap: trap_request=0xffffff65 fr.pc=0x000000010eb30098
Event: 12.734 Thread 0x00007fe880803000 DEOPT PACKING pc=0x000000010eb30098 sp=0x000070000526bc40
Event: 12.734 Thread 0x00007fe880803000 DEOPT UNPACKING pc=0x000000010e985229 sp=0x000070000526bc20 mode 2
Event: 12.734 Thread 0x00007fe880803000 Uncommon trap: trap_request=0xffffff65 fr.pc=0x000000010ec5345c
Event: 12.734 Thread 0x00007fe880803000 DEOPT PACKING pc=0x000000010ec5345c sp=0x000070000526ba00
Event: 12.734 Thread 0x00007fe880803000 DEOPT UNPACKING pc=0x000000010e985229 sp=0x000070000526b9d0 mode 2


Dynamic libraries:
0x0000000015df1000 	/System/Library/Frameworks/Cocoa.framework/Versions/A/Cocoa
0x0000000015df1000 	/System/Library/Frameworks/Security.framework/Versions/A/Security
0x0000000015df1000 	/System/Library/Frameworks/ApplicationServices.framework/Versions/A/ApplicationServices
0x0000000015df1000 	/usr/lib/libz.1.dylib
0x0000000106c2b000 	/usr/lib/libSystem.B.dylib
0x0000000015df1000 	/usr/lib/libobjc.A.dylib
0x0000000015df1000 	/System/Library/Frameworks/CoreFoundation.framework/Versions/A/CoreFoundation
0x0000000015df1000 	/System/Library/Frameworks/Foundation.framework/Versions/C/Foundation
0x0000000015df1000 	/System/Library/Frameworks/AppKit.framework/Versions/C/AppKit
0x0000000015df1000 	/System/Library/Frameworks/CoreData.framework/Versions/A/CoreData
0x0000000015df1000 	/System/Library/PrivateFrameworks/RemoteViewServices.framework/Versions/A/RemoteViewServices
0x0000000015df1000 	/System/Library/PrivateFrameworks/UIFoundation.framework/Versions/A/UIFoundation
0x0000000015df1000 	/System/Library/PrivateFrameworks/DFRFoundation.framework/Versions/A/DFRFoundation
0x0000000015df1000 	/usr/lib/libenergytrace.dylib
0x0000000015df1000 	/System/Library/PrivateFrameworks/SkyLight.framework/Versions/A/SkyLight
0x0000000015df1000 	/System/Library/Frameworks/CoreGraphics.framework/Versions/A/CoreGraphics
0x0000000015df1000 	/usr/lib/libScreenReader.dylib
0x0000000015df1000 	/System/Library/Frameworks/Accelerate.framework/Versions/A/Accelerate
0x0000000015df1000 	/System/Library/Frameworks/IOSurface.framework/Versions/A/IOSurface
0x0000000015df1000 	/System/Library/Frameworks/AudioToolbox.framework/Versions/A/AudioToolbox
0x0000000015df1000 	/System/Library/Frameworks/AudioUnit.framework/Versions/A/AudioUnit
0x0000000015df1000 	/System/Library/PrivateFrameworks/DataDetectorsCore.framework/Versions/A/DataDetectorsCore
0x0000000015df1000 	/System/Library/PrivateFrameworks/DesktopServicesPriv.framework/Versions/A/DesktopServicesPriv
0x0000000015df1000 	/System/Library/Frameworks/Carbon.framework/Versions/A/Frameworks/HIToolbox.framework/Versions/A/HIToolbox
0x0000000015df1000 	/usr/lib/libicucore.A.dylib
0x0000000015df1000 	/System/Library/Frameworks/QuartzCore.framework/Versions/A/QuartzCore
0x0000000015df1000 	/System/Library/Frameworks/Carbon.framework/Versions/A/Frameworks/SpeechRecognition.framework/Versions/A/SpeechRecognition
0x0000000015df1000 	/usr/lib/libauto.dylib
0x0000000015df1000 	/usr/lib/libxml2.2.dylib
0x0000000015df1000 	/System/Library/PrivateFrameworks/CoreUI.framework/Versions/A/CoreUI
0x0000000015df1000 	/System/Library/Frameworks/CoreAudio.framework/Versions/A/CoreAudio
0x0000000015df1000 	/System/Library/Frameworks/DiskArbitration.framework/Versions/A/DiskArbitration
0x0000000015df1000 	/usr/lib/liblangid.dylib
0x0000000015df1000 	/System/Library/PrivateFrameworks/MultitouchSupport.framework/Versions/A/MultitouchSupport
0x0000000106c38000 	/System/Library/Frameworks/IOKit.framework/Versions/A/IOKit
0x0000000015df1000 	/usr/lib/libDiagnosticMessagesClient.dylib
0x0000000015df1000 	/System/Library/Frameworks/CoreServices.framework/Versions/A/CoreServices
0x0000000015df1000 	/System/Library/PrivateFrameworks/PerformanceAnalysis.framework/Versions/A/PerformanceAnalysis
0x0000000015df1000 	/System/Library/PrivateFrameworks/GenerationalStorage.framework/Versions/A/GenerationalStorage
0x0000000015df1000 	/System/Library/Frameworks/OpenGL.framework/Versions/A/OpenGL
0x0000000015df1000 	/System/Library/Frameworks/CoreImage.framework/Versions/A/CoreImage
0x0000000015df1000 	/System/Library/Frameworks/CoreText.framework/Versions/A/CoreText
0x0000000015df1000 	/System/Library/Frameworks/ImageIO.framework/Versions/A/ImageIO
0x0000000015df1000 	/System/Library/PrivateFrameworks/Backup.framework/Versions/A/Backup
0x0000000015df1000 	/usr/lib/libarchive.2.dylib
0x0000000106d17000 	/System/Library/Frameworks/CFNetwork.framework/Versions/A/CFNetwork
0x0000000015df1000 	/System/Library/Frameworks/SystemConfiguration.framework/Versions/A/SystemConfiguration
0x0000000015df1000 	/usr/lib/libCRFSuite.dylib
0x0000000015df1000 	/usr/lib/libc++.1.dylib
0x0000000015df1000 	/usr/lib/libc++abi.dylib
0x0000000015df1000 	/usr/lib/system/libcache.dylib
0x0000000015df1000 	/usr/lib/system/libcommonCrypto.dylib
0x0000000015df1000 	/usr/lib/system/libcompiler_rt.dylib
0x0000000015df1000 	/usr/lib/system/libcopyfile.dylib
0x0000000015df1000 	/usr/lib/system/libcorecrypto.dylib
0x0000000015df1000 	/usr/lib/system/libdispatch.dylib
0x0000000107401000 	/usr/lib/system/libdyld.dylib
0x0000000015df1000 	/usr/lib/system/libkeymgr.dylib
0x0000000015df1000 	/usr/lib/system/liblaunch.dylib
0x0000000015df1000 	/usr/lib/system/libmacho.dylib
0x0000000015df1000 	/usr/lib/system/libquarantine.dylib
0x0000000015df1000 	/usr/lib/system/libremovefile.dylib
0x0000000015df1000 	/usr/lib/system/libsystem_asl.dylib
0x0000000015df1000 	/usr/lib/system/libsystem_blocks.dylib
0x0000000015df1000 	/usr/lib/system/libsystem_c.dylib
0x0000000015df1000 	/usr/lib/system/libsystem_configuration.dylib
0x0000000015df1000 	/usr/lib/system/libsystem_coreservices.dylib
0x0000000107414000 	/usr/lib/system/libsystem_coretls.dylib
0x0000000015df1000 	/usr/lib/system/libsystem_dnssd.dylib
0x0000000015df1000 	/usr/lib/system/libsystem_info.dylib
0x000000010743f000 	/usr/lib/system/libsystem_kernel.dylib
0x0000000015df1000 	/usr/lib/system/libsystem_m.dylib
0x0000000015df1000 	/usr/lib/system/libsystem_malloc.dylib
0x0000000015df1000 	/usr/lib/system/libsystem_network.dylib
0x000000010747a000 	/usr/lib/system/libsystem_networkextension.dylib
0x0000000015df1000 	/usr/lib/system/libsystem_notify.dylib
0x0000000015df1000 	/usr/lib/system/libsystem_platform.dylib
0x0000000015df1000 	/usr/lib/system/libsystem_pthread.dylib
0x0000000107491000 	/usr/lib/system/libsystem_sandbox.dylib
0x0000000015df1000 	/usr/lib/system/libsystem_secinit.dylib
0x00000001074a0000 	/usr/lib/system/libsystem_symptoms.dylib
0x00000001074b0000 	/usr/lib/system/libsystem_trace.dylib
0x0000000015df1000 	/usr/lib/system/libunwind.dylib
0x0000000015df1000 	/usr/lib/system/libxpc.dylib
0x0000000015df1000 	/usr/lib/libbsm.0.dylib
0x00000001074e5000 	/usr/lib/system/libkxld.dylib
0x0000000015df1000 	/usr/lib/libcoretls.dylib
0x0000000015df1000 	/usr/lib/libcoretls_cfhelpers.dylib
0x0000000015df1000 	/usr/lib/libxar.1.dylib
0x0000000015df1000 	/usr/lib/libsqlite3.dylib
0x0000000015df1000 	/usr/lib/libpam.2.dylib
0x0000000015df1000 	/usr/lib/libOpenScriptingUtil.dylib
0x0000000015df1000 	/usr/lib/libbz2.1.0.dylib
0x0000000015df1000 	/usr/lib/liblzma.5.dylib
0x0000000015df1000 	/usr/lib/libnetwork.dylib
0x0000000015df1000 	/usr/lib/libpcap.A.dylib
0x0000000015df1000 	/System/Library/Frameworks/CoreServices.framework/Versions/A/Frameworks/FSEvents.framework/Versions/A/FSEvents
0x0000000015df1000 	/System/Library/Frameworks/CoreServices.framework/Versions/A/Frameworks/CarbonCore.framework/Versions/A/CarbonCore
0x0000000015df1000 	/System/Library/Frameworks/CoreServices.framework/Versions/A/Frameworks/Metadata.framework/Versions/A/Metadata
0x0000000015df1000 	/System/Library/Frameworks/CoreServices.framework/Versions/A/Frameworks/OSServices.framework/Versions/A/OSServices
0x0000000015df1000 	/System/Library/Frameworks/CoreServices.framework/Versions/A/Frameworks/SearchKit.framework/Versions/A/SearchKit
0x0000000015df1000 	/System/Library/Frameworks/CoreServices.framework/Versions/A/Frameworks/AE.framework/Versions/A/AE
0x0000000015df1000 	/System/Library/Frameworks/CoreServices.framework/Versions/A/Frameworks/LaunchServices.framework/Versions/A/LaunchServices
0x0000000015df1000 	/System/Library/Frameworks/CoreServices.framework/Versions/A/Frameworks/DictionaryServices.framework/Versions/A/DictionaryServices
0x0000000015df1000 	/System/Library/Frameworks/CoreServices.framework/Versions/A/Frameworks/SharedFileList.framework/Versions/A/SharedFileList
0x0000000015df1000 	/System/Library/Frameworks/NetFS.framework/Versions/A/NetFS
0x0000000015df1000 	/System/Library/PrivateFrameworks/NetAuth.framework/Versions/A/NetAuth
0x0000000015df1000 	/System/Library/PrivateFrameworks/login.framework/Versions/A/Frameworks/loginsupport.framework/Versions/A/loginsupport
0x0000000015df1000 	/System/Library/PrivateFrameworks/TCC.framework/Versions/A/TCC
0x0000000015df1000 	/usr/lib/libmecabra.dylib
0x0000000015df1000 	/System/Library/Frameworks/ApplicationServices.framework/Versions/A/Frameworks/ATS.framework/Versions/A/ATS
0x0000000015df1000 	/System/Library/Frameworks/ApplicationServices.framework/Versions/A/Frameworks/ColorSync.framework/Versions/A/ColorSync
0x0000000015df1000 	/System/Library/Frameworks/ApplicationServices.framework/Versions/A/Frameworks/HIServices.framework/Versions/A/HIServices
0x0000000015df1000 	/System/Library/Frameworks/ApplicationServices.framework/Versions/A/Frameworks/LangAnalysis.framework/Versions/A/LangAnalysis
0x0000000015df1000 	/System/Library/Frameworks/ApplicationServices.framework/Versions/A/Frameworks/PrintCore.framework/Versions/A/PrintCore
0x0000000015df1000 	/System/Library/Frameworks/ApplicationServices.framework/Versions/A/Frameworks/QD.framework/Versions/A/QD
0x0000000015df1000 	/System/Library/Frameworks/ApplicationServices.framework/Versions/A/Frameworks/SpeechSynthesis.framework/Versions/A/SpeechSynthesis
0x0000000015df1000 	/System/Library/Frameworks/Accelerate.framework/Versions/A/Frameworks/vImage.framework/Versions/A/vImage
0x0000000015df1000 	/System/Library/Frameworks/Accelerate.framework/Versions/A/Frameworks/vecLib.framework/Versions/A/vecLib
0x0000000015df1000 	/System/Library/Frameworks/Accelerate.framework/Versions/A/Frameworks/vecLib.framework/Versions/A/libvDSP.dylib
0x0000000015df1000 	/System/Library/Frameworks/Accelerate.framework/Versions/A/Frameworks/vecLib.framework/Versions/A/libBNNS.dylib
0x0000000015df1000 	/System/Library/Frameworks/Accelerate.framework/Versions/A/Frameworks/vecLib.framework/Versions/A/libQuadrature.dylib
0x0000000015df1000 	/System/Library/Frameworks/Accelerate.framework/Versions/A/Frameworks/vecLib.framework/Versions/A/libvMisc.dylib
0x0000000015df1000 	/System/Library/Frameworks/Accelerate.framework/Versions/A/Frameworks/vecLib.framework/Versions/A/libLAPACK.dylib
0x0000000015df1000 	/System/Library/Frameworks/Accelerate.framework/Versions/A/Frameworks/vecLib.framework/Versions/A/libBLAS.dylib
0x0000000015df1000 	/System/Library/Frameworks/Accelerate.framework/Versions/A/Frameworks/vecLib.framework/Versions/A/libLinearAlgebra.dylib
0x0000000015df1000 	/System/Library/Frameworks/Accelerate.framework/Versions/A/Frameworks/vecLib.framework/Versions/A/libSparseBLAS.dylib
0x0000000015df1000 	/System/Library/Frameworks/ApplicationServices.framework/Versions/A/Frameworks/ATS.framework/Versions/A/Resources/libFontParser.dylib
0x0000000015df1000 	/System/Library/Frameworks/ApplicationServices.framework/Versions/A/Frameworks/ATS.framework/Versions/A/Resources/libFontRegistry.dylib
0x0000000015df1000 	/System/Library/Frameworks/ImageIO.framework/Versions/A/Resources/libJPEG.dylib
0x0000000015df1000 	/System/Library/Frameworks/ImageIO.framework/Versions/A/Resources/libTIFF.dylib
0x0000000015df1000 	/System/Library/Frameworks/ImageIO.framework/Versions/A/Resources/libPng.dylib
0x0000000015df1000 	/System/Library/Frameworks/ImageIO.framework/Versions/A/Resources/libGIF.dylib
0x0000000015df1000 	/System/Library/Frameworks/ImageIO.framework/Versions/A/Resources/libJP2.dylib
0x0000000015df1000 	/System/Library/Frameworks/ImageIO.framework/Versions/A/Resources/libRadiance.dylib
0x0000000015df1000 	/usr/lib/libcompression.dylib
0x0000000015df1000 	/System/Library/PrivateFrameworks/AppleJPEG.framework/Versions/A/AppleJPEG
0x0000000015df1000 	/usr/lib/libcups.2.dylib
0x0000000015df1000 	/System/Library/Frameworks/Kerberos.framework/Versions/A/Kerberos
0x0000000015df1000 	/System/Library/Frameworks/GSS.framework/Versions/A/GSS
0x0000000015df1000 	/usr/lib/libresolv.9.dylib
0x0000000015df1000 	/usr/lib/libiconv.2.dylib
0x0000000015df1000 	/System/Library/PrivateFrameworks/Heimdal.framework/Versions/A/Heimdal
0x0000000015df1000 	/usr/lib/libheimdal-asn1.dylib
0x0000000015df1000 	/System/Library/Frameworks/OpenDirectory.framework/Versions/A/OpenDirectory
0x0000000015df1000 	/System/Library/PrivateFrameworks/CommonAuth.framework/Versions/A/CommonAuth
0x0000000015df1000 	/System/Library/Frameworks/OpenDirectory.framework/Versions/A/Frameworks/CFOpenDirectory.framework/Versions/A/CFOpenDirectory
0x0000000015df1000 	/System/Library/Frameworks/SecurityFoundation.framework/Versions/A/SecurityFoundation
0x0000000015df1000 	/System/Library/PrivateFrameworks/LanguageModeling.framework/Versions/A/LanguageModeling
0x0000000015df1000 	/usr/lib/libmarisa.dylib
0x0000000015df1000 	/usr/lib/libChineseTokenizer.dylib
0x0000000015df1000 	/usr/lib/libcmph.dylib
0x0000000015df1000 	/System/Library/PrivateFrameworks/CoreEmoji.framework/Versions/A/CoreEmoji
0x0000000015df1000 	/System/Library/Frameworks/ServiceManagement.framework/Versions/A/ServiceManagement
0x0000000015df1000 	/usr/lib/libxslt.1.dylib
0x0000000015df1000 	/System/Library/Frameworks/Carbon.framework/Versions/A/Frameworks/Ink.framework/Versions/A/Ink
0x0000000015df1000 	/System/Library/PrivateFrameworks/TextureIO.framework/Versions/A/TextureIO
0x0000000015df1000 	/System/Library/Frameworks/Metal.framework/Versions/A/Metal
0x0000000015df1000 	/usr/lib/libate.dylib
0x0000000015df1000 	/System/Library/PrivateFrameworks/GPUCompiler.framework/libmetal_timestamp.dylib
0x0000000015df1000 	/System/Library/Frameworks/OpenGL.framework/Versions/A/Libraries/libCoreFSCache.dylib
0x0000000015df1000 	/System/Library/PrivateFrameworks/IOAccelerator.framework/Versions/A/IOAccelerator
0x0000000015df1000 	/System/Library/Frameworks/CoreVideo.framework/Versions/A/CoreVideo
0x0000000015df1000 	/usr/lib/libFosl_dynamic.dylib
0x0000000015df1000 	/System/Library/PrivateFrameworks/MetalPerformanceShaders.framework/Versions/A/MetalPerformanceShaders
0x0000000015df1000 	/System/Library/PrivateFrameworks/FaceCore.framework/Versions/A/FaceCore
0x0000000015df1000 	/System/Library/Frameworks/OpenCL.framework/Versions/A/OpenCL
0x0000000015df1000 	/System/Library/Frameworks/OpenGL.framework/Versions/A/Libraries/libGLU.dylib
0x0000000015df1000 	/System/Library/Frameworks/OpenGL.framework/Versions/A/Libraries/libGFXShared.dylib
0x0000000015df1000 	/System/Library/Frameworks/OpenGL.framework/Versions/A/Libraries/libGL.dylib
0x0000000015df1000 	/System/Library/Frameworks/OpenGL.framework/Versions/A/Libraries/libGLImage.dylib
0x0000000015df1000 	/System/Library/Frameworks/OpenGL.framework/Versions/A/Libraries/libCVMSPluginSupport.dylib
0x0000000015df1000 	/System/Library/Frameworks/OpenGL.framework/Versions/A/Libraries/libCoreVMClient.dylib
0x0000000015df1000 	/System/Library/PrivateFrameworks/CrashReporterSupport.framework/Versions/A/CrashReporterSupport
0x0000000015df1000 	/System/Library/PrivateFrameworks/Sharing.framework/Versions/A/Sharing
0x0000000015df1000 	/System/Library/PrivateFrameworks/IconServices.framework/Versions/A/IconServices
0x0000000015df1000 	/System/Library/PrivateFrameworks/ProtocolBuffer.framework/Versions/A/ProtocolBuffer
0x0000000015df1000 	/System/Library/PrivateFrameworks/Apple80211.framework/Versions/A/Apple80211
0x0000000015df1000 	/System/Library/Frameworks/CoreWLAN.framework/Versions/A/CoreWLAN
0x0000000015df1000 	/System/Library/PrivateFrameworks/CoreUtils.framework/Versions/A/CoreUtils
0x0000000015df1000 	/System/Library/Frameworks/IOBluetooth.framework/Versions/A/IOBluetooth
0x0000000015df1000 	/System/Library/PrivateFrameworks/CoreWiFi.framework/Versions/A/CoreWiFi
0x0000000015df1000 	/System/Library/Frameworks/CoreBluetooth.framework/Versions/A/CoreBluetooth
0x0000000015df1000 	/System/Library/Frameworks/CoreDisplay.framework/Versions/A/CoreDisplay
0x0000000015df1000 	/System/Library/PrivateFrameworks/IOPresentment.framework/Versions/A/IOPresentment
0x0000000015df1000 	/System/Library/PrivateFrameworks/DebugSymbols.framework/Versions/A/DebugSymbols
0x0000000015df1000 	/System/Library/PrivateFrameworks/CoreSymbolication.framework/Versions/A/CoreSymbolication
0x0000000015df1000 	/System/Library/PrivateFrameworks/Symbolication.framework/Versions/A/Symbolication
0x0000000015df1000 	/System/Library/PrivateFrameworks/AppleFSCompression.framework/Versions/A/AppleFSCompression
0x0000000015df1000 	/System/Library/PrivateFrameworks/SpeechRecognitionCore.framework/Versions/A/SpeechRecognitionCore
0x0000000015df1000 	/System/Library/PrivateFrameworks/ChunkingLibrary.framework/Versions/A/ChunkingLibrary
0x0000000107e00000 	/Library/Java/JavaVirtualMachines/jdk1.8.0_101.jdk/Contents/Home/jre/lib/server/libjvm.dylib
0x0000000015df1000 	/usr/lib/libstdc++.6.dylib
0x0000000107553000 	/Library/Java/JavaVirtualMachines/jdk1.8.0_101.jdk/Contents/Home/jre/lib/libverify.dylib
0x0000000107561000 	/Library/Java/JavaVirtualMachines/jdk1.8.0_101.jdk/Contents/Home/jre/lib/libjava.dylib
0x000000010759e000 	/Library/Java/JavaVirtualMachines/jdk1.8.0_101.jdk/Contents/Home/jre/lib/libzip.dylib
0x000000010e8b0000 	/System/Library/Frameworks/JavaVM.framework/Frameworks/JavaRuntimeSupport.framework/JavaRuntimeSupport
0x000000010e8ca000 	/System/Library/Frameworks/JavaVM.framework/Versions/A/Frameworks/JavaNativeFoundation.framework/Versions/A/JavaNativeFoundation
0x000000010e8df000 	/System/Library/Frameworks/JavaVM.framework/Versions/A/JavaVM
0x0000000015df1000 	/System/Library/Frameworks/Carbon.framework/Versions/A/Carbon
0x000000011e780000 	/System/Library/PrivateFrameworks/JavaLaunching.framework/Versions/A/JavaLaunching
0x0000000015df1000 	/System/Library/Frameworks/Carbon.framework/Versions/A/Frameworks/CommonPanels.framework/Versions/A/CommonPanels
0x0000000015df1000 	/System/Library/Frameworks/Carbon.framework/Versions/A/Frameworks/Help.framework/Versions/A/Help
0x0000000015df1000 	/System/Library/Frameworks/Carbon.framework/Versions/A/Frameworks/ImageCapture.framework/Versions/A/ImageCapture
0x0000000015df1000 	/System/Library/Frameworks/Carbon.framework/Versions/A/Frameworks/OpenScripting.framework/Versions/A/OpenScripting
0x0000000015df1000 	/System/Library/Frameworks/Carbon.framework/Versions/A/Frameworks/Print.framework/Versions/A/Print
0x0000000015df1000 	/System/Library/Frameworks/Carbon.framework/Versions/A/Frameworks/SecurityHI.framework/Versions/A/SecurityHI
0x00000001200af000 	/Library/Java/JavaVirtualMachines/jdk1.8.0_101.jdk/Contents/Home/jre/lib/libnet.dylib
0x000000012010e000 	/Library/Java/JavaVirtualMachines/jdk1.8.0_101.jdk/Contents/Home/jre/lib/libnio.dylib
0x00000001205b5000 	/Users/elchroy/.gradle/native/19/osx-amd64/libnative-platform.dylib
0x00000001205ba000 	/Users/elchroy/.gradle/native/19/osx-amd64/libnative-platform-curses.dylib
0x0000000015df1000 	/usr/lib/libncurses.5.4.dylib
0x00000001205be000 	/private/var/folders/3j/p0_wzk9d1ns47ybk3ng5x3w80000gn/T/jna5209647334796029494.tmp
0x00000001205d3000 	/Library/Java/JavaVirtualMachines/jdk1.8.0_101.jdk/Contents/Home/jre/lib/libmanagement.dylib

VM Arguments:
jvm_args: -Dorg.gradle.appname=gradlew 
java_command: org.gradle.wrapper.GradleWrapperMain installDebug
java_class_path (initial): /Users/elchroy/Roy/Code/rubyment/roymobile/android/gradle/wrapper/gradle-wrapper.jar
Launcher Type: SUN_STANDARD

Environment Variables:
PATH=/usr/local/opt/nvm/versions/node/v6.3.0/lib/node_modules/npm/bin/node-gyp-bin:/Users/elchroy/Roy/Code/rubyment/roymobile/node_modules/.bin:/usr/local/opt/nvm/versions/node/v6.3.0/bin:/Users/elchroy/.rvm/gems/ruby-2.3.0/bin:/Users/elchroy/.rvm/gems/ruby-2.3.0@global/bin:/Users/elchroy/.rvm/rubies/ruby-2.3.0/bin:/usr/local/opt/nvm/versions/node/v6.3.0/bin:/usr/local/mysql/bin:/usr/local/share/python:/usr/local/bin:/usr/bin:/bin:/usr/sbin:/sbin:/Users/elchroy/golang/src/github.com/andela/bin:/usr/local/opt/go/libexec/bin:/Users/elchroy/.rvm/bin:/Users/elchroy/Library/Android/sdk/tools:/Users/elchroy/Library/Android/sdk/platform-tools
SHELL=/bin/zsh

Signal Handlers:
SIGSEGV: [libjvm.dylib+0x5af145], sa_mask[0]=11111111011111110111111111111111, sa_flags=SA_ONSTACK|SA_RESTART|SA_SIGINFO
SIGBUS: [libjvm.dylib+0x5af145], sa_mask[0]=11111111011111110111111111111111, sa_flags=SA_RESTART|SA_SIGINFO
SIGFPE: [libjvm.dylib+0x48694c], sa_mask[0]=11111111011111110111111111111111, sa_flags=SA_RESTART|SA_SIGINFO
SIGPIPE: [libjvm.dylib+0x48694c], sa_mask[0]=11111111011111110111111111111111, sa_flags=SA_RESTART|SA_SIGINFO
SIGXFSZ: [libjvm.dylib+0x48694c], sa_mask[0]=11111111011111110111111111111111, sa_flags=SA_RESTART|SA_SIGINFO
SIGILL: [libjvm.dylib+0x48694c], sa_mask[0]=11111111011111110111111111111111, sa_flags=SA_RESTART|SA_SIGINFO
SIGUSR1: SIG_DFL, sa_mask[0]=11111111011111110111111111111111, sa_flags=none
SIGUSR2: [libjvm.dylib+0x48646a], sa_mask[0]=00000000000000000000000000000000, sa_flags=SA_RESTART|SA_SIGINFO
SIGHUP: [libjvm.dylib+0x484a41], sa_mask[0]=11111111011111110111111111111111, sa_flags=SA_RESTART|SA_SIGINFO
SIGINT: [libjvm.dylib+0x484a41], sa_mask[0]=11111111011111110111111111111111, sa_flags=SA_RESTART|SA_SIGINFO
SIGTERM: [libjvm.dylib+0x484a41], sa_mask[0]=11111111011111110111111111111111, sa_flags=SA_RESTART|SA_SIGINFO
SIGQUIT: [libjvm.dylib+0x484a41], sa_mask[0]=11111111011111110111111111111111, sa_flags=SA_RESTART|SA_SIGINFO


---------------  S Y S T E M  ---------------

OS:Bsduname:Darwin 16.4.0 Darwin Kernel Version 16.4.0: Thu Dec 22 22:53:21 PST 2016; root:xnu-3789.41.3~3/RELEASE_X86_64 x86_64
rlimit: STACK 8192k, CORE 0k, NPROC 709, NOFILE 10240, AS infinity
load average:4.31 3.83 4.10

CPU:total 4 (2 cores per cpu, 2 threads per core) family 6 model 61 stepping 4, cmov, cx8, fxsr, mmx, sse, sse2, sse3, ssse3, sse4.1, sse4.2, popcnt, avx, avx2, aes, clmul, erms, 3dnowpref, lzcnt, ht, tsc, tscinvbit, bmi1, bmi2, adx

Memory: 4k page, physical 8388608k(164972k free)

/proc/meminfo:


vm_info: Java HotSpot(TM) 64-Bit Server VM (25.101-b13) for bsd-amd64 JRE (1.8.0_101-b13), built on Jun 22 2016 02:42:15 by "java_re" with gcc 4.2.1 (Based on Apple Inc. build 5658) (LLVM build 2336.11.00)

time: Tue Feb  7 12:48:00 2017
elapsed time: 13 seconds (0d 0h 0m 13s)

