#
# A fatal error has been detected by the Java Runtime Environment:
#
#  SIGSEGV (0xb) at pc=0x0000000110a03498, pid=11153, tid=0x0000000000000307
#
# JRE version: Java(TM) SE Runtime Environment (8.0_101-b13) (build 1.8.0_101-b13)
# Java VM: Java HotSpot(TM) 64-Bit Server VM (25.101-b13 mixed mode bsd-amd64 compressed oops)
# Problematic frame:
# V  [libjvm.dylib+0x486498]  SR_handler(int, __siginfo*, __darwin_ucontext*)+0x2e
#
# Failed to write core dump. Core dumps have been disabled. To enable core dumping, try "ulimit -c unlimited" before starting Java again
#
# If you would like to submit a bug report, please visit:
#   http://bugreport.java.com/bugreport/crash.jsp
#

---------------  T H R E A D  ---------------

Current thread is native thread

siginfo: si_signo: 11 (SIGSEGV), si_code: 1 (SEGV_MAPERR), si_addr: 0x0000000000000128

Registers:
RAX=0x0000000000000000, RBX=0x00007fff4ffc97a0, RCX=0x00007fffb19f4408, RDX=0x00007fff4ffc97a0
RSP=0x00007fff4ffc92d0, RBP=0x00007fff4ffc9300, RSI=0x00007fff4ffc9738, RDI=0x0000000000000103
R8 =0x00007fff4ffc97a0, R9 =0x00000000ffffffff, R10=0x0000000000000c00, R11=0x0000000000000206
R12=0x0000000000000c00, R13=0x0000000000000000, R14=0x00007fff4ffc9738, R15=0x0000000000000002
RIP=0x0000000110a03498, EFLAGS=0x0000000000010202, ERR=0x0000000000000004
  TRAPNO=0x000000000000000e

Top of Stack: (sp=0x00007fff4ffc92d0)
0x00007fff4ffc92d0:   0000000000000000 00007fff4ffc97a0
0x00007fff4ffc92e0:   0000000000000c00 0000000000000000
0x00007fff4ffc92f0:   00007fff4ffc99d0 0000000000000e03
0x00007fff4ffc9300:   00007fff4ffc9310 00007fffa8db4bba
0x00007fff4ffc9310:   00007fff4ffc98a0 0000000000015c00
0x00007fff4ffc9320:   00015d00ae448958 00007fffb188a2d0
0x00007fff4ffc9330:   0100001f00000085 00007fff93650680
0x00007fff4ffc9340:   0000000010004005 00000000ffffffff
0x00007fff4ffc9350:   00007fff4ffc9858 0000000000000000
0x00007fff4ffc9360:   00007fff4ffc99d0 0000000007000806
0x00007fff4ffc9370:   00007fff4ffc98a0 00007fff4ffc9858
0x00007fff4ffc9380:   0000000000000e03 00000000ffffffff
0x00007fff4ffc9390:   0000000000000c00 0000000000000206
0x00007fff4ffc93a0:   0000000000000c00 0000000000000000
0x00007fff4ffc93b0:   00007fff4ffc99d0 0000000000000e03
0x00007fff4ffc93c0:   000000011046938a 0000000000000206
0x00007fff4ffc93d0:   0000000000000007 0000000000000000
0x00007fff4ffc93e0:   0000000000000000 0000000000000000
0x00007fff4ffc93f0:   000000000000037f 0000000000000000
0x00007fff4ffc9400:   0000000000000000 0000ffff00001fa0
0x00007fff4ffc9410:   0000000000000000 000000000000ffff
0x00007fff4ffc9420:   0000000000000100 000000000000ffff
0x00007fff4ffc9430:   0000000000000000 0000000000000000
0x00007fff4ffc9440:   0000000000000000 0000000000000000
0x00007fff4ffc9450:   87bc000000000000 000000000000c00b
0x00007fff4ffc9460:   0000000000000000 0000000000000000
0x00007fff4ffc9470:   bb78000000000000 000000000000400b
0x00007fff4ffc9480:   0000000000000000 0000000000000000
0x00007fff4ffc9490:   41be4c882a1cd3bf 0000000000000000
0x00007fff4ffc94a0:   3fbcd3bf2f555821 0000000000000000
0x00007fff4ffc94b0:   c3de3f8b9e588a63 439c07461a7759d7
0x00007fff4ffc94c0:   0000000000000000 0000000000000000 

Instructions: (pc=0x0000000110a03498)
0x0000000110a03478:   83 ec 08 48 89 d3 49 89 f6 e8 00 26 14 00 44 8b
0x0000000110a03488:   38 48 8d 05 20 cd 3a 00 48 63 38 e8 ca 28 14 00
0x0000000110a03498:   4c 8b a0 28 01 00 00 41 83 7c 24 34 01 0f 85 e2
0x0000000110a034a8:   00 00 00 49 89 5c 24 40 4d 89 74 24 38 49 8d 5c 

Register to memory mapping:

RAX=0x0000000000000000 is an unknown value
RBX=0x00007fff4ffc97a0 is an unknown value
RCX=0x00007fffb19f4408: _thread+0x48 in /usr/lib/system/libsystem_pthread.dylib at 0x00007fffa8dbb000
RDX=0x00007fff4ffc97a0 is an unknown value
RSP=0x00007fff4ffc92d0 is an unknown value
RBP=0x00007fff4ffc9300 is an unknown value
RSI=0x00007fff4ffc9738 is an unknown value
RDI=0x0000000000000103 is an unknown value
R8 =0x00007fff4ffc97a0 is an unknown value
R9 =0x00000000ffffffff is an unknown value
R10=0x0000000000000c00 is an unknown value
R11=0x0000000000000206 is an unknown value
R12=0x0000000000000c00 is an unknown value
R13=0x0000000000000000 is an unknown value
R14=0x00007fff4ffc9738 is an unknown value
R15=0x0000000000000002 is an unknown value


Stack: [0x00007fff4f7ce000,0x00007fff4ffce000],  sp=0x00007fff4ffc92d0,  free space=8172k
Native frames: (J=compiled Java code, j=interpreted, Vv=VM code, C=native code)
V  [libjvm.dylib+0x486498]  SR_handler(int, __siginfo*, __darwin_ucontext*)+0x2e
C  [libsystem_platform.dylib+0x2bba]  _sigtramp+0x1a
C  0x0000000000015c00
C  [CoreFoundation+0x88c94]  __CFRunLoopServiceMachPort+0xd4
C  [CoreFoundation+0x88121]  __CFRunLoopRun+0x551
C  [CoreFoundation+0x87974]  CFRunLoopRunSpecific+0x1a4
C  [java+0x6465]  CreateExecutionEnvironment+0x367
C  [java+0x218c]  JLI_Launch+0x7a0
C  [java+0x84c2]  main+0x65
C  [java+0x19e4]  start+0x34


---------------  P R O C E S S  ---------------

VM state:not at safepoint (normal execution)

VM Mutex/Monitor currently owned by a thread: None

Heap:
 PSYoungGen      total 177152K, used 97379K [0x0000000795580000, 0x00000007a4100000, 0x00000007c0000000)
  eden space 160768K, 50% used [0x0000000795580000,0x000000079a49aa68,0x000000079f280000)
  from space 16384K, 99% used [0x000000079f280000,0x00000007a027e400,0x00000007a0280000)
  to   space 18944K, 0% used [0x00000007a2e80000,0x00000007a2e80000,0x00000007a4100000)
 ParOldGen       total 109568K, used 29869K [0x0000000740000000, 0x0000000746b00000, 0x0000000795580000)
  object space 109568K, 27% used [0x0000000740000000,0x0000000741d2b630,0x0000000746b00000)
 Metaspace       used 39937K, capacity 41314K, committed 41560K, reserved 1085440K
  class space    used 5637K, capacity 6210K, committed 6272K, reserved 1048576K

Card table byte_map: [0x00000001121c0000,0x00000001125c1000] byte_map_base: 0x000000010e7c0000

Marking Bits: (ParMarkBitMap*) 0x0000000110e6ad20
 Begin Bits: [0x000000011286c000, 0x000000011486c000)
 End Bits:   [0x000000011486c000, 0x000000011686c000)

Polling page: 0x000000010fc51000

CodeCache: size=245760Kb used=13244Kb max_used=13443Kb free=232515Kb
 bounds [0x000000011efe2000, 0x000000011fd32000, 0x000000012dfe2000]
 total_blobs=4659 nmethods=3994 adapters=577
 compilation: enabled

Compilation events (10 events):
Event: 15.929 Thread 0x00007fc4d2010800 4225       3       java.nio.HeapByteBuffer::<init> (14 bytes)
Event: 15.929 Thread 0x00007fc4d2010800 nmethod 4225 0x000000011f21f7d0 code [0x000000011f21f940, 0x000000011f21fae8]
Event: 15.930 Thread 0x00007fc4d2010800 4227 % !   3       com.android.ddmlib.AdbHelper::executeRemoteCommand @ 226 (548 bytes)
Event: 15.938 Thread 0x00007fc4d2010800 nmethod 4227% 0x000000011fd20e90 code [0x000000011fd21720, 0x000000011fd278c8]
Event: 16.129 Thread 0x00007fc4d2010000 4228 % !   4       com.android.ddmlib.AdbHelper::executeRemoteCommand @ 226 (548 bytes)
Event: 16.142 Thread 0x00007fc4d2010000 nmethod 4228% 0x000000011f145950 code [0x000000011f145b20, 0x000000011f1462f0]
Event: 16.161 Thread 0x00007fc4d200e000 4229       4       java.nio.Buffer::hasRemaining (17 bytes)
Event: 16.162 Thread 0x00007fc4d200e000 nmethod 4229 0x000000011f112650 code [0x000000011f1127a0, 0x000000011f112818]
Event: 16.529 Thread 0x00007fc4d2010000 4230       4       sun.nio.ch.IOStatus::normalize (10 bytes)
Event: 16.530 Thread 0x00007fc4d2010000 nmethod 4230 0x000000011f129e90 code [0x000000011f129fc0, 0x000000011f12a018]

GC Heap History (10 events):
Event: 6.251 GC heap before
{Heap before GC invocations=7 (full 1):
 PSYoungGen      total 71680K, used 66560K [0x0000000795580000, 0x000000079ea80000, 0x00000007c0000000)
  eden space 66560K, 100% used [0x0000000795580000,0x0000000799680000,0x0000000799680000)
  from space 5120K, 0% used [0x0000000799680000,0x0000000799680000,0x0000000799b80000)
  to   space 9728K, 0% used [0x000000079e100000,0x000000079e100000,0x000000079ea80000)
 ParOldGen       total 60416K, used 8882K [0x0000000740000000, 0x0000000743b00000, 0x0000000795580000)
  object space 60416K, 14% used [0x0000000740000000,0x00000007408ac990,0x0000000743b00000)
 Metaspace       used 25368K, capacity 26048K, committed 26240K, reserved 1071104K
  class space    used 3435K, capacity 3673K, committed 3712K, reserved 1048576K
Event: 6.271 GC heap after
Heap after GC invocations=7 (full 1):
 PSYoungGen      total 110080K, used 6038K [0x0000000795580000, 0x000000079e700000, 0x00000007c0000000)
  eden space 103936K, 0% used [0x0000000795580000,0x0000000795580000,0x000000079bb00000)
  from space 6144K, 98% used [0x000000079e100000,0x000000079e6e5a90,0x000000079e700000)
  to   space 9728K, 0% used [0x000000079d400000,0x000000079d400000,0x000000079dd80000)
 ParOldGen       total 60416K, used 8890K [0x0000000740000000, 0x0000000743b00000, 0x0000000795580000)
  object space 60416K, 14% used [0x0000000740000000,0x00000007408ae990,0x0000000743b00000)
 Metaspace       used 25368K, capacity 26048K, committed 26240K, reserved 1071104K
  class space    used 3435K, capacity 3673K, committed 3712K, reserved 1048576K
}
Event: 8.157 GC heap before
{Heap before GC invocations=8 (full 1):
 PSYoungGen      total 110080K, used 109974K [0x0000000795580000, 0x000000079e700000, 0x00000007c0000000)
  eden space 103936K, 100% used [0x0000000795580000,0x000000079bb00000,0x000000079bb00000)
  from space 6144K, 98% used [0x000000079e100000,0x000000079e6e5a90,0x000000079e700000)
  to   space 9728K, 0% used [0x000000079d400000,0x000000079d400000,0x000000079dd80000)
 ParOldGen       total 60416K, used 8890K [0x0000000740000000, 0x0000000743b00000, 0x0000000795580000)
  object space 60416K, 14% used [0x0000000740000000,0x00000007408ae990,0x0000000743b00000)
 Metaspace       used 32182K, capacity 33132K, committed 33408K, reserved 1077248K
  class space    used 4480K, capacity 4876K, committed 4992K, reserved 1048576K
Event: 8.199 GC heap after
Heap after GC invocations=8 (full 1):
 PSYoungGen      total 139264K, used 9716K [0x0000000795580000, 0x00000007a1080000, 0x00000007c0000000)
  eden space 129536K, 0% used [0x0000000795580000,0x0000000795580000,0x000000079d400000)
  from space 9728K, 99% used [0x000000079d400000,0x000000079dd7d020,0x000000079dd80000)
  to   space 14336K, 0% used [0x00000007a0280000,0x00000007a0280000,0x00000007a1080000)
 ParOldGen       total 60416K, used 16560K [0x0000000740000000, 0x0000000743b00000, 0x0000000795580000)
  object space 60416K, 27% used [0x0000000740000000,0x000000074102c2e0,0x0000000743b00000)
 Metaspace       used 32182K, capacity 33132K, committed 33408K, reserved 1077248K
  class space    used 4480K, capacity 4876K, committed 4992K, reserved 1048576K
}
Event: 9.454 GC heap before
{Heap before GC invocations=9 (full 1):
 PSYoungGen      total 139264K, used 51030K [0x0000000795580000, 0x00000007a1080000, 0x00000007c0000000)
  eden space 129536K, 31% used [0x0000000795580000,0x0000000797dd8b38,0x000000079d400000)
  from space 9728K, 99% used [0x000000079d400000,0x000000079dd7d020,0x000000079dd80000)
  to   space 14336K, 0% used [0x00000007a0280000,0x00000007a0280000,0x00000007a1080000)
 ParOldGen       total 60416K, used 16560K [0x0000000740000000, 0x0000000743b00000, 0x0000000795580000)
  object space 60416K, 27% used [0x0000000740000000,0x000000074102c2e0,0x0000000743b00000)
 Metaspace       used 34355K, capacity 35304K, committed 35416K, reserved 1079296K
  class space    used 4786K, capacity 5198K, committed 5248K, reserved 1048576K
Event: 9.487 GC heap after
Heap after GC invocations=9 (full 1):
 PSYoungGen      total 175104K, used 14311K [0x0000000795580000, 0x00000007a3d80000, 0x00000007c0000000)
  eden space 160768K, 0% used [0x0000000795580000,0x0000000795580000,0x000000079f280000)
  from space 14336K, 99% used [0x00000007a0280000,0x00000007a1079e80,0x00000007a1080000)
  to   space 16384K, 0% used [0x000000079f280000,0x000000079f280000,0x00000007a0280000)
 ParOldGen       total 60416K, used 16639K [0x0000000740000000, 0x0000000743b00000, 0x0000000795580000)
  object space 60416K, 27% used [0x0000000740000000,0x000000074103fe08,0x0000000743b00000)
 Metaspace       used 34355K, capacity 35304K, committed 35416K, reserved 1079296K
  class space    used 4786K, capacity 5198K, committed 5248K, reserved 1048576K
}
Event: 9.487 GC heap before
{Heap before GC invocations=10 (full 2):
 PSYoungGen      total 175104K, used 14311K [0x0000000795580000, 0x00000007a3d80000, 0x00000007c0000000)
  eden space 160768K, 0% used [0x0000000795580000,0x0000000795580000,0x000000079f280000)
  from space 14336K, 99% used [0x00000007a0280000,0x00000007a1079e80,0x00000007a1080000)
  to   space 16384K, 0% used [0x000000079f280000,0x000000079f280000,0x00000007a0280000)
 ParOldGen       total 60416K, used 16639K [0x0000000740000000, 0x0000000743b00000, 0x0000000795580000)
  object space 60416K, 27% used [0x0000000740000000,0x000000074103fe08,0x0000000743b00000)
 Metaspace       used 34355K, capacity 35304K, committed 35416K, reserved 1079296K
  class space    used 4786K, capacity 5198K, committed 5248K, reserved 1048576K
Event: 9.690 GC heap after
Heap after GC invocations=10 (full 2):
 PSYoungGen      total 175104K, used 0K [0x0000000795580000, 0x00000007a3d80000, 0x00000007c0000000)
  eden space 160768K, 0% used [0x0000000795580000,0x0000000795580000,0x000000079f280000)
  from space 14336K, 0% used [0x00000007a0280000,0x00000007a0280000,0x00000007a1080000)
  to   space 16384K, 0% used [0x000000079f280000,0x000000079f280000,0x00000007a0280000)
 ParOldGen       total 109568K, used 29331K [0x0000000740000000, 0x0000000746b00000, 0x0000000795580000)
  object space 109568K, 26% used [0x0000000740000000,0x0000000741ca4e00,0x0000000746b00000)
 Metaspace       used 34355K, capacity 35304K, committed 35416K, reserved 1079296K
  class space    used 4786K, capacity 5198K, committed 5248K, reserved 1048576K
}
Event: 13.026 GC heap before
{Heap before GC invocations=11 (full 2):
 PSYoungGen      total 175104K, used 160768K [0x0000000795580000, 0x00000007a3d80000, 0x00000007c0000000)
  eden space 160768K, 100% used [0x0000000795580000,0x000000079f280000,0x000000079f280000)
  from space 14336K, 0% used [0x00000007a0280000,0x00000007a0280000,0x00000007a1080000)
  to   space 16384K, 0% used [0x000000079f280000,0x000000079f280000,0x00000007a0280000)
 ParOldGen       total 109568K, used 29331K [0x0000000740000000, 0x0000000746b00000, 0x0000000795580000)
  object space 109568K, 26% used [0x0000000740000000,0x0000000741ca4e00,0x0000000746b00000)
 Metaspace       used 37755K, capacity 38890K, committed 39128K, reserved 1083392K
  class space    used 5320K, capacity 5795K, committed 5888K, reserved 1048576K
Event: 13.085 GC heap after
Heap after GC invocations=11 (full 2):
 PSYoungGen      total 177152K, used 16377K [0x0000000795580000, 0x00000007a4100000, 0x00000007c0000000)
  eden space 160768K, 0% used [0x0000000795580000,0x0000000795580000,0x000000079f280000)
  from space 16384K, 99% used [0x000000079f280000,0x00000007a027e400,0x00000007a0280000)
  to   space 18944K, 0% used [0x00000007a2e80000,0x00000007a2e80000,0x00000007a4100000)
 ParOldGen       total 109568K, used 29869K [0x0000000740000000, 0x0000000746b00000, 0x0000000795580000)
  object space 109568K, 27% used [0x0000000740000000,0x0000000741d2b630,0x0000000746b00000)
 Metaspace       used 37755K, capacity 38890K, committed 39128K, reserved 1083392K
  class space    used 5320K, capacity 5795K, committed 5888K, reserved 1048576K
}

Deoptimization events (10 events):
Event: 13.685 Thread 0x00007fc4d2801000 Uncommon trap: reason=unstable_if action=reinterpret pc=0x000000011fc72000 method=org.gradle.api.internal.file.pattern.FixedStepsPathMatcher.matches([Ljava/lang/String;I)Z @ 70
Event: 13.706 Thread 0x00007fc4d2801000 Uncommon trap: reason=unstable_if action=reinterpret pc=0x000000011fc66268 method=org.gradle.api.internal.file.pattern.FixedStepsPathMatcher.matches([Ljava/lang/String;I)Z @ 70
Event: 14.151 Thread 0x00007fc4d388f800 Uncommon trap: reason=unstable_if action=reinterpret pc=0x000000011fa90a38 method=java.lang.AbstractStringBuilder.append(I)Ljava/lang/AbstractStringBuilder; @ 16
Event: 14.151 Thread 0x00007fc4d388f800 Uncommon trap: reason=unstable_if action=reinterpret pc=0x000000011fc2d684 method=java.lang.Integer.getChars(II[C)V @ 7
Event: 14.201 Thread 0x00007fc4d43f1800 Uncommon trap: reason=unstable_if action=reinterpret pc=0x000000011fa37f0c method=java.lang.AbstractStringBuilder.append(I)Ljava/lang/AbstractStringBuilder; @ 16
Event: 15.927 Thread 0x00007fc4d2801000 Uncommon trap: reason=unstable_if action=reinterpret pc=0x000000011f1a41b0 method=java.nio.Buffer.hasRemaining()Z @ 8
Event: 15.927 Thread 0x00007fc4d2801000 Uncommon trap: reason=unstable_if action=reinterpret pc=0x000000011f12b3bc method=java.nio.Buffer.hasRemaining()Z @ 8
Event: 16.340 Thread 0x00007fc4d2801000 Uncommon trap: reason=unstable_if action=reinterpret pc=0x000000011f146020 method=com.android.ddmlib.AdbHelper.executeRemoteCommand(Ljava/net/InetSocketAddress;Lcom/android/ddmlib/AdbHelper$AdbService;Ljava/lang/String;Lcom/android/ddmlib/IDevice;Lcom/and
Event: 16.426 Thread 0x00007fc4d2801000 Uncommon trap: reason=unstable_if action=reinterpret pc=0x000000011f166b98 method=java.nio.channels.spi.AbstractInterruptibleChannel.end(Z)V @ 31
Event: 16.426 Thread 0x00007fc4d2801000 Uncommon trap: reason=unstable_if action=reinterpret pc=0x000000011f29e61c method=java.nio.channels.spi.AbstractInterruptibleChannel.begin()V @ 4

Internal exceptions (10 events):
Event: 15.093 Thread 0x00007fc4d2801000 Exception <a 'java/lang/ClassNotFoundException': com/google/common/collect/SingletonImmutableListBeanInfo> (0x000000079944f360) thrown at [/HUDSON3/workspace/8-2-build-macosx-x86_64/jdk8u101/7261/hotspot/src/share/vm/classfile/systemDictionary.cpp, line 2
Event: 15.094 Thread 0x00007fc4d2801000 Exception <a 'java/lang/ClassNotFoundException': com/google/common/collect/ImmutableListBeanInfo> (0x000000079945b298) thrown at [/HUDSON3/workspace/8-2-build-macosx-x86_64/jdk8u101/7261/hotspot/src/share/vm/classfile/systemDictionary.cpp, line 210]
Event: 15.094 Thread 0x00007fc4d2801000 Exception <a 'java/lang/ClassNotFoundException': com/google/common/collect/ImmutableCollectionBeanInfo> (0x0000000799467fa8) thrown at [/HUDSON3/workspace/8-2-build-macosx-x86_64/jdk8u101/7261/hotspot/src/share/vm/classfile/systemDictionary.cpp, line 210]
Event: 15.094 Thread 0x00007fc4d2801000 Exception <a 'java/lang/ClassNotFoundException': com/google/common/collect/ImmutableCollectionCustomizer> (0x0000000799475108) thrown at [/HUDSON3/workspace/8-2-build-macosx-x86_64/jdk8u101/7261/hotspot/src/share/vm/classfile/systemDictionary.cpp, line 21
Event: 15.095 Thread 0x00007fc4d2801000 Exception <a 'java/lang/ClassNotFoundException': com/google/common/collect/ImmutableListCustomizer> (0x0000000799491dc8) thrown at [/HUDSON3/workspace/8-2-build-macosx-x86_64/jdk8u101/7261/hotspot/src/share/vm/classfile/systemDictionary.cpp, line 210]
Event: 15.096 Thread 0x00007fc4d2801000 Exception <a 'java/lang/ClassNotFoundException': com/google/common/collect/SingletonImmutableListCustomizer> (0x00000007994d90c0) thrown at [/HUDSON3/workspace/8-2-build-macosx-x86_64/jdk8u101/7261/hotspot/src/share/vm/classfile/systemDictionary.cpp, line
Event: 15.105 Thread 0x00007fc4d2801000 Exception <a 'java/lang/ClassNotFoundException': com/android/build/gradle/api/ApkOutputFileBeanInfo> (0x0000000799512ee0) thrown at [/HUDSON3/workspace/8-2-build-macosx-x86_64/jdk8u101/7261/hotspot/src/share/vm/classfile/systemDictionary.cpp, line 210]
Event: 15.105 Thread 0x00007fc4d2801000 Exception <a 'java/lang/ClassNotFoundException': com/android/build/gradle/api/ApkOutputFileCustomizer> (0x000000079951ef10) thrown at [/HUDSON3/workspace/8-2-build-macosx-x86_64/jdk8u101/7261/hotspot/src/share/vm/classfile/systemDictionary.cpp, line 210]
Event: 15.156 Thread 0x00007fc4d2801000 Exception <a 'java/lang/ClassNotFoundException': com/android/ide/common/build/SplitOutputMatcherBeanInfo> (0x0000000799580478) thrown at [/HUDSON3/workspace/8-2-build-macosx-x86_64/jdk8u101/7261/hotspot/src/share/vm/classfile/systemDictionary.cpp, line 21
Event: 15.156 Thread 0x00007fc4d2801000 Exception <a 'java/lang/ClassNotFoundException': com/android/ide/common/build/SplitOutputMatcherCustomizer> (0x000000079958cd70) thrown at [/HUDSON3/workspace/8-2-build-macosx-x86_64/jdk8u101/7261/hotspot/src/share/vm/classfile/systemDictionary.cpp, line 

Events (10 events):
Event: 16.160 Thread 0x00007fc4d2801000 DEOPT UNPACKING pc=0x000000011f029633 sp=0x000070000b8c6af0 mode 0
Event: 16.340 Thread 0x00007fc4d2801000 Uncommon trap: trap_request=0xffffff65 fr.pc=0x000000011f146020
Event: 16.340 Thread 0x00007fc4d2801000 DEOPT PACKING pc=0x000000011f146020 sp=0x000070000b8c6db0
Event: 16.340 Thread 0x00007fc4d2801000 DEOPT UNPACKING pc=0x000000011efe7229 sp=0x000070000b8c6d70 mode 2
Event: 16.426 Thread 0x00007fc4d2801000 Uncommon trap: trap_request=0xffffff65 fr.pc=0x000000011f166b98
Event: 16.426 Thread 0x00007fc4d2801000 DEOPT PACKING pc=0x000000011f166b98 sp=0x000070000b8c6c40
Event: 16.426 Thread 0x00007fc4d2801000 DEOPT UNPACKING pc=0x000000011efe7229 sp=0x000070000b8c6c20 mode 2
Event: 16.426 Thread 0x00007fc4d2801000 Uncommon trap: trap_request=0xffffff65 fr.pc=0x000000011f29e61c
Event: 16.426 Thread 0x00007fc4d2801000 DEOPT PACKING pc=0x000000011f29e61c sp=0x000070000b8c6a00
Event: 16.426 Thread 0x00007fc4d2801000 DEOPT UNPACKING pc=0x000000011efe7229 sp=0x000070000b8c69d0 mode 2


Dynamic libraries:
0x000000001e29e000 	/System/Library/Frameworks/Cocoa.framework/Versions/A/Cocoa
0x000000001e29e000 	/System/Library/Frameworks/Security.framework/Versions/A/Security
0x000000001e29e000 	/System/Library/Frameworks/ApplicationServices.framework/Versions/A/ApplicationServices
0x000000001e29e000 	/usr/lib/libz.1.dylib
0x000000010fc52000 	/usr/lib/libSystem.B.dylib
0x000000001e29e000 	/usr/lib/libobjc.A.dylib
0x000000001e29e000 	/System/Library/Frameworks/CoreFoundation.framework/Versions/A/CoreFoundation
0x000000001e29e000 	/System/Library/Frameworks/Foundation.framework/Versions/C/Foundation
0x000000001e29e000 	/System/Library/Frameworks/AppKit.framework/Versions/C/AppKit
0x000000001e29e000 	/System/Library/Frameworks/CoreData.framework/Versions/A/CoreData
0x000000001e29e000 	/System/Library/PrivateFrameworks/RemoteViewServices.framework/Versions/A/RemoteViewServices
0x000000001e29e000 	/System/Library/PrivateFrameworks/UIFoundation.framework/Versions/A/UIFoundation
0x000000001e29e000 	/System/Library/PrivateFrameworks/DFRFoundation.framework/Versions/A/DFRFoundation
0x000000001e29e000 	/usr/lib/libenergytrace.dylib
0x000000001e29e000 	/System/Library/PrivateFrameworks/SkyLight.framework/Versions/A/SkyLight
0x000000001e29e000 	/System/Library/Frameworks/CoreGraphics.framework/Versions/A/CoreGraphics
0x000000001e29e000 	/usr/lib/libScreenReader.dylib
0x000000001e29e000 	/System/Library/Frameworks/Accelerate.framework/Versions/A/Accelerate
0x000000001e29e000 	/System/Library/Frameworks/IOSurface.framework/Versions/A/IOSurface
0x000000001e29e000 	/System/Library/Frameworks/AudioToolbox.framework/Versions/A/AudioToolbox
0x000000001e29e000 	/System/Library/Frameworks/AudioUnit.framework/Versions/A/AudioUnit
0x000000001e29e000 	/System/Library/PrivateFrameworks/DataDetectorsCore.framework/Versions/A/DataDetectorsCore
0x000000001e29e000 	/System/Library/PrivateFrameworks/DesktopServicesPriv.framework/Versions/A/DesktopServicesPriv
0x000000001e29e000 	/System/Library/Frameworks/Carbon.framework/Versions/A/Frameworks/HIToolbox.framework/Versions/A/HIToolbox
0x000000001e29e000 	/usr/lib/libicucore.A.dylib
0x000000001e29e000 	/System/Library/Frameworks/QuartzCore.framework/Versions/A/QuartzCore
0x000000001e29e000 	/System/Library/Frameworks/Carbon.framework/Versions/A/Frameworks/SpeechRecognition.framework/Versions/A/SpeechRecognition
0x000000001e29e000 	/usr/lib/libauto.dylib
0x000000001e29e000 	/usr/lib/libxml2.2.dylib
0x000000001e29e000 	/System/Library/PrivateFrameworks/CoreUI.framework/Versions/A/CoreUI
0x000000001e29e000 	/System/Library/Frameworks/CoreAudio.framework/Versions/A/CoreAudio
0x000000001e29e000 	/System/Library/Frameworks/DiskArbitration.framework/Versions/A/DiskArbitration
0x000000001e29e000 	/usr/lib/liblangid.dylib
0x000000001e29e000 	/System/Library/PrivateFrameworks/MultitouchSupport.framework/Versions/A/MultitouchSupport
0x000000010fc5b000 	/System/Library/Frameworks/IOKit.framework/Versions/A/IOKit
0x000000001e29e000 	/usr/lib/libDiagnosticMessagesClient.dylib
0x000000001e29e000 	/System/Library/Frameworks/CoreServices.framework/Versions/A/CoreServices
0x000000001e29e000 	/System/Library/PrivateFrameworks/PerformanceAnalysis.framework/Versions/A/PerformanceAnalysis
0x000000001e29e000 	/System/Library/PrivateFrameworks/GenerationalStorage.framework/Versions/A/GenerationalStorage
0x000000001e29e000 	/System/Library/Frameworks/OpenGL.framework/Versions/A/OpenGL
0x000000001e29e000 	/System/Library/Frameworks/CoreImage.framework/Versions/A/CoreImage
0x000000001e29e000 	/System/Library/Frameworks/CoreText.framework/Versions/A/CoreText
0x000000001e29e000 	/System/Library/Frameworks/ImageIO.framework/Versions/A/ImageIO
0x000000001e29e000 	/System/Library/PrivateFrameworks/Backup.framework/Versions/A/Backup
0x000000001e29e000 	/usr/lib/libarchive.2.dylib
0x000000010fd35000 	/System/Library/Frameworks/CFNetwork.framework/Versions/A/CFNetwork
0x000000001e29e000 	/System/Library/Frameworks/SystemConfiguration.framework/Versions/A/SystemConfiguration
0x000000001e29e000 	/usr/lib/libCRFSuite.dylib
0x000000001e29e000 	/usr/lib/libc++.1.dylib
0x000000001e29e000 	/usr/lib/libc++abi.dylib
0x000000001e29e000 	/usr/lib/system/libcache.dylib
0x000000001e29e000 	/usr/lib/system/libcommonCrypto.dylib
0x000000001e29e000 	/usr/lib/system/libcompiler_rt.dylib
0x000000001e29e000 	/usr/lib/system/libcopyfile.dylib
0x000000001e29e000 	/usr/lib/system/libcorecrypto.dylib
0x000000001e29e000 	/usr/lib/system/libdispatch.dylib
0x0000000110422000 	/usr/lib/system/libdyld.dylib
0x000000001e29e000 	/usr/lib/system/libkeymgr.dylib
0x000000001e29e000 	/usr/lib/system/liblaunch.dylib
0x000000001e29e000 	/usr/lib/system/libmacho.dylib
0x000000001e29e000 	/usr/lib/system/libquarantine.dylib
0x000000001e29e000 	/usr/lib/system/libremovefile.dylib
0x000000001e29e000 	/usr/lib/system/libsystem_asl.dylib
0x000000001e29e000 	/usr/lib/system/libsystem_blocks.dylib
0x000000001e29e000 	/usr/lib/system/libsystem_c.dylib
0x000000001e29e000 	/usr/lib/system/libsystem_configuration.dylib
0x000000001e29e000 	/usr/lib/system/libsystem_coreservices.dylib
0x0000000110433000 	/usr/lib/system/libsystem_coretls.dylib
0x000000001e29e000 	/usr/lib/system/libsystem_dnssd.dylib
0x000000001e29e000 	/usr/lib/system/libsystem_info.dylib
0x0000000110457000 	/usr/lib/system/libsystem_kernel.dylib
0x000000001e29e000 	/usr/lib/system/libsystem_m.dylib
0x000000001e29e000 	/usr/lib/system/libsystem_malloc.dylib
0x000000001e29e000 	/usr/lib/system/libsystem_network.dylib
0x0000000110496000 	/usr/lib/system/libsystem_networkextension.dylib
0x000000001e29e000 	/usr/lib/system/libsystem_notify.dylib
0x000000001e29e000 	/usr/lib/system/libsystem_platform.dylib
0x000000001e29e000 	/usr/lib/system/libsystem_pthread.dylib
0x00000001104b2000 	/usr/lib/system/libsystem_sandbox.dylib
0x000000001e29e000 	/usr/lib/system/libsystem_secinit.dylib
0x00000001104c1000 	/usr/lib/system/libsystem_symptoms.dylib
0x00000001104d3000 	/usr/lib/system/libsystem_trace.dylib
0x000000001e29e000 	/usr/lib/system/libunwind.dylib
0x000000001e29e000 	/usr/lib/system/libxpc.dylib
0x000000001e29e000 	/usr/lib/libbsm.0.dylib
0x000000011050f000 	/usr/lib/system/libkxld.dylib
0x000000001e29e000 	/usr/lib/libcoretls.dylib
0x000000001e29e000 	/usr/lib/libcoretls_cfhelpers.dylib
0x000000001e29e000 	/usr/lib/libxar.1.dylib
0x000000001e29e000 	/usr/lib/libsqlite3.dylib
0x000000001e29e000 	/usr/lib/libpam.2.dylib
0x000000001e29e000 	/usr/lib/libOpenScriptingUtil.dylib
0x000000001e29e000 	/usr/lib/libbz2.1.0.dylib
0x000000001e29e000 	/usr/lib/liblzma.5.dylib
0x000000001e29e000 	/usr/lib/libnetwork.dylib
0x000000001e29e000 	/usr/lib/libpcap.A.dylib
0x000000001e29e000 	/System/Library/Frameworks/CoreServices.framework/Versions/A/Frameworks/FSEvents.framework/Versions/A/FSEvents
0x000000001e29e000 	/System/Library/Frameworks/CoreServices.framework/Versions/A/Frameworks/CarbonCore.framework/Versions/A/CarbonCore
0x000000001e29e000 	/System/Library/Frameworks/CoreServices.framework/Versions/A/Frameworks/Metadata.framework/Versions/A/Metadata
0x000000001e29e000 	/System/Library/Frameworks/CoreServices.framework/Versions/A/Frameworks/OSServices.framework/Versions/A/OSServices
0x000000001e29e000 	/System/Library/Frameworks/CoreServices.framework/Versions/A/Frameworks/SearchKit.framework/Versions/A/SearchKit
0x000000001e29e000 	/System/Library/Frameworks/CoreServices.framework/Versions/A/Frameworks/AE.framework/Versions/A/AE
0x000000001e29e000 	/System/Library/Frameworks/CoreServices.framework/Versions/A/Frameworks/LaunchServices.framework/Versions/A/LaunchServices
0x000000001e29e000 	/System/Library/Frameworks/CoreServices.framework/Versions/A/Frameworks/DictionaryServices.framework/Versions/A/DictionaryServices
0x000000001e29e000 	/System/Library/Frameworks/CoreServices.framework/Versions/A/Frameworks/SharedFileList.framework/Versions/A/SharedFileList
0x000000001e29e000 	/System/Library/Frameworks/NetFS.framework/Versions/A/NetFS
0x000000001e29e000 	/System/Library/PrivateFrameworks/NetAuth.framework/Versions/A/NetAuth
0x000000001e29e000 	/System/Library/PrivateFrameworks/login.framework/Versions/A/Frameworks/loginsupport.framework/Versions/A/loginsupport
0x000000001e29e000 	/System/Library/PrivateFrameworks/TCC.framework/Versions/A/TCC
0x000000001e29e000 	/usr/lib/libmecabra.dylib
0x000000001e29e000 	/System/Library/Frameworks/ApplicationServices.framework/Versions/A/Frameworks/ATS.framework/Versions/A/ATS
0x000000001e29e000 	/System/Library/Frameworks/ApplicationServices.framework/Versions/A/Frameworks/ColorSync.framework/Versions/A/ColorSync
0x000000001e29e000 	/System/Library/Frameworks/ApplicationServices.framework/Versions/A/Frameworks/HIServices.framework/Versions/A/HIServices
0x000000001e29e000 	/System/Library/Frameworks/ApplicationServices.framework/Versions/A/Frameworks/LangAnalysis.framework/Versions/A/LangAnalysis
0x000000001e29e000 	/System/Library/Frameworks/ApplicationServices.framework/Versions/A/Frameworks/PrintCore.framework/Versions/A/PrintCore
0x000000001e29e000 	/System/Library/Frameworks/ApplicationServices.framework/Versions/A/Frameworks/QD.framework/Versions/A/QD
0x000000001e29e000 	/System/Library/Frameworks/ApplicationServices.framework/Versions/A/Frameworks/SpeechSynthesis.framework/Versions/A/SpeechSynthesis
0x000000001e29e000 	/System/Library/Frameworks/Accelerate.framework/Versions/A/Frameworks/vImage.framework/Versions/A/vImage
0x000000001e29e000 	/System/Library/Frameworks/Accelerate.framework/Versions/A/Frameworks/vecLib.framework/Versions/A/vecLib
0x000000001e29e000 	/System/Library/Frameworks/Accelerate.framework/Versions/A/Frameworks/vecLib.framework/Versions/A/libvDSP.dylib
0x000000001e29e000 	/System/Library/Frameworks/Accelerate.framework/Versions/A/Frameworks/vecLib.framework/Versions/A/libBNNS.dylib
0x000000001e29e000 	/System/Library/Frameworks/Accelerate.framework/Versions/A/Frameworks/vecLib.framework/Versions/A/libQuadrature.dylib
0x000000001e29e000 	/System/Library/Frameworks/Accelerate.framework/Versions/A/Frameworks/vecLib.framework/Versions/A/libvMisc.dylib
0x000000001e29e000 	/System/Library/Frameworks/Accelerate.framework/Versions/A/Frameworks/vecLib.framework/Versions/A/libLAPACK.dylib
0x000000001e29e000 	/System/Library/Frameworks/Accelerate.framework/Versions/A/Frameworks/vecLib.framework/Versions/A/libBLAS.dylib
0x000000001e29e000 	/System/Library/Frameworks/Accelerate.framework/Versions/A/Frameworks/vecLib.framework/Versions/A/libLinearAlgebra.dylib
0x000000001e29e000 	/System/Library/Frameworks/Accelerate.framework/Versions/A/Frameworks/vecLib.framework/Versions/A/libSparseBLAS.dylib
0x000000001e29e000 	/System/Library/Frameworks/ApplicationServices.framework/Versions/A/Frameworks/ATS.framework/Versions/A/Resources/libFontParser.dylib
0x000000001e29e000 	/System/Library/Frameworks/ApplicationServices.framework/Versions/A/Frameworks/ATS.framework/Versions/A/Resources/libFontRegistry.dylib
0x000000001e29e000 	/System/Library/Frameworks/ImageIO.framework/Versions/A/Resources/libJPEG.dylib
0x000000001e29e000 	/System/Library/Frameworks/ImageIO.framework/Versions/A/Resources/libTIFF.dylib
0x000000001e29e000 	/System/Library/Frameworks/ImageIO.framework/Versions/A/Resources/libPng.dylib
0x000000001e29e000 	/System/Library/Frameworks/ImageIO.framework/Versions/A/Resources/libGIF.dylib
0x000000001e29e000 	/System/Library/Frameworks/ImageIO.framework/Versions/A/Resources/libJP2.dylib
0x000000001e29e000 	/System/Library/Frameworks/ImageIO.framework/Versions/A/Resources/libRadiance.dylib
0x000000001e29e000 	/usr/lib/libcompression.dylib
0x000000001e29e000 	/System/Library/PrivateFrameworks/AppleJPEG.framework/Versions/A/AppleJPEG
0x000000001e29e000 	/usr/lib/libcups.2.dylib
0x000000001e29e000 	/System/Library/Frameworks/Kerberos.framework/Versions/A/Kerberos
0x000000001e29e000 	/System/Library/Frameworks/GSS.framework/Versions/A/GSS
0x000000001e29e000 	/usr/lib/libresolv.9.dylib
0x000000001e29e000 	/usr/lib/libiconv.2.dylib
0x000000001e29e000 	/System/Library/PrivateFrameworks/Heimdal.framework/Versions/A/Heimdal
0x000000001e29e000 	/usr/lib/libheimdal-asn1.dylib
0x000000001e29e000 	/System/Library/Frameworks/OpenDirectory.framework/Versions/A/OpenDirectory
0x000000001e29e000 	/System/Library/PrivateFrameworks/CommonAuth.framework/Versions/A/CommonAuth
0x000000001e29e000 	/System/Library/Frameworks/OpenDirectory.framework/Versions/A/Frameworks/CFOpenDirectory.framework/Versions/A/CFOpenDirectory
0x000000001e29e000 	/System/Library/Frameworks/SecurityFoundation.framework/Versions/A/SecurityFoundation
0x000000001e29e000 	/System/Library/PrivateFrameworks/LanguageModeling.framework/Versions/A/LanguageModeling
0x000000001e29e000 	/usr/lib/libmarisa.dylib
0x000000001e29e000 	/usr/lib/libChineseTokenizer.dylib
0x000000001e29e000 	/usr/lib/libcmph.dylib
0x000000001e29e000 	/System/Library/PrivateFrameworks/CoreEmoji.framework/Versions/A/CoreEmoji
0x000000001e29e000 	/System/Library/Frameworks/ServiceManagement.framework/Versions/A/ServiceManagement
0x000000001e29e000 	/usr/lib/libxslt.1.dylib
0x000000001e29e000 	/System/Library/Frameworks/Carbon.framework/Versions/A/Frameworks/Ink.framework/Versions/A/Ink
0x000000001e29e000 	/System/Library/PrivateFrameworks/TextureIO.framework/Versions/A/TextureIO
0x000000001e29e000 	/System/Library/Frameworks/Metal.framework/Versions/A/Metal
0x000000001e29e000 	/usr/lib/libate.dylib
0x000000001e29e000 	/System/Library/PrivateFrameworks/GPUCompiler.framework/libmetal_timestamp.dylib
0x000000001e29e000 	/System/Library/Frameworks/OpenGL.framework/Versions/A/Libraries/libCoreFSCache.dylib
0x000000001e29e000 	/System/Library/PrivateFrameworks/IOAccelerator.framework/Versions/A/IOAccelerator
0x000000001e29e000 	/System/Library/Frameworks/CoreVideo.framework/Versions/A/CoreVideo
0x000000001e29e000 	/usr/lib/libFosl_dynamic.dylib
0x000000001e29e000 	/System/Library/PrivateFrameworks/MetalPerformanceShaders.framework/Versions/A/MetalPerformanceShaders
0x000000001e29e000 	/System/Library/PrivateFrameworks/FaceCore.framework/Versions/A/FaceCore
0x000000001e29e000 	/System/Library/Frameworks/OpenCL.framework/Versions/A/OpenCL
0x000000001e29e000 	/System/Library/Frameworks/OpenGL.framework/Versions/A/Libraries/libGLU.dylib
0x000000001e29e000 	/System/Library/Frameworks/OpenGL.framework/Versions/A/Libraries/libGFXShared.dylib
0x000000001e29e000 	/System/Library/Frameworks/OpenGL.framework/Versions/A/Libraries/libGL.dylib
0x000000001e29e000 	/System/Library/Frameworks/OpenGL.framework/Versions/A/Libraries/libGLImage.dylib
0x000000001e29e000 	/System/Library/Frameworks/OpenGL.framework/Versions/A/Libraries/libCVMSPluginSupport.dylib
0x000000001e29e000 	/System/Library/Frameworks/OpenGL.framework/Versions/A/Libraries/libCoreVMClient.dylib
0x000000001e29e000 	/System/Library/PrivateFrameworks/CrashReporterSupport.framework/Versions/A/CrashReporterSupport
0x000000001e29e000 	/System/Library/PrivateFrameworks/Sharing.framework/Versions/A/Sharing
0x000000001e29e000 	/System/Library/PrivateFrameworks/IconServices.framework/Versions/A/IconServices
0x000000001e29e000 	/System/Library/PrivateFrameworks/ProtocolBuffer.framework/Versions/A/ProtocolBuffer
0x000000001e29e000 	/System/Library/PrivateFrameworks/Apple80211.framework/Versions/A/Apple80211
0x000000001e29e000 	/System/Library/Frameworks/CoreWLAN.framework/Versions/A/CoreWLAN
0x000000001e29e000 	/System/Library/PrivateFrameworks/CoreUtils.framework/Versions/A/CoreUtils
0x000000001e29e000 	/System/Library/Frameworks/IOBluetooth.framework/Versions/A/IOBluetooth
0x000000001e29e000 	/System/Library/PrivateFrameworks/CoreWiFi.framework/Versions/A/CoreWiFi
0x000000001e29e000 	/System/Library/Frameworks/CoreBluetooth.framework/Versions/A/CoreBluetooth
0x000000001e29e000 	/System/Library/Frameworks/CoreDisplay.framework/Versions/A/CoreDisplay
0x000000001e29e000 	/System/Library/PrivateFrameworks/IOPresentment.framework/Versions/A/IOPresentment
0x000000001e29e000 	/System/Library/PrivateFrameworks/DebugSymbols.framework/Versions/A/DebugSymbols
0x000000001e29e000 	/System/Library/PrivateFrameworks/CoreSymbolication.framework/Versions/A/CoreSymbolication
0x000000001e29e000 	/System/Library/PrivateFrameworks/Symbolication.framework/Versions/A/Symbolication
0x000000001e29e000 	/System/Library/PrivateFrameworks/AppleFSCompression.framework/Versions/A/AppleFSCompression
0x000000001e29e000 	/System/Library/PrivateFrameworks/SpeechRecognitionCore.framework/Versions/A/SpeechRecognitionCore
0x000000001e29e000 	/System/Library/PrivateFrameworks/ChunkingLibrary.framework/Versions/A/ChunkingLibrary
0x000000011057d000 	/Library/Java/JavaVirtualMachines/jdk1.8.0_101.jdk/Contents/Home/jre/lib/server/libjvm.dylib
0x000000001e29e000 	/usr/lib/libstdc++.6.dylib
0x000000011151a000 	/Library/Java/JavaVirtualMachines/jdk1.8.0_101.jdk/Contents/Home/jre/lib/libverify.dylib
0x0000000111528000 	/Library/Java/JavaVirtualMachines/jdk1.8.0_101.jdk/Contents/Home/jre/lib/libjava.dylib
0x0000000111565000 	/Library/Java/JavaVirtualMachines/jdk1.8.0_101.jdk/Contents/Home/jre/lib/libzip.dylib
0x00000001186d3000 	/System/Library/Frameworks/JavaVM.framework/Frameworks/JavaRuntimeSupport.framework/JavaRuntimeSupport
0x00000001186ed000 	/System/Library/Frameworks/JavaVM.framework/Versions/A/Frameworks/JavaNativeFoundation.framework/Versions/A/JavaNativeFoundation
0x0000000118702000 	/System/Library/Frameworks/JavaVM.framework/Versions/A/JavaVM
0x000000001e29e000 	/System/Library/Frameworks/Carbon.framework/Versions/A/Carbon
0x000000011870f000 	/System/Library/PrivateFrameworks/JavaLaunching.framework/Versions/A/JavaLaunching
0x000000001e29e000 	/System/Library/Frameworks/Carbon.framework/Versions/A/Frameworks/CommonPanels.framework/Versions/A/CommonPanels
0x000000001e29e000 	/System/Library/Frameworks/Carbon.framework/Versions/A/Frameworks/Help.framework/Versions/A/Help
0x000000001e29e000 	/System/Library/Frameworks/Carbon.framework/Versions/A/Frameworks/ImageCapture.framework/Versions/A/ImageCapture
0x000000001e29e000 	/System/Library/Frameworks/Carbon.framework/Versions/A/Frameworks/OpenScripting.framework/Versions/A/OpenScripting
0x000000001e29e000 	/System/Library/Frameworks/Carbon.framework/Versions/A/Frameworks/Print.framework/Versions/A/Print
0x000000001e29e000 	/System/Library/Frameworks/Carbon.framework/Versions/A/Frameworks/SecurityHI.framework/Versions/A/SecurityHI
0x000000011a042000 	/Library/Java/JavaVirtualMachines/jdk1.8.0_101.jdk/Contents/Home/jre/lib/libnet.dylib
0x000000011a0a1000 	/Library/Java/JavaVirtualMachines/jdk1.8.0_101.jdk/Contents/Home/jre/lib/libnio.dylib
0x000000011a4df000 	/Users/elchroy/.gradle/native/19/osx-amd64/libnative-platform.dylib
0x000000011a4e4000 	/Users/elchroy/.gradle/native/19/osx-amd64/libnative-platform-curses.dylib
0x000000001e29e000 	/usr/lib/libncurses.5.4.dylib
0x000000011a4e8000 	/private/var/folders/3j/p0_wzk9d1ns47ybk3ng5x3w80000gn/T/jna5316308359314992616.tmp
0x000000011a4fd000 	/Library/Java/JavaVirtualMachines/jdk1.8.0_101.jdk/Contents/Home/jre/lib/libmanagement.dylib

VM Arguments:
jvm_args: -Dorg.gradle.appname=gradlew 
java_command: org.gradle.wrapper.GradleWrapperMain installDebug
java_class_path (initial): /Users/elchroy/Roy/Code/rubyment/roymobile/android/gradle/wrapper/gradle-wrapper.jar
Launcher Type: SUN_STANDARD

Environment Variables:
PATH=/usr/local/opt/nvm/versions/node/v6.3.0/lib/node_modules/npm/bin/node-gyp-bin:/Users/elchroy/Roy/Code/rubyment/roymobile/node_modules/.bin:/usr/local/opt/nvm/versions/node/v6.3.0/bin:/Users/elchroy/.rvm/gems/ruby-2.3.0/bin:/Users/elchroy/.rvm/gems/ruby-2.3.0@global/bin:/Users/elchroy/.rvm/rubies/ruby-2.3.0/bin:/usr/local/opt/nvm/versions/node/v6.3.0/bin:/usr/local/mysql/bin:/usr/local/share/python:/usr/local/bin:/usr/bin:/bin:/usr/sbin:/sbin:/Users/elchroy/golang/src/github.com/andela/bin:/usr/local/opt/go/libexec/bin:/Users/elchroy/.rvm/bin:/Users/elchroy/Library/Android/sdk/tools:/Users/elchroy/Library/Android/sdk/platform-tools
SHELL=/bin/zsh

Signal Handlers:
SIGSEGV: [libjvm.dylib+0x5af145], sa_mask[0]=11111111011111110111111111111111, sa_flags=SA_ONSTACK|SA_RESTART|SA_SIGINFO
SIGBUS: [libjvm.dylib+0x5af145], sa_mask[0]=11111111011111110111111111111111, sa_flags=SA_RESTART|SA_SIGINFO
SIGFPE: [libjvm.dylib+0x48694c], sa_mask[0]=11111111011111110111111111111111, sa_flags=SA_RESTART|SA_SIGINFO
SIGPIPE: [libjvm.dylib+0x48694c], sa_mask[0]=11111111011111110111111111111111, sa_flags=SA_RESTART|SA_SIGINFO
SIGXFSZ: [libjvm.dylib+0x48694c], sa_mask[0]=11111111011111110111111111111111, sa_flags=SA_RESTART|SA_SIGINFO
SIGILL: [libjvm.dylib+0x48694c], sa_mask[0]=11111111011111110111111111111111, sa_flags=SA_RESTART|SA_SIGINFO
SIGUSR1: SIG_DFL, sa_mask[0]=11111111011111110111111111111111, sa_flags=none
SIGUSR2: [libjvm.dylib+0x48646a], sa_mask[0]=00000000000000000000000000000000, sa_flags=SA_RESTART|SA_SIGINFO
SIGHUP: [libjvm.dylib+0x484a41], sa_mask[0]=11111111011111110111111111111111, sa_flags=SA_RESTART|SA_SIGINFO
SIGINT: [libjvm.dylib+0x484a41], sa_mask[0]=11111111011111110111111111111111, sa_flags=SA_RESTART|SA_SIGINFO
SIGTERM: [libjvm.dylib+0x484a41], sa_mask[0]=11111111011111110111111111111111, sa_flags=SA_RESTART|SA_SIGINFO
SIGQUIT: [libjvm.dylib+0x484a41], sa_mask[0]=11111111011111110111111111111111, sa_flags=SA_RESTART|SA_SIGINFO


---------------  S Y S T E M  ---------------

OS:Bsduname:Darwin 16.4.0 Darwin Kernel Version 16.4.0: Thu Dec 22 22:53:21 PST 2016; root:xnu-3789.41.3~3/RELEASE_X86_64 x86_64
rlimit: STACK 8192k, CORE 0k, NPROC 709, NOFILE 10240, AS infinity
load average:12.05 9.06 6.72

CPU:total 4 (2 cores per cpu, 2 threads per core) family 6 model 61 stepping 4, cmov, cx8, fxsr, mmx, sse, sse2, sse3, ssse3, sse4.1, sse4.2, popcnt, avx, avx2, aes, clmul, erms, 3dnowpref, lzcnt, ht, tsc, tscinvbit, bmi1, bmi2, adx

Memory: 4k page, physical 8388608k(147392k free)

/proc/meminfo:


vm_info: Java HotSpot(TM) 64-Bit Server VM (25.101-b13) for bsd-amd64 JRE (1.8.0_101-b13), built on Jun 22 2016 02:42:15 by "java_re" with gcc 4.2.1 (Based on Apple Inc. build 5658) (LLVM build 2336.11.00)

time: Thu Feb  9 12:21:30 2017
elapsed time: 16 seconds (0d 0h 0m 16s)

