#
# A fatal error has been detected by the Java Runtime Environment:
#
#  SIGSEGV (0xb) at pc=0x0000000110086498, pid=54052, tid=0x0000000000000307
#
# JRE version: Java(TM) SE Runtime Environment (8.0_101-b13) (build 1.8.0_101-b13)
# Java VM: Java HotSpot(TM) 64-Bit Server VM (25.101-b13 mixed mode bsd-amd64 compressed oops)
# Problematic frame:
# V  [libjvm.dylib+0x486498]
#
# Failed to write core dump. Core dumps have been disabled. To enable core dumping, try "ulimit -c unlimited" before starting Java again
#
# If you would like to submit a bug report, please visit:
#   http://bugreport.java.com/bugreport/crash.jsp
#

---------------  T H R E A D  ---------------

Current thread is native thread

siginfo: si_signo: 11 (SIGSEGV), si_code: 1 (SEGV_MAPERR), si_addr: 0x0000000000000128

Registers:
RAX=0x0000000000000000, RBX=0x00007fff512fc840, RCX=0x00007fffa9547408, RDX=0x00007fff512fc840
RSP=0x00007fff512fc370, RBP=0x00007fff512fc3a0, RSI=0x00007fff512fc7d8, RDI=0x0000000000000103
R8 =0x00007fff512fc840, R9 =0x00000000ffffffff, R10=0x0000000000000c00, R11=0x0000000000000206
R12=0x0000000000000c00, R13=0x0000000000000000, R14=0x00007fff512fc7d8, R15=0x0000000000000002
RIP=0x0000000110086498, EFLAGS=0x0000000000010202, ERR=0x0000000000000004
  TRAPNO=0x000000000000000e

Top of Stack: (sp=0x00007fff512fc370)
0x00007fff512fc370:   0000000000000000 00007fff512fc840
0x00007fff512fc380:   0000000000000c00 0000000000000000
0x00007fff512fc390:   00007fff512fca70 0000000000000d03
0x00007fff512fc3a0:   00007fff512fc3b0 00007fffa0907bba
0x00007fff512fc3b0:   00007fff512fc940 0000000000015c00
0x00007fff512fc3c0:   00015d00a5f9b958 00007fffa93dd2d0
0x00007fff512fc3d0:   0100001f00000085 00007fff8b1a3680
0x00007fff512fc3e0:   0000000010004005 00000000ffffffff
0x00007fff512fc3f0:   00007fff512fc8f8 0000000000000000
0x00007fff512fc400:   00007fff512fca70 0000000007000806
0x00007fff512fc410:   00007fff512fc940 00007fff512fc8f8
0x00007fff512fc420:   0000000000000d03 00000000ffffffff
0x00007fff512fc430:   0000000000000c00 0000000000000206
0x00007fff512fc440:   0000000000000c00 0000000000000000
0x00007fff512fc450:   00007fff512fca70 0000000000000d03
0x00007fff512fc460:   000000010f13e38a 0000000000000206
0x00007fff512fc470:   0000000000000007 0000000000000000
0x00007fff512fc480:   0000000000000000 0000000000000000
0x00007fff512fc490:   000000000000037f 0000000000000000
0x00007fff512fc4a0:   0000000000000000 0000ffff00001fa0
0x00007fff512fc4b0:   0000000000000000 000000000000ffff
0x00007fff512fc4c0:   0000000000000100 000000000000ffff
0x00007fff512fc4d0:   0000000000000000 0000000000000000
0x00007fff512fc4e0:   0000000000000000 0000000000000000
0x00007fff512fc4f0:   87bc000000000000 000000000000c00b
0x00007fff512fc500:   0000000000000000 0000000000000000
0x00007fff512fc510:   8000000000000000 0000000000004007
0x00007fff512fc520:   c060000000000000 000000000000400a
0x00007fff512fc530:   41be4899c3409a78 0000000000000000
0x00007fff512fc540:   3fd0269df97aaac1 0000000000000000
0x00007fff512fc550:   c3de3f7cd6ba058c 439c0832945fa740
0x00007fff512fc560:   0000000000000000 0000000000000000 

Instructions: (pc=0x0000000110086498)
0x0000000110086478:   83 ec 08 48 89 d3 49 89 f6 e8 00 26 14 00 44 8b
0x0000000110086488:   38 48 8d 05 20 cd 3a 00 48 63 38 e8 ca 28 14 00
0x0000000110086498:   4c 8b a0 28 01 00 00 41 83 7c 24 34 01 0f 85 e2
0x00000001100864a8:   00 00 00 49 89 5c 24 40 4d 89 74 24 38 49 8d 5c 

Register to memory mapping:

RAX=0x0000000000000000 is an unknown value
RBX=0x00007fff512fc840 is an unknown value
RCX=0x00007fffa9547408: _thread+0x48 in /usr/lib/system/libsystem_pthread.dylib at 0x00007fffa090e000
RDX=0x00007fff512fc840 is an unknown value
RSP=0x00007fff512fc370 is an unknown value
RBP=0x00007fff512fc3a0 is an unknown value
RSI=0x00007fff512fc7d8 is an unknown value
RDI=0x0000000000000103 is an unknown value
R8 =0x00007fff512fc840 is an unknown value
R9 =0x00000000ffffffff is an unknown value
R10=0x0000000000000c00 is an unknown value
R11=0x0000000000000206 is an unknown value
R12=0x0000000000000c00 is an unknown value
R13=0x0000000000000000 is an unknown value
R14=0x00007fff512fc7d8 is an unknown value
R15=0x0000000000000002 is an unknown value


Stack: [0x00007fff50b01000,0x00007fff51301000],  sp=0x00007fff512fc370,  free space=8172k
Native frames: (J=compiled Java code, j=interpreted, Vv=VM code, C=native code)
V  [libjvm.dylib+0x486498]
C  [libsystem_platform.dylib+0x2bba]  _sigtramp+0x1a
C  0x0000000000015c00
C  [CoreFoundation+0x88c94]  __CFRunLoopServiceMachPort+0xd4
C  [CoreFoundation+0x88121]  __CFRunLoopRun+0x551
C  [CoreFoundation+0x87974]  CFRunLoopRunSpecific+0x1a4
C  [java+0x6465]  CreateExecutionEnvironment+0x367
C  [java+0x218c]  JLI_Launch+0x7a0
C  [java+0x84c2]  main+0x65
C  [java+0x19e4]  start+0x34


---------------  P R O C E S S  ---------------

VM state:not at safepoint (normal execution)

VM Mutex/Monitor currently owned by a thread: None

Heap:
 PSYoungGen      total 166912K, used 118019K [0x0000000795580000, 0x00000007a3a80000, 0x00000007c0000000)
  eden space 152576K, 77% used [0x0000000795580000,0x000000079c8c0dc0,0x000000079ea80000)
  from space 14336K, 0% used [0x000000079fa80000,0x000000079fa80000,0x00000007a0880000)
  to   space 16384K, 0% used [0x000000079ea80000,0x000000079ea80000,0x000000079fa80000)
 ParOldGen       total 105984K, used 24544K [0x0000000740000000, 0x0000000746780000, 0x0000000795580000)
  object space 105984K, 23% used [0x0000000740000000,0x00000007417f8138,0x0000000746780000)
 Metaspace       used 36409K, capacity 37416K, committed 37464K, reserved 1081344K
  class space    used 5074K, capacity 5465K, committed 5504K, reserved 1048576K

Card table byte_map: [0x0000000110f5d000,0x000000011135e000] byte_map_base: 0x000000010d55d000

Marking Bits: (ParMarkBitMap*) 0x00000001104edd20
 Begin Bits: [0x0000000111609000, 0x0000000113609000)
 End Bits:   [0x0000000113609000, 0x0000000115609000)

Polling page: 0x000000010e927000

CodeCache: size=245760Kb used=11882Kb max_used=11882Kb free=233877Kb
 bounds [0x000000011c8ed000, 0x000000011d49d000, 0x000000012b8ed000]
 total_blobs=4121 nmethods=3471 adapters=563
 compilation: enabled

Compilation events (10 events):
Event: 9.105 Thread 0x00007fa795020000 3529       2       java.lang.ProcessEnvironment$StringEntrySet$1::next (20 bytes)
Event: 9.106 Thread 0x00007fa795020000 nmethod 3529 0x000000011d48c610 code [0x000000011d48c780, 0x000000011d48c9c8]
Event: 9.106 Thread 0x00007fa795020000 3530       2       java.lang.ProcessEnvironment$StringEntry::<init> (10 bytes)
Event: 9.106 Thread 0x00007fa795020000 nmethod 3530 0x000000011d48ca90 code [0x000000011d48cbe0, 0x000000011d48cd50]
Event: 9.174 Thread 0x00007fa795020000 3535       2       org.gradle.api.internal.project.taskfactory.AnnotationProcessingTaskFactory$Validator::attachActions (219 bytes)
Event: 9.176 Thread 0x00007fa795020000 nmethod 3535 0x000000011d48cdd0 code [0x000000011d48d040, 0x000000011d48d868]
Event: 9.222 Thread 0x00007fa795020000 3536       2       org.gradle.api.internal.project.taskfactory.AnnotationProcessingTaskFactory$Validator$1::<init> (20 bytes)
Event: 9.222 Thread 0x00007fa795020000 nmethod 3536 0x000000011d48e250 code [0x000000011d48e3a0, 0x000000011d48e530]
Event: 9.294 Thread 0x00007fa795020000 3537       2       org.codehaus.groovy.util.LazyReference::get (44 bytes)
Event: 9.294 Thread 0x00007fa795020000 nmethod 3537 0x000000011d48e5d0 code [0x000000011d48e760, 0x000000011d48e988]

GC Heap History (10 events):
Event: 2.961 GC heap before
{Heap before GC invocations=6 (full 1):
 PSYoungGen      total 71680K, used 5104K [0x0000000795580000, 0x000000079ea80000, 0x00000007c0000000)
  eden space 66560K, 0% used [0x0000000795580000,0x0000000795580000,0x0000000799680000)
  from space 5120K, 99% used [0x0000000799680000,0x0000000799b7c050,0x0000000799b80000)
  to   space 9728K, 0% used [0x000000079e100000,0x000000079e100000,0x000000079ea80000)
 ParOldGen       total 87552K, used 9413K [0x0000000740000000, 0x0000000745580000, 0x0000000795580000)
  object space 87552K, 10% used [0x0000000740000000,0x00000007409317b0,0x0000000745580000)
 Metaspace       used 20779K, capacity 21118K, committed 21248K, reserved 1067008K
  class space    used 2828K, capacity 2978K, committed 3072K, reserved 1048576K
Event: 3.016 GC heap after
Heap after GC invocations=6 (full 1):
 PSYoungGen      total 71680K, used 0K [0x0000000795580000, 0x000000079ea80000, 0x00000007c0000000)
  eden space 66560K, 0% used [0x0000000795580000,0x0000000795580000,0x0000000799680000)
  from space 5120K, 0% used [0x0000000799680000,0x0000000799680000,0x0000000799b80000)
  to   space 9728K, 0% used [0x000000079e100000,0x000000079e100000,0x000000079ea80000)
 ParOldGen       total 60416K, used 8896K [0x0000000740000000, 0x0000000743b00000, 0x0000000795580000)
  object space 60416K, 14% used [0x0000000740000000,0x00000007408b00a0,0x0000000743b00000)
 Metaspace       used 20779K, capacity 21118K, committed 21248K, reserved 1067008K
  class space    used 2828K, capacity 2978K, committed 3072K, reserved 1048576K
}
Event: 4.541 GC heap before
{Heap before GC invocations=7 (full 1):
 PSYoungGen      total 71680K, used 66560K [0x0000000795580000, 0x000000079ea80000, 0x00000007c0000000)
  eden space 66560K, 100% used [0x0000000795580000,0x0000000799680000,0x0000000799680000)
  from space 5120K, 0% used [0x0000000799680000,0x0000000799680000,0x0000000799b80000)
  to   space 9728K, 0% used [0x000000079e100000,0x000000079e100000,0x000000079ea80000)
 ParOldGen       total 60416K, used 8896K [0x0000000740000000, 0x0000000743b00000, 0x0000000795580000)
  object space 60416K, 14% used [0x0000000740000000,0x00000007408b00a0,0x0000000743b00000)
 Metaspace       used 25356K, capacity 26048K, committed 26240K, reserved 1071104K
  class space    used 3435K, capacity 3673K, committed 3712K, reserved 1048576K
Event: 4.550 GC heap after
Heap after GC invocations=7 (full 1):
 PSYoungGen      total 108544K, used 6015K [0x0000000795580000, 0x000000079e700000, 0x00000007c0000000)
  eden space 102400K, 0% used [0x0000000795580000,0x0000000795580000,0x000000079b980000)
  from space 6144K, 97% used [0x000000079e100000,0x000000079e6dfed8,0x000000079e700000)
  to   space 9728K, 0% used [0x000000079d400000,0x000000079d400000,0x000000079dd80000)
 ParOldGen       total 60416K, used 8968K [0x0000000740000000, 0x0000000743b00000, 0x0000000795580000)
  object space 60416K, 14% used [0x0000000740000000,0x00000007408c20b0,0x0000000743b00000)
 Metaspace       used 25356K, capacity 26048K, committed 26240K, reserved 1071104K
  class space    used 3435K, capacity 3673K, committed 3712K, reserved 1048576K
}
Event: 6.306 GC heap before
{Heap before GC invocations=8 (full 1):
 PSYoungGen      total 108544K, used 108415K [0x0000000795580000, 0x000000079e700000, 0x00000007c0000000)
  eden space 102400K, 100% used [0x0000000795580000,0x000000079b980000,0x000000079b980000)
  from space 6144K, 97% used [0x000000079e100000,0x000000079e6dfed8,0x000000079e700000)
  to   space 9728K, 0% used [0x000000079d400000,0x000000079d400000,0x000000079dd80000)
 ParOldGen       total 60416K, used 8968K [0x0000000740000000, 0x0000000743b00000, 0x0000000795580000)
  object space 60416K, 14% used [0x0000000740000000,0x00000007408c20b0,0x0000000743b00000)
 Metaspace       used 32198K, capacity 33126K, committed 33408K, reserved 1077248K
  class space    used 4482K, capacity 4874K, committed 4992K, reserved 1048576K
Event: 6.329 GC heap after
Heap after GC invocations=8 (full 1):
 PSYoungGen      total 139264K, used 9700K [0x0000000795580000, 0x00000007a0880000, 0x00000007c0000000)
  eden space 129536K, 0% used [0x0000000795580000,0x0000000795580000,0x000000079d400000)
  from space 9728K, 99% used [0x000000079d400000,0x000000079dd79020,0x000000079dd80000)
  to   space 14336K, 0% used [0x000000079fa80000,0x000000079fa80000,0x00000007a0880000)
 ParOldGen       total 60416K, used 16412K [0x0000000740000000, 0x0000000743b00000, 0x0000000795580000)
  object space 60416K, 27% used [0x0000000740000000,0x0000000741007388,0x0000000743b00000)
 Metaspace       used 32198K, capacity 33126K, committed 33408K, reserved 1077248K
  class space    used 4482K, capacity 4874K, committed 4992K, reserved 1048576K
}
Event: 7.094 GC heap before
{Heap before GC invocations=9 (full 1):
 PSYoungGen      total 139264K, used 53454K [0x0000000795580000, 0x00000007a0880000, 0x00000007c0000000)
  eden space 129536K, 33% used [0x0000000795580000,0x000000079803aad0,0x000000079d400000)
  from space 9728K, 99% used [0x000000079d400000,0x000000079dd79020,0x000000079dd80000)
  to   space 14336K, 0% used [0x000000079fa80000,0x000000079fa80000,0x00000007a0880000)
 ParOldGen       total 60416K, used 16412K [0x0000000740000000, 0x0000000743b00000, 0x0000000795580000)
  object space 60416K, 27% used [0x0000000740000000,0x0000000741007388,0x0000000743b00000)
 Metaspace       used 34365K, capacity 35304K, committed 35416K, reserved 1079296K
  class space    used 4789K, capacity 5198K, committed 5248K, reserved 1048576K
Event: 7.121 GC heap after
Heap after GC invocations=9 (full 1):
 PSYoungGen      total 166912K, used 14307K [0x0000000795580000, 0x00000007a3a80000, 0x00000007c0000000)
  eden space 152576K, 0% used [0x0000000795580000,0x0000000795580000,0x000000079ea80000)
  from space 14336K, 99% used [0x000000079fa80000,0x00000007a0878e70,0x00000007a0880000)
  to   space 16384K, 0% used [0x000000079ea80000,0x000000079ea80000,0x000000079fa80000)
 ParOldGen       total 60416K, used 16557K [0x0000000740000000, 0x0000000743b00000, 0x0000000795580000)
  object space 60416K, 27% used [0x0000000740000000,0x000000074102b660,0x0000000743b00000)
 Metaspace       used 34365K, capacity 35304K, committed 35416K, reserved 1079296K
  class space    used 4789K, capacity 5198K, committed 5248K, reserved 1048576K
}
Event: 7.121 GC heap before
{Heap before GC invocations=10 (full 2):
 PSYoungGen      total 166912K, used 14307K [0x0000000795580000, 0x00000007a3a80000, 0x00000007c0000000)
  eden space 152576K, 0% used [0x0000000795580000,0x0000000795580000,0x000000079ea80000)
  from space 14336K, 99% used [0x000000079fa80000,0x00000007a0878e70,0x00000007a0880000)
  to   space 16384K, 0% used [0x000000079ea80000,0x000000079ea80000,0x000000079fa80000)
 ParOldGen       total 60416K, used 16557K [0x0000000740000000, 0x0000000743b00000, 0x0000000795580000)
  object space 60416K, 27% used [0x0000000740000000,0x000000074102b660,0x0000000743b00000)
 Metaspace       used 34365K, capacity 35304K, committed 35416K, reserved 1079296K
  class space    used 4789K, capacity 5198K, committed 5248K, reserved 1048576K
Event: 7.304 GC heap after
Heap after GC invocations=10 (full 2):
 PSYoungGen      total 166912K, used 0K [0x0000000795580000, 0x00000007a3a80000, 0x00000007c0000000)
  eden space 152576K, 0% used [0x0000000795580000,0x0000000795580000,0x000000079ea80000)
  from space 14336K, 0% used [0x000000079fa80000,0x000000079fa80000,0x00000007a0880000)
  to   space 16384K, 0% used [0x000000079ea80000,0x000000079ea80000,0x000000079fa80000)
 ParOldGen       total 105984K, used 24544K [0x0000000740000000, 0x0000000746780000, 0x0000000795580000)
  object space 105984K, 23% used [0x0000000740000000,0x00000007417f8138,0x0000000746780000)
 Metaspace       used 34365K, capacity 35304K, committed 35416K, reserved 1079296K
  class space    used 4789K, capacity 5198K, committed 5248K, reserved 1048576K
}

Deoptimization events (10 events):
Event: 6.253 Thread 0x00007fa796801800 Uncommon trap: reason=unstable_if action=reinterpret pc=0x000000011d163090 method=org.codehaus.groovy.reflection.CachedMethod.compareToMethod(Ljava/lang/reflect/Method;)I @ 111
Event: 6.875 Thread 0x00007fa796801800 Uncommon trap: reason=unstable_if action=reinterpret pc=0x000000011cc0e718 method=java.util.HashMap.hash(Ljava/lang/Object;)I @ 1
Event: 6.976 Thread 0x00007fa796801800 Uncommon trap: reason=unstable_if action=reinterpret pc=0x000000011cc429b4 method=java.lang.AbstractStringBuilder.append(Ljava/lang/String;)Ljava/lang/AbstractStringBuilder; @ 1
Event: 7.843 Thread 0x00007fa796801800 Uncommon trap: reason=predicate action=maybe_recompile pc=0x000000011d329f54 method=java.util.AbstractCollection.toArray([Ljava/lang/Object;)[Ljava/lang/Object; @ 49
Event: 7.897 Thread 0x00007fa796801800 Uncommon trap: reason=array_check action=maybe_recompile pc=0x000000011d34d3c8 method=java.util.AbstractCollection.toArray([Ljava/lang/Object;)[Ljava/lang/Object; @ 119
Event: 7.919 Thread 0x00007fa796801800 Uncommon trap: reason=array_check action=maybe_recompile pc=0x000000011d34d3c8 method=java.util.AbstractCollection.toArray([Ljava/lang/Object;)[Ljava/lang/Object; @ 119
Event: 7.919 Thread 0x00007fa796801800 Uncommon trap: reason=array_check action=maybe_recompile pc=0x000000011d34d3c8 method=java.util.AbstractCollection.toArray([Ljava/lang/Object;)[Ljava/lang/Object; @ 119
Event: 7.921 Thread 0x00007fa796801800 Uncommon trap: reason=array_check action=maybe_recompile pc=0x000000011d34d3c8 method=java.util.AbstractCollection.toArray([Ljava/lang/Object;)[Ljava/lang/Object; @ 119
Event: 9.087 Thread 0x00007fa796801800 Uncommon trap: reason=unstable_if action=reinterpret pc=0x000000011d4099a4 method=org.objectweb.asm.Type.getArgumentsAndReturnSizes(Ljava/lang/String;)I @ 47
Event: 9.274 Thread 0x00007fa796801800 Uncommon trap: reason=unstable_if action=reinterpret pc=0x000000011d3f303c method=org.codehaus.groovy.util.ReferenceManager$2.afterReferenceCreation(Lorg/codehaus/groovy/util/Reference;)V @ 33

Internal exceptions (10 events):
Event: 9.293 Thread 0x00007fa796801800 Exception <a 'java/lang/ClassNotFoundException': org/gradle/internal/service/scopes/ProjectScopeServicesBeanInfo> (0x000000079c700da0) thrown at [/HUDSON3/workspace/8-2-build-macosx-x86_64/jdk8u101/7261/hotspot/src/share/vm/classfile/systemDictionary.cpp,
Event: 9.294 Thread 0x00007fa796801800 Exception <a 'java/lang/ClassNotFoundException': org/gradle/internal/service/DefaultServiceRegistryBeanInfo> (0x000000079c713a40) thrown at [/HUDSON3/workspace/8-2-build-macosx-x86_64/jdk8u101/7261/hotspot/src/share/vm/classfile/systemDictionary.cpp, line
Event: 9.301 Thread 0x00007fa796801800 Exception <a 'java/lang/ClassNotFoundException': org/gradle/internal/service/DefaultServiceRegistryCustomizer> (0x000000079c727208) thrown at [/HUDSON3/workspace/8-2-build-macosx-x86_64/jdk8u101/7261/hotspot/src/share/vm/classfile/systemDictionary.cpp, li
Event: 9.302 Thread 0x00007fa796801800 Exception <a 'java/lang/ClassNotFoundException': org/gradle/internal/service/scopes/ProjectScopeServicesCustomizer> (0x000000079c74af30) thrown at [/HUDSON3/workspace/8-2-build-macosx-x86_64/jdk8u101/7261/hotspot/src/share/vm/classfile/systemDictionary.cp
Event: 9.307 Thread 0x00007fa796801800 Exception <a 'java/lang/ClassNotFoundException': org/gradle/api/internal/file/DefaultFileLookupBeanInfo> (0x000000079c77a998) thrown at [/HUDSON3/workspace/8-2-build-macosx-x86_64/jdk8u101/7261/hotspot/src/share/vm/classfile/systemDictionary.cpp, line 210
Event: 9.307 Thread 0x00007fa796801800 Exception <a 'java/lang/ClassNotFoundException': org/gradle/api/internal/file/DefaultFileLookupCustomizer> (0x000000079c78d540) thrown at [/HUDSON3/workspace/8-2-build-macosx-x86_64/jdk8u101/7261/hotspot/src/share/vm/classfile/systemDictionary.cpp, line 2
Event: 9.312 Thread 0x00007fa796801800 Exception <a 'java/lang/ClassNotFoundException': org/gradle/api/internal/file/BaseDirFileResolverBeanInfo> (0x000000079c7c13e0) thrown at [/HUDSON3/workspace/8-2-build-macosx-x86_64/jdk8u101/7261/hotspot/src/share/vm/classfile/systemDictionary.cpp, line 2
Event: 9.313 Thread 0x00007fa796801800 Exception <a 'java/lang/ClassNotFoundException': org/gradle/api/internal/file/AbstractFileResolverBeanInfo> (0x000000079c7d4078) thrown at [/HUDSON3/workspace/8-2-build-macosx-x86_64/jdk8u101/7261/hotspot/src/share/vm/classfile/systemDictionary.cpp, line 
Event: 9.313 Thread 0x00007fa796801800 Exception <a 'java/lang/ClassNotFoundException': org/gradle/api/internal/file/AbstractFileResolverCustomizer> (0x000000079c7e7830) thrown at [/HUDSON3/workspace/8-2-build-macosx-x86_64/jdk8u101/7261/hotspot/src/share/vm/classfile/systemDictionary.cpp, lin
Event: 9.314 Thread 0x00007fa796801800 Exception <a 'java/lang/ClassNotFoundException': org/gradle/api/internal/file/BaseDirFileResolverCustomizer> (0x000000079c8053b8) thrown at [/HUDSON3/workspace/8-2-build-macosx-x86_64/jdk8u101/7261/hotspot/src/share/vm/classfile/systemDictionary.cpp, line

Events (10 events):
Event: 9.313 loading class org/gradle/api/internal/file/BaseDirFileResolverCustomizer
Event: 9.313 loading class org/gradle/api/internal/file/BaseDirFileResolverCustomizer done
Event: 9.314 loading class org/gradle/api/internal/file/BaseDirFileResolverCustomizer
Event: 9.314 loading class org/gradle/api/internal/file/BaseDirFileResolverCustomizer done
Event: 9.314 loading class org/gradle/api/internal/file/BaseDirFileResolverCustomizer
Event: 9.314 loading class org/gradle/api/internal/file/BaseDirFileResolverCustomizer done
Event: 9.315 loading class groovy/runtime/metaclass/org/gradle/api/internal/plugins/DefaultConventionMetaClass
Event: 9.316 loading class groovy/runtime/metaclass/org/gradle/api/internal/plugins/DefaultConventionMetaClass done
Event: 9.317 loading class org/gradle/api/internal/plugins/DefaultConventionBeanInfo
Event: 9.317 loading class org/gradle/api/internal/plugins/DefaultConventionBeanInfo done


Dynamic libraries:
0x0000000015df1000 	/System/Library/Frameworks/Cocoa.framework/Versions/A/Cocoa
0x0000000015df1000 	/System/Library/Frameworks/Security.framework/Versions/A/Security
0x0000000015df1000 	/System/Library/Frameworks/ApplicationServices.framework/Versions/A/ApplicationServices
0x0000000015df1000 	/usr/lib/libz.1.dylib
0x000000010e91e000 	/usr/lib/libSystem.B.dylib
0x0000000015df1000 	/usr/lib/libobjc.A.dylib
0x0000000015df1000 	/System/Library/Frameworks/CoreFoundation.framework/Versions/A/CoreFoundation
0x0000000015df1000 	/System/Library/Frameworks/Foundation.framework/Versions/C/Foundation
0x0000000015df1000 	/System/Library/Frameworks/AppKit.framework/Versions/C/AppKit
0x0000000015df1000 	/System/Library/Frameworks/CoreData.framework/Versions/A/CoreData
0x0000000015df1000 	/System/Library/PrivateFrameworks/RemoteViewServices.framework/Versions/A/RemoteViewServices
0x0000000015df1000 	/System/Library/PrivateFrameworks/UIFoundation.framework/Versions/A/UIFoundation
0x0000000015df1000 	/System/Library/PrivateFrameworks/DFRFoundation.framework/Versions/A/DFRFoundation
0x0000000015df1000 	/usr/lib/libenergytrace.dylib
0x0000000015df1000 	/System/Library/PrivateFrameworks/SkyLight.framework/Versions/A/SkyLight
0x0000000015df1000 	/System/Library/Frameworks/CoreGraphics.framework/Versions/A/CoreGraphics
0x0000000015df1000 	/usr/lib/libScreenReader.dylib
0x0000000015df1000 	/System/Library/Frameworks/Accelerate.framework/Versions/A/Accelerate
0x0000000015df1000 	/System/Library/Frameworks/IOSurface.framework/Versions/A/IOSurface
0x0000000015df1000 	/System/Library/Frameworks/AudioToolbox.framework/Versions/A/AudioToolbox
0x0000000015df1000 	/System/Library/Frameworks/AudioUnit.framework/Versions/A/AudioUnit
0x0000000015df1000 	/System/Library/PrivateFrameworks/DataDetectorsCore.framework/Versions/A/DataDetectorsCore
0x0000000015df1000 	/System/Library/PrivateFrameworks/DesktopServicesPriv.framework/Versions/A/DesktopServicesPriv
0x0000000015df1000 	/System/Library/Frameworks/Carbon.framework/Versions/A/Frameworks/HIToolbox.framework/Versions/A/HIToolbox
0x0000000015df1000 	/usr/lib/libicucore.A.dylib
0x0000000015df1000 	/System/Library/Frameworks/QuartzCore.framework/Versions/A/QuartzCore
0x0000000015df1000 	/System/Library/Frameworks/Carbon.framework/Versions/A/Frameworks/SpeechRecognition.framework/Versions/A/SpeechRecognition
0x0000000015df1000 	/usr/lib/libauto.dylib
0x0000000015df1000 	/usr/lib/libxml2.2.dylib
0x0000000015df1000 	/System/Library/PrivateFrameworks/CoreUI.framework/Versions/A/CoreUI
0x0000000015df1000 	/System/Library/Frameworks/CoreAudio.framework/Versions/A/CoreAudio
0x0000000015df1000 	/System/Library/Frameworks/DiskArbitration.framework/Versions/A/DiskArbitration
0x0000000015df1000 	/usr/lib/liblangid.dylib
0x0000000015df1000 	/System/Library/PrivateFrameworks/MultitouchSupport.framework/Versions/A/MultitouchSupport
0x000000010e92b000 	/System/Library/Frameworks/IOKit.framework/Versions/A/IOKit
0x0000000015df1000 	/usr/lib/libDiagnosticMessagesClient.dylib
0x0000000015df1000 	/System/Library/Frameworks/CoreServices.framework/Versions/A/CoreServices
0x0000000015df1000 	/System/Library/PrivateFrameworks/PerformanceAnalysis.framework/Versions/A/PerformanceAnalysis
0x0000000015df1000 	/System/Library/PrivateFrameworks/GenerationalStorage.framework/Versions/A/GenerationalStorage
0x0000000015df1000 	/System/Library/Frameworks/OpenGL.framework/Versions/A/OpenGL
0x0000000015df1000 	/System/Library/Frameworks/CoreImage.framework/Versions/A/CoreImage
0x0000000015df1000 	/System/Library/Frameworks/CoreText.framework/Versions/A/CoreText
0x0000000015df1000 	/System/Library/Frameworks/ImageIO.framework/Versions/A/ImageIO
0x0000000015df1000 	/System/Library/PrivateFrameworks/Backup.framework/Versions/A/Backup
0x0000000015df1000 	/usr/lib/libarchive.2.dylib
0x000000010ea07000 	/System/Library/Frameworks/CFNetwork.framework/Versions/A/CFNetwork
0x0000000015df1000 	/System/Library/Frameworks/SystemConfiguration.framework/Versions/A/SystemConfiguration
0x0000000015df1000 	/usr/lib/libCRFSuite.dylib
0x0000000015df1000 	/usr/lib/libc++.1.dylib
0x0000000015df1000 	/usr/lib/libc++abi.dylib
0x0000000015df1000 	/usr/lib/system/libcache.dylib
0x0000000015df1000 	/usr/lib/system/libcommonCrypto.dylib
0x0000000015df1000 	/usr/lib/system/libcompiler_rt.dylib
0x0000000015df1000 	/usr/lib/system/libcopyfile.dylib
0x0000000015df1000 	/usr/lib/system/libcorecrypto.dylib
0x0000000015df1000 	/usr/lib/system/libdispatch.dylib
0x000000010f0f1000 	/usr/lib/system/libdyld.dylib
0x0000000015df1000 	/usr/lib/system/libkeymgr.dylib
0x0000000015df1000 	/usr/lib/system/liblaunch.dylib
0x0000000015df1000 	/usr/lib/system/libmacho.dylib
0x0000000015df1000 	/usr/lib/system/libquarantine.dylib
0x0000000015df1000 	/usr/lib/system/libremovefile.dylib
0x0000000015df1000 	/usr/lib/system/libsystem_asl.dylib
0x0000000015df1000 	/usr/lib/system/libsystem_blocks.dylib
0x0000000015df1000 	/usr/lib/system/libsystem_c.dylib
0x0000000015df1000 	/usr/lib/system/libsystem_configuration.dylib
0x0000000015df1000 	/usr/lib/system/libsystem_coreservices.dylib
0x000000010f102000 	/usr/lib/system/libsystem_coretls.dylib
0x0000000015df1000 	/usr/lib/system/libsystem_dnssd.dylib
0x0000000015df1000 	/usr/lib/system/libsystem_info.dylib
0x000000010f12c000 	/usr/lib/system/libsystem_kernel.dylib
0x0000000015df1000 	/usr/lib/system/libsystem_m.dylib
0x0000000015df1000 	/usr/lib/system/libsystem_malloc.dylib
0x0000000015df1000 	/usr/lib/system/libsystem_network.dylib
0x000000010f169000 	/usr/lib/system/libsystem_networkextension.dylib
0x0000000015df1000 	/usr/lib/system/libsystem_notify.dylib
0x0000000015df1000 	/usr/lib/system/libsystem_platform.dylib
0x0000000015df1000 	/usr/lib/system/libsystem_pthread.dylib
0x000000010f17e000 	/usr/lib/system/libsystem_sandbox.dylib
0x0000000015df1000 	/usr/lib/system/libsystem_secinit.dylib
0x000000010f18e000 	/usr/lib/system/libsystem_symptoms.dylib
0x000000010f19f000 	/usr/lib/system/libsystem_trace.dylib
0x0000000015df1000 	/usr/lib/system/libunwind.dylib
0x0000000015df1000 	/usr/lib/system/libxpc.dylib
0x0000000015df1000 	/usr/lib/libbsm.0.dylib
0x000000010f1d4000 	/usr/lib/system/libkxld.dylib
0x0000000015df1000 	/usr/lib/libcoretls.dylib
0x0000000015df1000 	/usr/lib/libcoretls_cfhelpers.dylib
0x0000000015df1000 	/usr/lib/libxar.1.dylib
0x0000000015df1000 	/usr/lib/libsqlite3.dylib
0x0000000015df1000 	/usr/lib/libpam.2.dylib
0x0000000015df1000 	/usr/lib/libOpenScriptingUtil.dylib
0x0000000015df1000 	/usr/lib/libbz2.1.0.dylib
0x0000000015df1000 	/usr/lib/liblzma.5.dylib
0x0000000015df1000 	/usr/lib/libnetwork.dylib
0x0000000015df1000 	/usr/lib/libpcap.A.dylib
0x0000000015df1000 	/System/Library/Frameworks/CoreServices.framework/Versions/A/Frameworks/FSEvents.framework/Versions/A/FSEvents
0x0000000015df1000 	/System/Library/Frameworks/CoreServices.framework/Versions/A/Frameworks/CarbonCore.framework/Versions/A/CarbonCore
0x0000000015df1000 	/System/Library/Frameworks/CoreServices.framework/Versions/A/Frameworks/Metadata.framework/Versions/A/Metadata
0x0000000015df1000 	/System/Library/Frameworks/CoreServices.framework/Versions/A/Frameworks/OSServices.framework/Versions/A/OSServices
0x0000000015df1000 	/System/Library/Frameworks/CoreServices.framework/Versions/A/Frameworks/SearchKit.framework/Versions/A/SearchKit
0x0000000015df1000 	/System/Library/Frameworks/CoreServices.framework/Versions/A/Frameworks/AE.framework/Versions/A/AE
0x0000000015df1000 	/System/Library/Frameworks/CoreServices.framework/Versions/A/Frameworks/LaunchServices.framework/Versions/A/LaunchServices
0x0000000015df1000 	/System/Library/Frameworks/CoreServices.framework/Versions/A/Frameworks/DictionaryServices.framework/Versions/A/DictionaryServices
0x0000000015df1000 	/System/Library/Frameworks/CoreServices.framework/Versions/A/Frameworks/SharedFileList.framework/Versions/A/SharedFileList
0x0000000015df1000 	/System/Library/Frameworks/NetFS.framework/Versions/A/NetFS
0x0000000015df1000 	/System/Library/PrivateFrameworks/NetAuth.framework/Versions/A/NetAuth
0x0000000015df1000 	/System/Library/PrivateFrameworks/login.framework/Versions/A/Frameworks/loginsupport.framework/Versions/A/loginsupport
0x0000000015df1000 	/System/Library/PrivateFrameworks/TCC.framework/Versions/A/TCC
0x0000000015df1000 	/usr/lib/libmecabra.dylib
0x0000000015df1000 	/System/Library/Frameworks/ApplicationServices.framework/Versions/A/Frameworks/ATS.framework/Versions/A/ATS
0x0000000015df1000 	/System/Library/Frameworks/ApplicationServices.framework/Versions/A/Frameworks/ColorSync.framework/Versions/A/ColorSync
0x0000000015df1000 	/System/Library/Frameworks/ApplicationServices.framework/Versions/A/Frameworks/HIServices.framework/Versions/A/HIServices
0x0000000015df1000 	/System/Library/Frameworks/ApplicationServices.framework/Versions/A/Frameworks/LangAnalysis.framework/Versions/A/LangAnalysis
0x0000000015df1000 	/System/Library/Frameworks/ApplicationServices.framework/Versions/A/Frameworks/PrintCore.framework/Versions/A/PrintCore
0x0000000015df1000 	/System/Library/Frameworks/ApplicationServices.framework/Versions/A/Frameworks/QD.framework/Versions/A/QD
0x0000000015df1000 	/System/Library/Frameworks/ApplicationServices.framework/Versions/A/Frameworks/SpeechSynthesis.framework/Versions/A/SpeechSynthesis
0x0000000015df1000 	/System/Library/Frameworks/Accelerate.framework/Versions/A/Frameworks/vImage.framework/Versions/A/vImage
0x0000000015df1000 	/System/Library/Frameworks/Accelerate.framework/Versions/A/Frameworks/vecLib.framework/Versions/A/vecLib
0x0000000015df1000 	/System/Library/Frameworks/Accelerate.framework/Versions/A/Frameworks/vecLib.framework/Versions/A/libvDSP.dylib
0x0000000015df1000 	/System/Library/Frameworks/Accelerate.framework/Versions/A/Frameworks/vecLib.framework/Versions/A/libBNNS.dylib
0x0000000015df1000 	/System/Library/Frameworks/Accelerate.framework/Versions/A/Frameworks/vecLib.framework/Versions/A/libQuadrature.dylib
0x0000000015df1000 	/System/Library/Frameworks/Accelerate.framework/Versions/A/Frameworks/vecLib.framework/Versions/A/libvMisc.dylib
0x0000000015df1000 	/System/Library/Frameworks/Accelerate.framework/Versions/A/Frameworks/vecLib.framework/Versions/A/libLAPACK.dylib
0x0000000015df1000 	/System/Library/Frameworks/Accelerate.framework/Versions/A/Frameworks/vecLib.framework/Versions/A/libBLAS.dylib
0x0000000015df1000 	/System/Library/Frameworks/Accelerate.framework/Versions/A/Frameworks/vecLib.framework/Versions/A/libLinearAlgebra.dylib
0x0000000015df1000 	/System/Library/Frameworks/Accelerate.framework/Versions/A/Frameworks/vecLib.framework/Versions/A/libSparseBLAS.dylib
0x0000000015df1000 	/System/Library/Frameworks/ApplicationServices.framework/Versions/A/Frameworks/ATS.framework/Versions/A/Resources/libFontParser.dylib
0x0000000015df1000 	/System/Library/Frameworks/ApplicationServices.framework/Versions/A/Frameworks/ATS.framework/Versions/A/Resources/libFontRegistry.dylib
0x0000000015df1000 	/System/Library/Frameworks/ImageIO.framework/Versions/A/Resources/libJPEG.dylib
0x0000000015df1000 	/System/Library/Frameworks/ImageIO.framework/Versions/A/Resources/libTIFF.dylib
0x0000000015df1000 	/System/Library/Frameworks/ImageIO.framework/Versions/A/Resources/libPng.dylib
0x0000000015df1000 	/System/Library/Frameworks/ImageIO.framework/Versions/A/Resources/libGIF.dylib
0x0000000015df1000 	/System/Library/Frameworks/ImageIO.framework/Versions/A/Resources/libJP2.dylib
0x0000000015df1000 	/System/Library/Frameworks/ImageIO.framework/Versions/A/Resources/libRadiance.dylib
0x0000000015df1000 	/usr/lib/libcompression.dylib
0x0000000015df1000 	/System/Library/PrivateFrameworks/AppleJPEG.framework/Versions/A/AppleJPEG
0x0000000015df1000 	/usr/lib/libcups.2.dylib
0x0000000015df1000 	/System/Library/Frameworks/Kerberos.framework/Versions/A/Kerberos
0x0000000015df1000 	/System/Library/Frameworks/GSS.framework/Versions/A/GSS
0x0000000015df1000 	/usr/lib/libresolv.9.dylib
0x0000000015df1000 	/usr/lib/libiconv.2.dylib
0x0000000015df1000 	/System/Library/PrivateFrameworks/Heimdal.framework/Versions/A/Heimdal
0x0000000015df1000 	/usr/lib/libheimdal-asn1.dylib
0x0000000015df1000 	/System/Library/Frameworks/OpenDirectory.framework/Versions/A/OpenDirectory
0x0000000015df1000 	/System/Library/PrivateFrameworks/CommonAuth.framework/Versions/A/CommonAuth
0x0000000015df1000 	/System/Library/Frameworks/OpenDirectory.framework/Versions/A/Frameworks/CFOpenDirectory.framework/Versions/A/CFOpenDirectory
0x0000000015df1000 	/System/Library/Frameworks/SecurityFoundation.framework/Versions/A/SecurityFoundation
0x0000000015df1000 	/System/Library/PrivateFrameworks/LanguageModeling.framework/Versions/A/LanguageModeling
0x0000000015df1000 	/usr/lib/libmarisa.dylib
0x0000000015df1000 	/usr/lib/libChineseTokenizer.dylib
0x0000000015df1000 	/usr/lib/libcmph.dylib
0x0000000015df1000 	/System/Library/PrivateFrameworks/CoreEmoji.framework/Versions/A/CoreEmoji
0x0000000015df1000 	/System/Library/Frameworks/ServiceManagement.framework/Versions/A/ServiceManagement
0x0000000015df1000 	/usr/lib/libxslt.1.dylib
0x0000000015df1000 	/System/Library/Frameworks/Carbon.framework/Versions/A/Frameworks/Ink.framework/Versions/A/Ink
0x0000000015df1000 	/System/Library/PrivateFrameworks/TextureIO.framework/Versions/A/TextureIO
0x0000000015df1000 	/System/Library/Frameworks/Metal.framework/Versions/A/Metal
0x0000000015df1000 	/usr/lib/libate.dylib
0x0000000015df1000 	/System/Library/PrivateFrameworks/GPUCompiler.framework/libmetal_timestamp.dylib
0x0000000015df1000 	/System/Library/Frameworks/OpenGL.framework/Versions/A/Libraries/libCoreFSCache.dylib
0x0000000015df1000 	/System/Library/PrivateFrameworks/IOAccelerator.framework/Versions/A/IOAccelerator
0x0000000015df1000 	/System/Library/Frameworks/CoreVideo.framework/Versions/A/CoreVideo
0x0000000015df1000 	/usr/lib/libFosl_dynamic.dylib
0x0000000015df1000 	/System/Library/PrivateFrameworks/MetalPerformanceShaders.framework/Versions/A/MetalPerformanceShaders
0x0000000015df1000 	/System/Library/PrivateFrameworks/FaceCore.framework/Versions/A/FaceCore
0x0000000015df1000 	/System/Library/Frameworks/OpenCL.framework/Versions/A/OpenCL
0x0000000015df1000 	/System/Library/Frameworks/OpenGL.framework/Versions/A/Libraries/libGLU.dylib
0x0000000015df1000 	/System/Library/Frameworks/OpenGL.framework/Versions/A/Libraries/libGFXShared.dylib
0x0000000015df1000 	/System/Library/Frameworks/OpenGL.framework/Versions/A/Libraries/libGL.dylib
0x0000000015df1000 	/System/Library/Frameworks/OpenGL.framework/Versions/A/Libraries/libGLImage.dylib
0x0000000015df1000 	/System/Library/Frameworks/OpenGL.framework/Versions/A/Libraries/libCVMSPluginSupport.dylib
0x0000000015df1000 	/System/Library/Frameworks/OpenGL.framework/Versions/A/Libraries/libCoreVMClient.dylib
0x0000000015df1000 	/System/Library/PrivateFrameworks/CrashReporterSupport.framework/Versions/A/CrashReporterSupport
0x0000000015df1000 	/System/Library/PrivateFrameworks/Sharing.framework/Versions/A/Sharing
0x0000000015df1000 	/System/Library/PrivateFrameworks/IconServices.framework/Versions/A/IconServices
0x0000000015df1000 	/System/Library/PrivateFrameworks/ProtocolBuffer.framework/Versions/A/ProtocolBuffer
0x0000000015df1000 	/System/Library/PrivateFrameworks/Apple80211.framework/Versions/A/Apple80211
0x0000000015df1000 	/System/Library/Frameworks/CoreWLAN.framework/Versions/A/CoreWLAN
0x0000000015df1000 	/System/Library/PrivateFrameworks/CoreUtils.framework/Versions/A/CoreUtils
0x0000000015df1000 	/System/Library/Frameworks/IOBluetooth.framework/Versions/A/IOBluetooth
0x0000000015df1000 	/System/Library/PrivateFrameworks/CoreWiFi.framework/Versions/A/CoreWiFi
0x0000000015df1000 	/System/Library/Frameworks/CoreBluetooth.framework/Versions/A/CoreBluetooth
0x0000000015df1000 	/System/Library/Frameworks/CoreDisplay.framework/Versions/A/CoreDisplay
0x0000000015df1000 	/System/Library/PrivateFrameworks/IOPresentment.framework/Versions/A/IOPresentment
0x0000000015df1000 	/System/Library/PrivateFrameworks/DebugSymbols.framework/Versions/A/DebugSymbols
0x0000000015df1000 	/System/Library/PrivateFrameworks/CoreSymbolication.framework/Versions/A/CoreSymbolication
0x0000000015df1000 	/System/Library/PrivateFrameworks/Symbolication.framework/Versions/A/Symbolication
0x0000000015df1000 	/System/Library/PrivateFrameworks/AppleFSCompression.framework/Versions/A/AppleFSCompression
0x0000000015df1000 	/System/Library/PrivateFrameworks/SpeechRecognitionCore.framework/Versions/A/SpeechRecognitionCore
0x0000000015df1000 	/System/Library/PrivateFrameworks/ChunkingLibrary.framework/Versions/A/ChunkingLibrary
0x000000010fc00000 	/Library/Java/JavaVirtualMachines/jdk1.8.0_101.jdk/Contents/Home/jre/lib/server/libjvm.dylib
0x0000000015df1000 	/usr/lib/libstdc++.6.dylib
0x000000010f242000 	/Library/Java/JavaVirtualMachines/jdk1.8.0_101.jdk/Contents/Home/jre/lib/libverify.dylib
0x000000010f250000 	/Library/Java/JavaVirtualMachines/jdk1.8.0_101.jdk/Contents/Home/jre/lib/libjava.dylib
0x000000010f28d000 	/Library/Java/JavaVirtualMachines/jdk1.8.0_101.jdk/Contents/Home/jre/lib/libzip.dylib
0x000000011739f000 	/System/Library/Frameworks/JavaVM.framework/Frameworks/JavaRuntimeSupport.framework/JavaRuntimeSupport
0x00000001173b9000 	/System/Library/Frameworks/JavaVM.framework/Versions/A/Frameworks/JavaNativeFoundation.framework/Versions/A/JavaNativeFoundation
0x00000001173ce000 	/System/Library/Frameworks/JavaVM.framework/Versions/A/JavaVM
0x0000000015df1000 	/System/Library/Frameworks/Carbon.framework/Versions/A/Carbon
0x00000001173db000 	/System/Library/PrivateFrameworks/JavaLaunching.framework/Versions/A/JavaLaunching
0x0000000015df1000 	/System/Library/Frameworks/Carbon.framework/Versions/A/Frameworks/CommonPanels.framework/Versions/A/CommonPanels
0x0000000015df1000 	/System/Library/Frameworks/Carbon.framework/Versions/A/Frameworks/Help.framework/Versions/A/Help
0x0000000015df1000 	/System/Library/Frameworks/Carbon.framework/Versions/A/Frameworks/ImageCapture.framework/Versions/A/ImageCapture
0x0000000015df1000 	/System/Library/Frameworks/Carbon.framework/Versions/A/Frameworks/OpenScripting.framework/Versions/A/OpenScripting
0x0000000015df1000 	/System/Library/Frameworks/Carbon.framework/Versions/A/Frameworks/Print.framework/Versions/A/Print
0x0000000015df1000 	/System/Library/Frameworks/Carbon.framework/Versions/A/Frameworks/SecurityHI.framework/Versions/A/SecurityHI
0x0000000118d0a000 	/Library/Java/JavaVirtualMachines/jdk1.8.0_101.jdk/Contents/Home/jre/lib/libnet.dylib
0x0000000118d69000 	/Library/Java/JavaVirtualMachines/jdk1.8.0_101.jdk/Contents/Home/jre/lib/libnio.dylib
0x00000001191aa000 	/Users/elchroy/.gradle/native/19/osx-amd64/libnative-platform.dylib
0x00000001191af000 	/Users/elchroy/.gradle/native/19/osx-amd64/libnative-platform-curses.dylib
0x0000000015df1000 	/usr/lib/libncurses.5.4.dylib
0x00000001191b3000 	/private/var/folders/3j/p0_wzk9d1ns47ybk3ng5x3w80000gn/T/jna2854232350599976564.tmp
0x00000001191c8000 	/Library/Java/JavaVirtualMachines/jdk1.8.0_101.jdk/Contents/Home/jre/lib/libmanagement.dylib

VM Arguments:
jvm_args: -Dorg.gradle.appname=gradlew 
java_command: org.gradle.wrapper.GradleWrapperMain installDebug
java_class_path (initial): /Users/elchroy/Roy/Code/rubyment/roymobile/android/gradle/wrapper/gradle-wrapper.jar
Launcher Type: SUN_STANDARD

Environment Variables:
PATH=/usr/local/opt/nvm/versions/node/v6.3.0/lib/node_modules/npm/bin/node-gyp-bin:/Users/elchroy/Roy/Code/rubyment/roymobile/node_modules/.bin:/usr/local/opt/nvm/versions/node/v6.3.0/bin:/Users/elchroy/.rvm/gems/ruby-2.3.0/bin:/Users/elchroy/.rvm/gems/ruby-2.3.0@global/bin:/Users/elchroy/.rvm/rubies/ruby-2.3.0/bin:/usr/local/opt/nvm/versions/node/v6.3.0/bin:/usr/local/mysql/bin:/usr/local/share/python:/usr/local/bin:/usr/bin:/bin:/usr/sbin:/sbin:/Users/elchroy/golang/src/github.com/andela/bin:/usr/local/opt/go/libexec/bin:/Users/elchroy/.rvm/bin:/Users/elchroy/Library/Android/sdk/tools:/Users/elchroy/Library/Android/sdk/platform-tools
SHELL=/bin/zsh

Signal Handlers:
SIGSEGV: [libjvm.dylib+0x5af145], sa_mask[0]=11111111011111110111111111111111, sa_flags=SA_ONSTACK|SA_RESTART|SA_SIGINFO
SIGBUS: [libjvm.dylib+0x5af145], sa_mask[0]=11111111011111110111111111111111, sa_flags=SA_RESTART|SA_SIGINFO
SIGFPE: [libjvm.dylib+0x48694c], sa_mask[0]=11111111011111110111111111111111, sa_flags=SA_RESTART|SA_SIGINFO
SIGPIPE: [libjvm.dylib+0x48694c], sa_mask[0]=11111111011111110111111111111111, sa_flags=SA_RESTART|SA_SIGINFO
SIGXFSZ: [libjvm.dylib+0x48694c], sa_mask[0]=11111111011111110111111111111111, sa_flags=SA_RESTART|SA_SIGINFO
SIGILL: [libjvm.dylib+0x48694c], sa_mask[0]=11111111011111110111111111111111, sa_flags=SA_RESTART|SA_SIGINFO
SIGUSR1: SIG_DFL, sa_mask[0]=11111111011111110111111111111111, sa_flags=none
SIGUSR2: [libjvm.dylib+0x48646a], sa_mask[0]=00000000000000000000000000000000, sa_flags=SA_RESTART|SA_SIGINFO
SIGHUP: [libjvm.dylib+0x484a41], sa_mask[0]=11111111011111110111111111111111, sa_flags=SA_RESTART|SA_SIGINFO
SIGINT: [libjvm.dylib+0x484a41], sa_mask[0]=11111111011111110111111111111111, sa_flags=SA_RESTART|SA_SIGINFO
SIGTERM: [libjvm.dylib+0x484a41], sa_mask[0]=11111111011111110111111111111111, sa_flags=SA_RESTART|SA_SIGINFO
SIGQUIT: [libjvm.dylib+0x484a41], sa_mask[0]=11111111011111110111111111111111, sa_flags=SA_RESTART|SA_SIGINFO


---------------  S Y S T E M  ---------------

OS:Bsduname:Darwin 16.4.0 Darwin Kernel Version 16.4.0: Thu Dec 22 22:53:21 PST 2016; root:xnu-3789.41.3~3/RELEASE_X86_64 x86_64
rlimit: STACK 8192k, CORE 0k, NPROC 709, NOFILE 10240, AS infinity
load average:6.79 4.69 4.24

CPU:total 4 (2 cores per cpu, 2 threads per core) family 6 model 61 stepping 4, cmov, cx8, fxsr, mmx, sse, sse2, sse3, ssse3, sse4.1, sse4.2, popcnt, avx, avx2, aes, clmul, erms, 3dnowpref, lzcnt, ht, tsc, tscinvbit, bmi1, bmi2, adx

Memory: 4k page, physical 8388608k(263292k free)

/proc/meminfo:


vm_info: Java HotSpot(TM) 64-Bit Server VM (25.101-b13) for bsd-amd64 JRE (1.8.0_101-b13), built on Jun 22 2016 02:42:15 by "java_re" with gcc 4.2.1 (Based on Apple Inc. build 5658) (LLVM build 2336.11.00)

time: Mon Feb  6 12:47:24 2017
elapsed time: 9 seconds (0d 0h 0m 9s)

