#
# A fatal error has been detected by the Java Runtime Environment:
#
#  SIGSEGV (0xb) at pc=0x0000000101886498, pid=36505, tid=0x0000000000000307
#
# JRE version: Java(TM) SE Runtime Environment (8.0_101-b13) (build 1.8.0_101-b13)
# Java VM: Java HotSpot(TM) 64-Bit Server VM (25.101-b13 mixed mode bsd-amd64 compressed oops)
# Problematic frame:
# V  [libjvm.dylib+0x486498]  SR_handler(int, __siginfo*, __darwin_ucontext*)+0x2e
#
# Failed to write core dump. Core dumps have been disabled. To enable core dumping, try "ulimit -c unlimited" before starting Java again
#
# If you would like to submit a bug report, please visit:
#   http://bugreport.java.com/bugreport/crash.jsp
#

---------------  T H R E A D  ---------------

Current thread is native thread

siginfo: si_signo: 11 (SIGSEGV), si_code: 1 (SEGV_MAPERR), si_addr: 0x0000000000000128

Registers:
RAX=0x0000000000000000, RBX=0x00007fff5fa107a0, RCX=0x00007fffa9547408, RDX=0x00007fff5fa107a0
RSP=0x00007fff5fa102d0, RBP=0x00007fff5fa10300, RSI=0x00007fff5fa10738, RDI=0x0000000000000103
R8 =0x00007fff5fa107a0, R9 =0x00000000ffffffff, R10=0x0000000000000c00, R11=0x0000000000000206
R12=0x0000000000000c00, R13=0x0000000000000000, R14=0x00007fff5fa10738, R15=0x0000000000000002
RIP=0x0000000101886498, EFLAGS=0x0000000000010202, ERR=0x0000000000000004
  TRAPNO=0x000000000000000e

Top of Stack: (sp=0x00007fff5fa102d0)
0x00007fff5fa102d0:   0000000000000000 00007fff5fa107a0
0x00007fff5fa102e0:   0000000000000c00 0000000000000000
0x00007fff5fa102f0:   00007fff5fa109d0 0000000000000d03
0x00007fff5fa10300:   00007fff5fa10310 00007fffa0907bba
0x00007fff5fa10310:   00007fff5fa108a0 0000000000015c00
0x00007fff5fa10320:   00015d00a5f9b958 00007fffa93dd2d0
0x00007fff5fa10330:   0100001f00000085 00007fff8b1a3680
0x00007fff5fa10340:   0000000010004005 00000000ffffffff
0x00007fff5fa10350:   00007fff5fa10858 0000000000000000
0x00007fff5fa10360:   00007fff5fa109d0 0000000007000806
0x00007fff5fa10370:   00007fff5fa108a0 00007fff5fa10858
0x00007fff5fa10380:   0000000000000d03 00000000ffffffff
0x00007fff5fa10390:   0000000000000c00 0000000000000206
0x00007fff5fa103a0:   0000000000000c00 0000000000000000
0x00007fff5fa103b0:   00007fff5fa109d0 0000000000000d03
0x00007fff5fa103c0:   0000000100a2d38a 0000000000000206
0x00007fff5fa103d0:   0000000000000007 0000000000000000
0x00007fff5fa103e0:   0000000000000000 0000000000000000
0x00007fff5fa103f0:   000000000000037f 0000000000000000
0x00007fff5fa10400:   0000000000000000 0000ffff00001fa0
0x00007fff5fa10410:   0000000000000000 000000000000ffff
0x00007fff5fa10420:   0000000000000100 000000000000ffff
0x00007fff5fa10430:   0000000000000000 0000000000000000
0x00007fff5fa10440:   0000000000000000 0000000000000000
0x00007fff5fa10450:   87bc000000000000 000000000000c00b
0x00007fff5fa10460:   0000000000000000 0000000000000000
0x00007fff5fa10470:   8000000000000000 0000000000004007
0x00007fff5fa10480:   c060000000000000 000000000000400a
0x00007fff5fa10490:   41be4a98009c3676 0000000000000000
0x00007fff5fa104a0:   3fe386cebbba55d2 0000000000000000
0x00007fff5fa104b0:   c3de3f695198ea7c 439c096ae671583f
0x00007fff5fa104c0:   0000000000000000 0000000000000000 

Instructions: (pc=0x0000000101886498)
0x0000000101886478:   83 ec 08 48 89 d3 49 89 f6 e8 00 26 14 00 44 8b
0x0000000101886488:   38 48 8d 05 20 cd 3a 00 48 63 38 e8 ca 28 14 00
0x0000000101886498:   4c 8b a0 28 01 00 00 41 83 7c 24 34 01 0f 85 e2
0x00000001018864a8:   00 00 00 49 89 5c 24 40 4d 89 74 24 38 49 8d 5c 

Register to memory mapping:

RAX=0x0000000000000000 is an unknown value
RBX=0x00007fff5fa107a0 is an unknown value
RCX=0x00007fffa9547408: _thread+0x48 in /usr/lib/system/libsystem_pthread.dylib at 0x00007fffa090e000
RDX=0x00007fff5fa107a0 is an unknown value
RSP=0x00007fff5fa102d0 is an unknown value
RBP=0x00007fff5fa10300 is an unknown value
RSI=0x00007fff5fa10738 is an unknown value
RDI=0x0000000000000103 is an unknown value
R8 =0x00007fff5fa107a0 is an unknown value
R9 =0x00000000ffffffff is an unknown value
R10=0x0000000000000c00 is an unknown value
R11=0x0000000000000206 is an unknown value
R12=0x0000000000000c00 is an unknown value
R13=0x0000000000000000 is an unknown value
R14=0x00007fff5fa10738 is an unknown value
R15=0x0000000000000002 is an unknown value


Stack: [0x00007fff5f215000,0x00007fff5fa15000],  sp=0x00007fff5fa102d0,  free space=8172k
Native frames: (J=compiled Java code, j=interpreted, Vv=VM code, C=native code)
V  [libjvm.dylib+0x486498]  SR_handler(int, __siginfo*, __darwin_ucontext*)+0x2e
C  [libsystem_platform.dylib+0x2bba]  _sigtramp+0x1a
C  0x0000000000015c00
C  [CoreFoundation+0x88c94]  __CFRunLoopServiceMachPort+0xd4
C  [CoreFoundation+0x88121]  __CFRunLoopRun+0x551
C  [CoreFoundation+0x87974]  CFRunLoopRunSpecific+0x1a4
C  [java+0x6465]  CreateExecutionEnvironment+0x367
C  [java+0x218c]  JLI_Launch+0x7a0
C  [java+0x84c2]  main+0x65
C  [java+0x19e4]  start+0x34


---------------  P R O C E S S  ---------------

VM state:not at safepoint (normal execution)

VM Mutex/Monitor currently owned by a thread: None

Heap:
 PSYoungGen      total 169472K, used 91400K [0x0000000795580000, 0x00000007a3400000, 0x00000007c0000000)
  eden space 153088K, 49% used [0x0000000795580000,0x0000000799f1acb0,0x000000079eb00000)
  from space 16384K, 97% used [0x000000079eb00000,0x000000079faa7688,0x000000079fb00000)
  to   space 18432K, 0% used [0x00000007a2200000,0x00000007a2200000,0x00000007a3400000)
 ParOldGen       total 106496K, used 24566K [0x0000000740000000, 0x0000000746800000, 0x0000000795580000)
  object space 106496K, 23% used [0x0000000740000000,0x00000007417fdb78,0x0000000746800000)
 Metaspace       used 39488K, capacity 40744K, committed 40920K, reserved 1083392K
  class space    used 5555K, capacity 6077K, committed 6144K, reserved 1048576K

Card table byte_map: [0x000000010275d000,0x0000000102b5e000] byte_map_base: 0x00000000fed5d000

Marking Bits: (ParMarkBitMap*) 0x0000000101cedd20
 Begin Bits: [0x0000000102e09000, 0x0000000104e09000)
 End Bits:   [0x0000000104e09000, 0x0000000106e09000)

Polling page: 0x0000000100213000

CodeCache: size=245760Kb used=12939Kb max_used=13400Kb free=232820Kb
 bounds [0x0000000106f76000, 0x0000000107ca6000, 0x0000000115f76000]
 total_blobs=4591 nmethods=3932 adapters=571
 compilation: enabled

Compilation events (10 events):
Event: 6.838 Thread 0x00007fda4f86a000 nmethod 4180 0x00000001070f8110 code [0x00000001070f8280, 0x00000001070f8588]
Event: 6.838 Thread 0x00007fda4f86a000 4185   !   4       java.util.concurrent.ConcurrentHashMap::putVal (362 bytes)
Event: 6.880 Thread 0x00007fda4f86a000 nmethod 4185 0x00000001073f6010 code [0x00000001073f6200, 0x00000001073f6f90]
Event: 6.880 Thread 0x00007fda4f86a000 4179       4       sun.reflect.misc.ReflectUtil::isNonPublicProxyClass (51 bytes)
Event: 6.896 Thread 0x00007fda4f86a000 nmethod 4179 0x0000000107113b10 code [0x0000000107113ca0, 0x0000000107114248]
Event: 6.896 Thread 0x00007fda4f86a000 4184   !   4       java.util.zip.ZipFile$ZipFileInflaterInputStream::close (67 bytes)
Event: 6.909 Thread 0x00007fda4f869800 nmethod 4153 0x00000001070eb310 code [0x00000001070eb5e0, 0x00000001070ed550]
Event: 6.909 Thread 0x00007fda4f869800 4154       4       java.util.regex.Pattern::append (39 bytes)
Event: 6.911 Thread 0x00007fda4f869800 nmethod 4154 0x00000001073f41d0 code [0x00000001073f4320, 0x00000001073f4578]
Event: 6.917 Thread 0x00007fda4f86a000 nmethod 4184 0x0000000107285910 code [0x0000000107285b20, 0x0000000107286ae0]

GC Heap History (10 events):
Event: 3.070 GC heap before
{Heap before GC invocations=7 (full 1):
 PSYoungGen      total 71680K, used 66560K [0x0000000795580000, 0x000000079ea80000, 0x00000007c0000000)
  eden space 66560K, 100% used [0x0000000795580000,0x0000000799680000,0x0000000799680000)
  from space 5120K, 0% used [0x0000000799680000,0x0000000799680000,0x0000000799b80000)
  to   space 9728K, 0% used [0x000000079e100000,0x000000079e100000,0x000000079ea80000)
 ParOldGen       total 60928K, used 8893K [0x0000000740000000, 0x0000000743b80000, 0x0000000795580000)
  object space 60928K, 14% used [0x0000000740000000,0x00000007408af7b8,0x0000000743b80000)
 Metaspace       used 25320K, capacity 25952K, committed 26240K, reserved 1071104K
  class space    used 3431K, capacity 3641K, committed 3712K, reserved 1048576K
Event: 3.079 GC heap after
Heap after GC invocations=7 (full 1):
 PSYoungGen      total 108544K, used 5986K [0x0000000795580000, 0x000000079e700000, 0x00000007c0000000)
  eden space 102400K, 0% used [0x0000000795580000,0x0000000795580000,0x000000079b980000)
  from space 6144K, 97% used [0x000000079e100000,0x000000079e6d8a08,0x000000079e700000)
  to   space 9728K, 0% used [0x000000079d400000,0x000000079d400000,0x000000079dd80000)
 ParOldGen       total 60928K, used 8965K [0x0000000740000000, 0x0000000743b80000, 0x0000000795580000)
  object space 60928K, 14% used [0x0000000740000000,0x00000007408c17c8,0x0000000743b80000)
 Metaspace       used 25320K, capacity 25952K, committed 26240K, reserved 1071104K
  class space    used 3431K, capacity 3641K, committed 3712K, reserved 1048576K
}
Event: 4.191 GC heap before
{Heap before GC invocations=8 (full 1):
 PSYoungGen      total 108544K, used 108386K [0x0000000795580000, 0x000000079e700000, 0x00000007c0000000)
  eden space 102400K, 100% used [0x0000000795580000,0x000000079b980000,0x000000079b980000)
  from space 6144K, 97% used [0x000000079e100000,0x000000079e6d8a08,0x000000079e700000)
  to   space 9728K, 0% used [0x000000079d400000,0x000000079d400000,0x000000079dd80000)
 ParOldGen       total 60928K, used 8965K [0x0000000740000000, 0x0000000743b80000, 0x0000000795580000)
  object space 60928K, 14% used [0x0000000740000000,0x00000007408c17c8,0x0000000743b80000)
 Metaspace       used 32161K, capacity 33126K, committed 33408K, reserved 1077248K
  class space    used 4480K, capacity 4874K, committed 4992K, reserved 1048576K
Event: 4.210 GC heap after
Heap after GC invocations=8 (full 1):
 PSYoungGen      total 139264K, used 9716K [0x0000000795580000, 0x00000007a0900000, 0x00000007c0000000)
  eden space 129536K, 0% used [0x0000000795580000,0x0000000795580000,0x000000079d400000)
  from space 9728K, 99% used [0x000000079d400000,0x000000079dd7d010,0x000000079dd80000)
  to   space 14336K, 0% used [0x000000079fb00000,0x000000079fb00000,0x00000007a0900000)
 ParOldGen       total 60928K, used 16428K [0x0000000740000000, 0x0000000743b80000, 0x0000000795580000)
  object space 60928K, 26% used [0x0000000740000000,0x000000074100b300,0x0000000743b80000)
 Metaspace       used 32161K, capacity 33126K, committed 33408K, reserved 1077248K
  class space    used 4480K, capacity 4874K, committed 4992K, reserved 1048576K
}
Event: 4.634 GC heap before
{Heap before GC invocations=9 (full 1):
 PSYoungGen      total 139264K, used 53426K [0x0000000795580000, 0x00000007a0900000, 0x00000007c0000000)
  eden space 129536K, 33% used [0x0000000795580000,0x000000079802f858,0x000000079d400000)
  from space 9728K, 99% used [0x000000079d400000,0x000000079dd7d010,0x000000079dd80000)
  to   space 14336K, 0% used [0x000000079fb00000,0x000000079fb00000,0x00000007a0900000)
 ParOldGen       total 60928K, used 16428K [0x0000000740000000, 0x0000000743b80000, 0x0000000795580000)
  object space 60928K, 26% used [0x0000000740000000,0x000000074100b300,0x0000000743b80000)
 Metaspace       used 34351K, capacity 35304K, committed 35416K, reserved 1079296K
  class space    used 4791K, capacity 5198K, committed 5248K, reserved 1048576K
Event: 4.656 GC heap after
Heap after GC invocations=9 (full 1):
 PSYoungGen      total 167424K, used 14315K [0x0000000795580000, 0x00000007a3d00000, 0x00000007c0000000)
  eden space 153088K, 0% used [0x0000000795580000,0x0000000795580000,0x000000079eb00000)
  from space 14336K, 99% used [0x000000079fb00000,0x00000007a08fae18,0x00000007a0900000)
  to   space 16384K, 0% used [0x000000079eb00000,0x000000079eb00000,0x000000079fb00000)
 ParOldGen       total 60928K, used 16581K [0x0000000740000000, 0x0000000743b80000, 0x0000000795580000)
  object space 60928K, 27% used [0x0000000740000000,0x0000000741031658,0x0000000743b80000)
 Metaspace       used 34351K, capacity 35304K, committed 35416K, reserved 1079296K
  class space    used 4791K, capacity 5198K, committed 5248K, reserved 1048576K
}
Event: 4.656 GC heap before
{Heap before GC invocations=10 (full 2):
 PSYoungGen      total 167424K, used 14315K [0x0000000795580000, 0x00000007a3d00000, 0x00000007c0000000)
  eden space 153088K, 0% used [0x0000000795580000,0x0000000795580000,0x000000079eb00000)
  from space 14336K, 99% used [0x000000079fb00000,0x00000007a08fae18,0x00000007a0900000)
  to   space 16384K, 0% used [0x000000079eb00000,0x000000079eb00000,0x000000079fb00000)
 ParOldGen       total 60928K, used 16581K [0x0000000740000000, 0x0000000743b80000, 0x0000000795580000)
  object space 60928K, 27% used [0x0000000740000000,0x0000000741031658,0x0000000743b80000)
 Metaspace       used 34351K, capacity 35304K, committed 35416K, reserved 1079296K
  class space    used 4791K, capacity 5198K, committed 5248K, reserved 1048576K
Event: 4.790 GC heap after
Heap after GC invocations=10 (full 2):
 PSYoungGen      total 167424K, used 0K [0x0000000795580000, 0x00000007a3d00000, 0x00000007c0000000)
  eden space 153088K, 0% used [0x0000000795580000,0x0000000795580000,0x000000079eb00000)
  from space 14336K, 0% used [0x000000079fb00000,0x000000079fb00000,0x00000007a0900000)
  to   space 16384K, 0% used [0x000000079eb00000,0x000000079eb00000,0x000000079fb00000)
 ParOldGen       total 106496K, used 24558K [0x0000000740000000, 0x0000000746800000, 0x0000000795580000)
  object space 106496K, 23% used [0x0000000740000000,0x00000007417fbb78,0x0000000746800000)
 Metaspace       used 34351K, capacity 35304K, committed 35416K, reserved 1079296K
  class space    used 4791K, capacity 5198K, committed 5248K, reserved 1048576K
}
Event: 6.252 GC heap before
{Heap before GC invocations=11 (full 2):
 PSYoungGen      total 167424K, used 153088K [0x0000000795580000, 0x00000007a3d00000, 0x00000007c0000000)
  eden space 153088K, 100% used [0x0000000795580000,0x000000079eb00000,0x000000079eb00000)
  from space 14336K, 0% used [0x000000079fb00000,0x000000079fb00000,0x00000007a0900000)
  to   space 16384K, 0% used [0x000000079eb00000,0x000000079eb00000,0x000000079fb00000)
 ParOldGen       total 106496K, used 24558K [0x0000000740000000, 0x0000000746800000, 0x0000000795580000)
  object space 106496K, 23% used [0x0000000740000000,0x00000007417fbb78,0x0000000746800000)
 Metaspace       used 37469K, capacity 38618K, committed 38744K, reserved 1083392K
  class space    used 5251K, capacity 5702K, committed 5760K, reserved 1048576K
Event: 6.278 GC heap after
Heap after GC invocations=11 (full 2):
 PSYoungGen      total 169472K, used 16029K [0x0000000795580000, 0x00000007a3400000, 0x00000007c0000000)
  eden space 153088K, 0% used [0x0000000795580000,0x0000000795580000,0x000000079eb00000)
  from space 16384K, 97% used [0x000000079eb00000,0x000000079faa7688,0x000000079fb00000)
  to   space 18432K, 0% used [0x00000007a2200000,0x00000007a2200000,0x00000007a3400000)
 ParOldGen       total 106496K, used 24566K [0x0000000740000000, 0x0000000746800000, 0x0000000795580000)
  object space 106496K, 23% used [0x0000000740000000,0x00000007417fdb78,0x0000000746800000)
 Metaspace       used 37469K, capacity 38618K, committed 38744K, reserved 1083392K
  class space    used 5251K, capacity 5702K, committed 5760K, reserved 1048576K
}

Deoptimization events (10 events):
Event: 6.565 Thread 0x00007fda4f807000 Uncommon trap: reason=unstable_if action=reinterpret pc=0x00000001075718c4 method=java.lang.Class.arrayContentsEq([Ljava/lang/Object;[Ljava/lang/Object;)Z @ 1
Event: 6.623 Thread 0x00007fda4f807000 Uncommon trap: reason=array_check action=maybe_recompile pc=0x0000000107c31188 method=java.util.AbstractCollection.toArray([Ljava/lang/Object;)[Ljava/lang/Object; @ 119
Event: 6.623 Thread 0x00007fda4f807000 Uncommon trap: reason=array_check action=maybe_recompile pc=0x0000000107c31188 method=java.util.AbstractCollection.toArray([Ljava/lang/Object;)[Ljava/lang/Object; @ 119
Event: 6.623 Thread 0x00007fda4f807000 Uncommon trap: reason=array_check action=maybe_recompile pc=0x0000000107c31188 method=java.util.AbstractCollection.toArray([Ljava/lang/Object;)[Ljava/lang/Object; @ 119
Event: 6.623 Thread 0x00007fda4f807000 Uncommon trap: reason=array_check action=maybe_recompile pc=0x0000000107c31188 method=java.util.AbstractCollection.toArray([Ljava/lang/Object;)[Ljava/lang/Object; @ 119
Event: 6.627 Thread 0x00007fda4f807000 Uncommon trap: reason=array_check action=maybe_recompile pc=0x0000000107af413c method=java.util.AbstractCollection.toArray([Ljava/lang/Object;)[Ljava/lang/Object; @ 119
Event: 6.742 Thread 0x00007fda4f807000 Uncommon trap: reason=unstable_if action=reinterpret pc=0x0000000107c771dc method=org.gradle.api.internal.file.pattern.PatternMatcherFactory$PathMatcherBackedSpec.isSatisfiedBy(Lorg/gradle/api/file/RelativePath;)Z @ 11
Event: 6.742 Thread 0x00007fda4f807000 Uncommon trap: reason=unstable_if action=reinterpret pc=0x0000000107c7f668 method=org.gradle.api.internal.file.pattern.PatternMatcherFactory$PathMatcherBackedSpec.isSatisfiedBy(Lorg/gradle/api/file/RelativePath;)Z @ 11
Event: 6.743 Thread 0x00007fda4f807000 Uncommon trap: reason=unstable_if action=reinterpret pc=0x0000000107c427e0 method=org.gradle.api.internal.file.pattern.GreedyPathMatcher.matches([Ljava/lang/String;I)Z @ 48
Event: 6.760 Thread 0x00007fda4f807000 Uncommon trap: reason=unstable_if action=reinterpret pc=0x0000000107c7baf4 method=org.gradle.api.internal.file.pattern.PatternMatcherFactory$PathMatcherBackedSpec.isSatisfiedBy(Lorg/gradle/api/file/RelativePath;)Z @ 11

Internal exceptions (10 events):
Event: 6.678 Thread 0x00007fda4f807000 Exception <a 'java/lang/ClassNotFoundException': com/android/build/gradle/tasks/ManifestProcessorTask$1BeanInfo> (0x000000079815f168) thrown at [/HUDSON3/workspace/8-2-build-macosx-x86_64/jdk8u101/7261/hotspot/src/share/vm/classfile/systemDictionary.cpp, 
Event: 6.679 Thread 0x00007fda4f807000 Exception <a 'java/lang/ClassNotFoundException': com/android/build/gradle/tasks/ManifestProcessorTask$1Customizer> (0x00000007981709f0) thrown at [/HUDSON3/workspace/8-2-build-macosx-x86_64/jdk8u101/7261/hotspot/src/share/vm/classfile/systemDictionary.cpp
Event: 6.680 Thread 0x00007fda4f807000 Exception <a 'java/lang/ClassNotFoundException': com/google/common/collect/IterablesBeanInfo> (0x00000007981acda0) thrown at [/HUDSON3/workspace/8-2-build-macosx-x86_64/jdk8u101/7261/hotspot/src/share/vm/classfile/systemDictionary.cpp, line 210]
Event: 6.680 Thread 0x00007fda4f807000 Exception <a 'java/lang/ClassNotFoundException': com/google/common/collect/IterablesCustomizer> (0x00000007981bc088) thrown at [/HUDSON3/workspace/8-2-build-macosx-x86_64/jdk8u101/7261/hotspot/src/share/vm/classfile/systemDictionary.cpp, line 210]
Event: 6.820 Thread 0x00007fda4f807000 Exception <a 'java/lang/ClassNotFoundException': java/lang/BooleanBeanInfo> (0x00000007996fb2d8) thrown at [/HUDSON3/workspace/8-2-build-macosx-x86_64/jdk8u101/7261/hotspot/src/share/vm/classfile/systemDictionary.cpp, line 210]
Event: 6.820 Thread 0x00007fda4f807000 Exception <a 'java/lang/ClassNotFoundException': java/lang/BooleanCustomizer> (0x00000007997013d8) thrown at [/HUDSON3/workspace/8-2-build-macosx-x86_64/jdk8u101/7261/hotspot/src/share/vm/classfile/systemDictionary.cpp, line 210]
Event: 6.823 Thread 0x00007fda4f807000 Exception <a 'java/lang/ClassNotFoundException': com/android/builder/testing/ConnectedDeviceProviderBeanInfo> (0x0000000799738930) thrown at [/HUDSON3/workspace/8-2-build-macosx-x86_64/jdk8u101/7261/hotspot/src/share/vm/classfile/systemDictionary.cpp, lin
Event: 6.823 Thread 0x00007fda4f807000 Exception <a 'java/lang/ClassNotFoundException': com/android/builder/testing/api/DeviceProviderBeanInfo> (0x00000007997454c8) thrown at [/HUDSON3/workspace/8-2-build-macosx-x86_64/jdk8u101/7261/hotspot/src/share/vm/classfile/systemDictionary.cpp, line 210
Event: 6.823 Thread 0x00007fda4f807000 Exception <a 'java/lang/ClassNotFoundException': com/android/builder/testing/api/DeviceProviderCustomizer> (0x0000000799752158) thrown at [/HUDSON3/workspace/8-2-build-macosx-x86_64/jdk8u101/7261/hotspot/src/share/vm/classfile/systemDictionary.cpp, line 2
Event: 6.825 Thread 0x00007fda4f807000 Exception <a 'java/lang/ClassNotFoundException': com/android/builder/testing/ConnectedDeviceProviderCustomizer> (0x0000000799778818) thrown at [/HUDSON3/workspace/8-2-build-macosx-x86_64/jdk8u101/7261/hotspot/src/share/vm/classfile/systemDictionary.cpp, l

Events (10 events):
Event: 6.844 loading class com/android/ddmlib/HandleViewDebug$ViewDumpHandler done
Event: 6.844 loading class com/android/ddmlib/HandleViewDebug$NullChunkHandler
Event: 6.844 loading class com/android/ddmlib/HandleViewDebug$NullChunkHandler done
Event: 6.845 loading class java/util/concurrent/CountDownLatch
Event: 6.845 loading class java/util/concurrent/CountDownLatch done
Event: 6.845 loading class java/util/concurrent/CountDownLatch$Sync
Event: 6.845 loading class java/util/concurrent/CountDownLatch$Sync done
Event: 6.876 Thread 0x00007fda4f997000 Thread added: 0x00007fda4f997000
Event: 6.877 Thread 0x00007fda51e0b800 Thread added: 0x00007fda51e0b800
Event: 6.950 Thread 0x00007fda4f997000 Thread exited: 0x00007fda4f997000


Dynamic libraries:
0x0000000015df1000 	/System/Library/Frameworks/Cocoa.framework/Versions/A/Cocoa
0x0000000015df1000 	/System/Library/Frameworks/Security.framework/Versions/A/Security
0x0000000015df1000 	/System/Library/Frameworks/ApplicationServices.framework/Versions/A/ApplicationServices
0x0000000015df1000 	/usr/lib/libz.1.dylib
0x0000000100209000 	/usr/lib/libSystem.B.dylib
0x0000000015df1000 	/usr/lib/libobjc.A.dylib
0x0000000015df1000 	/System/Library/Frameworks/CoreFoundation.framework/Versions/A/CoreFoundation
0x0000000015df1000 	/System/Library/Frameworks/Foundation.framework/Versions/C/Foundation
0x0000000015df1000 	/System/Library/Frameworks/AppKit.framework/Versions/C/AppKit
0x0000000015df1000 	/System/Library/Frameworks/CoreData.framework/Versions/A/CoreData
0x0000000015df1000 	/System/Library/PrivateFrameworks/RemoteViewServices.framework/Versions/A/RemoteViewServices
0x0000000015df1000 	/System/Library/PrivateFrameworks/UIFoundation.framework/Versions/A/UIFoundation
0x0000000015df1000 	/System/Library/PrivateFrameworks/DFRFoundation.framework/Versions/A/DFRFoundation
0x0000000015df1000 	/usr/lib/libenergytrace.dylib
0x0000000015df1000 	/System/Library/PrivateFrameworks/SkyLight.framework/Versions/A/SkyLight
0x0000000015df1000 	/System/Library/Frameworks/CoreGraphics.framework/Versions/A/CoreGraphics
0x0000000015df1000 	/usr/lib/libScreenReader.dylib
0x0000000015df1000 	/System/Library/Frameworks/Accelerate.framework/Versions/A/Accelerate
0x0000000015df1000 	/System/Library/Frameworks/IOSurface.framework/Versions/A/IOSurface
0x0000000015df1000 	/System/Library/Frameworks/AudioToolbox.framework/Versions/A/AudioToolbox
0x0000000015df1000 	/System/Library/Frameworks/AudioUnit.framework/Versions/A/AudioUnit
0x0000000015df1000 	/System/Library/PrivateFrameworks/DataDetectorsCore.framework/Versions/A/DataDetectorsCore
0x0000000015df1000 	/System/Library/PrivateFrameworks/DesktopServicesPriv.framework/Versions/A/DesktopServicesPriv
0x0000000015df1000 	/System/Library/Frameworks/Carbon.framework/Versions/A/Frameworks/HIToolbox.framework/Versions/A/HIToolbox
0x0000000015df1000 	/usr/lib/libicucore.A.dylib
0x0000000015df1000 	/System/Library/Frameworks/QuartzCore.framework/Versions/A/QuartzCore
0x0000000015df1000 	/System/Library/Frameworks/Carbon.framework/Versions/A/Frameworks/SpeechRecognition.framework/Versions/A/SpeechRecognition
0x0000000015df1000 	/usr/lib/libauto.dylib
0x0000000015df1000 	/usr/lib/libxml2.2.dylib
0x0000000015df1000 	/System/Library/PrivateFrameworks/CoreUI.framework/Versions/A/CoreUI
0x0000000015df1000 	/System/Library/Frameworks/CoreAudio.framework/Versions/A/CoreAudio
0x0000000015df1000 	/System/Library/Frameworks/DiskArbitration.framework/Versions/A/DiskArbitration
0x0000000015df1000 	/usr/lib/liblangid.dylib
0x0000000015df1000 	/System/Library/PrivateFrameworks/MultitouchSupport.framework/Versions/A/MultitouchSupport
0x0000000100215000 	/System/Library/Frameworks/IOKit.framework/Versions/A/IOKit
0x0000000015df1000 	/usr/lib/libDiagnosticMessagesClient.dylib
0x0000000015df1000 	/System/Library/Frameworks/CoreServices.framework/Versions/A/CoreServices
0x0000000015df1000 	/System/Library/PrivateFrameworks/PerformanceAnalysis.framework/Versions/A/PerformanceAnalysis
0x0000000015df1000 	/System/Library/PrivateFrameworks/GenerationalStorage.framework/Versions/A/GenerationalStorage
0x0000000015df1000 	/System/Library/Frameworks/OpenGL.framework/Versions/A/OpenGL
0x0000000015df1000 	/System/Library/Frameworks/CoreImage.framework/Versions/A/CoreImage
0x0000000015df1000 	/System/Library/Frameworks/CoreText.framework/Versions/A/CoreText
0x0000000015df1000 	/System/Library/Frameworks/ImageIO.framework/Versions/A/ImageIO
0x0000000015df1000 	/System/Library/PrivateFrameworks/Backup.framework/Versions/A/Backup
0x0000000015df1000 	/usr/lib/libarchive.2.dylib
0x00000001002f3000 	/System/Library/Frameworks/CFNetwork.framework/Versions/A/CFNetwork
0x0000000015df1000 	/System/Library/Frameworks/SystemConfiguration.framework/Versions/A/SystemConfiguration
0x0000000015df1000 	/usr/lib/libCRFSuite.dylib
0x0000000015df1000 	/usr/lib/libc++.1.dylib
0x0000000015df1000 	/usr/lib/libc++abi.dylib
0x0000000015df1000 	/usr/lib/system/libcache.dylib
0x0000000015df1000 	/usr/lib/system/libcommonCrypto.dylib
0x0000000015df1000 	/usr/lib/system/libcompiler_rt.dylib
0x0000000015df1000 	/usr/lib/system/libcopyfile.dylib
0x0000000015df1000 	/usr/lib/system/libcorecrypto.dylib
0x0000000015df1000 	/usr/lib/system/libdispatch.dylib
0x00000001009dd000 	/usr/lib/system/libdyld.dylib
0x0000000015df1000 	/usr/lib/system/libkeymgr.dylib
0x0000000015df1000 	/usr/lib/system/liblaunch.dylib
0x0000000015df1000 	/usr/lib/system/libmacho.dylib
0x0000000015df1000 	/usr/lib/system/libquarantine.dylib
0x0000000015df1000 	/usr/lib/system/libremovefile.dylib
0x0000000015df1000 	/usr/lib/system/libsystem_asl.dylib
0x0000000015df1000 	/usr/lib/system/libsystem_blocks.dylib
0x0000000015df1000 	/usr/lib/system/libsystem_c.dylib
0x0000000015df1000 	/usr/lib/system/libsystem_configuration.dylib
0x0000000015df1000 	/usr/lib/system/libsystem_coreservices.dylib
0x00000001009f2000 	/usr/lib/system/libsystem_coretls.dylib
0x0000000015df1000 	/usr/lib/system/libsystem_dnssd.dylib
0x0000000015df1000 	/usr/lib/system/libsystem_info.dylib
0x0000000100a1b000 	/usr/lib/system/libsystem_kernel.dylib
0x0000000015df1000 	/usr/lib/system/libsystem_m.dylib
0x0000000015df1000 	/usr/lib/system/libsystem_malloc.dylib
0x0000000015df1000 	/usr/lib/system/libsystem_network.dylib
0x0000000100a5b000 	/usr/lib/system/libsystem_networkextension.dylib
0x0000000015df1000 	/usr/lib/system/libsystem_notify.dylib
0x0000000015df1000 	/usr/lib/system/libsystem_platform.dylib
0x0000000015df1000 	/usr/lib/system/libsystem_pthread.dylib
0x0000000100a70000 	/usr/lib/system/libsystem_sandbox.dylib
0x0000000015df1000 	/usr/lib/system/libsystem_secinit.dylib
0x0000000100a80000 	/usr/lib/system/libsystem_symptoms.dylib
0x0000000100a8e000 	/usr/lib/system/libsystem_trace.dylib
0x0000000015df1000 	/usr/lib/system/libunwind.dylib
0x0000000015df1000 	/usr/lib/system/libxpc.dylib
0x0000000015df1000 	/usr/lib/libbsm.0.dylib
0x0000000100ac5000 	/usr/lib/system/libkxld.dylib
0x0000000015df1000 	/usr/lib/libcoretls.dylib
0x0000000015df1000 	/usr/lib/libcoretls_cfhelpers.dylib
0x0000000015df1000 	/usr/lib/libxar.1.dylib
0x0000000015df1000 	/usr/lib/libsqlite3.dylib
0x0000000015df1000 	/usr/lib/libpam.2.dylib
0x0000000015df1000 	/usr/lib/libOpenScriptingUtil.dylib
0x0000000015df1000 	/usr/lib/libbz2.1.0.dylib
0x0000000015df1000 	/usr/lib/liblzma.5.dylib
0x0000000015df1000 	/usr/lib/libnetwork.dylib
0x0000000015df1000 	/usr/lib/libpcap.A.dylib
0x0000000015df1000 	/System/Library/Frameworks/CoreServices.framework/Versions/A/Frameworks/FSEvents.framework/Versions/A/FSEvents
0x0000000015df1000 	/System/Library/Frameworks/CoreServices.framework/Versions/A/Frameworks/CarbonCore.framework/Versions/A/CarbonCore
0x0000000015df1000 	/System/Library/Frameworks/CoreServices.framework/Versions/A/Frameworks/Metadata.framework/Versions/A/Metadata
0x0000000015df1000 	/System/Library/Frameworks/CoreServices.framework/Versions/A/Frameworks/OSServices.framework/Versions/A/OSServices
0x0000000015df1000 	/System/Library/Frameworks/CoreServices.framework/Versions/A/Frameworks/SearchKit.framework/Versions/A/SearchKit
0x0000000015df1000 	/System/Library/Frameworks/CoreServices.framework/Versions/A/Frameworks/AE.framework/Versions/A/AE
0x0000000015df1000 	/System/Library/Frameworks/CoreServices.framework/Versions/A/Frameworks/LaunchServices.framework/Versions/A/LaunchServices
0x0000000015df1000 	/System/Library/Frameworks/CoreServices.framework/Versions/A/Frameworks/DictionaryServices.framework/Versions/A/DictionaryServices
0x0000000015df1000 	/System/Library/Frameworks/CoreServices.framework/Versions/A/Frameworks/SharedFileList.framework/Versions/A/SharedFileList
0x0000000015df1000 	/System/Library/Frameworks/NetFS.framework/Versions/A/NetFS
0x0000000015df1000 	/System/Library/PrivateFrameworks/NetAuth.framework/Versions/A/NetAuth
0x0000000015df1000 	/System/Library/PrivateFrameworks/login.framework/Versions/A/Frameworks/loginsupport.framework/Versions/A/loginsupport
0x0000000015df1000 	/System/Library/PrivateFrameworks/TCC.framework/Versions/A/TCC
0x0000000015df1000 	/usr/lib/libmecabra.dylib
0x0000000015df1000 	/System/Library/Frameworks/ApplicationServices.framework/Versions/A/Frameworks/ATS.framework/Versions/A/ATS
0x0000000015df1000 	/System/Library/Frameworks/ApplicationServices.framework/Versions/A/Frameworks/ColorSync.framework/Versions/A/ColorSync
0x0000000015df1000 	/System/Library/Frameworks/ApplicationServices.framework/Versions/A/Frameworks/HIServices.framework/Versions/A/HIServices
0x0000000015df1000 	/System/Library/Frameworks/ApplicationServices.framework/Versions/A/Frameworks/LangAnalysis.framework/Versions/A/LangAnalysis
0x0000000015df1000 	/System/Library/Frameworks/ApplicationServices.framework/Versions/A/Frameworks/PrintCore.framework/Versions/A/PrintCore
0x0000000015df1000 	/System/Library/Frameworks/ApplicationServices.framework/Versions/A/Frameworks/QD.framework/Versions/A/QD
0x0000000015df1000 	/System/Library/Frameworks/ApplicationServices.framework/Versions/A/Frameworks/SpeechSynthesis.framework/Versions/A/SpeechSynthesis
0x0000000015df1000 	/System/Library/Frameworks/Accelerate.framework/Versions/A/Frameworks/vImage.framework/Versions/A/vImage
0x0000000015df1000 	/System/Library/Frameworks/Accelerate.framework/Versions/A/Frameworks/vecLib.framework/Versions/A/vecLib
0x0000000015df1000 	/System/Library/Frameworks/Accelerate.framework/Versions/A/Frameworks/vecLib.framework/Versions/A/libvDSP.dylib
0x0000000015df1000 	/System/Library/Frameworks/Accelerate.framework/Versions/A/Frameworks/vecLib.framework/Versions/A/libBNNS.dylib
0x0000000015df1000 	/System/Library/Frameworks/Accelerate.framework/Versions/A/Frameworks/vecLib.framework/Versions/A/libQuadrature.dylib
0x0000000015df1000 	/System/Library/Frameworks/Accelerate.framework/Versions/A/Frameworks/vecLib.framework/Versions/A/libvMisc.dylib
0x0000000015df1000 	/System/Library/Frameworks/Accelerate.framework/Versions/A/Frameworks/vecLib.framework/Versions/A/libLAPACK.dylib
0x0000000015df1000 	/System/Library/Frameworks/Accelerate.framework/Versions/A/Frameworks/vecLib.framework/Versions/A/libBLAS.dylib
0x0000000015df1000 	/System/Library/Frameworks/Accelerate.framework/Versions/A/Frameworks/vecLib.framework/Versions/A/libLinearAlgebra.dylib
0x0000000015df1000 	/System/Library/Frameworks/Accelerate.framework/Versions/A/Frameworks/vecLib.framework/Versions/A/libSparseBLAS.dylib
0x0000000015df1000 	/System/Library/Frameworks/ApplicationServices.framework/Versions/A/Frameworks/ATS.framework/Versions/A/Resources/libFontParser.dylib
0x0000000015df1000 	/System/Library/Frameworks/ApplicationServices.framework/Versions/A/Frameworks/ATS.framework/Versions/A/Resources/libFontRegistry.dylib
0x0000000015df1000 	/System/Library/Frameworks/ImageIO.framework/Versions/A/Resources/libJPEG.dylib
0x0000000015df1000 	/System/Library/Frameworks/ImageIO.framework/Versions/A/Resources/libTIFF.dylib
0x0000000015df1000 	/System/Library/Frameworks/ImageIO.framework/Versions/A/Resources/libPng.dylib
0x0000000015df1000 	/System/Library/Frameworks/ImageIO.framework/Versions/A/Resources/libGIF.dylib
0x0000000015df1000 	/System/Library/Frameworks/ImageIO.framework/Versions/A/Resources/libJP2.dylib
0x0000000015df1000 	/System/Library/Frameworks/ImageIO.framework/Versions/A/Resources/libRadiance.dylib
0x0000000015df1000 	/usr/lib/libcompression.dylib
0x0000000015df1000 	/System/Library/PrivateFrameworks/AppleJPEG.framework/Versions/A/AppleJPEG
0x0000000015df1000 	/usr/lib/libcups.2.dylib
0x0000000015df1000 	/System/Library/Frameworks/Kerberos.framework/Versions/A/Kerberos
0x0000000015df1000 	/System/Library/Frameworks/GSS.framework/Versions/A/GSS
0x0000000015df1000 	/usr/lib/libresolv.9.dylib
0x0000000015df1000 	/usr/lib/libiconv.2.dylib
0x0000000015df1000 	/System/Library/PrivateFrameworks/Heimdal.framework/Versions/A/Heimdal
0x0000000015df1000 	/usr/lib/libheimdal-asn1.dylib
0x0000000015df1000 	/System/Library/Frameworks/OpenDirectory.framework/Versions/A/OpenDirectory
0x0000000015df1000 	/System/Library/PrivateFrameworks/CommonAuth.framework/Versions/A/CommonAuth
0x0000000015df1000 	/System/Library/Frameworks/OpenDirectory.framework/Versions/A/Frameworks/CFOpenDirectory.framework/Versions/A/CFOpenDirectory
0x0000000015df1000 	/System/Library/Frameworks/SecurityFoundation.framework/Versions/A/SecurityFoundation
0x0000000015df1000 	/System/Library/PrivateFrameworks/LanguageModeling.framework/Versions/A/LanguageModeling
0x0000000015df1000 	/usr/lib/libmarisa.dylib
0x0000000015df1000 	/usr/lib/libChineseTokenizer.dylib
0x0000000015df1000 	/usr/lib/libcmph.dylib
0x0000000015df1000 	/System/Library/PrivateFrameworks/CoreEmoji.framework/Versions/A/CoreEmoji
0x0000000015df1000 	/System/Library/Frameworks/ServiceManagement.framework/Versions/A/ServiceManagement
0x0000000015df1000 	/usr/lib/libxslt.1.dylib
0x0000000015df1000 	/System/Library/Frameworks/Carbon.framework/Versions/A/Frameworks/Ink.framework/Versions/A/Ink
0x0000000015df1000 	/System/Library/PrivateFrameworks/TextureIO.framework/Versions/A/TextureIO
0x0000000015df1000 	/System/Library/Frameworks/Metal.framework/Versions/A/Metal
0x0000000015df1000 	/usr/lib/libate.dylib
0x0000000015df1000 	/System/Library/PrivateFrameworks/GPUCompiler.framework/libmetal_timestamp.dylib
0x0000000015df1000 	/System/Library/Frameworks/OpenGL.framework/Versions/A/Libraries/libCoreFSCache.dylib
0x0000000015df1000 	/System/Library/PrivateFrameworks/IOAccelerator.framework/Versions/A/IOAccelerator
0x0000000015df1000 	/System/Library/Frameworks/CoreVideo.framework/Versions/A/CoreVideo
0x0000000015df1000 	/usr/lib/libFosl_dynamic.dylib
0x0000000015df1000 	/System/Library/PrivateFrameworks/MetalPerformanceShaders.framework/Versions/A/MetalPerformanceShaders
0x0000000015df1000 	/System/Library/PrivateFrameworks/FaceCore.framework/Versions/A/FaceCore
0x0000000015df1000 	/System/Library/Frameworks/OpenCL.framework/Versions/A/OpenCL
0x0000000015df1000 	/System/Library/Frameworks/OpenGL.framework/Versions/A/Libraries/libGLU.dylib
0x0000000015df1000 	/System/Library/Frameworks/OpenGL.framework/Versions/A/Libraries/libGFXShared.dylib
0x0000000015df1000 	/System/Library/Frameworks/OpenGL.framework/Versions/A/Libraries/libGL.dylib
0x0000000015df1000 	/System/Library/Frameworks/OpenGL.framework/Versions/A/Libraries/libGLImage.dylib
0x0000000015df1000 	/System/Library/Frameworks/OpenGL.framework/Versions/A/Libraries/libCVMSPluginSupport.dylib
0x0000000015df1000 	/System/Library/Frameworks/OpenGL.framework/Versions/A/Libraries/libCoreVMClient.dylib
0x0000000015df1000 	/System/Library/PrivateFrameworks/CrashReporterSupport.framework/Versions/A/CrashReporterSupport
0x0000000015df1000 	/System/Library/PrivateFrameworks/Sharing.framework/Versions/A/Sharing
0x0000000015df1000 	/System/Library/PrivateFrameworks/IconServices.framework/Versions/A/IconServices
0x0000000015df1000 	/System/Library/PrivateFrameworks/ProtocolBuffer.framework/Versions/A/ProtocolBuffer
0x0000000015df1000 	/System/Library/PrivateFrameworks/Apple80211.framework/Versions/A/Apple80211
0x0000000015df1000 	/System/Library/Frameworks/CoreWLAN.framework/Versions/A/CoreWLAN
0x0000000015df1000 	/System/Library/PrivateFrameworks/CoreUtils.framework/Versions/A/CoreUtils
0x0000000015df1000 	/System/Library/Frameworks/IOBluetooth.framework/Versions/A/IOBluetooth
0x0000000015df1000 	/System/Library/PrivateFrameworks/CoreWiFi.framework/Versions/A/CoreWiFi
0x0000000015df1000 	/System/Library/Frameworks/CoreBluetooth.framework/Versions/A/CoreBluetooth
0x0000000015df1000 	/System/Library/Frameworks/CoreDisplay.framework/Versions/A/CoreDisplay
0x0000000015df1000 	/System/Library/PrivateFrameworks/IOPresentment.framework/Versions/A/IOPresentment
0x0000000015df1000 	/System/Library/PrivateFrameworks/DebugSymbols.framework/Versions/A/DebugSymbols
0x0000000015df1000 	/System/Library/PrivateFrameworks/CoreSymbolication.framework/Versions/A/CoreSymbolication
0x0000000015df1000 	/System/Library/PrivateFrameworks/Symbolication.framework/Versions/A/Symbolication
0x0000000015df1000 	/System/Library/PrivateFrameworks/AppleFSCompression.framework/Versions/A/AppleFSCompression
0x0000000015df1000 	/System/Library/PrivateFrameworks/SpeechRecognitionCore.framework/Versions/A/SpeechRecognitionCore
0x0000000015df1000 	/System/Library/PrivateFrameworks/ChunkingLibrary.framework/Versions/A/ChunkingLibrary
0x0000000101400000 	/Library/Java/JavaVirtualMachines/jdk1.8.0_101.jdk/Contents/Home/jre/lib/server/libjvm.dylib
0x0000000015df1000 	/usr/lib/libstdc++.6.dylib
0x0000000100b33000 	/Library/Java/JavaVirtualMachines/jdk1.8.0_101.jdk/Contents/Home/jre/lib/libverify.dylib
0x0000000100b41000 	/Library/Java/JavaVirtualMachines/jdk1.8.0_101.jdk/Contents/Home/jre/lib/libjava.dylib
0x0000000100b7e000 	/Library/Java/JavaVirtualMachines/jdk1.8.0_101.jdk/Contents/Home/jre/lib/libzip.dylib
0x0000000117d2c000 	/System/Library/Frameworks/JavaVM.framework/Frameworks/JavaRuntimeSupport.framework/JavaRuntimeSupport
0x0000000117d46000 	/System/Library/Frameworks/JavaVM.framework/Versions/A/Frameworks/JavaNativeFoundation.framework/Versions/A/JavaNativeFoundation
0x0000000106eda000 	/System/Library/Frameworks/JavaVM.framework/Versions/A/JavaVM
0x0000000015df1000 	/System/Library/Frameworks/Carbon.framework/Versions/A/Carbon
0x0000000117d5b000 	/System/Library/PrivateFrameworks/JavaLaunching.framework/Versions/A/JavaLaunching
0x0000000015df1000 	/System/Library/Frameworks/Carbon.framework/Versions/A/Frameworks/CommonPanels.framework/Versions/A/CommonPanels
0x0000000015df1000 	/System/Library/Frameworks/Carbon.framework/Versions/A/Frameworks/Help.framework/Versions/A/Help
0x0000000015df1000 	/System/Library/Frameworks/Carbon.framework/Versions/A/Frameworks/ImageCapture.framework/Versions/A/ImageCapture
0x0000000015df1000 	/System/Library/Frameworks/Carbon.framework/Versions/A/Frameworks/OpenScripting.framework/Versions/A/OpenScripting
0x0000000015df1000 	/System/Library/Frameworks/Carbon.framework/Versions/A/Frameworks/Print.framework/Versions/A/Print
0x0000000015df1000 	/System/Library/Frameworks/Carbon.framework/Versions/A/Frameworks/SecurityHI.framework/Versions/A/SecurityHI
0x000000011968a000 	/Library/Java/JavaVirtualMachines/jdk1.8.0_101.jdk/Contents/Home/jre/lib/libnet.dylib
0x00000001196e9000 	/Library/Java/JavaVirtualMachines/jdk1.8.0_101.jdk/Contents/Home/jre/lib/libnio.dylib
0x0000000119c83000 	/Users/elchroy/.gradle/native/19/osx-amd64/libnative-platform.dylib
0x0000000119c88000 	/Users/elchroy/.gradle/native/19/osx-amd64/libnative-platform-curses.dylib
0x0000000015df1000 	/usr/lib/libncurses.5.4.dylib
0x0000000119c8c000 	/private/var/folders/3j/p0_wzk9d1ns47ybk3ng5x3w80000gn/T/jna2758475167684902903.tmp
0x0000000119ca1000 	/Library/Java/JavaVirtualMachines/jdk1.8.0_101.jdk/Contents/Home/jre/lib/libmanagement.dylib

VM Arguments:
jvm_args: -Dorg.gradle.appname=gradlew 
java_command: org.gradle.wrapper.GradleWrapperMain installDebug
java_class_path (initial): /Users/elchroy/Roy/Code/rubyment/roymobile/android/gradle/wrapper/gradle-wrapper.jar
Launcher Type: SUN_STANDARD

Environment Variables:
PATH=/usr/local/opt/nvm/versions/node/v6.3.0/lib/node_modules/npm/bin/node-gyp-bin:/Users/elchroy/Roy/Code/rubyment/roymobile/node_modules/.bin:/usr/local/opt/nvm/versions/node/v6.3.0/bin:/Users/elchroy/.rvm/gems/ruby-2.3.0/bin:/Users/elchroy/.rvm/gems/ruby-2.3.0@global/bin:/Users/elchroy/.rvm/rubies/ruby-2.3.0/bin:/usr/local/opt/nvm/versions/node/v6.3.0/bin:/usr/local/mysql/bin:/usr/local/share/python:/usr/local/bin:/usr/bin:/bin:/usr/sbin:/sbin:/Users/elchroy/golang/src/github.com/andela/bin:/usr/local/opt/go/libexec/bin:/Users/elchroy/.rvm/bin:/Users/elchroy/Library/Android/sdk/tools:/Users/elchroy/Library/Android/sdk/platform-tools
SHELL=/bin/zsh

Signal Handlers:
SIGSEGV: [libjvm.dylib+0x5af145], sa_mask[0]=11111111011111110111111111111111, sa_flags=SA_ONSTACK|SA_RESTART|SA_SIGINFO
SIGBUS: [libjvm.dylib+0x5af145], sa_mask[0]=11111111011111110111111111111111, sa_flags=SA_RESTART|SA_SIGINFO
SIGFPE: [libjvm.dylib+0x48694c], sa_mask[0]=11111111011111110111111111111111, sa_flags=SA_RESTART|SA_SIGINFO
SIGPIPE: [libjvm.dylib+0x48694c], sa_mask[0]=11111111011111110111111111111111, sa_flags=SA_RESTART|SA_SIGINFO
SIGXFSZ: [libjvm.dylib+0x48694c], sa_mask[0]=11111111011111110111111111111111, sa_flags=SA_RESTART|SA_SIGINFO
SIGILL: [libjvm.dylib+0x48694c], sa_mask[0]=11111111011111110111111111111111, sa_flags=SA_RESTART|SA_SIGINFO
SIGUSR1: SIG_DFL, sa_mask[0]=11111111011111110111111111111111, sa_flags=none
SIGUSR2: [libjvm.dylib+0x48646a], sa_mask[0]=00000000000000000000000000000000, sa_flags=SA_RESTART|SA_SIGINFO
SIGHUP: [libjvm.dylib+0x484a41], sa_mask[0]=11111111011111110111111111111111, sa_flags=SA_RESTART|SA_SIGINFO
SIGINT: [libjvm.dylib+0x484a41], sa_mask[0]=11111111011111110111111111111111, sa_flags=SA_RESTART|SA_SIGINFO
SIGTERM: [libjvm.dylib+0x484a41], sa_mask[0]=11111111011111110111111111111111, sa_flags=SA_RESTART|SA_SIGINFO
SIGQUIT: [libjvm.dylib+0x484a41], sa_mask[0]=11111111011111110111111111111111, sa_flags=SA_RESTART|SA_SIGINFO


---------------  S Y S T E M  ---------------

OS:Bsduname:Darwin 16.4.0 Darwin Kernel Version 16.4.0: Thu Dec 22 22:53:21 PST 2016; root:xnu-3789.41.3~3/RELEASE_X86_64 x86_64
rlimit: STACK 8192k, CORE 0k, NPROC 709, NOFILE 10240, AS infinity
load average:2.26 2.21 2.25

CPU:total 4 (2 cores per cpu, 2 threads per core) family 6 model 61 stepping 4, cmov, cx8, fxsr, mmx, sse, sse2, sse3, ssse3, sse4.1, sse4.2, popcnt, avx, avx2, aes, clmul, erms, 3dnowpref, lzcnt, ht, tsc, tscinvbit, bmi1, bmi2, adx

Memory: 4k page, physical 8388608k(129752k free)

/proc/meminfo:


vm_info: Java HotSpot(TM) 64-Bit Server VM (25.101-b13) for bsd-amd64 JRE (1.8.0_101-b13), built on Jun 22 2016 02:42:15 by "java_re" with gcc 4.2.1 (Based on Apple Inc. build 5658) (LLVM build 2336.11.00)

time: Wed Feb  8 01:04:23 2017
elapsed time: 6 seconds (0d 0h 0m 6s)

