#
# A fatal error has been detected by the Java Runtime Environment:
#
#  SIGSEGV (0xb) at pc=0x0000000110886498, pid=92558, tid=0x0000000000000307
#
# JRE version: Java(TM) SE Runtime Environment (8.0_101-b13) (build 1.8.0_101-b13)
# Java VM: Java HotSpot(TM) 64-Bit Server VM (25.101-b13 mixed mode bsd-amd64 compressed oops)
# Problematic frame:
# V  [libjvm.dylib+0x486498]  SR_handler(int, __siginfo*, __darwin_ucontext*)+0x2e
#
# Failed to write core dump. Core dumps have been disabled. To enable core dumping, try "ulimit -c unlimited" before starting Java again
#
# If you would like to submit a bug report, please visit:
#   http://bugreport.java.com/bugreport/crash.jsp
#

---------------  T H R E A D  ---------------

Current thread is native thread

siginfo: si_signo: 11 (SIGSEGV), si_code: 1 (SEGV_MAPERR), si_addr: 0x0000000000000128

Registers:
RAX=0x0000000000000000, RBX=0x00007fff509fe7a0, RCX=0x00007fffa9547408, RDX=0x00007fff509fe7a0
RSP=0x00007fff509fe2d0, RBP=0x00007fff509fe300, RSI=0x00007fff509fe738, RDI=0x0000000000000103
R8 =0x00007fff509fe7a0, R9 =0x00000000ffffffff, R10=0x0000000000000c00, R11=0x0000000000000206
R12=0x0000000000000c00, R13=0x0000000000000000, R14=0x00007fff509fe738, R15=0x0000000000000002
RIP=0x0000000110886498, EFLAGS=0x0000000000010202, ERR=0x0000000000000004
  TRAPNO=0x000000000000000e

Top of Stack: (sp=0x00007fff509fe2d0)
0x00007fff509fe2d0:   0000000000000000 00007fff509fe7a0
0x00007fff509fe2e0:   0000000000000c00 0000000000000000
0x00007fff509fe2f0:   00007fff509fe9d0 0000000000000d03
0x00007fff509fe300:   00007fff509fe310 00007fffa0907bba
0x00007fff509fe310:   00007fff509fe8a0 0000000000015c00
0x00007fff509fe320:   00015d00a5f9b958 00007fffa93dd2d0
0x00007fff509fe330:   0100001f00000085 00007fff8b1a3680
0x00007fff509fe340:   0000000010004005 00000000ffffffff
0x00007fff509fe350:   00007fff509fe858 0000000000000000
0x00007fff509fe360:   00007fff509fe9d0 0000000007000806
0x00007fff509fe370:   00007fff509fe8a0 00007fff509fe858
0x00007fff509fe380:   0000000000000d03 00000000ffffffff
0x00007fff509fe390:   0000000000000c00 0000000000000206
0x00007fff509fe3a0:   0000000000000c00 0000000000000000
0x00007fff509fe3b0:   00007fff509fe9d0 0000000000000d03
0x00007fff509fe3c0:   000000010fa3b38a 0000000000000206
0x00007fff509fe3d0:   0000000000000007 0000000000000000
0x00007fff509fe3e0:   0000000000000000 0000000000000000
0x00007fff509fe3f0:   000000000000037f 0000000000000000
0x00007fff509fe400:   0000000000000000 0000ffff00001fa0
0x00007fff509fe410:   0000000000000000 000000000000ffff
0x00007fff509fe420:   0000000000000100 000000000000ffff
0x00007fff509fe430:   0000000000000000 0000000000000000
0x00007fff509fe440:   0000000000000000 0000000000000000
0x00007fff509fe450:   87bc000000000000 000000000000c00b
0x00007fff509fe460:   0000000000000000 0000000000000000
0x00007fff509fe470:   8000000000000000 0000000000004007
0x00007fff509fe480:   c060000000000000 000000000000400a
0x00007fff509fe490:   41be49eefabcde8f 0000000000000000
0x00007fff509fe4a0:   3fe79bd1ed9dfdac 0000000000000000
0x00007fff509fe4b0:   c3de3f725760e4a8 439c08da89f1b57a
0x00007fff509fe4c0:   0000000000000000 0000000000000000 

Instructions: (pc=0x0000000110886498)
0x0000000110886478:   83 ec 08 48 89 d3 49 89 f6 e8 00 26 14 00 44 8b
0x0000000110886488:   38 48 8d 05 20 cd 3a 00 48 63 38 e8 ca 28 14 00
0x0000000110886498:   4c 8b a0 28 01 00 00 41 83 7c 24 34 01 0f 85 e2
0x00000001108864a8:   00 00 00 49 89 5c 24 40 4d 89 74 24 38 49 8d 5c 

Register to memory mapping:

RAX=0x0000000000000000 is an unknown value
RBX=0x00007fff509fe7a0 is an unknown value
RCX=0x00007fffa9547408: _thread+0x48 in /usr/lib/system/libsystem_pthread.dylib at 0x00007fffa090e000
RDX=0x00007fff509fe7a0 is an unknown value
RSP=0x00007fff509fe2d0 is an unknown value
RBP=0x00007fff509fe300 is an unknown value
RSI=0x00007fff509fe738 is an unknown value
RDI=0x0000000000000103 is an unknown value
R8 =0x00007fff509fe7a0 is an unknown value
R9 =0x00000000ffffffff is an unknown value
R10=0x0000000000000c00 is an unknown value
R11=0x0000000000000206 is an unknown value
R12=0x0000000000000c00 is an unknown value
R13=0x0000000000000000 is an unknown value
R14=0x00007fff509fe738 is an unknown value
R15=0x0000000000000002 is an unknown value


Stack: [0x00007fff50203000,0x00007fff50a03000],  sp=0x00007fff509fe2d0,  free space=8172k
Native frames: (J=compiled Java code, j=interpreted, Vv=VM code, C=native code)
V  [libjvm.dylib+0x486498]  SR_handler(int, __siginfo*, __darwin_ucontext*)+0x2e
C  [libsystem_platform.dylib+0x2bba]  _sigtramp+0x1a
C  0x0000000000015c00
C  [CoreFoundation+0x88c94]  __CFRunLoopServiceMachPort+0xd4
C  [CoreFoundation+0x88121]  __CFRunLoopRun+0x551
C  [CoreFoundation+0x87974]  CFRunLoopRunSpecific+0x1a4
C  [java+0x6465]  CreateExecutionEnvironment+0x367
C  [java+0x218c]  JLI_Launch+0x7a0
C  [java+0x84c2]  main+0x65
C  [java+0x19e4]  start+0x34


---------------  P R O C E S S  ---------------

VM state:not at safepoint (normal execution)

VM Mutex/Monitor currently owned by a thread: None

Heap:
 PSYoungGen      total 38400K, used 36585K [0x0000000795580000, 0x0000000798000000, 0x00000007c0000000)
  eden space 33280K, 94% used [0x0000000795580000,0x0000000797440320,0x0000000797600000)
  from space 5120K, 99% used [0x0000000797600000,0x0000000797afa320,0x0000000797b00000)
  to   space 5120K, 0% used [0x0000000797b00000,0x0000000797b00000,0x0000000798000000)
 ParOldGen       total 87552K, used 65K [0x0000000740000000, 0x0000000745580000, 0x0000000795580000)
  object space 87552K, 0% used [0x0000000740000000,0x0000000740010448,0x0000000745580000)
 Metaspace       used 10679K, capacity 10936K, committed 11008K, reserved 1058816K
  class space    used 1453K, capacity 1512K, committed 1536K, reserved 1048576K

Card table byte_map: [0x0000000120a71000,0x0000000120e72000] byte_map_base: 0x000000011d071000

Marking Bits: (ParMarkBitMap*) 0x0000000110cedd20
 Begin Bits: [0x000000012111d000, 0x000000012311d000)
 End Bits:   [0x000000012311d000, 0x000000012511d000)

Polling page: 0x000000010f225000

CodeCache: size=245760Kb used=3101Kb max_used=3119Kb free=242658Kb
 bounds [0x0000000111a71000, 0x0000000111d81000, 0x0000000120a71000]
 total_blobs=1117 nmethods=802 adapters=229
 compilation: enabled

Compilation events (10 events):
Event: 1.157 Thread 0x00007ffe6c832800 nmethod 797 0x0000000111d6da90 code [0x0000000111d6dc00, 0x0000000111d6ddb0]
Event: 1.157 Thread 0x00007ffe6c832800  801       1       java.lang.Integer::hashCode (2 bytes)
Event: 1.157 Thread 0x00007ffe6c832800 nmethod 801 0x0000000111d6d810 code [0x0000000111d6d960, 0x0000000111d6da50]
Event: 1.157 Thread 0x00007ffe6c832800  800       3       org.codehaus.groovy.reflection.GeneratedMetaMethod$DgmMethodRecord::<init> (5 bytes)
Event: 1.157 Thread 0x00007ffe6c832800 nmethod 800 0x0000000111d700d0 code [0x0000000111d70240, 0x0000000111d703f0]
Event: 1.163 Thread 0x00007ffe6c832800  802   !   3       sun.misc.URLClassPath$JarLoader::getResource (349 bytes)
Event: 1.166 Thread 0x00007ffe6c832800 nmethod 802 0x0000000111d721d0 code [0x0000000111d72620, 0x0000000111d74768]
Event: 1.176 Thread 0x00007ffe6c825800 nmethod 794 0x0000000111d79950 code [0x0000000111d79c00, 0x0000000111d7b8b0]
Event: 1.176 Thread 0x00007ffe6c825800  799       4       java.io.DataInputStream::readUTF (501 bytes)
Event: 1.233 Thread 0x00007ffe6c80f000 nmethod 795 0x0000000111d7ccd0 code [0x0000000111d7cf80, 0x0000000111d7eb50]

GC Heap History (2 events):
Event: 0.771 GC heap before
{Heap before GC invocations=1 (full 0):
 PSYoungGen      total 38400K, used 33280K [0x0000000795580000, 0x0000000798000000, 0x00000007c0000000)
  eden space 33280K, 100% used [0x0000000795580000,0x0000000797600000,0x0000000797600000)
  from space 5120K, 0% used [0x0000000797b00000,0x0000000797b00000,0x0000000798000000)
  to   space 5120K, 0% used [0x0000000797600000,0x0000000797600000,0x0000000797b00000)
 ParOldGen       total 87552K, used 0K [0x0000000740000000, 0x0000000745580000, 0x0000000795580000)
  object space 87552K, 0% used [0x0000000740000000,0x0000000740000000,0x0000000745580000)
 Metaspace       used 8006K, capacity 8224K, committed 8320K, reserved 1056768K
  class space    used 1042K, capacity 1120K, committed 1152K, reserved 1048576K
Event: 0.777 GC heap after
Heap after GC invocations=1 (full 0):
 PSYoungGen      total 38400K, used 5096K [0x0000000795580000, 0x0000000798000000, 0x00000007c0000000)
  eden space 33280K, 0% used [0x0000000795580000,0x0000000795580000,0x0000000797600000)
  from space 5120K, 99% used [0x0000000797600000,0x0000000797afa320,0x0000000797b00000)
  to   space 5120K, 0% used [0x0000000797b00000,0x0000000797b00000,0x0000000798000000)
 ParOldGen       total 87552K, used 65K [0x0000000740000000, 0x0000000745580000, 0x0000000795580000)
  object space 87552K, 0% used [0x0000000740000000,0x0000000740010448,0x0000000745580000)
 Metaspace       used 8006K, capacity 8224K, committed 8320K, reserved 1056768K
  class space    used 1042K, capacity 1120K, committed 1152K, reserved 1048576K
}

Deoptimization events (10 events):
Event: 0.501 Thread 0x00007ffe6b80c000 Uncommon trap: reason=unstable_if action=reinterpret pc=0x0000000111c35170 method=java.util.HashMap.getNode(ILjava/lang/Object;)Ljava/util/HashMap$Node; @ 129
Event: 0.501 Thread 0x00007ffe6b80c000 Uncommon trap: reason=unstable_if action=reinterpret pc=0x0000000111c2d33c method=java.util.HashMap.getNode(ILjava/lang/Object;)Ljava/util/HashMap$Node; @ 129
Event: 0.714 Thread 0x00007ffe6b80c000 Uncommon trap: reason=unstable_if action=reinterpret pc=0x0000000111c2defc method=java.lang.String.replace(CC)Ljava/lang/String; @ 26
Event: 0.750 Thread 0x00007ffe6b80c000 Uncommon trap: reason=unstable_if action=reinterpret pc=0x0000000111cc76c4 method=java.lang.String.lastIndexOf([CII[CIII)I @ 66
Event: 0.750 Thread 0x00007ffe6b80c000 Uncommon trap: reason=unstable_if action=reinterpret pc=0x0000000111ccb004 method=java.lang.String.lastIndexOf([CII[CIII)I @ 66
Event: 0.750 Thread 0x00007ffe6b80c000 Uncommon trap: reason=unstable_if action=reinterpret pc=0x0000000111c9fde0 method=java.lang.String.lastIndexOf([CII[CIII)I @ 66
Event: 0.812 Thread 0x00007ffe6b80c000 Uncommon trap: reason=bimorphic action=maybe_recompile pc=0x0000000111cd72bc method=java.util.HashMap.putVal(ILjava/lang/Object;Ljava/lang/Object;ZZ)Ljava/lang/Object; @ 91
Event: 1.004 Thread 0x00007ffe6b80c000 Uncommon trap: reason=bimorphic action=maybe_recompile pc=0x0000000111cd72bc method=java.util.HashMap.putVal(ILjava/lang/Object;Ljava/lang/Object;ZZ)Ljava/lang/Object; @ 91
Event: 1.004 Thread 0x00007ffe6b80c000 Uncommon trap: reason=bimorphic action=maybe_recompile pc=0x0000000111cd72bc method=java.util.HashMap.putVal(ILjava/lang/Object;Ljava/lang/Object;ZZ)Ljava/lang/Object; @ 91
Event: 1.005 Thread 0x00007ffe6b80c000 Uncommon trap: reason=bimorphic action=maybe_recompile pc=0x0000000111cd72bc method=java.util.HashMap.putVal(ILjava/lang/Object;Ljava/lang/Object;ZZ)Ljava/lang/Object; @ 91

Internal exceptions (10 events):
Event: 0.932 Thread 0x00007ffe6b80c000 Exception <a 'java/lang/ArrayIndexOutOfBoundsException'> (0x00000007963e8c80) thrown at [/HUDSON3/workspace/8-2-build-macosx-x86_64/jdk8u101/7261/hotspot/src/share/vm/runtime/sharedRuntime.cpp, line 605]
Event: 0.933 Thread 0x00007ffe6b80c000 Exception <a 'java/lang/ArrayIndexOutOfBoundsException'> (0x000000079640f060) thrown at [/HUDSON3/workspace/8-2-build-macosx-x86_64/jdk8u101/7261/hotspot/src/share/vm/runtime/sharedRuntime.cpp, line 605]
Event: 0.933 Thread 0x00007ffe6b80c000 Exception <a 'java/lang/ArrayIndexOutOfBoundsException'> (0x0000000796410d18) thrown at [/HUDSON3/workspace/8-2-build-macosx-x86_64/jdk8u101/7261/hotspot/src/share/vm/runtime/sharedRuntime.cpp, line 605]
Event: 0.933 Thread 0x00007ffe6b80c000 Exception <a 'java/lang/ArrayIndexOutOfBoundsException'> (0x0000000796413a80) thrown at [/HUDSON3/workspace/8-2-build-macosx-x86_64/jdk8u101/7261/hotspot/src/share/vm/runtime/sharedRuntime.cpp, line 605]
Event: 0.942 Thread 0x00007ffe6b80c000 Exception <a 'java/lang/ArrayIndexOutOfBoundsException'> (0x00000007965e6658) thrown at [/HUDSON3/workspace/8-2-build-macosx-x86_64/jdk8u101/7261/hotspot/src/share/vm/runtime/sharedRuntime.cpp, line 605]
Event: 0.942 Thread 0x00007ffe6b80c000 Exception <a 'java/lang/ArrayIndexOutOfBoundsException'> (0x00000007965fe7c8) thrown at [/HUDSON3/workspace/8-2-build-macosx-x86_64/jdk8u101/7261/hotspot/src/share/vm/runtime/sharedRuntime.cpp, line 605]
Event: 0.942 Thread 0x00007ffe6b80c000 Exception <a 'java/lang/ArrayIndexOutOfBoundsException'> (0x0000000796604370) thrown at [/HUDSON3/workspace/8-2-build-macosx-x86_64/jdk8u101/7261/hotspot/src/share/vm/runtime/sharedRuntime.cpp, line 605]
Event: 0.952 Thread 0x00007ffe6b80c000 Exception <a 'java/lang/ArrayIndexOutOfBoundsException'> (0x0000000796818a98) thrown at [/HUDSON3/workspace/8-2-build-macosx-x86_64/jdk8u101/7261/hotspot/src/share/vm/runtime/sharedRuntime.cpp, line 605]
Event: 0.952 Thread 0x00007ffe6b80c000 Exception <a 'java/lang/ArrayIndexOutOfBoundsException'> (0x0000000796819998) thrown at [/HUDSON3/workspace/8-2-build-macosx-x86_64/jdk8u101/7261/hotspot/src/share/vm/runtime/sharedRuntime.cpp, line 605]
Event: 0.968 Thread 0x00007ffe6b80c000 Exception <a 'java/lang/ArrayIndexOutOfBoundsException'> (0x00000007969eadf0) thrown at [/HUDSON3/workspace/8-2-build-macosx-x86_64/jdk8u101/7261/hotspot/src/share/vm/runtime/sharedRuntime.cpp, line 605]

Events (10 events):
Event: 1.249 loading class org/codehaus/groovy/reflection/ClassInfo$LazyClassLoaderRef done
Event: 1.250 loading class java/security/AccessControlException
Event: 1.250 loading class java/security/AccessControlException done
Event: 1.251 loading class org/codehaus/groovy/transform/trait/Traits$Implemented
Event: 1.251 loading class org/codehaus/groovy/transform/trait/Traits$Implemented done
Event: 1.252 loading class java/util/stream/IntStream
Event: 1.252 loading class java/util/stream/BaseStream
Event: 1.252 loading class java/util/stream/BaseStream done
Event: 1.252 loading class java/util/stream/IntStream done
Event: 1.253 loading class java/util/Spliterator


Dynamic libraries:
0x0000000015df1000 	/System/Library/Frameworks/Cocoa.framework/Versions/A/Cocoa
0x0000000015df1000 	/System/Library/Frameworks/Security.framework/Versions/A/Security
0x0000000015df1000 	/System/Library/Frameworks/ApplicationServices.framework/Versions/A/ApplicationServices
0x0000000015df1000 	/usr/lib/libz.1.dylib
0x000000010f21a000 	/usr/lib/libSystem.B.dylib
0x0000000015df1000 	/usr/lib/libobjc.A.dylib
0x0000000015df1000 	/System/Library/Frameworks/CoreFoundation.framework/Versions/A/CoreFoundation
0x0000000015df1000 	/System/Library/Frameworks/Foundation.framework/Versions/C/Foundation
0x0000000015df1000 	/System/Library/Frameworks/AppKit.framework/Versions/C/AppKit
0x0000000015df1000 	/System/Library/Frameworks/CoreData.framework/Versions/A/CoreData
0x0000000015df1000 	/System/Library/PrivateFrameworks/RemoteViewServices.framework/Versions/A/RemoteViewServices
0x0000000015df1000 	/System/Library/PrivateFrameworks/UIFoundation.framework/Versions/A/UIFoundation
0x0000000015df1000 	/System/Library/PrivateFrameworks/DFRFoundation.framework/Versions/A/DFRFoundation
0x0000000015df1000 	/usr/lib/libenergytrace.dylib
0x0000000015df1000 	/System/Library/PrivateFrameworks/SkyLight.framework/Versions/A/SkyLight
0x0000000015df1000 	/System/Library/Frameworks/CoreGraphics.framework/Versions/A/CoreGraphics
0x0000000015df1000 	/usr/lib/libScreenReader.dylib
0x0000000015df1000 	/System/Library/Frameworks/Accelerate.framework/Versions/A/Accelerate
0x0000000015df1000 	/System/Library/Frameworks/IOSurface.framework/Versions/A/IOSurface
0x0000000015df1000 	/System/Library/Frameworks/AudioToolbox.framework/Versions/A/AudioToolbox
0x0000000015df1000 	/System/Library/Frameworks/AudioUnit.framework/Versions/A/AudioUnit
0x0000000015df1000 	/System/Library/PrivateFrameworks/DataDetectorsCore.framework/Versions/A/DataDetectorsCore
0x0000000015df1000 	/System/Library/PrivateFrameworks/DesktopServicesPriv.framework/Versions/A/DesktopServicesPriv
0x0000000015df1000 	/System/Library/Frameworks/Carbon.framework/Versions/A/Frameworks/HIToolbox.framework/Versions/A/HIToolbox
0x0000000015df1000 	/usr/lib/libicucore.A.dylib
0x0000000015df1000 	/System/Library/Frameworks/QuartzCore.framework/Versions/A/QuartzCore
0x0000000015df1000 	/System/Library/Frameworks/Carbon.framework/Versions/A/Frameworks/SpeechRecognition.framework/Versions/A/SpeechRecognition
0x0000000015df1000 	/usr/lib/libauto.dylib
0x0000000015df1000 	/usr/lib/libxml2.2.dylib
0x0000000015df1000 	/System/Library/PrivateFrameworks/CoreUI.framework/Versions/A/CoreUI
0x0000000015df1000 	/System/Library/Frameworks/CoreAudio.framework/Versions/A/CoreAudio
0x0000000015df1000 	/System/Library/Frameworks/DiskArbitration.framework/Versions/A/DiskArbitration
0x0000000015df1000 	/usr/lib/liblangid.dylib
0x0000000015df1000 	/System/Library/PrivateFrameworks/MultitouchSupport.framework/Versions/A/MultitouchSupport
0x000000010f228000 	/System/Library/Frameworks/IOKit.framework/Versions/A/IOKit
0x0000000015df1000 	/usr/lib/libDiagnosticMessagesClient.dylib
0x0000000015df1000 	/System/Library/Frameworks/CoreServices.framework/Versions/A/CoreServices
0x0000000015df1000 	/System/Library/PrivateFrameworks/PerformanceAnalysis.framework/Versions/A/PerformanceAnalysis
0x0000000015df1000 	/System/Library/PrivateFrameworks/GenerationalStorage.framework/Versions/A/GenerationalStorage
0x0000000015df1000 	/System/Library/Frameworks/OpenGL.framework/Versions/A/OpenGL
0x0000000015df1000 	/System/Library/Frameworks/CoreImage.framework/Versions/A/CoreImage
0x0000000015df1000 	/System/Library/Frameworks/CoreText.framework/Versions/A/CoreText
0x0000000015df1000 	/System/Library/Frameworks/ImageIO.framework/Versions/A/ImageIO
0x0000000015df1000 	/System/Library/PrivateFrameworks/Backup.framework/Versions/A/Backup
0x0000000015df1000 	/usr/lib/libarchive.2.dylib
0x000000010f306000 	/System/Library/Frameworks/CFNetwork.framework/Versions/A/CFNetwork
0x0000000015df1000 	/System/Library/Frameworks/SystemConfiguration.framework/Versions/A/SystemConfiguration
0x0000000015df1000 	/usr/lib/libCRFSuite.dylib
0x0000000015df1000 	/usr/lib/libc++.1.dylib
0x0000000015df1000 	/usr/lib/libc++abi.dylib
0x0000000015df1000 	/usr/lib/system/libcache.dylib
0x0000000015df1000 	/usr/lib/system/libcommonCrypto.dylib
0x0000000015df1000 	/usr/lib/system/libcompiler_rt.dylib
0x0000000015df1000 	/usr/lib/system/libcopyfile.dylib
0x0000000015df1000 	/usr/lib/system/libcorecrypto.dylib
0x0000000015df1000 	/usr/lib/system/libdispatch.dylib
0x000000010f9f1000 	/usr/lib/system/libdyld.dylib
0x0000000015df1000 	/usr/lib/system/libkeymgr.dylib
0x0000000015df1000 	/usr/lib/system/liblaunch.dylib
0x0000000015df1000 	/usr/lib/system/libmacho.dylib
0x0000000015df1000 	/usr/lib/system/libquarantine.dylib
0x0000000015df1000 	/usr/lib/system/libremovefile.dylib
0x0000000015df1000 	/usr/lib/system/libsystem_asl.dylib
0x0000000015df1000 	/usr/lib/system/libsystem_blocks.dylib
0x0000000015df1000 	/usr/lib/system/libsystem_c.dylib
0x0000000015df1000 	/usr/lib/system/libsystem_configuration.dylib
0x0000000015df1000 	/usr/lib/system/libsystem_coreservices.dylib
0x000000010fa02000 	/usr/lib/system/libsystem_coretls.dylib
0x0000000015df1000 	/usr/lib/system/libsystem_dnssd.dylib
0x0000000015df1000 	/usr/lib/system/libsystem_info.dylib
0x000000010fa29000 	/usr/lib/system/libsystem_kernel.dylib
0x0000000015df1000 	/usr/lib/system/libsystem_m.dylib
0x0000000015df1000 	/usr/lib/system/libsystem_malloc.dylib
0x0000000015df1000 	/usr/lib/system/libsystem_network.dylib
0x000000010fa6a000 	/usr/lib/system/libsystem_networkextension.dylib
0x0000000015df1000 	/usr/lib/system/libsystem_notify.dylib
0x0000000015df1000 	/usr/lib/system/libsystem_platform.dylib
0x0000000015df1000 	/usr/lib/system/libsystem_pthread.dylib
0x000000010fa81000 	/usr/lib/system/libsystem_sandbox.dylib
0x0000000015df1000 	/usr/lib/system/libsystem_secinit.dylib
0x000000010fa90000 	/usr/lib/system/libsystem_symptoms.dylib
0x000000010faa1000 	/usr/lib/system/libsystem_trace.dylib
0x0000000015df1000 	/usr/lib/system/libunwind.dylib
0x0000000015df1000 	/usr/lib/system/libxpc.dylib
0x0000000015df1000 	/usr/lib/libbsm.0.dylib
0x000000010fad6000 	/usr/lib/system/libkxld.dylib
0x0000000015df1000 	/usr/lib/libcoretls.dylib
0x0000000015df1000 	/usr/lib/libcoretls_cfhelpers.dylib
0x0000000015df1000 	/usr/lib/libxar.1.dylib
0x0000000015df1000 	/usr/lib/libsqlite3.dylib
0x0000000015df1000 	/usr/lib/libpam.2.dylib
0x0000000015df1000 	/usr/lib/libOpenScriptingUtil.dylib
0x0000000015df1000 	/usr/lib/libbz2.1.0.dylib
0x0000000015df1000 	/usr/lib/liblzma.5.dylib
0x0000000015df1000 	/usr/lib/libnetwork.dylib
0x0000000015df1000 	/usr/lib/libpcap.A.dylib
0x0000000015df1000 	/System/Library/Frameworks/CoreServices.framework/Versions/A/Frameworks/FSEvents.framework/Versions/A/FSEvents
0x0000000015df1000 	/System/Library/Frameworks/CoreServices.framework/Versions/A/Frameworks/CarbonCore.framework/Versions/A/CarbonCore
0x0000000015df1000 	/System/Library/Frameworks/CoreServices.framework/Versions/A/Frameworks/Metadata.framework/Versions/A/Metadata
0x0000000015df1000 	/System/Library/Frameworks/CoreServices.framework/Versions/A/Frameworks/OSServices.framework/Versions/A/OSServices
0x0000000015df1000 	/System/Library/Frameworks/CoreServices.framework/Versions/A/Frameworks/SearchKit.framework/Versions/A/SearchKit
0x0000000015df1000 	/System/Library/Frameworks/CoreServices.framework/Versions/A/Frameworks/AE.framework/Versions/A/AE
0x0000000015df1000 	/System/Library/Frameworks/CoreServices.framework/Versions/A/Frameworks/LaunchServices.framework/Versions/A/LaunchServices
0x0000000015df1000 	/System/Library/Frameworks/CoreServices.framework/Versions/A/Frameworks/DictionaryServices.framework/Versions/A/DictionaryServices
0x0000000015df1000 	/System/Library/Frameworks/CoreServices.framework/Versions/A/Frameworks/SharedFileList.framework/Versions/A/SharedFileList
0x0000000015df1000 	/System/Library/Frameworks/NetFS.framework/Versions/A/NetFS
0x0000000015df1000 	/System/Library/PrivateFrameworks/NetAuth.framework/Versions/A/NetAuth
0x0000000015df1000 	/System/Library/PrivateFrameworks/login.framework/Versions/A/Frameworks/loginsupport.framework/Versions/A/loginsupport
0x0000000015df1000 	/System/Library/PrivateFrameworks/TCC.framework/Versions/A/TCC
0x0000000015df1000 	/usr/lib/libmecabra.dylib
0x0000000015df1000 	/System/Library/Frameworks/ApplicationServices.framework/Versions/A/Frameworks/ATS.framework/Versions/A/ATS
0x0000000015df1000 	/System/Library/Frameworks/ApplicationServices.framework/Versions/A/Frameworks/ColorSync.framework/Versions/A/ColorSync
0x0000000015df1000 	/System/Library/Frameworks/ApplicationServices.framework/Versions/A/Frameworks/HIServices.framework/Versions/A/HIServices
0x0000000015df1000 	/System/Library/Frameworks/ApplicationServices.framework/Versions/A/Frameworks/LangAnalysis.framework/Versions/A/LangAnalysis
0x0000000015df1000 	/System/Library/Frameworks/ApplicationServices.framework/Versions/A/Frameworks/PrintCore.framework/Versions/A/PrintCore
0x0000000015df1000 	/System/Library/Frameworks/ApplicationServices.framework/Versions/A/Frameworks/QD.framework/Versions/A/QD
0x0000000015df1000 	/System/Library/Frameworks/ApplicationServices.framework/Versions/A/Frameworks/SpeechSynthesis.framework/Versions/A/SpeechSynthesis
0x0000000015df1000 	/System/Library/Frameworks/Accelerate.framework/Versions/A/Frameworks/vImage.framework/Versions/A/vImage
0x0000000015df1000 	/System/Library/Frameworks/Accelerate.framework/Versions/A/Frameworks/vecLib.framework/Versions/A/vecLib
0x0000000015df1000 	/System/Library/Frameworks/Accelerate.framework/Versions/A/Frameworks/vecLib.framework/Versions/A/libvDSP.dylib
0x0000000015df1000 	/System/Library/Frameworks/Accelerate.framework/Versions/A/Frameworks/vecLib.framework/Versions/A/libBNNS.dylib
0x0000000015df1000 	/System/Library/Frameworks/Accelerate.framework/Versions/A/Frameworks/vecLib.framework/Versions/A/libQuadrature.dylib
0x0000000015df1000 	/System/Library/Frameworks/Accelerate.framework/Versions/A/Frameworks/vecLib.framework/Versions/A/libvMisc.dylib
0x0000000015df1000 	/System/Library/Frameworks/Accelerate.framework/Versions/A/Frameworks/vecLib.framework/Versions/A/libLAPACK.dylib
0x0000000015df1000 	/System/Library/Frameworks/Accelerate.framework/Versions/A/Frameworks/vecLib.framework/Versions/A/libBLAS.dylib
0x0000000015df1000 	/System/Library/Frameworks/Accelerate.framework/Versions/A/Frameworks/vecLib.framework/Versions/A/libLinearAlgebra.dylib
0x0000000015df1000 	/System/Library/Frameworks/Accelerate.framework/Versions/A/Frameworks/vecLib.framework/Versions/A/libSparseBLAS.dylib
0x0000000015df1000 	/System/Library/Frameworks/ApplicationServices.framework/Versions/A/Frameworks/ATS.framework/Versions/A/Resources/libFontParser.dylib
0x0000000015df1000 	/System/Library/Frameworks/ApplicationServices.framework/Versions/A/Frameworks/ATS.framework/Versions/A/Resources/libFontRegistry.dylib
0x0000000015df1000 	/System/Library/Frameworks/ImageIO.framework/Versions/A/Resources/libJPEG.dylib
0x0000000015df1000 	/System/Library/Frameworks/ImageIO.framework/Versions/A/Resources/libTIFF.dylib
0x0000000015df1000 	/System/Library/Frameworks/ImageIO.framework/Versions/A/Resources/libPng.dylib
0x0000000015df1000 	/System/Library/Frameworks/ImageIO.framework/Versions/A/Resources/libGIF.dylib
0x0000000015df1000 	/System/Library/Frameworks/ImageIO.framework/Versions/A/Resources/libJP2.dylib
0x0000000015df1000 	/System/Library/Frameworks/ImageIO.framework/Versions/A/Resources/libRadiance.dylib
0x0000000015df1000 	/usr/lib/libcompression.dylib
0x0000000015df1000 	/System/Library/PrivateFrameworks/AppleJPEG.framework/Versions/A/AppleJPEG
0x0000000015df1000 	/usr/lib/libcups.2.dylib
0x0000000015df1000 	/System/Library/Frameworks/Kerberos.framework/Versions/A/Kerberos
0x0000000015df1000 	/System/Library/Frameworks/GSS.framework/Versions/A/GSS
0x0000000015df1000 	/usr/lib/libresolv.9.dylib
0x0000000015df1000 	/usr/lib/libiconv.2.dylib
0x0000000015df1000 	/System/Library/PrivateFrameworks/Heimdal.framework/Versions/A/Heimdal
0x0000000015df1000 	/usr/lib/libheimdal-asn1.dylib
0x0000000015df1000 	/System/Library/Frameworks/OpenDirectory.framework/Versions/A/OpenDirectory
0x0000000015df1000 	/System/Library/PrivateFrameworks/CommonAuth.framework/Versions/A/CommonAuth
0x0000000015df1000 	/System/Library/Frameworks/OpenDirectory.framework/Versions/A/Frameworks/CFOpenDirectory.framework/Versions/A/CFOpenDirectory
0x0000000015df1000 	/System/Library/Frameworks/SecurityFoundation.framework/Versions/A/SecurityFoundation
0x0000000015df1000 	/System/Library/PrivateFrameworks/LanguageModeling.framework/Versions/A/LanguageModeling
0x0000000015df1000 	/usr/lib/libmarisa.dylib
0x0000000015df1000 	/usr/lib/libChineseTokenizer.dylib
0x0000000015df1000 	/usr/lib/libcmph.dylib
0x0000000015df1000 	/System/Library/PrivateFrameworks/CoreEmoji.framework/Versions/A/CoreEmoji
0x0000000015df1000 	/System/Library/Frameworks/ServiceManagement.framework/Versions/A/ServiceManagement
0x0000000015df1000 	/usr/lib/libxslt.1.dylib
0x0000000015df1000 	/System/Library/Frameworks/Carbon.framework/Versions/A/Frameworks/Ink.framework/Versions/A/Ink
0x0000000015df1000 	/System/Library/PrivateFrameworks/TextureIO.framework/Versions/A/TextureIO
0x0000000015df1000 	/System/Library/Frameworks/Metal.framework/Versions/A/Metal
0x0000000015df1000 	/usr/lib/libate.dylib
0x0000000015df1000 	/System/Library/PrivateFrameworks/GPUCompiler.framework/libmetal_timestamp.dylib
0x0000000015df1000 	/System/Library/Frameworks/OpenGL.framework/Versions/A/Libraries/libCoreFSCache.dylib
0x0000000015df1000 	/System/Library/PrivateFrameworks/IOAccelerator.framework/Versions/A/IOAccelerator
0x0000000015df1000 	/System/Library/Frameworks/CoreVideo.framework/Versions/A/CoreVideo
0x0000000015df1000 	/usr/lib/libFosl_dynamic.dylib
0x0000000015df1000 	/System/Library/PrivateFrameworks/MetalPerformanceShaders.framework/Versions/A/MetalPerformanceShaders
0x0000000015df1000 	/System/Library/PrivateFrameworks/FaceCore.framework/Versions/A/FaceCore
0x0000000015df1000 	/System/Library/Frameworks/OpenCL.framework/Versions/A/OpenCL
0x0000000015df1000 	/System/Library/Frameworks/OpenGL.framework/Versions/A/Libraries/libGLU.dylib
0x0000000015df1000 	/System/Library/Frameworks/OpenGL.framework/Versions/A/Libraries/libGFXShared.dylib
0x0000000015df1000 	/System/Library/Frameworks/OpenGL.framework/Versions/A/Libraries/libGL.dylib
0x0000000015df1000 	/System/Library/Frameworks/OpenGL.framework/Versions/A/Libraries/libGLImage.dylib
0x0000000015df1000 	/System/Library/Frameworks/OpenGL.framework/Versions/A/Libraries/libCVMSPluginSupport.dylib
0x0000000015df1000 	/System/Library/Frameworks/OpenGL.framework/Versions/A/Libraries/libCoreVMClient.dylib
0x0000000015df1000 	/System/Library/PrivateFrameworks/CrashReporterSupport.framework/Versions/A/CrashReporterSupport
0x0000000015df1000 	/System/Library/PrivateFrameworks/Sharing.framework/Versions/A/Sharing
0x0000000015df1000 	/System/Library/PrivateFrameworks/IconServices.framework/Versions/A/IconServices
0x0000000015df1000 	/System/Library/PrivateFrameworks/ProtocolBuffer.framework/Versions/A/ProtocolBuffer
0x0000000015df1000 	/System/Library/PrivateFrameworks/Apple80211.framework/Versions/A/Apple80211
0x0000000015df1000 	/System/Library/Frameworks/CoreWLAN.framework/Versions/A/CoreWLAN
0x0000000015df1000 	/System/Library/PrivateFrameworks/CoreUtils.framework/Versions/A/CoreUtils
0x0000000015df1000 	/System/Library/Frameworks/IOBluetooth.framework/Versions/A/IOBluetooth
0x0000000015df1000 	/System/Library/PrivateFrameworks/CoreWiFi.framework/Versions/A/CoreWiFi
0x0000000015df1000 	/System/Library/Frameworks/CoreBluetooth.framework/Versions/A/CoreBluetooth
0x0000000015df1000 	/System/Library/Frameworks/CoreDisplay.framework/Versions/A/CoreDisplay
0x0000000015df1000 	/System/Library/PrivateFrameworks/IOPresentment.framework/Versions/A/IOPresentment
0x0000000015df1000 	/System/Library/PrivateFrameworks/DebugSymbols.framework/Versions/A/DebugSymbols
0x0000000015df1000 	/System/Library/PrivateFrameworks/CoreSymbolication.framework/Versions/A/CoreSymbolication
0x0000000015df1000 	/System/Library/PrivateFrameworks/Symbolication.framework/Versions/A/Symbolication
0x0000000015df1000 	/System/Library/PrivateFrameworks/AppleFSCompression.framework/Versions/A/AppleFSCompression
0x0000000015df1000 	/System/Library/PrivateFrameworks/SpeechRecognitionCore.framework/Versions/A/SpeechRecognitionCore
0x0000000015df1000 	/System/Library/PrivateFrameworks/ChunkingLibrary.framework/Versions/A/ChunkingLibrary
0x0000000110400000 	/Library/Java/JavaVirtualMachines/jdk1.8.0_101.jdk/Contents/Home/jre/lib/server/libjvm.dylib
0x0000000015df1000 	/usr/lib/libstdc++.6.dylib
0x000000010fb44000 	/Library/Java/JavaVirtualMachines/jdk1.8.0_101.jdk/Contents/Home/jre/lib/libverify.dylib
0x000000010fb52000 	/Library/Java/JavaVirtualMachines/jdk1.8.0_101.jdk/Contents/Home/jre/lib/libjava.dylib
0x000000010fb8f000 	/Library/Java/JavaVirtualMachines/jdk1.8.0_101.jdk/Contents/Home/jre/lib/libzip.dylib
0x0000000126d42000 	/System/Library/Frameworks/JavaVM.framework/Frameworks/JavaRuntimeSupport.framework/JavaRuntimeSupport
0x000000010fbe8000 	/System/Library/Frameworks/JavaVM.framework/Versions/A/Frameworks/JavaNativeFoundation.framework/Versions/A/JavaNativeFoundation
0x0000000126d5c000 	/System/Library/Frameworks/JavaVM.framework/Versions/A/JavaVM
0x0000000015df1000 	/System/Library/Frameworks/Carbon.framework/Versions/A/Carbon
0x0000000126d69000 	/System/Library/PrivateFrameworks/JavaLaunching.framework/Versions/A/JavaLaunching
0x0000000015df1000 	/System/Library/Frameworks/Carbon.framework/Versions/A/Frameworks/CommonPanels.framework/Versions/A/CommonPanels
0x0000000015df1000 	/System/Library/Frameworks/Carbon.framework/Versions/A/Frameworks/Help.framework/Versions/A/Help
0x0000000015df1000 	/System/Library/Frameworks/Carbon.framework/Versions/A/Frameworks/ImageCapture.framework/Versions/A/ImageCapture
0x0000000015df1000 	/System/Library/Frameworks/Carbon.framework/Versions/A/Frameworks/OpenScripting.framework/Versions/A/OpenScripting
0x0000000015df1000 	/System/Library/Frameworks/Carbon.framework/Versions/A/Frameworks/Print.framework/Versions/A/Print
0x0000000015df1000 	/System/Library/Frameworks/Carbon.framework/Versions/A/Frameworks/SecurityHI.framework/Versions/A/SecurityHI
0x0000000128698000 	/Library/Java/JavaVirtualMachines/jdk1.8.0_101.jdk/Contents/Home/jre/lib/libnet.dylib
0x00000001286f7000 	/Library/Java/JavaVirtualMachines/jdk1.8.0_101.jdk/Contents/Home/jre/lib/libnio.dylib
0x0000000128beb000 	/Users/elchroy/.gradle/native/19/osx-amd64/libnative-platform.dylib
0x0000000128bf0000 	/Users/elchroy/.gradle/native/19/osx-amd64/libnative-platform-curses.dylib
0x0000000015df1000 	/usr/lib/libncurses.5.4.dylib
0x0000000128bf4000 	/private/var/folders/3j/p0_wzk9d1ns47ybk3ng5x3w80000gn/T/jna2782775285766198492.tmp
0x0000000128c09000 	/Library/Java/JavaVirtualMachines/jdk1.8.0_101.jdk/Contents/Home/jre/lib/libmanagement.dylib

VM Arguments:
jvm_args: -Dorg.gradle.appname=gradlew 
java_command: org.gradle.wrapper.GradleWrapperMain installDebug
java_class_path (initial): /Users/elchroy/Roy/Code/rubyment/roymobile/android/gradle/wrapper/gradle-wrapper.jar
Launcher Type: SUN_STANDARD

Environment Variables:
PATH=/usr/local/opt/nvm/versions/node/v6.3.0/lib/node_modules/npm/bin/node-gyp-bin:/Users/elchroy/Roy/Code/rubyment/roymobile/node_modules/.bin:/usr/local/opt/nvm/versions/node/v6.3.0/bin:/Users/elchroy/.rvm/gems/ruby-2.3.0/bin:/Users/elchroy/.rvm/gems/ruby-2.3.0@global/bin:/Users/elchroy/.rvm/rubies/ruby-2.3.0/bin:/usr/local/opt/nvm/versions/node/v6.3.0/bin:/usr/local/mysql/bin:/usr/local/share/python:/usr/local/bin:/usr/bin:/bin:/usr/sbin:/sbin:/Users/elchroy/golang/src/github.com/andela/bin:/usr/local/opt/go/libexec/bin:/Users/elchroy/.rvm/bin:/Users/elchroy/Library/Android/sdk/tools:/Users/elchroy/Library/Android/sdk/platform-tools
SHELL=/bin/zsh

Signal Handlers:
SIGSEGV: [libjvm.dylib+0x5af145], sa_mask[0]=11111111011111110111111111111111, sa_flags=SA_ONSTACK|SA_RESTART|SA_SIGINFO
SIGBUS: [libjvm.dylib+0x5af145], sa_mask[0]=11111111011111110111111111111111, sa_flags=SA_RESTART|SA_SIGINFO
SIGFPE: [libjvm.dylib+0x48694c], sa_mask[0]=11111111011111110111111111111111, sa_flags=SA_RESTART|SA_SIGINFO
SIGPIPE: [libjvm.dylib+0x48694c], sa_mask[0]=11111111011111110111111111111111, sa_flags=SA_RESTART|SA_SIGINFO
SIGXFSZ: [libjvm.dylib+0x48694c], sa_mask[0]=11111111011111110111111111111111, sa_flags=SA_RESTART|SA_SIGINFO
SIGILL: [libjvm.dylib+0x48694c], sa_mask[0]=11111111011111110111111111111111, sa_flags=SA_RESTART|SA_SIGINFO
SIGUSR1: SIG_DFL, sa_mask[0]=11111111011111110111111111111111, sa_flags=none
SIGUSR2: [libjvm.dylib+0x48646a], sa_mask[0]=00000000000000000000000000000000, sa_flags=SA_RESTART|SA_SIGINFO
SIGHUP: [libjvm.dylib+0x484a41], sa_mask[0]=11111111011111110111111111111111, sa_flags=SA_RESTART|SA_SIGINFO
SIGINT: [libjvm.dylib+0x484a41], sa_mask[0]=11111111011111110111111111111111, sa_flags=SA_RESTART|SA_SIGINFO
SIGTERM: [libjvm.dylib+0x484a41], sa_mask[0]=11111111011111110111111111111111, sa_flags=SA_RESTART|SA_SIGINFO
SIGQUIT: [libjvm.dylib+0x484a41], sa_mask[0]=11111111011111110111111111111111, sa_flags=SA_RESTART|SA_SIGINFO


---------------  S Y S T E M  ---------------

OS:Bsduname:Darwin 16.4.0 Darwin Kernel Version 16.4.0: Thu Dec 22 22:53:21 PST 2016; root:xnu-3789.41.3~3/RELEASE_X86_64 x86_64
rlimit: STACK 8192k, CORE 0k, NPROC 709, NOFILE 10240, AS infinity
load average:5.12 5.60 5.16

CPU:total 4 (2 cores per cpu, 2 threads per core) family 6 model 61 stepping 4, cmov, cx8, fxsr, mmx, sse, sse2, sse3, ssse3, sse4.1, sse4.2, popcnt, avx, avx2, aes, clmul, erms, 3dnowpref, lzcnt, ht, tsc, tscinvbit, bmi1, bmi2, adx

Memory: 4k page, physical 8388608k(255892k free)

/proc/meminfo:


vm_info: Java HotSpot(TM) 64-Bit Server VM (25.101-b13) for bsd-amd64 JRE (1.8.0_101-b13), built on Jun 22 2016 02:42:15 by "java_re" with gcc 4.2.1 (Based on Apple Inc. build 5658) (LLVM build 2336.11.00)

time: Tue Feb  7 13:03:08 2017
elapsed time: 1 seconds (0d 0h 0m 1s)

