#
# A fatal error has been detected by the Java Runtime Environment:
#
#  SIGSEGV (0xb) at pc=0x000000010a086498, pid=37698, tid=0x0000000000000307
#
# JRE version: Java(TM) SE Runtime Environment (8.0_101-b13) (build 1.8.0_101-b13)
# Java VM: Java HotSpot(TM) 64-Bit Server VM (25.101-b13 mixed mode bsd-amd64 compressed oops)
# Problematic frame:
# V  [libjvm.dylib+0x486498]  SR_handler(int, __siginfo*, __darwin_ucontext*)+0x2e
#
# Failed to write core dump. Core dumps have been disabled. To enable core dumping, try "ulimit -c unlimited" before starting Java again
#
# If you would like to submit a bug report, please visit:
#   http://bugreport.java.com/bugreport/crash.jsp
#

---------------  T H R E A D  ---------------

Current thread is native thread

siginfo: si_signo: 11 (SIGSEGV), si_code: 1 (SEGV_MAPERR), si_addr: 0x0000000000000128

Registers:
RAX=0x0000000000000000, RBX=0x00007fff5727f7a0, RCX=0x00007fffa9547408, RDX=0x00007fff5727f7a0
RSP=0x00007fff5727f2d0, RBP=0x00007fff5727f300, RSI=0x00007fff5727f738, RDI=0x0000000000000103
R8 =0x00007fff5727f7a0, R9 =0x00000000ffffffff, R10=0x0000000000000c00, R11=0x0000000000000206
R12=0x0000000000000c00, R13=0x0000000000000000, R14=0x00007fff5727f738, R15=0x0000000000000002
RIP=0x000000010a086498, EFLAGS=0x0000000000010202, ERR=0x0000000000000004
  TRAPNO=0x000000000000000e

Top of Stack: (sp=0x00007fff5727f2d0)
0x00007fff5727f2d0:   0000000000000000 00007fff5727f7a0
0x00007fff5727f2e0:   0000000000000c00 0000000000000000
0x00007fff5727f2f0:   00007fff5727f9d0 0000000000000d03
0x00007fff5727f300:   00007fff5727f310 00007fffa0907bba
0x00007fff5727f310:   00007fff5727f8a0 0000000000015c00
0x00007fff5727f320:   00015d00a5f9b958 00007fffa93dd2d0
0x00007fff5727f330:   0100001f00000085 00007fff8b1a3680
0x00007fff5727f340:   0000000010004005 00000000ffffffff
0x00007fff5727f350:   00007fff5727f858 0000000000000000
0x00007fff5727f360:   00007fff5727f9d0 0000000007000806
0x00007fff5727f370:   00007fff5727f8a0 00007fff5727f858
0x00007fff5727f380:   0000000000000d03 00000000ffffffff
0x00007fff5727f390:   0000000000000c00 0000000000000206
0x00007fff5727f3a0:   0000000000000c00 0000000000000000
0x00007fff5727f3b0:   00007fff5727f9d0 0000000000000d03
0x00007fff5727f3c0:   00000001091be38a 0000000000000206
0x00007fff5727f3d0:   0000000000000007 0000000000000000
0x00007fff5727f3e0:   0000000000000000 0000000000000000
0x00007fff5727f3f0:   000000000000037f 0000000000000000
0x00007fff5727f400:   0000000000000000 0000ffff00001fa0
0x00007fff5727f410:   0000000000000000 000000000000ffff
0x00007fff5727f420:   0000000000000100 000000000000ffff
0x00007fff5727f430:   0000000000000000 0000000000000000
0x00007fff5727f440:   0000000000000000 0000000000000000
0x00007fff5727f450:   87bc000000000000 000000000000c00b
0x00007fff5727f460:   0000000000000000 0000000000000000
0x00007fff5727f470:   8000000000000000 0000000000004007
0x00007fff5727f480:   c060000000000000 000000000000400a
0x00007fff5727f490:   41be4a9b73aada01 0000000000000000
0x00007fff5727f4a0:   3fe55b402d16b980 0000000000000000
0x00007fff5727f4b0:   c3de3f691e32bc90 439c096e1cd43703
0x00007fff5727f4c0:   0000000000000000 0000000000000000 

Instructions: (pc=0x000000010a086498)
0x000000010a086478:   83 ec 08 48 89 d3 49 89 f6 e8 00 26 14 00 44 8b
0x000000010a086488:   38 48 8d 05 20 cd 3a 00 48 63 38 e8 ca 28 14 00
0x000000010a086498:   4c 8b a0 28 01 00 00 41 83 7c 24 34 01 0f 85 e2
0x000000010a0864a8:   00 00 00 49 89 5c 24 40 4d 89 74 24 38 49 8d 5c 

Register to memory mapping:

RAX=0x0000000000000000 is an unknown value
RBX=0x00007fff5727f7a0 is an unknown value
RCX=0x00007fffa9547408: _thread+0x48 in /usr/lib/system/libsystem_pthread.dylib at 0x00007fffa090e000
RDX=0x00007fff5727f7a0 is an unknown value
RSP=0x00007fff5727f2d0 is an unknown value
RBP=0x00007fff5727f300 is an unknown value
RSI=0x00007fff5727f738 is an unknown value
RDI=0x0000000000000103 is an unknown value
R8 =0x00007fff5727f7a0 is an unknown value
R9 =0x00000000ffffffff is an unknown value
R10=0x0000000000000c00 is an unknown value
R11=0x0000000000000206 is an unknown value
R12=0x0000000000000c00 is an unknown value
R13=0x0000000000000000 is an unknown value
R14=0x00007fff5727f738 is an unknown value
R15=0x0000000000000002 is an unknown value


Stack: [0x00007fff56a84000,0x00007fff57284000],  sp=0x00007fff5727f2d0,  free space=8172k
Native frames: (J=compiled Java code, j=interpreted, Vv=VM code, C=native code)
V  [libjvm.dylib+0x486498]  SR_handler(int, __siginfo*, __darwin_ucontext*)+0x2e
C  [libsystem_platform.dylib+0x2bba]  _sigtramp+0x1a
C  0x0000000000015c00
C  [CoreFoundation+0x88c94]  __CFRunLoopServiceMachPort+0xd4
C  [CoreFoundation+0x88121]  __CFRunLoopRun+0x551
C  [CoreFoundation+0x87974]  CFRunLoopRunSpecific+0x1a4
C  [java+0x6465]  CreateExecutionEnvironment+0x367
C  [java+0x218c]  JLI_Launch+0x7a0
C  [java+0x84c2]  main+0x65
C  [java+0x19e4]  start+0x34


---------------  P R O C E S S  ---------------

VM state:at safepoint (normal execution)

VM Mutex/Monitor currently owned by a thread:  ([mutex/lock_event])
[0x00007fcff8401b60] Threads_lock - owner thread: 0x00007fcff881d000

Heap:
 PSYoungGen      total 211456K, used 72580K [0x0000000795580000, 0x00000007a8f00000, 0x00000007c0000000)
  eden space 193536K, 28% used [0x0000000795580000,0x0000000798b31da0,0x00000007a1280000)
  from space 17920K, 98% used [0x00000007a1280000,0x00000007a23af570,0x00000007a2400000)
  to   space 20992K, 0% used [0x00000007a7a80000,0x00000007a7a80000,0x00000007a8f00000)
 ParOldGen       total 115200K, used 27427K [0x0000000740000000, 0x0000000747080000, 0x0000000795580000)
  object space 115200K, 23% used [0x0000000740000000,0x0000000741ac8d90,0x0000000747080000)
 Metaspace       used 40071K, capacity 41380K, committed 41560K, reserved 1085440K
  class space    used 5651K, capacity 6212K, committed 6272K, reserved 1048576K

Card table byte_map: [0x000000010af5d000,0x000000010b35e000] byte_map_base: 0x000000010755d000

Marking Bits: (ParMarkBitMap*) 0x000000010a4edd20
 Begin Bits: [0x000000010b609000, 0x000000010d609000)
 End Bits:   [0x000000010d609000, 0x000000010f609000)

Polling page: 0x00000001089a4000

CodeCache: size=245760Kb used=14282Kb max_used=14282Kb free=231477Kb
 bounds [0x0000000111b88000, 0x0000000112988000, 0x0000000120b88000]
 total_blobs=4860 nmethods=4195 adapters=577
 compilation: enabled

Compilation events (10 events):
Event: 12.813 Thread 0x00007fcff9051800 4274   !   3       java.util.concurrent.CopyOnWriteArrayList::add (59 bytes)
Event: 12.814 Thread 0x00007fcff9051800 nmethod 4274 0x000000011297df90 code [0x000000011297e180, 0x000000011297ec58]
Event: 12.814 Thread 0x00007fcff9051800 4275       3       org.gradle.internal.concurrent.CompositeStoppable::toStoppable (37 bytes)
Event: 12.814 Thread 0x00007fcff9051800 nmethod 4275 0x000000011297b050 code [0x000000011297b200, 0x000000011297b910]
Event: 12.815 Thread 0x00007fcff9051800 4277       3       java.util.concurrent.CopyOnWriteArrayList$COWIterator::next (32 bytes)
Event: 12.815 Thread 0x00007fcff9051800 nmethod 4277 0x000000011297f190 code [0x000000011297f320, 0x000000011297f6e8]
Event: 12.815 Thread 0x00007fcff9051800 4280   !   3       org.gradle.internal.service.DefaultServiceRegistry$ManagedObjectProvider::stop (66 bytes)
Event: 12.816 Thread 0x00007fcff9051800 nmethod 4280 0x000000011297f850 code [0x000000011297faa0, 0x0000000112980888]
Event: 12.817 Thread 0x00007fcff9051800 4282       1       java.util.logging.LogManager::access$500 (5 bytes)
Event: 12.818 Thread 0x00007fcff9051800 nmethod 4282 0x0000000112981290 code [0x00000001129813e0, 0x00000001129814d0]

GC Heap History (10 events):
Event: 2.396 GC heap before
{Heap before GC invocations=5 (full 1):
 PSYoungGen      total 138240K, used 5088K [0x0000000795580000, 0x000000079e180000, 0x00000007c0000000)
  eden space 133120K, 0% used [0x0000000795580000,0x0000000795580000,0x000000079d780000)
  from space 5120K, 99% used [0x000000079dc80000,0x000000079e178040,0x000000079e180000)
  to   space 5120K, 0% used [0x000000079d780000,0x000000079d780000,0x000000079dc80000)
 ParOldGen       total 87552K, used 9382K [0x0000000740000000, 0x0000000745580000, 0x0000000795580000)
  object space 87552K, 10% used [0x0000000740000000,0x0000000740929968,0x0000000745580000)
 Metaspace       used 20814K, capacity 21118K, committed 21248K, reserved 1067008K
  class space    used 2828K, capacity 2978K, committed 3072K, reserved 1048576K
Event: 2.470 GC heap after
Heap after GC invocations=5 (full 1):
 PSYoungGen      total 138240K, used 0K [0x0000000795580000, 0x000000079e180000, 0x00000007c0000000)
  eden space 133120K, 0% used [0x0000000795580000,0x0000000795580000,0x000000079d780000)
  from space 5120K, 0% used [0x000000079dc80000,0x000000079dc80000,0x000000079e180000)
  to   space 5120K, 0% used [0x000000079d780000,0x000000079d780000,0x000000079dc80000)
 ParOldGen       total 65024K, used 8906K [0x0000000740000000, 0x0000000743f80000, 0x0000000795580000)
  object space 65024K, 13% used [0x0000000740000000,0x00000007408b2858,0x0000000743f80000)
 Metaspace       used 20814K, capacity 21118K, committed 21248K, reserved 1067008K
  class space    used 2828K, capacity 2978K, committed 3072K, reserved 1048576K
}
Event: 4.186 GC heap before
{Heap before GC invocations=6 (full 1):
 PSYoungGen      total 138240K, used 133120K [0x0000000795580000, 0x000000079e180000, 0x00000007c0000000)
  eden space 133120K, 100% used [0x0000000795580000,0x000000079d780000,0x000000079d780000)
  from space 5120K, 0% used [0x000000079dc80000,0x000000079dc80000,0x000000079e180000)
  to   space 5120K, 0% used [0x000000079d780000,0x000000079d780000,0x000000079dc80000)
 ParOldGen       total 65024K, used 8906K [0x0000000740000000, 0x0000000743f80000, 0x0000000795580000)
  object space 65024K, 13% used [0x0000000740000000,0x00000007408b2858,0x0000000743f80000)
 Metaspace       used 29461K, capacity 30220K, committed 30464K, reserved 1075200K
  class space    used 4036K, capacity 4315K, committed 4352K, reserved 1048576K
Event: 4.214 GC heap after
Heap after GC invocations=6 (full 1):
 PSYoungGen      total 138240K, used 5120K [0x0000000795580000, 0x00000007a3300000, 0x00000007c0000000)
  eden space 133120K, 0% used [0x0000000795580000,0x0000000795580000,0x000000079d780000)
  from space 5120K, 100% used [0x000000079d780000,0x000000079dc80000,0x000000079dc80000)
  to   space 15360K, 0% used [0x00000007a2400000,0x00000007a2400000,0x00000007a3300000)
 ParOldGen       total 65024K, used 18107K [0x0000000740000000, 0x0000000743f80000, 0x0000000795580000)
  object space 65024K, 27% used [0x0000000740000000,0x00000007411aee90,0x0000000743f80000)
 Metaspace       used 29461K, capacity 30220K, committed 30464K, reserved 1075200K
  class space    used 4036K, capacity 4315K, committed 4352K, reserved 1048576K
}
Event: 5.223 GC heap before
{Heap before GC invocations=7 (full 1):
 PSYoungGen      total 138240K, used 87273K [0x0000000795580000, 0x00000007a3300000, 0x00000007c0000000)
  eden space 133120K, 61% used [0x0000000795580000,0x000000079a5ba6c0,0x000000079d780000)
  from space 5120K, 100% used [0x000000079d780000,0x000000079dc80000,0x000000079dc80000)
  to   space 15360K, 0% used [0x00000007a2400000,0x00000007a2400000,0x00000007a3300000)
 ParOldGen       total 65024K, used 18107K [0x0000000740000000, 0x0000000743f80000, 0x0000000795580000)
  object space 65024K, 27% used [0x0000000740000000,0x00000007411aee90,0x0000000743f80000)
 Metaspace       used 34348K, capacity 35304K, committed 35416K, reserved 1079296K
  class space    used 4787K, capacity 5198K, committed 5248K, reserved 1048576K
Event: 5.246 GC heap after
Heap after GC invocations=7 (full 1):
 PSYoungGen      total 208896K, used 15357K [0x0000000795580000, 0x00000007a3680000, 0x00000007c0000000)
  eden space 193536K, 0% used [0x0000000795580000,0x0000000795580000,0x00000007a1280000)
  from space 15360K, 99% used [0x00000007a2400000,0x00000007a32ff650,0x00000007a3300000)
  to   space 17920K, 0% used [0x00000007a1280000,0x00000007a1280000,0x00000007a2400000)
 ParOldGen       total 65024K, used 18625K [0x0000000740000000, 0x0000000743f80000, 0x0000000795580000)
  object space 65024K, 28% used [0x0000000740000000,0x0000000741230738,0x0000000743f80000)
 Metaspace       used 34348K, capacity 35304K, committed 35416K, reserved 1079296K
  class space    used 4787K, capacity 5198K, committed 5248K, reserved 1048576K
}
Event: 5.246 GC heap before
{Heap before GC invocations=8 (full 2):
 PSYoungGen      total 208896K, used 15357K [0x0000000795580000, 0x00000007a3680000, 0x00000007c0000000)
  eden space 193536K, 0% used [0x0000000795580000,0x0000000795580000,0x00000007a1280000)
  from space 15360K, 99% used [0x00000007a2400000,0x00000007a32ff650,0x00000007a3300000)
  to   space 17920K, 0% used [0x00000007a1280000,0x00000007a1280000,0x00000007a2400000)
 ParOldGen       total 65024K, used 18625K [0x0000000740000000, 0x0000000743f80000, 0x0000000795580000)
  object space 65024K, 28% used [0x0000000740000000,0x0000000741230738,0x0000000743f80000)
 Metaspace       used 34348K, capacity 35304K, committed 35416K, reserved 1079296K
  class space    used 4787K, capacity 5198K, committed 5248K, reserved 1048576K
Event: 5.337 GC heap after
Heap after GC invocations=8 (full 2):
 PSYoungGen      total 208896K, used 0K [0x0000000795580000, 0x00000007a3680000, 0x00000007c0000000)
  eden space 193536K, 0% used [0x0000000795580000,0x0000000795580000,0x00000007a1280000)
  from space 15360K, 0% used [0x00000007a2400000,0x00000007a2400000,0x00000007a3300000)
  to   space 17920K, 0% used [0x00000007a1280000,0x00000007a1280000,0x00000007a2400000)
 ParOldGen       total 115200K, used 27419K [0x0000000740000000, 0x0000000747080000, 0x0000000795580000)
  object space 115200K, 23% used [0x0000000740000000,0x0000000741ac6d90,0x0000000747080000)
 Metaspace       used 34348K, capacity 35304K, committed 35416K, reserved 1079296K
  class space    used 4787K, capacity 5198K, committed 5248K, reserved 1048576K
}
Event: 7.366 GC heap before
{Heap before GC invocations=9 (full 2):
 PSYoungGen      total 208896K, used 193536K [0x0000000795580000, 0x00000007a3680000, 0x00000007c0000000)
  eden space 193536K, 100% used [0x0000000795580000,0x00000007a1280000,0x00000007a1280000)
  from space 15360K, 0% used [0x00000007a2400000,0x00000007a2400000,0x00000007a3300000)
  to   space 17920K, 0% used [0x00000007a1280000,0x00000007a1280000,0x00000007a2400000)
 ParOldGen       total 115200K, used 27419K [0x0000000740000000, 0x0000000747080000, 0x0000000795580000)
  object space 115200K, 23% used [0x0000000740000000,0x0000000741ac6d90,0x0000000747080000)
 Metaspace       used 39022K, capacity 40188K, committed 40280K, reserved 1083392K
  class space    used 5487K, capacity 5980K, committed 6016K, reserved 1048576K
Event: 7.410 GC heap after
Heap after GC invocations=9 (full 2):
 PSYoungGen      total 211456K, used 17597K [0x0000000795580000, 0x00000007a8f00000, 0x00000007c0000000)
  eden space 193536K, 0% used [0x0000000795580000,0x0000000795580000,0x00000007a1280000)
  from space 17920K, 98% used [0x00000007a1280000,0x00000007a23af570,0x00000007a2400000)
  to   space 20992K, 0% used [0x00000007a7a80000,0x00000007a7a80000,0x00000007a8f00000)
 ParOldGen       total 115200K, used 27427K [0x0000000740000000, 0x0000000747080000, 0x0000000795580000)
  object space 115200K, 23% used [0x0000000740000000,0x0000000741ac8d90,0x0000000747080000)
 Metaspace       used 39022K, capacity 40188K, committed 40280K, reserved 1083392K
  class space    used 5487K, capacity 5980K, committed 6016K, reserved 1048576K
}

Deoptimization events (10 events):
Event: 9.460 Thread 0x00007fcffa001000 Uncommon trap: reason=unstable_if action=reinterpret pc=0x000000011293a8b0 method=java.nio.Buffer.hasRemaining()Z @ 8
Event: 9.460 Thread 0x00007fcffa001000 Uncommon trap: reason=unstable_if action=reinterpret pc=0x000000011293bb04 method=sun.nio.ch.IOUtil.writeFromNativeBuffer(Ljava/io/FileDescriptor;Ljava/nio/ByteBuffer;JLsun/nio/ch/NativeDispatcher;)I @ 121
Event: 9.460 Thread 0x00007fcffa001000 Uncommon trap: reason=unstable_if action=reinterpret pc=0x000000011293143c method=java.nio.Buffer.hasRemaining()Z @ 8
Event: 9.605 Thread 0x00007fcffa001000 Uncommon trap: reason=unstable_if action=reinterpret pc=0x000000011296e7a0 method=com.android.ddmlib.AdbHelper.executeRemoteCommand(Ljava/net/InetSocketAddress;Lcom/android/ddmlib/AdbHelper$AdbService;Ljava/lang/String;Lcom/android/ddmlib/IDevice;Lcom/and
Event: 9.663 Thread 0x00007fcffa001000 Uncommon trap: reason=unstable_if action=reinterpret pc=0x00000001129367d8 method=java.nio.channels.spi.AbstractInterruptibleChannel.end(Z)V @ 31
Event: 9.664 Thread 0x00007fcffa001000 Uncommon trap: reason=unstable_if action=reinterpret pc=0x000000011293571c method=java.nio.channels.spi.AbstractInterruptibleChannel.begin()V @ 4
Event: 12.792 Thread 0x00007fcffa001000 Uncommon trap: reason=bimorphic action=maybe_recompile pc=0x00000001121b7498 method=java.io.DataOutputStream.writeByte(I)V @ 5
Event: 12.792 Thread 0x00007fcffa001000 Uncommon trap: reason=bimorphic action=maybe_recompile pc=0x00000001121b7498 method=java.io.DataOutputStream.writeByte(I)V @ 5
Event: 12.809 Thread 0x00007fcffa001000 Uncommon trap: reason=class_check action=maybe_recompile pc=0x00000001128da72c method=java.util.HashMap.removeNode(ILjava/lang/Object;Ljava/lang/Object;ZZ)Ljava/util/HashMap$Node; @ 68
Event: 12.815 Thread 0x00007fcffa001000 Uncommon trap: reason=class_check action=maybe_recompile pc=0x00000001128da72c method=java.util.HashMap.removeNode(ILjava/lang/Object;Ljava/lang/Object;ZZ)Ljava/util/HashMap$Node; @ 68

Internal exceptions (10 events):
Event: 8.913 Thread 0x00007fcffa001000 Exception <a 'java/lang/ClassNotFoundException': com/google/common/collect/ImmutableCollectionBeanInfo> (0x00000007972f0020) thrown at [/HUDSON3/workspace/8-2-build-macosx-x86_64/jdk8u101/7261/hotspot/src/share/vm/classfile/systemDictionary.cpp, line 210]
Event: 8.914 Thread 0x00007fcffa001000 Exception <a 'java/lang/ClassNotFoundException': com/google/common/collect/ImmutableCollectionCustomizer> (0x00000007972fd180) thrown at [/HUDSON3/workspace/8-2-build-macosx-x86_64/jdk8u101/7261/hotspot/src/share/vm/classfile/systemDictionary.cpp, line 21
Event: 8.915 Thread 0x00007fcffa001000 Exception <a 'java/lang/ClassNotFoundException': com/google/common/collect/ImmutableListCustomizer> (0x0000000797319e28) thrown at [/HUDSON3/workspace/8-2-build-macosx-x86_64/jdk8u101/7261/hotspot/src/share/vm/classfile/systemDictionary.cpp, line 210]
Event: 8.917 Thread 0x00007fcffa001000 Exception <a 'java/lang/ClassNotFoundException': com/google/common/collect/SingletonImmutableListCustomizer> (0x0000000797360f70) thrown at [/HUDSON3/workspace/8-2-build-macosx-x86_64/jdk8u101/7261/hotspot/src/share/vm/classfile/systemDictionary.cpp, line
Event: 8.919 Thread 0x00007fcffa001000 Exception <a 'java/lang/ClassNotFoundException': com/android/build/gradle/api/ApkOutputFileBeanInfo> (0x00000007981cbc78) thrown at [/HUDSON3/workspace/8-2-build-macosx-x86_64/jdk8u101/7261/hotspot/src/share/vm/classfile/systemDictionary.cpp, line 210]
Event: 8.919 Thread 0x00007fcffa001000 Exception <a 'java/lang/ClassNotFoundException': com/android/build/gradle/api/ApkOutputFileCustomizer> (0x00000007981d7ca8) thrown at [/HUDSON3/workspace/8-2-build-macosx-x86_64/jdk8u101/7261/hotspot/src/share/vm/classfile/systemDictionary.cpp, line 210]
Event: 8.969 Thread 0x00007fcffa001000 Exception <a 'java/lang/ClassNotFoundException': com/android/ide/common/build/SplitOutputMatcherBeanInfo> (0x0000000798239210) thrown at [/HUDSON3/workspace/8-2-build-macosx-x86_64/jdk8u101/7261/hotspot/src/share/vm/classfile/systemDictionary.cpp, line 21
Event: 8.969 Thread 0x00007fcffa001000 Exception <a 'java/lang/ClassNotFoundException': com/android/ide/common/build/SplitOutputMatcherCustomizer> (0x0000000798245b08) thrown at [/HUDSON3/workspace/8-2-build-macosx-x86_64/jdk8u101/7261/hotspot/src/share/vm/classfile/systemDictionary.cpp, line 
Event: 12.805 Thread 0x00007fcffa001000 Exception <a 'java/lang/ClassNotFoundException': com/android/build/gradle/internal/LibraryCacheBeanInfo> (0x00000007983c5b88) thrown at [/HUDSON3/workspace/8-2-build-macosx-x86_64/jdk8u101/7261/hotspot/src/share/vm/classfile/systemDictionary.cpp, line 210
Event: 12.805 Thread 0x00007fcffa001000 Exception <a 'java/lang/ClassNotFoundException': com/android/build/gradle/internal/LibraryCacheCustomizer> (0x00000007983d6a40) thrown at [/HUDSON3/workspace/8-2-build-macosx-x86_64/jdk8u101/7261/hotspot/src/share/vm/classfile/systemDictionary.cpp, line 2

Events (10 events):
Event: 12.815 Thread 0x00007fcffa001000 Uncommon trap: trap_request=0xffffffde fr.pc=0x00000001128da72c
Event: 12.815 Thread 0x00007fcffa001000 DEOPT PACKING pc=0x00000001128da72c sp=0x0000700005af6d10
Event: 12.815 Thread 0x00007fcffa001000 DEOPT UNPACKING pc=0x0000000111b8d229 sp=0x0000700005af6c90 mode 2
Event: 12.816 loading class org/gradle/launcher/bootstrap/ProcessCompleter
Event: 12.816 loading class org/gradle/launcher/bootstrap/ProcessCompleter done
Event: 12.817 Thread 0x00007fcffea10000 Thread added: 0x00007fcffea10000
Event: 12.817 Thread 0x00007fcffea11000 Thread added: 0x00007fcffea11000
Event: 12.817 Thread 0x00007fcffea11000 Thread exited: 0x00007fcffea11000
Event: 12.817 Thread 0x00007fcffea10000 Thread exited: 0x00007fcffea10000
Event: 12.818 Executing VM operation: Exit


Dynamic libraries:
0x0000000015df1000 	/System/Library/Frameworks/Cocoa.framework/Versions/A/Cocoa
0x0000000015df1000 	/System/Library/Frameworks/Security.framework/Versions/A/Security
0x0000000015df1000 	/System/Library/Frameworks/ApplicationServices.framework/Versions/A/ApplicationServices
0x0000000015df1000 	/usr/lib/libz.1.dylib
0x0000000108999000 	/usr/lib/libSystem.B.dylib
0x0000000015df1000 	/usr/lib/libobjc.A.dylib
0x0000000015df1000 	/System/Library/Frameworks/CoreFoundation.framework/Versions/A/CoreFoundation
0x0000000015df1000 	/System/Library/Frameworks/Foundation.framework/Versions/C/Foundation
0x0000000015df1000 	/System/Library/Frameworks/AppKit.framework/Versions/C/AppKit
0x0000000015df1000 	/System/Library/Frameworks/CoreData.framework/Versions/A/CoreData
0x0000000015df1000 	/System/Library/PrivateFrameworks/RemoteViewServices.framework/Versions/A/RemoteViewServices
0x0000000015df1000 	/System/Library/PrivateFrameworks/UIFoundation.framework/Versions/A/UIFoundation
0x0000000015df1000 	/System/Library/PrivateFrameworks/DFRFoundation.framework/Versions/A/DFRFoundation
0x0000000015df1000 	/usr/lib/libenergytrace.dylib
0x0000000015df1000 	/System/Library/PrivateFrameworks/SkyLight.framework/Versions/A/SkyLight
0x0000000015df1000 	/System/Library/Frameworks/CoreGraphics.framework/Versions/A/CoreGraphics
0x0000000015df1000 	/usr/lib/libScreenReader.dylib
0x0000000015df1000 	/System/Library/Frameworks/Accelerate.framework/Versions/A/Accelerate
0x0000000015df1000 	/System/Library/Frameworks/IOSurface.framework/Versions/A/IOSurface
0x0000000015df1000 	/System/Library/Frameworks/AudioToolbox.framework/Versions/A/AudioToolbox
0x0000000015df1000 	/System/Library/Frameworks/AudioUnit.framework/Versions/A/AudioUnit
0x0000000015df1000 	/System/Library/PrivateFrameworks/DataDetectorsCore.framework/Versions/A/DataDetectorsCore
0x0000000015df1000 	/System/Library/PrivateFrameworks/DesktopServicesPriv.framework/Versions/A/DesktopServicesPriv
0x0000000015df1000 	/System/Library/Frameworks/Carbon.framework/Versions/A/Frameworks/HIToolbox.framework/Versions/A/HIToolbox
0x0000000015df1000 	/usr/lib/libicucore.A.dylib
0x0000000015df1000 	/System/Library/Frameworks/QuartzCore.framework/Versions/A/QuartzCore
0x0000000015df1000 	/System/Library/Frameworks/Carbon.framework/Versions/A/Frameworks/SpeechRecognition.framework/Versions/A/SpeechRecognition
0x0000000015df1000 	/usr/lib/libauto.dylib
0x0000000015df1000 	/usr/lib/libxml2.2.dylib
0x0000000015df1000 	/System/Library/PrivateFrameworks/CoreUI.framework/Versions/A/CoreUI
0x0000000015df1000 	/System/Library/Frameworks/CoreAudio.framework/Versions/A/CoreAudio
0x0000000015df1000 	/System/Library/Frameworks/DiskArbitration.framework/Versions/A/DiskArbitration
0x0000000015df1000 	/usr/lib/liblangid.dylib
0x0000000015df1000 	/System/Library/PrivateFrameworks/MultitouchSupport.framework/Versions/A/MultitouchSupport
0x00000001089a5000 	/System/Library/Frameworks/IOKit.framework/Versions/A/IOKit
0x0000000015df1000 	/usr/lib/libDiagnosticMessagesClient.dylib
0x0000000015df1000 	/System/Library/Frameworks/CoreServices.framework/Versions/A/CoreServices
0x0000000015df1000 	/System/Library/PrivateFrameworks/PerformanceAnalysis.framework/Versions/A/PerformanceAnalysis
0x0000000015df1000 	/System/Library/PrivateFrameworks/GenerationalStorage.framework/Versions/A/GenerationalStorage
0x0000000015df1000 	/System/Library/Frameworks/OpenGL.framework/Versions/A/OpenGL
0x0000000015df1000 	/System/Library/Frameworks/CoreImage.framework/Versions/A/CoreImage
0x0000000015df1000 	/System/Library/Frameworks/CoreText.framework/Versions/A/CoreText
0x0000000015df1000 	/System/Library/Frameworks/ImageIO.framework/Versions/A/ImageIO
0x0000000015df1000 	/System/Library/PrivateFrameworks/Backup.framework/Versions/A/Backup
0x0000000015df1000 	/usr/lib/libarchive.2.dylib
0x0000000108a84000 	/System/Library/Frameworks/CFNetwork.framework/Versions/A/CFNetwork
0x0000000015df1000 	/System/Library/Frameworks/SystemConfiguration.framework/Versions/A/SystemConfiguration
0x0000000015df1000 	/usr/lib/libCRFSuite.dylib
0x0000000015df1000 	/usr/lib/libc++.1.dylib
0x0000000015df1000 	/usr/lib/libc++abi.dylib
0x0000000015df1000 	/usr/lib/system/libcache.dylib
0x0000000015df1000 	/usr/lib/system/libcommonCrypto.dylib
0x0000000015df1000 	/usr/lib/system/libcompiler_rt.dylib
0x0000000015df1000 	/usr/lib/system/libcopyfile.dylib
0x0000000015df1000 	/usr/lib/system/libcorecrypto.dylib
0x0000000015df1000 	/usr/lib/system/libdispatch.dylib
0x000000010916e000 	/usr/lib/system/libdyld.dylib
0x0000000015df1000 	/usr/lib/system/libkeymgr.dylib
0x0000000015df1000 	/usr/lib/system/liblaunch.dylib
0x0000000015df1000 	/usr/lib/system/libmacho.dylib
0x0000000015df1000 	/usr/lib/system/libquarantine.dylib
0x0000000015df1000 	/usr/lib/system/libremovefile.dylib
0x0000000015df1000 	/usr/lib/system/libsystem_asl.dylib
0x0000000015df1000 	/usr/lib/system/libsystem_blocks.dylib
0x0000000015df1000 	/usr/lib/system/libsystem_c.dylib
0x0000000015df1000 	/usr/lib/system/libsystem_configuration.dylib
0x0000000015df1000 	/usr/lib/system/libsystem_coreservices.dylib
0x0000000109182000 	/usr/lib/system/libsystem_coretls.dylib
0x0000000015df1000 	/usr/lib/system/libsystem_dnssd.dylib
0x0000000015df1000 	/usr/lib/system/libsystem_info.dylib
0x00000001091ac000 	/usr/lib/system/libsystem_kernel.dylib
0x0000000015df1000 	/usr/lib/system/libsystem_m.dylib
0x0000000015df1000 	/usr/lib/system/libsystem_malloc.dylib
0x0000000015df1000 	/usr/lib/system/libsystem_network.dylib
0x00000001091e6000 	/usr/lib/system/libsystem_networkextension.dylib
0x0000000015df1000 	/usr/lib/system/libsystem_notify.dylib
0x0000000015df1000 	/usr/lib/system/libsystem_platform.dylib
0x0000000015df1000 	/usr/lib/system/libsystem_pthread.dylib
0x0000000109200000 	/usr/lib/system/libsystem_sandbox.dylib
0x0000000015df1000 	/usr/lib/system/libsystem_secinit.dylib
0x000000010920e000 	/usr/lib/system/libsystem_symptoms.dylib
0x0000000109221000 	/usr/lib/system/libsystem_trace.dylib
0x0000000015df1000 	/usr/lib/system/libunwind.dylib
0x0000000015df1000 	/usr/lib/system/libxpc.dylib
0x0000000015df1000 	/usr/lib/libbsm.0.dylib
0x0000000109258000 	/usr/lib/system/libkxld.dylib
0x0000000015df1000 	/usr/lib/libcoretls.dylib
0x0000000015df1000 	/usr/lib/libcoretls_cfhelpers.dylib
0x0000000015df1000 	/usr/lib/libxar.1.dylib
0x0000000015df1000 	/usr/lib/libsqlite3.dylib
0x0000000015df1000 	/usr/lib/libpam.2.dylib
0x0000000015df1000 	/usr/lib/libOpenScriptingUtil.dylib
0x0000000015df1000 	/usr/lib/libbz2.1.0.dylib
0x0000000015df1000 	/usr/lib/liblzma.5.dylib
0x0000000015df1000 	/usr/lib/libnetwork.dylib
0x0000000015df1000 	/usr/lib/libpcap.A.dylib
0x0000000015df1000 	/System/Library/Frameworks/CoreServices.framework/Versions/A/Frameworks/FSEvents.framework/Versions/A/FSEvents
0x0000000015df1000 	/System/Library/Frameworks/CoreServices.framework/Versions/A/Frameworks/CarbonCore.framework/Versions/A/CarbonCore
0x0000000015df1000 	/System/Library/Frameworks/CoreServices.framework/Versions/A/Frameworks/Metadata.framework/Versions/A/Metadata
0x0000000015df1000 	/System/Library/Frameworks/CoreServices.framework/Versions/A/Frameworks/OSServices.framework/Versions/A/OSServices
0x0000000015df1000 	/System/Library/Frameworks/CoreServices.framework/Versions/A/Frameworks/SearchKit.framework/Versions/A/SearchKit
0x0000000015df1000 	/System/Library/Frameworks/CoreServices.framework/Versions/A/Frameworks/AE.framework/Versions/A/AE
0x0000000015df1000 	/System/Library/Frameworks/CoreServices.framework/Versions/A/Frameworks/LaunchServices.framework/Versions/A/LaunchServices
0x0000000015df1000 	/System/Library/Frameworks/CoreServices.framework/Versions/A/Frameworks/DictionaryServices.framework/Versions/A/DictionaryServices
0x0000000015df1000 	/System/Library/Frameworks/CoreServices.framework/Versions/A/Frameworks/SharedFileList.framework/Versions/A/SharedFileList
0x0000000015df1000 	/System/Library/Frameworks/NetFS.framework/Versions/A/NetFS
0x0000000015df1000 	/System/Library/PrivateFrameworks/NetAuth.framework/Versions/A/NetAuth
0x0000000015df1000 	/System/Library/PrivateFrameworks/login.framework/Versions/A/Frameworks/loginsupport.framework/Versions/A/loginsupport
0x0000000015df1000 	/System/Library/PrivateFrameworks/TCC.framework/Versions/A/TCC
0x0000000015df1000 	/usr/lib/libmecabra.dylib
0x0000000015df1000 	/System/Library/Frameworks/ApplicationServices.framework/Versions/A/Frameworks/ATS.framework/Versions/A/ATS
0x0000000015df1000 	/System/Library/Frameworks/ApplicationServices.framework/Versions/A/Frameworks/ColorSync.framework/Versions/A/ColorSync
0x0000000015df1000 	/System/Library/Frameworks/ApplicationServices.framework/Versions/A/Frameworks/HIServices.framework/Versions/A/HIServices
0x0000000015df1000 	/System/Library/Frameworks/ApplicationServices.framework/Versions/A/Frameworks/LangAnalysis.framework/Versions/A/LangAnalysis
0x0000000015df1000 	/System/Library/Frameworks/ApplicationServices.framework/Versions/A/Frameworks/PrintCore.framework/Versions/A/PrintCore
0x0000000015df1000 	/System/Library/Frameworks/ApplicationServices.framework/Versions/A/Frameworks/QD.framework/Versions/A/QD
0x0000000015df1000 	/System/Library/Frameworks/ApplicationServices.framework/Versions/A/Frameworks/SpeechSynthesis.framework/Versions/A/SpeechSynthesis
0x0000000015df1000 	/System/Library/Frameworks/Accelerate.framework/Versions/A/Frameworks/vImage.framework/Versions/A/vImage
0x0000000015df1000 	/System/Library/Frameworks/Accelerate.framework/Versions/A/Frameworks/vecLib.framework/Versions/A/vecLib
0x0000000015df1000 	/System/Library/Frameworks/Accelerate.framework/Versions/A/Frameworks/vecLib.framework/Versions/A/libvDSP.dylib
0x0000000015df1000 	/System/Library/Frameworks/Accelerate.framework/Versions/A/Frameworks/vecLib.framework/Versions/A/libBNNS.dylib
0x0000000015df1000 	/System/Library/Frameworks/Accelerate.framework/Versions/A/Frameworks/vecLib.framework/Versions/A/libQuadrature.dylib
0x0000000015df1000 	/System/Library/Frameworks/Accelerate.framework/Versions/A/Frameworks/vecLib.framework/Versions/A/libvMisc.dylib
0x0000000015df1000 	/System/Library/Frameworks/Accelerate.framework/Versions/A/Frameworks/vecLib.framework/Versions/A/libLAPACK.dylib
0x0000000015df1000 	/System/Library/Frameworks/Accelerate.framework/Versions/A/Frameworks/vecLib.framework/Versions/A/libBLAS.dylib
0x0000000015df1000 	/System/Library/Frameworks/Accelerate.framework/Versions/A/Frameworks/vecLib.framework/Versions/A/libLinearAlgebra.dylib
0x0000000015df1000 	/System/Library/Frameworks/Accelerate.framework/Versions/A/Frameworks/vecLib.framework/Versions/A/libSparseBLAS.dylib
0x0000000015df1000 	/System/Library/Frameworks/ApplicationServices.framework/Versions/A/Frameworks/ATS.framework/Versions/A/Resources/libFontParser.dylib
0x0000000015df1000 	/System/Library/Frameworks/ApplicationServices.framework/Versions/A/Frameworks/ATS.framework/Versions/A/Resources/libFontRegistry.dylib
0x0000000015df1000 	/System/Library/Frameworks/ImageIO.framework/Versions/A/Resources/libJPEG.dylib
0x0000000015df1000 	/System/Library/Frameworks/ImageIO.framework/Versions/A/Resources/libTIFF.dylib
0x0000000015df1000 	/System/Library/Frameworks/ImageIO.framework/Versions/A/Resources/libPng.dylib
0x0000000015df1000 	/System/Library/Frameworks/ImageIO.framework/Versions/A/Resources/libGIF.dylib
0x0000000015df1000 	/System/Library/Frameworks/ImageIO.framework/Versions/A/Resources/libJP2.dylib
0x0000000015df1000 	/System/Library/Frameworks/ImageIO.framework/Versions/A/Resources/libRadiance.dylib
0x0000000015df1000 	/usr/lib/libcompression.dylib
0x0000000015df1000 	/System/Library/PrivateFrameworks/AppleJPEG.framework/Versions/A/AppleJPEG
0x0000000015df1000 	/usr/lib/libcups.2.dylib
0x0000000015df1000 	/System/Library/Frameworks/Kerberos.framework/Versions/A/Kerberos
0x0000000015df1000 	/System/Library/Frameworks/GSS.framework/Versions/A/GSS
0x0000000015df1000 	/usr/lib/libresolv.9.dylib
0x0000000015df1000 	/usr/lib/libiconv.2.dylib
0x0000000015df1000 	/System/Library/PrivateFrameworks/Heimdal.framework/Versions/A/Heimdal
0x0000000015df1000 	/usr/lib/libheimdal-asn1.dylib
0x0000000015df1000 	/System/Library/Frameworks/OpenDirectory.framework/Versions/A/OpenDirectory
0x0000000015df1000 	/System/Library/PrivateFrameworks/CommonAuth.framework/Versions/A/CommonAuth
0x0000000015df1000 	/System/Library/Frameworks/OpenDirectory.framework/Versions/A/Frameworks/CFOpenDirectory.framework/Versions/A/CFOpenDirectory
0x0000000015df1000 	/System/Library/Frameworks/SecurityFoundation.framework/Versions/A/SecurityFoundation
0x0000000015df1000 	/System/Library/PrivateFrameworks/LanguageModeling.framework/Versions/A/LanguageModeling
0x0000000015df1000 	/usr/lib/libmarisa.dylib
0x0000000015df1000 	/usr/lib/libChineseTokenizer.dylib
0x0000000015df1000 	/usr/lib/libcmph.dylib
0x0000000015df1000 	/System/Library/PrivateFrameworks/CoreEmoji.framework/Versions/A/CoreEmoji
0x0000000015df1000 	/System/Library/Frameworks/ServiceManagement.framework/Versions/A/ServiceManagement
0x0000000015df1000 	/usr/lib/libxslt.1.dylib
0x0000000015df1000 	/System/Library/Frameworks/Carbon.framework/Versions/A/Frameworks/Ink.framework/Versions/A/Ink
0x0000000015df1000 	/System/Library/PrivateFrameworks/TextureIO.framework/Versions/A/TextureIO
0x0000000015df1000 	/System/Library/Frameworks/Metal.framework/Versions/A/Metal
0x0000000015df1000 	/usr/lib/libate.dylib
0x0000000015df1000 	/System/Library/PrivateFrameworks/GPUCompiler.framework/libmetal_timestamp.dylib
0x0000000015df1000 	/System/Library/Frameworks/OpenGL.framework/Versions/A/Libraries/libCoreFSCache.dylib
0x0000000015df1000 	/System/Library/PrivateFrameworks/IOAccelerator.framework/Versions/A/IOAccelerator
0x0000000015df1000 	/System/Library/Frameworks/CoreVideo.framework/Versions/A/CoreVideo
0x0000000015df1000 	/usr/lib/libFosl_dynamic.dylib
0x0000000015df1000 	/System/Library/PrivateFrameworks/MetalPerformanceShaders.framework/Versions/A/MetalPerformanceShaders
0x0000000015df1000 	/System/Library/PrivateFrameworks/FaceCore.framework/Versions/A/FaceCore
0x0000000015df1000 	/System/Library/Frameworks/OpenCL.framework/Versions/A/OpenCL
0x0000000015df1000 	/System/Library/Frameworks/OpenGL.framework/Versions/A/Libraries/libGLU.dylib
0x0000000015df1000 	/System/Library/Frameworks/OpenGL.framework/Versions/A/Libraries/libGFXShared.dylib
0x0000000015df1000 	/System/Library/Frameworks/OpenGL.framework/Versions/A/Libraries/libGL.dylib
0x0000000015df1000 	/System/Library/Frameworks/OpenGL.framework/Versions/A/Libraries/libGLImage.dylib
0x0000000015df1000 	/System/Library/Frameworks/OpenGL.framework/Versions/A/Libraries/libCVMSPluginSupport.dylib
0x0000000015df1000 	/System/Library/Frameworks/OpenGL.framework/Versions/A/Libraries/libCoreVMClient.dylib
0x0000000015df1000 	/System/Library/PrivateFrameworks/CrashReporterSupport.framework/Versions/A/CrashReporterSupport
0x0000000015df1000 	/System/Library/PrivateFrameworks/Sharing.framework/Versions/A/Sharing
0x0000000015df1000 	/System/Library/PrivateFrameworks/IconServices.framework/Versions/A/IconServices
0x0000000015df1000 	/System/Library/PrivateFrameworks/ProtocolBuffer.framework/Versions/A/ProtocolBuffer
0x0000000015df1000 	/System/Library/PrivateFrameworks/Apple80211.framework/Versions/A/Apple80211
0x0000000015df1000 	/System/Library/Frameworks/CoreWLAN.framework/Versions/A/CoreWLAN
0x0000000015df1000 	/System/Library/PrivateFrameworks/CoreUtils.framework/Versions/A/CoreUtils
0x0000000015df1000 	/System/Library/Frameworks/IOBluetooth.framework/Versions/A/IOBluetooth
0x0000000015df1000 	/System/Library/PrivateFrameworks/CoreWiFi.framework/Versions/A/CoreWiFi
0x0000000015df1000 	/System/Library/Frameworks/CoreBluetooth.framework/Versions/A/CoreBluetooth
0x0000000015df1000 	/System/Library/Frameworks/CoreDisplay.framework/Versions/A/CoreDisplay
0x0000000015df1000 	/System/Library/PrivateFrameworks/IOPresentment.framework/Versions/A/IOPresentment
0x0000000015df1000 	/System/Library/PrivateFrameworks/DebugSymbols.framework/Versions/A/DebugSymbols
0x0000000015df1000 	/System/Library/PrivateFrameworks/CoreSymbolication.framework/Versions/A/CoreSymbolication
0x0000000015df1000 	/System/Library/PrivateFrameworks/Symbolication.framework/Versions/A/Symbolication
0x0000000015df1000 	/System/Library/PrivateFrameworks/AppleFSCompression.framework/Versions/A/AppleFSCompression
0x0000000015df1000 	/System/Library/PrivateFrameworks/SpeechRecognitionCore.framework/Versions/A/SpeechRecognitionCore
0x0000000015df1000 	/System/Library/PrivateFrameworks/ChunkingLibrary.framework/Versions/A/ChunkingLibrary
0x0000000109c00000 	/Library/Java/JavaVirtualMachines/jdk1.8.0_101.jdk/Contents/Home/jre/lib/server/libjvm.dylib
0x0000000015df1000 	/usr/lib/libstdc++.6.dylib
0x00000001092c6000 	/Library/Java/JavaVirtualMachines/jdk1.8.0_101.jdk/Contents/Home/jre/lib/libverify.dylib
0x00000001092d4000 	/Library/Java/JavaVirtualMachines/jdk1.8.0_101.jdk/Contents/Home/jre/lib/libjava.dylib
0x0000000109311000 	/Library/Java/JavaVirtualMachines/jdk1.8.0_101.jdk/Contents/Home/jre/lib/libzip.dylib
0x00000001093e5000 	/System/Library/Frameworks/JavaVM.framework/Frameworks/JavaRuntimeSupport.framework/JavaRuntimeSupport
0x0000000111435000 	/System/Library/Frameworks/JavaVM.framework/Versions/A/Frameworks/JavaNativeFoundation.framework/Versions/A/JavaNativeFoundation
0x000000011144a000 	/System/Library/Frameworks/JavaVM.framework/Versions/A/JavaVM
0x0000000015df1000 	/System/Library/Frameworks/Carbon.framework/Versions/A/Carbon
0x0000000111457000 	/System/Library/PrivateFrameworks/JavaLaunching.framework/Versions/A/JavaLaunching
0x0000000015df1000 	/System/Library/Frameworks/Carbon.framework/Versions/A/Frameworks/CommonPanels.framework/Versions/A/CommonPanels
0x0000000015df1000 	/System/Library/Frameworks/Carbon.framework/Versions/A/Frameworks/Help.framework/Versions/A/Help
0x0000000015df1000 	/System/Library/Frameworks/Carbon.framework/Versions/A/Frameworks/ImageCapture.framework/Versions/A/ImageCapture
0x0000000015df1000 	/System/Library/Frameworks/Carbon.framework/Versions/A/Frameworks/OpenScripting.framework/Versions/A/OpenScripting
0x0000000015df1000 	/System/Library/Frameworks/Carbon.framework/Versions/A/Frameworks/Print.framework/Versions/A/Print
0x0000000015df1000 	/System/Library/Frameworks/Carbon.framework/Versions/A/Frameworks/SecurityHI.framework/Versions/A/SecurityHI
0x00000001114d2000 	/Library/Java/JavaVirtualMachines/jdk1.8.0_101.jdk/Contents/Home/jre/lib/libnet.dylib
0x0000000111531000 	/Library/Java/JavaVirtualMachines/jdk1.8.0_101.jdk/Contents/Home/jre/lib/libnio.dylib
0x000000011175d000 	/Users/elchroy/.gradle/native/19/osx-amd64/libnative-platform.dylib
0x0000000111762000 	/Users/elchroy/.gradle/native/19/osx-amd64/libnative-platform-curses.dylib
0x0000000015df1000 	/usr/lib/libncurses.5.4.dylib
0x0000000111766000 	/private/var/folders/3j/p0_wzk9d1ns47ybk3ng5x3w80000gn/T/jna7314409760554647139.tmp
0x000000011177b000 	/Library/Java/JavaVirtualMachines/jdk1.8.0_101.jdk/Contents/Home/jre/lib/libmanagement.dylib

VM Arguments:
jvm_args: -Dorg.gradle.appname=gradlew 
java_command: org.gradle.wrapper.GradleWrapperMain installDebug
java_class_path (initial): /Users/elchroy/Roy/Code/rubyment/roymobile/android/gradle/wrapper/gradle-wrapper.jar
Launcher Type: SUN_STANDARD

Environment Variables:
PATH=/usr/local/opt/nvm/versions/node/v6.3.0/lib/node_modules/npm/bin/node-gyp-bin:/Users/elchroy/Roy/Code/rubyment/roymobile/node_modules/.bin:/usr/local/opt/nvm/versions/node/v6.3.0/bin:/Users/elchroy/.rvm/gems/ruby-2.3.0/bin:/Users/elchroy/.rvm/gems/ruby-2.3.0@global/bin:/Users/elchroy/.rvm/rubies/ruby-2.3.0/bin:/usr/local/opt/nvm/versions/node/v6.3.0/bin:/usr/local/mysql/bin:/usr/local/share/python:/usr/local/bin:/usr/bin:/bin:/usr/sbin:/sbin:/Users/elchroy/golang/src/github.com/andela/bin:/usr/local/opt/go/libexec/bin:/Users/elchroy/.rvm/bin:/Users/elchroy/Library/Android/sdk/tools:/Users/elchroy/Library/Android/sdk/platform-tools
SHELL=/bin/zsh

Signal Handlers:
SIGSEGV: [libjvm.dylib+0x5af145], sa_mask[0]=11111111011111110111111111111111, sa_flags=SA_ONSTACK|SA_RESTART|SA_SIGINFO
SIGBUS: [libjvm.dylib+0x5af145], sa_mask[0]=11111111011111110111111111111111, sa_flags=SA_RESTART|SA_SIGINFO
SIGFPE: [libjvm.dylib+0x48694c], sa_mask[0]=11111111011111110111111111111111, sa_flags=SA_RESTART|SA_SIGINFO
SIGPIPE: [libjvm.dylib+0x48694c], sa_mask[0]=11111111011111110111111111111111, sa_flags=SA_RESTART|SA_SIGINFO
SIGXFSZ: [libjvm.dylib+0x48694c], sa_mask[0]=11111111011111110111111111111111, sa_flags=SA_RESTART|SA_SIGINFO
SIGILL: [libjvm.dylib+0x48694c], sa_mask[0]=11111111011111110111111111111111, sa_flags=SA_RESTART|SA_SIGINFO
SIGUSR1: SIG_DFL, sa_mask[0]=11111111011111110111111111111111, sa_flags=none
SIGUSR2: [libjvm.dylib+0x48646a], sa_mask[0]=00000000000000000000000000000000, sa_flags=SA_RESTART|SA_SIGINFO
SIGHUP: [libjvm.dylib+0x484a41], sa_mask[0]=11111111011111110111111111111111, sa_flags=SA_RESTART|SA_SIGINFO
SIGINT: [libjvm.dylib+0x484a41], sa_mask[0]=11111111011111110111111111111111, sa_flags=SA_RESTART|SA_SIGINFO
SIGTERM: [libjvm.dylib+0x484a41], sa_mask[0]=11111111011111110111111111111111, sa_flags=SA_RESTART|SA_SIGINFO
SIGQUIT: [libjvm.dylib+0x484a41], sa_mask[0]=11111111011111110111111111111111, sa_flags=SA_RESTART|SA_SIGINFO


---------------  S Y S T E M  ---------------

OS:Bsduname:Darwin 16.4.0 Darwin Kernel Version 16.4.0: Thu Dec 22 22:53:21 PST 2016; root:xnu-3789.41.3~3/RELEASE_X86_64 x86_64
rlimit: STACK 8192k, CORE 0k, NPROC 709, NOFILE 10240, AS infinity
load average:2.78 2.64 2.51

CPU:total 4 (2 cores per cpu, 2 threads per core) family 6 model 61 stepping 4, cmov, cx8, fxsr, mmx, sse, sse2, sse3, ssse3, sse4.1, sse4.2, popcnt, avx, avx2, aes, clmul, erms, 3dnowpref, lzcnt, ht, tsc, tscinvbit, bmi1, bmi2, adx

Memory: 4k page, physical 8388608k(80272k free)

/proc/meminfo:


vm_info: Java HotSpot(TM) 64-Bit Server VM (25.101-b13) for bsd-amd64 JRE (1.8.0_101-b13), built on Jun 22 2016 02:42:15 by "java_re" with gcc 4.2.1 (Based on Apple Inc. build 5658) (LLVM build 2336.11.00)

time: Wed Feb  8 01:19:12 2017
elapsed time: 13 seconds (0d 0h 0m 13s)

