#
# A fatal error has been detected by the Java Runtime Environment:
#
#  SIGSEGV (0xb) at pc=0x000000010d286498, pid=12731, tid=0x0000000000000307
#
# JRE version: Java(TM) SE Runtime Environment (8.0_101-b13) (build 1.8.0_101-b13)
# Java VM: Java HotSpot(TM) 64-Bit Server VM (25.101-b13 mixed mode bsd-amd64 compressed oops)
# Problematic frame:
# V  [libjvm.dylib+0x486498]
#
# Failed to write core dump. Core dumps have been disabled. To enable core dumping, try "ulimit -c unlimited" before starting Java again
#
# If you would like to submit a bug report, please visit:
#   http://bugreport.java.com/bugreport/crash.jsp
#

---------------  T H R E A D  ---------------

Current thread is native thread

siginfo: si_signo: 11 (SIGSEGV), si_code: 1 (SEGV_MAPERR), si_addr: 0x0000000000000128

Registers:
RAX=0x0000000000000000, RBX=0x00007fff540427a0, RCX=0x00007fffb19f4408, RDX=0x00007fff540427a0
RSP=0x00007fff540422d0, RBP=0x00007fff54042300, RSI=0x00007fff54042738, RDI=0x0000000000000103
R8 =0x00007fff540427a0, R9 =0x00000000ffffffff, R10=0x0000000000000c00, R11=0x0000000000000206
R12=0x0000000000000c00, R13=0x0000000000000000, R14=0x00007fff54042738, R15=0x0000000000000002
RIP=0x000000010d286498, EFLAGS=0x0000000000010202, ERR=0x0000000000000004
  TRAPNO=0x000000000000000e

Top of Stack: (sp=0x00007fff540422d0)
0x00007fff540422d0:   0000000000000000 00007fff540427a0
0x00007fff540422e0:   0000000000000c00 0000000000000000
0x00007fff540422f0:   00007fff540429d0 0000000000000d03
0x00007fff54042300:   00007fff54042310 00007fffa8db4bba
0x00007fff54042310:   00007fff540428a0 0000000000015c00
0x00007fff54042320:   00015d00ae448958 00007fffb188a2d0
0x00007fff54042330:   0100001f00000085 00007fff93650680
0x00007fff54042340:   0000000010004005 00000000ffffffff
0x00007fff54042350:   00007fff54042858 0000000000000000
0x00007fff54042360:   00007fff540429d0 0000000007000806
0x00007fff54042370:   00007fff540428a0 00007fff54042858
0x00007fff54042380:   0000000000000d03 00000000ffffffff
0x00007fff54042390:   0000000000000c00 0000000000000206
0x00007fff540423a0:   0000000000000c00 0000000000000000
0x00007fff540423b0:   00007fff540429d0 0000000000000d03
0x00007fff540423c0:   000000010c3f938a 0000000000000206
0x00007fff540423d0:   0000000000000007 0000000000000000
0x00007fff540423e0:   0000000000000000 0000000000000000
0x00007fff540423f0:   000000000000037f 0000000000000000
0x00007fff54042400:   0000000000000000 0000ffff00001fa0
0x00007fff54042410:   0000000000000000 000000000000ffff
0x00007fff54042420:   0000000000000100 000000000000ffff
0x00007fff54042430:   0000000000000000 0000000000000000
0x00007fff54042440:   0000000000000000 0000000000000000
0x00007fff54042450:   87bc000000000000 000000000000c00b
0x00007fff54042460:   0000000000000000 0000000000000000
0x00007fff54042470:   bb78000000000000 000000000000400b
0x00007fff54042480:   0000000000000000 0000000000000000
0x00007fff54042490:   41be4c8da88f0f49 0000000000000000
0x00007fff540424a0:   3fe1e1e92923e5b8 0000000000000000
0x00007fff540424b0:   c3de3f8b4c7b6d84 439c074b384927c5
0x00007fff540424c0:   0000000000000000 0000000000000000 

Instructions: (pc=0x000000010d286498)
0x000000010d286478:   83 ec 08 48 89 d3 49 89 f6 e8 00 26 14 00 44 8b
0x000000010d286488:   38 48 8d 05 20 cd 3a 00 48 63 38 e8 ca 28 14 00
0x000000010d286498:   4c 8b a0 28 01 00 00 41 83 7c 24 34 01 0f 85 e2
0x000000010d2864a8:   00 00 00 49 89 5c 24 40 4d 89 74 24 38 49 8d 5c 

Register to memory mapping:

RAX=0x0000000000000000 is an unknown value
RBX=0x00007fff540427a0 is an unknown value
RCX=0x00007fffb19f4408: _thread+0x48 in /usr/lib/system/libsystem_pthread.dylib at 0x00007fffa8dbb000
RDX=0x00007fff540427a0 is an unknown value
RSP=0x00007fff540422d0 is an unknown value
RBP=0x00007fff54042300 is an unknown value
RSI=0x00007fff54042738 is an unknown value
RDI=0x0000000000000103 is an unknown value
R8 =0x00007fff540427a0 is an unknown value
R9 =0x00000000ffffffff is an unknown value
R10=0x0000000000000c00 is an unknown value
R11=0x0000000000000206 is an unknown value
R12=0x0000000000000c00 is an unknown value
R13=0x0000000000000000 is an unknown value
R14=0x00007fff54042738 is an unknown value
R15=0x0000000000000002 is an unknown value


Stack: [0x00007fff53847000,0x00007fff54047000],  sp=0x00007fff540422d0,  free space=8172k
Native frames: (J=compiled Java code, j=interpreted, Vv=VM code, C=native code)
V  [libjvm.dylib+0x486498]
C  [libsystem_platform.dylib+0x2bba]  _sigtramp+0x1a
C  0x0000000000015c00
C  [CoreFoundation+0x88c94]  __CFRunLoopServiceMachPort+0xd4
C  [CoreFoundation+0x88121]  __CFRunLoopRun+0x551
C  [CoreFoundation+0x87974]  CFRunLoopRunSpecific+0x1a4
C  [java+0x6465]  CreateExecutionEnvironment+0x367
C  [java+0x218c]  JLI_Launch+0x7a0
C  [java+0x84c2]  main+0x65
C  [java+0x19e4]  start+0x34


---------------  P R O C E S S  ---------------

VM state:not at safepoint (normal execution)

VM Mutex/Monitor currently owned by a thread: None

Heap:
 PSYoungGen      total 176640K, used 57895K [0x0000000795580000, 0x00000007a2e80000, 0x00000007c0000000)
  eden space 160256K, 25% used [0x0000000795580000,0x0000000797e0d320,0x000000079f200000)
  from space 16384K, 99% used [0x000000079f200000,0x00000007a01fc990,0x00000007a0200000)
  to   space 18944K, 0% used [0x00000007a1c00000,0x00000007a1c00000,0x00000007a2e80000)
 ParOldGen       total 113152K, used 25091K [0x0000000740000000, 0x0000000746e80000, 0x0000000795580000)
  object space 113152K, 22% used [0x0000000740000000,0x0000000741880c78,0x0000000746e80000)
 Metaspace       used 39133K, capacity 40318K, committed 40664K, reserved 1083392K
  class space    used 5501K, capacity 6025K, committed 6144K, reserved 1048576K

Card table byte_map: [0x000000010e15d000,0x000000010e55e000] byte_map_base: 0x000000010a75d000

Marking Bits: (ParMarkBitMap*) 0x000000010d6edd20
 Begin Bits: [0x000000010e809000, 0x0000000110809000)
 End Bits:   [0x0000000110809000, 0x0000000112809000)

Polling page: 0x000000010bbe1000

CodeCache: size=245760Kb used=12426Kb max_used=12426Kb free=233333Kb
 bounds [0x0000000116e0f000, 0x0000000117a3f000, 0x0000000125e0f000]
 total_blobs=4376 nmethods=3719 adapters=569
 compilation: enabled

Compilation events (10 events):
Event: 19.707 Thread 0x00007fb4508ac000 4056       3       java.lang.Integer::toString (48 bytes)
Event: 19.708 Thread 0x00007fb4508ac000 nmethod 4056 0x0000000117a3b5d0 code [0x0000000117a3b7a0, 0x0000000117a3bde8]
Event: 19.708 Thread 0x00007fb4508ac000 4055       3       java.io.BufferedOutputStream::flushBuffer (29 bytes)
Event: 19.710 Thread 0x00007fb4508ac000 nmethod 4055 0x0000000117a17510 code [0x0000000117a17680, 0x0000000117a17908]
Event: 19.710 Thread 0x00007fb4508ac000 4054       3       org.gradle.logging.internal.OutputEvent::<init> (5 bytes)
Event: 19.711 Thread 0x00007fb4508ac000 nmethod 4054 0x0000000117a19c50 code [0x0000000117a19dc0, 0x0000000117a19f70]
Event: 19.711 Thread 0x00007fb4508ac000 4057       3       groovyjarjarasm.asm.MethodWriter::<init> (268 bytes)
Event: 19.712 Thread 0x00007fb4508ac000 nmethod 4057 0x0000000117a3c190 code [0x0000000117a3c3c0, 0x0000000117a3d0a8]
Event: 19.729 Thread 0x00007fb4508ac000 4065       2       java.lang.Class::searchMethods (90 bytes)
Event: 19.733 Thread 0x00007fb4508ac000 nmethod 4065 0x0000000117a11f50 code [0x0000000117a12120, 0x0000000117a125d8]

GC Heap History (10 events):
Event: 8.092 GC heap before
{Heap before GC invocations=7 (full 1):
 PSYoungGen      total 71680K, used 66560K [0x0000000795580000, 0x000000079ea80000, 0x00000007c0000000)
  eden space 66560K, 100% used [0x0000000795580000,0x0000000799680000,0x0000000799680000)
  from space 5120K, 0% used [0x0000000799680000,0x0000000799680000,0x0000000799b80000)
  to   space 9728K, 0% used [0x000000079e100000,0x000000079e100000,0x000000079ea80000)
 ParOldGen       total 60416K, used 8861K [0x0000000740000000, 0x0000000743b00000, 0x0000000795580000)
  object space 60416K, 14% used [0x0000000740000000,0x00000007408a7410,0x0000000743b00000)
 Metaspace       used 25365K, capacity 25984K, committed 26240K, reserved 1071104K
  class space    used 3432K, capacity 3673K, committed 3712K, reserved 1048576K
Event: 8.113 GC heap after
Heap after GC invocations=7 (full 1):
 PSYoungGen      total 110080K, used 5926K [0x0000000795580000, 0x000000079e700000, 0x00000007c0000000)
  eden space 103936K, 0% used [0x0000000795580000,0x0000000795580000,0x000000079bb00000)
  from space 6144K, 96% used [0x000000079e100000,0x000000079e6c9a70,0x000000079e700000)
  to   space 9728K, 0% used [0x000000079d400000,0x000000079d400000,0x000000079dd80000)
 ParOldGen       total 60416K, used 8933K [0x0000000740000000, 0x0000000743b00000, 0x0000000795580000)
  object space 60416K, 14% used [0x0000000740000000,0x00000007408b9420,0x0000000743b00000)
 Metaspace       used 25365K, capacity 25984K, committed 26240K, reserved 1071104K
  class space    used 3432K, capacity 3673K, committed 3712K, reserved 1048576K
}
Event: 12.078 GC heap before
{Heap before GC invocations=8 (full 1):
 PSYoungGen      total 110080K, used 109862K [0x0000000795580000, 0x000000079e700000, 0x00000007c0000000)
  eden space 103936K, 100% used [0x0000000795580000,0x000000079bb00000,0x000000079bb00000)
  from space 6144K, 96% used [0x000000079e100000,0x000000079e6c9a70,0x000000079e700000)
  to   space 9728K, 0% used [0x000000079d400000,0x000000079d400000,0x000000079dd80000)
 ParOldGen       total 60416K, used 8933K [0x0000000740000000, 0x0000000743b00000, 0x0000000795580000)
  object space 60416K, 14% used [0x0000000740000000,0x00000007408b9420,0x0000000743b00000)
 Metaspace       used 32184K, capacity 33158K, committed 33280K, reserved 1077248K
  class space    used 4470K, capacity 4842K, committed 4864K, reserved 1048576K
Event: 12.148 GC heap after
Heap after GC invocations=8 (full 1):
 PSYoungGen      total 139264K, used 9712K [0x0000000795580000, 0x00000007a1000000, 0x00000007c0000000)
  eden space 129536K, 0% used [0x0000000795580000,0x0000000795580000,0x000000079d400000)
  from space 9728K, 99% used [0x000000079d400000,0x000000079dd7c010,0x000000079dd80000)
  to   space 14336K, 0% used [0x00000007a0200000,0x00000007a0200000,0x00000007a1000000)
 ParOldGen       total 60416K, used 16440K [0x0000000740000000, 0x0000000743b00000, 0x0000000795580000)
  object space 60416K, 27% used [0x0000000740000000,0x000000074100e028,0x0000000743b00000)
 Metaspace       used 32184K, capacity 33158K, committed 33280K, reserved 1077248K
  class space    used 4470K, capacity 4842K, committed 4864K, reserved 1048576K
}
Event: 13.267 GC heap before
{Heap before GC invocations=9 (full 1):
 PSYoungGen      total 139264K, used 53420K [0x0000000795580000, 0x00000007a1000000, 0x00000007c0000000)
  eden space 129536K, 33% used [0x0000000795580000,0x000000079802f078,0x000000079d400000)
  from space 9728K, 99% used [0x000000079d400000,0x000000079dd7c010,0x000000079dd80000)
  to   space 14336K, 0% used [0x00000007a0200000,0x00000007a0200000,0x00000007a1000000)
 ParOldGen       total 60416K, used 16440K [0x0000000740000000, 0x0000000743b00000, 0x0000000795580000)
  object space 60416K, 27% used [0x0000000740000000,0x000000074100e028,0x0000000743b00000)
 Metaspace       used 34343K, capacity 35272K, committed 35416K, reserved 1079296K
  class space    used 4774K, capacity 5166K, committed 5248K, reserved 1048576K
Event: 13.298 GC heap after
Heap after GC invocations=9 (full 1):
 PSYoungGen      total 174592K, used 14328K [0x0000000795580000, 0x00000007a3f80000, 0x00000007c0000000)
  eden space 160256K, 0% used [0x0000000795580000,0x0000000795580000,0x000000079f200000)
  from space 14336K, 99% used [0x00000007a0200000,0x00000007a0ffe218,0x00000007a1000000)
  to   space 16384K, 0% used [0x000000079f200000,0x000000079f200000,0x00000007a0200000)
 ParOldGen       total 60416K, used 16448K [0x0000000740000000, 0x0000000743b00000, 0x0000000795580000)
  object space 60416K, 27% used [0x0000000740000000,0x0000000741010028,0x0000000743b00000)
 Metaspace       used 34343K, capacity 35272K, committed 35416K, reserved 1079296K
  class space    used 4774K, capacity 5166K, committed 5248K, reserved 1048576K
}
Event: 13.298 GC heap before
{Heap before GC invocations=10 (full 2):
 PSYoungGen      total 174592K, used 14328K [0x0000000795580000, 0x00000007a3f80000, 0x00000007c0000000)
  eden space 160256K, 0% used [0x0000000795580000,0x0000000795580000,0x000000079f200000)
  from space 14336K, 99% used [0x00000007a0200000,0x00000007a0ffe218,0x00000007a1000000)
  to   space 16384K, 0% used [0x000000079f200000,0x000000079f200000,0x00000007a0200000)
 ParOldGen       total 60416K, used 16448K [0x0000000740000000, 0x0000000743b00000, 0x0000000795580000)
  object space 60416K, 27% used [0x0000000740000000,0x0000000741010028,0x0000000743b00000)
 Metaspace       used 34343K, capacity 35272K, committed 35416K, reserved 1079296K
  class space    used 4774K, capacity 5166K, committed 5248K, reserved 1048576K
Event: 14.057 GC heap after
Heap after GC invocations=10 (full 2):
 PSYoungGen      total 174592K, used 0K [0x0000000795580000, 0x00000007a3f80000, 0x00000007c0000000)
  eden space 160256K, 0% used [0x0000000795580000,0x0000000795580000,0x000000079f200000)
  from space 14336K, 0% used [0x00000007a0200000,0x00000007a0200000,0x00000007a1000000)
  to   space 16384K, 0% used [0x000000079f200000,0x000000079f200000,0x00000007a0200000)
 ParOldGen       total 113152K, used 24545K [0x0000000740000000, 0x0000000746e80000, 0x0000000795580000)
  object space 113152K, 21% used [0x0000000740000000,0x00000007417f8568,0x0000000746e80000)
 Metaspace       used 34343K, capacity 35272K, committed 35416K, reserved 1079296K
  class space    used 4774K, capacity 5166K, committed 5248K, reserved 1048576K
}
Event: 18.830 GC heap before
{Heap before GC invocations=11 (full 2):
 PSYoungGen      total 174592K, used 160256K [0x0000000795580000, 0x00000007a3f80000, 0x00000007c0000000)
  eden space 160256K, 100% used [0x0000000795580000,0x000000079f200000,0x000000079f200000)
  from space 14336K, 0% used [0x00000007a0200000,0x00000007a0200000,0x00000007a1000000)
  to   space 16384K, 0% used [0x000000079f200000,0x000000079f200000,0x00000007a0200000)
 ParOldGen       total 113152K, used 24545K [0x0000000740000000, 0x0000000746e80000, 0x0000000795580000)
  object space 113152K, 21% used [0x0000000740000000,0x00000007417f8568,0x0000000746e80000)
 Metaspace       used 37831K, capacity 38954K, committed 39128K, reserved 1083392K
  class space    used 5315K, capacity 5795K, committed 5888K, reserved 1048576K
Event: 18.876 GC heap after
Heap after GC invocations=11 (full 2):
 PSYoungGen      total 176640K, used 16370K [0x0000000795580000, 0x00000007a2e80000, 0x00000007c0000000)
  eden space 160256K, 0% used [0x0000000795580000,0x0000000795580000,0x000000079f200000)
  from space 16384K, 99% used [0x000000079f200000,0x00000007a01fc990,0x00000007a0200000)
  to   space 18944K, 0% used [0x00000007a1c00000,0x00000007a1c00000,0x00000007a2e80000)
 ParOldGen       total 113152K, used 25091K [0x0000000740000000, 0x0000000746e80000, 0x0000000795580000)
  object space 113152K, 22% used [0x0000000740000000,0x0000000741880c78,0x0000000746e80000)
 Metaspace       used 37831K, capacity 38954K, committed 39128K, reserved 1083392K
  class space    used 5315K, capacity 5795K, committed 5888K, reserved 1048576K
}

Deoptimization events (10 events):
Event: 17.768 Thread 0x00007fb451000800 Uncommon trap: reason=unstable_if action=reinterpret pc=0x0000000117707e90 method=org.codehaus.groovy.util.ReferenceManager$2.afterReferenceCreation(Lorg/codehaus/groovy/util/Reference;)V @ 8
Event: 17.832 Thread 0x00007fb451000800 Uncommon trap: reason=unstable_if action=reinterpret pc=0x000000011775399c method=org.codehaus.groovy.util.ReferenceManager$2.afterReferenceCreation(Lorg/codehaus/groovy/util/Reference;)V @ 8
Event: 17.833 Thread 0x00007fb451000800 Uncommon trap: reason=unstable_if action=reinterpret pc=0x00000001177dffa4 method=org.codehaus.groovy.util.ReferenceManager$2.afterReferenceCreation(Lorg/codehaus/groovy/util/Reference;)V @ 8
Event: 18.064 Thread 0x00007fb451000800 Uncommon trap: reason=unstable_if action=reinterpret pc=0x0000000117a25378 method=org.codehaus.groovy.util.ReferenceManager$2.afterReferenceCreation(Lorg/codehaus/groovy/util/Reference;)V @ 8
Event: 18.738 Thread 0x00007fb451000800 Uncommon trap: reason=bimorphic action=maybe_recompile pc=0x00000001171cbb9c method=java.io.DataOutputStream.write([BII)V @ 7
Event: 18.739 Thread 0x00007fb451000800 Uncommon trap: reason=bimorphic action=maybe_recompile pc=0x00000001171cbb9c method=java.io.DataOutputStream.write([BII)V @ 7
Event: 18.757 Thread 0x00007fb451000800 Uncommon trap: reason=unstable_if action=reinterpret pc=0x00000001178e4324 method=com.esotericsoftware.kryo.io.Output.writeUtf8Length(I)V @ 4
Event: 19.265 Thread 0x00007fb451000800 Uncommon trap: reason=unstable_if action=reinterpret pc=0x0000000117415458 method=sun.misc.MetaIndex.mayContain(Ljava/lang/String;)Z @ 38
Event: 19.265 Thread 0x00007fb451000800 Uncommon trap: reason=unstable_if action=reinterpret pc=0x00000001174189e0 method=sun.misc.MetaIndex.mayContain(Ljava/lang/String;)Z @ 38
Event: 19.335 Thread 0x00007fb451000800 Uncommon trap: reason=unstable_if action=reinterpret pc=0x0000000117413004 method=java.lang.Class.arrayContentsEq([Ljava/lang/Object;[Ljava/lang/Object;)Z @ 1

Internal exceptions (10 events):
Event: 19.225 Thread 0x00007fb451000800 Exception <a 'java/lang/ClassNotFoundException': com/android/build/gradle/internal/core/MergedNdkConfigCustomizer> (0x0000000796407da0) thrown at [/HUDSON3/workspace/8-2-build-macosx-x86_64/jdk8u101/7261/hotspot/src/share/vm/classfile/systemDictionary.cpp
Event: 19.335 Thread 0x00007fb451000800 Implicit null exception at 0x0000000117412d1d to 0x0000000117412fdd
Event: 19.713 Thread 0x00007fb451000800 Exception <a 'java/lang/ClassNotFoundException': com/google/common/base/JoinerBeanInfo> (0x0000000797a05988) thrown at [/HUDSON3/workspace/8-2-build-macosx-x86_64/jdk8u101/7261/hotspot/src/share/vm/classfile/systemDictionary.cpp, line 210]
Event: 19.714 Thread 0x00007fb451000800 Exception <a 'java/lang/ClassNotFoundException': com/google/common/base/JoinerCustomizer> (0x0000000797a139e8) thrown at [/HUDSON3/workspace/8-2-build-macosx-x86_64/jdk8u101/7261/hotspot/src/share/vm/classfile/systemDictionary.cpp, line 210]
Event: 19.721 Thread 0x00007fb451000800 Exception <a 'java/lang/ClassNotFoundException': java/util/HashMapBeanInfo> (0x0000000797a60440) thrown at [/HUDSON3/workspace/8-2-build-macosx-x86_64/jdk8u101/7261/hotspot/src/share/vm/classfile/systemDictionary.cpp, line 210]
Event: 19.721 Thread 0x00007fb451000800 Exception <a 'java/lang/ClassNotFoundException': java/util/HashMapCustomizer> (0x0000000797a66ce0) thrown at [/HUDSON3/workspace/8-2-build-macosx-x86_64/jdk8u101/7261/hotspot/src/share/vm/classfile/systemDictionary.cpp, line 210]
Event: 19.726 Thread 0x00007fb451000800 Exception <a 'java/lang/ClassNotFoundException': com/android/build/gradle/tasks/ManifestProcessorTask$1BeanInfo> (0x0000000797ac0990) thrown at [/HUDSON3/workspace/8-2-build-macosx-x86_64/jdk8u101/7261/hotspot/src/share/vm/classfile/systemDictionary.cpp, 
Event: 19.726 Thread 0x00007fb451000800 Exception <a 'java/lang/ClassNotFoundException': com/android/build/gradle/tasks/ManifestProcessorTask$1Customizer> (0x0000000797ad2218) thrown at [/HUDSON3/workspace/8-2-build-macosx-x86_64/jdk8u101/7261/hotspot/src/share/vm/classfile/systemDictionary.cpp
Event: 19.742 Thread 0x00007fb451000800 Exception <a 'java/lang/ClassNotFoundException': com/google/common/collect/IterablesBeanInfo> (0x0000000797b0e5b8) thrown at [/HUDSON3/workspace/8-2-build-macosx-x86_64/jdk8u101/7261/hotspot/src/share/vm/classfile/systemDictionary.cpp, line 210]
Event: 19.743 Thread 0x00007fb451000800 Exception <a 'java/lang/ClassNotFoundException': com/google/common/collect/IterablesCustomizer> (0x0000000797b1d8a0) thrown at [/HUDSON3/workspace/8-2-build-macosx-x86_64/jdk8u101/7261/hotspot/src/share/vm/classfile/systemDictionary.cpp, line 210]

Events (10 events):
Event: 19.817 loading class com/google/common/collect/TransformedIterator
Event: 19.817 loading class com/google/common/collect/TransformedIterator done
Event: 19.818 loading class org/codehaus/groovy/runtime/dgm$490
Event: 19.818 loading class org/codehaus/groovy/runtime/dgm$490 done
Event: 19.819 loading class org/codehaus/groovy/runtime/NumberAwareComparator
Event: 19.819 loading class org/codehaus/groovy/runtime/NumberAwareComparator done
Event: 19.832 loading class java/io/ObjectInputStream$GetFieldImpl
Event: 19.832 loading class java/io/ObjectInputStream$GetField
Event: 19.832 loading class java/io/ObjectInputStream$GetField done
Event: 19.832 loading class java/io/ObjectInputStream$GetFieldImpl done


Dynamic libraries:
0x000000001e29e000 	/System/Library/Frameworks/Cocoa.framework/Versions/A/Cocoa
0x000000001e29e000 	/System/Library/Frameworks/Security.framework/Versions/A/Security
0x000000001e29e000 	/System/Library/Frameworks/ApplicationServices.framework/Versions/A/ApplicationServices
0x000000001e29e000 	/usr/lib/libz.1.dylib
0x000000010bbda000 	/usr/lib/libSystem.B.dylib
0x000000001e29e000 	/usr/lib/libobjc.A.dylib
0x000000001e29e000 	/System/Library/Frameworks/CoreFoundation.framework/Versions/A/CoreFoundation
0x000000001e29e000 	/System/Library/Frameworks/Foundation.framework/Versions/C/Foundation
0x000000001e29e000 	/System/Library/Frameworks/AppKit.framework/Versions/C/AppKit
0x000000001e29e000 	/System/Library/Frameworks/CoreData.framework/Versions/A/CoreData
0x000000001e29e000 	/System/Library/PrivateFrameworks/RemoteViewServices.framework/Versions/A/RemoteViewServices
0x000000001e29e000 	/System/Library/PrivateFrameworks/UIFoundation.framework/Versions/A/UIFoundation
0x000000001e29e000 	/System/Library/PrivateFrameworks/DFRFoundation.framework/Versions/A/DFRFoundation
0x000000001e29e000 	/usr/lib/libenergytrace.dylib
0x000000001e29e000 	/System/Library/PrivateFrameworks/SkyLight.framework/Versions/A/SkyLight
0x000000001e29e000 	/System/Library/Frameworks/CoreGraphics.framework/Versions/A/CoreGraphics
0x000000001e29e000 	/usr/lib/libScreenReader.dylib
0x000000001e29e000 	/System/Library/Frameworks/Accelerate.framework/Versions/A/Accelerate
0x000000001e29e000 	/System/Library/Frameworks/IOSurface.framework/Versions/A/IOSurface
0x000000001e29e000 	/System/Library/Frameworks/AudioToolbox.framework/Versions/A/AudioToolbox
0x000000001e29e000 	/System/Library/Frameworks/AudioUnit.framework/Versions/A/AudioUnit
0x000000001e29e000 	/System/Library/PrivateFrameworks/DataDetectorsCore.framework/Versions/A/DataDetectorsCore
0x000000001e29e000 	/System/Library/PrivateFrameworks/DesktopServicesPriv.framework/Versions/A/DesktopServicesPriv
0x000000001e29e000 	/System/Library/Frameworks/Carbon.framework/Versions/A/Frameworks/HIToolbox.framework/Versions/A/HIToolbox
0x000000001e29e000 	/usr/lib/libicucore.A.dylib
0x000000001e29e000 	/System/Library/Frameworks/QuartzCore.framework/Versions/A/QuartzCore
0x000000001e29e000 	/System/Library/Frameworks/Carbon.framework/Versions/A/Frameworks/SpeechRecognition.framework/Versions/A/SpeechRecognition
0x000000001e29e000 	/usr/lib/libauto.dylib
0x000000001e29e000 	/usr/lib/libxml2.2.dylib
0x000000001e29e000 	/System/Library/PrivateFrameworks/CoreUI.framework/Versions/A/CoreUI
0x000000001e29e000 	/System/Library/Frameworks/CoreAudio.framework/Versions/A/CoreAudio
0x000000001e29e000 	/System/Library/Frameworks/DiskArbitration.framework/Versions/A/DiskArbitration
0x000000001e29e000 	/usr/lib/liblangid.dylib
0x000000001e29e000 	/System/Library/PrivateFrameworks/MultitouchSupport.framework/Versions/A/MultitouchSupport
0x000000010bbe5000 	/System/Library/Frameworks/IOKit.framework/Versions/A/IOKit
0x000000001e29e000 	/usr/lib/libDiagnosticMessagesClient.dylib
0x000000001e29e000 	/System/Library/Frameworks/CoreServices.framework/Versions/A/CoreServices
0x000000001e29e000 	/System/Library/PrivateFrameworks/PerformanceAnalysis.framework/Versions/A/PerformanceAnalysis
0x000000001e29e000 	/System/Library/PrivateFrameworks/GenerationalStorage.framework/Versions/A/GenerationalStorage
0x000000001e29e000 	/System/Library/Frameworks/OpenGL.framework/Versions/A/OpenGL
0x000000001e29e000 	/System/Library/Frameworks/CoreImage.framework/Versions/A/CoreImage
0x000000001e29e000 	/System/Library/Frameworks/CoreText.framework/Versions/A/CoreText
0x000000001e29e000 	/System/Library/Frameworks/ImageIO.framework/Versions/A/ImageIO
0x000000001e29e000 	/System/Library/PrivateFrameworks/Backup.framework/Versions/A/Backup
0x000000001e29e000 	/usr/lib/libarchive.2.dylib
0x000000010bcc0000 	/System/Library/Frameworks/CFNetwork.framework/Versions/A/CFNetwork
0x000000001e29e000 	/System/Library/Frameworks/SystemConfiguration.framework/Versions/A/SystemConfiguration
0x000000001e29e000 	/usr/lib/libCRFSuite.dylib
0x000000001e29e000 	/usr/lib/libc++.1.dylib
0x000000001e29e000 	/usr/lib/libc++abi.dylib
0x000000001e29e000 	/usr/lib/system/libcache.dylib
0x000000001e29e000 	/usr/lib/system/libcommonCrypto.dylib
0x000000001e29e000 	/usr/lib/system/libcompiler_rt.dylib
0x000000001e29e000 	/usr/lib/system/libcopyfile.dylib
0x000000001e29e000 	/usr/lib/system/libcorecrypto.dylib
0x000000001e29e000 	/usr/lib/system/libdispatch.dylib
0x000000010c3b0000 	/usr/lib/system/libdyld.dylib
0x000000001e29e000 	/usr/lib/system/libkeymgr.dylib
0x000000001e29e000 	/usr/lib/system/liblaunch.dylib
0x000000001e29e000 	/usr/lib/system/libmacho.dylib
0x000000001e29e000 	/usr/lib/system/libquarantine.dylib
0x000000001e29e000 	/usr/lib/system/libremovefile.dylib
0x000000001e29e000 	/usr/lib/system/libsystem_asl.dylib
0x000000001e29e000 	/usr/lib/system/libsystem_blocks.dylib
0x000000001e29e000 	/usr/lib/system/libsystem_c.dylib
0x000000001e29e000 	/usr/lib/system/libsystem_configuration.dylib
0x000000001e29e000 	/usr/lib/system/libsystem_coreservices.dylib
0x000000010c3c3000 	/usr/lib/system/libsystem_coretls.dylib
0x000000001e29e000 	/usr/lib/system/libsystem_dnssd.dylib
0x000000001e29e000 	/usr/lib/system/libsystem_info.dylib
0x000000010c3e7000 	/usr/lib/system/libsystem_kernel.dylib
0x000000001e29e000 	/usr/lib/system/libsystem_m.dylib
0x000000001e29e000 	/usr/lib/system/libsystem_malloc.dylib
0x000000001e29e000 	/usr/lib/system/libsystem_network.dylib
0x000000010c427000 	/usr/lib/system/libsystem_networkextension.dylib
0x000000001e29e000 	/usr/lib/system/libsystem_notify.dylib
0x000000001e29e000 	/usr/lib/system/libsystem_platform.dylib
0x000000001e29e000 	/usr/lib/system/libsystem_pthread.dylib
0x000000010c43f000 	/usr/lib/system/libsystem_sandbox.dylib
0x000000001e29e000 	/usr/lib/system/libsystem_secinit.dylib
0x000000010c450000 	/usr/lib/system/libsystem_symptoms.dylib
0x000000010c461000 	/usr/lib/system/libsystem_trace.dylib
0x000000001e29e000 	/usr/lib/system/libunwind.dylib
0x000000001e29e000 	/usr/lib/system/libxpc.dylib
0x000000001e29e000 	/usr/lib/libbsm.0.dylib
0x000000010c49d000 	/usr/lib/system/libkxld.dylib
0x000000001e29e000 	/usr/lib/libcoretls.dylib
0x000000001e29e000 	/usr/lib/libcoretls_cfhelpers.dylib
0x000000001e29e000 	/usr/lib/libxar.1.dylib
0x000000001e29e000 	/usr/lib/libsqlite3.dylib
0x000000001e29e000 	/usr/lib/libpam.2.dylib
0x000000001e29e000 	/usr/lib/libOpenScriptingUtil.dylib
0x000000001e29e000 	/usr/lib/libbz2.1.0.dylib
0x000000001e29e000 	/usr/lib/liblzma.5.dylib
0x000000001e29e000 	/usr/lib/libnetwork.dylib
0x000000001e29e000 	/usr/lib/libpcap.A.dylib
0x000000001e29e000 	/System/Library/Frameworks/CoreServices.framework/Versions/A/Frameworks/FSEvents.framework/Versions/A/FSEvents
0x000000001e29e000 	/System/Library/Frameworks/CoreServices.framework/Versions/A/Frameworks/CarbonCore.framework/Versions/A/CarbonCore
0x000000001e29e000 	/System/Library/Frameworks/CoreServices.framework/Versions/A/Frameworks/Metadata.framework/Versions/A/Metadata
0x000000001e29e000 	/System/Library/Frameworks/CoreServices.framework/Versions/A/Frameworks/OSServices.framework/Versions/A/OSServices
0x000000001e29e000 	/System/Library/Frameworks/CoreServices.framework/Versions/A/Frameworks/SearchKit.framework/Versions/A/SearchKit
0x000000001e29e000 	/System/Library/Frameworks/CoreServices.framework/Versions/A/Frameworks/AE.framework/Versions/A/AE
0x000000001e29e000 	/System/Library/Frameworks/CoreServices.framework/Versions/A/Frameworks/LaunchServices.framework/Versions/A/LaunchServices
0x000000001e29e000 	/System/Library/Frameworks/CoreServices.framework/Versions/A/Frameworks/DictionaryServices.framework/Versions/A/DictionaryServices
0x000000001e29e000 	/System/Library/Frameworks/CoreServices.framework/Versions/A/Frameworks/SharedFileList.framework/Versions/A/SharedFileList
0x000000001e29e000 	/System/Library/Frameworks/NetFS.framework/Versions/A/NetFS
0x000000001e29e000 	/System/Library/PrivateFrameworks/NetAuth.framework/Versions/A/NetAuth
0x000000001e29e000 	/System/Library/PrivateFrameworks/login.framework/Versions/A/Frameworks/loginsupport.framework/Versions/A/loginsupport
0x000000001e29e000 	/System/Library/PrivateFrameworks/TCC.framework/Versions/A/TCC
0x000000001e29e000 	/usr/lib/libmecabra.dylib
0x000000001e29e000 	/System/Library/Frameworks/ApplicationServices.framework/Versions/A/Frameworks/ATS.framework/Versions/A/ATS
0x000000001e29e000 	/System/Library/Frameworks/ApplicationServices.framework/Versions/A/Frameworks/ColorSync.framework/Versions/A/ColorSync
0x000000001e29e000 	/System/Library/Frameworks/ApplicationServices.framework/Versions/A/Frameworks/HIServices.framework/Versions/A/HIServices
0x000000001e29e000 	/System/Library/Frameworks/ApplicationServices.framework/Versions/A/Frameworks/LangAnalysis.framework/Versions/A/LangAnalysis
0x000000001e29e000 	/System/Library/Frameworks/ApplicationServices.framework/Versions/A/Frameworks/PrintCore.framework/Versions/A/PrintCore
0x000000001e29e000 	/System/Library/Frameworks/ApplicationServices.framework/Versions/A/Frameworks/QD.framework/Versions/A/QD
0x000000001e29e000 	/System/Library/Frameworks/ApplicationServices.framework/Versions/A/Frameworks/SpeechSynthesis.framework/Versions/A/SpeechSynthesis
0x000000001e29e000 	/System/Library/Frameworks/Accelerate.framework/Versions/A/Frameworks/vImage.framework/Versions/A/vImage
0x000000001e29e000 	/System/Library/Frameworks/Accelerate.framework/Versions/A/Frameworks/vecLib.framework/Versions/A/vecLib
0x000000001e29e000 	/System/Library/Frameworks/Accelerate.framework/Versions/A/Frameworks/vecLib.framework/Versions/A/libvDSP.dylib
0x000000001e29e000 	/System/Library/Frameworks/Accelerate.framework/Versions/A/Frameworks/vecLib.framework/Versions/A/libBNNS.dylib
0x000000001e29e000 	/System/Library/Frameworks/Accelerate.framework/Versions/A/Frameworks/vecLib.framework/Versions/A/libQuadrature.dylib
0x000000001e29e000 	/System/Library/Frameworks/Accelerate.framework/Versions/A/Frameworks/vecLib.framework/Versions/A/libvMisc.dylib
0x000000001e29e000 	/System/Library/Frameworks/Accelerate.framework/Versions/A/Frameworks/vecLib.framework/Versions/A/libLAPACK.dylib
0x000000001e29e000 	/System/Library/Frameworks/Accelerate.framework/Versions/A/Frameworks/vecLib.framework/Versions/A/libBLAS.dylib
0x000000001e29e000 	/System/Library/Frameworks/Accelerate.framework/Versions/A/Frameworks/vecLib.framework/Versions/A/libLinearAlgebra.dylib
0x000000001e29e000 	/System/Library/Frameworks/Accelerate.framework/Versions/A/Frameworks/vecLib.framework/Versions/A/libSparseBLAS.dylib
0x000000001e29e000 	/System/Library/Frameworks/ApplicationServices.framework/Versions/A/Frameworks/ATS.framework/Versions/A/Resources/libFontParser.dylib
0x000000001e29e000 	/System/Library/Frameworks/ApplicationServices.framework/Versions/A/Frameworks/ATS.framework/Versions/A/Resources/libFontRegistry.dylib
0x000000001e29e000 	/System/Library/Frameworks/ImageIO.framework/Versions/A/Resources/libJPEG.dylib
0x000000001e29e000 	/System/Library/Frameworks/ImageIO.framework/Versions/A/Resources/libTIFF.dylib
0x000000001e29e000 	/System/Library/Frameworks/ImageIO.framework/Versions/A/Resources/libPng.dylib
0x000000001e29e000 	/System/Library/Frameworks/ImageIO.framework/Versions/A/Resources/libGIF.dylib
0x000000001e29e000 	/System/Library/Frameworks/ImageIO.framework/Versions/A/Resources/libJP2.dylib
0x000000001e29e000 	/System/Library/Frameworks/ImageIO.framework/Versions/A/Resources/libRadiance.dylib
0x000000001e29e000 	/usr/lib/libcompression.dylib
0x000000001e29e000 	/System/Library/PrivateFrameworks/AppleJPEG.framework/Versions/A/AppleJPEG
0x000000001e29e000 	/usr/lib/libcups.2.dylib
0x000000001e29e000 	/System/Library/Frameworks/Kerberos.framework/Versions/A/Kerberos
0x000000001e29e000 	/System/Library/Frameworks/GSS.framework/Versions/A/GSS
0x000000001e29e000 	/usr/lib/libresolv.9.dylib
0x000000001e29e000 	/usr/lib/libiconv.2.dylib
0x000000001e29e000 	/System/Library/PrivateFrameworks/Heimdal.framework/Versions/A/Heimdal
0x000000001e29e000 	/usr/lib/libheimdal-asn1.dylib
0x000000001e29e000 	/System/Library/Frameworks/OpenDirectory.framework/Versions/A/OpenDirectory
0x000000001e29e000 	/System/Library/PrivateFrameworks/CommonAuth.framework/Versions/A/CommonAuth
0x000000001e29e000 	/System/Library/Frameworks/OpenDirectory.framework/Versions/A/Frameworks/CFOpenDirectory.framework/Versions/A/CFOpenDirectory
0x000000001e29e000 	/System/Library/Frameworks/SecurityFoundation.framework/Versions/A/SecurityFoundation
0x000000001e29e000 	/System/Library/PrivateFrameworks/LanguageModeling.framework/Versions/A/LanguageModeling
0x000000001e29e000 	/usr/lib/libmarisa.dylib
0x000000001e29e000 	/usr/lib/libChineseTokenizer.dylib
0x000000001e29e000 	/usr/lib/libcmph.dylib
0x000000001e29e000 	/System/Library/PrivateFrameworks/CoreEmoji.framework/Versions/A/CoreEmoji
0x000000001e29e000 	/System/Library/Frameworks/ServiceManagement.framework/Versions/A/ServiceManagement
0x000000001e29e000 	/usr/lib/libxslt.1.dylib
0x000000001e29e000 	/System/Library/Frameworks/Carbon.framework/Versions/A/Frameworks/Ink.framework/Versions/A/Ink
0x000000001e29e000 	/System/Library/PrivateFrameworks/TextureIO.framework/Versions/A/TextureIO
0x000000001e29e000 	/System/Library/Frameworks/Metal.framework/Versions/A/Metal
0x000000001e29e000 	/usr/lib/libate.dylib
0x000000001e29e000 	/System/Library/PrivateFrameworks/GPUCompiler.framework/libmetal_timestamp.dylib
0x000000001e29e000 	/System/Library/Frameworks/OpenGL.framework/Versions/A/Libraries/libCoreFSCache.dylib
0x000000001e29e000 	/System/Library/PrivateFrameworks/IOAccelerator.framework/Versions/A/IOAccelerator
0x000000001e29e000 	/System/Library/Frameworks/CoreVideo.framework/Versions/A/CoreVideo
0x000000001e29e000 	/usr/lib/libFosl_dynamic.dylib
0x000000001e29e000 	/System/Library/PrivateFrameworks/MetalPerformanceShaders.framework/Versions/A/MetalPerformanceShaders
0x000000001e29e000 	/System/Library/PrivateFrameworks/FaceCore.framework/Versions/A/FaceCore
0x000000001e29e000 	/System/Library/Frameworks/OpenCL.framework/Versions/A/OpenCL
0x000000001e29e000 	/System/Library/Frameworks/OpenGL.framework/Versions/A/Libraries/libGLU.dylib
0x000000001e29e000 	/System/Library/Frameworks/OpenGL.framework/Versions/A/Libraries/libGFXShared.dylib
0x000000001e29e000 	/System/Library/Frameworks/OpenGL.framework/Versions/A/Libraries/libGL.dylib
0x000000001e29e000 	/System/Library/Frameworks/OpenGL.framework/Versions/A/Libraries/libGLImage.dylib
0x000000001e29e000 	/System/Library/Frameworks/OpenGL.framework/Versions/A/Libraries/libCVMSPluginSupport.dylib
0x000000001e29e000 	/System/Library/Frameworks/OpenGL.framework/Versions/A/Libraries/libCoreVMClient.dylib
0x000000001e29e000 	/System/Library/PrivateFrameworks/CrashReporterSupport.framework/Versions/A/CrashReporterSupport
0x000000001e29e000 	/System/Library/PrivateFrameworks/Sharing.framework/Versions/A/Sharing
0x000000001e29e000 	/System/Library/PrivateFrameworks/IconServices.framework/Versions/A/IconServices
0x000000001e29e000 	/System/Library/PrivateFrameworks/ProtocolBuffer.framework/Versions/A/ProtocolBuffer
0x000000001e29e000 	/System/Library/PrivateFrameworks/Apple80211.framework/Versions/A/Apple80211
0x000000001e29e000 	/System/Library/Frameworks/CoreWLAN.framework/Versions/A/CoreWLAN
0x000000001e29e000 	/System/Library/PrivateFrameworks/CoreUtils.framework/Versions/A/CoreUtils
0x000000001e29e000 	/System/Library/Frameworks/IOBluetooth.framework/Versions/A/IOBluetooth
0x000000001e29e000 	/System/Library/PrivateFrameworks/CoreWiFi.framework/Versions/A/CoreWiFi
0x000000001e29e000 	/System/Library/Frameworks/CoreBluetooth.framework/Versions/A/CoreBluetooth
0x000000001e29e000 	/System/Library/Frameworks/CoreDisplay.framework/Versions/A/CoreDisplay
0x000000001e29e000 	/System/Library/PrivateFrameworks/IOPresentment.framework/Versions/A/IOPresentment
0x000000001e29e000 	/System/Library/PrivateFrameworks/DebugSymbols.framework/Versions/A/DebugSymbols
0x000000001e29e000 	/System/Library/PrivateFrameworks/CoreSymbolication.framework/Versions/A/CoreSymbolication
0x000000001e29e000 	/System/Library/PrivateFrameworks/Symbolication.framework/Versions/A/Symbolication
0x000000001e29e000 	/System/Library/PrivateFrameworks/AppleFSCompression.framework/Versions/A/AppleFSCompression
0x000000001e29e000 	/System/Library/PrivateFrameworks/SpeechRecognitionCore.framework/Versions/A/SpeechRecognitionCore
0x000000001e29e000 	/System/Library/PrivateFrameworks/ChunkingLibrary.framework/Versions/A/ChunkingLibrary
0x000000010ce00000 	/Library/Java/JavaVirtualMachines/jdk1.8.0_101.jdk/Contents/Home/jre/lib/server/libjvm.dylib
0x000000001e29e000 	/usr/lib/libstdc++.6.dylib
0x000000010c50b000 	/Library/Java/JavaVirtualMachines/jdk1.8.0_101.jdk/Contents/Home/jre/lib/libverify.dylib
0x000000010c519000 	/Library/Java/JavaVirtualMachines/jdk1.8.0_101.jdk/Contents/Home/jre/lib/libjava.dylib
0x000000010c556000 	/Library/Java/JavaVirtualMachines/jdk1.8.0_101.jdk/Contents/Home/jre/lib/libzip.dylib
0x000000011465f000 	/System/Library/Frameworks/JavaVM.framework/Frameworks/JavaRuntimeSupport.framework/JavaRuntimeSupport
0x0000000114679000 	/System/Library/Frameworks/JavaVM.framework/Versions/A/Frameworks/JavaNativeFoundation.framework/Versions/A/JavaNativeFoundation
0x000000011468e000 	/System/Library/Frameworks/JavaVM.framework/Versions/A/JavaVM
0x000000001e29e000 	/System/Library/Frameworks/Carbon.framework/Versions/A/Carbon
0x000000011469b000 	/System/Library/PrivateFrameworks/JavaLaunching.framework/Versions/A/JavaLaunching
0x000000001e29e000 	/System/Library/Frameworks/Carbon.framework/Versions/A/Frameworks/CommonPanels.framework/Versions/A/CommonPanels
0x000000001e29e000 	/System/Library/Frameworks/Carbon.framework/Versions/A/Frameworks/Help.framework/Versions/A/Help
0x000000001e29e000 	/System/Library/Frameworks/Carbon.framework/Versions/A/Frameworks/ImageCapture.framework/Versions/A/ImageCapture
0x000000001e29e000 	/System/Library/Frameworks/Carbon.framework/Versions/A/Frameworks/OpenScripting.framework/Versions/A/OpenScripting
0x000000001e29e000 	/System/Library/Frameworks/Carbon.framework/Versions/A/Frameworks/Print.framework/Versions/A/Print
0x000000001e29e000 	/System/Library/Frameworks/Carbon.framework/Versions/A/Frameworks/SecurityHI.framework/Versions/A/SecurityHI
0x0000000115fca000 	/Library/Java/JavaVirtualMachines/jdk1.8.0_101.jdk/Contents/Home/jre/lib/libnet.dylib
0x0000000116029000 	/Library/Java/JavaVirtualMachines/jdk1.8.0_101.jdk/Contents/Home/jre/lib/libnio.dylib
0x0000000116466000 	/Users/elchroy/.gradle/native/19/osx-amd64/libnative-platform.dylib
0x000000011646b000 	/Users/elchroy/.gradle/native/19/osx-amd64/libnative-platform-curses.dylib
0x000000001e29e000 	/usr/lib/libncurses.5.4.dylib
0x000000011646f000 	/private/var/folders/3j/p0_wzk9d1ns47ybk3ng5x3w80000gn/T/jna2248800247413228527.tmp
0x0000000116484000 	/Library/Java/JavaVirtualMachines/jdk1.8.0_101.jdk/Contents/Home/jre/lib/libmanagement.dylib

VM Arguments:
jvm_args: -Dorg.gradle.appname=gradlew 
java_command: org.gradle.wrapper.GradleWrapperMain installDebug
java_class_path (initial): /Users/elchroy/Roy/Code/rubyment/roymobile/android/gradle/wrapper/gradle-wrapper.jar
Launcher Type: SUN_STANDARD

Environment Variables:
PATH=/usr/local/opt/nvm/versions/node/v6.3.0/lib/node_modules/npm/bin/node-gyp-bin:/Users/elchroy/Roy/Code/rubyment/roymobile/node_modules/.bin:/usr/local/opt/nvm/versions/node/v6.3.0/bin:/Users/elchroy/.rvm/gems/ruby-2.3.0/bin:/Users/elchroy/.rvm/gems/ruby-2.3.0@global/bin:/Users/elchroy/.rvm/rubies/ruby-2.3.0/bin:/usr/local/opt/nvm/versions/node/v6.3.0/bin:/usr/local/mysql/bin:/usr/local/share/python:/usr/local/bin:/usr/bin:/bin:/usr/sbin:/sbin:/Users/elchroy/golang/src/github.com/andela/bin:/usr/local/opt/go/libexec/bin:/Users/elchroy/.rvm/bin:/Users/elchroy/Library/Android/sdk/tools:/Users/elchroy/Library/Android/sdk/platform-tools
SHELL=/bin/zsh

Signal Handlers:
SIGSEGV: [libjvm.dylib+0x5af145], sa_mask[0]=11111111011111110111111111111111, sa_flags=SA_ONSTACK|SA_RESTART|SA_SIGINFO
SIGBUS: [libjvm.dylib+0x5af145], sa_mask[0]=11111111011111110111111111111111, sa_flags=SA_RESTART|SA_SIGINFO
SIGFPE: [libjvm.dylib+0x48694c], sa_mask[0]=11111111011111110111111111111111, sa_flags=SA_RESTART|SA_SIGINFO
SIGPIPE: [libjvm.dylib+0x48694c], sa_mask[0]=11111111011111110111111111111111, sa_flags=SA_RESTART|SA_SIGINFO
SIGXFSZ: [libjvm.dylib+0x48694c], sa_mask[0]=11111111011111110111111111111111, sa_flags=SA_RESTART|SA_SIGINFO
SIGILL: [libjvm.dylib+0x48694c], sa_mask[0]=11111111011111110111111111111111, sa_flags=SA_RESTART|SA_SIGINFO
SIGUSR1: SIG_DFL, sa_mask[0]=11111111011111110111111111111111, sa_flags=none
SIGUSR2: [libjvm.dylib+0x48646a], sa_mask[0]=00000000000000000000000000000000, sa_flags=SA_RESTART|SA_SIGINFO
SIGHUP: [libjvm.dylib+0x484a41], sa_mask[0]=11111111011111110111111111111111, sa_flags=SA_RESTART|SA_SIGINFO
SIGINT: [libjvm.dylib+0x484a41], sa_mask[0]=11111111011111110111111111111111, sa_flags=SA_RESTART|SA_SIGINFO
SIGTERM: [libjvm.dylib+0x484a41], sa_mask[0]=11111111011111110111111111111111, sa_flags=SA_RESTART|SA_SIGINFO
SIGQUIT: [libjvm.dylib+0x484a41], sa_mask[0]=11111111011111110111111111111111, sa_flags=SA_RESTART|SA_SIGINFO


---------------  S Y S T E M  ---------------

OS:Bsduname:Darwin 16.4.0 Darwin Kernel Version 16.4.0: Thu Dec 22 22:53:21 PST 2016; root:xnu-3789.41.3~3/RELEASE_X86_64 x86_64
rlimit: STACK 8192k, CORE 0k, NPROC 709, NOFILE 10240, AS infinity
load average:5.57 5.70 6.11

CPU:total 4 (2 cores per cpu, 2 threads per core) family 6 model 61 stepping 4, cmov, cx8, fxsr, mmx, sse, sse2, sse3, ssse3, sse4.1, sse4.2, popcnt, avx, avx2, aes, clmul, erms, 3dnowpref, lzcnt, ht, tsc, tscinvbit, bmi1, bmi2, adx

Memory: 4k page, physical 8388608k(88156k free)

/proc/meminfo:


vm_info: Java HotSpot(TM) 64-Bit Server VM (25.101-b13) for bsd-amd64 JRE (1.8.0_101-b13), built on Jun 22 2016 02:42:15 by "java_re" with gcc 4.2.1 (Based on Apple Inc. build 5658) (LLVM build 2336.11.00)

time: Thu Feb  9 12:45:00 2017
elapsed time: 19 seconds (0d 0h 0m 19s)

