#
# A fatal error has been detected by the Java Runtime Environment:
#
#  SIGSEGV (0xb) at pc=0x000000010b486498, pid=10322, tid=0x0000000000000307
#
# JRE version: Java(TM) SE Runtime Environment (8.0_101-b13) (build 1.8.0_101-b13)
# Java VM: Java HotSpot(TM) 64-Bit Server VM (25.101-b13 mixed mode bsd-amd64 compressed oops)
# Problematic frame:
# V  [libjvm.dylib+0x486498]  SR_handler(int, __siginfo*, __darwin_ucontext*)+0x2e
#
# Failed to write core dump. Core dumps have been disabled. To enable core dumping, try "ulimit -c unlimited" before starting Java again
#
# If you would like to submit a bug report, please visit:
#   http://bugreport.java.com/bugreport/crash.jsp
#

---------------  T H R E A D  ---------------

Current thread is native thread

siginfo: si_signo: 11 (SIGSEGV), si_code: 1 (SEGV_MAPERR), si_addr: 0x0000000000000128

Registers:
RAX=0x0000000000000000, RBX=0x00007fff55ef67a0, RCX=0x00007fffc946e408, RDX=0x00007fff55ef67a0
RSP=0x00007fff55ef62d0, RBP=0x00007fff55ef6300, RSI=0x00007fff55ef6738, RDI=0x0000000000000103
R8 =0x00007fff55ef67a0, R9 =0x00000000ffffffff, R10=0x0000000000000c00, R11=0x0000000000000206
R12=0x0000000000000c00, R13=0x0000000000000000, R14=0x00007fff55ef6738, R15=0x0000000000000002
RIP=0x000000010b486498, EFLAGS=0x0000000000010202, ERR=0x0000000000000004
  TRAPNO=0x000000000000000e

Top of Stack: (sp=0x00007fff55ef62d0)
0x00007fff55ef62d0:   0000000000000000 00007fff55ef67a0
0x00007fff55ef62e0:   0000000000000c00 0000000000000000
0x00007fff55ef62f0:   00007fff55ef69d0 0000000000000d03
0x00007fff55ef6300:   00007fff55ef6310 00007fffc082ebba
0x00007fff55ef6310:   00007fff55ef68a0 0000000000015c00
0x00007fff55ef6320:   00015d00c5ec2958 00007fffc93042d0
0x00007fff55ef6330:   0100001f00000085 000070000de28000
0x00007fff55ef6340:   0000000010004005 00000000ffffffff
0x00007fff55ef6350:   00007fff55ef6858 0000000000000000
0x00007fff55ef6360:   00007fff55ef69d0 0000000007000806
0x00007fff55ef6370:   00007fff55ef68a0 00007fff55ef6858
0x00007fff55ef6380:   0000000000000d03 00000000ffffffff
0x00007fff55ef6390:   0000000000000c00 0000000000000206
0x00007fff55ef63a0:   0000000000000c00 0000000000000000
0x00007fff55ef63b0:   00007fff55ef69d0 0000000000000d03
0x00007fff55ef63c0:   000000010a54238a 0000000000000206
0x00007fff55ef63d0:   0000000000000007 0000000000000000
0x00007fff55ef63e0:   0000000000000000 0000000000000000
0x00007fff55ef63f0:   000000000000037f 0000000000000000
0x00007fff55ef6400:   0000000000000000 0000ffff00001fa0
0x00007fff55ef6410:   0000000000000000 000000000000ffff
0x00007fff55ef6420:   0000000000000100 000000000000ffff
0x00007fff55ef6430:   0000000000000000 0000000000000000
0x00007fff55ef6440:   0000000000000000 0000000000000000
0x00007fff55ef6450:   87bc000000000000 000000000000c00b
0x00007fff55ef6460:   0000000000000000 0000000000000000
0x00007fff55ef6470:   bb78000000000000 000000000000400b
0x00007fff55ef6480:   0000000000000000 0000000000000000
0x00007fff55ef6490:   41be4b3f06872980 0000000000000000
0x00007fff55ef64a0:   3fe0e53005814941 0000000000000000
0x00007fff55ef64b0:   c3de3f8ad7ca0cc5 439c0752835f33b6
0x00007fff55ef64c0:   0000000000000000 0000000000000000 

Instructions: (pc=0x000000010b486498)
0x000000010b486478:   83 ec 08 48 89 d3 49 89 f6 e8 00 26 14 00 44 8b
0x000000010b486488:   38 48 8d 05 20 cd 3a 00 48 63 38 e8 ca 28 14 00
0x000000010b486498:   4c 8b a0 28 01 00 00 41 83 7c 24 34 01 0f 85 e2
0x000000010b4864a8:   00 00 00 49 89 5c 24 40 4d 89 74 24 38 49 8d 5c 

Register to memory mapping:

RAX=0x0000000000000000 is an unknown value
RBX=0x00007fff55ef67a0 is an unknown value
RCX=0x00007fffc946e408: _thread+0x48 in /usr/lib/system/libsystem_pthread.dylib at 0x00007fffc0835000
RDX=0x00007fff55ef67a0 is an unknown value
RSP=0x00007fff55ef62d0 is an unknown value
RBP=0x00007fff55ef6300 is an unknown value
RSI=0x00007fff55ef6738 is an unknown value
RDI=0x0000000000000103 is an unknown value
R8 =0x00007fff55ef67a0 is an unknown value
R9 =0x00000000ffffffff is an unknown value
R10=0x0000000000000c00 is an unknown value
R11=0x0000000000000206 is an unknown value
R12=0x0000000000000c00 is an unknown value
R13=0x0000000000000000 is an unknown value
R14=0x00007fff55ef6738 is an unknown value
R15=0x0000000000000002 is an unknown value


Stack: [0x00007fff556fb000,0x00007fff55efb000],  sp=0x00007fff55ef62d0,  free space=8172k
Native frames: (J=compiled Java code, j=interpreted, Vv=VM code, C=native code)
V  [libjvm.dylib+0x486498]  SR_handler(int, __siginfo*, __darwin_ucontext*)+0x2e
C  [libsystem_platform.dylib+0x2bba]  _sigtramp+0x1a
C  0x0000000000015c00
C  [CoreFoundation+0x88c94]  __CFRunLoopServiceMachPort+0xd4
C  [CoreFoundation+0x88121]  __CFRunLoopRun+0x551
C  [CoreFoundation+0x87974]  CFRunLoopRunSpecific+0x1a4
C  [java+0x6465]  CreateExecutionEnvironment+0x367
C  [java+0x218c]  JLI_Launch+0x7a0
C  [java+0x84c2]  main+0x65
C  [java+0x19e4]  start+0x34


---------------  P R O C E S S  ---------------

VM state:not at safepoint (normal execution)

VM Mutex/Monitor currently owned by a thread: None

Heap:
 PSYoungGen      total 114176K, used 42488K [0x0000000795580000, 0x000000079e700000, 0x00000007c0000000)
  eden space 108032K, 33% used [0x0000000795580000,0x00000007979243b0,0x000000079bf00000)
  from space 6144K, 97% used [0x000000079e100000,0x000000079e6da030,0x000000079e700000)
  to   space 9728K, 0% used [0x000000079d400000,0x000000079d400000,0x000000079dd80000)
 ParOldGen       total 58368K, used 8861K [0x0000000740000000, 0x0000000743900000, 0x0000000795580000)
  object space 58368K, 15% used [0x0000000740000000,0x00000007408a7728,0x0000000743900000)
 Metaspace       used 28049K, capacity 28828K, committed 29056K, reserved 1075200K
  class space    used 3822K, capacity 4108K, committed 4224K, reserved 1048576K

Card table byte_map: [0x000000010c35d000,0x000000010c75e000] byte_map_base: 0x000000010895d000

Marking Bits: (ParMarkBitMap*) 0x000000010b8edd20
 Begin Bits: [0x000000010ca09000, 0x000000010ea09000)
 End Bits:   [0x000000010ea09000, 0x0000000110a09000)

Polling page: 0x0000000109d2d000

CodeCache: size=245760Kb used=8253Kb max_used=8253Kb free=237506Kb
 bounds [0x0000000112831000, 0x0000000113051000, 0x0000000121831000]
 total_blobs=2950 nmethods=2315 adapters=548
 compilation: enabled

Compilation events (10 events):
Event: 8.919 Thread 0x00007fc5ea82c000 nmethod 2345 0x00000001130417d0 code [0x0000000113041940, 0x0000000113041ac8]
Event: 8.934 Thread 0x00007fc5ea82c000 2349       2       java.util.TreeMap::rotateRight (96 bytes)
Event: 8.934 Thread 0x00007fc5ea82c000 nmethod 2349 0x0000000113041b50 code [0x0000000113041cc0, 0x0000000113041f50]
Event: 8.934 Thread 0x00007fc5ea82c000 2350       2       com.google.common.collect.LinkedHashMultimap::succeedsInMultimap (11 bytes)
Event: 8.934 Thread 0x00007fc5ea82c000 nmethod 2350 0x0000000113042050 code [0x00000001130421a0, 0x0000000113042310]
Event: 8.934 Thread 0x00007fc5ea82c000 2351       2       com.google.common.collect.LinkedHashMultimap$ValueEntry::setSuccessorInMultimap (6 bytes)
Event: 8.934 Thread 0x00007fc5ea82c000 nmethod 2351 0x00000001130423d0 code [0x0000000113042520, 0x0000000113042690]
Event: 8.936 Thread 0x00007fc5ea82c000 2352       2       java.lang.reflect.Modifier::isFinal (13 bytes)
Event: 8.937 Thread 0x00007fc5ea82c000 nmethod 2352 0x0000000113042710 code [0x0000000113042860, 0x00000001130429b0]
Event: 8.939 Thread 0x00007fc5ea82c000 2353       2       org.objectweb.asm.ClassWriter::visitField (16 bytes)

GC Heap History (10 events):
Event: 3.561 GC heap before
{Heap before GC invocations=3 (full 0):
 PSYoungGen      total 38400K, used 38394K [0x0000000795580000, 0x000000079a080000, 0x00000007c0000000)
  eden space 33280K, 100% used [0x0000000795580000,0x0000000797600000,0x0000000797600000)
  from space 5120K, 99% used [0x0000000797b00000,0x0000000797ffeb18,0x0000000798000000)
  to   space 5120K, 0% used [0x0000000797600000,0x0000000797600000,0x0000000797b00000)
 ParOldGen       total 87552K, used 749K [0x0000000740000000, 0x0000000745580000, 0x0000000795580000)
  object space 87552K, 0% used [0x0000000740000000,0x00000007400bb6f8,0x0000000745580000)
 Metaspace       used 16557K, capacity 16872K, committed 17024K, reserved 1064960K
  class space    used 2247K, capacity 2360K, committed 2432K, reserved 1048576K
Event: 3.584 GC heap after
Heap after GC invocations=3 (full 0):
 PSYoungGen      total 38400K, used 5088K [0x0000000795580000, 0x000000079a080000, 0x00000007c0000000)
  eden space 33280K, 0% used [0x0000000795580000,0x0000000795580000,0x0000000797600000)
  from space 5120K, 99% used [0x0000000797600000,0x0000000797af8040,0x0000000797b00000)
  to   space 5120K, 0% used [0x0000000799b80000,0x0000000799b80000,0x000000079a080000)
 ParOldGen       total 87552K, used 3639K [0x0000000740000000, 0x0000000745580000, 0x0000000795580000)
  object space 87552K, 4% used [0x0000000740000000,0x000000074038dc30,0x0000000745580000)
 Metaspace       used 16557K, capacity 16872K, committed 17024K, reserved 1064960K
  class space    used 2247K, capacity 2360K, committed 2432K, reserved 1048576K
}
Event: 4.714 GC heap before
{Heap before GC invocations=4 (full 0):
 PSYoungGen      total 38400K, used 38368K [0x0000000795580000, 0x000000079a080000, 0x00000007c0000000)
  eden space 33280K, 100% used [0x0000000795580000,0x0000000797600000,0x0000000797600000)
  from space 5120K, 99% used [0x0000000797600000,0x0000000797af8040,0x0000000797b00000)
  to   space 5120K, 0% used [0x0000000799b80000,0x0000000799b80000,0x000000079a080000)
 ParOldGen       total 87552K, used 3639K [0x0000000740000000, 0x0000000745580000, 0x0000000795580000)
  object space 87552K, 4% used [0x0000000740000000,0x000000074038dc30,0x0000000745580000)
 Metaspace       used 19786K, capacity 20116K, committed 20224K, reserved 1067008K
  class space    used 2645K, capacity 2816K, committed 2816K, reserved 1048576K
Event: 4.769 GC heap after
Heap after GC invocations=4 (full 0):
 PSYoungGen      total 71680K, used 5088K [0x0000000795580000, 0x000000079a080000, 0x00000007c0000000)
  eden space 66560K, 0% used [0x0000000795580000,0x0000000795580000,0x0000000799680000)
  from space 5120K, 99% used [0x0000000799b80000,0x000000079a078020,0x000000079a080000)
  to   space 5120K, 0% used [0x0000000799680000,0x0000000799680000,0x0000000799b80000)
 ParOldGen       total 87552K, used 7178K [0x0000000740000000, 0x0000000745580000, 0x0000000795580000)
  object space 87552K, 8% used [0x0000000740000000,0x0000000740702900,0x0000000745580000)
 Metaspace       used 19786K, capacity 20116K, committed 20224K, reserved 1067008K
  class space    used 2645K, capacity 2816K, committed 2816K, reserved 1048576K
}
Event: 5.261 GC heap before
{Heap before GC invocations=5 (full 0):
 PSYoungGen      total 71680K, used 25137K [0x0000000795580000, 0x000000079a080000, 0x00000007c0000000)
  eden space 66560K, 30% used [0x0000000795580000,0x0000000796914668,0x0000000799680000)
  from space 5120K, 99% used [0x0000000799b80000,0x000000079a078020,0x000000079a080000)
  to   space 5120K, 0% used [0x0000000799680000,0x0000000799680000,0x0000000799b80000)
 ParOldGen       total 87552K, used 7178K [0x0000000740000000, 0x0000000745580000, 0x0000000795580000)
  object space 87552K, 8% used [0x0000000740000000,0x0000000740702900,0x0000000745580000)
 Metaspace       used 20818K, capacity 21118K, committed 21248K, reserved 1067008K
  class space    used 2826K, capacity 2978K, committed 3072K, reserved 1048576K
Event: 5.285 GC heap after
Heap after GC invocations=5 (full 0):
 PSYoungGen      total 71680K, used 5104K [0x0000000795580000, 0x000000079ea80000, 0x00000007c0000000)
  eden space 66560K, 0% used [0x0000000795580000,0x0000000795580000,0x0000000799680000)
  from space 5120K, 99% used [0x0000000799680000,0x0000000799b7c050,0x0000000799b80000)
  to   space 9728K, 0% used [0x000000079e100000,0x000000079e100000,0x000000079ea80000)
 ParOldGen       total 87552K, used 9314K [0x0000000740000000, 0x0000000745580000, 0x0000000795580000)
  object space 87552K, 10% used [0x0000000740000000,0x0000000740918880,0x0000000745580000)
 Metaspace       used 20818K, capacity 21118K, committed 21248K, reserved 1067008K
  class space    used 2826K, capacity 2978K, committed 3072K, reserved 1048576K
}
Event: 5.286 GC heap before
{Heap before GC invocations=6 (full 1):
 PSYoungGen      total 71680K, used 5104K [0x0000000795580000, 0x000000079ea80000, 0x00000007c0000000)
  eden space 66560K, 0% used [0x0000000795580000,0x0000000795580000,0x0000000799680000)
  from space 5120K, 99% used [0x0000000799680000,0x0000000799b7c050,0x0000000799b80000)
  to   space 9728K, 0% used [0x000000079e100000,0x000000079e100000,0x000000079ea80000)
 ParOldGen       total 87552K, used 9314K [0x0000000740000000, 0x0000000745580000, 0x0000000795580000)
  object space 87552K, 10% used [0x0000000740000000,0x0000000740918880,0x0000000745580000)
 Metaspace       used 20818K, capacity 21118K, committed 21248K, reserved 1067008K
  class space    used 2826K, capacity 2978K, committed 3072K, reserved 1048576K
Event: 5.360 GC heap after
Heap after GC invocations=6 (full 1):
 PSYoungGen      total 71680K, used 0K [0x0000000795580000, 0x000000079ea80000, 0x00000007c0000000)
  eden space 66560K, 0% used [0x0000000795580000,0x0000000795580000,0x0000000799680000)
  from space 5120K, 0% used [0x0000000799680000,0x0000000799680000,0x0000000799b80000)
  to   space 9728K, 0% used [0x000000079e100000,0x000000079e100000,0x000000079ea80000)
 ParOldGen       total 58368K, used 8853K [0x0000000740000000, 0x0000000743900000, 0x0000000795580000)
  object space 58368K, 15% used [0x0000000740000000,0x00000007408a5728,0x0000000743900000)
 Metaspace       used 20818K, capacity 21118K, committed 21248K, reserved 1067008K
  class space    used 2826K, capacity 2978K, committed 3072K, reserved 1048576K
}
Event: 7.578 GC heap before
{Heap before GC invocations=7 (full 1):
 PSYoungGen      total 71680K, used 66560K [0x0000000795580000, 0x000000079ea80000, 0x00000007c0000000)
  eden space 66560K, 100% used [0x0000000795580000,0x0000000799680000,0x0000000799680000)
  from space 5120K, 0% used [0x0000000799680000,0x0000000799680000,0x0000000799b80000)
  to   space 9728K, 0% used [0x000000079e100000,0x000000079e100000,0x000000079ea80000)
 ParOldGen       total 58368K, used 8853K [0x0000000740000000, 0x0000000743900000, 0x0000000795580000)
  object space 58368K, 15% used [0x0000000740000000,0x00000007408a5728,0x0000000743900000)
 Metaspace       used 25366K, capacity 26048K, committed 26240K, reserved 1071104K
  class space    used 3435K, capacity 3673K, committed 3712K, reserved 1048576K
Event: 7.599 GC heap after
Heap after GC invocations=7 (full 1):
 PSYoungGen      total 114176K, used 5992K [0x0000000795580000, 0x000000079e700000, 0x00000007c0000000)
  eden space 108032K, 0% used [0x0000000795580000,0x0000000795580000,0x000000079bf00000)
  from space 6144K, 97% used [0x000000079e100000,0x000000079e6da030,0x000000079e700000)
  to   space 9728K, 0% used [0x000000079d400000,0x000000079d400000,0x000000079dd80000)
 ParOldGen       total 58368K, used 8861K [0x0000000740000000, 0x0000000743900000, 0x0000000795580000)
  object space 58368K, 15% used [0x0000000740000000,0x00000007408a7728,0x0000000743900000)
 Metaspace       used 25366K, capacity 26048K, committed 26240K, reserved 1071104K
  class space    used 3435K, capacity 3673K, committed 3712K, reserved 1048576K
}

Deoptimization events (10 events):
Event: 5.056 Thread 0x00007fc5ec001000 Uncommon trap: reason=class_check action=maybe_recompile pc=0x0000000112b6bdcc method=java.lang.reflect.Method.equals(Ljava/lang/Object;)Z @ 5
Event: 5.060 Thread 0x00007fc5ec001000 Uncommon trap: reason=class_check action=maybe_recompile pc=0x0000000112b6bdcc method=java.lang.reflect.Method.equals(Ljava/lang/Object;)Z @ 5
Event: 5.069 Thread 0x00007fc5ec001000 Uncommon trap: reason=class_check action=maybe_recompile pc=0x0000000112b6bdcc method=java.lang.reflect.Method.equals(Ljava/lang/Object;)Z @ 5
Event: 5.069 Thread 0x00007fc5ec001000 Uncommon trap: reason=class_check action=maybe_recompile pc=0x0000000112b6bdcc method=java.lang.reflect.Method.equals(Ljava/lang/Object;)Z @ 5
Event: 5.585 Thread 0x00007fc5ec001000 Uncommon trap: reason=class_check action=maybe_recompile pc=0x0000000112b36d60 method=sun.misc.URLClassPath.getLoader(I)Lsun/misc/URLClassPath$Loader; @ 94
Event: 5.607 Thread 0x00007fc5ec001000 Uncommon trap: reason=class_check action=maybe_recompile pc=0x0000000112b33cc0 method=sun.misc.URLClassPath.getLoader(I)Lsun/misc/URLClassPath$Loader; @ 193
Event: 5.613 Thread 0x00007fc5ec001000 Uncommon trap: reason=unstable_if action=reinterpret pc=0x0000000112bf0530 method=java.util.concurrent.ConcurrentHashMap.putVal(Ljava/lang/Object;Ljava/lang/Object;Z)Ljava/lang/Object; @ 181
Event: 6.272 Thread 0x00007fc5ec001000 Uncommon trap: reason=unstable_if action=reinterpret pc=0x0000000112bb84e0 method=java.net.URI.match(CJJ)Z @ 45
Event: 6.272 Thread 0x00007fc5ec001000 Uncommon trap: reason=unstable_if action=reinterpret pc=0x00000001129be26c method=java.net.URI.match(CJJ)Z @ 19
Event: 8.850 Thread 0x00007fc5ec001000 Uncommon trap: reason=unstable_if action=reinterpret pc=0x0000000112b13134 method=java.util.LinkedHashMap.afterNodeInsertion(Z)V @ 1

Internal exceptions (10 events):
Event: 8.350 Thread 0x00007fc5ec001000 Exception <a 'java/lang/ClassNotFoundException': org/gradle/api/internal/AbstractDynamicObjectCustomizer> (0x0000000796792200) thrown at [/HUDSON3/workspace/8-2-build-macosx-x86_64/jdk8u101/7261/hotspot/src/share/vm/classfile/systemDictionary.cpp, line 21
Event: 8.351 Thread 0x00007fc5ec001000 Exception <a 'java/lang/ClassNotFoundException': org/gradle/api/internal/ExtensibleDynamicObject$1Customizer> (0x00000007967c5638) thrown at [/HUDSON3/workspace/8-2-build-macosx-x86_64/jdk8u101/7261/hotspot/src/share/vm/classfile/systemDictionary.cpp, lin
Event: 8.354 Thread 0x00007fc5ec001000 Exception <a 'java/lang/ClassNotFoundException': org/gradle/api/internal/DynamicObjectBeanInfo> (0x0000000796809dd8) thrown at [/HUDSON3/workspace/8-2-build-macosx-x86_64/jdk8u101/7261/hotspot/src/share/vm/classfile/systemDictionary.cpp, line 210]
Event: 8.357 Thread 0x00007fc5ec001000 Exception <a 'java/lang/ClassNotFoundException': org/gradle/api/internal/DynamicObjectCustomizer> (0x000000079682f848) thrown at [/HUDSON3/workspace/8-2-build-macosx-x86_64/jdk8u101/7261/hotspot/src/share/vm/classfile/systemDictionary.cpp, line 210]
Event: 8.387 Thread 0x00007fc5ec001000 Exception <a 'java/lang/ClassNotFoundException': com/android/build/gradle/internal/process/GradleProcessExecutorBeanInfo> (0x00000007968fe918) thrown at [/HUDSON3/workspace/8-2-build-macosx-x86_64/jdk8u101/7261/hotspot/src/share/vm/classfile/systemDiction
Event: 8.388 Thread 0x00007fc5ec001000 Exception <a 'java/lang/ClassNotFoundException': com/android/build/gradle/internal/process/GradleProcessExecutorCustomizer> (0x000000079690dfc8) thrown at [/HUDSON3/workspace/8-2-build-macosx-x86_64/jdk8u101/7261/hotspot/src/share/vm/classfile/systemDicti
Event: 8.396 Thread 0x00007fc5ec001000 Exception <a 'java/lang/ClassNotFoundException': com/android/build/gradle/internal/process/GradleJavaProcessExecutorBeanInfo> (0x000000079696a070) thrown at [/HUDSON3/workspace/8-2-build-macosx-x86_64/jdk8u101/7261/hotspot/src/share/vm/classfile/systemDic
Event: 8.398 Thread 0x00007fc5ec001000 Exception <a 'java/lang/ClassNotFoundException': com/android/build/gradle/internal/process/GradleJavaProcessExecutorCustomizer> (0x000000079697a200) thrown at [/HUDSON3/workspace/8-2-build-macosx-x86_64/jdk8u101/7261/hotspot/src/share/vm/classfile/systemD
Event: 8.637 Thread 0x00007fc5ec001000 Exception <a 'java/lang/ClassNotFoundException': org/gradle/api/plugins/BasePluginConventionBeanInfo> (0x00000007971ee7a0) thrown at [/HUDSON3/workspace/8-2-build-macosx-x86_64/jdk8u101/7261/hotspot/src/share/vm/classfile/systemDictionary.cpp, line 210]
Event: 8.638 Thread 0x00007fc5ec001000 Exception <a 'java/lang/ClassNotFoundException': org/gradle/api/plugins/BasePluginConventionCustomizer> (0x0000000797224e70) thrown at [/HUDSON3/workspace/8-2-build-macosx-x86_64/jdk8u101/7261/hotspot/src/share/vm/classfile/systemDictionary.cpp, line 210]

Events (10 events):
Event: 8.910 loading class org/gradle/model/internal/core/ExtractedModelCreator
Event: 8.910 loading class org/gradle/model/internal/core/ExtractedModelCreator done
Event: 8.919 loading class org/gradle/jvm/ClassDirectoryBinarySpec
Event: 8.919 loading class org/gradle/jvm/ClassDirectoryBinarySpec done
Event: 8.920 loading class org/gradle/jvm/JvmBinarySpec
Event: 8.920 loading class org/gradle/jvm/JvmBinarySpec done
Event: 8.920 loading class org/gradle/api/plugins/LegacyJavaComponentPlugin$1
Event: 8.920 loading class org/gradle/api/plugins/LegacyJavaComponentPlugin$1 done
Event: 8.926 loading class org/gradle/api/internal/jvm/ClassDirectoryBinarySpecInternal
Event: 8.926 loading class org/gradle/api/internal/jvm/ClassDirectoryBinarySpecInternal done


Dynamic libraries:
0x0000000035d18000 	/System/Library/Frameworks/Cocoa.framework/Versions/A/Cocoa
0x0000000035d18000 	/System/Library/Frameworks/Security.framework/Versions/A/Security
0x0000000035d18000 	/System/Library/Frameworks/ApplicationServices.framework/Versions/A/ApplicationServices
0x0000000035d18000 	/usr/lib/libz.1.dylib
0x0000000109d26000 	/usr/lib/libSystem.B.dylib
0x0000000035d18000 	/usr/lib/libobjc.A.dylib
0x0000000035d18000 	/System/Library/Frameworks/CoreFoundation.framework/Versions/A/CoreFoundation
0x0000000035d18000 	/System/Library/Frameworks/Foundation.framework/Versions/C/Foundation
0x0000000035d18000 	/System/Library/Frameworks/AppKit.framework/Versions/C/AppKit
0x0000000035d18000 	/System/Library/Frameworks/CoreData.framework/Versions/A/CoreData
0x0000000035d18000 	/System/Library/PrivateFrameworks/RemoteViewServices.framework/Versions/A/RemoteViewServices
0x0000000035d18000 	/System/Library/PrivateFrameworks/UIFoundation.framework/Versions/A/UIFoundation
0x0000000035d18000 	/System/Library/PrivateFrameworks/DFRFoundation.framework/Versions/A/DFRFoundation
0x0000000035d18000 	/usr/lib/libenergytrace.dylib
0x0000000035d18000 	/System/Library/PrivateFrameworks/SkyLight.framework/Versions/A/SkyLight
0x0000000035d18000 	/System/Library/Frameworks/CoreGraphics.framework/Versions/A/CoreGraphics
0x0000000035d18000 	/usr/lib/libScreenReader.dylib
0x0000000035d18000 	/System/Library/Frameworks/Accelerate.framework/Versions/A/Accelerate
0x0000000035d18000 	/System/Library/Frameworks/IOSurface.framework/Versions/A/IOSurface
0x0000000035d18000 	/System/Library/Frameworks/AudioToolbox.framework/Versions/A/AudioToolbox
0x0000000035d18000 	/System/Library/Frameworks/AudioUnit.framework/Versions/A/AudioUnit
0x0000000035d18000 	/System/Library/PrivateFrameworks/DataDetectorsCore.framework/Versions/A/DataDetectorsCore
0x0000000035d18000 	/System/Library/PrivateFrameworks/DesktopServicesPriv.framework/Versions/A/DesktopServicesPriv
0x0000000035d18000 	/System/Library/Frameworks/Carbon.framework/Versions/A/Frameworks/HIToolbox.framework/Versions/A/HIToolbox
0x0000000035d18000 	/usr/lib/libicucore.A.dylib
0x0000000035d18000 	/System/Library/Frameworks/QuartzCore.framework/Versions/A/QuartzCore
0x0000000035d18000 	/System/Library/Frameworks/Carbon.framework/Versions/A/Frameworks/SpeechRecognition.framework/Versions/A/SpeechRecognition
0x0000000035d18000 	/usr/lib/libauto.dylib
0x0000000035d18000 	/usr/lib/libxml2.2.dylib
0x0000000035d18000 	/System/Library/PrivateFrameworks/CoreUI.framework/Versions/A/CoreUI
0x0000000035d18000 	/System/Library/Frameworks/CoreAudio.framework/Versions/A/CoreAudio
0x0000000035d18000 	/System/Library/Frameworks/DiskArbitration.framework/Versions/A/DiskArbitration
0x0000000035d18000 	/usr/lib/liblangid.dylib
0x0000000035d18000 	/System/Library/PrivateFrameworks/MultitouchSupport.framework/Versions/A/MultitouchSupport
0x0000000109d34000 	/System/Library/Frameworks/IOKit.framework/Versions/A/IOKit
0x0000000035d18000 	/usr/lib/libDiagnosticMessagesClient.dylib
0x0000000035d18000 	/System/Library/Frameworks/CoreServices.framework/Versions/A/CoreServices
0x0000000035d18000 	/System/Library/PrivateFrameworks/PerformanceAnalysis.framework/Versions/A/PerformanceAnalysis
0x0000000035d18000 	/System/Library/PrivateFrameworks/GenerationalStorage.framework/Versions/A/GenerationalStorage
0x0000000035d18000 	/System/Library/Frameworks/OpenGL.framework/Versions/A/OpenGL
0x0000000035d18000 	/System/Library/Frameworks/CoreImage.framework/Versions/A/CoreImage
0x0000000035d18000 	/System/Library/Frameworks/CoreText.framework/Versions/A/CoreText
0x0000000035d18000 	/System/Library/Frameworks/ImageIO.framework/Versions/A/ImageIO
0x0000000035d18000 	/System/Library/PrivateFrameworks/Backup.framework/Versions/A/Backup
0x0000000035d18000 	/usr/lib/libarchive.2.dylib
0x0000000109e0d000 	/System/Library/Frameworks/CFNetwork.framework/Versions/A/CFNetwork
0x0000000035d18000 	/System/Library/Frameworks/SystemConfiguration.framework/Versions/A/SystemConfiguration
0x0000000035d18000 	/usr/lib/libCRFSuite.dylib
0x0000000035d18000 	/usr/lib/libc++.1.dylib
0x0000000035d18000 	/usr/lib/libc++abi.dylib
0x0000000035d18000 	/usr/lib/system/libcache.dylib
0x0000000035d18000 	/usr/lib/system/libcommonCrypto.dylib
0x0000000035d18000 	/usr/lib/system/libcompiler_rt.dylib
0x0000000035d18000 	/usr/lib/system/libcopyfile.dylib
0x0000000035d18000 	/usr/lib/system/libcorecrypto.dylib
0x0000000035d18000 	/usr/lib/system/libdispatch.dylib
0x000000010a4f7000 	/usr/lib/system/libdyld.dylib
0x0000000035d18000 	/usr/lib/system/libkeymgr.dylib
0x0000000035d18000 	/usr/lib/system/liblaunch.dylib
0x0000000035d18000 	/usr/lib/system/libmacho.dylib
0x0000000035d18000 	/usr/lib/system/libquarantine.dylib
0x0000000035d18000 	/usr/lib/system/libremovefile.dylib
0x0000000035d18000 	/usr/lib/system/libsystem_asl.dylib
0x0000000035d18000 	/usr/lib/system/libsystem_blocks.dylib
0x0000000035d18000 	/usr/lib/system/libsystem_c.dylib
0x0000000035d18000 	/usr/lib/system/libsystem_configuration.dylib
0x0000000035d18000 	/usr/lib/system/libsystem_coreservices.dylib
0x000000010a50a000 	/usr/lib/system/libsystem_coretls.dylib
0x0000000035d18000 	/usr/lib/system/libsystem_dnssd.dylib
0x0000000035d18000 	/usr/lib/system/libsystem_info.dylib
0x000000010a530000 	/usr/lib/system/libsystem_kernel.dylib
0x0000000035d18000 	/usr/lib/system/libsystem_m.dylib
0x0000000035d18000 	/usr/lib/system/libsystem_malloc.dylib
0x0000000035d18000 	/usr/lib/system/libsystem_network.dylib
0x000000010a56c000 	/usr/lib/system/libsystem_networkextension.dylib
0x0000000035d18000 	/usr/lib/system/libsystem_notify.dylib
0x0000000035d18000 	/usr/lib/system/libsystem_platform.dylib
0x0000000035d18000 	/usr/lib/system/libsystem_pthread.dylib
0x000000010a587000 	/usr/lib/system/libsystem_sandbox.dylib
0x0000000035d18000 	/usr/lib/system/libsystem_secinit.dylib
0x000000010a596000 	/usr/lib/system/libsystem_symptoms.dylib
0x000000010a5aa000 	/usr/lib/system/libsystem_trace.dylib
0x0000000035d18000 	/usr/lib/system/libunwind.dylib
0x0000000035d18000 	/usr/lib/system/libxpc.dylib
0x0000000035d18000 	/usr/lib/libbsm.0.dylib
0x000000010a5e5000 	/usr/lib/system/libkxld.dylib
0x0000000035d18000 	/usr/lib/libcoretls.dylib
0x0000000035d18000 	/usr/lib/libcoretls_cfhelpers.dylib
0x0000000035d18000 	/usr/lib/libxar.1.dylib
0x0000000035d18000 	/usr/lib/libsqlite3.dylib
0x0000000035d18000 	/usr/lib/libpam.2.dylib
0x0000000035d18000 	/usr/lib/libOpenScriptingUtil.dylib
0x0000000035d18000 	/usr/lib/libbz2.1.0.dylib
0x0000000035d18000 	/usr/lib/liblzma.5.dylib
0x0000000035d18000 	/usr/lib/libnetwork.dylib
0x0000000035d18000 	/usr/lib/libpcap.A.dylib
0x0000000035d18000 	/System/Library/Frameworks/CoreServices.framework/Versions/A/Frameworks/FSEvents.framework/Versions/A/FSEvents
0x0000000035d18000 	/System/Library/Frameworks/CoreServices.framework/Versions/A/Frameworks/CarbonCore.framework/Versions/A/CarbonCore
0x0000000035d18000 	/System/Library/Frameworks/CoreServices.framework/Versions/A/Frameworks/Metadata.framework/Versions/A/Metadata
0x0000000035d18000 	/System/Library/Frameworks/CoreServices.framework/Versions/A/Frameworks/OSServices.framework/Versions/A/OSServices
0x0000000035d18000 	/System/Library/Frameworks/CoreServices.framework/Versions/A/Frameworks/SearchKit.framework/Versions/A/SearchKit
0x0000000035d18000 	/System/Library/Frameworks/CoreServices.framework/Versions/A/Frameworks/AE.framework/Versions/A/AE
0x0000000035d18000 	/System/Library/Frameworks/CoreServices.framework/Versions/A/Frameworks/LaunchServices.framework/Versions/A/LaunchServices
0x0000000035d18000 	/System/Library/Frameworks/CoreServices.framework/Versions/A/Frameworks/DictionaryServices.framework/Versions/A/DictionaryServices
0x0000000035d18000 	/System/Library/Frameworks/CoreServices.framework/Versions/A/Frameworks/SharedFileList.framework/Versions/A/SharedFileList
0x0000000035d18000 	/System/Library/Frameworks/NetFS.framework/Versions/A/NetFS
0x0000000035d18000 	/System/Library/PrivateFrameworks/NetAuth.framework/Versions/A/NetAuth
0x0000000035d18000 	/System/Library/PrivateFrameworks/login.framework/Versions/A/Frameworks/loginsupport.framework/Versions/A/loginsupport
0x0000000035d18000 	/System/Library/PrivateFrameworks/TCC.framework/Versions/A/TCC
0x0000000035d18000 	/usr/lib/libmecabra.dylib
0x0000000035d18000 	/System/Library/Frameworks/ApplicationServices.framework/Versions/A/Frameworks/ATS.framework/Versions/A/ATS
0x0000000035d18000 	/System/Library/Frameworks/ApplicationServices.framework/Versions/A/Frameworks/ColorSync.framework/Versions/A/ColorSync
0x0000000035d18000 	/System/Library/Frameworks/ApplicationServices.framework/Versions/A/Frameworks/HIServices.framework/Versions/A/HIServices
0x0000000035d18000 	/System/Library/Frameworks/ApplicationServices.framework/Versions/A/Frameworks/LangAnalysis.framework/Versions/A/LangAnalysis
0x0000000035d18000 	/System/Library/Frameworks/ApplicationServices.framework/Versions/A/Frameworks/PrintCore.framework/Versions/A/PrintCore
0x0000000035d18000 	/System/Library/Frameworks/ApplicationServices.framework/Versions/A/Frameworks/QD.framework/Versions/A/QD
0x0000000035d18000 	/System/Library/Frameworks/ApplicationServices.framework/Versions/A/Frameworks/SpeechSynthesis.framework/Versions/A/SpeechSynthesis
0x0000000035d18000 	/System/Library/Frameworks/Accelerate.framework/Versions/A/Frameworks/vImage.framework/Versions/A/vImage
0x0000000035d18000 	/System/Library/Frameworks/Accelerate.framework/Versions/A/Frameworks/vecLib.framework/Versions/A/vecLib
0x0000000035d18000 	/System/Library/Frameworks/Accelerate.framework/Versions/A/Frameworks/vecLib.framework/Versions/A/libvDSP.dylib
0x0000000035d18000 	/System/Library/Frameworks/Accelerate.framework/Versions/A/Frameworks/vecLib.framework/Versions/A/libBNNS.dylib
0x0000000035d18000 	/System/Library/Frameworks/Accelerate.framework/Versions/A/Frameworks/vecLib.framework/Versions/A/libQuadrature.dylib
0x0000000035d18000 	/System/Library/Frameworks/Accelerate.framework/Versions/A/Frameworks/vecLib.framework/Versions/A/libvMisc.dylib
0x0000000035d18000 	/System/Library/Frameworks/Accelerate.framework/Versions/A/Frameworks/vecLib.framework/Versions/A/libLAPACK.dylib
0x0000000035d18000 	/System/Library/Frameworks/Accelerate.framework/Versions/A/Frameworks/vecLib.framework/Versions/A/libBLAS.dylib
0x0000000035d18000 	/System/Library/Frameworks/Accelerate.framework/Versions/A/Frameworks/vecLib.framework/Versions/A/libLinearAlgebra.dylib
0x0000000035d18000 	/System/Library/Frameworks/Accelerate.framework/Versions/A/Frameworks/vecLib.framework/Versions/A/libSparseBLAS.dylib
0x0000000035d18000 	/System/Library/Frameworks/ApplicationServices.framework/Versions/A/Frameworks/ATS.framework/Versions/A/Resources/libFontParser.dylib
0x0000000035d18000 	/System/Library/Frameworks/ApplicationServices.framework/Versions/A/Frameworks/ATS.framework/Versions/A/Resources/libFontRegistry.dylib
0x0000000035d18000 	/System/Library/Frameworks/ImageIO.framework/Versions/A/Resources/libJPEG.dylib
0x0000000035d18000 	/System/Library/Frameworks/ImageIO.framework/Versions/A/Resources/libTIFF.dylib
0x0000000035d18000 	/System/Library/Frameworks/ImageIO.framework/Versions/A/Resources/libPng.dylib
0x0000000035d18000 	/System/Library/Frameworks/ImageIO.framework/Versions/A/Resources/libGIF.dylib
0x0000000035d18000 	/System/Library/Frameworks/ImageIO.framework/Versions/A/Resources/libJP2.dylib
0x0000000035d18000 	/System/Library/Frameworks/ImageIO.framework/Versions/A/Resources/libRadiance.dylib
0x0000000035d18000 	/usr/lib/libcompression.dylib
0x0000000035d18000 	/System/Library/PrivateFrameworks/AppleJPEG.framework/Versions/A/AppleJPEG
0x0000000035d18000 	/usr/lib/libcups.2.dylib
0x0000000035d18000 	/System/Library/Frameworks/Kerberos.framework/Versions/A/Kerberos
0x0000000035d18000 	/System/Library/Frameworks/GSS.framework/Versions/A/GSS
0x0000000035d18000 	/usr/lib/libresolv.9.dylib
0x0000000035d18000 	/usr/lib/libiconv.2.dylib
0x0000000035d18000 	/System/Library/PrivateFrameworks/Heimdal.framework/Versions/A/Heimdal
0x0000000035d18000 	/usr/lib/libheimdal-asn1.dylib
0x0000000035d18000 	/System/Library/Frameworks/OpenDirectory.framework/Versions/A/OpenDirectory
0x0000000035d18000 	/System/Library/PrivateFrameworks/CommonAuth.framework/Versions/A/CommonAuth
0x0000000035d18000 	/System/Library/Frameworks/OpenDirectory.framework/Versions/A/Frameworks/CFOpenDirectory.framework/Versions/A/CFOpenDirectory
0x0000000035d18000 	/System/Library/Frameworks/SecurityFoundation.framework/Versions/A/SecurityFoundation
0x0000000035d18000 	/System/Library/PrivateFrameworks/LanguageModeling.framework/Versions/A/LanguageModeling
0x0000000035d18000 	/usr/lib/libmarisa.dylib
0x0000000035d18000 	/usr/lib/libChineseTokenizer.dylib
0x0000000035d18000 	/usr/lib/libcmph.dylib
0x0000000035d18000 	/System/Library/PrivateFrameworks/CoreEmoji.framework/Versions/A/CoreEmoji
0x0000000035d18000 	/System/Library/Frameworks/ServiceManagement.framework/Versions/A/ServiceManagement
0x0000000035d18000 	/usr/lib/libxslt.1.dylib
0x0000000035d18000 	/System/Library/Frameworks/Carbon.framework/Versions/A/Frameworks/Ink.framework/Versions/A/Ink
0x0000000035d18000 	/System/Library/PrivateFrameworks/TextureIO.framework/Versions/A/TextureIO
0x0000000035d18000 	/System/Library/Frameworks/Metal.framework/Versions/A/Metal
0x0000000035d18000 	/usr/lib/libate.dylib
0x0000000035d18000 	/System/Library/PrivateFrameworks/GPUCompiler.framework/libmetal_timestamp.dylib
0x0000000035d18000 	/System/Library/Frameworks/OpenGL.framework/Versions/A/Libraries/libCoreFSCache.dylib
0x0000000035d18000 	/System/Library/PrivateFrameworks/IOAccelerator.framework/Versions/A/IOAccelerator
0x0000000035d18000 	/System/Library/Frameworks/CoreVideo.framework/Versions/A/CoreVideo
0x0000000035d18000 	/usr/lib/libFosl_dynamic.dylib
0x0000000035d18000 	/System/Library/PrivateFrameworks/MetalPerformanceShaders.framework/Versions/A/MetalPerformanceShaders
0x0000000035d18000 	/System/Library/PrivateFrameworks/FaceCore.framework/Versions/A/FaceCore
0x0000000035d18000 	/System/Library/Frameworks/OpenCL.framework/Versions/A/OpenCL
0x0000000035d18000 	/System/Library/Frameworks/OpenGL.framework/Versions/A/Libraries/libGLU.dylib
0x0000000035d18000 	/System/Library/Frameworks/OpenGL.framework/Versions/A/Libraries/libGFXShared.dylib
0x0000000035d18000 	/System/Library/Frameworks/OpenGL.framework/Versions/A/Libraries/libGL.dylib
0x0000000035d18000 	/System/Library/Frameworks/OpenGL.framework/Versions/A/Libraries/libGLImage.dylib
0x0000000035d18000 	/System/Library/Frameworks/OpenGL.framework/Versions/A/Libraries/libCVMSPluginSupport.dylib
0x0000000035d18000 	/System/Library/Frameworks/OpenGL.framework/Versions/A/Libraries/libCoreVMClient.dylib
0x0000000035d18000 	/System/Library/PrivateFrameworks/CrashReporterSupport.framework/Versions/A/CrashReporterSupport
0x0000000035d18000 	/System/Library/PrivateFrameworks/Sharing.framework/Versions/A/Sharing
0x0000000035d18000 	/System/Library/PrivateFrameworks/IconServices.framework/Versions/A/IconServices
0x0000000035d18000 	/System/Library/PrivateFrameworks/ProtocolBuffer.framework/Versions/A/ProtocolBuffer
0x0000000035d18000 	/System/Library/PrivateFrameworks/Apple80211.framework/Versions/A/Apple80211
0x0000000035d18000 	/System/Library/Frameworks/CoreWLAN.framework/Versions/A/CoreWLAN
0x0000000035d18000 	/System/Library/PrivateFrameworks/CoreUtils.framework/Versions/A/CoreUtils
0x0000000035d18000 	/System/Library/Frameworks/IOBluetooth.framework/Versions/A/IOBluetooth
0x0000000035d18000 	/System/Library/PrivateFrameworks/CoreWiFi.framework/Versions/A/CoreWiFi
0x0000000035d18000 	/System/Library/Frameworks/CoreBluetooth.framework/Versions/A/CoreBluetooth
0x0000000035d18000 	/System/Library/Frameworks/CoreDisplay.framework/Versions/A/CoreDisplay
0x0000000035d18000 	/System/Library/PrivateFrameworks/IOPresentment.framework/Versions/A/IOPresentment
0x0000000035d18000 	/System/Library/PrivateFrameworks/DebugSymbols.framework/Versions/A/DebugSymbols
0x0000000035d18000 	/System/Library/PrivateFrameworks/CoreSymbolication.framework/Versions/A/CoreSymbolication
0x0000000035d18000 	/System/Library/PrivateFrameworks/Symbolication.framework/Versions/A/Symbolication
0x0000000035d18000 	/System/Library/PrivateFrameworks/AppleFSCompression.framework/Versions/A/AppleFSCompression
0x0000000035d18000 	/System/Library/PrivateFrameworks/SpeechRecognitionCore.framework/Versions/A/SpeechRecognitionCore
0x0000000035d18000 	/System/Library/PrivateFrameworks/ChunkingLibrary.framework/Versions/A/ChunkingLibrary
0x000000010b000000 	/Library/Java/JavaVirtualMachines/jdk1.8.0_101.jdk/Contents/Home/jre/lib/server/libjvm.dylib
0x0000000035d18000 	/usr/lib/libstdc++.6.dylib
0x000000010a653000 	/Library/Java/JavaVirtualMachines/jdk1.8.0_101.jdk/Contents/Home/jre/lib/libverify.dylib
0x000000010a661000 	/Library/Java/JavaVirtualMachines/jdk1.8.0_101.jdk/Contents/Home/jre/lib/libjava.dylib
0x000000010a69e000 	/Library/Java/JavaVirtualMachines/jdk1.8.0_101.jdk/Contents/Home/jre/lib/libzip.dylib
0x00000001126bf000 	/System/Library/Frameworks/JavaVM.framework/Frameworks/JavaRuntimeSupport.framework/JavaRuntimeSupport
0x000000010a7e8000 	/System/Library/Frameworks/JavaVM.framework/Versions/A/Frameworks/JavaNativeFoundation.framework/Versions/A/JavaNativeFoundation
0x00000001126d9000 	/System/Library/Frameworks/JavaVM.framework/Versions/A/JavaVM
0x0000000035d18000 	/System/Library/Frameworks/Carbon.framework/Versions/A/Carbon
0x00000001126e6000 	/System/Library/PrivateFrameworks/JavaLaunching.framework/Versions/A/JavaLaunching
0x0000000035d18000 	/System/Library/Frameworks/Carbon.framework/Versions/A/Frameworks/CommonPanels.framework/Versions/A/CommonPanels
0x0000000035d18000 	/System/Library/Frameworks/Carbon.framework/Versions/A/Frameworks/Help.framework/Versions/A/Help
0x0000000035d18000 	/System/Library/Frameworks/Carbon.framework/Versions/A/Frameworks/ImageCapture.framework/Versions/A/ImageCapture
0x0000000035d18000 	/System/Library/Frameworks/Carbon.framework/Versions/A/Frameworks/OpenScripting.framework/Versions/A/OpenScripting
0x0000000035d18000 	/System/Library/Frameworks/Carbon.framework/Versions/A/Frameworks/Print.framework/Versions/A/Print
0x0000000035d18000 	/System/Library/Frameworks/Carbon.framework/Versions/A/Frameworks/SecurityHI.framework/Versions/A/SecurityHI
0x000000011275d000 	/Library/Java/JavaVirtualMachines/jdk1.8.0_101.jdk/Contents/Home/jre/lib/libnet.dylib
0x0000000112774000 	/Library/Java/JavaVirtualMachines/jdk1.8.0_101.jdk/Contents/Home/jre/lib/libnio.dylib
0x000000012363b000 	/Users/elchroy/.gradle/native/19/osx-amd64/libnative-platform.dylib
0x0000000123640000 	/Users/elchroy/.gradle/native/19/osx-amd64/libnative-platform-curses.dylib
0x0000000035d18000 	/usr/lib/libncurses.5.4.dylib
0x0000000123644000 	/private/var/folders/3j/p0_wzk9d1ns47ybk3ng5x3w80000gn/T/jna8284774548094606310.tmp
0x0000000123659000 	/Library/Java/JavaVirtualMachines/jdk1.8.0_101.jdk/Contents/Home/jre/lib/libmanagement.dylib

VM Arguments:
jvm_args: -Dorg.gradle.appname=gradlew 
java_command: org.gradle.wrapper.GradleWrapperMain installDebug
java_class_path (initial): /Users/elchroy/Roy/Code/rubyment/roymobile/android/gradle/wrapper/gradle-wrapper.jar
Launcher Type: SUN_STANDARD

Environment Variables:
PATH=/usr/local/opt/nvm/versions/node/v6.3.0/lib/node_modules/npm/bin/node-gyp-bin:/Users/elchroy/Roy/Code/rubyment/roymobile/node_modules/.bin:/usr/local/opt/nvm/versions/node/v6.3.0/bin:/Users/elchroy/.rvm/gems/ruby-2.3.0/bin:/Users/elchroy/.rvm/gems/ruby-2.3.0@global/bin:/Users/elchroy/.rvm/rubies/ruby-2.3.0/bin:/usr/local/opt/nvm/versions/node/v6.3.0/bin:/usr/local/mysql/bin:/usr/local/share/python:/usr/local/bin:/usr/bin:/bin:/usr/sbin:/sbin:/Users/elchroy/golang/src/github.com/andela/bin:/usr/local/opt/go/libexec/bin:/Users/elchroy/.rvm/bin:/Users/elchroy/Library/Android/sdk/tools:/Users/elchroy/Library/Android/sdk/platform-tools
SHELL=/bin/zsh

Signal Handlers:
SIGSEGV: [libjvm.dylib+0x5af145], sa_mask[0]=11111111011111110111111111111111, sa_flags=SA_ONSTACK|SA_RESTART|SA_SIGINFO
SIGBUS: [libjvm.dylib+0x5af145], sa_mask[0]=11111111011111110111111111111111, sa_flags=SA_RESTART|SA_SIGINFO
SIGFPE: [libjvm.dylib+0x48694c], sa_mask[0]=11111111011111110111111111111111, sa_flags=SA_RESTART|SA_SIGINFO
SIGPIPE: [libjvm.dylib+0x48694c], sa_mask[0]=11111111011111110111111111111111, sa_flags=SA_RESTART|SA_SIGINFO
SIGXFSZ: [libjvm.dylib+0x48694c], sa_mask[0]=11111111011111110111111111111111, sa_flags=SA_RESTART|SA_SIGINFO
SIGILL: [libjvm.dylib+0x48694c], sa_mask[0]=11111111011111110111111111111111, sa_flags=SA_RESTART|SA_SIGINFO
SIGUSR1: SIG_DFL, sa_mask[0]=11111111011111110111111111111111, sa_flags=none
SIGUSR2: [libjvm.dylib+0x48646a], sa_mask[0]=00000000000000000000000000000000, sa_flags=SA_RESTART|SA_SIGINFO
SIGHUP: [libjvm.dylib+0x484a41], sa_mask[0]=11111111011111110111111111111111, sa_flags=SA_RESTART|SA_SIGINFO
SIGINT: [libjvm.dylib+0x484a41], sa_mask[0]=11111111011111110111111111111111, sa_flags=SA_RESTART|SA_SIGINFO
SIGTERM: [libjvm.dylib+0x484a41], sa_mask[0]=11111111011111110111111111111111, sa_flags=SA_RESTART|SA_SIGINFO
SIGQUIT: [libjvm.dylib+0x484a41], sa_mask[0]=11111111011111110111111111111111, sa_flags=SA_RESTART|SA_SIGINFO


---------------  S Y S T E M  ---------------

OS:Bsduname:Darwin 16.4.0 Darwin Kernel Version 16.4.0: Thu Dec 22 22:53:21 PST 2016; root:xnu-3789.41.3~3/RELEASE_X86_64 x86_64
rlimit: STACK 8192k, CORE 0k, NPROC 709, NOFILE 10240, AS infinity
load average:7.60 7.05 8.22

CPU:total 4 (2 cores per cpu, 2 threads per core) family 6 model 61 stepping 4, cmov, cx8, fxsr, mmx, sse, sse2, sse3, ssse3, sse4.1, sse4.2, popcnt, avx, avx2, aes, clmul, erms, 3dnowpref, lzcnt, ht, tsc, tscinvbit, bmi1, bmi2, adx

Memory: 4k page, physical 8388608k(223484k free)

/proc/meminfo:


vm_info: Java HotSpot(TM) 64-Bit Server VM (25.101-b13) for bsd-amd64 JRE (1.8.0_101-b13), built on Jun 22 2016 02:42:15 by "java_re" with gcc 4.2.1 (Based on Apple Inc. build 5658) (LLVM build 2336.11.00)

time: Wed Feb  8 12:57:03 2017
elapsed time: 8 seconds (0d 0h 0m 8s)

