#
# A fatal error has been detected by the Java Runtime Environment:
#
#  SIGSEGV (0xb) at pc=0x0000000102486498, pid=61118, tid=0x0000000000000307
#
# JRE version: Java(TM) SE Runtime Environment (8.0_101-b13) (build 1.8.0_101-b13)
# Java VM: Java HotSpot(TM) 64-Bit Server VM (25.101-b13 mixed mode bsd-amd64 compressed oops)
# Problematic frame:
# V  [libjvm.dylib+0x486498]  SR_handler(int, __siginfo*, __darwin_ucontext*)+0x2e
#
# Failed to write core dump. Core dumps have been disabled. To enable core dumping, try "ulimit -c unlimited" before starting Java again
#
# If you would like to submit a bug report, please visit:
#   http://bugreport.java.com/bugreport/crash.jsp
#

---------------  T H R E A D  ---------------

Current thread is native thread

siginfo: si_signo: 11 (SIGSEGV), si_code: 1 (SEGV_MAPERR), si_addr: 0x0000000000000128

Registers:
RAX=0x0000000000000000, RBX=0x00007fff5ed4e810, RCX=0x00007fffa9547408, RDX=0x00007fff5ed4e810
RSP=0x00007fff5ed4e340, RBP=0x00007fff5ed4e370, RSI=0x00007fff5ed4e7a8, RDI=0x0000000000000103
R8 =0x00007fff5ed4e810, R9 =0x00000000ffffffff, R10=0x0000000000000c00, R11=0x0000000000000206
R12=0x0000000000000c00, R13=0x0000000000000000, R14=0x00007fff5ed4e7a8, R15=0x0000000000000002
RIP=0x0000000102486498, EFLAGS=0x0000000000010202, ERR=0x0000000000000004
  TRAPNO=0x000000000000000e

Top of Stack: (sp=0x00007fff5ed4e340)
0x00007fff5ed4e340:   0000000000000000 00007fff5ed4e810
0x00007fff5ed4e350:   0000000000000c00 0000000000000000
0x00007fff5ed4e360:   00007fff5ed4ea40 0000000000000d03
0x00007fff5ed4e370:   00007fff5ed4e380 00007fffa0907bba
0x00007fff5ed4e380:   00007fff5ed4e910 0000000000015c00
0x00007fff5ed4e390:   00015d00a5f9b958 00007fffa93dd2d0
0x00007fff5ed4e3a0:   0100001f00000085 00007fff8b1a3680
0x00007fff5ed4e3b0:   0000000010004005 00000000ffffffff
0x00007fff5ed4e3c0:   00007fff5ed4e8c8 0000000000000000
0x00007fff5ed4e3d0:   00007fff5ed4ea40 0000000007000806
0x00007fff5ed4e3e0:   00007fff5ed4e910 00007fff5ed4e8c8
0x00007fff5ed4e3f0:   0000000000000d03 00000000ffffffff
0x00007fff5ed4e400:   0000000000000c00 0000000000000206
0x00007fff5ed4e410:   0000000000000c00 0000000000000000
0x00007fff5ed4e420:   00007fff5ed4ea40 0000000000000d03
0x00007fff5ed4e430:   00000001016e138a 0000000000000206
0x00007fff5ed4e440:   0000000000000007 0000000000000000
0x00007fff5ed4e450:   0000000000000000 0000000000000000
0x00007fff5ed4e460:   000000000000037f 0000000000000000
0x00007fff5ed4e470:   0000000000000000 0000ffff00001fa0
0x00007fff5ed4e480:   0000000000000000 000000000000ffff
0x00007fff5ed4e490:   0000000000000100 000000000000ffff
0x00007fff5ed4e4a0:   0000000000000000 0000000000000000
0x00007fff5ed4e4b0:   0000000000000000 0000000000000000
0x00007fff5ed4e4c0:   87bc000000000000 000000000000c00b
0x00007fff5ed4e4d0:   0000000000000000 0000000000000000
0x00007fff5ed4e4e0:   8000000000000000 0000000000004007
0x00007fff5ed4e4f0:   c060000000000000 000000000000400a
0x00007fff5ed4e500:   41be48c4d1386bf0 0000000000000000
0x00007fff5ed4e510:   3fcc35f809917939 0000000000000000
0x00007fff5ed4e520:   c3de3f7a6d69b559 439c08592964aa6f
0x00007fff5ed4e530:   0000000000000000 0000000000000000 

Instructions: (pc=0x0000000102486498)
0x0000000102486478:   83 ec 08 48 89 d3 49 89 f6 e8 00 26 14 00 44 8b
0x0000000102486488:   38 48 8d 05 20 cd 3a 00 48 63 38 e8 ca 28 14 00
0x0000000102486498:   4c 8b a0 28 01 00 00 41 83 7c 24 34 01 0f 85 e2
0x00000001024864a8:   00 00 00 49 89 5c 24 40 4d 89 74 24 38 49 8d 5c 

Register to memory mapping:

RAX=0x0000000000000000 is an unknown value
RBX=0x00007fff5ed4e810 is an unknown value
RCX=0x00007fffa9547408: _thread+0x48 in /usr/lib/system/libsystem_pthread.dylib at 0x00007fffa090e000
RDX=0x00007fff5ed4e810 is an unknown value
RSP=0x00007fff5ed4e340 is an unknown value
RBP=0x00007fff5ed4e370 is an unknown value
RSI=0x00007fff5ed4e7a8 is an unknown value
RDI=0x0000000000000103 is an unknown value
R8 =0x00007fff5ed4e810 is an unknown value
R9 =0x00000000ffffffff is an unknown value
R10=0x0000000000000c00 is an unknown value
R11=0x0000000000000206 is an unknown value
R12=0x0000000000000c00 is an unknown value
R13=0x0000000000000000 is an unknown value
R14=0x00007fff5ed4e7a8 is an unknown value
R15=0x0000000000000002 is an unknown value


Stack: [0x00007fff5e553000,0x00007fff5ed53000],  sp=0x00007fff5ed4e340,  free space=8172k
Native frames: (J=compiled Java code, j=interpreted, Vv=VM code, C=native code)
V  [libjvm.dylib+0x486498]  SR_handler(int, __siginfo*, __darwin_ucontext*)+0x2e
C  [libsystem_platform.dylib+0x2bba]  _sigtramp+0x1a
C  0x0000000000015c00
C  [CoreFoundation+0x88c94]  __CFRunLoopServiceMachPort+0xd4
C  [CoreFoundation+0x88121]  __CFRunLoopRun+0x551
C  [CoreFoundation+0x87974]  CFRunLoopRunSpecific+0x1a4
C  [java+0x6465]  CreateExecutionEnvironment+0x367
C  [java+0x218c]  JLI_Launch+0x7a0
C  [java+0x84c2]  main+0x65
C  [java+0x19e4]  start+0x34


---------------  P R O C E S S  ---------------

VM state:not at safepoint (normal execution)

VM Mutex/Monitor currently owned by a thread: None

Heap:
 PSYoungGen      total 173056K, used 102993K [0x0000000795580000, 0x00000007a3700000, 0x00000007c0000000)
  eden space 156672K, 55% used [0x0000000795580000,0x000000079aa19968,0x000000079ee80000)
  from space 16384K, 99% used [0x000000079ee80000,0x000000079fe7ad80,0x000000079fe80000)
  to   space 18432K, 0% used [0x00000007a2500000,0x00000007a2500000,0x00000007a3700000)
 ParOldGen       total 107008K, used 24498K [0x0000000740000000, 0x0000000746880000, 0x0000000795580000)
  object space 107008K, 22% used [0x0000000740000000,0x00000007417ec930,0x0000000746880000)
 Metaspace       used 39934K, capacity 41218K, committed 41560K, reserved 1085440K
  class space    used 5638K, capacity 6178K, committed 6272K, reserved 1048576K

Card table byte_map: [0x000000010339b000,0x000000010379c000] byte_map_base: 0x00000000ff99b000

Marking Bits: (ParMarkBitMap*) 0x00000001028edd20
 Begin Bits: [0x0000000103a47000, 0x0000000105a47000)
 End Bits:   [0x0000000105a47000, 0x0000000107a47000)

Polling page: 0x0000000100ed3000

CodeCache: size=245760Kb used=13745Kb max_used=14649Kb free=232014Kb
 bounds [0x00000001101fd000, 0x000000011105d000, 0x000000011f1fd000]
 total_blobs=4642 nmethods=3977 adapters=577
 compilation: enabled

Compilation events (10 events):
Event: 10.608 Thread 0x00007fb9c200a000 4266       3       groovyjarjarasm.asm.ByteVector::putByte (39 bytes)
Event: 10.608 Thread 0x00007fb9c200a000 nmethod 4266 0x00000001103ac790 code [0x00000001103ac900, 0x00000001103acb48]
Event: 10.609 Thread 0x00007fb9c2000800 4267   !   4       sun.misc.URLClassPath$JarLoader::getResource (85 bytes)
Event: 10.612 Thread 0x00007fb9c1830800 4268       4       java.lang.StringBuilder::length (5 bytes)
Event: 10.613 Thread 0x00007fb9c1830800 nmethod 4268 0x00000001109f44d0 code [0x00000001109f4620, 0x00000001109f4678]
Event: 10.613 Thread 0x00007fb9c200a000 4269       3       java.nio.channels.spi.AbstractInterruptibleChannel::blockedOn (13 bytes)
Event: 10.614 Thread 0x00007fb9c200a000 nmethod 4269 0x0000000110384cd0 code [0x0000000110384e60, 0x0000000110385370]
Event: 10.614 Thread 0x00007fb9c200a000 4270       3       java.lang.System$2::blockedOn (6 bytes)
Event: 10.614 Thread 0x00007fb9c200a000 nmethod 4270 0x0000000110359510 code [0x0000000110359680, 0x0000000110359a70]
Event: 10.629 Thread 0x00007fb9c2000800 nmethod 4267 0x00000001109e1c50 code [0x00000001109e1ea0, 0x00000001109e2940]

GC Heap History (10 events):
Event: 4.277 GC heap before
{Heap before GC invocations=7 (full 1):
 PSYoungGen      total 71680K, used 66560K [0x0000000795580000, 0x000000079ea80000, 0x00000007c0000000)
  eden space 66560K, 100% used [0x0000000795580000,0x0000000799680000,0x0000000799680000)
  from space 5120K, 0% used [0x0000000799680000,0x0000000799680000,0x0000000799b80000)
  to   space 9728K, 0% used [0x000000079e100000,0x000000079e100000,0x000000079ea80000)
 ParOldGen       total 60928K, used 8894K [0x0000000740000000, 0x0000000743b80000, 0x0000000795580000)
  object space 60928K, 14% used [0x0000000740000000,0x00000007408afb40,0x0000000743b80000)
 Metaspace       used 25355K, capacity 25952K, committed 26240K, reserved 1071104K
  class space    used 3431K, capacity 3641K, committed 3712K, reserved 1048576K
Event: 4.291 GC heap after
Heap after GC invocations=7 (full 1):
 PSYoungGen      total 109568K, used 5974K [0x0000000795580000, 0x000000079e700000, 0x00000007c0000000)
  eden space 103424K, 0% used [0x0000000795580000,0x0000000795580000,0x000000079ba80000)
  from space 6144K, 97% used [0x000000079e100000,0x000000079e6d5a80,0x000000079e700000)
  to   space 9728K, 0% used [0x000000079d400000,0x000000079d400000,0x000000079dd80000)
 ParOldGen       total 60928K, used 8966K [0x0000000740000000, 0x0000000743b80000, 0x0000000795580000)
  object space 60928K, 14% used [0x0000000740000000,0x00000007408c1b50,0x0000000743b80000)
 Metaspace       used 25355K, capacity 25952K, committed 26240K, reserved 1071104K
  class space    used 3431K, capacity 3641K, committed 3712K, reserved 1048576K
}
Event: 5.929 GC heap before
{Heap before GC invocations=8 (full 1):
 PSYoungGen      total 109568K, used 109398K [0x0000000795580000, 0x000000079e700000, 0x00000007c0000000)
  eden space 103424K, 100% used [0x0000000795580000,0x000000079ba80000,0x000000079ba80000)
  from space 6144K, 97% used [0x000000079e100000,0x000000079e6d5a80,0x000000079e700000)
  to   space 9728K, 0% used [0x000000079d400000,0x000000079d400000,0x000000079dd80000)
 ParOldGen       total 60928K, used 8966K [0x0000000740000000, 0x0000000743b80000, 0x0000000795580000)
  object space 60928K, 14% used [0x0000000740000000,0x00000007408c1b50,0x0000000743b80000)
 Metaspace       used 32175K, capacity 33190K, committed 33408K, reserved 1077248K
  class space    used 4479K, capacity 4874K, committed 4992K, reserved 1048576K
Event: 5.951 GC heap after
Heap after GC invocations=8 (full 1):
 PSYoungGen      total 139264K, used 9716K [0x0000000795580000, 0x00000007a0c80000, 0x00000007c0000000)
  eden space 129536K, 0% used [0x0000000795580000,0x0000000795580000,0x000000079d400000)
  from space 9728K, 99% used [0x000000079d400000,0x000000079dd7d010,0x000000079dd80000)
  to   space 14336K, 0% used [0x000000079fe80000,0x000000079fe80000,0x00000007a0c80000)
 ParOldGen       total 60928K, used 16501K [0x0000000740000000, 0x0000000743b80000, 0x0000000795580000)
  object space 60928K, 27% used [0x0000000740000000,0x000000074101d4d0,0x0000000743b80000)
 Metaspace       used 32175K, capacity 33190K, committed 33408K, reserved 1077248K
  class space    used 4479K, capacity 4874K, committed 4992K, reserved 1048576K
}
Event: 6.491 GC heap before
{Heap before GC invocations=9 (full 1):
 PSYoungGen      total 139264K, used 50937K [0x0000000795580000, 0x00000007a0c80000, 0x00000007c0000000)
  eden space 129536K, 31% used [0x0000000795580000,0x0000000797dc16e8,0x000000079d400000)
  from space 9728K, 99% used [0x000000079d400000,0x000000079dd7d010,0x000000079dd80000)
  to   space 14336K, 0% used [0x000000079fe80000,0x000000079fe80000,0x00000007a0c80000)
 ParOldGen       total 60928K, used 16501K [0x0000000740000000, 0x0000000743b80000, 0x0000000795580000)
  object space 60928K, 27% used [0x0000000740000000,0x000000074101d4d0,0x0000000743b80000)
 Metaspace       used 34284K, capacity 35272K, committed 35416K, reserved 1079296K
  class space    used 4772K, capacity 5166K, committed 5248K, reserved 1048576K
Event: 6.515 GC heap after
Heap after GC invocations=9 (full 1):
 PSYoungGen      total 171008K, used 14283K [0x0000000795580000, 0x00000007a4180000, 0x00000007c0000000)
  eden space 156672K, 0% used [0x0000000795580000,0x0000000795580000,0x000000079ee80000)
  from space 14336K, 99% used [0x000000079fe80000,0x00000007a0c72e18,0x00000007a0c80000)
  to   space 16384K, 0% used [0x000000079ee80000,0x000000079ee80000,0x000000079fe80000)
 ParOldGen       total 60928K, used 16509K [0x0000000740000000, 0x0000000743b80000, 0x0000000795580000)
  object space 60928K, 27% used [0x0000000740000000,0x000000074101f4d0,0x0000000743b80000)
 Metaspace       used 34284K, capacity 35272K, committed 35416K, reserved 1079296K
  class space    used 4772K, capacity 5166K, committed 5248K, reserved 1048576K
}
Event: 6.515 GC heap before
{Heap before GC invocations=10 (full 2):
 PSYoungGen      total 171008K, used 14283K [0x0000000795580000, 0x00000007a4180000, 0x00000007c0000000)
  eden space 156672K, 0% used [0x0000000795580000,0x0000000795580000,0x000000079ee80000)
  from space 14336K, 99% used [0x000000079fe80000,0x00000007a0c72e18,0x00000007a0c80000)
  to   space 16384K, 0% used [0x000000079ee80000,0x000000079ee80000,0x000000079fe80000)
 ParOldGen       total 60928K, used 16509K [0x0000000740000000, 0x0000000743b80000, 0x0000000795580000)
  object space 60928K, 27% used [0x0000000740000000,0x000000074101f4d0,0x0000000743b80000)
 Metaspace       used 34284K, capacity 35272K, committed 35416K, reserved 1079296K
  class space    used 4772K, capacity 5166K, committed 5248K, reserved 1048576K
Event: 6.694 GC heap after
Heap after GC invocations=10 (full 2):
 PSYoungGen      total 171008K, used 0K [0x0000000795580000, 0x00000007a4180000, 0x00000007c0000000)
  eden space 156672K, 0% used [0x0000000795580000,0x0000000795580000,0x000000079ee80000)
  from space 14336K, 0% used [0x000000079fe80000,0x000000079fe80000,0x00000007a0c80000)
  to   space 16384K, 0% used [0x000000079ee80000,0x000000079ee80000,0x000000079fe80000)
 ParOldGen       total 107008K, used 24482K [0x0000000740000000, 0x0000000746880000, 0x0000000795580000)
  object space 107008K, 22% used [0x0000000740000000,0x00000007417e8930,0x0000000746880000)
 Metaspace       used 34284K, capacity 35272K, committed 35416K, reserved 1079296K
  class space    used 4772K, capacity 5166K, committed 5248K, reserved 1048576K
}
Event: 8.412 GC heap before
{Heap before GC invocations=11 (full 2):
 PSYoungGen      total 171008K, used 156672K [0x0000000795580000, 0x00000007a4180000, 0x00000007c0000000)
  eden space 156672K, 100% used [0x0000000795580000,0x000000079ee80000,0x000000079ee80000)
  from space 14336K, 0% used [0x000000079fe80000,0x000000079fe80000,0x00000007a0c80000)
  to   space 16384K, 0% used [0x000000079ee80000,0x000000079ee80000,0x000000079fe80000)
 ParOldGen       total 107008K, used 24482K [0x0000000740000000, 0x0000000746880000, 0x0000000795580000)
  object space 107008K, 22% used [0x0000000740000000,0x00000007417e8930,0x0000000746880000)
 Metaspace       used 37629K, capacity 38710K, committed 38872K, reserved 1083392K
  class space    used 5288K, capacity 5778K, committed 5888K, reserved 1048576K
Event: 8.438 GC heap after
Heap after GC invocations=11 (full 2):
 PSYoungGen      total 173056K, used 16363K [0x0000000795580000, 0x00000007a3700000, 0x00000007c0000000)
  eden space 156672K, 0% used [0x0000000795580000,0x0000000795580000,0x000000079ee80000)
  from space 16384K, 99% used [0x000000079ee80000,0x000000079fe7ad80,0x000000079fe80000)
  to   space 18432K, 0% used [0x00000007a2500000,0x00000007a2500000,0x00000007a3700000)
 ParOldGen       total 107008K, used 24498K [0x0000000740000000, 0x0000000746880000, 0x0000000795580000)
  object space 107008K, 22% used [0x0000000740000000,0x00000007417ec930,0x0000000746880000)
 Metaspace       used 37629K, capacity 38710K, committed 38872K, reserved 1083392K
  class space    used 5288K, capacity 5778K, committed 5888K, reserved 1048576K
}

Deoptimization events (10 events):
Event: 9.060 Thread 0x00007fb9c1806800 Uncommon trap: reason=unstable_if action=reinterpret pc=0x0000000110fbad14 method=org.gradle.api.internal.file.pattern.PatternMatcherFactory$PathMatcherBackedSpec.isSatisfiedBy(Lorg/gradle/api/file/RelativePath;)Z @ 11
Event: 9.060 Thread 0x00007fb9c1806800 Uncommon trap: reason=unstable_if action=reinterpret pc=0x0000000110fbbca0 method=org.gradle.api.internal.file.pattern.FixedStepsPathMatcher.matches([Ljava/lang/String;I)Z @ 70
Event: 9.060 Thread 0x00007fb9c1806800 Uncommon trap: reason=unstable_if action=reinterpret pc=0x0000000110fba568 method=org.gradle.api.internal.file.pattern.FixedStepsPathMatcher.matches([Ljava/lang/String;I)Z @ 70
Event: 9.456 Thread 0x00007fb9c1587000 Uncommon trap: reason=unstable_if action=reinterpret pc=0x0000000110fe0b64 method=java.util.Arrays.equals([B[B)Z @ 2
Event: 9.464 Thread 0x00007fb9c1587000 Uncommon trap: reason=unstable_if action=reinterpret pc=0x0000000110d81c00 method=java.lang.CharacterDataLatin1.digit(II)I @ 31
Event: 9.613 Thread 0x00007fb9c10bb000 Uncommon trap: reason=unstable_if action=reinterpret pc=0x0000000110d73840 method=java.lang.AbstractStringBuilder.append(I)Ljava/lang/AbstractStringBuilder; @ 16
Event: 9.613 Thread 0x00007fb9c10bb000 Uncommon trap: reason=unstable_if action=reinterpret pc=0x0000000110f5bc84 method=java.lang.Integer.getChars(II[C)V @ 7
Event: 9.654 Thread 0x00007fb9c1587000 Uncommon trap: reason=unstable_if action=reinterpret pc=0x0000000110d35f84 method=java.lang.AbstractStringBuilder.append(I)Ljava/lang/AbstractStringBuilder; @ 16
Event: 9.884 Thread 0x00007fb9c1587000 Uncommon trap: reason=unloaded action=reinterpret pc=0x000000011037852c method=java.util.regex.Pattern.newSlice([IIZ)Ljava/util/regex/Pattern$Node; @ 121
Event: 9.903 Thread 0x00007fb9c1587000 Uncommon trap: reason=class_check action=maybe_recompile pc=0x0000000110362578 method=java.util.HashMap.removeNode(ILjava/lang/Object;Ljava/lang/Object;ZZ)Ljava/util/HashMap$Node; @ 68

Internal exceptions (10 events):
Event: 10.468 Thread 0x00007fb9c1806800 Exception <a 'java/lang/ClassNotFoundException': com/google/common/collect/SingletonImmutableListBeanInfo> (0x0000000799800898) thrown at [/HUDSON3/workspace/8-2-build-macosx-x86_64/jdk8u101/7261/hotspot/src/share/vm/classfile/systemDictionary.cpp, line 2
Event: 10.468 Thread 0x00007fb9c1806800 Exception <a 'java/lang/ClassNotFoundException': com/google/common/collect/ImmutableListBeanInfo> (0x000000079980c7d0) thrown at [/HUDSON3/workspace/8-2-build-macosx-x86_64/jdk8u101/7261/hotspot/src/share/vm/classfile/systemDictionary.cpp, line 210]
Event: 10.468 Thread 0x00007fb9c1806800 Exception <a 'java/lang/ClassNotFoundException': com/google/common/collect/ImmutableCollectionBeanInfo> (0x00000007998194e0) thrown at [/HUDSON3/workspace/8-2-build-macosx-x86_64/jdk8u101/7261/hotspot/src/share/vm/classfile/systemDictionary.cpp, line 210]
Event: 10.468 Thread 0x00007fb9c1806800 Exception <a 'java/lang/ClassNotFoundException': com/google/common/collect/ImmutableCollectionCustomizer> (0x0000000799826640) thrown at [/HUDSON3/workspace/8-2-build-macosx-x86_64/jdk8u101/7261/hotspot/src/share/vm/classfile/systemDictionary.cpp, line 21
Event: 10.469 Thread 0x00007fb9c1806800 Exception <a 'java/lang/ClassNotFoundException': com/google/common/collect/ImmutableListCustomizer> (0x00000007998432d0) thrown at [/HUDSON3/workspace/8-2-build-macosx-x86_64/jdk8u101/7261/hotspot/src/share/vm/classfile/systemDictionary.cpp, line 210]
Event: 10.472 Thread 0x00007fb9c1806800 Exception <a 'java/lang/ClassNotFoundException': com/google/common/collect/SingletonImmutableListCustomizer> (0x000000079a58fb38) thrown at [/HUDSON3/workspace/8-2-build-macosx-x86_64/jdk8u101/7261/hotspot/src/share/vm/classfile/systemDictionary.cpp, line
Event: 10.473 Thread 0x00007fb9c1806800 Exception <a 'java/lang/ClassNotFoundException': com/android/build/gradle/api/ApkOutputFileBeanInfo> (0x000000079a5c9940) thrown at [/HUDSON3/workspace/8-2-build-macosx-x86_64/jdk8u101/7261/hotspot/src/share/vm/classfile/systemDictionary.cpp, line 210]
Event: 10.474 Thread 0x00007fb9c1806800 Exception <a 'java/lang/ClassNotFoundException': com/android/build/gradle/api/ApkOutputFileCustomizer> (0x000000079a5d5970) thrown at [/HUDSON3/workspace/8-2-build-macosx-x86_64/jdk8u101/7261/hotspot/src/share/vm/classfile/systemDictionary.cpp, line 210]
Event: 10.604 Thread 0x00007fb9c1806800 Exception <a 'java/lang/ClassNotFoundException': com/android/ide/common/build/SplitOutputMatcherBeanInfo> (0x000000079a637698) thrown at [/HUDSON3/workspace/8-2-build-macosx-x86_64/jdk8u101/7261/hotspot/src/share/vm/classfile/systemDictionary.cpp, line 21
Event: 10.604 Thread 0x00007fb9c1806800 Exception <a 'java/lang/ClassNotFoundException': com/android/ide/common/build/SplitOutputMatcherCustomizer> (0x000000079a643f90) thrown at [/HUDSON3/workspace/8-2-build-macosx-x86_64/jdk8u101/7261/hotspot/src/share/vm/classfile/systemDictionary.cpp, line 

Events (10 events):
Event: 10.611 loading class com/android/builder/testing/ConnectedDevice$1
Event: 10.611 loading class com/android/builder/testing/ConnectedDevice$1 done
Event: 10.611 loading class com/google/common/collect/Lists$TransformingRandomAccessList$1
Event: 10.611 loading class com/google/common/collect/Lists$TransformingRandomAccessList$1 done
Event: 10.611 loading class com/google/common/collect/TransformedListIterator
Event: 10.611 loading class com/google/common/collect/TransformedListIterator done
Event: 10.612 loading class com/android/ddmlib/Device$1
Event: 10.612 loading class com/android/ddmlib/Device$1 done
Event: 10.612 loading class com/android/ddmlib/Device$MultiInstallReceiver
Event: 10.612 loading class com/android/ddmlib/Device$MultiInstallReceiver done


Dynamic libraries:
0x0000000015df1000 	/System/Library/Frameworks/Cocoa.framework/Versions/A/Cocoa
0x0000000015df1000 	/System/Library/Frameworks/Security.framework/Versions/A/Security
0x0000000015df1000 	/System/Library/Frameworks/ApplicationServices.framework/Versions/A/ApplicationServices
0x0000000015df1000 	/usr/lib/libz.1.dylib
0x0000000100ecb000 	/usr/lib/libSystem.B.dylib
0x0000000015df1000 	/usr/lib/libobjc.A.dylib
0x0000000015df1000 	/System/Library/Frameworks/CoreFoundation.framework/Versions/A/CoreFoundation
0x0000000015df1000 	/System/Library/Frameworks/Foundation.framework/Versions/C/Foundation
0x0000000015df1000 	/System/Library/Frameworks/AppKit.framework/Versions/C/AppKit
0x0000000015df1000 	/System/Library/Frameworks/CoreData.framework/Versions/A/CoreData
0x0000000015df1000 	/System/Library/PrivateFrameworks/RemoteViewServices.framework/Versions/A/RemoteViewServices
0x0000000015df1000 	/System/Library/PrivateFrameworks/UIFoundation.framework/Versions/A/UIFoundation
0x0000000015df1000 	/System/Library/PrivateFrameworks/DFRFoundation.framework/Versions/A/DFRFoundation
0x0000000015df1000 	/usr/lib/libenergytrace.dylib
0x0000000015df1000 	/System/Library/PrivateFrameworks/SkyLight.framework/Versions/A/SkyLight
0x0000000015df1000 	/System/Library/Frameworks/CoreGraphics.framework/Versions/A/CoreGraphics
0x0000000015df1000 	/usr/lib/libScreenReader.dylib
0x0000000015df1000 	/System/Library/Frameworks/Accelerate.framework/Versions/A/Accelerate
0x0000000015df1000 	/System/Library/Frameworks/IOSurface.framework/Versions/A/IOSurface
0x0000000015df1000 	/System/Library/Frameworks/AudioToolbox.framework/Versions/A/AudioToolbox
0x0000000015df1000 	/System/Library/Frameworks/AudioUnit.framework/Versions/A/AudioUnit
0x0000000015df1000 	/System/Library/PrivateFrameworks/DataDetectorsCore.framework/Versions/A/DataDetectorsCore
0x0000000015df1000 	/System/Library/PrivateFrameworks/DesktopServicesPriv.framework/Versions/A/DesktopServicesPriv
0x0000000015df1000 	/System/Library/Frameworks/Carbon.framework/Versions/A/Frameworks/HIToolbox.framework/Versions/A/HIToolbox
0x0000000015df1000 	/usr/lib/libicucore.A.dylib
0x0000000015df1000 	/System/Library/Frameworks/QuartzCore.framework/Versions/A/QuartzCore
0x0000000015df1000 	/System/Library/Frameworks/Carbon.framework/Versions/A/Frameworks/SpeechRecognition.framework/Versions/A/SpeechRecognition
0x0000000015df1000 	/usr/lib/libauto.dylib
0x0000000015df1000 	/usr/lib/libxml2.2.dylib
0x0000000015df1000 	/System/Library/PrivateFrameworks/CoreUI.framework/Versions/A/CoreUI
0x0000000015df1000 	/System/Library/Frameworks/CoreAudio.framework/Versions/A/CoreAudio
0x0000000015df1000 	/System/Library/Frameworks/DiskArbitration.framework/Versions/A/DiskArbitration
0x0000000015df1000 	/usr/lib/liblangid.dylib
0x0000000015df1000 	/System/Library/PrivateFrameworks/MultitouchSupport.framework/Versions/A/MultitouchSupport
0x0000000100ed4000 	/System/Library/Frameworks/IOKit.framework/Versions/A/IOKit
0x0000000015df1000 	/usr/lib/libDiagnosticMessagesClient.dylib
0x0000000015df1000 	/System/Library/Frameworks/CoreServices.framework/Versions/A/CoreServices
0x0000000015df1000 	/System/Library/PrivateFrameworks/PerformanceAnalysis.framework/Versions/A/PerformanceAnalysis
0x0000000015df1000 	/System/Library/PrivateFrameworks/GenerationalStorage.framework/Versions/A/GenerationalStorage
0x0000000015df1000 	/System/Library/Frameworks/OpenGL.framework/Versions/A/OpenGL
0x0000000015df1000 	/System/Library/Frameworks/CoreImage.framework/Versions/A/CoreImage
0x0000000015df1000 	/System/Library/Frameworks/CoreText.framework/Versions/A/CoreText
0x0000000015df1000 	/System/Library/Frameworks/ImageIO.framework/Versions/A/ImageIO
0x0000000015df1000 	/System/Library/PrivateFrameworks/Backup.framework/Versions/A/Backup
0x0000000015df1000 	/usr/lib/libarchive.2.dylib
0x0000000100fad000 	/System/Library/Frameworks/CFNetwork.framework/Versions/A/CFNetwork
0x0000000015df1000 	/System/Library/Frameworks/SystemConfiguration.framework/Versions/A/SystemConfiguration
0x0000000015df1000 	/usr/lib/libCRFSuite.dylib
0x0000000015df1000 	/usr/lib/libc++.1.dylib
0x0000000015df1000 	/usr/lib/libc++abi.dylib
0x0000000015df1000 	/usr/lib/system/libcache.dylib
0x0000000015df1000 	/usr/lib/system/libcommonCrypto.dylib
0x0000000015df1000 	/usr/lib/system/libcompiler_rt.dylib
0x0000000015df1000 	/usr/lib/system/libcopyfile.dylib
0x0000000015df1000 	/usr/lib/system/libcorecrypto.dylib
0x0000000015df1000 	/usr/lib/system/libdispatch.dylib
0x0000000101699000 	/usr/lib/system/libdyld.dylib
0x0000000015df1000 	/usr/lib/system/libkeymgr.dylib
0x0000000015df1000 	/usr/lib/system/liblaunch.dylib
0x0000000015df1000 	/usr/lib/system/libmacho.dylib
0x0000000015df1000 	/usr/lib/system/libquarantine.dylib
0x0000000015df1000 	/usr/lib/system/libremovefile.dylib
0x0000000015df1000 	/usr/lib/system/libsystem_asl.dylib
0x0000000015df1000 	/usr/lib/system/libsystem_blocks.dylib
0x0000000015df1000 	/usr/lib/system/libsystem_c.dylib
0x0000000015df1000 	/usr/lib/system/libsystem_configuration.dylib
0x0000000015df1000 	/usr/lib/system/libsystem_coreservices.dylib
0x00000001016aa000 	/usr/lib/system/libsystem_coretls.dylib
0x0000000015df1000 	/usr/lib/system/libsystem_dnssd.dylib
0x0000000015df1000 	/usr/lib/system/libsystem_info.dylib
0x00000001016cf000 	/usr/lib/system/libsystem_kernel.dylib
0x0000000015df1000 	/usr/lib/system/libsystem_m.dylib
0x0000000015df1000 	/usr/lib/system/libsystem_malloc.dylib
0x0000000015df1000 	/usr/lib/system/libsystem_network.dylib
0x000000010170a000 	/usr/lib/system/libsystem_networkextension.dylib
0x0000000015df1000 	/usr/lib/system/libsystem_notify.dylib
0x0000000015df1000 	/usr/lib/system/libsystem_platform.dylib
0x0000000015df1000 	/usr/lib/system/libsystem_pthread.dylib
0x0000000101724000 	/usr/lib/system/libsystem_sandbox.dylib
0x0000000015df1000 	/usr/lib/system/libsystem_secinit.dylib
0x000000010172e000 	/usr/lib/system/libsystem_symptoms.dylib
0x000000010173c000 	/usr/lib/system/libsystem_trace.dylib
0x0000000015df1000 	/usr/lib/system/libunwind.dylib
0x0000000015df1000 	/usr/lib/system/libxpc.dylib
0x0000000015df1000 	/usr/lib/libbsm.0.dylib
0x0000000101776000 	/usr/lib/system/libkxld.dylib
0x0000000015df1000 	/usr/lib/libcoretls.dylib
0x0000000015df1000 	/usr/lib/libcoretls_cfhelpers.dylib
0x0000000015df1000 	/usr/lib/libxar.1.dylib
0x0000000015df1000 	/usr/lib/libsqlite3.dylib
0x0000000015df1000 	/usr/lib/libpam.2.dylib
0x0000000015df1000 	/usr/lib/libOpenScriptingUtil.dylib
0x0000000015df1000 	/usr/lib/libbz2.1.0.dylib
0x0000000015df1000 	/usr/lib/liblzma.5.dylib
0x0000000015df1000 	/usr/lib/libnetwork.dylib
0x0000000015df1000 	/usr/lib/libpcap.A.dylib
0x0000000015df1000 	/System/Library/Frameworks/CoreServices.framework/Versions/A/Frameworks/FSEvents.framework/Versions/A/FSEvents
0x0000000015df1000 	/System/Library/Frameworks/CoreServices.framework/Versions/A/Frameworks/CarbonCore.framework/Versions/A/CarbonCore
0x0000000015df1000 	/System/Library/Frameworks/CoreServices.framework/Versions/A/Frameworks/Metadata.framework/Versions/A/Metadata
0x0000000015df1000 	/System/Library/Frameworks/CoreServices.framework/Versions/A/Frameworks/OSServices.framework/Versions/A/OSServices
0x0000000015df1000 	/System/Library/Frameworks/CoreServices.framework/Versions/A/Frameworks/SearchKit.framework/Versions/A/SearchKit
0x0000000015df1000 	/System/Library/Frameworks/CoreServices.framework/Versions/A/Frameworks/AE.framework/Versions/A/AE
0x0000000015df1000 	/System/Library/Frameworks/CoreServices.framework/Versions/A/Frameworks/LaunchServices.framework/Versions/A/LaunchServices
0x0000000015df1000 	/System/Library/Frameworks/CoreServices.framework/Versions/A/Frameworks/DictionaryServices.framework/Versions/A/DictionaryServices
0x0000000015df1000 	/System/Library/Frameworks/CoreServices.framework/Versions/A/Frameworks/SharedFileList.framework/Versions/A/SharedFileList
0x0000000015df1000 	/System/Library/Frameworks/NetFS.framework/Versions/A/NetFS
0x0000000015df1000 	/System/Library/PrivateFrameworks/NetAuth.framework/Versions/A/NetAuth
0x0000000015df1000 	/System/Library/PrivateFrameworks/login.framework/Versions/A/Frameworks/loginsupport.framework/Versions/A/loginsupport
0x0000000015df1000 	/System/Library/PrivateFrameworks/TCC.framework/Versions/A/TCC
0x0000000015df1000 	/usr/lib/libmecabra.dylib
0x0000000015df1000 	/System/Library/Frameworks/ApplicationServices.framework/Versions/A/Frameworks/ATS.framework/Versions/A/ATS
0x0000000015df1000 	/System/Library/Frameworks/ApplicationServices.framework/Versions/A/Frameworks/ColorSync.framework/Versions/A/ColorSync
0x0000000015df1000 	/System/Library/Frameworks/ApplicationServices.framework/Versions/A/Frameworks/HIServices.framework/Versions/A/HIServices
0x0000000015df1000 	/System/Library/Frameworks/ApplicationServices.framework/Versions/A/Frameworks/LangAnalysis.framework/Versions/A/LangAnalysis
0x0000000015df1000 	/System/Library/Frameworks/ApplicationServices.framework/Versions/A/Frameworks/PrintCore.framework/Versions/A/PrintCore
0x0000000015df1000 	/System/Library/Frameworks/ApplicationServices.framework/Versions/A/Frameworks/QD.framework/Versions/A/QD
0x0000000015df1000 	/System/Library/Frameworks/ApplicationServices.framework/Versions/A/Frameworks/SpeechSynthesis.framework/Versions/A/SpeechSynthesis
0x0000000015df1000 	/System/Library/Frameworks/Accelerate.framework/Versions/A/Frameworks/vImage.framework/Versions/A/vImage
0x0000000015df1000 	/System/Library/Frameworks/Accelerate.framework/Versions/A/Frameworks/vecLib.framework/Versions/A/vecLib
0x0000000015df1000 	/System/Library/Frameworks/Accelerate.framework/Versions/A/Frameworks/vecLib.framework/Versions/A/libvDSP.dylib
0x0000000015df1000 	/System/Library/Frameworks/Accelerate.framework/Versions/A/Frameworks/vecLib.framework/Versions/A/libBNNS.dylib
0x0000000015df1000 	/System/Library/Frameworks/Accelerate.framework/Versions/A/Frameworks/vecLib.framework/Versions/A/libQuadrature.dylib
0x0000000015df1000 	/System/Library/Frameworks/Accelerate.framework/Versions/A/Frameworks/vecLib.framework/Versions/A/libvMisc.dylib
0x0000000015df1000 	/System/Library/Frameworks/Accelerate.framework/Versions/A/Frameworks/vecLib.framework/Versions/A/libLAPACK.dylib
0x0000000015df1000 	/System/Library/Frameworks/Accelerate.framework/Versions/A/Frameworks/vecLib.framework/Versions/A/libBLAS.dylib
0x0000000015df1000 	/System/Library/Frameworks/Accelerate.framework/Versions/A/Frameworks/vecLib.framework/Versions/A/libLinearAlgebra.dylib
0x0000000015df1000 	/System/Library/Frameworks/Accelerate.framework/Versions/A/Frameworks/vecLib.framework/Versions/A/libSparseBLAS.dylib
0x0000000015df1000 	/System/Library/Frameworks/ApplicationServices.framework/Versions/A/Frameworks/ATS.framework/Versions/A/Resources/libFontParser.dylib
0x0000000015df1000 	/System/Library/Frameworks/ApplicationServices.framework/Versions/A/Frameworks/ATS.framework/Versions/A/Resources/libFontRegistry.dylib
0x0000000015df1000 	/System/Library/Frameworks/ImageIO.framework/Versions/A/Resources/libJPEG.dylib
0x0000000015df1000 	/System/Library/Frameworks/ImageIO.framework/Versions/A/Resources/libTIFF.dylib
0x0000000015df1000 	/System/Library/Frameworks/ImageIO.framework/Versions/A/Resources/libPng.dylib
0x0000000015df1000 	/System/Library/Frameworks/ImageIO.framework/Versions/A/Resources/libGIF.dylib
0x0000000015df1000 	/System/Library/Frameworks/ImageIO.framework/Versions/A/Resources/libJP2.dylib
0x0000000015df1000 	/System/Library/Frameworks/ImageIO.framework/Versions/A/Resources/libRadiance.dylib
0x0000000015df1000 	/usr/lib/libcompression.dylib
0x0000000015df1000 	/System/Library/PrivateFrameworks/AppleJPEG.framework/Versions/A/AppleJPEG
0x0000000015df1000 	/usr/lib/libcups.2.dylib
0x0000000015df1000 	/System/Library/Frameworks/Kerberos.framework/Versions/A/Kerberos
0x0000000015df1000 	/System/Library/Frameworks/GSS.framework/Versions/A/GSS
0x0000000015df1000 	/usr/lib/libresolv.9.dylib
0x0000000015df1000 	/usr/lib/libiconv.2.dylib
0x0000000015df1000 	/System/Library/PrivateFrameworks/Heimdal.framework/Versions/A/Heimdal
0x0000000015df1000 	/usr/lib/libheimdal-asn1.dylib
0x0000000015df1000 	/System/Library/Frameworks/OpenDirectory.framework/Versions/A/OpenDirectory
0x0000000015df1000 	/System/Library/PrivateFrameworks/CommonAuth.framework/Versions/A/CommonAuth
0x0000000015df1000 	/System/Library/Frameworks/OpenDirectory.framework/Versions/A/Frameworks/CFOpenDirectory.framework/Versions/A/CFOpenDirectory
0x0000000015df1000 	/System/Library/Frameworks/SecurityFoundation.framework/Versions/A/SecurityFoundation
0x0000000015df1000 	/System/Library/PrivateFrameworks/LanguageModeling.framework/Versions/A/LanguageModeling
0x0000000015df1000 	/usr/lib/libmarisa.dylib
0x0000000015df1000 	/usr/lib/libChineseTokenizer.dylib
0x0000000015df1000 	/usr/lib/libcmph.dylib
0x0000000015df1000 	/System/Library/PrivateFrameworks/CoreEmoji.framework/Versions/A/CoreEmoji
0x0000000015df1000 	/System/Library/Frameworks/ServiceManagement.framework/Versions/A/ServiceManagement
0x0000000015df1000 	/usr/lib/libxslt.1.dylib
0x0000000015df1000 	/System/Library/Frameworks/Carbon.framework/Versions/A/Frameworks/Ink.framework/Versions/A/Ink
0x0000000015df1000 	/System/Library/PrivateFrameworks/TextureIO.framework/Versions/A/TextureIO
0x0000000015df1000 	/System/Library/Frameworks/Metal.framework/Versions/A/Metal
0x0000000015df1000 	/usr/lib/libate.dylib
0x0000000015df1000 	/System/Library/PrivateFrameworks/GPUCompiler.framework/libmetal_timestamp.dylib
0x0000000015df1000 	/System/Library/Frameworks/OpenGL.framework/Versions/A/Libraries/libCoreFSCache.dylib
0x0000000015df1000 	/System/Library/PrivateFrameworks/IOAccelerator.framework/Versions/A/IOAccelerator
0x0000000015df1000 	/System/Library/Frameworks/CoreVideo.framework/Versions/A/CoreVideo
0x0000000015df1000 	/usr/lib/libFosl_dynamic.dylib
0x0000000015df1000 	/System/Library/PrivateFrameworks/MetalPerformanceShaders.framework/Versions/A/MetalPerformanceShaders
0x0000000015df1000 	/System/Library/PrivateFrameworks/FaceCore.framework/Versions/A/FaceCore
0x0000000015df1000 	/System/Library/Frameworks/OpenCL.framework/Versions/A/OpenCL
0x0000000015df1000 	/System/Library/Frameworks/OpenGL.framework/Versions/A/Libraries/libGLU.dylib
0x0000000015df1000 	/System/Library/Frameworks/OpenGL.framework/Versions/A/Libraries/libGFXShared.dylib
0x0000000015df1000 	/System/Library/Frameworks/OpenGL.framework/Versions/A/Libraries/libGL.dylib
0x0000000015df1000 	/System/Library/Frameworks/OpenGL.framework/Versions/A/Libraries/libGLImage.dylib
0x0000000015df1000 	/System/Library/Frameworks/OpenGL.framework/Versions/A/Libraries/libCVMSPluginSupport.dylib
0x0000000015df1000 	/System/Library/Frameworks/OpenGL.framework/Versions/A/Libraries/libCoreVMClient.dylib
0x0000000015df1000 	/System/Library/PrivateFrameworks/CrashReporterSupport.framework/Versions/A/CrashReporterSupport
0x0000000015df1000 	/System/Library/PrivateFrameworks/Sharing.framework/Versions/A/Sharing
0x0000000015df1000 	/System/Library/PrivateFrameworks/IconServices.framework/Versions/A/IconServices
0x0000000015df1000 	/System/Library/PrivateFrameworks/ProtocolBuffer.framework/Versions/A/ProtocolBuffer
0x0000000015df1000 	/System/Library/PrivateFrameworks/Apple80211.framework/Versions/A/Apple80211
0x0000000015df1000 	/System/Library/Frameworks/CoreWLAN.framework/Versions/A/CoreWLAN
0x0000000015df1000 	/System/Library/PrivateFrameworks/CoreUtils.framework/Versions/A/CoreUtils
0x0000000015df1000 	/System/Library/Frameworks/IOBluetooth.framework/Versions/A/IOBluetooth
0x0000000015df1000 	/System/Library/PrivateFrameworks/CoreWiFi.framework/Versions/A/CoreWiFi
0x0000000015df1000 	/System/Library/Frameworks/CoreBluetooth.framework/Versions/A/CoreBluetooth
0x0000000015df1000 	/System/Library/Frameworks/CoreDisplay.framework/Versions/A/CoreDisplay
0x0000000015df1000 	/System/Library/PrivateFrameworks/IOPresentment.framework/Versions/A/IOPresentment
0x0000000015df1000 	/System/Library/PrivateFrameworks/DebugSymbols.framework/Versions/A/DebugSymbols
0x0000000015df1000 	/System/Library/PrivateFrameworks/CoreSymbolication.framework/Versions/A/CoreSymbolication
0x0000000015df1000 	/System/Library/PrivateFrameworks/Symbolication.framework/Versions/A/Symbolication
0x0000000015df1000 	/System/Library/PrivateFrameworks/AppleFSCompression.framework/Versions/A/AppleFSCompression
0x0000000015df1000 	/System/Library/PrivateFrameworks/SpeechRecognitionCore.framework/Versions/A/SpeechRecognitionCore
0x0000000015df1000 	/System/Library/PrivateFrameworks/ChunkingLibrary.framework/Versions/A/ChunkingLibrary
0x0000000102000000 	/Library/Java/JavaVirtualMachines/jdk1.8.0_101.jdk/Contents/Home/jre/lib/server/libjvm.dylib
0x0000000015df1000 	/usr/lib/libstdc++.6.dylib
0x00000001017e4000 	/Library/Java/JavaVirtualMachines/jdk1.8.0_101.jdk/Contents/Home/jre/lib/libverify.dylib
0x0000000102f9d000 	/Library/Java/JavaVirtualMachines/jdk1.8.0_101.jdk/Contents/Home/jre/lib/libjava.dylib
0x0000000102fd2000 	/Library/Java/JavaVirtualMachines/jdk1.8.0_101.jdk/Contents/Home/jre/lib/libzip.dylib
0x000000010993e000 	/System/Library/Frameworks/JavaVM.framework/Frameworks/JavaRuntimeSupport.framework/JavaRuntimeSupport
0x0000000109958000 	/System/Library/Frameworks/JavaVM.framework/Versions/A/Frameworks/JavaNativeFoundation.framework/Versions/A/JavaNativeFoundation
0x000000010996d000 	/System/Library/Frameworks/JavaVM.framework/Versions/A/JavaVM
0x0000000015df1000 	/System/Library/Frameworks/Carbon.framework/Versions/A/Carbon
0x000000010997a000 	/System/Library/PrivateFrameworks/JavaLaunching.framework/Versions/A/JavaLaunching
0x0000000015df1000 	/System/Library/Frameworks/Carbon.framework/Versions/A/Frameworks/CommonPanels.framework/Versions/A/CommonPanels
0x0000000015df1000 	/System/Library/Frameworks/Carbon.framework/Versions/A/Frameworks/Help.framework/Versions/A/Help
0x0000000015df1000 	/System/Library/Frameworks/Carbon.framework/Versions/A/Frameworks/ImageCapture.framework/Versions/A/ImageCapture
0x0000000015df1000 	/System/Library/Frameworks/Carbon.framework/Versions/A/Frameworks/OpenScripting.framework/Versions/A/OpenScripting
0x0000000015df1000 	/System/Library/Frameworks/Carbon.framework/Versions/A/Frameworks/Print.framework/Versions/A/Print
0x0000000015df1000 	/System/Library/Frameworks/Carbon.framework/Versions/A/Frameworks/SecurityHI.framework/Versions/A/SecurityHI
0x000000010b2ba000 	/Library/Java/JavaVirtualMachines/jdk1.8.0_101.jdk/Contents/Home/jre/lib/libnet.dylib
0x000000010b319000 	/Library/Java/JavaVirtualMachines/jdk1.8.0_101.jdk/Contents/Home/jre/lib/libnio.dylib
0x000000010b75a000 	/Users/elchroy/.gradle/native/19/osx-amd64/libnative-platform.dylib
0x000000010b75f000 	/Users/elchroy/.gradle/native/19/osx-amd64/libnative-platform-curses.dylib
0x0000000015df1000 	/usr/lib/libncurses.5.4.dylib
0x000000010b763000 	/private/var/folders/3j/p0_wzk9d1ns47ybk3ng5x3w80000gn/T/jna8430326021408171114.tmp
0x000000010b778000 	/Library/Java/JavaVirtualMachines/jdk1.8.0_101.jdk/Contents/Home/jre/lib/libmanagement.dylib

VM Arguments:
jvm_args: -Dorg.gradle.appname=gradlew 
java_command: org.gradle.wrapper.GradleWrapperMain installDebug
java_class_path (initial): /Users/elchroy/Roy/Code/rubyment/roymobile/android/gradle/wrapper/gradle-wrapper.jar
Launcher Type: SUN_STANDARD

Environment Variables:
PATH=/usr/local/opt/nvm/versions/node/v6.3.0/lib/node_modules/npm/bin/node-gyp-bin:/Users/elchroy/Roy/Code/rubyment/roymobile/node_modules/.bin:/usr/local/opt/nvm/versions/node/v6.3.0/bin:/Users/elchroy/.rvm/gems/ruby-2.3.0/bin:/Users/elchroy/.rvm/gems/ruby-2.3.0@global/bin:/Users/elchroy/.rvm/rubies/ruby-2.3.0/bin:/usr/local/opt/nvm/versions/node/v6.3.0/bin:/usr/local/mysql/bin:/usr/local/share/python:/usr/local/bin:/usr/bin:/bin:/usr/sbin:/sbin:/Users/elchroy/golang/src/github.com/andela/bin:/usr/local/opt/go/libexec/bin:/Users/elchroy/.rvm/bin:/Users/elchroy/Library/Android/sdk/tools:/Users/elchroy/Library/Android/sdk/platform-tools
SHELL=/bin/zsh

Signal Handlers:
SIGSEGV: [libjvm.dylib+0x5af145], sa_mask[0]=11111111011111110111111111111111, sa_flags=SA_ONSTACK|SA_RESTART|SA_SIGINFO
SIGBUS: [libjvm.dylib+0x5af145], sa_mask[0]=11111111011111110111111111111111, sa_flags=SA_RESTART|SA_SIGINFO
SIGFPE: [libjvm.dylib+0x48694c], sa_mask[0]=11111111011111110111111111111111, sa_flags=SA_RESTART|SA_SIGINFO
SIGPIPE: [libjvm.dylib+0x48694c], sa_mask[0]=11111111011111110111111111111111, sa_flags=SA_RESTART|SA_SIGINFO
SIGXFSZ: [libjvm.dylib+0x48694c], sa_mask[0]=11111111011111110111111111111111, sa_flags=SA_RESTART|SA_SIGINFO
SIGILL: [libjvm.dylib+0x48694c], sa_mask[0]=11111111011111110111111111111111, sa_flags=SA_RESTART|SA_SIGINFO
SIGUSR1: SIG_DFL, sa_mask[0]=11111111011111110111111111111111, sa_flags=none
SIGUSR2: [libjvm.dylib+0x48646a], sa_mask[0]=00000000000000000000000000000000, sa_flags=SA_RESTART|SA_SIGINFO
SIGHUP: [libjvm.dylib+0x484a41], sa_mask[0]=11111111011111110111111111111111, sa_flags=SA_RESTART|SA_SIGINFO
SIGINT: [libjvm.dylib+0x484a41], sa_mask[0]=11111111011111110111111111111111, sa_flags=SA_RESTART|SA_SIGINFO
SIGTERM: [libjvm.dylib+0x484a41], sa_mask[0]=11111111011111110111111111111111, sa_flags=SA_RESTART|SA_SIGINFO
SIGQUIT: [libjvm.dylib+0x484a41], sa_mask[0]=11111111011111110111111111111111, sa_flags=SA_RESTART|SA_SIGINFO


---------------  S Y S T E M  ---------------

OS:Bsduname:Darwin 16.4.0 Darwin Kernel Version 16.4.0: Thu Dec 22 22:53:21 PST 2016; root:xnu-3789.41.3~3/RELEASE_X86_64 x86_64
rlimit: STACK 8192k, CORE 0k, NPROC 709, NOFILE 10240, AS infinity
load average:3.80 3.02 2.87

CPU:total 4 (2 cores per cpu, 2 threads per core) family 6 model 61 stepping 4, cmov, cx8, fxsr, mmx, sse, sse2, sse3, ssse3, sse4.1, sse4.2, popcnt, avx, avx2, aes, clmul, erms, 3dnowpref, lzcnt, ht, tsc, tscinvbit, bmi1, bmi2, adx

Memory: 4k page, physical 8388608k(175836k free)

/proc/meminfo:


vm_info: Java HotSpot(TM) 64-Bit Server VM (25.101-b13) for bsd-amd64 JRE (1.8.0_101-b13), built on Jun 22 2016 02:42:15 by "java_re" with gcc 4.2.1 (Based on Apple Inc. build 5658) (LLVM build 2336.11.00)

time: Mon Feb  6 15:51:08 2017
elapsed time: 10 seconds (0d 0h 0m 10s)

