#
# A fatal error has been detected by the Java Runtime Environment:
#
#  SIGSEGV (0xb) at pc=0x0000000101a86498, pid=99600, tid=0x0000000000000307
#
# JRE version: Java(TM) SE Runtime Environment (8.0_101-b13) (build 1.8.0_101-b13)
# Java VM: Java HotSpot(TM) 64-Bit Server VM (25.101-b13 mixed mode bsd-amd64 compressed oops)
# Problematic frame:
# V  [libjvm.dylib+0x486498]
#
# Failed to write core dump. Core dumps have been disabled. To enable core dumping, try "ulimit -c unlimited" before starting Java again
#
# If you would like to submit a bug report, please visit:
#   http://bugreport.java.com/bugreport/crash.jsp
#

---------------  T H R E A D  ---------------

Current thread is native thread

siginfo: si_signo: 11 (SIGSEGV), si_code: 1 (SEGV_MAPERR), si_addr: 0x0000000000000128

Registers:
RAX=0x0000000000000000, RBX=0x00007fff5f91e7a0, RCX=0x00007fffa9547408, RDX=0x00007fff5f91e7a0
RSP=0x00007fff5f91e2d0, RBP=0x00007fff5f91e300, RSI=0x00007fff5f91e738, RDI=0x0000000000000103
R8 =0x00007fff5f91e7a0, R9 =0x00000000ffffffff, R10=0x0000000000000c00, R11=0x0000000000000206
R12=0x0000000000000c00, R13=0x0000000000000000, R14=0x00007fff5f91e738, R15=0x0000000000000002
RIP=0x0000000101a86498, EFLAGS=0x0000000000010202, ERR=0x0000000000000004
  TRAPNO=0x000000000000000e

Top of Stack: (sp=0x00007fff5f91e2d0)
0x00007fff5f91e2d0:   0000000000000000 00007fff5f91e7a0
0x00007fff5f91e2e0:   0000000000000c00 0000000000000000
0x00007fff5f91e2f0:   00007fff5f91e9d0 0000000000000d03
0x00007fff5f91e300:   00007fff5f91e310 00007fffa0907bba
0x00007fff5f91e310:   00007fff5f91e8a0 0000000000015c00
0x00007fff5f91e320:   00015d00a5f9b958 00007fffa93dd2d0
0x00007fff5f91e330:   0100001f00000085 00007fff8b1a3680
0x00007fff5f91e340:   0000000010004005 00000000ffffffff
0x00007fff5f91e350:   00007fff5f91e858 0000000000000000
0x00007fff5f91e360:   00007fff5f91e9d0 0000000007000806
0x00007fff5f91e370:   00007fff5f91e8a0 00007fff5f91e858
0x00007fff5f91e380:   0000000000000d03 00000000ffffffff
0x00007fff5f91e390:   0000000000000c00 0000000000000206
0x00007fff5f91e3a0:   0000000000000c00 0000000000000000
0x00007fff5f91e3b0:   00007fff5f91e9d0 0000000000000d03
0x00007fff5f91e3c0:   0000000100b1738a 0000000000000206
0x00007fff5f91e3d0:   0000000000000007 0000000000000000
0x00007fff5f91e3e0:   0000000000000000 0000000000000000
0x00007fff5f91e3f0:   000000000000037f 0000000000000000
0x00007fff5f91e400:   0000000000000000 0000ffff00001fa0
0x00007fff5f91e410:   0000000000000000 000000000000ffff
0x00007fff5f91e420:   0000000000000100 000000000000ffff
0x00007fff5f91e430:   0000000000000000 0000000000000000
0x00007fff5f91e440:   0000000000000000 0000000000000000
0x00007fff5f91e450:   87bc000000000000 000000000000c00b
0x00007fff5f91e460:   0000000000000000 0000000000000000
0x00007fff5f91e470:   8000000000000000 0000000000004007
0x00007fff5f91e480:   c060000000000000 000000000000400a
0x00007fff5f91e490:   41be4a166154f8a5 0000000000000000
0x00007fff5f91e4a0:   3fd53e29307af20e 0000000000000000
0x00007fff5f91e4b0:   c3de3f701e74707d 439c08fe18b8f82d
0x00007fff5f91e4c0:   0000000000000000 0000000000000000 

Instructions: (pc=0x0000000101a86498)
0x0000000101a86478:   83 ec 08 48 89 d3 49 89 f6 e8 00 26 14 00 44 8b
0x0000000101a86488:   38 48 8d 05 20 cd 3a 00 48 63 38 e8 ca 28 14 00
0x0000000101a86498:   4c 8b a0 28 01 00 00 41 83 7c 24 34 01 0f 85 e2
0x0000000101a864a8:   00 00 00 49 89 5c 24 40 4d 89 74 24 38 49 8d 5c 

Register to memory mapping:

RAX=0x0000000000000000 is an unknown value
RBX=0x00007fff5f91e7a0 is an unknown value
RCX=0x00007fffa9547408: _thread+0x48 in /usr/lib/system/libsystem_pthread.dylib at 0x00007fffa090e000
RDX=0x00007fff5f91e7a0 is an unknown value
RSP=0x00007fff5f91e2d0 is an unknown value
RBP=0x00007fff5f91e300 is an unknown value
RSI=0x00007fff5f91e738 is an unknown value
RDI=0x0000000000000103 is an unknown value
R8 =0x00007fff5f91e7a0 is an unknown value
R9 =0x00000000ffffffff is an unknown value
R10=0x0000000000000c00 is an unknown value
R11=0x0000000000000206 is an unknown value
R12=0x0000000000000c00 is an unknown value
R13=0x0000000000000000 is an unknown value
R14=0x00007fff5f91e738 is an unknown value
R15=0x0000000000000002 is an unknown value


Stack: [0x00007fff5f123000,0x00007fff5f923000],  sp=0x00007fff5f91e2d0,  free space=8172k
Native frames: (J=compiled Java code, j=interpreted, Vv=VM code, C=native code)
V  [libjvm.dylib+0x486498]
C  [libsystem_platform.dylib+0x2bba]  _sigtramp+0x1a
C  0x0000000000015c00
C  [CoreFoundation+0x88c94]  __CFRunLoopServiceMachPort+0xd4
C  [CoreFoundation+0x88121]  __CFRunLoopRun+0x551
C  [CoreFoundation+0x87974]  CFRunLoopRunSpecific+0x1a4
C  [java+0x6465]  CreateExecutionEnvironment+0x367
C  [java+0x218c]  JLI_Launch+0x7a0
C  [java+0x84c2]  main+0x65
C  [java+0x19e4]  start+0x34


---------------  P R O C E S S  ---------------

VM state:not at safepoint (normal execution)

VM Mutex/Monitor currently owned by a thread: None

Heap:
 PSYoungGen      total 212992K, used 63254K [0x0000000795580000, 0x00000007a8580000, 0x00000007c0000000)
  eden space 195072K, 23% used [0x0000000795580000,0x000000079820a6f8,0x00000007a1400000)
  from space 17920K, 98% used [0x00000007a1400000,0x00000007a253b418,0x00000007a2580000)
  to   space 20992K, 0% used [0x00000007a7100000,0x00000007a7100000,0x00000007a8580000)
 ParOldGen       total 120832K, used 32347K [0x0000000740000000, 0x0000000747600000, 0x0000000795580000)
  object space 120832K, 26% used [0x0000000740000000,0x0000000741f96d20,0x0000000747600000)
 Metaspace       used 39991K, capacity 41282K, committed 41560K, reserved 1085440K
  class space    used 5634K, capacity 6178K, committed 6272K, reserved 1048576K

Card table byte_map: [0x0000000111b18000,0x0000000111f19000] byte_map_base: 0x000000010e118000

Marking Bits: (ParMarkBitMap*) 0x0000000101eedd20
 Begin Bits: [0x00000001121c4000, 0x00000001141c4000)
 End Bits:   [0x00000001141c4000, 0x00000001161c4000)

Polling page: 0x0000000100ad6000

CodeCache: size=245760Kb used=15528Kb max_used=15761Kb free=230231Kb
 bounds [0x0000000102758000, 0x00000001036d8000, 0x0000000111758000]
 total_blobs=4971 nmethods=4307 adapters=577
 compilation: enabled

Compilation events (10 events):
Event: 13.161 Thread 0x00007f87e881a000 nmethod 4450 0x000000010368c310 code [0x000000010368c480, 0x000000010368c678]
Event: 13.187 Thread 0x00007f87e8810800 nmethod 4448 0x00000001036c6090 code [0x00000001036c63e0, 0x00000001036c91e8]
Event: 13.213 Thread 0x00007f87e881a000 4451 % !   4       com.android.ddmlib.AdbHelper::executeRemoteCommand @ 226 (548 bytes)
Event: 13.224 Thread 0x00007f87e881a000 nmethod 4451% 0x00000001036bc610 code [0x00000001036bc7e0, 0x00000001036bcfb0]
Event: 13.227 Thread 0x00007f87e8810800 4452       4       java.nio.Buffer::hasRemaining (17 bytes)
Event: 13.228 Thread 0x00007f87e8810800 nmethod 4452 0x00000001036bc3d0 code [0x00000001036bc520, 0x00000001036bc598]
Event: 13.425 Thread 0x00007f87e781f000 4453       3       java.nio.Buffer::nextGetIndex (31 bytes)
Event: 13.425 Thread 0x00007f87e781f000 nmethod 4453 0x000000010368be10 code [0x000000010368bf80, 0x000000010368c1e8]
Event: 13.780 Thread 0x00007f87e781f000 4454       1       java.nio.HeapByteBuffer::isReadOnly (2 bytes)
Event: 13.780 Thread 0x00007f87e781f000 nmethod 4454 0x0000000103687f90 code [0x00000001036880e0, 0x00000001036881f0]

GC Heap History (10 events):
Event: 3.401 GC heap before
{Heap before GC invocations=5 (full 1):
 PSYoungGen      total 138240K, used 5104K [0x0000000795580000, 0x000000079e180000, 0x00000007c0000000)
  eden space 133120K, 0% used [0x0000000795580000,0x0000000795580000,0x000000079d780000)
  from space 5120K, 99% used [0x000000079dc80000,0x000000079e17c050,0x000000079e180000)
  to   space 5120K, 0% used [0x000000079d780000,0x000000079d780000,0x000000079dc80000)
 ParOldGen       total 87552K, used 9306K [0x0000000740000000, 0x0000000745580000, 0x0000000795580000)
  object space 87552K, 10% used [0x0000000740000000,0x0000000740916ac8,0x0000000745580000)
 Metaspace       used 20803K, capacity 21118K, committed 21248K, reserved 1067008K
  class space    used 2821K, capacity 2978K, committed 3072K, reserved 1048576K
Event: 3.478 GC heap after
Heap after GC invocations=5 (full 1):
 PSYoungGen      total 138240K, used 0K [0x0000000795580000, 0x000000079e180000, 0x00000007c0000000)
  eden space 133120K, 0% used [0x0000000795580000,0x0000000795580000,0x000000079d780000)
  from space 5120K, 0% used [0x000000079dc80000,0x000000079dc80000,0x000000079e180000)
  to   space 5120K, 0% used [0x000000079d780000,0x000000079d780000,0x000000079dc80000)
 ParOldGen       total 64000K, used 8863K [0x0000000740000000, 0x0000000743e80000, 0x0000000795580000)
  object space 64000K, 13% used [0x0000000740000000,0x00000007408a7ca0,0x0000000743e80000)
 Metaspace       used 20803K, capacity 21118K, committed 21248K, reserved 1067008K
  class space    used 2821K, capacity 2978K, committed 3072K, reserved 1048576K
}
Event: 6.451 GC heap before
{Heap before GC invocations=6 (full 1):
 PSYoungGen      total 138240K, used 133120K [0x0000000795580000, 0x000000079e180000, 0x00000007c0000000)
  eden space 133120K, 100% used [0x0000000795580000,0x000000079d780000,0x000000079d780000)
  from space 5120K, 0% used [0x000000079dc80000,0x000000079dc80000,0x000000079e180000)
  to   space 5120K, 0% used [0x000000079d780000,0x000000079d780000,0x000000079dc80000)
 ParOldGen       total 64000K, used 8863K [0x0000000740000000, 0x0000000743e80000, 0x0000000795580000)
  object space 64000K, 13% used [0x0000000740000000,0x00000007408a7ca0,0x0000000743e80000)
 Metaspace       used 29536K, capacity 30348K, committed 30464K, reserved 1075200K
  class space    used 4044K, capacity 4315K, committed 4352K, reserved 1048576K
Event: 6.470 GC heap after
Heap after GC invocations=6 (full 1):
 PSYoungGen      total 138240K, used 5120K [0x0000000795580000, 0x00000007a3480000, 0x00000007c0000000)
  eden space 133120K, 0% used [0x0000000795580000,0x0000000795580000,0x000000079d780000)
  from space 5120K, 100% used [0x000000079d780000,0x000000079dc80000,0x000000079dc80000)
  to   space 15360K, 0% used [0x00000007a2580000,0x00000007a2580000,0x00000007a3480000)
 ParOldGen       total 64000K, used 18072K [0x0000000740000000, 0x0000000743e80000, 0x0000000795580000)
  object space 64000K, 28% used [0x0000000740000000,0x00000007411a6168,0x0000000743e80000)
 Metaspace       used 29536K, capacity 30348K, committed 30464K, reserved 1075200K
  class space    used 4044K, capacity 4315K, committed 4352K, reserved 1048576K
}
Event: 7.672 GC heap before
{Heap before GC invocations=7 (full 1):
 PSYoungGen      total 138240K, used 86441K [0x0000000795580000, 0x00000007a3480000, 0x00000007c0000000)
  eden space 133120K, 61% used [0x0000000795580000,0x000000079a4ea5f8,0x000000079d780000)
  from space 5120K, 100% used [0x000000079d780000,0x000000079dc80000,0x000000079dc80000)
  to   space 15360K, 0% used [0x00000007a2580000,0x00000007a2580000,0x00000007a3480000)
 ParOldGen       total 64000K, used 18072K [0x0000000740000000, 0x0000000743e80000, 0x0000000795580000)
  object space 64000K, 28% used [0x0000000740000000,0x00000007411a6168,0x0000000743e80000)
 Metaspace       used 34345K, capacity 35272K, committed 35416K, reserved 1079296K
  class space    used 4782K, capacity 5166K, committed 5248K, reserved 1048576K
Event: 7.699 GC heap after
Heap after GC invocations=7 (full 1):
 PSYoungGen      total 210432K, used 15353K [0x0000000795580000, 0x00000007a3a00000, 0x00000007c0000000)
  eden space 195072K, 0% used [0x0000000795580000,0x0000000795580000,0x00000007a1400000)
  from space 15360K, 99% used [0x00000007a2580000,0x00000007a347e5d0,0x00000007a3480000)
  to   space 17920K, 0% used [0x00000007a1400000,0x00000007a1400000,0x00000007a2580000)
 ParOldGen       total 64000K, used 18623K [0x0000000740000000, 0x0000000743e80000, 0x0000000795580000)
  object space 64000K, 29% used [0x0000000740000000,0x000000074122fc98,0x0000000743e80000)
 Metaspace       used 34345K, capacity 35272K, committed 35416K, reserved 1079296K
  class space    used 4782K, capacity 5166K, committed 5248K, reserved 1048576K
}
Event: 7.699 GC heap before
{Heap before GC invocations=8 (full 2):
 PSYoungGen      total 210432K, used 15353K [0x0000000795580000, 0x00000007a3a00000, 0x00000007c0000000)
  eden space 195072K, 0% used [0x0000000795580000,0x0000000795580000,0x00000007a1400000)
  from space 15360K, 99% used [0x00000007a2580000,0x00000007a347e5d0,0x00000007a3480000)
  to   space 17920K, 0% used [0x00000007a1400000,0x00000007a1400000,0x00000007a2580000)
 ParOldGen       total 64000K, used 18623K [0x0000000740000000, 0x0000000743e80000, 0x0000000795580000)
  object space 64000K, 29% used [0x0000000740000000,0x000000074122fc98,0x0000000743e80000)
 Metaspace       used 34345K, capacity 35272K, committed 35416K, reserved 1079296K
  class space    used 4782K, capacity 5166K, committed 5248K, reserved 1048576K
Event: 7.874 GC heap after
Heap after GC invocations=8 (full 2):
 PSYoungGen      total 210432K, used 0K [0x0000000795580000, 0x00000007a3a00000, 0x00000007c0000000)
  eden space 195072K, 0% used [0x0000000795580000,0x0000000795580000,0x00000007a1400000)
  from space 15360K, 0% used [0x00000007a2580000,0x00000007a2580000,0x00000007a3480000)
  to   space 17920K, 0% used [0x00000007a1400000,0x00000007a1400000,0x00000007a2580000)
 ParOldGen       total 120832K, used 32339K [0x0000000740000000, 0x0000000747600000, 0x0000000795580000)
  object space 120832K, 26% used [0x0000000740000000,0x0000000741f94d20,0x0000000747600000)
 Metaspace       used 34345K, capacity 35272K, committed 35416K, reserved 1079296K
  class space    used 4782K, capacity 5166K, committed 5248K, reserved 1048576K
}
Event: 10.893 GC heap before
{Heap before GC invocations=9 (full 2):
 PSYoungGen      total 210432K, used 195072K [0x0000000795580000, 0x00000007a3a00000, 0x00000007c0000000)
  eden space 195072K, 100% used [0x0000000795580000,0x00000007a1400000,0x00000007a1400000)
  from space 15360K, 0% used [0x00000007a2580000,0x00000007a2580000,0x00000007a3480000)
  to   space 17920K, 0% used [0x00000007a1400000,0x00000007a1400000,0x00000007a2580000)
 ParOldGen       total 120832K, used 32339K [0x0000000740000000, 0x0000000747600000, 0x0000000795580000)
  object space 120832K, 26% used [0x0000000740000000,0x0000000741f94d20,0x0000000747600000)
 Metaspace       used 39160K, capacity 40394K, committed 40664K, reserved 1083392K
  class space    used 5506K, capacity 6028K, committed 6144K, reserved 1048576K
Event: 10.934 GC heap after
Heap after GC invocations=9 (full 2):
 PSYoungGen      total 212992K, used 17645K [0x0000000795580000, 0x00000007a8580000, 0x00000007c0000000)
  eden space 195072K, 0% used [0x0000000795580000,0x0000000795580000,0x00000007a1400000)
  from space 17920K, 98% used [0x00000007a1400000,0x00000007a253b418,0x00000007a2580000)
  to   space 20992K, 0% used [0x00000007a7100000,0x00000007a7100000,0x00000007a8580000)
 ParOldGen       total 120832K, used 32347K [0x0000000740000000, 0x0000000747600000, 0x0000000795580000)
  object space 120832K, 26% used [0x0000000740000000,0x0000000741f96d20,0x0000000747600000)
 Metaspace       used 39160K, capacity 40394K, committed 40664K, reserved 1083392K
  class space    used 5506K, capacity 6028K, committed 6144K, reserved 1048576K
}

Deoptimization events (10 events):
Event: 11.575 Thread 0x00007f87ecab6800 Uncommon trap: reason=unstable_if action=reinterpret pc=0x0000000102f7ef04 method=java.lang.Integer.getChars(II[C)V @ 7
Event: 11.626 Thread 0x00007f87ec3e6000 Uncommon trap: reason=unstable_if action=reinterpret pc=0x0000000103025a8c method=java.lang.AbstractStringBuilder.append(I)Ljava/lang/AbstractStringBuilder; @ 16
Event: 13.121 Thread 0x00007f87e800c000 Uncommon trap: reason=unstable_if action=reinterpret pc=0x0000000103692870 method=sun.nio.ch.IOUtil.writeFromNativeBuffer(Ljava/io/FileDescriptor;Ljava/nio/ByteBuffer;JLsun/nio/ch/NativeDispatcher;)I @ 121
Event: 13.121 Thread 0x00007f87e800c000 Uncommon trap: reason=unstable_if action=reinterpret pc=0x0000000103686c70 method=java.nio.Buffer.hasRemaining()Z @ 8
Event: 13.121 Thread 0x00007f87e800c000 Uncommon trap: reason=unstable_if action=reinterpret pc=0x000000010368a2d4 method=sun.nio.ch.IOUtil.writeFromNativeBuffer(Ljava/io/FileDescriptor;Ljava/nio/ByteBuffer;JLsun/nio/ch/NativeDispatcher;)I @ 121
Event: 13.121 Thread 0x00007f87e800c000 Uncommon trap: reason=unstable_if action=reinterpret pc=0x000000010368307c method=java.nio.Buffer.hasRemaining()Z @ 8
Event: 13.121 Thread 0x00007f87e800c000 Uncommon trap: reason=unstable_if action=reinterpret pc=0x0000000103683ec4 method=sun.nio.ch.IOUtil.writeFromNativeBuffer(Ljava/io/FileDescriptor;Ljava/nio/ByteBuffer;JLsun/nio/ch/NativeDispatcher;)I @ 121
Event: 13.356 Thread 0x00007f87e800c000 Uncommon trap: reason=unstable_if action=reinterpret pc=0x00000001036bcce0 method=com.android.ddmlib.AdbHelper.executeRemoteCommand(Ljava/net/InetSocketAddress;Lcom/android/ddmlib/AdbHelper$AdbService;Ljava/lang/String;Lcom/android/ddmlib/IDevice;Lcom/and
Event: 13.413 Thread 0x00007f87e800c000 Uncommon trap: reason=unstable_if action=reinterpret pc=0x000000010367fe58 method=java.nio.channels.spi.AbstractInterruptibleChannel.end(Z)V @ 31
Event: 13.414 Thread 0x00007f87e800c000 Uncommon trap: reason=unstable_if action=reinterpret pc=0x0000000103680e9c method=java.nio.channels.spi.AbstractInterruptibleChannel.begin()V @ 4

Internal exceptions (10 events):
Event: 12.540 Thread 0x00007f87e800c000 Exception <a 'java/lang/ClassNotFoundException': com/google/common/collect/SingletonImmutableListBeanInfo> (0x0000000796bef7e0) thrown at [/HUDSON3/workspace/8-2-build-macosx-x86_64/jdk8u101/7261/hotspot/src/share/vm/classfile/systemDictionary.cpp, line 2
Event: 12.541 Thread 0x00007f87e800c000 Exception <a 'java/lang/ClassNotFoundException': com/google/common/collect/ImmutableListBeanInfo> (0x0000000797c30ea0) thrown at [/HUDSON3/workspace/8-2-build-macosx-x86_64/jdk8u101/7261/hotspot/src/share/vm/classfile/systemDictionary.cpp, line 210]
Event: 12.541 Thread 0x00007f87e800c000 Exception <a 'java/lang/ClassNotFoundException': com/google/common/collect/ImmutableCollectionBeanInfo> (0x0000000797c3dbb0) thrown at [/HUDSON3/workspace/8-2-build-macosx-x86_64/jdk8u101/7261/hotspot/src/share/vm/classfile/systemDictionary.cpp, line 210]
Event: 12.542 Thread 0x00007f87e800c000 Exception <a 'java/lang/ClassNotFoundException': com/google/common/collect/ImmutableCollectionCustomizer> (0x0000000797c4ad10) thrown at [/HUDSON3/workspace/8-2-build-macosx-x86_64/jdk8u101/7261/hotspot/src/share/vm/classfile/systemDictionary.cpp, line 21
Event: 12.543 Thread 0x00007f87e800c000 Exception <a 'java/lang/ClassNotFoundException': com/google/common/collect/ImmutableListCustomizer> (0x0000000797c679d0) thrown at [/HUDSON3/workspace/8-2-build-macosx-x86_64/jdk8u101/7261/hotspot/src/share/vm/classfile/systemDictionary.cpp, line 210]
Event: 12.544 Thread 0x00007f87e800c000 Exception <a 'java/lang/ClassNotFoundException': com/google/common/collect/SingletonImmutableListCustomizer> (0x0000000797caecc8) thrown at [/HUDSON3/workspace/8-2-build-macosx-x86_64/jdk8u101/7261/hotspot/src/share/vm/classfile/systemDictionary.cpp, line
Event: 12.546 Thread 0x00007f87e800c000 Exception <a 'java/lang/ClassNotFoundException': com/android/build/gradle/api/ApkOutputFileBeanInfo> (0x0000000797ce8ac8) thrown at [/HUDSON3/workspace/8-2-build-macosx-x86_64/jdk8u101/7261/hotspot/src/share/vm/classfile/systemDictionary.cpp, line 210]
Event: 12.546 Thread 0x00007f87e800c000 Exception <a 'java/lang/ClassNotFoundException': com/android/build/gradle/api/ApkOutputFileCustomizer> (0x0000000797cf4af8) thrown at [/HUDSON3/workspace/8-2-build-macosx-x86_64/jdk8u101/7261/hotspot/src/share/vm/classfile/systemDictionary.cpp, line 210]
Event: 12.595 Thread 0x00007f87e800c000 Exception <a 'java/lang/ClassNotFoundException': com/android/ide/common/build/SplitOutputMatcherBeanInfo> (0x0000000797d56060) thrown at [/HUDSON3/workspace/8-2-build-macosx-x86_64/jdk8u101/7261/hotspot/src/share/vm/classfile/systemDictionary.cpp, line 21
Event: 12.595 Thread 0x00007f87e800c000 Exception <a 'java/lang/ClassNotFoundException': com/android/ide/common/build/SplitOutputMatcherCustomizer> (0x0000000797d62958) thrown at [/HUDSON3/workspace/8-2-build-macosx-x86_64/jdk8u101/7261/hotspot/src/share/vm/classfile/systemDictionary.cpp, line 

Events (10 events):
Event: 13.781 Thread 0x00007f87e781f000 flushing nmethod 0x00000001028e5910
Event: 13.781 Thread 0x00007f87e781f000 flushing nmethod 0x00000001028e6c50
Event: 13.781 Thread 0x00007f87e781f000 flushing nmethod 0x00000001028e6f90
Event: 13.781 Thread 0x00007f87e781f000 flushing nmethod 0x00000001028e8d90
Event: 13.781 Thread 0x00007f87e781f000 flushing nmethod 0x00000001028eaf10
Event: 13.781 Thread 0x00007f87e781f000 flushing nmethod 0x00000001028ebfd0
Event: 13.781 Thread 0x00007f87e781f000 flushing nmethod 0x00000001028ef6d0
Event: 13.781 Thread 0x00007f87e781f000 flushing nmethod 0x00000001028efbd0
Event: 13.781 Thread 0x00007f87e781f000 flushing nmethod 0x00000001028f0790
Event: 13.781 Thread 0x00007f87e781f000 flushing nmethod 0x00000001028f3a50


Dynamic libraries:
0x0000000015df1000 	/System/Library/Frameworks/Cocoa.framework/Versions/A/Cocoa
0x0000000015df1000 	/System/Library/Frameworks/Security.framework/Versions/A/Security
0x0000000015df1000 	/System/Library/Frameworks/ApplicationServices.framework/Versions/A/ApplicationServices
0x0000000015df1000 	/usr/lib/libz.1.dylib
0x00000001002f9000 	/usr/lib/libSystem.B.dylib
0x0000000015df1000 	/usr/lib/libobjc.A.dylib
0x0000000015df1000 	/System/Library/Frameworks/CoreFoundation.framework/Versions/A/CoreFoundation
0x0000000015df1000 	/System/Library/Frameworks/Foundation.framework/Versions/C/Foundation
0x0000000015df1000 	/System/Library/Frameworks/AppKit.framework/Versions/C/AppKit
0x0000000015df1000 	/System/Library/Frameworks/CoreData.framework/Versions/A/CoreData
0x0000000015df1000 	/System/Library/PrivateFrameworks/RemoteViewServices.framework/Versions/A/RemoteViewServices
0x0000000015df1000 	/System/Library/PrivateFrameworks/UIFoundation.framework/Versions/A/UIFoundation
0x0000000015df1000 	/System/Library/PrivateFrameworks/DFRFoundation.framework/Versions/A/DFRFoundation
0x0000000015df1000 	/usr/lib/libenergytrace.dylib
0x0000000015df1000 	/System/Library/PrivateFrameworks/SkyLight.framework/Versions/A/SkyLight
0x0000000015df1000 	/System/Library/Frameworks/CoreGraphics.framework/Versions/A/CoreGraphics
0x0000000015df1000 	/usr/lib/libScreenReader.dylib
0x0000000015df1000 	/System/Library/Frameworks/Accelerate.framework/Versions/A/Accelerate
0x0000000015df1000 	/System/Library/Frameworks/IOSurface.framework/Versions/A/IOSurface
0x0000000015df1000 	/System/Library/Frameworks/AudioToolbox.framework/Versions/A/AudioToolbox
0x0000000015df1000 	/System/Library/Frameworks/AudioUnit.framework/Versions/A/AudioUnit
0x0000000015df1000 	/System/Library/PrivateFrameworks/DataDetectorsCore.framework/Versions/A/DataDetectorsCore
0x0000000015df1000 	/System/Library/PrivateFrameworks/DesktopServicesPriv.framework/Versions/A/DesktopServicesPriv
0x0000000015df1000 	/System/Library/Frameworks/Carbon.framework/Versions/A/Frameworks/HIToolbox.framework/Versions/A/HIToolbox
0x0000000015df1000 	/usr/lib/libicucore.A.dylib
0x0000000015df1000 	/System/Library/Frameworks/QuartzCore.framework/Versions/A/QuartzCore
0x0000000015df1000 	/System/Library/Frameworks/Carbon.framework/Versions/A/Frameworks/SpeechRecognition.framework/Versions/A/SpeechRecognition
0x0000000015df1000 	/usr/lib/libauto.dylib
0x0000000015df1000 	/usr/lib/libxml2.2.dylib
0x0000000015df1000 	/System/Library/PrivateFrameworks/CoreUI.framework/Versions/A/CoreUI
0x0000000015df1000 	/System/Library/Frameworks/CoreAudio.framework/Versions/A/CoreAudio
0x0000000015df1000 	/System/Library/Frameworks/DiskArbitration.framework/Versions/A/DiskArbitration
0x0000000015df1000 	/usr/lib/liblangid.dylib
0x0000000015df1000 	/System/Library/PrivateFrameworks/MultitouchSupport.framework/Versions/A/MultitouchSupport
0x0000000100302000 	/System/Library/Frameworks/IOKit.framework/Versions/A/IOKit
0x0000000015df1000 	/usr/lib/libDiagnosticMessagesClient.dylib
0x0000000015df1000 	/System/Library/Frameworks/CoreServices.framework/Versions/A/CoreServices
0x0000000015df1000 	/System/Library/PrivateFrameworks/PerformanceAnalysis.framework/Versions/A/PerformanceAnalysis
0x0000000015df1000 	/System/Library/PrivateFrameworks/GenerationalStorage.framework/Versions/A/GenerationalStorage
0x0000000015df1000 	/System/Library/Frameworks/OpenGL.framework/Versions/A/OpenGL
0x0000000015df1000 	/System/Library/Frameworks/CoreImage.framework/Versions/A/CoreImage
0x0000000015df1000 	/System/Library/Frameworks/CoreText.framework/Versions/A/CoreText
0x0000000015df1000 	/System/Library/Frameworks/ImageIO.framework/Versions/A/ImageIO
0x0000000015df1000 	/System/Library/PrivateFrameworks/Backup.framework/Versions/A/Backup
0x0000000015df1000 	/usr/lib/libarchive.2.dylib
0x00000001003de000 	/System/Library/Frameworks/CFNetwork.framework/Versions/A/CFNetwork
0x0000000015df1000 	/System/Library/Frameworks/SystemConfiguration.framework/Versions/A/SystemConfiguration
0x0000000015df1000 	/usr/lib/libCRFSuite.dylib
0x0000000015df1000 	/usr/lib/libc++.1.dylib
0x0000000015df1000 	/usr/lib/libc++abi.dylib
0x0000000015df1000 	/usr/lib/system/libcache.dylib
0x0000000015df1000 	/usr/lib/system/libcommonCrypto.dylib
0x0000000015df1000 	/usr/lib/system/libcompiler_rt.dylib
0x0000000015df1000 	/usr/lib/system/libcopyfile.dylib
0x0000000015df1000 	/usr/lib/system/libcorecrypto.dylib
0x0000000015df1000 	/usr/lib/system/libdispatch.dylib
0x0000000100ac8000 	/usr/lib/system/libdyld.dylib
0x0000000015df1000 	/usr/lib/system/libkeymgr.dylib
0x0000000015df1000 	/usr/lib/system/liblaunch.dylib
0x0000000015df1000 	/usr/lib/system/libmacho.dylib
0x0000000015df1000 	/usr/lib/system/libquarantine.dylib
0x0000000015df1000 	/usr/lib/system/libremovefile.dylib
0x0000000015df1000 	/usr/lib/system/libsystem_asl.dylib
0x0000000015df1000 	/usr/lib/system/libsystem_blocks.dylib
0x0000000015df1000 	/usr/lib/system/libsystem_c.dylib
0x0000000015df1000 	/usr/lib/system/libsystem_configuration.dylib
0x0000000015df1000 	/usr/lib/system/libsystem_coreservices.dylib
0x0000000100adc000 	/usr/lib/system/libsystem_coretls.dylib
0x0000000015df1000 	/usr/lib/system/libsystem_dnssd.dylib
0x0000000015df1000 	/usr/lib/system/libsystem_info.dylib
0x0000000100b05000 	/usr/lib/system/libsystem_kernel.dylib
0x0000000015df1000 	/usr/lib/system/libsystem_m.dylib
0x0000000015df1000 	/usr/lib/system/libsystem_malloc.dylib
0x0000000015df1000 	/usr/lib/system/libsystem_network.dylib
0x0000000100b44000 	/usr/lib/system/libsystem_networkextension.dylib
0x0000000015df1000 	/usr/lib/system/libsystem_notify.dylib
0x0000000015df1000 	/usr/lib/system/libsystem_platform.dylib
0x0000000015df1000 	/usr/lib/system/libsystem_pthread.dylib
0x0000000100b5f000 	/usr/lib/system/libsystem_sandbox.dylib
0x0000000015df1000 	/usr/lib/system/libsystem_secinit.dylib
0x0000000100b6c000 	/usr/lib/system/libsystem_symptoms.dylib
0x0000000100b81000 	/usr/lib/system/libsystem_trace.dylib
0x0000000015df1000 	/usr/lib/system/libunwind.dylib
0x0000000015df1000 	/usr/lib/system/libxpc.dylib
0x0000000015df1000 	/usr/lib/libbsm.0.dylib
0x0000000100bb7000 	/usr/lib/system/libkxld.dylib
0x0000000015df1000 	/usr/lib/libcoretls.dylib
0x0000000015df1000 	/usr/lib/libcoretls_cfhelpers.dylib
0x0000000015df1000 	/usr/lib/libxar.1.dylib
0x0000000015df1000 	/usr/lib/libsqlite3.dylib
0x0000000015df1000 	/usr/lib/libpam.2.dylib
0x0000000015df1000 	/usr/lib/libOpenScriptingUtil.dylib
0x0000000015df1000 	/usr/lib/libbz2.1.0.dylib
0x0000000015df1000 	/usr/lib/liblzma.5.dylib
0x0000000015df1000 	/usr/lib/libnetwork.dylib
0x0000000015df1000 	/usr/lib/libpcap.A.dylib
0x0000000015df1000 	/System/Library/Frameworks/CoreServices.framework/Versions/A/Frameworks/FSEvents.framework/Versions/A/FSEvents
0x0000000015df1000 	/System/Library/Frameworks/CoreServices.framework/Versions/A/Frameworks/CarbonCore.framework/Versions/A/CarbonCore
0x0000000015df1000 	/System/Library/Frameworks/CoreServices.framework/Versions/A/Frameworks/Metadata.framework/Versions/A/Metadata
0x0000000015df1000 	/System/Library/Frameworks/CoreServices.framework/Versions/A/Frameworks/OSServices.framework/Versions/A/OSServices
0x0000000015df1000 	/System/Library/Frameworks/CoreServices.framework/Versions/A/Frameworks/SearchKit.framework/Versions/A/SearchKit
0x0000000015df1000 	/System/Library/Frameworks/CoreServices.framework/Versions/A/Frameworks/AE.framework/Versions/A/AE
0x0000000015df1000 	/System/Library/Frameworks/CoreServices.framework/Versions/A/Frameworks/LaunchServices.framework/Versions/A/LaunchServices
0x0000000015df1000 	/System/Library/Frameworks/CoreServices.framework/Versions/A/Frameworks/DictionaryServices.framework/Versions/A/DictionaryServices
0x0000000015df1000 	/System/Library/Frameworks/CoreServices.framework/Versions/A/Frameworks/SharedFileList.framework/Versions/A/SharedFileList
0x0000000015df1000 	/System/Library/Frameworks/NetFS.framework/Versions/A/NetFS
0x0000000015df1000 	/System/Library/PrivateFrameworks/NetAuth.framework/Versions/A/NetAuth
0x0000000015df1000 	/System/Library/PrivateFrameworks/login.framework/Versions/A/Frameworks/loginsupport.framework/Versions/A/loginsupport
0x0000000015df1000 	/System/Library/PrivateFrameworks/TCC.framework/Versions/A/TCC
0x0000000015df1000 	/usr/lib/libmecabra.dylib
0x0000000015df1000 	/System/Library/Frameworks/ApplicationServices.framework/Versions/A/Frameworks/ATS.framework/Versions/A/ATS
0x0000000015df1000 	/System/Library/Frameworks/ApplicationServices.framework/Versions/A/Frameworks/ColorSync.framework/Versions/A/ColorSync
0x0000000015df1000 	/System/Library/Frameworks/ApplicationServices.framework/Versions/A/Frameworks/HIServices.framework/Versions/A/HIServices
0x0000000015df1000 	/System/Library/Frameworks/ApplicationServices.framework/Versions/A/Frameworks/LangAnalysis.framework/Versions/A/LangAnalysis
0x0000000015df1000 	/System/Library/Frameworks/ApplicationServices.framework/Versions/A/Frameworks/PrintCore.framework/Versions/A/PrintCore
0x0000000015df1000 	/System/Library/Frameworks/ApplicationServices.framework/Versions/A/Frameworks/QD.framework/Versions/A/QD
0x0000000015df1000 	/System/Library/Frameworks/ApplicationServices.framework/Versions/A/Frameworks/SpeechSynthesis.framework/Versions/A/SpeechSynthesis
0x0000000015df1000 	/System/Library/Frameworks/Accelerate.framework/Versions/A/Frameworks/vImage.framework/Versions/A/vImage
0x0000000015df1000 	/System/Library/Frameworks/Accelerate.framework/Versions/A/Frameworks/vecLib.framework/Versions/A/vecLib
0x0000000015df1000 	/System/Library/Frameworks/Accelerate.framework/Versions/A/Frameworks/vecLib.framework/Versions/A/libvDSP.dylib
0x0000000015df1000 	/System/Library/Frameworks/Accelerate.framework/Versions/A/Frameworks/vecLib.framework/Versions/A/libBNNS.dylib
0x0000000015df1000 	/System/Library/Frameworks/Accelerate.framework/Versions/A/Frameworks/vecLib.framework/Versions/A/libQuadrature.dylib
0x0000000015df1000 	/System/Library/Frameworks/Accelerate.framework/Versions/A/Frameworks/vecLib.framework/Versions/A/libvMisc.dylib
0x0000000015df1000 	/System/Library/Frameworks/Accelerate.framework/Versions/A/Frameworks/vecLib.framework/Versions/A/libLAPACK.dylib
0x0000000015df1000 	/System/Library/Frameworks/Accelerate.framework/Versions/A/Frameworks/vecLib.framework/Versions/A/libBLAS.dylib
0x0000000015df1000 	/System/Library/Frameworks/Accelerate.framework/Versions/A/Frameworks/vecLib.framework/Versions/A/libLinearAlgebra.dylib
0x0000000015df1000 	/System/Library/Frameworks/Accelerate.framework/Versions/A/Frameworks/vecLib.framework/Versions/A/libSparseBLAS.dylib
0x0000000015df1000 	/System/Library/Frameworks/ApplicationServices.framework/Versions/A/Frameworks/ATS.framework/Versions/A/Resources/libFontParser.dylib
0x0000000015df1000 	/System/Library/Frameworks/ApplicationServices.framework/Versions/A/Frameworks/ATS.framework/Versions/A/Resources/libFontRegistry.dylib
0x0000000015df1000 	/System/Library/Frameworks/ImageIO.framework/Versions/A/Resources/libJPEG.dylib
0x0000000015df1000 	/System/Library/Frameworks/ImageIO.framework/Versions/A/Resources/libTIFF.dylib
0x0000000015df1000 	/System/Library/Frameworks/ImageIO.framework/Versions/A/Resources/libPng.dylib
0x0000000015df1000 	/System/Library/Frameworks/ImageIO.framework/Versions/A/Resources/libGIF.dylib
0x0000000015df1000 	/System/Library/Frameworks/ImageIO.framework/Versions/A/Resources/libJP2.dylib
0x0000000015df1000 	/System/Library/Frameworks/ImageIO.framework/Versions/A/Resources/libRadiance.dylib
0x0000000015df1000 	/usr/lib/libcompression.dylib
0x0000000015df1000 	/System/Library/PrivateFrameworks/AppleJPEG.framework/Versions/A/AppleJPEG
0x0000000015df1000 	/usr/lib/libcups.2.dylib
0x0000000015df1000 	/System/Library/Frameworks/Kerberos.framework/Versions/A/Kerberos
0x0000000015df1000 	/System/Library/Frameworks/GSS.framework/Versions/A/GSS
0x0000000015df1000 	/usr/lib/libresolv.9.dylib
0x0000000015df1000 	/usr/lib/libiconv.2.dylib
0x0000000015df1000 	/System/Library/PrivateFrameworks/Heimdal.framework/Versions/A/Heimdal
0x0000000015df1000 	/usr/lib/libheimdal-asn1.dylib
0x0000000015df1000 	/System/Library/Frameworks/OpenDirectory.framework/Versions/A/OpenDirectory
0x0000000015df1000 	/System/Library/PrivateFrameworks/CommonAuth.framework/Versions/A/CommonAuth
0x0000000015df1000 	/System/Library/Frameworks/OpenDirectory.framework/Versions/A/Frameworks/CFOpenDirectory.framework/Versions/A/CFOpenDirectory
0x0000000015df1000 	/System/Library/Frameworks/SecurityFoundation.framework/Versions/A/SecurityFoundation
0x0000000015df1000 	/System/Library/PrivateFrameworks/LanguageModeling.framework/Versions/A/LanguageModeling
0x0000000015df1000 	/usr/lib/libmarisa.dylib
0x0000000015df1000 	/usr/lib/libChineseTokenizer.dylib
0x0000000015df1000 	/usr/lib/libcmph.dylib
0x0000000015df1000 	/System/Library/PrivateFrameworks/CoreEmoji.framework/Versions/A/CoreEmoji
0x0000000015df1000 	/System/Library/Frameworks/ServiceManagement.framework/Versions/A/ServiceManagement
0x0000000015df1000 	/usr/lib/libxslt.1.dylib
0x0000000015df1000 	/System/Library/Frameworks/Carbon.framework/Versions/A/Frameworks/Ink.framework/Versions/A/Ink
0x0000000015df1000 	/System/Library/PrivateFrameworks/TextureIO.framework/Versions/A/TextureIO
0x0000000015df1000 	/System/Library/Frameworks/Metal.framework/Versions/A/Metal
0x0000000015df1000 	/usr/lib/libate.dylib
0x0000000015df1000 	/System/Library/PrivateFrameworks/GPUCompiler.framework/libmetal_timestamp.dylib
0x0000000015df1000 	/System/Library/Frameworks/OpenGL.framework/Versions/A/Libraries/libCoreFSCache.dylib
0x0000000015df1000 	/System/Library/PrivateFrameworks/IOAccelerator.framework/Versions/A/IOAccelerator
0x0000000015df1000 	/System/Library/Frameworks/CoreVideo.framework/Versions/A/CoreVideo
0x0000000015df1000 	/usr/lib/libFosl_dynamic.dylib
0x0000000015df1000 	/System/Library/PrivateFrameworks/MetalPerformanceShaders.framework/Versions/A/MetalPerformanceShaders
0x0000000015df1000 	/System/Library/PrivateFrameworks/FaceCore.framework/Versions/A/FaceCore
0x0000000015df1000 	/System/Library/Frameworks/OpenCL.framework/Versions/A/OpenCL
0x0000000015df1000 	/System/Library/Frameworks/OpenGL.framework/Versions/A/Libraries/libGLU.dylib
0x0000000015df1000 	/System/Library/Frameworks/OpenGL.framework/Versions/A/Libraries/libGFXShared.dylib
0x0000000015df1000 	/System/Library/Frameworks/OpenGL.framework/Versions/A/Libraries/libGL.dylib
0x0000000015df1000 	/System/Library/Frameworks/OpenGL.framework/Versions/A/Libraries/libGLImage.dylib
0x0000000015df1000 	/System/Library/Frameworks/OpenGL.framework/Versions/A/Libraries/libCVMSPluginSupport.dylib
0x0000000015df1000 	/System/Library/Frameworks/OpenGL.framework/Versions/A/Libraries/libCoreVMClient.dylib
0x0000000015df1000 	/System/Library/PrivateFrameworks/CrashReporterSupport.framework/Versions/A/CrashReporterSupport
0x0000000015df1000 	/System/Library/PrivateFrameworks/Sharing.framework/Versions/A/Sharing
0x0000000015df1000 	/System/Library/PrivateFrameworks/IconServices.framework/Versions/A/IconServices
0x0000000015df1000 	/System/Library/PrivateFrameworks/ProtocolBuffer.framework/Versions/A/ProtocolBuffer
0x0000000015df1000 	/System/Library/PrivateFrameworks/Apple80211.framework/Versions/A/Apple80211
0x0000000015df1000 	/System/Library/Frameworks/CoreWLAN.framework/Versions/A/CoreWLAN
0x0000000015df1000 	/System/Library/PrivateFrameworks/CoreUtils.framework/Versions/A/CoreUtils
0x0000000015df1000 	/System/Library/Frameworks/IOBluetooth.framework/Versions/A/IOBluetooth
0x0000000015df1000 	/System/Library/PrivateFrameworks/CoreWiFi.framework/Versions/A/CoreWiFi
0x0000000015df1000 	/System/Library/Frameworks/CoreBluetooth.framework/Versions/A/CoreBluetooth
0x0000000015df1000 	/System/Library/Frameworks/CoreDisplay.framework/Versions/A/CoreDisplay
0x0000000015df1000 	/System/Library/PrivateFrameworks/IOPresentment.framework/Versions/A/IOPresentment
0x0000000015df1000 	/System/Library/PrivateFrameworks/DebugSymbols.framework/Versions/A/DebugSymbols
0x0000000015df1000 	/System/Library/PrivateFrameworks/CoreSymbolication.framework/Versions/A/CoreSymbolication
0x0000000015df1000 	/System/Library/PrivateFrameworks/Symbolication.framework/Versions/A/Symbolication
0x0000000015df1000 	/System/Library/PrivateFrameworks/AppleFSCompression.framework/Versions/A/AppleFSCompression
0x0000000015df1000 	/System/Library/PrivateFrameworks/SpeechRecognitionCore.framework/Versions/A/SpeechRecognitionCore
0x0000000015df1000 	/System/Library/PrivateFrameworks/ChunkingLibrary.framework/Versions/A/ChunkingLibrary
0x0000000101600000 	/Library/Java/JavaVirtualMachines/jdk1.8.0_101.jdk/Contents/Home/jre/lib/server/libjvm.dylib
0x0000000015df1000 	/usr/lib/libstdc++.6.dylib
0x0000000100c25000 	/Library/Java/JavaVirtualMachines/jdk1.8.0_101.jdk/Contents/Home/jre/lib/libverify.dylib
0x0000000100c33000 	/Library/Java/JavaVirtualMachines/jdk1.8.0_101.jdk/Contents/Home/jre/lib/libjava.dylib
0x0000000100c70000 	/Library/Java/JavaVirtualMachines/jdk1.8.0_101.jdk/Contents/Home/jre/lib/libzip.dylib
0x0000000117e29000 	/System/Library/Frameworks/JavaVM.framework/Frameworks/JavaRuntimeSupport.framework/JavaRuntimeSupport
0x0000000100deb000 	/System/Library/Frameworks/JavaVM.framework/Versions/A/Frameworks/JavaNativeFoundation.framework/Versions/A/JavaNativeFoundation
0x00000001026bd000 	/System/Library/Frameworks/JavaVM.framework/Versions/A/JavaVM
0x0000000015df1000 	/System/Library/Frameworks/Carbon.framework/Versions/A/Carbon
0x0000000117e43000 	/System/Library/PrivateFrameworks/JavaLaunching.framework/Versions/A/JavaLaunching
0x0000000015df1000 	/System/Library/Frameworks/Carbon.framework/Versions/A/Frameworks/CommonPanels.framework/Versions/A/CommonPanels
0x0000000015df1000 	/System/Library/Frameworks/Carbon.framework/Versions/A/Frameworks/Help.framework/Versions/A/Help
0x0000000015df1000 	/System/Library/Frameworks/Carbon.framework/Versions/A/Frameworks/ImageCapture.framework/Versions/A/ImageCapture
0x0000000015df1000 	/System/Library/Frameworks/Carbon.framework/Versions/A/Frameworks/OpenScripting.framework/Versions/A/OpenScripting
0x0000000015df1000 	/System/Library/Frameworks/Carbon.framework/Versions/A/Frameworks/Print.framework/Versions/A/Print
0x0000000015df1000 	/System/Library/Frameworks/Carbon.framework/Versions/A/Frameworks/SecurityHI.framework/Versions/A/SecurityHI
0x0000000119776000 	/Library/Java/JavaVirtualMachines/jdk1.8.0_101.jdk/Contents/Home/jre/lib/libnet.dylib
0x00000001197d5000 	/Library/Java/JavaVirtualMachines/jdk1.8.0_101.jdk/Contents/Home/jre/lib/libnio.dylib
0x0000000119c4c000 	/Users/elchroy/.gradle/native/19/osx-amd64/libnative-platform.dylib
0x0000000119c51000 	/Users/elchroy/.gradle/native/19/osx-amd64/libnative-platform-curses.dylib
0x0000000015df1000 	/usr/lib/libncurses.5.4.dylib
0x0000000119c55000 	/private/var/folders/3j/p0_wzk9d1ns47ybk3ng5x3w80000gn/T/jna8645561145329955901.tmp
0x0000000119c6a000 	/Library/Java/JavaVirtualMachines/jdk1.8.0_101.jdk/Contents/Home/jre/lib/libmanagement.dylib

VM Arguments:
jvm_args: -Dorg.gradle.appname=gradlew 
java_command: org.gradle.wrapper.GradleWrapperMain installDebug
java_class_path (initial): /Users/elchroy/Roy/Code/rubyment/roymobile/android/gradle/wrapper/gradle-wrapper.jar
Launcher Type: SUN_STANDARD

Environment Variables:
PATH=/usr/local/opt/nvm/versions/node/v6.3.0/lib/node_modules/npm/bin/node-gyp-bin:/Users/elchroy/Roy/Code/rubyment/roymobile/node_modules/.bin:/usr/local/opt/nvm/versions/node/v6.3.0/bin:/Users/elchroy/.rvm/gems/ruby-2.3.0/bin:/Users/elchroy/.rvm/gems/ruby-2.3.0@global/bin:/Users/elchroy/.rvm/rubies/ruby-2.3.0/bin:/usr/local/opt/nvm/versions/node/v6.3.0/bin:/usr/local/mysql/bin:/usr/local/share/python:/usr/local/bin:/usr/bin:/bin:/usr/sbin:/sbin:/Users/elchroy/golang/src/github.com/andela/bin:/usr/local/opt/go/libexec/bin:/Users/elchroy/.rvm/bin:/Users/elchroy/Library/Android/sdk/tools:/Users/elchroy/Library/Android/sdk/platform-tools
SHELL=/bin/zsh

Signal Handlers:
SIGSEGV: [libjvm.dylib+0x5af145], sa_mask[0]=11111111011111110111111111111111, sa_flags=SA_ONSTACK|SA_RESTART|SA_SIGINFO
SIGBUS: [libjvm.dylib+0x5af145], sa_mask[0]=11111111011111110111111111111111, sa_flags=SA_RESTART|SA_SIGINFO
SIGFPE: [libjvm.dylib+0x48694c], sa_mask[0]=11111111011111110111111111111111, sa_flags=SA_RESTART|SA_SIGINFO
SIGPIPE: [libjvm.dylib+0x48694c], sa_mask[0]=11111111011111110111111111111111, sa_flags=SA_RESTART|SA_SIGINFO
SIGXFSZ: [libjvm.dylib+0x48694c], sa_mask[0]=11111111011111110111111111111111, sa_flags=SA_RESTART|SA_SIGINFO
SIGILL: [libjvm.dylib+0x48694c], sa_mask[0]=11111111011111110111111111111111, sa_flags=SA_RESTART|SA_SIGINFO
SIGUSR1: SIG_DFL, sa_mask[0]=11111111011111110111111111111111, sa_flags=none
SIGUSR2: [libjvm.dylib+0x48646a], sa_mask[0]=00000000000000000000000000000000, sa_flags=SA_RESTART|SA_SIGINFO
SIGHUP: [libjvm.dylib+0x484a41], sa_mask[0]=11111111011111110111111111111111, sa_flags=SA_RESTART|SA_SIGINFO
SIGINT: [libjvm.dylib+0x484a41], sa_mask[0]=11111111011111110111111111111111, sa_flags=SA_RESTART|SA_SIGINFO
SIGTERM: [libjvm.dylib+0x484a41], sa_mask[0]=11111111011111110111111111111111, sa_flags=SA_RESTART|SA_SIGINFO
SIGQUIT: [libjvm.dylib+0x484a41], sa_mask[0]=11111111011111110111111111111111, sa_flags=SA_RESTART|SA_SIGINFO


---------------  S Y S T E M  ---------------

OS:Bsduname:Darwin 16.4.0 Darwin Kernel Version 16.4.0: Thu Dec 22 22:53:21 PST 2016; root:xnu-3789.41.3~3/RELEASE_X86_64 x86_64
rlimit: STACK 8192k, CORE 0k, NPROC 709, NOFILE 10240, AS infinity
load average:2.69 3.13 3.06

CPU:total 4 (2 cores per cpu, 2 threads per core) family 6 model 61 stepping 4, cmov, cx8, fxsr, mmx, sse, sse2, sse3, ssse3, sse4.1, sse4.2, popcnt, avx, avx2, aes, clmul, erms, 3dnowpref, lzcnt, ht, tsc, tscinvbit, bmi1, bmi2, adx

Memory: 4k page, physical 8388608k(82380k free)

/proc/meminfo:


vm_info: Java HotSpot(TM) 64-Bit Server VM (25.101-b13) for bsd-amd64 JRE (1.8.0_101-b13), built on Jun 22 2016 02:42:15 by "java_re" with gcc 4.2.1 (Based on Apple Inc. build 5658) (LLVM build 2336.11.00)

time: Tue Feb  7 15:51:29 2017
elapsed time: 15 seconds (0d 0h 0m 15s)

