#
# A fatal error has been detected by the Java Runtime Environment:
#
#  SIGSEGV (0xb) at pc=0x0000000103db8498, pid=90547, tid=0x0000000000000307
#
# JRE version: Java(TM) SE Runtime Environment (8.0_101-b13) (build 1.8.0_101-b13)
# Java VM: Java HotSpot(TM) 64-Bit Server VM (25.101-b13 mixed mode bsd-amd64 compressed oops)
# Problematic frame:
# V  [libjvm.dylib+0x486498]  SR_handler(int, __siginfo*, __darwin_ucontext*)+0x2e
#
# Failed to write core dump. Core dumps have been disabled. To enable core dumping, try "ulimit -c unlimited" before starting Java again
#
# If you would like to submit a bug report, please visit:
#   http://bugreport.java.com/bugreport/crash.jsp
#

---------------  T H R E A D  ---------------

Current thread is native thread

siginfo: si_signo: 11 (SIGSEGV), si_code: 1 (SEGV_MAPERR), si_addr: 0x0000000000000128

Registers:
RAX=0x0000000000000000, RBX=0x00007fff5cc1c7a0, RCX=0x00007fffa9547408, RDX=0x00007fff5cc1c7a0
RSP=0x00007fff5cc1c2d0, RBP=0x00007fff5cc1c300, RSI=0x00007fff5cc1c738, RDI=0x0000000000000103
R8 =0x00007fff5cc1c7a0, R9 =0x00000000ffffffff, R10=0x0000000000000c00, R11=0x0000000000000206
R12=0x0000000000000c00, R13=0x0000000000000000, R14=0x00007fff5cc1c738, R15=0x0000000000000002
RIP=0x0000000103db8498, EFLAGS=0x0000000000010202, ERR=0x0000000000000004
  TRAPNO=0x000000000000000e

Top of Stack: (sp=0x00007fff5cc1c2d0)
0x00007fff5cc1c2d0:   0000000000000000 00007fff5cc1c7a0
0x00007fff5cc1c2e0:   0000000000000c00 0000000000000000
0x00007fff5cc1c2f0:   00007fff5cc1c9d0 0000000000000d03
0x00007fff5cc1c300:   00007fff5cc1c310 00007fffa0907bba
0x00007fff5cc1c310:   00007fff5cc1c8a0 0000000000015c00
0x00007fff5cc1c320:   00015d00a5f9b958 00007fffa93dd2d0
0x00007fff5cc1c330:   0100001f00000085 00007fff8b1a3680
0x00007fff5cc1c340:   0000000010004005 00000000ffffffff
0x00007fff5cc1c350:   00007fff5cc1c858 0000000000000000
0x00007fff5cc1c360:   00007fff5cc1c9d0 0000000007000806
0x00007fff5cc1c370:   00007fff5cc1c8a0 00007fff5cc1c858
0x00007fff5cc1c380:   0000000000000d03 00000000ffffffff
0x00007fff5cc1c390:   0000000000000c00 0000000000000206
0x00007fff5cc1c3a0:   0000000000000c00 0000000000000000
0x00007fff5cc1c3b0:   00007fff5cc1c9d0 0000000000000d03
0x00007fff5cc1c3c0:   000000010382138a 0000000000000206
0x00007fff5cc1c3d0:   0000000000000007 0000000000000000
0x00007fff5cc1c3e0:   0000000000000000 0000000000000000
0x00007fff5cc1c3f0:   000000000000037f 0000000000000000
0x00007fff5cc1c400:   0000000000000000 0000ffff00001fa0
0x00007fff5cc1c410:   0000000000000000 000000000000ffff
0x00007fff5cc1c420:   0000000000000100 000000000000ffff
0x00007fff5cc1c430:   0000000000000000 0000000000000000
0x00007fff5cc1c440:   0000000000000000 0000000000000000
0x00007fff5cc1c450:   87bc000000000000 000000000000c00b
0x00007fff5cc1c460:   0000000000000000 0000000000000000
0x00007fff5cc1c470:   8000000000000000 0000000000004007
0x00007fff5cc1c480:   c060000000000000 000000000000400a
0x00007fff5cc1c490:   41be49e97a2cf0b7 0000000000000000
0x00007fff5cc1c4a0:   3fc6785b5b70691e 0000000000000000
0x00007fff5cc1c4b0:   0000000000000010 00000000000fc080
0x00007fff5cc1c4c0:   0000000000000000 0000000000000000 

Instructions: (pc=0x0000000103db8498)
0x0000000103db8478:   83 ec 08 48 89 d3 49 89 f6 e8 00 26 14 00 44 8b
0x0000000103db8488:   38 48 8d 05 20 cd 3a 00 48 63 38 e8 ca 28 14 00
0x0000000103db8498:   4c 8b a0 28 01 00 00 41 83 7c 24 34 01 0f 85 e2
0x0000000103db84a8:   00 00 00 49 89 5c 24 40 4d 89 74 24 38 49 8d 5c 

Register to memory mapping:

RAX=0x0000000000000000 is an unknown value
RBX=0x00007fff5cc1c7a0 is an unknown value
RCX=0x00007fffa9547408: _thread+0x48 in /usr/lib/system/libsystem_pthread.dylib at 0x00007fffa090e000
RDX=0x00007fff5cc1c7a0 is an unknown value
RSP=0x00007fff5cc1c2d0 is an unknown value
RBP=0x00007fff5cc1c300 is an unknown value
RSI=0x00007fff5cc1c738 is an unknown value
RDI=0x0000000000000103 is an unknown value
R8 =0x00007fff5cc1c7a0 is an unknown value
R9 =0x00000000ffffffff is an unknown value
R10=0x0000000000000c00 is an unknown value
R11=0x0000000000000206 is an unknown value
R12=0x0000000000000c00 is an unknown value
R13=0x0000000000000000 is an unknown value
R14=0x00007fff5cc1c738 is an unknown value
R15=0x0000000000000002 is an unknown value


Stack: [0x00007fff5c421000,0x00007fff5cc21000],  sp=0x00007fff5cc1c2d0,  free space=8172k
Native frames: (J=compiled Java code, j=interpreted, Vv=VM code, C=native code)
V  [libjvm.dylib+0x486498]  SR_handler(int, __siginfo*, __darwin_ucontext*)+0x2e
C  [libsystem_platform.dylib+0x2bba]  _sigtramp+0x1a
C  0x0000000000015c00
C  [CoreFoundation+0x88c94]  __CFRunLoopServiceMachPort+0xd4
C  [CoreFoundation+0x88121]  __CFRunLoopRun+0x551
C  [CoreFoundation+0x87974]  CFRunLoopRunSpecific+0x1a4
C  [java+0x6465]  CreateExecutionEnvironment+0x367
C  [java+0x218c]  JLI_Launch+0x7a0
C  [java+0x84c2]  main+0x65
C  [java+0x19e4]  start+0x34


---------------  P R O C E S S  ---------------

VM state:not at safepoint (normal execution)

VM Mutex/Monitor currently owned by a thread: None

Heap:
 PSYoungGen      total 103936K, used 17522K [0x0000000795580000, 0x000000079dc80000, 0x00000007c0000000)
  eden space 88064K, 19% used [0x0000000795580000,0x000000079669caf8,0x000000079ab80000)
  from space 15872K, 0% used [0x000000079bb80000,0x000000079bb80000,0x000000079cb00000)
  to   space 16384K, 0% used [0x000000079ab80000,0x000000079ab80000,0x000000079bb80000)
 ParOldGen       total 92160K, used 26136K [0x0000000740000000, 0x0000000745a00000, 0x0000000795580000)
  object space 92160K, 28% used [0x0000000740000000,0x0000000741986080,0x0000000745a00000)
 Metaspace       used 34860K, capacity 35808K, committed 35928K, reserved 1079296K
  class space    used 4836K, capacity 5234K, committed 5248K, reserved 1048576K

Card table byte_map: [0x00000001055c0000,0x00000001059c1000] byte_map_base: 0x0000000101bc0000

Marking Bits: (ParMarkBitMap*) 0x000000010421fd20
 Begin Bits: [0x0000000105c6c000, 0x0000000107c6c000)
 End Bits:   [0x0000000107c6c000, 0x0000000109c6c000)

Polling page: 0x0000000103005000

CodeCache: size=245760Kb used=10305Kb max_used=10319Kb free=235454Kb
 bounds [0x000000010b07d000, 0x000000010ba9d000, 0x000000011a07d000]
 total_blobs=3641 nmethods=2991 adapters=563
 compilation: enabled

Compilation events (10 events):
Event: 7.909 Thread 0x00007fcab5863800 nmethod 3048 0x000000010ba69e90 code [0x000000010ba6a000, 0x000000010ba6a188]
Event: 7.909 Thread 0x00007fcab5863800 3049   !   2       org.gradle.internal.service.DefaultServiceRegistry$FactoryService::bind (239 bytes)
Event: 7.912 Thread 0x00007fcab5863800 nmethod 3049 0x000000010ba66a50 code [0x000000010ba66e00, 0x000000010ba683f8]
Event: 7.912 Thread 0x00007fcab5863800 3051       2       com.google.common.collect.AbstractMapBasedMultimap::access$100 (6 bytes)
Event: 7.912 Thread 0x00007fcab5863800 nmethod 3051 0x000000010ba66550 code [0x000000010ba666e0, 0x000000010ba66918]
Event: 7.912 Thread 0x00007fcab5863800 3052       2       com.google.common.collect.AbstractMapBasedMultimap::iteratorOrListIterator (26 bytes)
Event: 7.912 Thread 0x00007fcab5863800 nmethod 3052 0x000000010ba66090 code [0x000000010ba66220, 0x000000010ba66478]
Event: 7.912 Thread 0x00007fcab5863800 3053       2       com.google.common.collect.LinkedHashMultimap$ValueSet::iterator (9 bytes)
Event: 7.922 Thread 0x00007fcab5863800 nmethod 3053 0x000000010ba65c90 code [0x000000010ba65e00, 0x000000010ba65ff0]
Event: 7.923 Thread 0x00007fcab5863800 3050       2       org.gradle.internal.service.DefaultServiceRegistry$FactoryMethodService::getParameterTypes (8 bytes)

GC Heap History (10 events):
Event: 5.031 GC heap before
{Heap before GC invocations=8 (full 1):
 PSYoungGen      total 51712K, used 51554K [0x0000000795580000, 0x000000079a380000, 0x00000007c0000000)
  eden space 48128K, 100% used [0x0000000795580000,0x0000000798480000,0x0000000798480000)
  from space 3584K, 95% used [0x000000079a000000,0x000000079a358818,0x000000079a380000)
  to   space 10240K, 0% used [0x0000000798f80000,0x0000000798f80000,0x0000000799980000)
 ParOldGen       total 64000K, used 8902K [0x0000000740000000, 0x0000000743e80000, 0x0000000795580000)
  object space 64000K, 13% used [0x0000000740000000,0x00000007408b19e8,0x0000000743e80000)
 Metaspace       used 26601K, capacity 27438K, committed 27776K, reserved 1073152K
  class space    used 3569K, capacity 3879K, committed 3968K, reserved 1048576K
Event: 5.047 GC heap after
Heap after GC invocations=8 (full 1):
 PSYoungGen      total 69632K, used 6387K [0x0000000795580000, 0x000000079ad00000, 0x00000007c0000000)
  eden space 59392K, 0% used [0x0000000795580000,0x0000000795580000,0x0000000798f80000)
  from space 10240K, 62% used [0x0000000798f80000,0x00000007995bcfc8,0x0000000799980000)
  to   space 9728K, 0% used [0x000000079a380000,0x000000079a380000,0x000000079ad00000)
 ParOldGen       total 64000K, used 8974K [0x0000000740000000, 0x0000000743e80000, 0x0000000795580000)
  object space 64000K, 14% used [0x0000000740000000,0x00000007408c39f8,0x0000000743e80000)
 Metaspace       used 26601K, capacity 27438K, committed 27776K, reserved 1073152K
  class space    used 3569K, capacity 3879K, committed 3968K, reserved 1048576K
}
Event: 6.204 GC heap before
{Heap before GC invocations=9 (full 1):
 PSYoungGen      total 69632K, used 65779K [0x0000000795580000, 0x000000079ad00000, 0x00000007c0000000)
  eden space 59392K, 100% used [0x0000000795580000,0x0000000798f80000,0x0000000798f80000)
  from space 10240K, 62% used [0x0000000798f80000,0x00000007995bcfc8,0x0000000799980000)
  to   space 9728K, 0% used [0x000000079a380000,0x000000079a380000,0x000000079ad00000)
 ParOldGen       total 64000K, used 8974K [0x0000000740000000, 0x0000000743e80000, 0x0000000795580000)
  object space 64000K, 14% used [0x0000000740000000,0x00000007408c39f8,0x0000000743e80000)
 Metaspace       used 29814K, capacity 30634K, committed 30848K, reserved 1075200K
  class space    used 4091K, capacity 4389K, committed 4480K, reserved 1048576K
Event: 6.222 GC heap after
Heap after GC invocations=9 (full 1):
 PSYoungGen      total 77824K, used 9706K [0x0000000795580000, 0x000000079c180000, 0x00000007c0000000)
  eden space 68096K, 0% used [0x0000000795580000,0x0000000795580000,0x0000000799800000)
  from space 9728K, 99% used [0x000000079a380000,0x000000079acfa970,0x000000079ad00000)
  to   space 11776K, 0% used [0x0000000799800000,0x0000000799800000,0x000000079a380000)
 ParOldGen       total 64000K, used 11068K [0x0000000740000000, 0x0000000743e80000, 0x0000000795580000)
  object space 64000K, 17% used [0x0000000740000000,0x0000000740acf338,0x0000000743e80000)
 Metaspace       used 29814K, capacity 30634K, committed 30848K, reserved 1075200K
  class space    used 4091K, capacity 4389K, committed 4480K, reserved 1048576K
}
Event: 7.272 GC heap before
{Heap before GC invocations=10 (full 1):
 PSYoungGen      total 77824K, used 77802K [0x0000000795580000, 0x000000079c180000, 0x00000007c0000000)
  eden space 68096K, 100% used [0x0000000795580000,0x0000000799800000,0x0000000799800000)
  from space 9728K, 99% used [0x000000079a380000,0x000000079acfa970,0x000000079ad00000)
  to   space 11776K, 0% used [0x0000000799800000,0x0000000799800000,0x000000079a380000)
 ParOldGen       total 64000K, used 11068K [0x0000000740000000, 0x0000000743e80000, 0x0000000795580000)
  object space 64000K, 17% used [0x0000000740000000,0x0000000740acf338,0x0000000743e80000)
 Metaspace       used 34254K, capacity 35208K, committed 35416K, reserved 1079296K
  class space    used 4766K, capacity 5166K, committed 5248K, reserved 1048576K
Event: 7.296 GC heap after
Heap after GC invocations=10 (full 1):
 PSYoungGen      total 79872K, used 11776K [0x0000000795580000, 0x000000079cb00000, 0x00000007c0000000)
  eden space 68096K, 0% used [0x0000000795580000,0x0000000795580000,0x0000000799800000)
  from space 11776K, 100% used [0x0000000799800000,0x000000079a380000,0x000000079a380000)
  to   space 15872K, 0% used [0x000000079bb80000,0x000000079bb80000,0x000000079cb00000)
 ParOldGen       total 64000K, used 17717K [0x0000000740000000, 0x0000000743e80000, 0x0000000795580000)
  object space 64000K, 27% used [0x0000000740000000,0x000000074114d5d0,0x0000000743e80000)
 Metaspace       used 34254K, capacity 35208K, committed 35416K, reserved 1079296K
  class space    used 4766K, capacity 5166K, committed 5248K, reserved 1048576K
}
Event: 7.315 GC heap before
{Heap before GC invocations=11 (full 1):
 PSYoungGen      total 79872K, used 14503K [0x0000000795580000, 0x000000079cb00000, 0x00000007c0000000)
  eden space 68096K, 4% used [0x0000000795580000,0x0000000795829c00,0x0000000799800000)
  from space 11776K, 100% used [0x0000000799800000,0x000000079a380000,0x000000079a380000)
  to   space 15872K, 0% used [0x000000079bb80000,0x000000079bb80000,0x000000079cb00000)
 ParOldGen       total 64000K, used 17717K [0x0000000740000000, 0x0000000743e80000, 0x0000000795580000)
  object space 64000K, 27% used [0x0000000740000000,0x000000074114d5d0,0x0000000743e80000)
 Metaspace       used 34346K, capacity 35272K, committed 35416K, reserved 1079296K
  class space    used 4780K, capacity 5166K, committed 5248K, reserved 1048576K
Event: 7.342 GC heap after
Heap after GC invocations=11 (full 1):
 PSYoungGen      total 103936K, used 11968K [0x0000000795580000, 0x000000079dc80000, 0x00000007c0000000)
  eden space 88064K, 0% used [0x0000000795580000,0x0000000795580000,0x000000079ab80000)
  from space 15872K, 75% used [0x000000079bb80000,0x000000079c730000,0x000000079cb00000)
  to   space 16384K, 0% used [0x000000079ab80000,0x000000079ab80000,0x000000079bb80000)
 ParOldGen       total 64000K, used 17725K [0x0000000740000000, 0x0000000743e80000, 0x0000000795580000)
  object space 64000K, 27% used [0x0000000740000000,0x000000074114f5d0,0x0000000743e80000)
 Metaspace       used 34346K, capacity 35272K, committed 35416K, reserved 1079296K
  class space    used 4780K, capacity 5166K, committed 5248K, reserved 1048576K
}
Event: 7.342 GC heap before
{Heap before GC invocations=12 (full 2):
 PSYoungGen      total 103936K, used 11968K [0x0000000795580000, 0x000000079dc80000, 0x00000007c0000000)
  eden space 88064K, 0% used [0x0000000795580000,0x0000000795580000,0x000000079ab80000)
  from space 15872K, 75% used [0x000000079bb80000,0x000000079c730000,0x000000079cb00000)
  to   space 16384K, 0% used [0x000000079ab80000,0x000000079ab80000,0x000000079bb80000)
 ParOldGen       total 64000K, used 17725K [0x0000000740000000, 0x0000000743e80000, 0x0000000795580000)
  object space 64000K, 27% used [0x0000000740000000,0x000000074114f5d0,0x0000000743e80000)
 Metaspace       used 34346K, capacity 35272K, committed 35416K, reserved 1079296K
  class space    used 4780K, capacity 5166K, committed 5248K, reserved 1048576K
Event: 7.566 GC heap after
Heap after GC invocations=12 (full 2):
 PSYoungGen      total 103936K, used 0K [0x0000000795580000, 0x000000079dc80000, 0x00000007c0000000)
  eden space 88064K, 0% used [0x0000000795580000,0x0000000795580000,0x000000079ab80000)
  from space 15872K, 0% used [0x000000079bb80000,0x000000079bb80000,0x000000079cb00000)
  to   space 16384K, 0% used [0x000000079ab80000,0x000000079ab80000,0x000000079bb80000)
 ParOldGen       total 92160K, used 26136K [0x0000000740000000, 0x0000000745a00000, 0x0000000795580000)
  object space 92160K, 28% used [0x0000000740000000,0x0000000741986080,0x0000000745a00000)
 Metaspace       used 34346K, capacity 35272K, committed 35416K, reserved 1079296K
  class space    used 4780K, capacity 5166K, committed 5248K, reserved 1048576K
}

Deoptimization events (10 events):
Event: 3.780 Thread 0x00007fcab600c800 Uncommon trap: reason=bimorphic action=maybe_recompile pc=0x000000010b41d514 method=java.io.DataOutputStream.write([BII)V @ 7
Event: 4.005 Thread 0x00007fcab600c800 Uncommon trap: reason=unstable_if action=reinterpret pc=0x000000010b2fec20 method=java.net.URI.match(CJJ)Z @ 45
Event: 4.005 Thread 0x00007fcab600c800 Uncommon trap: reason=unstable_if action=reinterpret pc=0x000000010b20bd2c method=java.net.URI.match(CJJ)Z @ 19
Event: 4.006 Thread 0x00007fcab600c800 Uncommon trap: reason=unstable_if action=reinterpret pc=0x000000010b20486c method=java.net.URI.match(CJJ)Z @ 19
Event: 5.465 Thread 0x00007fcab600c800 Uncommon trap: reason=unstable_if action=reinterpret pc=0x000000010b351674 method=java.util.LinkedHashMap.afterNodeInsertion(Z)V @ 1
Event: 5.547 Thread 0x00007fcab600c800 Uncommon trap: reason=unstable_if action=reinterpret pc=0x000000010b351330 method=java.util.HashMap.hash(Ljava/lang/Object;)I @ 1
Event: 5.574 Thread 0x00007fcab600c800 Uncommon trap: reason=unstable_if action=reinterpret pc=0x000000010b34f7a8 method=java.util.HashMap.hash(Ljava/lang/Object;)I @ 1
Event: 6.571 Thread 0x00007fcab600c800 Uncommon trap: reason=unstable_if action=reinterpret pc=0x000000010b8fcdbc method=org.codehaus.groovy.reflection.CachedMethod.compareToMethod(Ljava/lang/reflect/Method;)I @ 111
Event: 7.060 Thread 0x00007fcab600c800 Uncommon trap: reason=unstable_if action=reinterpret pc=0x000000010b3a10e8 method=java.util.HashMap.hash(Ljava/lang/Object;)I @ 1
Event: 7.205 Thread 0x00007fcab600c800 Uncommon trap: reason=unstable_if action=reinterpret pc=0x000000010b3e10f4 method=java.lang.AbstractStringBuilder.append(Ljava/lang/String;)Ljava/lang/AbstractStringBuilder; @ 1

Internal exceptions (10 events):
Event: 7.153 Thread 0x00007fcab600c800 Exception <a 'java/lang/ClassNotFoundException': [Lcom/android/builder/profile/Recorder$Property;BeanInfo> (0x000000079951a1f0) thrown at [/HUDSON3/workspace/8-2-build-macosx-x86_64/jdk8u101/7261/hotspot/src/share/vm/prims/jni.cpp, line 735]
Event: 7.153 Thread 0x00007fcab600c800 Exception <a 'java/lang/ClassNotFoundException': [Lcom/android/builder/profile/Recorder$Property;BeanInfo> (0x000000079951ac38) thrown at [/HUDSON3/workspace/8-2-build-macosx-x86_64/jdk8u101/7261/hotspot/src/share/vm/prims/jni.cpp, line 735]
Event: 7.153 Thread 0x00007fcab600c800 Exception <a 'java/lang/ClassNotFoundException': [Lcom/android/builder/profile/Recorder$Property;Customizer> (0x000000079951b998) thrown at [/HUDSON3/workspace/8-2-build-macosx-x86_64/jdk8u101/7261/hotspot/src/share/vm/prims/jni.cpp, line 735]
Event: 7.153 Thread 0x00007fcab600c800 Exception <a 'java/lang/ClassNotFoundException': [Lcom/android/builder/profile/Recorder$Property;Customizer> (0x000000079951c3e8) thrown at [/HUDSON3/workspace/8-2-build-macosx-x86_64/jdk8u101/7261/hotspot/src/share/vm/prims/jni.cpp, line 735]
Event: 7.153 Thread 0x00007fcab600c800 Exception <a 'java/lang/ClassNotFoundException': [Lcom/android/builder/profile/Recorder$Property;Customizer> (0x000000079951ce38) thrown at [/HUDSON3/workspace/8-2-build-macosx-x86_64/jdk8u101/7261/hotspot/src/share/vm/prims/jni.cpp, line 735]
Event: 7.204 Thread 0x00007fcab600c800 Implicit null exception at 0x000000010b3e0bc2 to 0x000000010b3e10e5
Event: 7.891 Thread 0x00007fcab600c800 Exception <a 'java/lang/ClassNotFoundException': com/android/build/gradle/internal/tasks/PrepareLibraryTask_DecoratedBeanInfo> (0x000000079647bf68) thrown at [/HUDSON3/workspace/8-2-build-macosx-x86_64/jdk8u101/7261/hotspot/src/share/vm/classfile/systemDi
Event: 7.893 Thread 0x00007fcab600c800 Exception <a 'java/lang/ClassNotFoundException': com/android/build/gradle/internal/tasks/PrepareLibraryTaskBeanInfo> (0x0000000796490418) thrown at [/HUDSON3/workspace/8-2-build-macosx-x86_64/jdk8u101/7261/hotspot/src/share/vm/classfile/systemDictionary.c
Event: 7.893 Thread 0x00007fcab600c800 Exception <a 'java/lang/ClassNotFoundException': com/android/build/gradle/internal/tasks/PrepareLibraryTaskCustomizer> (0x00000007964a5460) thrown at [/HUDSON3/workspace/8-2-build-macosx-x86_64/jdk8u101/7261/hotspot/src/share/vm/classfile/systemDictionary
Event: 7.895 Thread 0x00007fcab600c800 Exception <a 'java/lang/ClassNotFoundException': com/android/build/gradle/internal/tasks/PrepareLibraryTask_DecoratedCustomizer> (0x00000007964fcc00) thrown at [/HUDSON3/workspace/8-2-build-macosx-x86_64/jdk8u101/7261/hotspot/src/share/vm/classfile/system

Events (10 events):
Event: 7.893 loading class com/android/build/gradle/internal/tasks/PrepareLibraryTaskCustomizer
Event: 7.893 loading class com/android/build/gradle/internal/tasks/PrepareLibraryTaskCustomizer done
Event: 7.894 loading class com/android/build/gradle/internal/tasks/PrepareLibraryTask_DecoratedCustomizer
Event: 7.894 loading class com/android/build/gradle/internal/tasks/PrepareLibraryTask_DecoratedCustomizer done
Event: 7.895 loading class com/android/build/gradle/internal/tasks/PrepareLibraryTask_DecoratedCustomizer
Event: 7.895 loading class com/android/build/gradle/internal/tasks/PrepareLibraryTask_DecoratedCustomizer done
Event: 7.895 loading class com/android/build/gradle/internal/tasks/PrepareLibraryTask_DecoratedCustomizer
Event: 7.895 loading class com/android/build/gradle/internal/tasks/PrepareLibraryTask_DecoratedCustomizer done
Event: 7.899 loading class org/gradle/api/tasks/OutputDirectory
Event: 7.899 loading class org/gradle/api/tasks/OutputDirectory done


Dynamic libraries:
0x0000000015df1000 	/System/Library/Frameworks/Cocoa.framework/Versions/A/Cocoa
0x0000000015df1000 	/System/Library/Frameworks/Security.framework/Versions/A/Security
0x0000000015df1000 	/System/Library/Frameworks/ApplicationServices.framework/Versions/A/ApplicationServices
0x0000000015df1000 	/usr/lib/libz.1.dylib
0x0000000102ffe000 	/usr/lib/libSystem.B.dylib
0x0000000015df1000 	/usr/lib/libobjc.A.dylib
0x0000000015df1000 	/System/Library/Frameworks/CoreFoundation.framework/Versions/A/CoreFoundation
0x0000000015df1000 	/System/Library/Frameworks/Foundation.framework/Versions/C/Foundation
0x0000000015df1000 	/System/Library/Frameworks/AppKit.framework/Versions/C/AppKit
0x0000000015df1000 	/System/Library/Frameworks/CoreData.framework/Versions/A/CoreData
0x0000000015df1000 	/System/Library/PrivateFrameworks/RemoteViewServices.framework/Versions/A/RemoteViewServices
0x0000000015df1000 	/System/Library/PrivateFrameworks/UIFoundation.framework/Versions/A/UIFoundation
0x0000000015df1000 	/System/Library/PrivateFrameworks/DFRFoundation.framework/Versions/A/DFRFoundation
0x0000000015df1000 	/usr/lib/libenergytrace.dylib
0x0000000015df1000 	/System/Library/PrivateFrameworks/SkyLight.framework/Versions/A/SkyLight
0x0000000015df1000 	/System/Library/Frameworks/CoreGraphics.framework/Versions/A/CoreGraphics
0x0000000015df1000 	/usr/lib/libScreenReader.dylib
0x0000000015df1000 	/System/Library/Frameworks/Accelerate.framework/Versions/A/Accelerate
0x0000000015df1000 	/System/Library/Frameworks/IOSurface.framework/Versions/A/IOSurface
0x0000000015df1000 	/System/Library/Frameworks/AudioToolbox.framework/Versions/A/AudioToolbox
0x0000000015df1000 	/System/Library/Frameworks/AudioUnit.framework/Versions/A/AudioUnit
0x0000000015df1000 	/System/Library/PrivateFrameworks/DataDetectorsCore.framework/Versions/A/DataDetectorsCore
0x0000000015df1000 	/System/Library/PrivateFrameworks/DesktopServicesPriv.framework/Versions/A/DesktopServicesPriv
0x0000000015df1000 	/System/Library/Frameworks/Carbon.framework/Versions/A/Frameworks/HIToolbox.framework/Versions/A/HIToolbox
0x0000000015df1000 	/usr/lib/libicucore.A.dylib
0x0000000015df1000 	/System/Library/Frameworks/QuartzCore.framework/Versions/A/QuartzCore
0x0000000015df1000 	/System/Library/Frameworks/Carbon.framework/Versions/A/Frameworks/SpeechRecognition.framework/Versions/A/SpeechRecognition
0x0000000015df1000 	/usr/lib/libauto.dylib
0x0000000015df1000 	/usr/lib/libxml2.2.dylib
0x0000000015df1000 	/System/Library/PrivateFrameworks/CoreUI.framework/Versions/A/CoreUI
0x0000000015df1000 	/System/Library/Frameworks/CoreAudio.framework/Versions/A/CoreAudio
0x0000000015df1000 	/System/Library/Frameworks/DiskArbitration.framework/Versions/A/DiskArbitration
0x0000000015df1000 	/usr/lib/liblangid.dylib
0x0000000015df1000 	/System/Library/PrivateFrameworks/MultitouchSupport.framework/Versions/A/MultitouchSupport
0x0000000103006000 	/System/Library/Frameworks/IOKit.framework/Versions/A/IOKit
0x0000000015df1000 	/usr/lib/libDiagnosticMessagesClient.dylib
0x0000000015df1000 	/System/Library/Frameworks/CoreServices.framework/Versions/A/CoreServices
0x0000000015df1000 	/System/Library/PrivateFrameworks/PerformanceAnalysis.framework/Versions/A/PerformanceAnalysis
0x0000000015df1000 	/System/Library/PrivateFrameworks/GenerationalStorage.framework/Versions/A/GenerationalStorage
0x0000000015df1000 	/System/Library/Frameworks/OpenGL.framework/Versions/A/OpenGL
0x0000000015df1000 	/System/Library/Frameworks/CoreImage.framework/Versions/A/CoreImage
0x0000000015df1000 	/System/Library/Frameworks/CoreText.framework/Versions/A/CoreText
0x0000000015df1000 	/System/Library/Frameworks/ImageIO.framework/Versions/A/ImageIO
0x0000000015df1000 	/System/Library/PrivateFrameworks/Backup.framework/Versions/A/Backup
0x0000000015df1000 	/usr/lib/libarchive.2.dylib
0x00000001030df000 	/System/Library/Frameworks/CFNetwork.framework/Versions/A/CFNetwork
0x0000000015df1000 	/System/Library/Frameworks/SystemConfiguration.framework/Versions/A/SystemConfiguration
0x0000000015df1000 	/usr/lib/libCRFSuite.dylib
0x0000000015df1000 	/usr/lib/libc++.1.dylib
0x0000000015df1000 	/usr/lib/libc++abi.dylib
0x0000000015df1000 	/usr/lib/system/libcache.dylib
0x0000000015df1000 	/usr/lib/system/libcommonCrypto.dylib
0x0000000015df1000 	/usr/lib/system/libcompiler_rt.dylib
0x0000000015df1000 	/usr/lib/system/libcopyfile.dylib
0x0000000015df1000 	/usr/lib/system/libcorecrypto.dylib
0x0000000015df1000 	/usr/lib/system/libdispatch.dylib
0x00000001037d0000 	/usr/lib/system/libdyld.dylib
0x0000000015df1000 	/usr/lib/system/libkeymgr.dylib
0x0000000015df1000 	/usr/lib/system/liblaunch.dylib
0x0000000015df1000 	/usr/lib/system/libmacho.dylib
0x0000000015df1000 	/usr/lib/system/libquarantine.dylib
0x0000000015df1000 	/usr/lib/system/libremovefile.dylib
0x0000000015df1000 	/usr/lib/system/libsystem_asl.dylib
0x0000000015df1000 	/usr/lib/system/libsystem_blocks.dylib
0x0000000015df1000 	/usr/lib/system/libsystem_c.dylib
0x0000000015df1000 	/usr/lib/system/libsystem_configuration.dylib
0x0000000015df1000 	/usr/lib/system/libsystem_coreservices.dylib
0x00000001037e4000 	/usr/lib/system/libsystem_coretls.dylib
0x0000000015df1000 	/usr/lib/system/libsystem_dnssd.dylib
0x0000000015df1000 	/usr/lib/system/libsystem_info.dylib
0x000000010380f000 	/usr/lib/system/libsystem_kernel.dylib
0x0000000015df1000 	/usr/lib/system/libsystem_m.dylib
0x0000000015df1000 	/usr/lib/system/libsystem_malloc.dylib
0x0000000015df1000 	/usr/lib/system/libsystem_network.dylib
0x000000010384d000 	/usr/lib/system/libsystem_networkextension.dylib
0x0000000015df1000 	/usr/lib/system/libsystem_notify.dylib
0x0000000015df1000 	/usr/lib/system/libsystem_platform.dylib
0x0000000015df1000 	/usr/lib/system/libsystem_pthread.dylib
0x0000000103869000 	/usr/lib/system/libsystem_sandbox.dylib
0x0000000015df1000 	/usr/lib/system/libsystem_secinit.dylib
0x0000000103875000 	/usr/lib/system/libsystem_symptoms.dylib
0x0000000103888000 	/usr/lib/system/libsystem_trace.dylib
0x0000000015df1000 	/usr/lib/system/libunwind.dylib
0x0000000015df1000 	/usr/lib/system/libxpc.dylib
0x0000000015df1000 	/usr/lib/libbsm.0.dylib
0x00000001038c4000 	/usr/lib/system/libkxld.dylib
0x0000000015df1000 	/usr/lib/libcoretls.dylib
0x0000000015df1000 	/usr/lib/libcoretls_cfhelpers.dylib
0x0000000015df1000 	/usr/lib/libxar.1.dylib
0x0000000015df1000 	/usr/lib/libsqlite3.dylib
0x0000000015df1000 	/usr/lib/libpam.2.dylib
0x0000000015df1000 	/usr/lib/libOpenScriptingUtil.dylib
0x0000000015df1000 	/usr/lib/libbz2.1.0.dylib
0x0000000015df1000 	/usr/lib/liblzma.5.dylib
0x0000000015df1000 	/usr/lib/libnetwork.dylib
0x0000000015df1000 	/usr/lib/libpcap.A.dylib
0x0000000015df1000 	/System/Library/Frameworks/CoreServices.framework/Versions/A/Frameworks/FSEvents.framework/Versions/A/FSEvents
0x0000000015df1000 	/System/Library/Frameworks/CoreServices.framework/Versions/A/Frameworks/CarbonCore.framework/Versions/A/CarbonCore
0x0000000015df1000 	/System/Library/Frameworks/CoreServices.framework/Versions/A/Frameworks/Metadata.framework/Versions/A/Metadata
0x0000000015df1000 	/System/Library/Frameworks/CoreServices.framework/Versions/A/Frameworks/OSServices.framework/Versions/A/OSServices
0x0000000015df1000 	/System/Library/Frameworks/CoreServices.framework/Versions/A/Frameworks/SearchKit.framework/Versions/A/SearchKit
0x0000000015df1000 	/System/Library/Frameworks/CoreServices.framework/Versions/A/Frameworks/AE.framework/Versions/A/AE
0x0000000015df1000 	/System/Library/Frameworks/CoreServices.framework/Versions/A/Frameworks/LaunchServices.framework/Versions/A/LaunchServices
0x0000000015df1000 	/System/Library/Frameworks/CoreServices.framework/Versions/A/Frameworks/DictionaryServices.framework/Versions/A/DictionaryServices
0x0000000015df1000 	/System/Library/Frameworks/CoreServices.framework/Versions/A/Frameworks/SharedFileList.framework/Versions/A/SharedFileList
0x0000000015df1000 	/System/Library/Frameworks/NetFS.framework/Versions/A/NetFS
0x0000000015df1000 	/System/Library/PrivateFrameworks/NetAuth.framework/Versions/A/NetAuth
0x0000000015df1000 	/System/Library/PrivateFrameworks/login.framework/Versions/A/Frameworks/loginsupport.framework/Versions/A/loginsupport
0x0000000015df1000 	/System/Library/PrivateFrameworks/TCC.framework/Versions/A/TCC
0x0000000015df1000 	/usr/lib/libmecabra.dylib
0x0000000015df1000 	/System/Library/Frameworks/ApplicationServices.framework/Versions/A/Frameworks/ATS.framework/Versions/A/ATS
0x0000000015df1000 	/System/Library/Frameworks/ApplicationServices.framework/Versions/A/Frameworks/ColorSync.framework/Versions/A/ColorSync
0x0000000015df1000 	/System/Library/Frameworks/ApplicationServices.framework/Versions/A/Frameworks/HIServices.framework/Versions/A/HIServices
0x0000000015df1000 	/System/Library/Frameworks/ApplicationServices.framework/Versions/A/Frameworks/LangAnalysis.framework/Versions/A/LangAnalysis
0x0000000015df1000 	/System/Library/Frameworks/ApplicationServices.framework/Versions/A/Frameworks/PrintCore.framework/Versions/A/PrintCore
0x0000000015df1000 	/System/Library/Frameworks/ApplicationServices.framework/Versions/A/Frameworks/QD.framework/Versions/A/QD
0x0000000015df1000 	/System/Library/Frameworks/ApplicationServices.framework/Versions/A/Frameworks/SpeechSynthesis.framework/Versions/A/SpeechSynthesis
0x0000000015df1000 	/System/Library/Frameworks/Accelerate.framework/Versions/A/Frameworks/vImage.framework/Versions/A/vImage
0x0000000015df1000 	/System/Library/Frameworks/Accelerate.framework/Versions/A/Frameworks/vecLib.framework/Versions/A/vecLib
0x0000000015df1000 	/System/Library/Frameworks/Accelerate.framework/Versions/A/Frameworks/vecLib.framework/Versions/A/libvDSP.dylib
0x0000000015df1000 	/System/Library/Frameworks/Accelerate.framework/Versions/A/Frameworks/vecLib.framework/Versions/A/libBNNS.dylib
0x0000000015df1000 	/System/Library/Frameworks/Accelerate.framework/Versions/A/Frameworks/vecLib.framework/Versions/A/libQuadrature.dylib
0x0000000015df1000 	/System/Library/Frameworks/Accelerate.framework/Versions/A/Frameworks/vecLib.framework/Versions/A/libvMisc.dylib
0x0000000015df1000 	/System/Library/Frameworks/Accelerate.framework/Versions/A/Frameworks/vecLib.framework/Versions/A/libLAPACK.dylib
0x0000000015df1000 	/System/Library/Frameworks/Accelerate.framework/Versions/A/Frameworks/vecLib.framework/Versions/A/libBLAS.dylib
0x0000000015df1000 	/System/Library/Frameworks/Accelerate.framework/Versions/A/Frameworks/vecLib.framework/Versions/A/libLinearAlgebra.dylib
0x0000000015df1000 	/System/Library/Frameworks/Accelerate.framework/Versions/A/Frameworks/vecLib.framework/Versions/A/libSparseBLAS.dylib
0x0000000015df1000 	/System/Library/Frameworks/ApplicationServices.framework/Versions/A/Frameworks/ATS.framework/Versions/A/Resources/libFontParser.dylib
0x0000000015df1000 	/System/Library/Frameworks/ApplicationServices.framework/Versions/A/Frameworks/ATS.framework/Versions/A/Resources/libFontRegistry.dylib
0x0000000015df1000 	/System/Library/Frameworks/ImageIO.framework/Versions/A/Resources/libJPEG.dylib
0x0000000015df1000 	/System/Library/Frameworks/ImageIO.framework/Versions/A/Resources/libTIFF.dylib
0x0000000015df1000 	/System/Library/Frameworks/ImageIO.framework/Versions/A/Resources/libPng.dylib
0x0000000015df1000 	/System/Library/Frameworks/ImageIO.framework/Versions/A/Resources/libGIF.dylib
0x0000000015df1000 	/System/Library/Frameworks/ImageIO.framework/Versions/A/Resources/libJP2.dylib
0x0000000015df1000 	/System/Library/Frameworks/ImageIO.framework/Versions/A/Resources/libRadiance.dylib
0x0000000015df1000 	/usr/lib/libcompression.dylib
0x0000000015df1000 	/System/Library/PrivateFrameworks/AppleJPEG.framework/Versions/A/AppleJPEG
0x0000000015df1000 	/usr/lib/libcups.2.dylib
0x0000000015df1000 	/System/Library/Frameworks/Kerberos.framework/Versions/A/Kerberos
0x0000000015df1000 	/System/Library/Frameworks/GSS.framework/Versions/A/GSS
0x0000000015df1000 	/usr/lib/libresolv.9.dylib
0x0000000015df1000 	/usr/lib/libiconv.2.dylib
0x0000000015df1000 	/System/Library/PrivateFrameworks/Heimdal.framework/Versions/A/Heimdal
0x0000000015df1000 	/usr/lib/libheimdal-asn1.dylib
0x0000000015df1000 	/System/Library/Frameworks/OpenDirectory.framework/Versions/A/OpenDirectory
0x0000000015df1000 	/System/Library/PrivateFrameworks/CommonAuth.framework/Versions/A/CommonAuth
0x0000000015df1000 	/System/Library/Frameworks/OpenDirectory.framework/Versions/A/Frameworks/CFOpenDirectory.framework/Versions/A/CFOpenDirectory
0x0000000015df1000 	/System/Library/Frameworks/SecurityFoundation.framework/Versions/A/SecurityFoundation
0x0000000015df1000 	/System/Library/PrivateFrameworks/LanguageModeling.framework/Versions/A/LanguageModeling
0x0000000015df1000 	/usr/lib/libmarisa.dylib
0x0000000015df1000 	/usr/lib/libChineseTokenizer.dylib
0x0000000015df1000 	/usr/lib/libcmph.dylib
0x0000000015df1000 	/System/Library/PrivateFrameworks/CoreEmoji.framework/Versions/A/CoreEmoji
0x0000000015df1000 	/System/Library/Frameworks/ServiceManagement.framework/Versions/A/ServiceManagement
0x0000000015df1000 	/usr/lib/libxslt.1.dylib
0x0000000015df1000 	/System/Library/Frameworks/Carbon.framework/Versions/A/Frameworks/Ink.framework/Versions/A/Ink
0x0000000015df1000 	/System/Library/PrivateFrameworks/TextureIO.framework/Versions/A/TextureIO
0x0000000015df1000 	/System/Library/Frameworks/Metal.framework/Versions/A/Metal
0x0000000015df1000 	/usr/lib/libate.dylib
0x0000000015df1000 	/System/Library/PrivateFrameworks/GPUCompiler.framework/libmetal_timestamp.dylib
0x0000000015df1000 	/System/Library/Frameworks/OpenGL.framework/Versions/A/Libraries/libCoreFSCache.dylib
0x0000000015df1000 	/System/Library/PrivateFrameworks/IOAccelerator.framework/Versions/A/IOAccelerator
0x0000000015df1000 	/System/Library/Frameworks/CoreVideo.framework/Versions/A/CoreVideo
0x0000000015df1000 	/usr/lib/libFosl_dynamic.dylib
0x0000000015df1000 	/System/Library/PrivateFrameworks/MetalPerformanceShaders.framework/Versions/A/MetalPerformanceShaders
0x0000000015df1000 	/System/Library/PrivateFrameworks/FaceCore.framework/Versions/A/FaceCore
0x0000000015df1000 	/System/Library/Frameworks/OpenCL.framework/Versions/A/OpenCL
0x0000000015df1000 	/System/Library/Frameworks/OpenGL.framework/Versions/A/Libraries/libGLU.dylib
0x0000000015df1000 	/System/Library/Frameworks/OpenGL.framework/Versions/A/Libraries/libGFXShared.dylib
0x0000000015df1000 	/System/Library/Frameworks/OpenGL.framework/Versions/A/Libraries/libGL.dylib
0x0000000015df1000 	/System/Library/Frameworks/OpenGL.framework/Versions/A/Libraries/libGLImage.dylib
0x0000000015df1000 	/System/Library/Frameworks/OpenGL.framework/Versions/A/Libraries/libCVMSPluginSupport.dylib
0x0000000015df1000 	/System/Library/Frameworks/OpenGL.framework/Versions/A/Libraries/libCoreVMClient.dylib
0x0000000015df1000 	/System/Library/PrivateFrameworks/CrashReporterSupport.framework/Versions/A/CrashReporterSupport
0x0000000015df1000 	/System/Library/PrivateFrameworks/Sharing.framework/Versions/A/Sharing
0x0000000015df1000 	/System/Library/PrivateFrameworks/IconServices.framework/Versions/A/IconServices
0x0000000015df1000 	/System/Library/PrivateFrameworks/ProtocolBuffer.framework/Versions/A/ProtocolBuffer
0x0000000015df1000 	/System/Library/PrivateFrameworks/Apple80211.framework/Versions/A/Apple80211
0x0000000015df1000 	/System/Library/Frameworks/CoreWLAN.framework/Versions/A/CoreWLAN
0x0000000015df1000 	/System/Library/PrivateFrameworks/CoreUtils.framework/Versions/A/CoreUtils
0x0000000015df1000 	/System/Library/Frameworks/IOBluetooth.framework/Versions/A/IOBluetooth
0x0000000015df1000 	/System/Library/PrivateFrameworks/CoreWiFi.framework/Versions/A/CoreWiFi
0x0000000015df1000 	/System/Library/Frameworks/CoreBluetooth.framework/Versions/A/CoreBluetooth
0x0000000015df1000 	/System/Library/Frameworks/CoreDisplay.framework/Versions/A/CoreDisplay
0x0000000015df1000 	/System/Library/PrivateFrameworks/IOPresentment.framework/Versions/A/IOPresentment
0x0000000015df1000 	/System/Library/PrivateFrameworks/DebugSymbols.framework/Versions/A/DebugSymbols
0x0000000015df1000 	/System/Library/PrivateFrameworks/CoreSymbolication.framework/Versions/A/CoreSymbolication
0x0000000015df1000 	/System/Library/PrivateFrameworks/Symbolication.framework/Versions/A/Symbolication
0x0000000015df1000 	/System/Library/PrivateFrameworks/AppleFSCompression.framework/Versions/A/AppleFSCompression
0x0000000015df1000 	/System/Library/PrivateFrameworks/SpeechRecognitionCore.framework/Versions/A/SpeechRecognitionCore
0x0000000015df1000 	/System/Library/PrivateFrameworks/ChunkingLibrary.framework/Versions/A/ChunkingLibrary
0x0000000103932000 	/Library/Java/JavaVirtualMachines/jdk1.8.0_101.jdk/Contents/Home/jre/lib/server/libjvm.dylib
0x0000000015df1000 	/usr/lib/libstdc++.6.dylib
0x00000001048cf000 	/Library/Java/JavaVirtualMachines/jdk1.8.0_101.jdk/Contents/Home/jre/lib/libverify.dylib
0x00000001048dd000 	/Library/Java/JavaVirtualMachines/jdk1.8.0_101.jdk/Contents/Home/jre/lib/libjava.dylib
0x000000010491a000 	/Library/Java/JavaVirtualMachines/jdk1.8.0_101.jdk/Contents/Home/jre/lib/libzip.dylib
0x000000010af98000 	/System/Library/Frameworks/JavaVM.framework/Frameworks/JavaRuntimeSupport.framework/JavaRuntimeSupport
0x000000010afb2000 	/System/Library/Frameworks/JavaVM.framework/Versions/A/Frameworks/JavaNativeFoundation.framework/Versions/A/JavaNativeFoundation
0x00000001049ee000 	/System/Library/Frameworks/JavaVM.framework/Versions/A/JavaVM
0x0000000015df1000 	/System/Library/Frameworks/Carbon.framework/Versions/A/Carbon
0x000000010afc7000 	/System/Library/PrivateFrameworks/JavaLaunching.framework/Versions/A/JavaLaunching
0x0000000015df1000 	/System/Library/Frameworks/Carbon.framework/Versions/A/Frameworks/CommonPanels.framework/Versions/A/CommonPanels
0x0000000015df1000 	/System/Library/Frameworks/Carbon.framework/Versions/A/Frameworks/Help.framework/Versions/A/Help
0x0000000015df1000 	/System/Library/Frameworks/Carbon.framework/Versions/A/Frameworks/ImageCapture.framework/Versions/A/ImageCapture
0x0000000015df1000 	/System/Library/Frameworks/Carbon.framework/Versions/A/Frameworks/OpenScripting.framework/Versions/A/OpenScripting
0x0000000015df1000 	/System/Library/Frameworks/Carbon.framework/Versions/A/Frameworks/Print.framework/Versions/A/Print
0x0000000015df1000 	/System/Library/Frameworks/Carbon.framework/Versions/A/Frameworks/SecurityHI.framework/Versions/A/SecurityHI
0x000000011c48a000 	/Library/Java/JavaVirtualMachines/jdk1.8.0_101.jdk/Contents/Home/jre/lib/libnet.dylib
0x000000011c4e9000 	/Library/Java/JavaVirtualMachines/jdk1.8.0_101.jdk/Contents/Home/jre/lib/libnio.dylib
0x000000011c896000 	/Users/elchroy/.gradle/native/19/osx-amd64/libnative-platform.dylib
0x000000011c89b000 	/Users/elchroy/.gradle/native/19/osx-amd64/libnative-platform-curses.dylib
0x0000000015df1000 	/usr/lib/libncurses.5.4.dylib
0x000000011c89f000 	/private/var/folders/3j/p0_wzk9d1ns47ybk3ng5x3w80000gn/T/jna5873944075196393017.tmp
0x000000011c8b4000 	/Library/Java/JavaVirtualMachines/jdk1.8.0_101.jdk/Contents/Home/jre/lib/libmanagement.dylib

VM Arguments:
jvm_args: -Dorg.gradle.appname=gradlew 
java_command: org.gradle.wrapper.GradleWrapperMain installDebug
java_class_path (initial): /Users/elchroy/Roy/Code/rubyment/roymobile/android/gradle/wrapper/gradle-wrapper.jar
Launcher Type: SUN_STANDARD

Environment Variables:
PATH=/usr/local/opt/nvm/versions/node/v6.3.0/lib/node_modules/npm/bin/node-gyp-bin:/Users/elchroy/Roy/Code/rubyment/roymobile/node_modules/.bin:/usr/local/opt/nvm/versions/node/v6.3.0/bin:/Users/elchroy/.rvm/gems/ruby-2.3.0/bin:/Users/elchroy/.rvm/gems/ruby-2.3.0@global/bin:/Users/elchroy/.rvm/rubies/ruby-2.3.0/bin:/usr/local/opt/nvm/versions/node/v6.3.0/bin:/usr/local/mysql/bin:/usr/local/share/python:/usr/local/bin:/usr/bin:/bin:/usr/sbin:/sbin:/Users/elchroy/golang/src/github.com/andela/bin:/usr/local/opt/go/libexec/bin:/Users/elchroy/.rvm/bin:/Users/elchroy/Library/Android/sdk/tools:/Users/elchroy/Library/Android/sdk/platform-tools
SHELL=/bin/zsh

Signal Handlers:
SIGSEGV: [libjvm.dylib+0x5af145], sa_mask[0]=11111111011111110111111111111111, sa_flags=SA_ONSTACK|SA_RESTART|SA_SIGINFO
SIGBUS: [libjvm.dylib+0x5af145], sa_mask[0]=11111111011111110111111111111111, sa_flags=SA_RESTART|SA_SIGINFO
SIGFPE: [libjvm.dylib+0x48694c], sa_mask[0]=11111111011111110111111111111111, sa_flags=SA_RESTART|SA_SIGINFO
SIGPIPE: [libjvm.dylib+0x48694c], sa_mask[0]=11111111011111110111111111111111, sa_flags=SA_RESTART|SA_SIGINFO
SIGXFSZ: [libjvm.dylib+0x48694c], sa_mask[0]=11111111011111110111111111111111, sa_flags=SA_RESTART|SA_SIGINFO
SIGILL: [libjvm.dylib+0x48694c], sa_mask[0]=11111111011111110111111111111111, sa_flags=SA_RESTART|SA_SIGINFO
SIGUSR1: SIG_DFL, sa_mask[0]=11111111011111110111111111111111, sa_flags=none
SIGUSR2: [libjvm.dylib+0x48646a], sa_mask[0]=00000000000000000000000000000000, sa_flags=SA_RESTART|SA_SIGINFO
SIGHUP: [libjvm.dylib+0x484a41], sa_mask[0]=11111111011111110111111111111111, sa_flags=SA_RESTART|SA_SIGINFO
SIGINT: [libjvm.dylib+0x484a41], sa_mask[0]=11111111011111110111111111111111, sa_flags=SA_RESTART|SA_SIGINFO
SIGTERM: [libjvm.dylib+0x484a41], sa_mask[0]=11111111011111110111111111111111, sa_flags=SA_RESTART|SA_SIGINFO
SIGQUIT: [libjvm.dylib+0x484a41], sa_mask[0]=11111111011111110111111111111111, sa_flags=SA_RESTART|SA_SIGINFO


---------------  S Y S T E M  ---------------

OS:Bsduname:Darwin 16.4.0 Darwin Kernel Version 16.4.0: Thu Dec 22 22:53:21 PST 2016; root:xnu-3789.41.3~3/RELEASE_X86_64 x86_64
rlimit: STACK 8192k, CORE 0k, NPROC 709, NOFILE 10240, AS infinity
load average:4.24 4.32 4.49

CPU:total 4 (2 cores per cpu, 2 threads per core) family 6 model 61 stepping 4, cmov, cx8, fxsr, mmx, sse, sse2, sse3, ssse3, sse4.1, sse4.2, popcnt, avx, avx2, aes, clmul, erms, 3dnowpref, lzcnt, ht, tsc, tscinvbit, bmi1, bmi2, adx

Memory: 4k page, physical 8388608k(182952k free)

/proc/meminfo:


vm_info: Java HotSpot(TM) 64-Bit Server VM (25.101-b13) for bsd-amd64 JRE (1.8.0_101-b13), built on Jun 22 2016 02:42:15 by "java_re" with gcc 4.2.1 (Based on Apple Inc. build 5658) (LLVM build 2336.11.00)

time: Tue Feb  7 12:39:46 2017
elapsed time: 7 seconds (0d 0h 0m 7s)

