#
# A fatal error has been detected by the Java Runtime Environment:
#
#  SIGSEGV (0xb) at pc=0x000000010f286498, pid=12241, tid=0x0000000000000307
#
# JRE version: Java(TM) SE Runtime Environment (8.0_101-b13) (build 1.8.0_101-b13)
# Java VM: Java HotSpot(TM) 64-Bit Server VM (25.101-b13 mixed mode bsd-amd64 compressed oops)
# Problematic frame:
# V  [libjvm.dylib+0x486498]  SR_handler(int, __siginfo*, __darwin_ucontext*)+0x2e
#
# Failed to write core dump. Core dumps have been disabled. To enable core dumping, try "ulimit -c unlimited" before starting Java again
#
# If you would like to submit a bug report, please visit:
#   http://bugreport.java.com/bugreport/crash.jsp
#

---------------  T H R E A D  ---------------

Current thread is native thread

siginfo: si_signo: 11 (SIGSEGV), si_code: 1 (SEGV_MAPERR), si_addr: 0x0000000000000128

Registers:
RAX=0x0000000000000000, RBX=0x00007fff51fb67a0, RCX=0x00007fffb19f4408, RDX=0x00007fff51fb67a0
RSP=0x00007fff51fb62d0, RBP=0x00007fff51fb6300, RSI=0x00007fff51fb6738, RDI=0x0000000000000103
R8 =0x00007fff51fb67a0, R9 =0x00000000ffffffff, R10=0x0000000000000c00, R11=0x0000000000000206
R12=0x0000000000000c00, R13=0x0000000000000000, R14=0x00007fff51fb6738, R15=0x0000000000000002
RIP=0x000000010f286498, EFLAGS=0x0000000000010202, ERR=0x0000000000000004
  TRAPNO=0x000000000000000e

Top of Stack: (sp=0x00007fff51fb62d0)
0x00007fff51fb62d0:   0000000000000000 00007fff51fb67a0
0x00007fff51fb62e0:   0000000000000c00 0000000000000000
0x00007fff51fb62f0:   00007fff51fb69d0 0000000000000d03
0x00007fff51fb6300:   00007fff51fb6310 00007fffa8db4bba
0x00007fff51fb6310:   00007fff51fb68a0 0000000000015c00
0x00007fff51fb6320:   00015d00ae448958 00007fffb188a2d0
0x00007fff51fb6330:   0100001f00000085 00007fff93650680
0x00007fff51fb6340:   0000000010004005 00000000ffffffff
0x00007fff51fb6350:   00007fff51fb6858 0000000000000000
0x00007fff51fb6360:   00007fff51fb69d0 0000000007000806
0x00007fff51fb6370:   00007fff51fb68a0 00007fff51fb6858
0x00007fff51fb6380:   0000000000000d03 00000000ffffffff
0x00007fff51fb6390:   0000000000000c00 0000000000000206
0x00007fff51fb63a0:   0000000000000c00 0000000000000000
0x00007fff51fb63b0:   00007fff51fb69d0 0000000000000d03
0x00007fff51fb63c0:   000000010e47a38a 0000000000000206
0x00007fff51fb63d0:   0000000000000007 0000000000000000
0x00007fff51fb63e0:   0000000000000000 0000000000000000
0x00007fff51fb63f0:   000000000000037f 0000000000000000
0x00007fff51fb6400:   0000000000000000 0000ffff00001fa0
0x00007fff51fb6410:   0000000000000000 000000000000ffff
0x00007fff51fb6420:   0000000000000100 000000000000ffff
0x00007fff51fb6430:   0000000000000000 0000000000000000
0x00007fff51fb6440:   0000000000000000 0000000000000000
0x00007fff51fb6450:   87bc000000000000 000000000000c00b
0x00007fff51fb6460:   0000000000000000 0000000000000000
0x00007fff51fb6470:   bb78000000000000 000000000000400b
0x00007fff51fb6480:   0000000000000000 0000000000000000
0x00007fff51fb6490:   41be4c8b9cfa4e6a 0000000000000000
0x00007fff51fb64a0:   3fef49cd3e0bd449 0000000000000000
0x00007fff51fb64b0:   c3de3f8b6af52f85 439c074950ad07a8
0x00007fff51fb64c0:   0000000000000000 0000000000000000 

Instructions: (pc=0x000000010f286498)
0x000000010f286478:   83 ec 08 48 89 d3 49 89 f6 e8 00 26 14 00 44 8b
0x000000010f286488:   38 48 8d 05 20 cd 3a 00 48 63 38 e8 ca 28 14 00
0x000000010f286498:   4c 8b a0 28 01 00 00 41 83 7c 24 34 01 0f 85 e2
0x000000010f2864a8:   00 00 00 49 89 5c 24 40 4d 89 74 24 38 49 8d 5c 

Register to memory mapping:

RAX=0x0000000000000000 is an unknown value
RBX=0x00007fff51fb67a0 is an unknown value
RCX=0x00007fffb19f4408: _thread+0x48 in /usr/lib/system/libsystem_pthread.dylib at 0x00007fffa8dbb000
RDX=0x00007fff51fb67a0 is an unknown value
RSP=0x00007fff51fb62d0 is an unknown value
RBP=0x00007fff51fb6300 is an unknown value
RSI=0x00007fff51fb6738 is an unknown value
RDI=0x0000000000000103 is an unknown value
R8 =0x00007fff51fb67a0 is an unknown value
R9 =0x00000000ffffffff is an unknown value
R10=0x0000000000000c00 is an unknown value
R11=0x0000000000000206 is an unknown value
R12=0x0000000000000c00 is an unknown value
R13=0x0000000000000000 is an unknown value
R14=0x00007fff51fb6738 is an unknown value
R15=0x0000000000000002 is an unknown value


Stack: [0x00007fff517bb000,0x00007fff51fbb000],  sp=0x00007fff51fb62d0,  free space=8172k
Native frames: (J=compiled Java code, j=interpreted, Vv=VM code, C=native code)
V  [libjvm.dylib+0x486498]  SR_handler(int, __siginfo*, __darwin_ucontext*)+0x2e
C  [libsystem_platform.dylib+0x2bba]  _sigtramp+0x1a
C  0x0000000000015c00
C  [CoreFoundation+0x88c94]  __CFRunLoopServiceMachPort+0xd4
C  [CoreFoundation+0x88121]  __CFRunLoopRun+0x551
C  [CoreFoundation+0x87974]  CFRunLoopRunSpecific+0x1a4
C  [java+0x6465]  CreateExecutionEnvironment+0x367
C  [java+0x218c]  JLI_Launch+0x7a0
C  [java+0x84c2]  main+0x65
C  [java+0x19e4]  start+0x34


---------------  P R O C E S S  ---------------

VM state:not at safepoint (normal execution)

VM Mutex/Monitor currently owned by a thread: None

Heap:
 PSYoungGen      total 145920K, used 122080K [0x0000000795580000, 0x00000007a0b80000, 0x00000007c0000000)
  eden space 129536K, 84% used [0x0000000795580000,0x000000079bfc9df8,0x000000079d400000)
  from space 16384K, 80% used [0x000000079d400000,0x000000079e0ee400,0x000000079e400000)
  to   space 17408K, 0% used [0x000000079fa80000,0x000000079fa80000,0x00000007a0b80000)
 ParOldGen       total 116736K, used 24635K [0x0000000740000000, 0x0000000747200000, 0x0000000795580000)
  object space 116736K, 21% used [0x0000000740000000,0x000000074180ed00,0x0000000747200000)
 Metaspace       used 39981K, capacity 41314K, committed 41560K, reserved 1085440K
  class space    used 5638K, capacity 6210K, committed 6272K, reserved 1048576K

Card table byte_map: [0x000000011015d000,0x000000011055e000] byte_map_base: 0x000000010c75d000

Marking Bits: (ParMarkBitMap*) 0x000000010f6edd20
 Begin Bits: [0x0000000110809000, 0x0000000112809000)
 End Bits:   [0x0000000112809000, 0x0000000114809000)

Polling page: 0x000000010dd46000

CodeCache: size=245760Kb used=13617Kb max_used=13657Kb free=232142Kb
 bounds [0x0000000118d0a000, 0x0000000119a7a000, 0x0000000127d0a000]
 total_blobs=4676 nmethods=4012 adapters=577
 compilation: enabled

Compilation events (10 events):
Event: 18.589 Thread 0x00007fdfdd05d000 nmethod 4323 0x0000000119a5f290 code [0x0000000119a5f520, 0x0000000119a60890]
Event: 18.625 Thread 0x00007fdfdc027800 nmethod 4325 0x0000000119a66610 code [0x0000000119a66960, 0x0000000119a69768]
Event: 18.687 Thread 0x00007fdfdd05d000 4326 % !   4       com.android.ddmlib.AdbHelper::executeRemoteCommand @ 226 (548 bytes)
Event: 18.697 Thread 0x00007fdfdd05d000 nmethod 4326% 0x0000000119a65450 code [0x0000000119a65620, 0x0000000119a65df0]
Event: 18.712 Thread 0x00007fdfdc027800 4327       4       java.nio.Buffer::hasRemaining (17 bytes)
Event: 18.713 Thread 0x00007fdfdc027800 nmethod 4327 0x0000000119a47890 code [0x0000000119a479e0, 0x0000000119a47a58]
Event: 20.638 Thread 0x00007fdfdd05d800 4328       1       java.nio.HeapByteBuffer::isReadOnly (2 bytes)
Event: 20.639 Thread 0x00007fdfdd05d800 nmethod 4328 0x0000000119a29090 code [0x0000000119a291e0, 0x0000000119a292f0]
Event: 21.722 Thread 0x00007fdfdd05d800 4329       3       java.nio.channels.spi.AbstractInterruptibleChannel::end (50 bytes)
Event: 21.722 Thread 0x00007fdfdd05d800 nmethod 4329 0x0000000119a5e550 code [0x0000000119a5e720, 0x0000000119a5eed8]

GC Heap History (10 events):
Event: 6.692 GC heap before
{Heap before GC invocations=7 (full 1):
 PSYoungGen      total 71680K, used 66560K [0x0000000795580000, 0x000000079ea80000, 0x00000007c0000000)
  eden space 66560K, 100% used [0x0000000795580000,0x0000000799680000,0x0000000799680000)
  from space 5120K, 0% used [0x0000000799680000,0x0000000799680000,0x0000000799b80000)
  to   space 9728K, 0% used [0x000000079e100000,0x000000079e100000,0x000000079ea80000)
 ParOldGen       total 64512K, used 8895K [0x0000000740000000, 0x0000000743f00000, 0x0000000795580000)
  object space 64512K, 13% used [0x0000000740000000,0x00000007408aff10,0x0000000743f00000)
 Metaspace       used 25347K, capacity 25984K, committed 26240K, reserved 1071104K
  class space    used 3435K, capacity 3673K, committed 3712K, reserved 1048576K
Event: 6.714 GC heap after
Heap after GC invocations=7 (full 1):
 PSYoungGen      total 100864K, used 5874K [0x0000000795580000, 0x000000079e700000, 0x00000007c0000000)
  eden space 94720K, 0% used [0x0000000795580000,0x0000000795580000,0x000000079b200000)
  from space 6144K, 95% used [0x000000079e100000,0x000000079e6bca18,0x000000079e700000)
  to   space 9728K, 0% used [0x000000079d400000,0x000000079d400000,0x000000079dd80000)
 ParOldGen       total 64512K, used 8967K [0x0000000740000000, 0x0000000743f00000, 0x0000000795580000)
  object space 64512K, 13% used [0x0000000740000000,0x00000007408c1f20,0x0000000743f00000)
 Metaspace       used 25347K, capacity 25984K, committed 26240K, reserved 1071104K
  class space    used 3435K, capacity 3673K, committed 3712K, reserved 1048576K
}
Event: 9.356 GC heap before
{Heap before GC invocations=8 (full 1):
 PSYoungGen      total 100864K, used 100594K [0x0000000795580000, 0x000000079e700000, 0x00000007c0000000)
  eden space 94720K, 100% used [0x0000000795580000,0x000000079b200000,0x000000079b200000)
  from space 6144K, 95% used [0x000000079e100000,0x000000079e6bca18,0x000000079e700000)
  to   space 9728K, 0% used [0x000000079d400000,0x000000079d400000,0x000000079dd80000)
 ParOldGen       total 64512K, used 8967K [0x0000000740000000, 0x0000000743f00000, 0x0000000795580000)
  object space 64512K, 13% used [0x0000000740000000,0x00000007408c1f20,0x0000000743f00000)
 Metaspace       used 31985K, capacity 32968K, committed 33024K, reserved 1077248K
  class space    used 4441K, capacity 4823K, committed 4864K, reserved 1048576K
Event: 9.391 GC heap after
Heap after GC invocations=8 (full 1):
 PSYoungGen      total 139264K, used 9716K [0x0000000795580000, 0x000000079f180000, 0x00000007c0000000)
  eden space 129536K, 0% used [0x0000000795580000,0x0000000795580000,0x000000079d400000)
  from space 9728K, 99% used [0x000000079d400000,0x000000079dd7d010,0x000000079dd80000)
  to   space 13824K, 0% used [0x000000079e400000,0x000000079e400000,0x000000079f180000)
 ParOldGen       total 64512K, used 15140K [0x0000000740000000, 0x0000000743f00000, 0x0000000795580000)
  object space 64512K, 23% used [0x0000000740000000,0x0000000740ec90f8,0x0000000743f00000)
 Metaspace       used 31985K, capacity 32968K, committed 33024K, reserved 1077248K
  class space    used 4441K, capacity 4823K, committed 4864K, reserved 1048576K
}
Event: 10.666 GC heap before
{Heap before GC invocations=9 (full 1):
 PSYoungGen      total 139264K, used 61090K [0x0000000795580000, 0x000000079f180000, 0x00000007c0000000)
  eden space 129536K, 39% used [0x0000000795580000,0x00000007987abb38,0x000000079d400000)
  from space 9728K, 99% used [0x000000079d400000,0x000000079dd7d010,0x000000079dd80000)
  to   space 13824K, 0% used [0x000000079e400000,0x000000079e400000,0x000000079f180000)
 ParOldGen       total 64512K, used 15140K [0x0000000740000000, 0x0000000743f00000, 0x0000000795580000)
  object space 64512K, 23% used [0x0000000740000000,0x0000000740ec90f8,0x0000000743f00000)
 Metaspace       used 34352K, capacity 35304K, committed 35416K, reserved 1079296K
  class space    used 4788K, capacity 5198K, committed 5248K, reserved 1048576K
Event: 10.709 GC heap after
Heap after GC invocations=9 (full 1):
 PSYoungGen      total 143360K, used 13812K [0x0000000795580000, 0x00000007a2900000, 0x00000007c0000000)
  eden space 129536K, 0% used [0x0000000795580000,0x0000000795580000,0x000000079d400000)
  from space 13824K, 99% used [0x000000079e400000,0x000000079f17d030,0x000000079f180000)
  to   space 16384K, 0% used [0x000000079d400000,0x000000079d400000,0x000000079e400000)
 ParOldGen       total 64512K, used 16989K [0x0000000740000000, 0x0000000743f00000, 0x0000000795580000)
  object space 64512K, 26% used [0x0000000740000000,0x0000000741097488,0x0000000743f00000)
 Metaspace       used 34352K, capacity 35304K, committed 35416K, reserved 1079296K
  class space    used 4788K, capacity 5198K, committed 5248K, reserved 1048576K
}
Event: 10.709 GC heap before
{Heap before GC invocations=10 (full 2):
 PSYoungGen      total 143360K, used 13812K [0x0000000795580000, 0x00000007a2900000, 0x00000007c0000000)
  eden space 129536K, 0% used [0x0000000795580000,0x0000000795580000,0x000000079d400000)
  from space 13824K, 99% used [0x000000079e400000,0x000000079f17d030,0x000000079f180000)
  to   space 16384K, 0% used [0x000000079d400000,0x000000079d400000,0x000000079e400000)
 ParOldGen       total 64512K, used 16989K [0x0000000740000000, 0x0000000743f00000, 0x0000000795580000)
  object space 64512K, 26% used [0x0000000740000000,0x0000000741097488,0x0000000743f00000)
 Metaspace       used 34352K, capacity 35304K, committed 35416K, reserved 1079296K
  class space    used 4788K, capacity 5198K, committed 5248K, reserved 1048576K
Event: 11.180 GC heap after
Heap after GC invocations=10 (full 2):
 PSYoungGen      total 143360K, used 0K [0x0000000795580000, 0x00000007a2900000, 0x00000007c0000000)
  eden space 129536K, 0% used [0x0000000795580000,0x0000000795580000,0x000000079d400000)
  from space 13824K, 0% used [0x000000079e400000,0x000000079e400000,0x000000079f180000)
  to   space 16384K, 0% used [0x000000079d400000,0x000000079d400000,0x000000079e400000)
 ParOldGen       total 116736K, used 24627K [0x0000000740000000, 0x0000000747200000, 0x0000000795580000)
  object space 116736K, 21% used [0x0000000740000000,0x000000074180cd00,0x0000000747200000)
 Metaspace       used 34352K, capacity 35304K, committed 35416K, reserved 1079296K
  class space    used 4788K, capacity 5198K, committed 5248K, reserved 1048576K
}
Event: 13.843 GC heap before
{Heap before GC invocations=11 (full 2):
 PSYoungGen      total 143360K, used 129536K [0x0000000795580000, 0x00000007a2900000, 0x00000007c0000000)
  eden space 129536K, 100% used [0x0000000795580000,0x000000079d400000,0x000000079d400000)
  from space 13824K, 0% used [0x000000079e400000,0x000000079e400000,0x000000079f180000)
  to   space 16384K, 0% used [0x000000079d400000,0x000000079d400000,0x000000079e400000)
 ParOldGen       total 116736K, used 24627K [0x0000000740000000, 0x0000000747200000, 0x0000000795580000)
  object space 116736K, 21% used [0x0000000740000000,0x000000074180cd00,0x0000000747200000)
 Metaspace       used 36627K, capacity 37616K, committed 37848K, reserved 1081344K
  class space    used 5102K, capacity 5510K, committed 5632K, reserved 1048576K
Event: 13.865 GC heap after
Heap after GC invocations=11 (full 2):
 PSYoungGen      total 145920K, used 13241K [0x0000000795580000, 0x00000007a0b80000, 0x00000007c0000000)
  eden space 129536K, 0% used [0x0000000795580000,0x0000000795580000,0x000000079d400000)
  from space 16384K, 80% used [0x000000079d400000,0x000000079e0ee400,0x000000079e400000)
  to   space 17408K, 0% used [0x000000079fa80000,0x000000079fa80000,0x00000007a0b80000)
 ParOldGen       total 116736K, used 24635K [0x0000000740000000, 0x0000000747200000, 0x0000000795580000)
  object space 116736K, 21% used [0x0000000740000000,0x000000074180ed00,0x0000000747200000)
 Metaspace       used 36627K, capacity 37616K, committed 37848K, reserved 1081344K
  class space    used 5102K, capacity 5510K, committed 5632K, reserved 1048576K
}

Deoptimization events (10 events):
Event: 16.820 Thread 0x00007fdfdfe74800 Uncommon trap: reason=unloaded action=reinterpret pc=0x00000001199e91ec method=java.util.regex.Pattern.newSlice([IIZ)Ljava/util/regex/Pattern$Node; @ 121
Event: 16.829 Thread 0x00007fdfdfe74800 Uncommon trap: reason=class_check action=maybe_recompile pc=0x000000011997b94c method=java.util.HashMap.removeNode(ILjava/lang/Object;Ljava/lang/Object;ZZ)Ljava/util/HashMap$Node; @ 68
Event: 18.544 Thread 0x00007fdfdc00d800 Uncommon trap: reason=unstable_if action=reinterpret pc=0x0000000119a4e2ec method=sun.nio.ch.IOUtil.writeFromNativeBuffer(Ljava/io/FileDescriptor;Ljava/nio/ByteBuffer;JLsun/nio/ch/NativeDispatcher;)I @ 121
Event: 18.544 Thread 0x00007fdfdc00d800 Uncommon trap: reason=unstable_if action=reinterpret pc=0x0000000119a2cc30 method=java.nio.Buffer.hasRemaining()Z @ 8
Event: 18.545 Thread 0x00007fdfdc00d800 Uncommon trap: reason=unstable_if action=reinterpret pc=0x0000000119a3a684 method=sun.nio.ch.IOUtil.writeFromNativeBuffer(Ljava/io/FileDescriptor;Ljava/nio/ByteBuffer;JLsun/nio/ch/NativeDispatcher;)I @ 121
Event: 18.545 Thread 0x00007fdfdc00d800 Uncommon trap: reason=unstable_if action=reinterpret pc=0x0000000119a1383c method=java.nio.Buffer.hasRemaining()Z @ 8
Event: 18.545 Thread 0x00007fdfdc00d800 Uncommon trap: reason=unstable_if action=reinterpret pc=0x0000000119a25604 method=sun.nio.ch.IOUtil.writeFromNativeBuffer(Ljava/io/FileDescriptor;Ljava/nio/ByteBuffer;JLsun/nio/ch/NativeDispatcher;)I @ 121
Event: 18.939 Thread 0x00007fdfdc00d800 Uncommon trap: reason=unstable_if action=reinterpret pc=0x0000000119a65b20 method=com.android.ddmlib.AdbHelper.executeRemoteCommand(Ljava/net/InetSocketAddress;Lcom/android/ddmlib/AdbHelper$AdbService;Ljava/lang/String;Lcom/android/ddmlib/IDevice;Lcom/and
Event: 19.048 Thread 0x00007fdfdc00d800 Uncommon trap: reason=unstable_if action=reinterpret pc=0x0000000119a25158 method=java.nio.channels.spi.AbstractInterruptibleChannel.end(Z)V @ 31
Event: 19.049 Thread 0x00007fdfdc00d800 Uncommon trap: reason=unstable_if action=reinterpret pc=0x0000000119a22e1c method=java.nio.channels.spi.AbstractInterruptibleChannel.begin()V @ 4

Internal exceptions (10 events):
Event: 17.689 Thread 0x00007fdfdc00d800 Exception <a 'java/lang/ClassNotFoundException': com/google/common/collect/SingletonImmutableListBeanInfo> (0x000000079ba8c4d0) thrown at [/HUDSON3/workspace/8-2-build-macosx-x86_64/jdk8u101/7261/hotspot/src/share/vm/classfile/systemDictionary.cpp, line 2
Event: 17.689 Thread 0x00007fdfdc00d800 Exception <a 'java/lang/ClassNotFoundException': com/google/common/collect/ImmutableListBeanInfo> (0x000000079ba98408) thrown at [/HUDSON3/workspace/8-2-build-macosx-x86_64/jdk8u101/7261/hotspot/src/share/vm/classfile/systemDictionary.cpp, line 210]
Event: 17.689 Thread 0x00007fdfdc00d800 Exception <a 'java/lang/ClassNotFoundException': com/google/common/collect/ImmutableCollectionBeanInfo> (0x000000079baa5118) thrown at [/HUDSON3/workspace/8-2-build-macosx-x86_64/jdk8u101/7261/hotspot/src/share/vm/classfile/systemDictionary.cpp, line 210]
Event: 17.705 Thread 0x00007fdfdc00d800 Exception <a 'java/lang/ClassNotFoundException': com/google/common/collect/ImmutableCollectionCustomizer> (0x000000079bab2278) thrown at [/HUDSON3/workspace/8-2-build-macosx-x86_64/jdk8u101/7261/hotspot/src/share/vm/classfile/systemDictionary.cpp, line 21
Event: 17.706 Thread 0x00007fdfdc00d800 Exception <a 'java/lang/ClassNotFoundException': com/google/common/collect/ImmutableListCustomizer> (0x000000079bacef38) thrown at [/HUDSON3/workspace/8-2-build-macosx-x86_64/jdk8u101/7261/hotspot/src/share/vm/classfile/systemDictionary.cpp, line 210]
Event: 17.715 Thread 0x00007fdfdc00d800 Exception <a 'java/lang/ClassNotFoundException': com/google/common/collect/SingletonImmutableListCustomizer> (0x000000079bb16230) thrown at [/HUDSON3/workspace/8-2-build-macosx-x86_64/jdk8u101/7261/hotspot/src/share/vm/classfile/systemDictionary.cpp, line
Event: 17.719 Thread 0x00007fdfdc00d800 Exception <a 'java/lang/ClassNotFoundException': com/android/build/gradle/api/ApkOutputFileBeanInfo> (0x000000079bb50050) thrown at [/HUDSON3/workspace/8-2-build-macosx-x86_64/jdk8u101/7261/hotspot/src/share/vm/classfile/systemDictionary.cpp, line 210]
Event: 17.719 Thread 0x00007fdfdc00d800 Exception <a 'java/lang/ClassNotFoundException': com/android/build/gradle/api/ApkOutputFileCustomizer> (0x000000079bb5c080) thrown at [/HUDSON3/workspace/8-2-build-macosx-x86_64/jdk8u101/7261/hotspot/src/share/vm/classfile/systemDictionary.cpp, line 210]
Event: 17.817 Thread 0x00007fdfdc00d800 Exception <a 'java/lang/ClassNotFoundException': com/android/ide/common/build/SplitOutputMatcherBeanInfo> (0x000000079bbbd5e8) thrown at [/HUDSON3/workspace/8-2-build-macosx-x86_64/jdk8u101/7261/hotspot/src/share/vm/classfile/systemDictionary.cpp, line 21
Event: 17.818 Thread 0x00007fdfdc00d800 Exception <a 'java/lang/ClassNotFoundException': com/android/ide/common/build/SplitOutputMatcherCustomizer> (0x000000079bbc9ee0) thrown at [/HUDSON3/workspace/8-2-build-macosx-x86_64/jdk8u101/7261/hotspot/src/share/vm/classfile/systemDictionary.cpp, line 

Events (10 events):
Event: 20.640 Thread 0x00007fdfdd05d800 flushing nmethod 0x0000000118e91590
Event: 21.722 Thread 0x00007fdfdd05d800 flushing nmethod 0x0000000118e933d0
Event: 21.722 Thread 0x00007fdfdd05d800 flushing nmethod 0x0000000118e93910
Event: 21.722 Thread 0x00007fdfdd05d800 flushing nmethod 0x0000000118e97010
Event: 21.722 Thread 0x00007fdfdd05d800 flushing nmethod 0x0000000118eabf90
Event: 21.722 Thread 0x00007fdfdd05d800 flushing nmethod 0x0000000118eb7590
Event: 21.722 Thread 0x00007fdfdd05d800 flushing nmethod 0x0000000118ebd810
Event: 21.722 Thread 0x00007fdfdd05d800 flushing nmethod 0x0000000118ec7790
Event: 21.722 Thread 0x00007fdfdd05d800 flushing nmethod 0x0000000118ecfa90
Event: 21.722 Thread 0x00007fdfdd05d800 flushing nmethod 0x0000000118f0cf50


Dynamic libraries:
0x000000001e29e000 	/System/Library/Frameworks/Cocoa.framework/Versions/A/Cocoa
0x000000001e29e000 	/System/Library/Frameworks/Security.framework/Versions/A/Security
0x000000001e29e000 	/System/Library/Frameworks/ApplicationServices.framework/Versions/A/ApplicationServices
0x000000001e29e000 	/usr/lib/libz.1.dylib
0x000000010dc62000 	/usr/lib/libSystem.B.dylib
0x000000001e29e000 	/usr/lib/libobjc.A.dylib
0x000000001e29e000 	/System/Library/Frameworks/CoreFoundation.framework/Versions/A/CoreFoundation
0x000000001e29e000 	/System/Library/Frameworks/Foundation.framework/Versions/C/Foundation
0x000000001e29e000 	/System/Library/Frameworks/AppKit.framework/Versions/C/AppKit
0x000000001e29e000 	/System/Library/Frameworks/CoreData.framework/Versions/A/CoreData
0x000000001e29e000 	/System/Library/PrivateFrameworks/RemoteViewServices.framework/Versions/A/RemoteViewServices
0x000000001e29e000 	/System/Library/PrivateFrameworks/UIFoundation.framework/Versions/A/UIFoundation
0x000000001e29e000 	/System/Library/PrivateFrameworks/DFRFoundation.framework/Versions/A/DFRFoundation
0x000000001e29e000 	/usr/lib/libenergytrace.dylib
0x000000001e29e000 	/System/Library/PrivateFrameworks/SkyLight.framework/Versions/A/SkyLight
0x000000001e29e000 	/System/Library/Frameworks/CoreGraphics.framework/Versions/A/CoreGraphics
0x000000001e29e000 	/usr/lib/libScreenReader.dylib
0x000000001e29e000 	/System/Library/Frameworks/Accelerate.framework/Versions/A/Accelerate
0x000000001e29e000 	/System/Library/Frameworks/IOSurface.framework/Versions/A/IOSurface
0x000000001e29e000 	/System/Library/Frameworks/AudioToolbox.framework/Versions/A/AudioToolbox
0x000000001e29e000 	/System/Library/Frameworks/AudioUnit.framework/Versions/A/AudioUnit
0x000000001e29e000 	/System/Library/PrivateFrameworks/DataDetectorsCore.framework/Versions/A/DataDetectorsCore
0x000000001e29e000 	/System/Library/PrivateFrameworks/DesktopServicesPriv.framework/Versions/A/DesktopServicesPriv
0x000000001e29e000 	/System/Library/Frameworks/Carbon.framework/Versions/A/Frameworks/HIToolbox.framework/Versions/A/HIToolbox
0x000000001e29e000 	/usr/lib/libicucore.A.dylib
0x000000001e29e000 	/System/Library/Frameworks/QuartzCore.framework/Versions/A/QuartzCore
0x000000001e29e000 	/System/Library/Frameworks/Carbon.framework/Versions/A/Frameworks/SpeechRecognition.framework/Versions/A/SpeechRecognition
0x000000001e29e000 	/usr/lib/libauto.dylib
0x000000001e29e000 	/usr/lib/libxml2.2.dylib
0x000000001e29e000 	/System/Library/PrivateFrameworks/CoreUI.framework/Versions/A/CoreUI
0x000000001e29e000 	/System/Library/Frameworks/CoreAudio.framework/Versions/A/CoreAudio
0x000000001e29e000 	/System/Library/Frameworks/DiskArbitration.framework/Versions/A/DiskArbitration
0x000000001e29e000 	/usr/lib/liblangid.dylib
0x000000001e29e000 	/System/Library/PrivateFrameworks/MultitouchSupport.framework/Versions/A/MultitouchSupport
0x000000010dc6b000 	/System/Library/Frameworks/IOKit.framework/Versions/A/IOKit
0x000000001e29e000 	/usr/lib/libDiagnosticMessagesClient.dylib
0x000000001e29e000 	/System/Library/Frameworks/CoreServices.framework/Versions/A/CoreServices
0x000000001e29e000 	/System/Library/PrivateFrameworks/PerformanceAnalysis.framework/Versions/A/PerformanceAnalysis
0x000000001e29e000 	/System/Library/PrivateFrameworks/GenerationalStorage.framework/Versions/A/GenerationalStorage
0x000000001e29e000 	/System/Library/Frameworks/OpenGL.framework/Versions/A/OpenGL
0x000000001e29e000 	/System/Library/Frameworks/CoreImage.framework/Versions/A/CoreImage
0x000000001e29e000 	/System/Library/Frameworks/CoreText.framework/Versions/A/CoreText
0x000000001e29e000 	/System/Library/Frameworks/ImageIO.framework/Versions/A/ImageIO
0x000000001e29e000 	/System/Library/PrivateFrameworks/Backup.framework/Versions/A/Backup
0x000000001e29e000 	/usr/lib/libarchive.2.dylib
0x000000010dd49000 	/System/Library/Frameworks/CFNetwork.framework/Versions/A/CFNetwork
0x000000001e29e000 	/System/Library/Frameworks/SystemConfiguration.framework/Versions/A/SystemConfiguration
0x000000001e29e000 	/usr/lib/libCRFSuite.dylib
0x000000001e29e000 	/usr/lib/libc++.1.dylib
0x000000001e29e000 	/usr/lib/libc++abi.dylib
0x000000001e29e000 	/usr/lib/system/libcache.dylib
0x000000001e29e000 	/usr/lib/system/libcommonCrypto.dylib
0x000000001e29e000 	/usr/lib/system/libcompiler_rt.dylib
0x000000001e29e000 	/usr/lib/system/libcopyfile.dylib
0x000000001e29e000 	/usr/lib/system/libcorecrypto.dylib
0x000000001e29e000 	/usr/lib/system/libdispatch.dylib
0x000000010e435000 	/usr/lib/system/libdyld.dylib
0x000000001e29e000 	/usr/lib/system/libkeymgr.dylib
0x000000001e29e000 	/usr/lib/system/liblaunch.dylib
0x000000001e29e000 	/usr/lib/system/libmacho.dylib
0x000000001e29e000 	/usr/lib/system/libquarantine.dylib
0x000000001e29e000 	/usr/lib/system/libremovefile.dylib
0x000000001e29e000 	/usr/lib/system/libsystem_asl.dylib
0x000000001e29e000 	/usr/lib/system/libsystem_blocks.dylib
0x000000001e29e000 	/usr/lib/system/libsystem_c.dylib
0x000000001e29e000 	/usr/lib/system/libsystem_configuration.dylib
0x000000001e29e000 	/usr/lib/system/libsystem_coreservices.dylib
0x000000010e443000 	/usr/lib/system/libsystem_coretls.dylib
0x000000001e29e000 	/usr/lib/system/libsystem_dnssd.dylib
0x000000001e29e000 	/usr/lib/system/libsystem_info.dylib
0x000000010e468000 	/usr/lib/system/libsystem_kernel.dylib
0x000000001e29e000 	/usr/lib/system/libsystem_m.dylib
0x000000001e29e000 	/usr/lib/system/libsystem_malloc.dylib
0x000000001e29e000 	/usr/lib/system/libsystem_network.dylib
0x000000010e4a4000 	/usr/lib/system/libsystem_networkextension.dylib
0x000000001e29e000 	/usr/lib/system/libsystem_notify.dylib
0x000000001e29e000 	/usr/lib/system/libsystem_platform.dylib
0x000000001e29e000 	/usr/lib/system/libsystem_pthread.dylib
0x000000010e4ba000 	/usr/lib/system/libsystem_sandbox.dylib
0x000000001e29e000 	/usr/lib/system/libsystem_secinit.dylib
0x000000010e4c8000 	/usr/lib/system/libsystem_symptoms.dylib
0x000000010e4da000 	/usr/lib/system/libsystem_trace.dylib
0x000000001e29e000 	/usr/lib/system/libunwind.dylib
0x000000001e29e000 	/usr/lib/system/libxpc.dylib
0x000000001e29e000 	/usr/lib/libbsm.0.dylib
0x000000010e513000 	/usr/lib/system/libkxld.dylib
0x000000001e29e000 	/usr/lib/libcoretls.dylib
0x000000001e29e000 	/usr/lib/libcoretls_cfhelpers.dylib
0x000000001e29e000 	/usr/lib/libxar.1.dylib
0x000000001e29e000 	/usr/lib/libsqlite3.dylib
0x000000001e29e000 	/usr/lib/libpam.2.dylib
0x000000001e29e000 	/usr/lib/libOpenScriptingUtil.dylib
0x000000001e29e000 	/usr/lib/libbz2.1.0.dylib
0x000000001e29e000 	/usr/lib/liblzma.5.dylib
0x000000001e29e000 	/usr/lib/libnetwork.dylib
0x000000001e29e000 	/usr/lib/libpcap.A.dylib
0x000000001e29e000 	/System/Library/Frameworks/CoreServices.framework/Versions/A/Frameworks/FSEvents.framework/Versions/A/FSEvents
0x000000001e29e000 	/System/Library/Frameworks/CoreServices.framework/Versions/A/Frameworks/CarbonCore.framework/Versions/A/CarbonCore
0x000000001e29e000 	/System/Library/Frameworks/CoreServices.framework/Versions/A/Frameworks/Metadata.framework/Versions/A/Metadata
0x000000001e29e000 	/System/Library/Frameworks/CoreServices.framework/Versions/A/Frameworks/OSServices.framework/Versions/A/OSServices
0x000000001e29e000 	/System/Library/Frameworks/CoreServices.framework/Versions/A/Frameworks/SearchKit.framework/Versions/A/SearchKit
0x000000001e29e000 	/System/Library/Frameworks/CoreServices.framework/Versions/A/Frameworks/AE.framework/Versions/A/AE
0x000000001e29e000 	/System/Library/Frameworks/CoreServices.framework/Versions/A/Frameworks/LaunchServices.framework/Versions/A/LaunchServices
0x000000001e29e000 	/System/Library/Frameworks/CoreServices.framework/Versions/A/Frameworks/DictionaryServices.framework/Versions/A/DictionaryServices
0x000000001e29e000 	/System/Library/Frameworks/CoreServices.framework/Versions/A/Frameworks/SharedFileList.framework/Versions/A/SharedFileList
0x000000001e29e000 	/System/Library/Frameworks/NetFS.framework/Versions/A/NetFS
0x000000001e29e000 	/System/Library/PrivateFrameworks/NetAuth.framework/Versions/A/NetAuth
0x000000001e29e000 	/System/Library/PrivateFrameworks/login.framework/Versions/A/Frameworks/loginsupport.framework/Versions/A/loginsupport
0x000000001e29e000 	/System/Library/PrivateFrameworks/TCC.framework/Versions/A/TCC
0x000000001e29e000 	/usr/lib/libmecabra.dylib
0x000000001e29e000 	/System/Library/Frameworks/ApplicationServices.framework/Versions/A/Frameworks/ATS.framework/Versions/A/ATS
0x000000001e29e000 	/System/Library/Frameworks/ApplicationServices.framework/Versions/A/Frameworks/ColorSync.framework/Versions/A/ColorSync
0x000000001e29e000 	/System/Library/Frameworks/ApplicationServices.framework/Versions/A/Frameworks/HIServices.framework/Versions/A/HIServices
0x000000001e29e000 	/System/Library/Frameworks/ApplicationServices.framework/Versions/A/Frameworks/LangAnalysis.framework/Versions/A/LangAnalysis
0x000000001e29e000 	/System/Library/Frameworks/ApplicationServices.framework/Versions/A/Frameworks/PrintCore.framework/Versions/A/PrintCore
0x000000001e29e000 	/System/Library/Frameworks/ApplicationServices.framework/Versions/A/Frameworks/QD.framework/Versions/A/QD
0x000000001e29e000 	/System/Library/Frameworks/ApplicationServices.framework/Versions/A/Frameworks/SpeechSynthesis.framework/Versions/A/SpeechSynthesis
0x000000001e29e000 	/System/Library/Frameworks/Accelerate.framework/Versions/A/Frameworks/vImage.framework/Versions/A/vImage
0x000000001e29e000 	/System/Library/Frameworks/Accelerate.framework/Versions/A/Frameworks/vecLib.framework/Versions/A/vecLib
0x000000001e29e000 	/System/Library/Frameworks/Accelerate.framework/Versions/A/Frameworks/vecLib.framework/Versions/A/libvDSP.dylib
0x000000001e29e000 	/System/Library/Frameworks/Accelerate.framework/Versions/A/Frameworks/vecLib.framework/Versions/A/libBNNS.dylib
0x000000001e29e000 	/System/Library/Frameworks/Accelerate.framework/Versions/A/Frameworks/vecLib.framework/Versions/A/libQuadrature.dylib
0x000000001e29e000 	/System/Library/Frameworks/Accelerate.framework/Versions/A/Frameworks/vecLib.framework/Versions/A/libvMisc.dylib
0x000000001e29e000 	/System/Library/Frameworks/Accelerate.framework/Versions/A/Frameworks/vecLib.framework/Versions/A/libLAPACK.dylib
0x000000001e29e000 	/System/Library/Frameworks/Accelerate.framework/Versions/A/Frameworks/vecLib.framework/Versions/A/libBLAS.dylib
0x000000001e29e000 	/System/Library/Frameworks/Accelerate.framework/Versions/A/Frameworks/vecLib.framework/Versions/A/libLinearAlgebra.dylib
0x000000001e29e000 	/System/Library/Frameworks/Accelerate.framework/Versions/A/Frameworks/vecLib.framework/Versions/A/libSparseBLAS.dylib
0x000000001e29e000 	/System/Library/Frameworks/ApplicationServices.framework/Versions/A/Frameworks/ATS.framework/Versions/A/Resources/libFontParser.dylib
0x000000001e29e000 	/System/Library/Frameworks/ApplicationServices.framework/Versions/A/Frameworks/ATS.framework/Versions/A/Resources/libFontRegistry.dylib
0x000000001e29e000 	/System/Library/Frameworks/ImageIO.framework/Versions/A/Resources/libJPEG.dylib
0x000000001e29e000 	/System/Library/Frameworks/ImageIO.framework/Versions/A/Resources/libTIFF.dylib
0x000000001e29e000 	/System/Library/Frameworks/ImageIO.framework/Versions/A/Resources/libPng.dylib
0x000000001e29e000 	/System/Library/Frameworks/ImageIO.framework/Versions/A/Resources/libGIF.dylib
0x000000001e29e000 	/System/Library/Frameworks/ImageIO.framework/Versions/A/Resources/libJP2.dylib
0x000000001e29e000 	/System/Library/Frameworks/ImageIO.framework/Versions/A/Resources/libRadiance.dylib
0x000000001e29e000 	/usr/lib/libcompression.dylib
0x000000001e29e000 	/System/Library/PrivateFrameworks/AppleJPEG.framework/Versions/A/AppleJPEG
0x000000001e29e000 	/usr/lib/libcups.2.dylib
0x000000001e29e000 	/System/Library/Frameworks/Kerberos.framework/Versions/A/Kerberos
0x000000001e29e000 	/System/Library/Frameworks/GSS.framework/Versions/A/GSS
0x000000001e29e000 	/usr/lib/libresolv.9.dylib
0x000000001e29e000 	/usr/lib/libiconv.2.dylib
0x000000001e29e000 	/System/Library/PrivateFrameworks/Heimdal.framework/Versions/A/Heimdal
0x000000001e29e000 	/usr/lib/libheimdal-asn1.dylib
0x000000001e29e000 	/System/Library/Frameworks/OpenDirectory.framework/Versions/A/OpenDirectory
0x000000001e29e000 	/System/Library/PrivateFrameworks/CommonAuth.framework/Versions/A/CommonAuth
0x000000001e29e000 	/System/Library/Frameworks/OpenDirectory.framework/Versions/A/Frameworks/CFOpenDirectory.framework/Versions/A/CFOpenDirectory
0x000000001e29e000 	/System/Library/Frameworks/SecurityFoundation.framework/Versions/A/SecurityFoundation
0x000000001e29e000 	/System/Library/PrivateFrameworks/LanguageModeling.framework/Versions/A/LanguageModeling
0x000000001e29e000 	/usr/lib/libmarisa.dylib
0x000000001e29e000 	/usr/lib/libChineseTokenizer.dylib
0x000000001e29e000 	/usr/lib/libcmph.dylib
0x000000001e29e000 	/System/Library/PrivateFrameworks/CoreEmoji.framework/Versions/A/CoreEmoji
0x000000001e29e000 	/System/Library/Frameworks/ServiceManagement.framework/Versions/A/ServiceManagement
0x000000001e29e000 	/usr/lib/libxslt.1.dylib
0x000000001e29e000 	/System/Library/Frameworks/Carbon.framework/Versions/A/Frameworks/Ink.framework/Versions/A/Ink
0x000000001e29e000 	/System/Library/PrivateFrameworks/TextureIO.framework/Versions/A/TextureIO
0x000000001e29e000 	/System/Library/Frameworks/Metal.framework/Versions/A/Metal
0x000000001e29e000 	/usr/lib/libate.dylib
0x000000001e29e000 	/System/Library/PrivateFrameworks/GPUCompiler.framework/libmetal_timestamp.dylib
0x000000001e29e000 	/System/Library/Frameworks/OpenGL.framework/Versions/A/Libraries/libCoreFSCache.dylib
0x000000001e29e000 	/System/Library/PrivateFrameworks/IOAccelerator.framework/Versions/A/IOAccelerator
0x000000001e29e000 	/System/Library/Frameworks/CoreVideo.framework/Versions/A/CoreVideo
0x000000001e29e000 	/usr/lib/libFosl_dynamic.dylib
0x000000001e29e000 	/System/Library/PrivateFrameworks/MetalPerformanceShaders.framework/Versions/A/MetalPerformanceShaders
0x000000001e29e000 	/System/Library/PrivateFrameworks/FaceCore.framework/Versions/A/FaceCore
0x000000001e29e000 	/System/Library/Frameworks/OpenCL.framework/Versions/A/OpenCL
0x000000001e29e000 	/System/Library/Frameworks/OpenGL.framework/Versions/A/Libraries/libGLU.dylib
0x000000001e29e000 	/System/Library/Frameworks/OpenGL.framework/Versions/A/Libraries/libGFXShared.dylib
0x000000001e29e000 	/System/Library/Frameworks/OpenGL.framework/Versions/A/Libraries/libGL.dylib
0x000000001e29e000 	/System/Library/Frameworks/OpenGL.framework/Versions/A/Libraries/libGLImage.dylib
0x000000001e29e000 	/System/Library/Frameworks/OpenGL.framework/Versions/A/Libraries/libCVMSPluginSupport.dylib
0x000000001e29e000 	/System/Library/Frameworks/OpenGL.framework/Versions/A/Libraries/libCoreVMClient.dylib
0x000000001e29e000 	/System/Library/PrivateFrameworks/CrashReporterSupport.framework/Versions/A/CrashReporterSupport
0x000000001e29e000 	/System/Library/PrivateFrameworks/Sharing.framework/Versions/A/Sharing
0x000000001e29e000 	/System/Library/PrivateFrameworks/IconServices.framework/Versions/A/IconServices
0x000000001e29e000 	/System/Library/PrivateFrameworks/ProtocolBuffer.framework/Versions/A/ProtocolBuffer
0x000000001e29e000 	/System/Library/PrivateFrameworks/Apple80211.framework/Versions/A/Apple80211
0x000000001e29e000 	/System/Library/Frameworks/CoreWLAN.framework/Versions/A/CoreWLAN
0x000000001e29e000 	/System/Library/PrivateFrameworks/CoreUtils.framework/Versions/A/CoreUtils
0x000000001e29e000 	/System/Library/Frameworks/IOBluetooth.framework/Versions/A/IOBluetooth
0x000000001e29e000 	/System/Library/PrivateFrameworks/CoreWiFi.framework/Versions/A/CoreWiFi
0x000000001e29e000 	/System/Library/Frameworks/CoreBluetooth.framework/Versions/A/CoreBluetooth
0x000000001e29e000 	/System/Library/Frameworks/CoreDisplay.framework/Versions/A/CoreDisplay
0x000000001e29e000 	/System/Library/PrivateFrameworks/IOPresentment.framework/Versions/A/IOPresentment
0x000000001e29e000 	/System/Library/PrivateFrameworks/DebugSymbols.framework/Versions/A/DebugSymbols
0x000000001e29e000 	/System/Library/PrivateFrameworks/CoreSymbolication.framework/Versions/A/CoreSymbolication
0x000000001e29e000 	/System/Library/PrivateFrameworks/Symbolication.framework/Versions/A/Symbolication
0x000000001e29e000 	/System/Library/PrivateFrameworks/AppleFSCompression.framework/Versions/A/AppleFSCompression
0x000000001e29e000 	/System/Library/PrivateFrameworks/SpeechRecognitionCore.framework/Versions/A/SpeechRecognitionCore
0x000000001e29e000 	/System/Library/PrivateFrameworks/ChunkingLibrary.framework/Versions/A/ChunkingLibrary
0x000000010ee00000 	/Library/Java/JavaVirtualMachines/jdk1.8.0_101.jdk/Contents/Home/jre/lib/server/libjvm.dylib
0x000000001e29e000 	/usr/lib/libstdc++.6.dylib
0x000000010e581000 	/Library/Java/JavaVirtualMachines/jdk1.8.0_101.jdk/Contents/Home/jre/lib/libverify.dylib
0x000000010e58f000 	/Library/Java/JavaVirtualMachines/jdk1.8.0_101.jdk/Contents/Home/jre/lib/libjava.dylib
0x000000010e5cc000 	/Library/Java/JavaVirtualMachines/jdk1.8.0_101.jdk/Contents/Home/jre/lib/libzip.dylib
0x00000001166d8000 	/System/Library/Frameworks/JavaVM.framework/Frameworks/JavaRuntimeSupport.framework/JavaRuntimeSupport
0x00000001166f2000 	/System/Library/Frameworks/JavaVM.framework/Versions/A/Frameworks/JavaNativeFoundation.framework/Versions/A/JavaNativeFoundation
0x0000000116707000 	/System/Library/Frameworks/JavaVM.framework/Versions/A/JavaVM
0x000000001e29e000 	/System/Library/Frameworks/Carbon.framework/Versions/A/Carbon
0x0000000116714000 	/System/Library/PrivateFrameworks/JavaLaunching.framework/Versions/A/JavaLaunching
0x000000001e29e000 	/System/Library/Frameworks/Carbon.framework/Versions/A/Frameworks/CommonPanels.framework/Versions/A/CommonPanels
0x000000001e29e000 	/System/Library/Frameworks/Carbon.framework/Versions/A/Frameworks/Help.framework/Versions/A/Help
0x000000001e29e000 	/System/Library/Frameworks/Carbon.framework/Versions/A/Frameworks/ImageCapture.framework/Versions/A/ImageCapture
0x000000001e29e000 	/System/Library/Frameworks/Carbon.framework/Versions/A/Frameworks/OpenScripting.framework/Versions/A/OpenScripting
0x000000001e29e000 	/System/Library/Frameworks/Carbon.framework/Versions/A/Frameworks/Print.framework/Versions/A/Print
0x000000001e29e000 	/System/Library/Frameworks/Carbon.framework/Versions/A/Frameworks/SecurityHI.framework/Versions/A/SecurityHI
0x0000000118052000 	/Library/Java/JavaVirtualMachines/jdk1.8.0_101.jdk/Contents/Home/jre/lib/libnet.dylib
0x00000001180b1000 	/Library/Java/JavaVirtualMachines/jdk1.8.0_101.jdk/Contents/Home/jre/lib/libnio.dylib
0x00000001184f0000 	/Users/elchroy/.gradle/native/19/osx-amd64/libnative-platform.dylib
0x00000001184f5000 	/Users/elchroy/.gradle/native/19/osx-amd64/libnative-platform-curses.dylib
0x000000001e29e000 	/usr/lib/libncurses.5.4.dylib
0x00000001184f9000 	/private/var/folders/3j/p0_wzk9d1ns47ybk3ng5x3w80000gn/T/jna8265913768748504586.tmp
0x000000011850e000 	/Library/Java/JavaVirtualMachines/jdk1.8.0_101.jdk/Contents/Home/jre/lib/libmanagement.dylib

VM Arguments:
jvm_args: -Dorg.gradle.appname=gradlew 
java_command: org.gradle.wrapper.GradleWrapperMain installDebug
java_class_path (initial): /Users/elchroy/Roy/Code/rubyment/roymobile/android/gradle/wrapper/gradle-wrapper.jar
Launcher Type: SUN_STANDARD

Environment Variables:
PATH=/usr/local/opt/nvm/versions/node/v6.3.0/lib/node_modules/npm/bin/node-gyp-bin:/Users/elchroy/Roy/Code/rubyment/roymobile/node_modules/.bin:/usr/local/opt/nvm/versions/node/v6.3.0/bin:/Users/elchroy/.rvm/gems/ruby-2.3.0/bin:/Users/elchroy/.rvm/gems/ruby-2.3.0@global/bin:/Users/elchroy/.rvm/rubies/ruby-2.3.0/bin:/usr/local/opt/nvm/versions/node/v6.3.0/bin:/usr/local/mysql/bin:/usr/local/share/python:/usr/local/bin:/usr/bin:/bin:/usr/sbin:/sbin:/Users/elchroy/golang/src/github.com/andela/bin:/usr/local/opt/go/libexec/bin:/Users/elchroy/.rvm/bin:/Users/elchroy/Library/Android/sdk/tools:/Users/elchroy/Library/Android/sdk/platform-tools
SHELL=/bin/zsh

Signal Handlers:
SIGSEGV: [libjvm.dylib+0x5af145], sa_mask[0]=11111111011111110111111111111111, sa_flags=SA_ONSTACK|SA_RESTART|SA_SIGINFO
SIGBUS: [libjvm.dylib+0x5af145], sa_mask[0]=11111111011111110111111111111111, sa_flags=SA_RESTART|SA_SIGINFO
SIGFPE: [libjvm.dylib+0x48694c], sa_mask[0]=11111111011111110111111111111111, sa_flags=SA_RESTART|SA_SIGINFO
SIGPIPE: [libjvm.dylib+0x48694c], sa_mask[0]=11111111011111110111111111111111, sa_flags=SA_RESTART|SA_SIGINFO
SIGXFSZ: [libjvm.dylib+0x48694c], sa_mask[0]=11111111011111110111111111111111, sa_flags=SA_RESTART|SA_SIGINFO
SIGILL: [libjvm.dylib+0x48694c], sa_mask[0]=11111111011111110111111111111111, sa_flags=SA_RESTART|SA_SIGINFO
SIGUSR1: SIG_DFL, sa_mask[0]=11111111011111110111111111111111, sa_flags=none
SIGUSR2: [libjvm.dylib+0x48646a], sa_mask[0]=00000000000000000000000000000000, sa_flags=SA_RESTART|SA_SIGINFO
SIGHUP: [libjvm.dylib+0x484a41], sa_mask[0]=11111111011111110111111111111111, sa_flags=SA_RESTART|SA_SIGINFO
SIGINT: [libjvm.dylib+0x484a41], sa_mask[0]=11111111011111110111111111111111, sa_flags=SA_RESTART|SA_SIGINFO
SIGTERM: [libjvm.dylib+0x484a41], sa_mask[0]=11111111011111110111111111111111, sa_flags=SA_RESTART|SA_SIGINFO
SIGQUIT: [libjvm.dylib+0x484a41], sa_mask[0]=11111111011111110111111111111111, sa_flags=SA_RESTART|SA_SIGINFO


---------------  S Y S T E M  ---------------

OS:Bsduname:Darwin 16.4.0 Darwin Kernel Version 16.4.0: Thu Dec 22 22:53:21 PST 2016; root:xnu-3789.41.3~3/RELEASE_X86_64 x86_64
rlimit: STACK 8192k, CORE 0k, NPROC 709, NOFILE 10240, AS infinity
load average:7.80 7.20 6.76

CPU:total 4 (2 cores per cpu, 2 threads per core) family 6 model 61 stepping 4, cmov, cx8, fxsr, mmx, sse, sse2, sse3, ssse3, sse4.1, sse4.2, popcnt, avx, avx2, aes, clmul, erms, 3dnowpref, lzcnt, ht, tsc, tscinvbit, bmi1, bmi2, adx

Memory: 4k page, physical 8388608k(81420k free)

/proc/meminfo:


vm_info: Java HotSpot(TM) 64-Bit Server VM (25.101-b13) for bsd-amd64 JRE (1.8.0_101-b13), built on Jun 22 2016 02:42:15 by "java_re" with gcc 4.2.1 (Based on Apple Inc. build 5658) (LLVM build 2336.11.00)

time: Thu Feb  9 12:36:18 2017
elapsed time: 21 seconds (0d 0h 0m 21s)

