#
# A fatal error has been detected by the Java Runtime Environment:
#
#  SIGSEGV (0xb) at pc=0x0000000109a86498, pid=38332, tid=0x0000000000000307
#
# JRE version: Java(TM) SE Runtime Environment (8.0_101-b13) (build 1.8.0_101-b13)
# Java VM: Java HotSpot(TM) 64-Bit Server VM (25.101-b13 mixed mode bsd-amd64 compressed oops)
# Problematic frame:
# V  [libjvm.dylib+0x486498]
#
# Failed to write core dump. Core dumps have been disabled. To enable core dumping, try "ulimit -c unlimited" before starting Java again
#
# If you would like to submit a bug report, please visit:
#   http://bugreport.java.com/bugreport/crash.jsp
#

---------------  T H R E A D  ---------------

Current thread is native thread

siginfo: si_signo: 11 (SIGSEGV), si_code: 1 (SEGV_MAPERR), si_addr: 0x0000000000000128

Registers:
RAX=0x0000000000000000, RBX=0x00007fff577d77a0, RCX=0x00007fffa9547408, RDX=0x00007fff577d77a0
RSP=0x00007fff577d72d0, RBP=0x00007fff577d7300, RSI=0x00007fff577d7738, RDI=0x0000000000000103
R8 =0x00007fff577d77a0, R9 =0x00000000ffffffff, R10=0x0000000000000c00, R11=0x0000000000000206
R12=0x0000000000000c00, R13=0x0000000000000000, R14=0x00007fff577d7738, R15=0x0000000000000002
RIP=0x0000000109a86498, EFLAGS=0x0000000000010202, ERR=0x0000000000000004
  TRAPNO=0x000000000000000e

Top of Stack: (sp=0x00007fff577d72d0)
0x00007fff577d72d0:   0000000000000000 00007fff577d77a0
0x00007fff577d72e0:   0000000000000c00 0000000000000000
0x00007fff577d72f0:   00007fff577d79d0 0000000000000d03
0x00007fff577d7300:   00007fff577d7310 00007fffa0907bba
0x00007fff577d7310:   00007fff577d78a0 0000000000015c00
0x00007fff577d7320:   00015d00a5f9b958 00007fffa93dd2d0
0x00007fff577d7330:   0100001f00000085 00007fff8b1a3680
0x00007fff577d7340:   0000000010004005 00000000ffffffff
0x00007fff577d7350:   00007fff577d7858 0000000000000000
0x00007fff577d7360:   00007fff577d79d0 0000000007000806
0x00007fff577d7370:   00007fff577d78a0 00007fff577d7858
0x00007fff577d7380:   0000000000000d03 00000000ffffffff
0x00007fff577d7390:   0000000000000c00 0000000000000206
0x00007fff577d73a0:   0000000000000c00 0000000000000000
0x00007fff577d73b0:   00007fff577d79d0 0000000000000d03
0x00007fff577d73c0:   0000000108c6038a 0000000000000206
0x00007fff577d73d0:   0000000000000007 0000000000000000
0x00007fff577d73e0:   0000000000000000 0000000000000000
0x00007fff577d73f0:   000000000000037f 0000000000000000
0x00007fff577d7400:   0000000000000000 0000ffff00001fa0
0x00007fff577d7410:   0000000000000000 000000000000ffff
0x00007fff577d7420:   0000000000000100 000000000000ffff
0x00007fff577d7430:   0000000000000000 0000000000000000
0x00007fff577d7440:   0000000000000000 0000000000000000
0x00007fff577d7450:   87bc000000000000 000000000000c00b
0x00007fff577d7460:   0000000000000000 0000000000000000
0x00007fff577d7470:   8000000000000000 0000000000004007
0x00007fff577d7480:   c060000000000000 000000000000400a
0x00007fff577d7490:   41be4a9dc075dba9 0000000000000000
0x00007fff577d74a0:   3fdd76ea4228997c 0000000000000000
0x00007fff577d74b0:   c3de3f68fbed4e5b 439c0970412b1a4f
0x00007fff577d74c0:   0000000000000000 0000000000000000 

Instructions: (pc=0x0000000109a86498)
0x0000000109a86478:   83 ec 08 48 89 d3 49 89 f6 e8 00 26 14 00 44 8b
0x0000000109a86488:   38 48 8d 05 20 cd 3a 00 48 63 38 e8 ca 28 14 00
0x0000000109a86498:   4c 8b a0 28 01 00 00 41 83 7c 24 34 01 0f 85 e2
0x0000000109a864a8:   00 00 00 49 89 5c 24 40 4d 89 74 24 38 49 8d 5c 

Register to memory mapping:

RAX=0x0000000000000000 is an unknown value
RBX=0x00007fff577d77a0 is an unknown value
RCX=0x00007fffa9547408: _thread+0x48 in /usr/lib/system/libsystem_pthread.dylib at 0x00007fffa090e000
RDX=0x00007fff577d77a0 is an unknown value
RSP=0x00007fff577d72d0 is an unknown value
RBP=0x00007fff577d7300 is an unknown value
RSI=0x00007fff577d7738 is an unknown value
RDI=0x0000000000000103 is an unknown value
R8 =0x00007fff577d77a0 is an unknown value
R9 =0x00000000ffffffff is an unknown value
R10=0x0000000000000c00 is an unknown value
R11=0x0000000000000206 is an unknown value
R12=0x0000000000000c00 is an unknown value
R13=0x0000000000000000 is an unknown value
R14=0x00007fff577d7738 is an unknown value
R15=0x0000000000000002 is an unknown value


Stack: [0x00007fff56fdc000,0x00007fff577dc000],  sp=0x00007fff577d72d0,  free space=8172k
Native frames: (J=compiled Java code, j=interpreted, Vv=VM code, C=native code)
V  [libjvm.dylib+0x486498]
C  [libsystem_platform.dylib+0x2bba]  _sigtramp+0x1a
C  0x0000000000015c00
C  [CoreFoundation+0x88c94]  __CFRunLoopServiceMachPort+0xd4
C  [CoreFoundation+0x88121]  __CFRunLoopRun+0x551
C  [CoreFoundation+0x87974]  CFRunLoopRunSpecific+0x1a4
C  [java+0x6465]  CreateExecutionEnvironment+0x367
C  [java+0x218c]  JLI_Launch+0x7a0
C  [java+0x84c2]  main+0x65
C  [java+0x19e4]  start+0x34


---------------  P R O C E S S  ---------------

VM state:not at safepoint (normal execution)

VM Mutex/Monitor currently owned by a thread: None

Heap:
 PSYoungGen      total 158208K, used 110356K [0x0000000795580000, 0x00000007a2380000, 0x00000007c0000000)
  eden space 141824K, 67% used [0x0000000795580000,0x000000079b326e20,0x000000079e000000)
  from space 16384K, 88% used [0x000000079e000000,0x000000079ee1e400,0x000000079f000000)
  to   space 17920K, 0% used [0x00000007a1200000,0x00000007a1200000,0x00000007a2380000)
 ParOldGen       total 110080K, used 24607K [0x0000000740000000, 0x0000000746b80000, 0x0000000795580000)
  object space 110080K, 22% used [0x0000000740000000,0x0000000741807d70,0x0000000746b80000)
 Metaspace       used 39978K, capacity 41314K, committed 41560K, reserved 1085440K
  class space    used 5638K, capacity 6210K, committed 6272K, reserved 1048576K

Card table byte_map: [0x0000000119cf8000,0x000000011a0f9000] byte_map_base: 0x00000001162f8000

Marking Bits: (ParMarkBitMap*) 0x0000000109eedd20
 Begin Bits: [0x000000011a0f9000, 0x000000011c0f9000)
 End Bits:   [0x000000011c0f9000, 0x000000011e0f9000)

Polling page: 0x000000010844c000

CodeCache: size=245760Kb used=13597Kb max_used=13785Kb free=232162Kb
 bounds [0x000000010acf8000, 0x000000010ba98000, 0x0000000119cf8000]
 total_blobs=4657 nmethods=3992 adapters=577
 compilation: enabled

Compilation events (10 events):
Event: 8.811 Thread 0x00007f8483002000 nmethod 4238 0x000000010b169350 code [0x000000010b1695e0, 0x000000010b16a970]
Event: 8.841 Thread 0x00007f8483004000 nmethod 4239 0x000000010ba6af50 code [0x000000010ba6b2a0, 0x000000010ba6e0a8]
Event: 8.853 Thread 0x00007f8483002000 4240 % !   4       com.android.ddmlib.AdbHelper::executeRemoteCommand @ 226 (548 bytes)
Event: 8.864 Thread 0x00007f8483002000 nmethod 4240% 0x000000010aff7350 code [0x000000010aff7520, 0x000000010aff7cf0]
Event: 8.867 Thread 0x00007f8483004000 4241       4       java.nio.Buffer::hasRemaining (17 bytes)
Event: 8.868 Thread 0x00007f8483004000 nmethod 4241 0x000000010af6a0d0 code [0x000000010af6a220, 0x000000010af6a298]
Event: 10.653 Thread 0x00007f8483004800 4242       1       java.nio.HeapByteBuffer::isReadOnly (2 bytes)
Event: 10.653 Thread 0x00007f8483004800 nmethod 4242 0x000000010ae20d10 code [0x000000010ae20e60, 0x000000010ae20f70]
Event: 10.679 Thread 0x00007f8483004800 4243       3       java.nio.channels.spi.AbstractInterruptibleChannel::end (50 bytes)
Event: 10.680 Thread 0x00007f8483004800 nmethod 4243 0x000000010af85dd0 code [0x000000010af85fa0, 0x000000010af86758]

GC Heap History (10 events):
Event: 3.024 GC heap before
{Heap before GC invocations=7 (full 1):
 PSYoungGen      total 71680K, used 66560K [0x0000000795580000, 0x000000079ea80000, 0x00000007c0000000)
  eden space 66560K, 100% used [0x0000000795580000,0x0000000799680000,0x0000000799680000)
  from space 5120K, 0% used [0x0000000799680000,0x0000000799680000,0x0000000799b80000)
  to   space 9728K, 0% used [0x000000079e100000,0x000000079e100000,0x000000079ea80000)
 ParOldGen       total 62976K, used 8894K [0x0000000740000000, 0x0000000743d80000, 0x0000000795580000)
  object space 62976K, 14% used [0x0000000740000000,0x00000007408af888,0x0000000743d80000)
 Metaspace       used 25329K, capacity 25984K, committed 26240K, reserved 1071104K
  class space    used 3434K, capacity 3673K, committed 3712K, reserved 1048576K
Event: 3.031 GC heap after
Heap after GC invocations=7 (full 1):
 PSYoungGen      total 104448K, used 5894K [0x0000000795580000, 0x000000079e700000, 0x00000007c0000000)
  eden space 98304K, 0% used [0x0000000795580000,0x0000000795580000,0x000000079b580000)
  from space 6144K, 95% used [0x000000079e100000,0x000000079e6c1a70,0x000000079e700000)
  to   space 9728K, 0% used [0x000000079d400000,0x000000079d400000,0x000000079dd80000)
 ParOldGen       total 62976K, used 8966K [0x0000000740000000, 0x0000000743d80000, 0x0000000795580000)
  object space 62976K, 14% used [0x0000000740000000,0x00000007408c1898,0x0000000743d80000)
 Metaspace       used 25329K, capacity 25984K, committed 26240K, reserved 1071104K
  class space    used 3434K, capacity 3673K, committed 3712K, reserved 1048576K
}
Event: 4.081 GC heap before
{Heap before GC invocations=8 (full 1):
 PSYoungGen      total 104448K, used 104198K [0x0000000795580000, 0x000000079e700000, 0x00000007c0000000)
  eden space 98304K, 100% used [0x0000000795580000,0x000000079b580000,0x000000079b580000)
  from space 6144K, 95% used [0x000000079e100000,0x000000079e6c1a70,0x000000079e700000)
  to   space 9728K, 0% used [0x000000079d400000,0x000000079d400000,0x000000079dd80000)
 ParOldGen       total 62976K, used 8966K [0x0000000740000000, 0x0000000743d80000, 0x0000000795580000)
  object space 62976K, 14% used [0x0000000740000000,0x00000007408c1898,0x0000000743d80000)
 Metaspace       used 32025K, capacity 33006K, committed 33280K, reserved 1077248K
  class space    used 4453K, capacity 4835K, committed 4864K, reserved 1048576K
Event: 4.099 GC heap after
Heap after GC invocations=8 (full 1):
 PSYoungGen      total 139264K, used 9700K [0x0000000795580000, 0x000000079fd80000, 0x00000007c0000000)
  eden space 129536K, 0% used [0x0000000795580000,0x0000000795580000,0x000000079d400000)
  from space 9728K, 99% used [0x000000079d400000,0x000000079dd79020,0x000000079dd80000)
  to   space 13824K, 0% used [0x000000079f000000,0x000000079f000000,0x000000079fd80000)
 ParOldGen       total 62976K, used 15637K [0x0000000740000000, 0x0000000743d80000, 0x0000000795580000)
  object space 62976K, 24% used [0x0000000740000000,0x0000000740f454f8,0x0000000743d80000)
 Metaspace       used 32025K, capacity 33006K, committed 33280K, reserved 1077248K
  class space    used 4453K, capacity 4835K, committed 4864K, reserved 1048576K
}
Event: 4.579 GC heap before
{Heap before GC invocations=9 (full 1):
 PSYoungGen      total 139264K, used 58513K [0x0000000795580000, 0x000000079fd80000, 0x00000007c0000000)
  eden space 129536K, 37% used [0x0000000795580000,0x000000079852b4a0,0x000000079d400000)
  from space 9728K, 99% used [0x000000079d400000,0x000000079dd79020,0x000000079dd80000)
  to   space 13824K, 0% used [0x000000079f000000,0x000000079f000000,0x000000079fd80000)
 ParOldGen       total 62976K, used 15637K [0x0000000740000000, 0x0000000743d80000, 0x0000000795580000)
  object space 62976K, 24% used [0x0000000740000000,0x0000000740f454f8,0x0000000743d80000)
 Metaspace       used 34344K, capacity 35304K, committed 35416K, reserved 1079296K
  class space    used 4785K, capacity 5198K, committed 5248K, reserved 1048576K
Event: 4.600 GC heap after
Heap after GC invocations=9 (full 1):
 PSYoungGen      total 155648K, used 13796K [0x0000000795580000, 0x00000007a3800000, 0x00000007c0000000)
  eden space 141824K, 0% used [0x0000000795580000,0x0000000795580000,0x000000079e000000)
  from space 13824K, 99% used [0x000000079f000000,0x000000079fd79020,0x000000079fd80000)
  to   space 16384K, 0% used [0x000000079e000000,0x000000079e000000,0x000000079f000000)
 ParOldGen       total 62976K, used 17014K [0x0000000740000000, 0x0000000743d80000, 0x0000000795580000)
  object space 62976K, 27% used [0x0000000740000000,0x000000074109d808,0x0000000743d80000)
 Metaspace       used 34344K, capacity 35304K, committed 35416K, reserved 1079296K
  class space    used 4785K, capacity 5198K, committed 5248K, reserved 1048576K
}
Event: 4.600 GC heap before
{Heap before GC invocations=10 (full 2):
 PSYoungGen      total 155648K, used 13796K [0x0000000795580000, 0x00000007a3800000, 0x00000007c0000000)
  eden space 141824K, 0% used [0x0000000795580000,0x0000000795580000,0x000000079e000000)
  from space 13824K, 99% used [0x000000079f000000,0x000000079fd79020,0x000000079fd80000)
  to   space 16384K, 0% used [0x000000079e000000,0x000000079e000000,0x000000079f000000)
 ParOldGen       total 62976K, used 17014K [0x0000000740000000, 0x0000000743d80000, 0x0000000795580000)
  object space 62976K, 27% used [0x0000000740000000,0x000000074109d808,0x0000000743d80000)
 Metaspace       used 34344K, capacity 35304K, committed 35416K, reserved 1079296K
  class space    used 4785K, capacity 5198K, committed 5248K, reserved 1048576K
Event: 4.720 GC heap after
Heap after GC invocations=10 (full 2):
 PSYoungGen      total 155648K, used 0K [0x0000000795580000, 0x00000007a3800000, 0x00000007c0000000)
  eden space 141824K, 0% used [0x0000000795580000,0x0000000795580000,0x000000079e000000)
  from space 13824K, 0% used [0x000000079f000000,0x000000079f000000,0x000000079fd80000)
  to   space 16384K, 0% used [0x000000079e000000,0x000000079e000000,0x000000079f000000)
 ParOldGen       total 110080K, used 24599K [0x0000000740000000, 0x0000000746b80000, 0x0000000795580000)
  object space 110080K, 22% used [0x0000000740000000,0x0000000741805d70,0x0000000746b80000)
 Metaspace       used 34344K, capacity 35304K, committed 35416K, reserved 1079296K
  class space    used 4785K, capacity 5198K, committed 5248K, reserved 1048576K
}
Event: 6.143 GC heap before
{Heap before GC invocations=11 (full 2):
 PSYoungGen      total 155648K, used 141824K [0x0000000795580000, 0x00000007a3800000, 0x00000007c0000000)
  eden space 141824K, 100% used [0x0000000795580000,0x000000079e000000,0x000000079e000000)
  from space 13824K, 0% used [0x000000079f000000,0x000000079f000000,0x000000079fd80000)
  to   space 16384K, 0% used [0x000000079e000000,0x000000079e000000,0x000000079f000000)
 ParOldGen       total 110080K, used 24599K [0x0000000740000000, 0x0000000746b80000, 0x0000000795580000)
  object space 110080K, 22% used [0x0000000740000000,0x0000000741805d70,0x0000000746b80000)
 Metaspace       used 36907K, capacity 37848K, committed 38104K, reserved 1081344K
  class space    used 5150K, capacity 5546K, committed 5632K, reserved 1048576K
Event: 6.164 GC heap after
Heap after GC invocations=11 (full 2):
 PSYoungGen      total 158208K, used 14457K [0x0000000795580000, 0x00000007a2380000, 0x00000007c0000000)
  eden space 141824K, 0% used [0x0000000795580000,0x0000000795580000,0x000000079e000000)
  from space 16384K, 88% used [0x000000079e000000,0x000000079ee1e400,0x000000079f000000)
  to   space 17920K, 0% used [0x00000007a1200000,0x00000007a1200000,0x00000007a2380000)
 ParOldGen       total 110080K, used 24607K [0x0000000740000000, 0x0000000746b80000, 0x0000000795580000)
  object space 110080K, 22% used [0x0000000740000000,0x0000000741807d70,0x0000000746b80000)
 Metaspace       used 36907K, capacity 37848K, committed 38104K, reserved 1081344K
  class space    used 5150K, capacity 5546K, committed 5632K, reserved 1048576K
}

Deoptimization events (10 events):
Event: 7.325 Thread 0x00007f8486879800 Uncommon trap: reason=unstable_if action=reinterpret pc=0x000000010ba26ec4 method=java.lang.Integer.getChars(II[C)V @ 7
Event: 7.341 Thread 0x00007f8485582800 Uncommon trap: reason=unstable_if action=reinterpret pc=0x000000010b798704 method=java.lang.AbstractStringBuilder.append(I)Ljava/lang/AbstractStringBuilder; @ 16
Event: 8.773 Thread 0x00007f8482802800 Uncommon trap: reason=unstable_if action=reinterpret pc=0x000000010ae1d1f0 method=sun.nio.ch.IOUtil.writeFromNativeBuffer(Ljava/io/FileDescriptor;Ljava/nio/ByteBuffer;JLsun/nio/ch/NativeDispatcher;)I @ 121
Event: 8.773 Thread 0x00007f8482802800 Uncommon trap: reason=unstable_if action=reinterpret pc=0x000000010aebf130 method=java.nio.Buffer.hasRemaining()Z @ 8
Event: 8.773 Thread 0x00007f8482802800 Uncommon trap: reason=unstable_if action=reinterpret pc=0x000000010afd5214 method=sun.nio.ch.IOUtil.writeFromNativeBuffer(Ljava/io/FileDescriptor;Ljava/nio/ByteBuffer;JLsun/nio/ch/NativeDispatcher;)I @ 121
Event: 8.773 Thread 0x00007f8482802800 Uncommon trap: reason=unstable_if action=reinterpret pc=0x000000010afbfabc method=java.nio.Buffer.hasRemaining()Z @ 8
Event: 8.773 Thread 0x00007f8482802800 Uncommon trap: reason=unstable_if action=reinterpret pc=0x000000010ae85984 method=sun.nio.ch.IOUtil.writeFromNativeBuffer(Ljava/io/FileDescriptor;Ljava/nio/ByteBuffer;JLsun/nio/ch/NativeDispatcher;)I @ 121
Event: 8.972 Thread 0x00007f8482802800 Uncommon trap: reason=unstable_if action=reinterpret pc=0x000000010aff7a20 method=com.android.ddmlib.AdbHelper.executeRemoteCommand(Ljava/net/InetSocketAddress;Lcom/android/ddmlib/AdbHelper$AdbService;Ljava/lang/String;Lcom/android/ddmlib/IDevice;Lcom/and
Event: 9.024 Thread 0x00007f8482802800 Uncommon trap: reason=unstable_if action=reinterpret pc=0x000000010ae0ca18 method=java.nio.channels.spi.AbstractInterruptibleChannel.end(Z)V @ 31
Event: 9.024 Thread 0x00007f8482802800 Uncommon trap: reason=unstable_if action=reinterpret pc=0x000000010af1f05c method=java.nio.channels.spi.AbstractInterruptibleChannel.begin()V @ 4

Internal exceptions (10 events):
Event: 8.271 Thread 0x00007f8482802800 Exception <a 'java/lang/ClassNotFoundException': com/google/common/collect/SingletonImmutableListBeanInfo> (0x000000079a51f3b0) thrown at [/HUDSON3/workspace/8-2-build-macosx-x86_64/jdk8u101/7261/hotspot/src/share/vm/classfile/systemDictionary.cpp, line 2
Event: 8.271 Thread 0x00007f8482802800 Exception <a 'java/lang/ClassNotFoundException': com/google/common/collect/ImmutableListBeanInfo> (0x000000079a52b2e8) thrown at [/HUDSON3/workspace/8-2-build-macosx-x86_64/jdk8u101/7261/hotspot/src/share/vm/classfile/systemDictionary.cpp, line 210]
Event: 8.271 Thread 0x00007f8482802800 Exception <a 'java/lang/ClassNotFoundException': com/google/common/collect/ImmutableCollectionBeanInfo> (0x000000079a537ff8) thrown at [/HUDSON3/workspace/8-2-build-macosx-x86_64/jdk8u101/7261/hotspot/src/share/vm/classfile/systemDictionary.cpp, line 210]
Event: 8.271 Thread 0x00007f8482802800 Exception <a 'java/lang/ClassNotFoundException': com/google/common/collect/ImmutableCollectionCustomizer> (0x000000079a545158) thrown at [/HUDSON3/workspace/8-2-build-macosx-x86_64/jdk8u101/7261/hotspot/src/share/vm/classfile/systemDictionary.cpp, line 21
Event: 8.272 Thread 0x00007f8482802800 Exception <a 'java/lang/ClassNotFoundException': com/google/common/collect/ImmutableListCustomizer> (0x000000079af17e98) thrown at [/HUDSON3/workspace/8-2-build-macosx-x86_64/jdk8u101/7261/hotspot/src/share/vm/classfile/systemDictionary.cpp, line 210]
Event: 8.273 Thread 0x00007f8482802800 Exception <a 'java/lang/ClassNotFoundException': com/google/common/collect/SingletonImmutableListCustomizer> (0x000000079af5ecf8) thrown at [/HUDSON3/workspace/8-2-build-macosx-x86_64/jdk8u101/7261/hotspot/src/share/vm/classfile/systemDictionary.cpp, line
Event: 8.274 Thread 0x00007f8482802800 Exception <a 'java/lang/ClassNotFoundException': com/android/build/gradle/api/ApkOutputFileBeanInfo> (0x000000079af98b00) thrown at [/HUDSON3/workspace/8-2-build-macosx-x86_64/jdk8u101/7261/hotspot/src/share/vm/classfile/systemDictionary.cpp, line 210]
Event: 8.275 Thread 0x00007f8482802800 Exception <a 'java/lang/ClassNotFoundException': com/android/build/gradle/api/ApkOutputFileCustomizer> (0x000000079afa4b30) thrown at [/HUDSON3/workspace/8-2-build-macosx-x86_64/jdk8u101/7261/hotspot/src/share/vm/classfile/systemDictionary.cpp, line 210]
Event: 8.323 Thread 0x00007f8482802800 Exception <a 'java/lang/ClassNotFoundException': com/android/ide/common/build/SplitOutputMatcherBeanInfo> (0x000000079b006068) thrown at [/HUDSON3/workspace/8-2-build-macosx-x86_64/jdk8u101/7261/hotspot/src/share/vm/classfile/systemDictionary.cpp, line 21
Event: 8.323 Thread 0x00007f8482802800 Exception <a 'java/lang/ClassNotFoundException': com/android/ide/common/build/SplitOutputMatcherCustomizer> (0x000000079b012960) thrown at [/HUDSON3/workspace/8-2-build-macosx-x86_64/jdk8u101/7261/hotspot/src/share/vm/classfile/systemDictionary.cpp, line 

Events (10 events):
Event: 8.865 Thread 0x00007f8482802800 DEOPT UNPACKING pc=0x000000010ad3f633 sp=0x0000700008ec7af0 mode 0
Event: 8.972 Thread 0x00007f8482802800 Uncommon trap: trap_request=0xffffff65 fr.pc=0x000000010aff7a20
Event: 8.972 Thread 0x00007f8482802800 DEOPT PACKING pc=0x000000010aff7a20 sp=0x0000700008ec7db0
Event: 8.972 Thread 0x00007f8482802800 DEOPT UNPACKING pc=0x000000010acfd229 sp=0x0000700008ec7d70 mode 2
Event: 9.024 Thread 0x00007f8482802800 Uncommon trap: trap_request=0xffffff65 fr.pc=0x000000010ae0ca18
Event: 9.024 Thread 0x00007f8482802800 DEOPT PACKING pc=0x000000010ae0ca18 sp=0x0000700008ec7c40
Event: 9.024 Thread 0x00007f8482802800 DEOPT UNPACKING pc=0x000000010acfd229 sp=0x0000700008ec7c20 mode 2
Event: 9.024 Thread 0x00007f8482802800 Uncommon trap: trap_request=0xffffff65 fr.pc=0x000000010af1f05c
Event: 9.024 Thread 0x00007f8482802800 DEOPT PACKING pc=0x000000010af1f05c sp=0x0000700008ec7a00
Event: 9.024 Thread 0x00007f8482802800 DEOPT UNPACKING pc=0x000000010acfd229 sp=0x0000700008ec79d0 mode 2


Dynamic libraries:
0x0000000015df1000 	/System/Library/Frameworks/Cocoa.framework/Versions/A/Cocoa
0x0000000015df1000 	/System/Library/Frameworks/Security.framework/Versions/A/Security
0x0000000015df1000 	/System/Library/Frameworks/ApplicationServices.framework/Versions/A/ApplicationServices
0x0000000015df1000 	/usr/lib/libz.1.dylib
0x0000000108445000 	/usr/lib/libSystem.B.dylib
0x0000000015df1000 	/usr/lib/libobjc.A.dylib
0x0000000015df1000 	/System/Library/Frameworks/CoreFoundation.framework/Versions/A/CoreFoundation
0x0000000015df1000 	/System/Library/Frameworks/Foundation.framework/Versions/C/Foundation
0x0000000015df1000 	/System/Library/Frameworks/AppKit.framework/Versions/C/AppKit
0x0000000015df1000 	/System/Library/Frameworks/CoreData.framework/Versions/A/CoreData
0x0000000015df1000 	/System/Library/PrivateFrameworks/RemoteViewServices.framework/Versions/A/RemoteViewServices
0x0000000015df1000 	/System/Library/PrivateFrameworks/UIFoundation.framework/Versions/A/UIFoundation
0x0000000015df1000 	/System/Library/PrivateFrameworks/DFRFoundation.framework/Versions/A/DFRFoundation
0x0000000015df1000 	/usr/lib/libenergytrace.dylib
0x0000000015df1000 	/System/Library/PrivateFrameworks/SkyLight.framework/Versions/A/SkyLight
0x0000000015df1000 	/System/Library/Frameworks/CoreGraphics.framework/Versions/A/CoreGraphics
0x0000000015df1000 	/usr/lib/libScreenReader.dylib
0x0000000015df1000 	/System/Library/Frameworks/Accelerate.framework/Versions/A/Accelerate
0x0000000015df1000 	/System/Library/Frameworks/IOSurface.framework/Versions/A/IOSurface
0x0000000015df1000 	/System/Library/Frameworks/AudioToolbox.framework/Versions/A/AudioToolbox
0x0000000015df1000 	/System/Library/Frameworks/AudioUnit.framework/Versions/A/AudioUnit
0x0000000015df1000 	/System/Library/PrivateFrameworks/DataDetectorsCore.framework/Versions/A/DataDetectorsCore
0x0000000015df1000 	/System/Library/PrivateFrameworks/DesktopServicesPriv.framework/Versions/A/DesktopServicesPriv
0x0000000015df1000 	/System/Library/Frameworks/Carbon.framework/Versions/A/Frameworks/HIToolbox.framework/Versions/A/HIToolbox
0x0000000015df1000 	/usr/lib/libicucore.A.dylib
0x0000000015df1000 	/System/Library/Frameworks/QuartzCore.framework/Versions/A/QuartzCore
0x0000000015df1000 	/System/Library/Frameworks/Carbon.framework/Versions/A/Frameworks/SpeechRecognition.framework/Versions/A/SpeechRecognition
0x0000000015df1000 	/usr/lib/libauto.dylib
0x0000000015df1000 	/usr/lib/libxml2.2.dylib
0x0000000015df1000 	/System/Library/PrivateFrameworks/CoreUI.framework/Versions/A/CoreUI
0x0000000015df1000 	/System/Library/Frameworks/CoreAudio.framework/Versions/A/CoreAudio
0x0000000015df1000 	/System/Library/Frameworks/DiskArbitration.framework/Versions/A/DiskArbitration
0x0000000015df1000 	/usr/lib/liblangid.dylib
0x0000000015df1000 	/System/Library/PrivateFrameworks/MultitouchSupport.framework/Versions/A/MultitouchSupport
0x000000010844e000 	/System/Library/Frameworks/IOKit.framework/Versions/A/IOKit
0x0000000015df1000 	/usr/lib/libDiagnosticMessagesClient.dylib
0x0000000015df1000 	/System/Library/Frameworks/CoreServices.framework/Versions/A/CoreServices
0x0000000015df1000 	/System/Library/PrivateFrameworks/PerformanceAnalysis.framework/Versions/A/PerformanceAnalysis
0x0000000015df1000 	/System/Library/PrivateFrameworks/GenerationalStorage.framework/Versions/A/GenerationalStorage
0x0000000015df1000 	/System/Library/Frameworks/OpenGL.framework/Versions/A/OpenGL
0x0000000015df1000 	/System/Library/Frameworks/CoreImage.framework/Versions/A/CoreImage
0x0000000015df1000 	/System/Library/Frameworks/CoreText.framework/Versions/A/CoreText
0x0000000015df1000 	/System/Library/Frameworks/ImageIO.framework/Versions/A/ImageIO
0x0000000015df1000 	/System/Library/PrivateFrameworks/Backup.framework/Versions/A/Backup
0x0000000015df1000 	/usr/lib/libarchive.2.dylib
0x000000010852a000 	/System/Library/Frameworks/CFNetwork.framework/Versions/A/CFNetwork
0x0000000015df1000 	/System/Library/Frameworks/SystemConfiguration.framework/Versions/A/SystemConfiguration
0x0000000015df1000 	/usr/lib/libCRFSuite.dylib
0x0000000015df1000 	/usr/lib/libc++.1.dylib
0x0000000015df1000 	/usr/lib/libc++abi.dylib
0x0000000015df1000 	/usr/lib/system/libcache.dylib
0x0000000015df1000 	/usr/lib/system/libcommonCrypto.dylib
0x0000000015df1000 	/usr/lib/system/libcompiler_rt.dylib
0x0000000015df1000 	/usr/lib/system/libcopyfile.dylib
0x0000000015df1000 	/usr/lib/system/libcorecrypto.dylib
0x0000000015df1000 	/usr/lib/system/libdispatch.dylib
0x0000000108c14000 	/usr/lib/system/libdyld.dylib
0x0000000015df1000 	/usr/lib/system/libkeymgr.dylib
0x0000000015df1000 	/usr/lib/system/liblaunch.dylib
0x0000000015df1000 	/usr/lib/system/libmacho.dylib
0x0000000015df1000 	/usr/lib/system/libquarantine.dylib
0x0000000015df1000 	/usr/lib/system/libremovefile.dylib
0x0000000015df1000 	/usr/lib/system/libsystem_asl.dylib
0x0000000015df1000 	/usr/lib/system/libsystem_blocks.dylib
0x0000000015df1000 	/usr/lib/system/libsystem_c.dylib
0x0000000015df1000 	/usr/lib/system/libsystem_configuration.dylib
0x0000000015df1000 	/usr/lib/system/libsystem_coreservices.dylib
0x0000000108c29000 	/usr/lib/system/libsystem_coretls.dylib
0x0000000015df1000 	/usr/lib/system/libsystem_dnssd.dylib
0x0000000015df1000 	/usr/lib/system/libsystem_info.dylib
0x0000000108c4e000 	/usr/lib/system/libsystem_kernel.dylib
0x0000000015df1000 	/usr/lib/system/libsystem_m.dylib
0x0000000015df1000 	/usr/lib/system/libsystem_malloc.dylib
0x0000000015df1000 	/usr/lib/system/libsystem_network.dylib
0x0000000108c88000 	/usr/lib/system/libsystem_networkextension.dylib
0x0000000015df1000 	/usr/lib/system/libsystem_notify.dylib
0x0000000015df1000 	/usr/lib/system/libsystem_platform.dylib
0x0000000015df1000 	/usr/lib/system/libsystem_pthread.dylib
0x0000000108ca2000 	/usr/lib/system/libsystem_sandbox.dylib
0x0000000015df1000 	/usr/lib/system/libsystem_secinit.dylib
0x0000000108cb0000 	/usr/lib/system/libsystem_symptoms.dylib
0x0000000108cc3000 	/usr/lib/system/libsystem_trace.dylib
0x0000000015df1000 	/usr/lib/system/libunwind.dylib
0x0000000015df1000 	/usr/lib/system/libxpc.dylib
0x0000000015df1000 	/usr/lib/libbsm.0.dylib
0x0000000108cf8000 	/usr/lib/system/libkxld.dylib
0x0000000015df1000 	/usr/lib/libcoretls.dylib
0x0000000015df1000 	/usr/lib/libcoretls_cfhelpers.dylib
0x0000000015df1000 	/usr/lib/libxar.1.dylib
0x0000000015df1000 	/usr/lib/libsqlite3.dylib
0x0000000015df1000 	/usr/lib/libpam.2.dylib
0x0000000015df1000 	/usr/lib/libOpenScriptingUtil.dylib
0x0000000015df1000 	/usr/lib/libbz2.1.0.dylib
0x0000000015df1000 	/usr/lib/liblzma.5.dylib
0x0000000015df1000 	/usr/lib/libnetwork.dylib
0x0000000015df1000 	/usr/lib/libpcap.A.dylib
0x0000000015df1000 	/System/Library/Frameworks/CoreServices.framework/Versions/A/Frameworks/FSEvents.framework/Versions/A/FSEvents
0x0000000015df1000 	/System/Library/Frameworks/CoreServices.framework/Versions/A/Frameworks/CarbonCore.framework/Versions/A/CarbonCore
0x0000000015df1000 	/System/Library/Frameworks/CoreServices.framework/Versions/A/Frameworks/Metadata.framework/Versions/A/Metadata
0x0000000015df1000 	/System/Library/Frameworks/CoreServices.framework/Versions/A/Frameworks/OSServices.framework/Versions/A/OSServices
0x0000000015df1000 	/System/Library/Frameworks/CoreServices.framework/Versions/A/Frameworks/SearchKit.framework/Versions/A/SearchKit
0x0000000015df1000 	/System/Library/Frameworks/CoreServices.framework/Versions/A/Frameworks/AE.framework/Versions/A/AE
0x0000000015df1000 	/System/Library/Frameworks/CoreServices.framework/Versions/A/Frameworks/LaunchServices.framework/Versions/A/LaunchServices
0x0000000015df1000 	/System/Library/Frameworks/CoreServices.framework/Versions/A/Frameworks/DictionaryServices.framework/Versions/A/DictionaryServices
0x0000000015df1000 	/System/Library/Frameworks/CoreServices.framework/Versions/A/Frameworks/SharedFileList.framework/Versions/A/SharedFileList
0x0000000015df1000 	/System/Library/Frameworks/NetFS.framework/Versions/A/NetFS
0x0000000015df1000 	/System/Library/PrivateFrameworks/NetAuth.framework/Versions/A/NetAuth
0x0000000015df1000 	/System/Library/PrivateFrameworks/login.framework/Versions/A/Frameworks/loginsupport.framework/Versions/A/loginsupport
0x0000000015df1000 	/System/Library/PrivateFrameworks/TCC.framework/Versions/A/TCC
0x0000000015df1000 	/usr/lib/libmecabra.dylib
0x0000000015df1000 	/System/Library/Frameworks/ApplicationServices.framework/Versions/A/Frameworks/ATS.framework/Versions/A/ATS
0x0000000015df1000 	/System/Library/Frameworks/ApplicationServices.framework/Versions/A/Frameworks/ColorSync.framework/Versions/A/ColorSync
0x0000000015df1000 	/System/Library/Frameworks/ApplicationServices.framework/Versions/A/Frameworks/HIServices.framework/Versions/A/HIServices
0x0000000015df1000 	/System/Library/Frameworks/ApplicationServices.framework/Versions/A/Frameworks/LangAnalysis.framework/Versions/A/LangAnalysis
0x0000000015df1000 	/System/Library/Frameworks/ApplicationServices.framework/Versions/A/Frameworks/PrintCore.framework/Versions/A/PrintCore
0x0000000015df1000 	/System/Library/Frameworks/ApplicationServices.framework/Versions/A/Frameworks/QD.framework/Versions/A/QD
0x0000000015df1000 	/System/Library/Frameworks/ApplicationServices.framework/Versions/A/Frameworks/SpeechSynthesis.framework/Versions/A/SpeechSynthesis
0x0000000015df1000 	/System/Library/Frameworks/Accelerate.framework/Versions/A/Frameworks/vImage.framework/Versions/A/vImage
0x0000000015df1000 	/System/Library/Frameworks/Accelerate.framework/Versions/A/Frameworks/vecLib.framework/Versions/A/vecLib
0x0000000015df1000 	/System/Library/Frameworks/Accelerate.framework/Versions/A/Frameworks/vecLib.framework/Versions/A/libvDSP.dylib
0x0000000015df1000 	/System/Library/Frameworks/Accelerate.framework/Versions/A/Frameworks/vecLib.framework/Versions/A/libBNNS.dylib
0x0000000015df1000 	/System/Library/Frameworks/Accelerate.framework/Versions/A/Frameworks/vecLib.framework/Versions/A/libQuadrature.dylib
0x0000000015df1000 	/System/Library/Frameworks/Accelerate.framework/Versions/A/Frameworks/vecLib.framework/Versions/A/libvMisc.dylib
0x0000000015df1000 	/System/Library/Frameworks/Accelerate.framework/Versions/A/Frameworks/vecLib.framework/Versions/A/libLAPACK.dylib
0x0000000015df1000 	/System/Library/Frameworks/Accelerate.framework/Versions/A/Frameworks/vecLib.framework/Versions/A/libBLAS.dylib
0x0000000015df1000 	/System/Library/Frameworks/Accelerate.framework/Versions/A/Frameworks/vecLib.framework/Versions/A/libLinearAlgebra.dylib
0x0000000015df1000 	/System/Library/Frameworks/Accelerate.framework/Versions/A/Frameworks/vecLib.framework/Versions/A/libSparseBLAS.dylib
0x0000000015df1000 	/System/Library/Frameworks/ApplicationServices.framework/Versions/A/Frameworks/ATS.framework/Versions/A/Resources/libFontParser.dylib
0x0000000015df1000 	/System/Library/Frameworks/ApplicationServices.framework/Versions/A/Frameworks/ATS.framework/Versions/A/Resources/libFontRegistry.dylib
0x0000000015df1000 	/System/Library/Frameworks/ImageIO.framework/Versions/A/Resources/libJPEG.dylib
0x0000000015df1000 	/System/Library/Frameworks/ImageIO.framework/Versions/A/Resources/libTIFF.dylib
0x0000000015df1000 	/System/Library/Frameworks/ImageIO.framework/Versions/A/Resources/libPng.dylib
0x0000000015df1000 	/System/Library/Frameworks/ImageIO.framework/Versions/A/Resources/libGIF.dylib
0x0000000015df1000 	/System/Library/Frameworks/ImageIO.framework/Versions/A/Resources/libJP2.dylib
0x0000000015df1000 	/System/Library/Frameworks/ImageIO.framework/Versions/A/Resources/libRadiance.dylib
0x0000000015df1000 	/usr/lib/libcompression.dylib
0x0000000015df1000 	/System/Library/PrivateFrameworks/AppleJPEG.framework/Versions/A/AppleJPEG
0x0000000015df1000 	/usr/lib/libcups.2.dylib
0x0000000015df1000 	/System/Library/Frameworks/Kerberos.framework/Versions/A/Kerberos
0x0000000015df1000 	/System/Library/Frameworks/GSS.framework/Versions/A/GSS
0x0000000015df1000 	/usr/lib/libresolv.9.dylib
0x0000000015df1000 	/usr/lib/libiconv.2.dylib
0x0000000015df1000 	/System/Library/PrivateFrameworks/Heimdal.framework/Versions/A/Heimdal
0x0000000015df1000 	/usr/lib/libheimdal-asn1.dylib
0x0000000015df1000 	/System/Library/Frameworks/OpenDirectory.framework/Versions/A/OpenDirectory
0x0000000015df1000 	/System/Library/PrivateFrameworks/CommonAuth.framework/Versions/A/CommonAuth
0x0000000015df1000 	/System/Library/Frameworks/OpenDirectory.framework/Versions/A/Frameworks/CFOpenDirectory.framework/Versions/A/CFOpenDirectory
0x0000000015df1000 	/System/Library/Frameworks/SecurityFoundation.framework/Versions/A/SecurityFoundation
0x0000000015df1000 	/System/Library/PrivateFrameworks/LanguageModeling.framework/Versions/A/LanguageModeling
0x0000000015df1000 	/usr/lib/libmarisa.dylib
0x0000000015df1000 	/usr/lib/libChineseTokenizer.dylib
0x0000000015df1000 	/usr/lib/libcmph.dylib
0x0000000015df1000 	/System/Library/PrivateFrameworks/CoreEmoji.framework/Versions/A/CoreEmoji
0x0000000015df1000 	/System/Library/Frameworks/ServiceManagement.framework/Versions/A/ServiceManagement
0x0000000015df1000 	/usr/lib/libxslt.1.dylib
0x0000000015df1000 	/System/Library/Frameworks/Carbon.framework/Versions/A/Frameworks/Ink.framework/Versions/A/Ink
0x0000000015df1000 	/System/Library/PrivateFrameworks/TextureIO.framework/Versions/A/TextureIO
0x0000000015df1000 	/System/Library/Frameworks/Metal.framework/Versions/A/Metal
0x0000000015df1000 	/usr/lib/libate.dylib
0x0000000015df1000 	/System/Library/PrivateFrameworks/GPUCompiler.framework/libmetal_timestamp.dylib
0x0000000015df1000 	/System/Library/Frameworks/OpenGL.framework/Versions/A/Libraries/libCoreFSCache.dylib
0x0000000015df1000 	/System/Library/PrivateFrameworks/IOAccelerator.framework/Versions/A/IOAccelerator
0x0000000015df1000 	/System/Library/Frameworks/CoreVideo.framework/Versions/A/CoreVideo
0x0000000015df1000 	/usr/lib/libFosl_dynamic.dylib
0x0000000015df1000 	/System/Library/PrivateFrameworks/MetalPerformanceShaders.framework/Versions/A/MetalPerformanceShaders
0x0000000015df1000 	/System/Library/PrivateFrameworks/FaceCore.framework/Versions/A/FaceCore
0x0000000015df1000 	/System/Library/Frameworks/OpenCL.framework/Versions/A/OpenCL
0x0000000015df1000 	/System/Library/Frameworks/OpenGL.framework/Versions/A/Libraries/libGLU.dylib
0x0000000015df1000 	/System/Library/Frameworks/OpenGL.framework/Versions/A/Libraries/libGFXShared.dylib
0x0000000015df1000 	/System/Library/Frameworks/OpenGL.framework/Versions/A/Libraries/libGL.dylib
0x0000000015df1000 	/System/Library/Frameworks/OpenGL.framework/Versions/A/Libraries/libGLImage.dylib
0x0000000015df1000 	/System/Library/Frameworks/OpenGL.framework/Versions/A/Libraries/libCVMSPluginSupport.dylib
0x0000000015df1000 	/System/Library/Frameworks/OpenGL.framework/Versions/A/Libraries/libCoreVMClient.dylib
0x0000000015df1000 	/System/Library/PrivateFrameworks/CrashReporterSupport.framework/Versions/A/CrashReporterSupport
0x0000000015df1000 	/System/Library/PrivateFrameworks/Sharing.framework/Versions/A/Sharing
0x0000000015df1000 	/System/Library/PrivateFrameworks/IconServices.framework/Versions/A/IconServices
0x0000000015df1000 	/System/Library/PrivateFrameworks/ProtocolBuffer.framework/Versions/A/ProtocolBuffer
0x0000000015df1000 	/System/Library/PrivateFrameworks/Apple80211.framework/Versions/A/Apple80211
0x0000000015df1000 	/System/Library/Frameworks/CoreWLAN.framework/Versions/A/CoreWLAN
0x0000000015df1000 	/System/Library/PrivateFrameworks/CoreUtils.framework/Versions/A/CoreUtils
0x0000000015df1000 	/System/Library/Frameworks/IOBluetooth.framework/Versions/A/IOBluetooth
0x0000000015df1000 	/System/Library/PrivateFrameworks/CoreWiFi.framework/Versions/A/CoreWiFi
0x0000000015df1000 	/System/Library/Frameworks/CoreBluetooth.framework/Versions/A/CoreBluetooth
0x0000000015df1000 	/System/Library/Frameworks/CoreDisplay.framework/Versions/A/CoreDisplay
0x0000000015df1000 	/System/Library/PrivateFrameworks/IOPresentment.framework/Versions/A/IOPresentment
0x0000000015df1000 	/System/Library/PrivateFrameworks/DebugSymbols.framework/Versions/A/DebugSymbols
0x0000000015df1000 	/System/Library/PrivateFrameworks/CoreSymbolication.framework/Versions/A/CoreSymbolication
0x0000000015df1000 	/System/Library/PrivateFrameworks/Symbolication.framework/Versions/A/Symbolication
0x0000000015df1000 	/System/Library/PrivateFrameworks/AppleFSCompression.framework/Versions/A/AppleFSCompression
0x0000000015df1000 	/System/Library/PrivateFrameworks/SpeechRecognitionCore.framework/Versions/A/SpeechRecognitionCore
0x0000000015df1000 	/System/Library/PrivateFrameworks/ChunkingLibrary.framework/Versions/A/ChunkingLibrary
0x0000000109600000 	/Library/Java/JavaVirtualMachines/jdk1.8.0_101.jdk/Contents/Home/jre/lib/server/libjvm.dylib
0x0000000015df1000 	/usr/lib/libstdc++.6.dylib
0x0000000108d66000 	/Library/Java/JavaVirtualMachines/jdk1.8.0_101.jdk/Contents/Home/jre/lib/libverify.dylib
0x0000000108d74000 	/Library/Java/JavaVirtualMachines/jdk1.8.0_101.jdk/Contents/Home/jre/lib/libjava.dylib
0x0000000108db1000 	/Library/Java/JavaVirtualMachines/jdk1.8.0_101.jdk/Contents/Home/jre/lib/libzip.dylib
0x0000000108de2000 	/System/Library/Frameworks/JavaVM.framework/Frameworks/JavaRuntimeSupport.framework/JavaRuntimeSupport
0x000000010ac50000 	/System/Library/Frameworks/JavaVM.framework/Versions/A/Frameworks/JavaNativeFoundation.framework/Versions/A/JavaNativeFoundation
0x000000011ff80000 	/System/Library/Frameworks/JavaVM.framework/Versions/A/JavaVM
0x0000000015df1000 	/System/Library/Frameworks/Carbon.framework/Versions/A/Carbon
0x000000011ff8d000 	/System/Library/PrivateFrameworks/JavaLaunching.framework/Versions/A/JavaLaunching
0x0000000015df1000 	/System/Library/Frameworks/Carbon.framework/Versions/A/Frameworks/CommonPanels.framework/Versions/A/CommonPanels
0x0000000015df1000 	/System/Library/Frameworks/Carbon.framework/Versions/A/Frameworks/Help.framework/Versions/A/Help
0x0000000015df1000 	/System/Library/Frameworks/Carbon.framework/Versions/A/Frameworks/ImageCapture.framework/Versions/A/ImageCapture
0x0000000015df1000 	/System/Library/Frameworks/Carbon.framework/Versions/A/Frameworks/OpenScripting.framework/Versions/A/OpenScripting
0x0000000015df1000 	/System/Library/Frameworks/Carbon.framework/Versions/A/Frameworks/Print.framework/Versions/A/Print
0x0000000015df1000 	/System/Library/Frameworks/Carbon.framework/Versions/A/Frameworks/SecurityHI.framework/Versions/A/SecurityHI
0x00000001218bc000 	/Library/Java/JavaVirtualMachines/jdk1.8.0_101.jdk/Contents/Home/jre/lib/libnet.dylib
0x000000012191b000 	/Library/Java/JavaVirtualMachines/jdk1.8.0_101.jdk/Contents/Home/jre/lib/libnio.dylib
0x0000000121ebd000 	/Users/elchroy/.gradle/native/19/osx-amd64/libnative-platform.dylib
0x0000000121ec2000 	/Users/elchroy/.gradle/native/19/osx-amd64/libnative-platform-curses.dylib
0x0000000015df1000 	/usr/lib/libncurses.5.4.dylib
0x0000000121ec6000 	/private/var/folders/3j/p0_wzk9d1ns47ybk3ng5x3w80000gn/T/jna4320186100525617563.tmp
0x0000000121edb000 	/Library/Java/JavaVirtualMachines/jdk1.8.0_101.jdk/Contents/Home/jre/lib/libmanagement.dylib

VM Arguments:
jvm_args: -Dorg.gradle.appname=gradlew 
java_command: org.gradle.wrapper.GradleWrapperMain installDebug
java_class_path (initial): /Users/elchroy/Roy/Code/rubyment/roymobile/android/gradle/wrapper/gradle-wrapper.jar
Launcher Type: SUN_STANDARD

Environment Variables:
PATH=/usr/local/opt/nvm/versions/node/v6.3.0/lib/node_modules/npm/bin/node-gyp-bin:/Users/elchroy/Roy/Code/rubyment/roymobile/node_modules/.bin:/usr/local/opt/nvm/versions/node/v6.3.0/bin:/Users/elchroy/.rvm/gems/ruby-2.3.0/bin:/Users/elchroy/.rvm/gems/ruby-2.3.0@global/bin:/Users/elchroy/.rvm/rubies/ruby-2.3.0/bin:/usr/local/opt/nvm/versions/node/v6.3.0/bin:/usr/local/mysql/bin:/usr/local/share/python:/usr/local/bin:/usr/bin:/bin:/usr/sbin:/sbin:/Users/elchroy/golang/src/github.com/andela/bin:/usr/local/opt/go/libexec/bin:/Users/elchroy/.rvm/bin:/Users/elchroy/Library/Android/sdk/tools:/Users/elchroy/Library/Android/sdk/platform-tools
SHELL=/bin/zsh

Signal Handlers:
SIGSEGV: [libjvm.dylib+0x5af145], sa_mask[0]=11111111011111110111111111111111, sa_flags=SA_ONSTACK|SA_RESTART|SA_SIGINFO
SIGBUS: [libjvm.dylib+0x5af145], sa_mask[0]=11111111011111110111111111111111, sa_flags=SA_RESTART|SA_SIGINFO
SIGFPE: [libjvm.dylib+0x48694c], sa_mask[0]=11111111011111110111111111111111, sa_flags=SA_RESTART|SA_SIGINFO
SIGPIPE: [libjvm.dylib+0x48694c], sa_mask[0]=11111111011111110111111111111111, sa_flags=SA_RESTART|SA_SIGINFO
SIGXFSZ: [libjvm.dylib+0x48694c], sa_mask[0]=11111111011111110111111111111111, sa_flags=SA_RESTART|SA_SIGINFO
SIGILL: [libjvm.dylib+0x48694c], sa_mask[0]=11111111011111110111111111111111, sa_flags=SA_RESTART|SA_SIGINFO
SIGUSR1: SIG_DFL, sa_mask[0]=11111111011111110111111111111111, sa_flags=none
SIGUSR2: [libjvm.dylib+0x48646a], sa_mask[0]=00000000000000000000000000000000, sa_flags=SA_RESTART|SA_SIGINFO
SIGHUP: [libjvm.dylib+0x484a41], sa_mask[0]=11111111011111110111111111111111, sa_flags=SA_RESTART|SA_SIGINFO
SIGINT: [libjvm.dylib+0x484a41], sa_mask[0]=11111111011111110111111111111111, sa_flags=SA_RESTART|SA_SIGINFO
SIGTERM: [libjvm.dylib+0x484a41], sa_mask[0]=11111111011111110111111111111111, sa_flags=SA_RESTART|SA_SIGINFO
SIGQUIT: [libjvm.dylib+0x484a41], sa_mask[0]=11111111011111110111111111111111, sa_flags=SA_RESTART|SA_SIGINFO


---------------  S Y S T E M  ---------------

OS:Bsduname:Darwin 16.4.0 Darwin Kernel Version 16.4.0: Thu Dec 22 22:53:21 PST 2016; root:xnu-3789.41.3~3/RELEASE_X86_64 x86_64
rlimit: STACK 8192k, CORE 0k, NPROC 709, NOFILE 10240, AS infinity
load average:2.92 2.54 2.50

CPU:total 4 (2 cores per cpu, 2 threads per core) family 6 model 61 stepping 4, cmov, cx8, fxsr, mmx, sse, sse2, sse3, ssse3, sse4.1, sse4.2, popcnt, avx, avx2, aes, clmul, erms, 3dnowpref, lzcnt, ht, tsc, tscinvbit, bmi1, bmi2, adx

Memory: 4k page, physical 8388608k(197004k free)

/proc/meminfo:


vm_info: Java HotSpot(TM) 64-Bit Server VM (25.101-b13) for bsd-amd64 JRE (1.8.0_101-b13), built on Jun 22 2016 02:42:15 by "java_re" with gcc 4.2.1 (Based on Apple Inc. build 5658) (LLVM build 2336.11.00)

time: Wed Feb  8 01:28:59 2017
elapsed time: 11 seconds (0d 0h 0m 11s)

