#
# A fatal error has been detected by the Java Runtime Environment:
#
#  SIGSEGV (0xb) at pc=0x000000010b486498, pid=14209, tid=0x0000000000000307
#
# JRE version: Java(TM) SE Runtime Environment (8.0_101-b13) (build 1.8.0_101-b13)
# Java VM: Java HotSpot(TM) 64-Bit Server VM (25.101-b13 mixed mode bsd-amd64 compressed oops)
# Problematic frame:
# V  [libjvm.dylib+0x486498]  SR_handler(int, __siginfo*, __darwin_ucontext*)+0x2e
#
# Failed to write core dump. Core dumps have been disabled. To enable core dumping, try "ulimit -c unlimited" before starting Java again
#
# If you would like to submit a bug report, please visit:
#   http://bugreport.java.com/bugreport/crash.jsp
#

---------------  T H R E A D  ---------------

Current thread is native thread

siginfo: si_signo: 11 (SIGSEGV), si_code: 1 (SEGV_MAPERR), si_addr: 0x0000000000000128

Registers:
RAX=0x0000000000000000, RBX=0x00007fff55e3d7a0, RCX=0x00007fffb19f4408, RDX=0x00007fff55e3d7a0
RSP=0x00007fff55e3d2d0, RBP=0x00007fff55e3d300, RSI=0x00007fff55e3d738, RDI=0x0000000000000103
R8 =0x00007fff55e3d7a0, R9 =0x00000000ffffffff, R10=0x0000000000000c00, R11=0x0000000000000206
R12=0x0000000000000c00, R13=0x0000000000000000, R14=0x00007fff55e3d738, R15=0x0000000000000002
RIP=0x000000010b486498, EFLAGS=0x0000000000010202, ERR=0x0000000000000004
  TRAPNO=0x000000000000000e

Top of Stack: (sp=0x00007fff55e3d2d0)
0x00007fff55e3d2d0:   0000000000000000 00007fff55e3d7a0
0x00007fff55e3d2e0:   0000000000000c00 0000000000000000
0x00007fff55e3d2f0:   00007fff55e3d9d0 0000000000000d03
0x00007fff55e3d300:   00007fff55e3d310 00007fffa8db4bba
0x00007fff55e3d310:   00007fff55e3d8a0 0000000000015c00
0x00007fff55e3d320:   00015d00ae448958 00007fffb188a2d0
0x00007fff55e3d330:   0100001f00000085 00007fff93650680
0x00007fff55e3d340:   0000000010004005 00000000ffffffff
0x00007fff55e3d350:   00007fff55e3d858 0000000000000000
0x00007fff55e3d360:   00007fff55e3d9d0 0000000007000806
0x00007fff55e3d370:   00007fff55e3d8a0 00007fff55e3d858
0x00007fff55e3d380:   0000000000000d03 00000000ffffffff
0x00007fff55e3d390:   0000000000000c00 0000000000000206
0x00007fff55e3d3a0:   0000000000000c00 0000000000000000
0x00007fff55e3d3b0:   00007fff55e3d9d0 0000000000000d03
0x00007fff55e3d3c0:   000000010a5f838a 0000000000000206
0x00007fff55e3d3d0:   0000000000000007 0000000000000000
0x00007fff55e3d3e0:   0000000000000000 0000000000000000
0x00007fff55e3d3f0:   000000000000037f 0000000000000000
0x00007fff55e3d400:   0000000000000000 0000ffff00001fa0
0x00007fff55e3d410:   0000000000000000 000000000000ffff
0x00007fff55e3d420:   0000000000000100 000000000000ffff
0x00007fff55e3d430:   0000000000000000 0000000000000000
0x00007fff55e3d440:   0000000000000000 0000000000000000
0x00007fff55e3d450:   87bc000000000000 000000000000c00b
0x00007fff55e3d460:   0000000000000000 0000000000000000
0x00007fff55e3d470:   bb78000000000000 000000000000400b
0x00007fff55e3d480:   0000000000000000 0000000000000000
0x00007fff55e3d490:   41be4c90891dda06 0000000000000000
0x00007fff55e3d4a0:   3fbdda059a73b42c 0000000000000000
0x00007fff55e3d4b0:   c3de3f8b219c2e4a 439c074de63d1b66
0x00007fff55e3d4c0:   0000000000000000 0000000000000000 

Instructions: (pc=0x000000010b486498)
0x000000010b486478:   83 ec 08 48 89 d3 49 89 f6 e8 00 26 14 00 44 8b
0x000000010b486488:   38 48 8d 05 20 cd 3a 00 48 63 38 e8 ca 28 14 00
0x000000010b486498:   4c 8b a0 28 01 00 00 41 83 7c 24 34 01 0f 85 e2
0x000000010b4864a8:   00 00 00 49 89 5c 24 40 4d 89 74 24 38 49 8d 5c 

Register to memory mapping:

RAX=0x0000000000000000 is an unknown value
RBX=0x00007fff55e3d7a0 is an unknown value
RCX=0x00007fffb19f4408: _thread+0x48 in /usr/lib/system/libsystem_pthread.dylib at 0x00007fffa8dbb000
RDX=0x00007fff55e3d7a0 is an unknown value
RSP=0x00007fff55e3d2d0 is an unknown value
RBP=0x00007fff55e3d300 is an unknown value
RSI=0x00007fff55e3d738 is an unknown value
RDI=0x0000000000000103 is an unknown value
R8 =0x00007fff55e3d7a0 is an unknown value
R9 =0x00000000ffffffff is an unknown value
R10=0x0000000000000c00 is an unknown value
R11=0x0000000000000206 is an unknown value
R12=0x0000000000000c00 is an unknown value
R13=0x0000000000000000 is an unknown value
R14=0x00007fff55e3d738 is an unknown value
R15=0x0000000000000002 is an unknown value


Stack: [0x00007fff55642000,0x00007fff55e42000],  sp=0x00007fff55e3d2d0,  free space=8172k
Native frames: (J=compiled Java code, j=interpreted, Vv=VM code, C=native code)
V  [libjvm.dylib+0x486498]  SR_handler(int, __siginfo*, __darwin_ucontext*)+0x2e
C  [libsystem_platform.dylib+0x2bba]  _sigtramp+0x1a
C  0x0000000000015c00
C  [CoreFoundation+0x88c94]  __CFRunLoopServiceMachPort+0xd4
C  [CoreFoundation+0x88121]  __CFRunLoopRun+0x551
C  [CoreFoundation+0x87974]  CFRunLoopRunSpecific+0x1a4
C  [java+0x6465]  CreateExecutionEnvironment+0x367
C  [java+0x218c]  JLI_Launch+0x7a0
C  [java+0x84c2]  main+0x65
C  [java+0x19e4]  start+0x34


---------------  P R O C E S S  ---------------

VM state:not at safepoint (normal execution)

VM Mutex/Monitor currently owned by a thread: None

Heap:
 PSYoungGen      total 175104K, used 22416K [0x0000000795580000, 0x00000007a4180000, 0x00000007c0000000)
  eden space 160768K, 13% used [0x0000000795580000,0x0000000796b64338,0x000000079f280000)
  from space 14336K, 0% used [0x00000007a0280000,0x00000007a0280000,0x00000007a1080000)
  to   space 16384K, 0% used [0x000000079f280000,0x000000079f280000,0x00000007a0280000)
 ParOldGen       total 102912K, used 24547K [0x0000000740000000, 0x0000000746480000, 0x0000000795580000)
  object space 102912K, 23% used [0x0000000740000000,0x00000007417f8c28,0x0000000746480000)
 Metaspace       used 34975K, capacity 35878K, committed 35928K, reserved 1079296K
  class space    used 4837K, capacity 5235K, committed 5248K, reserved 1048576K

Card table byte_map: [0x000000010c35d000,0x000000010c75e000] byte_map_base: 0x000000010895d000

Marking Bits: (ParMarkBitMap*) 0x000000010b8edd20
 Begin Bits: [0x000000010ca09000, 0x000000010ea09000)
 End Bits:   [0x000000010ea09000, 0x0000000110a09000)

Polling page: 0x0000000109ebf000

CodeCache: size=245760Kb used=10446Kb max_used=10446Kb free=235313Kb
 bounds [0x0000000111131000, 0x0000000111b71000, 0x0000000120131000]
 total_blobs=3741 nmethods=3091 adapters=563
 compilation: enabled

Compilation events (10 events):
Event: 9.595 Thread 0x00007fd8ea07f800 nmethod 3126 0x0000000111b61bd0 code [0x0000000111b61d60, 0x0000000111b61f68]
Event: 9.595 Thread 0x00007fd8ea07f800 3125   !   2       org.gradle.internal.serialize.kryo.KryoBackedDecoder::readSmallInt (16 bytes)
Event: 9.595 Thread 0x00007fd8ea07f800 nmethod 3125 0x0000000111b620d0 code [0x0000000111b62280, 0x0000000111b62588]
Event: 9.596 Thread 0x00007fd8ea07f800 3127       2       org.gradle.internal.component.model.DefaultIvyArtifactName::getClassifier (15 bytes)
Event: 9.596 Thread 0x00007fd8ea07f800 nmethod 3127 0x0000000111b62810 code [0x0000000111b62980, 0x0000000111b62b48]
Event: 9.596 Thread 0x00007fd8ea07f800 3128       1       org.gradle.internal.os.OperatingSystem::isWindows (2 bytes)
Event: 9.596 Thread 0x00007fd8ea07f800 nmethod 3128 0x0000000111b62c10 code [0x0000000111b62d60, 0x0000000111b62e70]
Event: 9.607 Thread 0x00007fd8ea07f800 3132       2       org.gradle.api.internal.artifacts.ModuleVersionIdentifierSerializer::read (30 bytes)
Event: 9.607 Thread 0x00007fd8ea07f800 nmethod 3132 0x0000000111b62ed0 code [0x0000000111b63060, 0x0000000111b632d8]
Event: 9.607 Thread 0x00007fd8ea07f800 3133       2       org.gradle.api.internal.artifacts.DefaultModuleVersionIdentifier::newId (11 bytes)

GC Heap History (10 events):
Event: 3.805 GC heap before
{Heap before GC invocations=6 (full 1):
 PSYoungGen      total 71680K, used 5104K [0x0000000795580000, 0x000000079ea80000, 0x00000007c0000000)
  eden space 66560K, 0% used [0x0000000795580000,0x0000000795580000,0x0000000799680000)
  from space 5120K, 99% used [0x0000000799680000,0x0000000799b7c050,0x0000000799b80000)
  to   space 9728K, 0% used [0x000000079e100000,0x000000079e100000,0x000000079ea80000)
 ParOldGen       total 87552K, used 9367K [0x0000000740000000, 0x0000000745580000, 0x0000000795580000)
  object space 87552K, 10% used [0x0000000740000000,0x0000000740925cd0,0x0000000745580000)
 Metaspace       used 20786K, capacity 21118K, committed 21248K, reserved 1067008K
  class space    used 2818K, capacity 2978K, committed 3072K, reserved 1048576K
Event: 3.864 GC heap after
Heap after GC invocations=6 (full 1):
 PSYoungGen      total 71680K, used 0K [0x0000000795580000, 0x000000079ea80000, 0x00000007c0000000)
  eden space 66560K, 0% used [0x0000000795580000,0x0000000795580000,0x0000000799680000)
  from space 5120K, 0% used [0x0000000799680000,0x0000000799680000,0x0000000799b80000)
  to   space 9728K, 0% used [0x000000079e100000,0x000000079e100000,0x000000079ea80000)
 ParOldGen       total 59392K, used 8858K [0x0000000740000000, 0x0000000743a00000, 0x0000000795580000)
  object space 59392K, 14% used [0x0000000740000000,0x00000007408a6948,0x0000000743a00000)
 Metaspace       used 20786K, capacity 21118K, committed 21248K, reserved 1067008K
  class space    used 2818K, capacity 2978K, committed 3072K, reserved 1048576K
}
Event: 5.564 GC heap before
{Heap before GC invocations=7 (full 1):
 PSYoungGen      total 71680K, used 66560K [0x0000000795580000, 0x000000079ea80000, 0x00000007c0000000)
  eden space 66560K, 100% used [0x0000000795580000,0x0000000799680000,0x0000000799680000)
  from space 5120K, 0% used [0x0000000799680000,0x0000000799680000,0x0000000799b80000)
  to   space 9728K, 0% used [0x000000079e100000,0x000000079e100000,0x000000079ea80000)
 ParOldGen       total 59392K, used 8858K [0x0000000740000000, 0x0000000743a00000, 0x0000000795580000)
  object space 59392K, 14% used [0x0000000740000000,0x00000007408a6948,0x0000000743a00000)
 Metaspace       used 25344K, capacity 25952K, committed 26240K, reserved 1071104K
  class space    used 3427K, capacity 3641K, committed 3712K, reserved 1048576K
Event: 5.576 GC heap after
Heap after GC invocations=7 (full 1):
 PSYoungGen      total 110592K, used 5880K [0x0000000795580000, 0x000000079e700000, 0x00000007c0000000)
  eden space 104448K, 0% used [0x0000000795580000,0x0000000795580000,0x000000079bb80000)
  from space 6144K, 95% used [0x000000079e100000,0x000000079e6be010,0x000000079e700000)
  to   space 9728K, 0% used [0x000000079d400000,0x000000079d400000,0x000000079dd80000)
 ParOldGen       total 59392K, used 8930K [0x0000000740000000, 0x0000000743a00000, 0x0000000795580000)
  object space 59392K, 15% used [0x0000000740000000,0x00000007408b8958,0x0000000743a00000)
 Metaspace       used 25344K, capacity 25952K, committed 26240K, reserved 1071104K
  class space    used 3427K, capacity 3641K, committed 3712K, reserved 1048576K
}
Event: 7.824 GC heap before
{Heap before GC invocations=8 (full 1):
 PSYoungGen      total 110592K, used 110328K [0x0000000795580000, 0x000000079e700000, 0x00000007c0000000)
  eden space 104448K, 100% used [0x0000000795580000,0x000000079bb80000,0x000000079bb80000)
  from space 6144K, 95% used [0x000000079e100000,0x000000079e6be010,0x000000079e700000)
  to   space 9728K, 0% used [0x000000079d400000,0x000000079d400000,0x000000079dd80000)
 ParOldGen       total 59392K, used 8930K [0x0000000740000000, 0x0000000743a00000, 0x0000000795580000)
  object space 59392K, 15% used [0x0000000740000000,0x00000007408b8958,0x0000000743a00000)
 Metaspace       used 32151K, capacity 33094K, committed 33280K, reserved 1077248K
  class space    used 4473K, capacity 4842K, committed 4864K, reserved 1048576K
Event: 7.863 GC heap after
Heap after GC invocations=8 (full 1):
 PSYoungGen      total 139264K, used 9728K [0x0000000795580000, 0x00000007a1080000, 0x00000007c0000000)
  eden space 129536K, 0% used [0x0000000795580000,0x0000000795580000,0x000000079d400000)
  from space 9728K, 100% used [0x000000079d400000,0x000000079dd80000,0x000000079dd80000)
  to   space 14336K, 0% used [0x00000007a0280000,0x00000007a0280000,0x00000007a1080000)
 ParOldGen       total 59392K, used 16439K [0x0000000740000000, 0x0000000743a00000, 0x0000000795580000)
  object space 59392K, 27% used [0x0000000740000000,0x000000074100ded8,0x0000000743a00000)
 Metaspace       used 32151K, capacity 33094K, committed 33280K, reserved 1077248K
  class space    used 4473K, capacity 4842K, committed 4864K, reserved 1048576K
}
Event: 8.643 GC heap before
{Heap before GC invocations=9 (full 1):
 PSYoungGen      total 139264K, used 53363K [0x0000000795580000, 0x00000007a1080000, 0x00000007c0000000)
  eden space 129536K, 33% used [0x0000000795580000,0x000000079801cc88,0x000000079d400000)
  from space 9728K, 100% used [0x000000079d400000,0x000000079dd80000,0x000000079dd80000)
  to   space 14336K, 0% used [0x00000007a0280000,0x00000007a0280000,0x00000007a1080000)
 ParOldGen       total 59392K, used 16439K [0x0000000740000000, 0x0000000743a00000, 0x0000000795580000)
  object space 59392K, 27% used [0x0000000740000000,0x000000074100ded8,0x0000000743a00000)
 Metaspace       used 34334K, capacity 35272K, committed 35416K, reserved 1079296K
  class space    used 4780K, capacity 5166K, committed 5248K, reserved 1048576K
Event: 8.674 GC heap after
Heap after GC invocations=9 (full 1):
 PSYoungGen      total 175104K, used 14329K [0x0000000795580000, 0x00000007a4180000, 0x00000007c0000000)
  eden space 160768K, 0% used [0x0000000795580000,0x0000000795580000,0x000000079f280000)
  from space 14336K, 99% used [0x00000007a0280000,0x00000007a107e798,0x00000007a1080000)
  to   space 16384K, 0% used [0x000000079f280000,0x000000079f280000,0x00000007a0280000)
 ParOldGen       total 59392K, used 16538K [0x0000000740000000, 0x0000000743a00000, 0x0000000795580000)
  object space 59392K, 27% used [0x0000000740000000,0x0000000741026a98,0x0000000743a00000)
 Metaspace       used 34334K, capacity 35272K, committed 35416K, reserved 1079296K
  class space    used 4780K, capacity 5166K, committed 5248K, reserved 1048576K
}
Event: 8.674 GC heap before
{Heap before GC invocations=10 (full 2):
 PSYoungGen      total 175104K, used 14329K [0x0000000795580000, 0x00000007a4180000, 0x00000007c0000000)
  eden space 160768K, 0% used [0x0000000795580000,0x0000000795580000,0x000000079f280000)
  from space 14336K, 99% used [0x00000007a0280000,0x00000007a107e798,0x00000007a1080000)
  to   space 16384K, 0% used [0x000000079f280000,0x000000079f280000,0x00000007a0280000)
 ParOldGen       total 59392K, used 16538K [0x0000000740000000, 0x0000000743a00000, 0x0000000795580000)
  object space 59392K, 27% used [0x0000000740000000,0x0000000741026a98,0x0000000743a00000)
 Metaspace       used 34334K, capacity 35272K, committed 35416K, reserved 1079296K
  class space    used 4780K, capacity 5166K, committed 5248K, reserved 1048576K
Event: 8.874 GC heap after
Heap after GC invocations=10 (full 2):
 PSYoungGen      total 175104K, used 0K [0x0000000795580000, 0x00000007a4180000, 0x00000007c0000000)
  eden space 160768K, 0% used [0x0000000795580000,0x0000000795580000,0x000000079f280000)
  from space 14336K, 0% used [0x00000007a0280000,0x00000007a0280000,0x00000007a1080000)
  to   space 16384K, 0% used [0x000000079f280000,0x000000079f280000,0x00000007a0280000)
 ParOldGen       total 102912K, used 24547K [0x0000000740000000, 0x0000000746480000, 0x0000000795580000)
  object space 102912K, 23% used [0x0000000740000000,0x00000007417f8c28,0x0000000746480000)
 Metaspace       used 34334K, capacity 35272K, committed 35416K, reserved 1079296K
  class space    used 4780K, capacity 5166K, committed 5248K, reserved 1048576K
}

Deoptimization events (10 events):
Event: 3.568 Thread 0x00007fd8ea801800 Uncommon trap: reason=class_check action=maybe_recompile pc=0x000000011145ffcc method=java.lang.reflect.Method.equals(Ljava/lang/Object;)Z @ 5
Event: 3.568 Thread 0x00007fd8ea801800 Uncommon trap: reason=class_check action=maybe_recompile pc=0x000000011145ffcc method=java.lang.reflect.Method.equals(Ljava/lang/Object;)Z @ 5
Event: 4.135 Thread 0x00007fd8ea801800 Uncommon trap: reason=class_check action=maybe_recompile pc=0x00000001114334d4 method=sun.misc.URLClassPath.getLoader(I)Lsun/misc/URLClassPath$Loader; @ 94
Event: 4.472 Thread 0x00007fd8ea801800 Uncommon trap: reason=unstable_if action=reinterpret pc=0x00000001113a6620 method=java.net.URI.match(CJJ)Z @ 45
Event: 4.472 Thread 0x00007fd8ea801800 Uncommon trap: reason=unstable_if action=reinterpret pc=0x00000001112bf4ec method=java.net.URI.match(CJJ)Z @ 19
Event: 6.445 Thread 0x00007fd8ea801800 Uncommon trap: reason=unstable_if action=reinterpret pc=0x00000001113ecdf4 method=java.util.LinkedHashMap.afterNodeInsertion(Z)V @ 1
Event: 6.547 Thread 0x00007fd8ea801800 Uncommon trap: reason=unstable_if action=reinterpret pc=0x00000001113dd9f0 method=java.util.HashMap.hash(Ljava/lang/Object;)I @ 1
Event: 6.581 Thread 0x00007fd8ea801800 Uncommon trap: reason=unstable_if action=reinterpret pc=0x0000000111330428 method=java.util.HashMap.hash(Ljava/lang/Object;)I @ 1
Event: 8.405 Thread 0x00007fd8ea801800 Uncommon trap: reason=unstable_if action=reinterpret pc=0x0000000111445ee8 method=java.util.HashMap.hash(Ljava/lang/Object;)I @ 1
Event: 8.509 Thread 0x00007fd8ea801800 Uncommon trap: reason=unstable_if action=reinterpret pc=0x000000011147c874 method=java.lang.AbstractStringBuilder.append(Ljava/lang/String;)Ljava/lang/AbstractStringBuilder; @ 1

Internal exceptions (10 events):
Event: 8.483 Thread 0x00007fd8ea801800 Exception <a 'java/lang/ClassNotFoundException': [Lcom/android/builder/profile/Recorder$Property;BeanInfo> (0x00000007979c24f8) thrown at [/HUDSON3/workspace/8-2-build-macosx-x86_64/jdk8u101/7261/hotspot/src/share/vm/prims/jni.cpp, line 735]
Event: 8.483 Thread 0x00007fd8ea801800 Exception <a 'java/lang/ClassNotFoundException': [Lcom/android/builder/profile/Recorder$Property;BeanInfo> (0x00000007979c2f40) thrown at [/HUDSON3/workspace/8-2-build-macosx-x86_64/jdk8u101/7261/hotspot/src/share/vm/prims/jni.cpp, line 735]
Event: 8.483 Thread 0x00007fd8ea801800 Exception <a 'java/lang/ClassNotFoundException': [Lcom/android/builder/profile/Recorder$Property;Customizer> (0x00000007979c3ca0) thrown at [/HUDSON3/workspace/8-2-build-macosx-x86_64/jdk8u101/7261/hotspot/src/share/vm/prims/jni.cpp, line 735]
Event: 8.483 Thread 0x00007fd8ea801800 Exception <a 'java/lang/ClassNotFoundException': [Lcom/android/builder/profile/Recorder$Property;Customizer> (0x00000007979c46f0) thrown at [/HUDSON3/workspace/8-2-build-macosx-x86_64/jdk8u101/7261/hotspot/src/share/vm/prims/jni.cpp, line 735]
Event: 8.483 Thread 0x00007fd8ea801800 Exception <a 'java/lang/ClassNotFoundException': [Lcom/android/builder/profile/Recorder$Property;Customizer> (0x00000007979c5140) thrown at [/HUDSON3/workspace/8-2-build-macosx-x86_64/jdk8u101/7261/hotspot/src/share/vm/prims/jni.cpp, line 735]
Event: 8.508 Thread 0x00007fd8ea801800 Implicit null exception at 0x000000011147c342 to 0x000000011147c865
Event: 9.254 Thread 0x00007fd8ea801800 Exception <a 'java/lang/ClassNotFoundException': com/android/build/gradle/internal/tasks/PrepareLibraryTask_DecoratedBeanInfo> (0x00000007964a34e0) thrown at [/HUDSON3/workspace/8-2-build-macosx-x86_64/jdk8u101/7261/hotspot/src/share/vm/classfile/systemDi
Event: 9.270 Thread 0x00007fd8ea801800 Exception <a 'java/lang/ClassNotFoundException': com/android/build/gradle/internal/tasks/PrepareLibraryTaskBeanInfo> (0x00000007964b7990) thrown at [/HUDSON3/workspace/8-2-build-macosx-x86_64/jdk8u101/7261/hotspot/src/share/vm/classfile/systemDictionary.c
Event: 9.270 Thread 0x00007fd8ea801800 Exception <a 'java/lang/ClassNotFoundException': com/android/build/gradle/internal/tasks/PrepareLibraryTaskCustomizer> (0x00000007964cc9d8) thrown at [/HUDSON3/workspace/8-2-build-macosx-x86_64/jdk8u101/7261/hotspot/src/share/vm/classfile/systemDictionary
Event: 9.273 Thread 0x00007fd8ea801800 Exception <a 'java/lang/ClassNotFoundException': com/android/build/gradle/internal/tasks/PrepareLibraryTask_DecoratedCustomizer> (0x00000007965240d0) thrown at [/HUDSON3/workspace/8-2-build-macosx-x86_64/jdk8u101/7261/hotspot/src/share/vm/classfile/system

Events (10 events):
Event: 9.272 loading class com/android/build/gradle/internal/tasks/PrepareLibraryTask_DecoratedCustomizer
Event: 9.272 loading class com/android/build/gradle/internal/tasks/PrepareLibraryTask_DecoratedCustomizer done
Event: 9.272 loading class com/android/build/gradle/internal/tasks/PrepareLibraryTask_DecoratedCustomizer
Event: 9.272 loading class com/android/build/gradle/internal/tasks/PrepareLibraryTask_DecoratedCustomizer done
Event: 9.273 loading class com/android/build/gradle/internal/tasks/PrepareLibraryTask_DecoratedCustomizer
Event: 9.273 loading class com/android/build/gradle/internal/tasks/PrepareLibraryTask_DecoratedCustomizer done
Event: 9.274 loading class org/gradle/api/tasks/OutputDirectory
Event: 9.274 loading class org/gradle/api/tasks/OutputDirectory done
Event: 9.308 loading class org/codehaus/groovy/runtime/dgm$313
Event: 9.308 loading class org/codehaus/groovy/runtime/dgm$313 done


Dynamic libraries:
0x000000001e29e000 	/System/Library/Frameworks/Cocoa.framework/Versions/A/Cocoa
0x000000001e29e000 	/System/Library/Frameworks/Security.framework/Versions/A/Security
0x000000001e29e000 	/System/Library/Frameworks/ApplicationServices.framework/Versions/A/ApplicationServices
0x000000001e29e000 	/usr/lib/libz.1.dylib
0x0000000109ddd000 	/usr/lib/libSystem.B.dylib
0x000000001e29e000 	/usr/lib/libobjc.A.dylib
0x000000001e29e000 	/System/Library/Frameworks/CoreFoundation.framework/Versions/A/CoreFoundation
0x000000001e29e000 	/System/Library/Frameworks/Foundation.framework/Versions/C/Foundation
0x000000001e29e000 	/System/Library/Frameworks/AppKit.framework/Versions/C/AppKit
0x000000001e29e000 	/System/Library/Frameworks/CoreData.framework/Versions/A/CoreData
0x000000001e29e000 	/System/Library/PrivateFrameworks/RemoteViewServices.framework/Versions/A/RemoteViewServices
0x000000001e29e000 	/System/Library/PrivateFrameworks/UIFoundation.framework/Versions/A/UIFoundation
0x000000001e29e000 	/System/Library/PrivateFrameworks/DFRFoundation.framework/Versions/A/DFRFoundation
0x000000001e29e000 	/usr/lib/libenergytrace.dylib
0x000000001e29e000 	/System/Library/PrivateFrameworks/SkyLight.framework/Versions/A/SkyLight
0x000000001e29e000 	/System/Library/Frameworks/CoreGraphics.framework/Versions/A/CoreGraphics
0x000000001e29e000 	/usr/lib/libScreenReader.dylib
0x000000001e29e000 	/System/Library/Frameworks/Accelerate.framework/Versions/A/Accelerate
0x000000001e29e000 	/System/Library/Frameworks/IOSurface.framework/Versions/A/IOSurface
0x000000001e29e000 	/System/Library/Frameworks/AudioToolbox.framework/Versions/A/AudioToolbox
0x000000001e29e000 	/System/Library/Frameworks/AudioUnit.framework/Versions/A/AudioUnit
0x000000001e29e000 	/System/Library/PrivateFrameworks/DataDetectorsCore.framework/Versions/A/DataDetectorsCore
0x000000001e29e000 	/System/Library/PrivateFrameworks/DesktopServicesPriv.framework/Versions/A/DesktopServicesPriv
0x000000001e29e000 	/System/Library/Frameworks/Carbon.framework/Versions/A/Frameworks/HIToolbox.framework/Versions/A/HIToolbox
0x000000001e29e000 	/usr/lib/libicucore.A.dylib
0x000000001e29e000 	/System/Library/Frameworks/QuartzCore.framework/Versions/A/QuartzCore
0x000000001e29e000 	/System/Library/Frameworks/Carbon.framework/Versions/A/Frameworks/SpeechRecognition.framework/Versions/A/SpeechRecognition
0x000000001e29e000 	/usr/lib/libauto.dylib
0x000000001e29e000 	/usr/lib/libxml2.2.dylib
0x000000001e29e000 	/System/Library/PrivateFrameworks/CoreUI.framework/Versions/A/CoreUI
0x000000001e29e000 	/System/Library/Frameworks/CoreAudio.framework/Versions/A/CoreAudio
0x000000001e29e000 	/System/Library/Frameworks/DiskArbitration.framework/Versions/A/DiskArbitration
0x000000001e29e000 	/usr/lib/liblangid.dylib
0x000000001e29e000 	/System/Library/PrivateFrameworks/MultitouchSupport.framework/Versions/A/MultitouchSupport
0x0000000109de6000 	/System/Library/Frameworks/IOKit.framework/Versions/A/IOKit
0x000000001e29e000 	/usr/lib/libDiagnosticMessagesClient.dylib
0x000000001e29e000 	/System/Library/Frameworks/CoreServices.framework/Versions/A/CoreServices
0x000000001e29e000 	/System/Library/PrivateFrameworks/PerformanceAnalysis.framework/Versions/A/PerformanceAnalysis
0x000000001e29e000 	/System/Library/PrivateFrameworks/GenerationalStorage.framework/Versions/A/GenerationalStorage
0x000000001e29e000 	/System/Library/Frameworks/OpenGL.framework/Versions/A/OpenGL
0x000000001e29e000 	/System/Library/Frameworks/CoreImage.framework/Versions/A/CoreImage
0x000000001e29e000 	/System/Library/Frameworks/CoreText.framework/Versions/A/CoreText
0x000000001e29e000 	/System/Library/Frameworks/ImageIO.framework/Versions/A/ImageIO
0x000000001e29e000 	/System/Library/PrivateFrameworks/Backup.framework/Versions/A/Backup
0x000000001e29e000 	/usr/lib/libarchive.2.dylib
0x0000000109ec2000 	/System/Library/Frameworks/CFNetwork.framework/Versions/A/CFNetwork
0x000000001e29e000 	/System/Library/Frameworks/SystemConfiguration.framework/Versions/A/SystemConfiguration
0x000000001e29e000 	/usr/lib/libCRFSuite.dylib
0x000000001e29e000 	/usr/lib/libc++.1.dylib
0x000000001e29e000 	/usr/lib/libc++abi.dylib
0x000000001e29e000 	/usr/lib/system/libcache.dylib
0x000000001e29e000 	/usr/lib/system/libcommonCrypto.dylib
0x000000001e29e000 	/usr/lib/system/libcompiler_rt.dylib
0x000000001e29e000 	/usr/lib/system/libcopyfile.dylib
0x000000001e29e000 	/usr/lib/system/libcorecrypto.dylib
0x000000001e29e000 	/usr/lib/system/libdispatch.dylib
0x000000010a5ad000 	/usr/lib/system/libdyld.dylib
0x000000001e29e000 	/usr/lib/system/libkeymgr.dylib
0x000000001e29e000 	/usr/lib/system/liblaunch.dylib
0x000000001e29e000 	/usr/lib/system/libmacho.dylib
0x000000001e29e000 	/usr/lib/system/libquarantine.dylib
0x000000001e29e000 	/usr/lib/system/libremovefile.dylib
0x000000001e29e000 	/usr/lib/system/libsystem_asl.dylib
0x000000001e29e000 	/usr/lib/system/libsystem_blocks.dylib
0x000000001e29e000 	/usr/lib/system/libsystem_c.dylib
0x000000001e29e000 	/usr/lib/system/libsystem_configuration.dylib
0x000000001e29e000 	/usr/lib/system/libsystem_coreservices.dylib
0x000000010a5c1000 	/usr/lib/system/libsystem_coretls.dylib
0x000000001e29e000 	/usr/lib/system/libsystem_dnssd.dylib
0x000000001e29e000 	/usr/lib/system/libsystem_info.dylib
0x000000010a5e6000 	/usr/lib/system/libsystem_kernel.dylib
0x000000001e29e000 	/usr/lib/system/libsystem_m.dylib
0x000000001e29e000 	/usr/lib/system/libsystem_malloc.dylib
0x000000001e29e000 	/usr/lib/system/libsystem_network.dylib
0x000000010a621000 	/usr/lib/system/libsystem_networkextension.dylib
0x000000001e29e000 	/usr/lib/system/libsystem_notify.dylib
0x000000001e29e000 	/usr/lib/system/libsystem_platform.dylib
0x000000001e29e000 	/usr/lib/system/libsystem_pthread.dylib
0x000000010a639000 	/usr/lib/system/libsystem_sandbox.dylib
0x000000001e29e000 	/usr/lib/system/libsystem_secinit.dylib
0x000000010a643000 	/usr/lib/system/libsystem_symptoms.dylib
0x000000010a657000 	/usr/lib/system/libsystem_trace.dylib
0x000000001e29e000 	/usr/lib/system/libunwind.dylib
0x000000001e29e000 	/usr/lib/system/libxpc.dylib
0x000000001e29e000 	/usr/lib/libbsm.0.dylib
0x000000010a68e000 	/usr/lib/system/libkxld.dylib
0x000000001e29e000 	/usr/lib/libcoretls.dylib
0x000000001e29e000 	/usr/lib/libcoretls_cfhelpers.dylib
0x000000001e29e000 	/usr/lib/libxar.1.dylib
0x000000001e29e000 	/usr/lib/libsqlite3.dylib
0x000000001e29e000 	/usr/lib/libpam.2.dylib
0x000000001e29e000 	/usr/lib/libOpenScriptingUtil.dylib
0x000000001e29e000 	/usr/lib/libbz2.1.0.dylib
0x000000001e29e000 	/usr/lib/liblzma.5.dylib
0x000000001e29e000 	/usr/lib/libnetwork.dylib
0x000000001e29e000 	/usr/lib/libpcap.A.dylib
0x000000001e29e000 	/System/Library/Frameworks/CoreServices.framework/Versions/A/Frameworks/FSEvents.framework/Versions/A/FSEvents
0x000000001e29e000 	/System/Library/Frameworks/CoreServices.framework/Versions/A/Frameworks/CarbonCore.framework/Versions/A/CarbonCore
0x000000001e29e000 	/System/Library/Frameworks/CoreServices.framework/Versions/A/Frameworks/Metadata.framework/Versions/A/Metadata
0x000000001e29e000 	/System/Library/Frameworks/CoreServices.framework/Versions/A/Frameworks/OSServices.framework/Versions/A/OSServices
0x000000001e29e000 	/System/Library/Frameworks/CoreServices.framework/Versions/A/Frameworks/SearchKit.framework/Versions/A/SearchKit
0x000000001e29e000 	/System/Library/Frameworks/CoreServices.framework/Versions/A/Frameworks/AE.framework/Versions/A/AE
0x000000001e29e000 	/System/Library/Frameworks/CoreServices.framework/Versions/A/Frameworks/LaunchServices.framework/Versions/A/LaunchServices
0x000000001e29e000 	/System/Library/Frameworks/CoreServices.framework/Versions/A/Frameworks/DictionaryServices.framework/Versions/A/DictionaryServices
0x000000001e29e000 	/System/Library/Frameworks/CoreServices.framework/Versions/A/Frameworks/SharedFileList.framework/Versions/A/SharedFileList
0x000000001e29e000 	/System/Library/Frameworks/NetFS.framework/Versions/A/NetFS
0x000000001e29e000 	/System/Library/PrivateFrameworks/NetAuth.framework/Versions/A/NetAuth
0x000000001e29e000 	/System/Library/PrivateFrameworks/login.framework/Versions/A/Frameworks/loginsupport.framework/Versions/A/loginsupport
0x000000001e29e000 	/System/Library/PrivateFrameworks/TCC.framework/Versions/A/TCC
0x000000001e29e000 	/usr/lib/libmecabra.dylib
0x000000001e29e000 	/System/Library/Frameworks/ApplicationServices.framework/Versions/A/Frameworks/ATS.framework/Versions/A/ATS
0x000000001e29e000 	/System/Library/Frameworks/ApplicationServices.framework/Versions/A/Frameworks/ColorSync.framework/Versions/A/ColorSync
0x000000001e29e000 	/System/Library/Frameworks/ApplicationServices.framework/Versions/A/Frameworks/HIServices.framework/Versions/A/HIServices
0x000000001e29e000 	/System/Library/Frameworks/ApplicationServices.framework/Versions/A/Frameworks/LangAnalysis.framework/Versions/A/LangAnalysis
0x000000001e29e000 	/System/Library/Frameworks/ApplicationServices.framework/Versions/A/Frameworks/PrintCore.framework/Versions/A/PrintCore
0x000000001e29e000 	/System/Library/Frameworks/ApplicationServices.framework/Versions/A/Frameworks/QD.framework/Versions/A/QD
0x000000001e29e000 	/System/Library/Frameworks/ApplicationServices.framework/Versions/A/Frameworks/SpeechSynthesis.framework/Versions/A/SpeechSynthesis
0x000000001e29e000 	/System/Library/Frameworks/Accelerate.framework/Versions/A/Frameworks/vImage.framework/Versions/A/vImage
0x000000001e29e000 	/System/Library/Frameworks/Accelerate.framework/Versions/A/Frameworks/vecLib.framework/Versions/A/vecLib
0x000000001e29e000 	/System/Library/Frameworks/Accelerate.framework/Versions/A/Frameworks/vecLib.framework/Versions/A/libvDSP.dylib
0x000000001e29e000 	/System/Library/Frameworks/Accelerate.framework/Versions/A/Frameworks/vecLib.framework/Versions/A/libBNNS.dylib
0x000000001e29e000 	/System/Library/Frameworks/Accelerate.framework/Versions/A/Frameworks/vecLib.framework/Versions/A/libQuadrature.dylib
0x000000001e29e000 	/System/Library/Frameworks/Accelerate.framework/Versions/A/Frameworks/vecLib.framework/Versions/A/libvMisc.dylib
0x000000001e29e000 	/System/Library/Frameworks/Accelerate.framework/Versions/A/Frameworks/vecLib.framework/Versions/A/libLAPACK.dylib
0x000000001e29e000 	/System/Library/Frameworks/Accelerate.framework/Versions/A/Frameworks/vecLib.framework/Versions/A/libBLAS.dylib
0x000000001e29e000 	/System/Library/Frameworks/Accelerate.framework/Versions/A/Frameworks/vecLib.framework/Versions/A/libLinearAlgebra.dylib
0x000000001e29e000 	/System/Library/Frameworks/Accelerate.framework/Versions/A/Frameworks/vecLib.framework/Versions/A/libSparseBLAS.dylib
0x000000001e29e000 	/System/Library/Frameworks/ApplicationServices.framework/Versions/A/Frameworks/ATS.framework/Versions/A/Resources/libFontParser.dylib
0x000000001e29e000 	/System/Library/Frameworks/ApplicationServices.framework/Versions/A/Frameworks/ATS.framework/Versions/A/Resources/libFontRegistry.dylib
0x000000001e29e000 	/System/Library/Frameworks/ImageIO.framework/Versions/A/Resources/libJPEG.dylib
0x000000001e29e000 	/System/Library/Frameworks/ImageIO.framework/Versions/A/Resources/libTIFF.dylib
0x000000001e29e000 	/System/Library/Frameworks/ImageIO.framework/Versions/A/Resources/libPng.dylib
0x000000001e29e000 	/System/Library/Frameworks/ImageIO.framework/Versions/A/Resources/libGIF.dylib
0x000000001e29e000 	/System/Library/Frameworks/ImageIO.framework/Versions/A/Resources/libJP2.dylib
0x000000001e29e000 	/System/Library/Frameworks/ImageIO.framework/Versions/A/Resources/libRadiance.dylib
0x000000001e29e000 	/usr/lib/libcompression.dylib
0x000000001e29e000 	/System/Library/PrivateFrameworks/AppleJPEG.framework/Versions/A/AppleJPEG
0x000000001e29e000 	/usr/lib/libcups.2.dylib
0x000000001e29e000 	/System/Library/Frameworks/Kerberos.framework/Versions/A/Kerberos
0x000000001e29e000 	/System/Library/Frameworks/GSS.framework/Versions/A/GSS
0x000000001e29e000 	/usr/lib/libresolv.9.dylib
0x000000001e29e000 	/usr/lib/libiconv.2.dylib
0x000000001e29e000 	/System/Library/PrivateFrameworks/Heimdal.framework/Versions/A/Heimdal
0x000000001e29e000 	/usr/lib/libheimdal-asn1.dylib
0x000000001e29e000 	/System/Library/Frameworks/OpenDirectory.framework/Versions/A/OpenDirectory
0x000000001e29e000 	/System/Library/PrivateFrameworks/CommonAuth.framework/Versions/A/CommonAuth
0x000000001e29e000 	/System/Library/Frameworks/OpenDirectory.framework/Versions/A/Frameworks/CFOpenDirectory.framework/Versions/A/CFOpenDirectory
0x000000001e29e000 	/System/Library/Frameworks/SecurityFoundation.framework/Versions/A/SecurityFoundation
0x000000001e29e000 	/System/Library/PrivateFrameworks/LanguageModeling.framework/Versions/A/LanguageModeling
0x000000001e29e000 	/usr/lib/libmarisa.dylib
0x000000001e29e000 	/usr/lib/libChineseTokenizer.dylib
0x000000001e29e000 	/usr/lib/libcmph.dylib
0x000000001e29e000 	/System/Library/PrivateFrameworks/CoreEmoji.framework/Versions/A/CoreEmoji
0x000000001e29e000 	/System/Library/Frameworks/ServiceManagement.framework/Versions/A/ServiceManagement
0x000000001e29e000 	/usr/lib/libxslt.1.dylib
0x000000001e29e000 	/System/Library/Frameworks/Carbon.framework/Versions/A/Frameworks/Ink.framework/Versions/A/Ink
0x000000001e29e000 	/System/Library/PrivateFrameworks/TextureIO.framework/Versions/A/TextureIO
0x000000001e29e000 	/System/Library/Frameworks/Metal.framework/Versions/A/Metal
0x000000001e29e000 	/usr/lib/libate.dylib
0x000000001e29e000 	/System/Library/PrivateFrameworks/GPUCompiler.framework/libmetal_timestamp.dylib
0x000000001e29e000 	/System/Library/Frameworks/OpenGL.framework/Versions/A/Libraries/libCoreFSCache.dylib
0x000000001e29e000 	/System/Library/PrivateFrameworks/IOAccelerator.framework/Versions/A/IOAccelerator
0x000000001e29e000 	/System/Library/Frameworks/CoreVideo.framework/Versions/A/CoreVideo
0x000000001e29e000 	/usr/lib/libFosl_dynamic.dylib
0x000000001e29e000 	/System/Library/PrivateFrameworks/MetalPerformanceShaders.framework/Versions/A/MetalPerformanceShaders
0x000000001e29e000 	/System/Library/PrivateFrameworks/FaceCore.framework/Versions/A/FaceCore
0x000000001e29e000 	/System/Library/Frameworks/OpenCL.framework/Versions/A/OpenCL
0x000000001e29e000 	/System/Library/Frameworks/OpenGL.framework/Versions/A/Libraries/libGLU.dylib
0x000000001e29e000 	/System/Library/Frameworks/OpenGL.framework/Versions/A/Libraries/libGFXShared.dylib
0x000000001e29e000 	/System/Library/Frameworks/OpenGL.framework/Versions/A/Libraries/libGL.dylib
0x000000001e29e000 	/System/Library/Frameworks/OpenGL.framework/Versions/A/Libraries/libGLImage.dylib
0x000000001e29e000 	/System/Library/Frameworks/OpenGL.framework/Versions/A/Libraries/libCVMSPluginSupport.dylib
0x000000001e29e000 	/System/Library/Frameworks/OpenGL.framework/Versions/A/Libraries/libCoreVMClient.dylib
0x000000001e29e000 	/System/Library/PrivateFrameworks/CrashReporterSupport.framework/Versions/A/CrashReporterSupport
0x000000001e29e000 	/System/Library/PrivateFrameworks/Sharing.framework/Versions/A/Sharing
0x000000001e29e000 	/System/Library/PrivateFrameworks/IconServices.framework/Versions/A/IconServices
0x000000001e29e000 	/System/Library/PrivateFrameworks/ProtocolBuffer.framework/Versions/A/ProtocolBuffer
0x000000001e29e000 	/System/Library/PrivateFrameworks/Apple80211.framework/Versions/A/Apple80211
0x000000001e29e000 	/System/Library/Frameworks/CoreWLAN.framework/Versions/A/CoreWLAN
0x000000001e29e000 	/System/Library/PrivateFrameworks/CoreUtils.framework/Versions/A/CoreUtils
0x000000001e29e000 	/System/Library/Frameworks/IOBluetooth.framework/Versions/A/IOBluetooth
0x000000001e29e000 	/System/Library/PrivateFrameworks/CoreWiFi.framework/Versions/A/CoreWiFi
0x000000001e29e000 	/System/Library/Frameworks/CoreBluetooth.framework/Versions/A/CoreBluetooth
0x000000001e29e000 	/System/Library/Frameworks/CoreDisplay.framework/Versions/A/CoreDisplay
0x000000001e29e000 	/System/Library/PrivateFrameworks/IOPresentment.framework/Versions/A/IOPresentment
0x000000001e29e000 	/System/Library/PrivateFrameworks/DebugSymbols.framework/Versions/A/DebugSymbols
0x000000001e29e000 	/System/Library/PrivateFrameworks/CoreSymbolication.framework/Versions/A/CoreSymbolication
0x000000001e29e000 	/System/Library/PrivateFrameworks/Symbolication.framework/Versions/A/Symbolication
0x000000001e29e000 	/System/Library/PrivateFrameworks/AppleFSCompression.framework/Versions/A/AppleFSCompression
0x000000001e29e000 	/System/Library/PrivateFrameworks/SpeechRecognitionCore.framework/Versions/A/SpeechRecognitionCore
0x000000001e29e000 	/System/Library/PrivateFrameworks/ChunkingLibrary.framework/Versions/A/ChunkingLibrary
0x000000010b000000 	/Library/Java/JavaVirtualMachines/jdk1.8.0_101.jdk/Contents/Home/jre/lib/server/libjvm.dylib
0x000000001e29e000 	/usr/lib/libstdc++.6.dylib
0x000000010a6fc000 	/Library/Java/JavaVirtualMachines/jdk1.8.0_101.jdk/Contents/Home/jre/lib/libverify.dylib
0x000000010a70a000 	/Library/Java/JavaVirtualMachines/jdk1.8.0_101.jdk/Contents/Home/jre/lib/libjava.dylib
0x000000010a747000 	/Library/Java/JavaVirtualMachines/jdk1.8.0_101.jdk/Contents/Home/jre/lib/libzip.dylib
0x00000001218e2000 	/System/Library/Frameworks/JavaVM.framework/Frameworks/JavaRuntimeSupport.framework/JavaRuntimeSupport
0x00000001218fc000 	/System/Library/Frameworks/JavaVM.framework/Versions/A/Frameworks/JavaNativeFoundation.framework/Versions/A/JavaNativeFoundation
0x0000000121911000 	/System/Library/Frameworks/JavaVM.framework/Versions/A/JavaVM
0x000000001e29e000 	/System/Library/Frameworks/Carbon.framework/Versions/A/Carbon
0x000000012191e000 	/System/Library/PrivateFrameworks/JavaLaunching.framework/Versions/A/JavaLaunching
0x000000001e29e000 	/System/Library/Frameworks/Carbon.framework/Versions/A/Frameworks/CommonPanels.framework/Versions/A/CommonPanels
0x000000001e29e000 	/System/Library/Frameworks/Carbon.framework/Versions/A/Frameworks/Help.framework/Versions/A/Help
0x000000001e29e000 	/System/Library/Frameworks/Carbon.framework/Versions/A/Frameworks/ImageCapture.framework/Versions/A/ImageCapture
0x000000001e29e000 	/System/Library/Frameworks/Carbon.framework/Versions/A/Frameworks/OpenScripting.framework/Versions/A/OpenScripting
0x000000001e29e000 	/System/Library/Frameworks/Carbon.framework/Versions/A/Frameworks/Print.framework/Versions/A/Print
0x000000001e29e000 	/System/Library/Frameworks/Carbon.framework/Versions/A/Frameworks/SecurityHI.framework/Versions/A/SecurityHI
0x0000000123253000 	/Library/Java/JavaVirtualMachines/jdk1.8.0_101.jdk/Contents/Home/jre/lib/libnet.dylib
0x00000001232b2000 	/Library/Java/JavaVirtualMachines/jdk1.8.0_101.jdk/Contents/Home/jre/lib/libnio.dylib
0x00000001236b4000 	/Users/elchroy/.gradle/native/19/osx-amd64/libnative-platform.dylib
0x00000001236b9000 	/Users/elchroy/.gradle/native/19/osx-amd64/libnative-platform-curses.dylib
0x000000001e29e000 	/usr/lib/libncurses.5.4.dylib
0x00000001236bd000 	/private/var/folders/3j/p0_wzk9d1ns47ybk3ng5x3w80000gn/T/jna7168022393120561731.tmp
0x00000001236d2000 	/Library/Java/JavaVirtualMachines/jdk1.8.0_101.jdk/Contents/Home/jre/lib/libmanagement.dylib

VM Arguments:
jvm_args: -Dorg.gradle.appname=gradlew 
java_command: org.gradle.wrapper.GradleWrapperMain installDebug
java_class_path (initial): /Users/elchroy/Roy/Code/rubyment/roymobile/android/gradle/wrapper/gradle-wrapper.jar
Launcher Type: SUN_STANDARD

Environment Variables:
PATH=/usr/local/opt/nvm/versions/node/v6.3.0/lib/node_modules/npm/bin/node-gyp-bin:/Users/elchroy/Roy/Code/rubyment/roymobile/node_modules/.bin:/usr/local/opt/nvm/versions/node/v6.3.0/bin:/Users/elchroy/.rvm/gems/ruby-2.3.0/bin:/Users/elchroy/.rvm/gems/ruby-2.3.0@global/bin:/Users/elchroy/.rvm/rubies/ruby-2.3.0/bin:/usr/local/opt/nvm/versions/node/v6.3.0/bin:/usr/local/mysql/bin:/usr/local/share/python:/usr/local/bin:/usr/bin:/bin:/usr/sbin:/sbin:/Users/elchroy/golang/src/github.com/andela/bin:/usr/local/opt/go/libexec/bin:/Users/elchroy/.rvm/bin:/Users/elchroy/Library/Android/sdk/tools:/Users/elchroy/Library/Android/sdk/platform-tools
SHELL=/bin/zsh

Signal Handlers:
SIGSEGV: [libjvm.dylib+0x5af145], sa_mask[0]=11111111011111110111111111111111, sa_flags=SA_ONSTACK|SA_RESTART|SA_SIGINFO
SIGBUS: [libjvm.dylib+0x5af145], sa_mask[0]=11111111011111110111111111111111, sa_flags=SA_RESTART|SA_SIGINFO
SIGFPE: [libjvm.dylib+0x48694c], sa_mask[0]=11111111011111110111111111111111, sa_flags=SA_RESTART|SA_SIGINFO
SIGPIPE: [libjvm.dylib+0x48694c], sa_mask[0]=11111111011111110111111111111111, sa_flags=SA_RESTART|SA_SIGINFO
SIGXFSZ: [libjvm.dylib+0x48694c], sa_mask[0]=11111111011111110111111111111111, sa_flags=SA_RESTART|SA_SIGINFO
SIGILL: [libjvm.dylib+0x48694c], sa_mask[0]=11111111011111110111111111111111, sa_flags=SA_RESTART|SA_SIGINFO
SIGUSR1: SIG_DFL, sa_mask[0]=11111111011111110111111111111111, sa_flags=none
SIGUSR2: [libjvm.dylib+0x48646a], sa_mask[0]=00000000000000000000000000000000, sa_flags=SA_RESTART|SA_SIGINFO
SIGHUP: [libjvm.dylib+0x484a41], sa_mask[0]=11111111011111110111111111111111, sa_flags=SA_RESTART|SA_SIGINFO
SIGINT: [libjvm.dylib+0x484a41], sa_mask[0]=11111111011111110111111111111111, sa_flags=SA_RESTART|SA_SIGINFO
SIGTERM: [libjvm.dylib+0x484a41], sa_mask[0]=11111111011111110111111111111111, sa_flags=SA_RESTART|SA_SIGINFO
SIGQUIT: [libjvm.dylib+0x484a41], sa_mask[0]=11111111011111110111111111111111, sa_flags=SA_RESTART|SA_SIGINFO


---------------  S Y S T E M  ---------------

OS:Bsduname:Darwin 16.4.0 Darwin Kernel Version 16.4.0: Thu Dec 22 22:53:21 PST 2016; root:xnu-3789.41.3~3/RELEASE_X86_64 x86_64
rlimit: STACK 8192k, CORE 0k, NPROC 709, NOFILE 10240, AS infinity
load average:8.29 6.98 6.40

CPU:total 4 (2 cores per cpu, 2 threads per core) family 6 model 61 stepping 4, cmov, cx8, fxsr, mmx, sse, sse2, sse3, ssse3, sse4.1, sse4.2, popcnt, avx, avx2, aes, clmul, erms, 3dnowpref, lzcnt, ht, tsc, tscinvbit, bmi1, bmi2, adx

Memory: 4k page, physical 8388608k(113828k free)

/proc/meminfo:


vm_info: Java HotSpot(TM) 64-Bit Server VM (25.101-b13) for bsd-amd64 JRE (1.8.0_101-b13), built on Jun 22 2016 02:42:15 by "java_re" with gcc 4.2.1 (Based on Apple Inc. build 5658) (LLVM build 2336.11.00)

time: Thu Feb  9 12:57:06 2017
elapsed time: 9 seconds (0d 0h 0m 9s)

