#
# A fatal error has been detected by the Java Runtime Environment:
#
#  SIGSEGV (0xb) at pc=0x000000010ee86498, pid=54981, tid=0x0000000000000307
#
# JRE version: Java(TM) SE Runtime Environment (8.0_101-b13) (build 1.8.0_101-b13)
# Java VM: Java HotSpot(TM) 64-Bit Server VM (25.101-b13 mixed mode bsd-amd64 compressed oops)
# Problematic frame:
# V  [libjvm.dylib+0x486498]  SR_handler(int, __siginfo*, __darwin_ucontext*)+0x2e
#
# Failed to write core dump. Core dumps have been disabled. To enable core dumping, try "ulimit -c unlimited" before starting Java again
#
# If you would like to submit a bug report, please visit:
#   http://bugreport.java.com/bugreport/crash.jsp
#

---------------  T H R E A D  ---------------

Current thread is native thread

siginfo: si_signo: 11 (SIGSEGV), si_code: 1 (SEGV_MAPERR), si_addr: 0x0000000000000128

Registers:
RAX=0x0000000000000000, RBX=0x00007fff52490810, RCX=0x00007fffa9547408, RDX=0x00007fff52490810
RSP=0x00007fff52490340, RBP=0x00007fff52490370, RSI=0x00007fff524907a8, RDI=0x0000000000000103
R8 =0x00007fff52490810, R9 =0x00000000ffffffff, R10=0x0000000000000c00, R11=0x0000000000000206
R12=0x0000000000000c00, R13=0x0000000000000000, R14=0x00007fff524907a8, R15=0x0000000000000002
RIP=0x000000010ee86498, EFLAGS=0x0000000000010202, ERR=0x0000000000000004
  TRAPNO=0x000000000000000e

Top of Stack: (sp=0x00007fff52490340)
0x00007fff52490340:   0000000000000000 00007fff52490810
0x00007fff52490350:   0000000000000c00 0000000000000000
0x00007fff52490360:   00007fff52490a40 0000000000000d03
0x00007fff52490370:   00007fff52490380 00007fffa0907bba
0x00007fff52490380:   00007fff52490910 0000000000015c00
0x00007fff52490390:   00015d00a5f9b958 00007fffa93dd2d0
0x00007fff524903a0:   0100001f00000085 00007fff8b1a3680
0x00007fff524903b0:   0000000010004005 00000000ffffffff
0x00007fff524903c0:   00007fff524908c8 0000000000000000
0x00007fff524903d0:   00007fff52490a40 0000000007000806
0x00007fff524903e0:   00007fff52490910 00007fff524908c8
0x00007fff524903f0:   0000000000000d03 00000000ffffffff
0x00007fff52490400:   0000000000000c00 0000000000000206
0x00007fff52490410:   0000000000000c00 0000000000000000
0x00007fff52490420:   00007fff52490a40 0000000000000d03
0x00007fff52490430:   000000010df9c38a 0000000000000206
0x00007fff52490440:   0000000000000007 0000000000000000
0x00007fff52490450:   0000000000000000 0000000000000000
0x00007fff52490460:   000000000000037f 0000000000000000
0x00007fff52490470:   0000000000000000 0000ffff00001fa0
0x00007fff52490480:   0000000000000000 000000000000ffff
0x00007fff52490490:   0000000000000100 000000000000ffff
0x00007fff524904a0:   0000000000000000 0000000000000000
0x00007fff524904b0:   0000000000000000 0000000000000000
0x00007fff524904c0:   87bc000000000000 000000000000c00b
0x00007fff524904d0:   0000000000000000 0000000000000000
0x00007fff524904e0:   8000000000000000 0000000000004007
0x00007fff524904f0:   c060000000000000 000000000000400a
0x00007fff52490500:   41be489efccaa23c 0000000000000000
0x00007fff52490510:   3fe954477ff151e7 0000000000000000
0x00007fff52490520:   c3de3f7c88dfa86b 439c083772057955
0x00007fff52490530:   0000000000000000 0000000000000000 

Instructions: (pc=0x000000010ee86498)
0x000000010ee86478:   83 ec 08 48 89 d3 49 89 f6 e8 00 26 14 00 44 8b
0x000000010ee86488:   38 48 8d 05 20 cd 3a 00 48 63 38 e8 ca 28 14 00
0x000000010ee86498:   4c 8b a0 28 01 00 00 41 83 7c 24 34 01 0f 85 e2
0x000000010ee864a8:   00 00 00 49 89 5c 24 40 4d 89 74 24 38 49 8d 5c 

Register to memory mapping:

RAX=0x0000000000000000 is an unknown value
RBX=0x00007fff52490810 is an unknown value
RCX=0x00007fffa9547408: _thread+0x48 in /usr/lib/system/libsystem_pthread.dylib at 0x00007fffa090e000
RDX=0x00007fff52490810 is an unknown value
RSP=0x00007fff52490340 is an unknown value
RBP=0x00007fff52490370 is an unknown value
RSI=0x00007fff524907a8 is an unknown value
RDI=0x0000000000000103 is an unknown value
R8 =0x00007fff52490810 is an unknown value
R9 =0x00000000ffffffff is an unknown value
R10=0x0000000000000c00 is an unknown value
R11=0x0000000000000206 is an unknown value
R12=0x0000000000000c00 is an unknown value
R13=0x0000000000000000 is an unknown value
R14=0x00007fff524907a8 is an unknown value
R15=0x0000000000000002 is an unknown value


Stack: [0x00007fff51c95000,0x00007fff52495000],  sp=0x00007fff52490340,  free space=8172k
Native frames: (J=compiled Java code, j=interpreted, Vv=VM code, C=native code)
V  [libjvm.dylib+0x486498]  SR_handler(int, __siginfo*, __darwin_ucontext*)+0x2e
C  [libsystem_platform.dylib+0x2bba]  _sigtramp+0x1a
C  0x0000000000015c00
C  [CoreFoundation+0x88c94]  __CFRunLoopServiceMachPort+0xd4
C  [CoreFoundation+0x88121]  __CFRunLoopRun+0x551
C  [CoreFoundation+0x87974]  CFRunLoopRunSpecific+0x1a4
C  [java+0x6465]  CreateExecutionEnvironment+0x367
C  [java+0x218c]  JLI_Launch+0x7a0
C  [java+0x84c2]  main+0x65
C  [java+0x19e4]  start+0x34


---------------  P R O C E S S  ---------------

VM state:not at safepoint (normal execution)

VM Mutex/Monitor currently owned by a thread: None

Heap:
 PSYoungGen      total 165888K, used 100970K [0x0000000795580000, 0x00000007a2900000, 0x00000007c0000000)
  eden space 149504K, 57% used [0x0000000795580000,0x000000079a8dfae0,0x000000079e780000)
  from space 16384K, 95% used [0x000000079e780000,0x000000079f6bad80,0x000000079f780000)
  to   space 18432K, 0% used [0x00000007a1700000,0x00000007a1700000,0x00000007a2900000)
 ParOldGen       total 111616K, used 24605K [0x0000000740000000, 0x0000000746d00000, 0x0000000795580000)
  object space 111616K, 22% used [0x0000000740000000,0x0000000741807480,0x0000000746d00000)
 Metaspace       used 39842K, capacity 41130K, committed 41176K, reserved 1085440K
  class space    used 5596K, capacity 6142K, committed 6144K, reserved 1048576K

Card table byte_map: [0x000000010fd5d000,0x000000011015e000] byte_map_base: 0x000000010c35d000

Marking Bits: (ParMarkBitMap*) 0x000000010f2edd20
 Begin Bits: [0x0000000110409000, 0x0000000112409000)
 End Bits:   [0x0000000112409000, 0x0000000114409000)

Polling page: 0x000000010df62000

CodeCache: size=245760Kb used=13136Kb max_used=13531Kb free=232623Kb
 bounds [0x000000011473e000, 0x000000011548e000, 0x000000012373e000]
 total_blobs=4555 nmethods=3890 adapters=577
 compilation: enabled

Compilation events (10 events):
Event: 12.707 Thread 0x00007ff946820800 4202       3       java.util.regex.Pattern$Begin::match (62 bytes)
Event: 12.707 Thread 0x00007ff946820800 nmethod 4202 0x0000000114a27190 code [0x0000000114a27320, 0x0000000114a27688]
Event: 12.712 Thread 0x00007ff947054800 nmethod 4198 0x0000000114993090 code [0x0000000114993200, 0x0000000114993438]
Event: 12.712 Thread 0x00007ff947054800 4200       4       java.util.regex.Pattern$Curly::match (86 bytes)
Event: 12.712 Thread 0x00007ff946820000 nmethod 4199 0x00000001148c20d0 code [0x00000001148c2240, 0x00000001148c2558]
Event: 12.713 Thread 0x00007ff946820800 4203       3       java.lang.ThreadLocal$ThreadLocalMap::set (136 bytes)
Event: 12.715 Thread 0x00007ff946820800 nmethod 4203 0x0000000114b86150 code [0x0000000114b86360, 0x0000000114b86e68]
Event: 12.718 Thread 0x00007ff947054800 nmethod 4200 0x0000000114b7fbd0 code [0x0000000114b7fd40, 0x0000000114b801b8]
Event: 12.764 Thread 0x00007ff946820800 4204       1       java.nio.channels.spi.AbstractInterruptibleChannel::isOpen (5 bytes)
Event: 12.764 Thread 0x00007ff946820800 nmethod 4204 0x0000000114b59710 code [0x0000000114b59860, 0x0000000114b59970]

GC Heap History (10 events):
Event: 4.694 GC heap before
{Heap before GC invocations=7 (full 1):
 PSYoungGen      total 71680K, used 66560K [0x0000000795580000, 0x000000079ea80000, 0x00000007c0000000)
  eden space 66560K, 100% used [0x0000000795580000,0x0000000799680000,0x0000000799680000)
  from space 5120K, 0% used [0x0000000799680000,0x0000000799680000,0x0000000799b80000)
  to   space 9728K, 0% used [0x000000079e100000,0x000000079e100000,0x000000079ea80000)
 ParOldGen       total 61952K, used 8852K [0x0000000740000000, 0x0000000743c80000, 0x0000000795580000)
  object space 61952K, 14% used [0x0000000740000000,0x00000007408a52d0,0x0000000743c80000)
 Metaspace       used 25337K, capacity 25952K, committed 26240K, reserved 1071104K
  class space    used 3431K, capacity 3641K, committed 3712K, reserved 1048576K
Event: 4.703 GC heap after
Heap after GC invocations=7 (full 1):
 PSYoungGen      total 106496K, used 5974K [0x0000000795580000, 0x000000079e700000, 0x00000007c0000000)
  eden space 100352K, 0% used [0x0000000795580000,0x0000000795580000,0x000000079b780000)
  from space 6144K, 97% used [0x000000079e100000,0x000000079e6d5a90,0x000000079e700000)
  to   space 9728K, 0% used [0x000000079d400000,0x000000079d400000,0x000000079dd80000)
 ParOldGen       total 61952K, used 8924K [0x0000000740000000, 0x0000000743c80000, 0x0000000795580000)
  object space 61952K, 14% used [0x0000000740000000,0x00000007408b72e0,0x0000000743c80000)
 Metaspace       used 25337K, capacity 25952K, committed 26240K, reserved 1071104K
  class space    used 3431K, capacity 3641K, committed 3712K, reserved 1048576K
}
Event: 6.523 GC heap before
{Heap before GC invocations=8 (full 1):
 PSYoungGen      total 106496K, used 106326K [0x0000000795580000, 0x000000079e700000, 0x00000007c0000000)
  eden space 100352K, 100% used [0x0000000795580000,0x000000079b780000,0x000000079b780000)
  from space 6144K, 97% used [0x000000079e100000,0x000000079e6d5a90,0x000000079e700000)
  to   space 9728K, 0% used [0x000000079d400000,0x000000079d400000,0x000000079dd80000)
 ParOldGen       total 61952K, used 8924K [0x0000000740000000, 0x0000000743c80000, 0x0000000795580000)
  object space 61952K, 14% used [0x0000000740000000,0x00000007408b72e0,0x0000000743c80000)
 Metaspace       used 32048K, capacity 33006K, committed 33280K, reserved 1077248K
  class space    used 4455K, capacity 4835K, committed 4864K, reserved 1048576K
Event: 6.560 GC heap after
Heap after GC invocations=8 (full 1):
 PSYoungGen      total 139264K, used 9712K [0x0000000795580000, 0x00000007a0500000, 0x00000007c0000000)
  eden space 129536K, 0% used [0x0000000795580000,0x0000000795580000,0x000000079d400000)
  from space 9728K, 99% used [0x000000079d400000,0x000000079dd7c010,0x000000079dd80000)
  to   space 13824K, 0% used [0x000000079f780000,0x000000079f780000,0x00000007a0500000)
 ParOldGen       total 61952K, used 15786K [0x0000000740000000, 0x0000000743c80000, 0x0000000795580000)
  object space 61952K, 25% used [0x0000000740000000,0x0000000740f6ab48,0x0000000743c80000)
 Metaspace       used 32048K, capacity 33006K, committed 33280K, reserved 1077248K
  class space    used 4455K, capacity 4835K, committed 4864K, reserved 1048576K
}
Event: 8.036 GC heap before
{Heap before GC invocations=9 (full 1):
 PSYoungGen      total 139264K, used 55833K [0x0000000795580000, 0x00000007a0500000, 0x00000007c0000000)
  eden space 129536K, 35% used [0x0000000795580000,0x000000079828a6b8,0x000000079d400000)
  from space 9728K, 99% used [0x000000079d400000,0x000000079dd7c010,0x000000079dd80000)
  to   space 13824K, 0% used [0x000000079f780000,0x000000079f780000,0x00000007a0500000)
 ParOldGen       total 61952K, used 15786K [0x0000000740000000, 0x0000000743c80000, 0x0000000795580000)
  object space 61952K, 25% used [0x0000000740000000,0x0000000740f6ab48,0x0000000743c80000)
 Metaspace       used 34355K, capacity 35304K, committed 35416K, reserved 1079296K
  class space    used 4787K, capacity 5198K, committed 5248K, reserved 1048576K
Event: 8.081 GC heap after
Heap after GC invocations=9 (full 1):
 PSYoungGen      total 163328K, used 13808K [0x0000000795580000, 0x00000007a3a00000, 0x00000007c0000000)
  eden space 149504K, 0% used [0x0000000795580000,0x0000000795580000,0x000000079e780000)
  from space 13824K, 99% used [0x000000079f780000,0x00000007a04fc010,0x00000007a0500000)
  to   space 16384K, 0% used [0x000000079e780000,0x000000079e780000,0x000000079f780000)
 ParOldGen       total 61952K, used 17030K [0x0000000740000000, 0x0000000743c80000, 0x0000000795580000)
  object space 61952K, 27% used [0x0000000740000000,0x00000007410a1a50,0x0000000743c80000)
 Metaspace       used 34355K, capacity 35304K, committed 35416K, reserved 1079296K
  class space    used 4787K, capacity 5198K, committed 5248K, reserved 1048576K
}
Event: 8.081 GC heap before
{Heap before GC invocations=10 (full 2):
 PSYoungGen      total 163328K, used 13808K [0x0000000795580000, 0x00000007a3a00000, 0x00000007c0000000)
  eden space 149504K, 0% used [0x0000000795580000,0x0000000795580000,0x000000079e780000)
  from space 13824K, 99% used [0x000000079f780000,0x00000007a04fc010,0x00000007a0500000)
  to   space 16384K, 0% used [0x000000079e780000,0x000000079e780000,0x000000079f780000)
 ParOldGen       total 61952K, used 17030K [0x0000000740000000, 0x0000000743c80000, 0x0000000795580000)
  object space 61952K, 27% used [0x0000000740000000,0x00000007410a1a50,0x0000000743c80000)
 Metaspace       used 34355K, capacity 35304K, committed 35416K, reserved 1079296K
  class space    used 4787K, capacity 5198K, committed 5248K, reserved 1048576K
Event: 8.362 GC heap after
Heap after GC invocations=10 (full 2):
 PSYoungGen      total 163328K, used 0K [0x0000000795580000, 0x00000007a3a00000, 0x00000007c0000000)
  eden space 149504K, 0% used [0x0000000795580000,0x0000000795580000,0x000000079e780000)
  from space 13824K, 0% used [0x000000079f780000,0x000000079f780000,0x00000007a0500000)
  to   space 16384K, 0% used [0x000000079e780000,0x000000079e780000,0x000000079f780000)
 ParOldGen       total 111616K, used 24597K [0x0000000740000000, 0x0000000746d00000, 0x0000000795580000)
  object space 111616K, 22% used [0x0000000740000000,0x0000000741805480,0x0000000746d00000)
 Metaspace       used 34355K, capacity 35304K, committed 35416K, reserved 1079296K
  class space    used 4787K, capacity 5198K, committed 5248K, reserved 1048576K
}
Event: 11.100 GC heap before
{Heap before GC invocations=11 (full 2):
 PSYoungGen      total 163328K, used 149504K [0x0000000795580000, 0x00000007a3a00000, 0x00000007c0000000)
  eden space 149504K, 100% used [0x0000000795580000,0x000000079e780000,0x000000079e780000)
  from space 13824K, 0% used [0x000000079f780000,0x000000079f780000,0x00000007a0500000)
  to   space 16384K, 0% used [0x000000079e780000,0x000000079e780000,0x000000079f780000)
 ParOldGen       total 111616K, used 24597K [0x0000000740000000, 0x0000000746d00000, 0x0000000795580000)
  object space 111616K, 22% used [0x0000000740000000,0x0000000741805480,0x0000000746d00000)
 Metaspace       used 37193K, capacity 38240K, committed 38488K, reserved 1081344K
  class space    used 5199K, capacity 5661K, committed 5760K, reserved 1048576K
Event: 11.138 GC heap after
Heap after GC invocations=11 (full 2):
 PSYoungGen      total 165888K, used 15595K [0x0000000795580000, 0x00000007a2900000, 0x00000007c0000000)
  eden space 149504K, 0% used [0x0000000795580000,0x0000000795580000,0x000000079e780000)
  from space 16384K, 95% used [0x000000079e780000,0x000000079f6bad80,0x000000079f780000)
  to   space 18432K, 0% used [0x00000007a1700000,0x00000007a1700000,0x00000007a2900000)
 ParOldGen       total 111616K, used 24605K [0x0000000740000000, 0x0000000746d00000, 0x0000000795580000)
  object space 111616K, 22% used [0x0000000740000000,0x0000000741807480,0x0000000746d00000)
 Metaspace       used 37193K, capacity 38240K, committed 38488K, reserved 1081344K
  class space    used 5199K, capacity 5661K, committed 5760K, reserved 1048576K
}

Deoptimization events (10 events):
Event: 11.322 Thread 0x00007ff947005800 Uncommon trap: reason=unstable_if action=reinterpret pc=0x00000001151fa17c method=groovy.lang.MetaClassImpl.checkIfStdMethod(Lgroovy/lang/MetaMethod;)V @ 168
Event: 11.726 Thread 0x00007ff947005800 Uncommon trap: reason=unstable_if action=reinterpret pc=0x0000000115366af4 method=java.lang.Class.arrayContentsEq([Ljava/lang/Object;[Ljava/lang/Object;)Z @ 1
Event: 11.747 Thread 0x00007ff947005800 Uncommon trap: reason=unstable_if action=reinterpret pc=0x0000000114cdfb84 method=sun.misc.MetaIndex.mayContain(Ljava/lang/String;)Z @ 38
Event: 11.782 Thread 0x00007ff947005800 Uncommon trap: reason=unstable_if action=reinterpret pc=0x0000000114ce1484 method=java.lang.Class.arrayContentsEq([Ljava/lang/Object;[Ljava/lang/Object;)Z @ 1
Event: 12.211 Thread 0x00007ff947005800 Uncommon trap: reason=unstable_if action=reinterpret pc=0x00000001153bede8 method=org.gradle.api.internal.file.pattern.PatternMatcherFactory$PathMatcherBackedSpec.isSatisfiedBy(Lorg/gradle/api/file/RelativePath;)Z @ 11
Event: 12.211 Thread 0x00007ff947005800 Uncommon trap: reason=unstable_if action=reinterpret pc=0x000000011537ef94 method=org.gradle.api.internal.file.pattern.PatternMatcherFactory$PathMatcherBackedSpec.isSatisfiedBy(Lorg/gradle/api/file/RelativePath;)Z @ 11
Event: 12.634 Thread 0x00007ff94a68b000 Uncommon trap: reason=unstable_if action=reinterpret pc=0x0000000115452e24 method=java.util.Arrays.equals([B[B)Z @ 2
Event: 12.707 Thread 0x00007ff946db5000 Uncommon trap: reason=unstable_if action=reinterpret pc=0x00000001152ba280 method=java.lang.AbstractStringBuilder.append(I)Ljava/lang/AbstractStringBuilder; @ 16
Event: 12.707 Thread 0x00007ff946db5000 Uncommon trap: reason=unstable_if action=reinterpret pc=0x00000001153ac884 method=java.lang.Integer.getChars(II[C)V @ 7
Event: 12.752 Thread 0x00007ff94a68b000 Uncommon trap: reason=unstable_if action=reinterpret pc=0x0000000115261344 method=java.lang.AbstractStringBuilder.append(I)Ljava/lang/AbstractStringBuilder; @ 16

Internal exceptions (10 events):
Event: 12.119 Thread 0x00007ff947005800 Exception <a 'java/lang/ClassNotFoundException': com/android/build/gradle/tasks/ManifestProcessorTask$1BeanInfo> (0x00000007984d8d68) thrown at [/HUDSON3/workspace/8-2-build-macosx-x86_64/jdk8u101/7261/hotspot/src/share/vm/classfile/systemDictionary.cpp, 
Event: 12.119 Thread 0x00007ff947005800 Exception <a 'java/lang/ClassNotFoundException': com/android/build/gradle/tasks/ManifestProcessorTask$1Customizer> (0x00000007984ea5f0) thrown at [/HUDSON3/workspace/8-2-build-macosx-x86_64/jdk8u101/7261/hotspot/src/share/vm/classfile/systemDictionary.cpp
Event: 12.121 Thread 0x00007ff947005800 Exception <a 'java/lang/ClassNotFoundException': com/google/common/collect/IterablesBeanInfo> (0x0000000798526990) thrown at [/HUDSON3/workspace/8-2-build-macosx-x86_64/jdk8u101/7261/hotspot/src/share/vm/classfile/systemDictionary.cpp, line 210]
Event: 12.122 Thread 0x00007ff947005800 Exception <a 'java/lang/ClassNotFoundException': com/google/common/collect/IterablesCustomizer> (0x0000000798535c78) thrown at [/HUDSON3/workspace/8-2-build-macosx-x86_64/jdk8u101/7261/hotspot/src/share/vm/classfile/systemDictionary.cpp, line 210]
Event: 12.288 Thread 0x00007ff947005800 Exception <a 'java/lang/ClassNotFoundException': java/lang/BooleanBeanInfo> (0x0000000799a6de30) thrown at [/HUDSON3/workspace/8-2-build-macosx-x86_64/jdk8u101/7261/hotspot/src/share/vm/classfile/systemDictionary.cpp, line 210]
Event: 12.288 Thread 0x00007ff947005800 Exception <a 'java/lang/ClassNotFoundException': java/lang/BooleanCustomizer> (0x0000000799a73f30) thrown at [/HUDSON3/workspace/8-2-build-macosx-x86_64/jdk8u101/7261/hotspot/src/share/vm/classfile/systemDictionary.cpp, line 210]
Event: 12.291 Thread 0x00007ff947005800 Exception <a 'java/lang/ClassNotFoundException': com/android/builder/testing/ConnectedDeviceProviderBeanInfo> (0x0000000799aab488) thrown at [/HUDSON3/workspace/8-2-build-macosx-x86_64/jdk8u101/7261/hotspot/src/share/vm/classfile/systemDictionary.cpp, lin
Event: 12.291 Thread 0x00007ff947005800 Exception <a 'java/lang/ClassNotFoundException': com/android/builder/testing/api/DeviceProviderBeanInfo> (0x0000000799ab8020) thrown at [/HUDSON3/workspace/8-2-build-macosx-x86_64/jdk8u101/7261/hotspot/src/share/vm/classfile/systemDictionary.cpp, line 210
Event: 12.292 Thread 0x00007ff947005800 Exception <a 'java/lang/ClassNotFoundException': com/android/builder/testing/api/DeviceProviderCustomizer> (0x0000000799ac4cb0) thrown at [/HUDSON3/workspace/8-2-build-macosx-x86_64/jdk8u101/7261/hotspot/src/share/vm/classfile/systemDictionary.cpp, line 2
Event: 12.298 Thread 0x00007ff947005800 Exception <a 'java/lang/ClassNotFoundException': com/android/builder/testing/ConnectedDeviceProviderCustomizer> (0x0000000799aeb370) thrown at [/HUDSON3/workspace/8-2-build-macosx-x86_64/jdk8u101/7261/hotspot/src/share/vm/classfile/systemDictionary.cpp, l

Events (10 events):
Event: 12.710 loading class com/android/ddmlib/DeviceMonitor$2 done
Event: 12.752 Thread 0x00007ff94a68b000 Uncommon trap: trap_request=0xffffff65 fr.pc=0x0000000115261344
Event: 12.752 Thread 0x00007ff94a68b000 DEOPT PACKING pc=0x0000000115261344 sp=0x00007000018982c0
Event: 12.752 Thread 0x00007ff94a68b000 DEOPT UNPACKING pc=0x0000000114743229 sp=0x00007000018982a8 mode 2
Event: 12.804 loading class com/android/ddmlib/EmulatorConsole
Event: 12.804 loading class com/android/ddmlib/EmulatorConsole done
Event: 12.806 loading class java/util/regex/Pattern$SliceI
Event: 12.807 loading class java/util/regex/Pattern$SliceI done
Event: 12.807 loading class java/util/regex/Pattern$3
Event: 12.807 loading class java/util/regex/Pattern$3 done


Dynamic libraries:
0x0000000015df1000 	/System/Library/Frameworks/Cocoa.framework/Versions/A/Cocoa
0x0000000015df1000 	/System/Library/Frameworks/Security.framework/Versions/A/Security
0x0000000015df1000 	/System/Library/Frameworks/ApplicationServices.framework/Versions/A/ApplicationServices
0x0000000015df1000 	/usr/lib/libz.1.dylib
0x000000010d789000 	/usr/lib/libSystem.B.dylib
0x0000000015df1000 	/usr/lib/libobjc.A.dylib
0x0000000015df1000 	/System/Library/Frameworks/CoreFoundation.framework/Versions/A/CoreFoundation
0x0000000015df1000 	/System/Library/Frameworks/Foundation.framework/Versions/C/Foundation
0x0000000015df1000 	/System/Library/Frameworks/AppKit.framework/Versions/C/AppKit
0x0000000015df1000 	/System/Library/Frameworks/CoreData.framework/Versions/A/CoreData
0x0000000015df1000 	/System/Library/PrivateFrameworks/RemoteViewServices.framework/Versions/A/RemoteViewServices
0x0000000015df1000 	/System/Library/PrivateFrameworks/UIFoundation.framework/Versions/A/UIFoundation
0x0000000015df1000 	/System/Library/PrivateFrameworks/DFRFoundation.framework/Versions/A/DFRFoundation
0x0000000015df1000 	/usr/lib/libenergytrace.dylib
0x0000000015df1000 	/System/Library/PrivateFrameworks/SkyLight.framework/Versions/A/SkyLight
0x0000000015df1000 	/System/Library/Frameworks/CoreGraphics.framework/Versions/A/CoreGraphics
0x0000000015df1000 	/usr/lib/libScreenReader.dylib
0x0000000015df1000 	/System/Library/Frameworks/Accelerate.framework/Versions/A/Accelerate
0x0000000015df1000 	/System/Library/Frameworks/IOSurface.framework/Versions/A/IOSurface
0x0000000015df1000 	/System/Library/Frameworks/AudioToolbox.framework/Versions/A/AudioToolbox
0x0000000015df1000 	/System/Library/Frameworks/AudioUnit.framework/Versions/A/AudioUnit
0x0000000015df1000 	/System/Library/PrivateFrameworks/DataDetectorsCore.framework/Versions/A/DataDetectorsCore
0x0000000015df1000 	/System/Library/PrivateFrameworks/DesktopServicesPriv.framework/Versions/A/DesktopServicesPriv
0x0000000015df1000 	/System/Library/Frameworks/Carbon.framework/Versions/A/Frameworks/HIToolbox.framework/Versions/A/HIToolbox
0x0000000015df1000 	/usr/lib/libicucore.A.dylib
0x0000000015df1000 	/System/Library/Frameworks/QuartzCore.framework/Versions/A/QuartzCore
0x0000000015df1000 	/System/Library/Frameworks/Carbon.framework/Versions/A/Frameworks/SpeechRecognition.framework/Versions/A/SpeechRecognition
0x0000000015df1000 	/usr/lib/libauto.dylib
0x0000000015df1000 	/usr/lib/libxml2.2.dylib
0x0000000015df1000 	/System/Library/PrivateFrameworks/CoreUI.framework/Versions/A/CoreUI
0x0000000015df1000 	/System/Library/Frameworks/CoreAudio.framework/Versions/A/CoreAudio
0x0000000015df1000 	/System/Library/Frameworks/DiskArbitration.framework/Versions/A/DiskArbitration
0x0000000015df1000 	/usr/lib/liblangid.dylib
0x0000000015df1000 	/System/Library/PrivateFrameworks/MultitouchSupport.framework/Versions/A/MultitouchSupport
0x000000010d790000 	/System/Library/Frameworks/IOKit.framework/Versions/A/IOKit
0x0000000015df1000 	/usr/lib/libDiagnosticMessagesClient.dylib
0x0000000015df1000 	/System/Library/Frameworks/CoreServices.framework/Versions/A/CoreServices
0x0000000015df1000 	/System/Library/PrivateFrameworks/PerformanceAnalysis.framework/Versions/A/PerformanceAnalysis
0x0000000015df1000 	/System/Library/PrivateFrameworks/GenerationalStorage.framework/Versions/A/GenerationalStorage
0x0000000015df1000 	/System/Library/Frameworks/OpenGL.framework/Versions/A/OpenGL
0x0000000015df1000 	/System/Library/Frameworks/CoreImage.framework/Versions/A/CoreImage
0x0000000015df1000 	/System/Library/Frameworks/CoreText.framework/Versions/A/CoreText
0x0000000015df1000 	/System/Library/Frameworks/ImageIO.framework/Versions/A/ImageIO
0x0000000015df1000 	/System/Library/PrivateFrameworks/Backup.framework/Versions/A/Backup
0x0000000015df1000 	/usr/lib/libarchive.2.dylib
0x000000010d86a000 	/System/Library/Frameworks/CFNetwork.framework/Versions/A/CFNetwork
0x0000000015df1000 	/System/Library/Frameworks/SystemConfiguration.framework/Versions/A/SystemConfiguration
0x0000000015df1000 	/usr/lib/libCRFSuite.dylib
0x0000000015df1000 	/usr/lib/libc++.1.dylib
0x0000000015df1000 	/usr/lib/libc++abi.dylib
0x0000000015df1000 	/usr/lib/system/libcache.dylib
0x0000000015df1000 	/usr/lib/system/libcommonCrypto.dylib
0x0000000015df1000 	/usr/lib/system/libcompiler_rt.dylib
0x0000000015df1000 	/usr/lib/system/libcopyfile.dylib
0x0000000015df1000 	/usr/lib/system/libcorecrypto.dylib
0x0000000015df1000 	/usr/lib/system/libdispatch.dylib
0x000000010df54000 	/usr/lib/system/libdyld.dylib
0x0000000015df1000 	/usr/lib/system/libkeymgr.dylib
0x0000000015df1000 	/usr/lib/system/liblaunch.dylib
0x0000000015df1000 	/usr/lib/system/libmacho.dylib
0x0000000015df1000 	/usr/lib/system/libquarantine.dylib
0x0000000015df1000 	/usr/lib/system/libremovefile.dylib
0x0000000015df1000 	/usr/lib/system/libsystem_asl.dylib
0x0000000015df1000 	/usr/lib/system/libsystem_blocks.dylib
0x0000000015df1000 	/usr/lib/system/libsystem_c.dylib
0x0000000015df1000 	/usr/lib/system/libsystem_configuration.dylib
0x0000000015df1000 	/usr/lib/system/libsystem_coreservices.dylib
0x000000010df63000 	/usr/lib/system/libsystem_coretls.dylib
0x0000000015df1000 	/usr/lib/system/libsystem_dnssd.dylib
0x0000000015df1000 	/usr/lib/system/libsystem_info.dylib
0x000000010df8a000 	/usr/lib/system/libsystem_kernel.dylib
0x0000000015df1000 	/usr/lib/system/libsystem_m.dylib
0x0000000015df1000 	/usr/lib/system/libsystem_malloc.dylib
0x0000000015df1000 	/usr/lib/system/libsystem_network.dylib
0x000000010dfc8000 	/usr/lib/system/libsystem_networkextension.dylib
0x0000000015df1000 	/usr/lib/system/libsystem_notify.dylib
0x0000000015df1000 	/usr/lib/system/libsystem_platform.dylib
0x0000000015df1000 	/usr/lib/system/libsystem_pthread.dylib
0x000000010dfdd000 	/usr/lib/system/libsystem_sandbox.dylib
0x0000000015df1000 	/usr/lib/system/libsystem_secinit.dylib
0x000000010dfee000 	/usr/lib/system/libsystem_symptoms.dylib
0x000000010e000000 	/usr/lib/system/libsystem_trace.dylib
0x0000000015df1000 	/usr/lib/system/libunwind.dylib
0x0000000015df1000 	/usr/lib/system/libxpc.dylib
0x0000000015df1000 	/usr/lib/libbsm.0.dylib
0x000000010e03c000 	/usr/lib/system/libkxld.dylib
0x0000000015df1000 	/usr/lib/libcoretls.dylib
0x0000000015df1000 	/usr/lib/libcoretls_cfhelpers.dylib
0x0000000015df1000 	/usr/lib/libxar.1.dylib
0x0000000015df1000 	/usr/lib/libsqlite3.dylib
0x0000000015df1000 	/usr/lib/libpam.2.dylib
0x0000000015df1000 	/usr/lib/libOpenScriptingUtil.dylib
0x0000000015df1000 	/usr/lib/libbz2.1.0.dylib
0x0000000015df1000 	/usr/lib/liblzma.5.dylib
0x0000000015df1000 	/usr/lib/libnetwork.dylib
0x0000000015df1000 	/usr/lib/libpcap.A.dylib
0x0000000015df1000 	/System/Library/Frameworks/CoreServices.framework/Versions/A/Frameworks/FSEvents.framework/Versions/A/FSEvents
0x0000000015df1000 	/System/Library/Frameworks/CoreServices.framework/Versions/A/Frameworks/CarbonCore.framework/Versions/A/CarbonCore
0x0000000015df1000 	/System/Library/Frameworks/CoreServices.framework/Versions/A/Frameworks/Metadata.framework/Versions/A/Metadata
0x0000000015df1000 	/System/Library/Frameworks/CoreServices.framework/Versions/A/Frameworks/OSServices.framework/Versions/A/OSServices
0x0000000015df1000 	/System/Library/Frameworks/CoreServices.framework/Versions/A/Frameworks/SearchKit.framework/Versions/A/SearchKit
0x0000000015df1000 	/System/Library/Frameworks/CoreServices.framework/Versions/A/Frameworks/AE.framework/Versions/A/AE
0x0000000015df1000 	/System/Library/Frameworks/CoreServices.framework/Versions/A/Frameworks/LaunchServices.framework/Versions/A/LaunchServices
0x0000000015df1000 	/System/Library/Frameworks/CoreServices.framework/Versions/A/Frameworks/DictionaryServices.framework/Versions/A/DictionaryServices
0x0000000015df1000 	/System/Library/Frameworks/CoreServices.framework/Versions/A/Frameworks/SharedFileList.framework/Versions/A/SharedFileList
0x0000000015df1000 	/System/Library/Frameworks/NetFS.framework/Versions/A/NetFS
0x0000000015df1000 	/System/Library/PrivateFrameworks/NetAuth.framework/Versions/A/NetAuth
0x0000000015df1000 	/System/Library/PrivateFrameworks/login.framework/Versions/A/Frameworks/loginsupport.framework/Versions/A/loginsupport
0x0000000015df1000 	/System/Library/PrivateFrameworks/TCC.framework/Versions/A/TCC
0x0000000015df1000 	/usr/lib/libmecabra.dylib
0x0000000015df1000 	/System/Library/Frameworks/ApplicationServices.framework/Versions/A/Frameworks/ATS.framework/Versions/A/ATS
0x0000000015df1000 	/System/Library/Frameworks/ApplicationServices.framework/Versions/A/Frameworks/ColorSync.framework/Versions/A/ColorSync
0x0000000015df1000 	/System/Library/Frameworks/ApplicationServices.framework/Versions/A/Frameworks/HIServices.framework/Versions/A/HIServices
0x0000000015df1000 	/System/Library/Frameworks/ApplicationServices.framework/Versions/A/Frameworks/LangAnalysis.framework/Versions/A/LangAnalysis
0x0000000015df1000 	/System/Library/Frameworks/ApplicationServices.framework/Versions/A/Frameworks/PrintCore.framework/Versions/A/PrintCore
0x0000000015df1000 	/System/Library/Frameworks/ApplicationServices.framework/Versions/A/Frameworks/QD.framework/Versions/A/QD
0x0000000015df1000 	/System/Library/Frameworks/ApplicationServices.framework/Versions/A/Frameworks/SpeechSynthesis.framework/Versions/A/SpeechSynthesis
0x0000000015df1000 	/System/Library/Frameworks/Accelerate.framework/Versions/A/Frameworks/vImage.framework/Versions/A/vImage
0x0000000015df1000 	/System/Library/Frameworks/Accelerate.framework/Versions/A/Frameworks/vecLib.framework/Versions/A/vecLib
0x0000000015df1000 	/System/Library/Frameworks/Accelerate.framework/Versions/A/Frameworks/vecLib.framework/Versions/A/libvDSP.dylib
0x0000000015df1000 	/System/Library/Frameworks/Accelerate.framework/Versions/A/Frameworks/vecLib.framework/Versions/A/libBNNS.dylib
0x0000000015df1000 	/System/Library/Frameworks/Accelerate.framework/Versions/A/Frameworks/vecLib.framework/Versions/A/libQuadrature.dylib
0x0000000015df1000 	/System/Library/Frameworks/Accelerate.framework/Versions/A/Frameworks/vecLib.framework/Versions/A/libvMisc.dylib
0x0000000015df1000 	/System/Library/Frameworks/Accelerate.framework/Versions/A/Frameworks/vecLib.framework/Versions/A/libLAPACK.dylib
0x0000000015df1000 	/System/Library/Frameworks/Accelerate.framework/Versions/A/Frameworks/vecLib.framework/Versions/A/libBLAS.dylib
0x0000000015df1000 	/System/Library/Frameworks/Accelerate.framework/Versions/A/Frameworks/vecLib.framework/Versions/A/libLinearAlgebra.dylib
0x0000000015df1000 	/System/Library/Frameworks/Accelerate.framework/Versions/A/Frameworks/vecLib.framework/Versions/A/libSparseBLAS.dylib
0x0000000015df1000 	/System/Library/Frameworks/ApplicationServices.framework/Versions/A/Frameworks/ATS.framework/Versions/A/Resources/libFontParser.dylib
0x0000000015df1000 	/System/Library/Frameworks/ApplicationServices.framework/Versions/A/Frameworks/ATS.framework/Versions/A/Resources/libFontRegistry.dylib
0x0000000015df1000 	/System/Library/Frameworks/ImageIO.framework/Versions/A/Resources/libJPEG.dylib
0x0000000015df1000 	/System/Library/Frameworks/ImageIO.framework/Versions/A/Resources/libTIFF.dylib
0x0000000015df1000 	/System/Library/Frameworks/ImageIO.framework/Versions/A/Resources/libPng.dylib
0x0000000015df1000 	/System/Library/Frameworks/ImageIO.framework/Versions/A/Resources/libGIF.dylib
0x0000000015df1000 	/System/Library/Frameworks/ImageIO.framework/Versions/A/Resources/libJP2.dylib
0x0000000015df1000 	/System/Library/Frameworks/ImageIO.framework/Versions/A/Resources/libRadiance.dylib
0x0000000015df1000 	/usr/lib/libcompression.dylib
0x0000000015df1000 	/System/Library/PrivateFrameworks/AppleJPEG.framework/Versions/A/AppleJPEG
0x0000000015df1000 	/usr/lib/libcups.2.dylib
0x0000000015df1000 	/System/Library/Frameworks/Kerberos.framework/Versions/A/Kerberos
0x0000000015df1000 	/System/Library/Frameworks/GSS.framework/Versions/A/GSS
0x0000000015df1000 	/usr/lib/libresolv.9.dylib
0x0000000015df1000 	/usr/lib/libiconv.2.dylib
0x0000000015df1000 	/System/Library/PrivateFrameworks/Heimdal.framework/Versions/A/Heimdal
0x0000000015df1000 	/usr/lib/libheimdal-asn1.dylib
0x0000000015df1000 	/System/Library/Frameworks/OpenDirectory.framework/Versions/A/OpenDirectory
0x0000000015df1000 	/System/Library/PrivateFrameworks/CommonAuth.framework/Versions/A/CommonAuth
0x0000000015df1000 	/System/Library/Frameworks/OpenDirectory.framework/Versions/A/Frameworks/CFOpenDirectory.framework/Versions/A/CFOpenDirectory
0x0000000015df1000 	/System/Library/Frameworks/SecurityFoundation.framework/Versions/A/SecurityFoundation
0x0000000015df1000 	/System/Library/PrivateFrameworks/LanguageModeling.framework/Versions/A/LanguageModeling
0x0000000015df1000 	/usr/lib/libmarisa.dylib
0x0000000015df1000 	/usr/lib/libChineseTokenizer.dylib
0x0000000015df1000 	/usr/lib/libcmph.dylib
0x0000000015df1000 	/System/Library/PrivateFrameworks/CoreEmoji.framework/Versions/A/CoreEmoji
0x0000000015df1000 	/System/Library/Frameworks/ServiceManagement.framework/Versions/A/ServiceManagement
0x0000000015df1000 	/usr/lib/libxslt.1.dylib
0x0000000015df1000 	/System/Library/Frameworks/Carbon.framework/Versions/A/Frameworks/Ink.framework/Versions/A/Ink
0x0000000015df1000 	/System/Library/PrivateFrameworks/TextureIO.framework/Versions/A/TextureIO
0x0000000015df1000 	/System/Library/Frameworks/Metal.framework/Versions/A/Metal
0x0000000015df1000 	/usr/lib/libate.dylib
0x0000000015df1000 	/System/Library/PrivateFrameworks/GPUCompiler.framework/libmetal_timestamp.dylib
0x0000000015df1000 	/System/Library/Frameworks/OpenGL.framework/Versions/A/Libraries/libCoreFSCache.dylib
0x0000000015df1000 	/System/Library/PrivateFrameworks/IOAccelerator.framework/Versions/A/IOAccelerator
0x0000000015df1000 	/System/Library/Frameworks/CoreVideo.framework/Versions/A/CoreVideo
0x0000000015df1000 	/usr/lib/libFosl_dynamic.dylib
0x0000000015df1000 	/System/Library/PrivateFrameworks/MetalPerformanceShaders.framework/Versions/A/MetalPerformanceShaders
0x0000000015df1000 	/System/Library/PrivateFrameworks/FaceCore.framework/Versions/A/FaceCore
0x0000000015df1000 	/System/Library/Frameworks/OpenCL.framework/Versions/A/OpenCL
0x0000000015df1000 	/System/Library/Frameworks/OpenGL.framework/Versions/A/Libraries/libGLU.dylib
0x0000000015df1000 	/System/Library/Frameworks/OpenGL.framework/Versions/A/Libraries/libGFXShared.dylib
0x0000000015df1000 	/System/Library/Frameworks/OpenGL.framework/Versions/A/Libraries/libGL.dylib
0x0000000015df1000 	/System/Library/Frameworks/OpenGL.framework/Versions/A/Libraries/libGLImage.dylib
0x0000000015df1000 	/System/Library/Frameworks/OpenGL.framework/Versions/A/Libraries/libCVMSPluginSupport.dylib
0x0000000015df1000 	/System/Library/Frameworks/OpenGL.framework/Versions/A/Libraries/libCoreVMClient.dylib
0x0000000015df1000 	/System/Library/PrivateFrameworks/CrashReporterSupport.framework/Versions/A/CrashReporterSupport
0x0000000015df1000 	/System/Library/PrivateFrameworks/Sharing.framework/Versions/A/Sharing
0x0000000015df1000 	/System/Library/PrivateFrameworks/IconServices.framework/Versions/A/IconServices
0x0000000015df1000 	/System/Library/PrivateFrameworks/ProtocolBuffer.framework/Versions/A/ProtocolBuffer
0x0000000015df1000 	/System/Library/PrivateFrameworks/Apple80211.framework/Versions/A/Apple80211
0x0000000015df1000 	/System/Library/Frameworks/CoreWLAN.framework/Versions/A/CoreWLAN
0x0000000015df1000 	/System/Library/PrivateFrameworks/CoreUtils.framework/Versions/A/CoreUtils
0x0000000015df1000 	/System/Library/Frameworks/IOBluetooth.framework/Versions/A/IOBluetooth
0x0000000015df1000 	/System/Library/PrivateFrameworks/CoreWiFi.framework/Versions/A/CoreWiFi
0x0000000015df1000 	/System/Library/Frameworks/CoreBluetooth.framework/Versions/A/CoreBluetooth
0x0000000015df1000 	/System/Library/Frameworks/CoreDisplay.framework/Versions/A/CoreDisplay
0x0000000015df1000 	/System/Library/PrivateFrameworks/IOPresentment.framework/Versions/A/IOPresentment
0x0000000015df1000 	/System/Library/PrivateFrameworks/DebugSymbols.framework/Versions/A/DebugSymbols
0x0000000015df1000 	/System/Library/PrivateFrameworks/CoreSymbolication.framework/Versions/A/CoreSymbolication
0x0000000015df1000 	/System/Library/PrivateFrameworks/Symbolication.framework/Versions/A/Symbolication
0x0000000015df1000 	/System/Library/PrivateFrameworks/AppleFSCompression.framework/Versions/A/AppleFSCompression
0x0000000015df1000 	/System/Library/PrivateFrameworks/SpeechRecognitionCore.framework/Versions/A/SpeechRecognitionCore
0x0000000015df1000 	/System/Library/PrivateFrameworks/ChunkingLibrary.framework/Versions/A/ChunkingLibrary
0x000000010ea00000 	/Library/Java/JavaVirtualMachines/jdk1.8.0_101.jdk/Contents/Home/jre/lib/server/libjvm.dylib
0x0000000015df1000 	/usr/lib/libstdc++.6.dylib
0x000000010e0aa000 	/Library/Java/JavaVirtualMachines/jdk1.8.0_101.jdk/Contents/Home/jre/lib/libverify.dylib
0x000000010e0b8000 	/Library/Java/JavaVirtualMachines/jdk1.8.0_101.jdk/Contents/Home/jre/lib/libjava.dylib
0x000000010e0f5000 	/Library/Java/JavaVirtualMachines/jdk1.8.0_101.jdk/Contents/Home/jre/lib/libzip.dylib
0x000000012529e000 	/System/Library/Frameworks/JavaVM.framework/Frameworks/JavaRuntimeSupport.framework/JavaRuntimeSupport
0x00000001252b8000 	/System/Library/Frameworks/JavaVM.framework/Versions/A/Frameworks/JavaNativeFoundation.framework/Versions/A/JavaNativeFoundation
0x00000001146a4000 	/System/Library/Frameworks/JavaVM.framework/Versions/A/JavaVM
0x0000000015df1000 	/System/Library/Frameworks/Carbon.framework/Versions/A/Carbon
0x00000001252cd000 	/System/Library/PrivateFrameworks/JavaLaunching.framework/Versions/A/JavaLaunching
0x0000000015df1000 	/System/Library/Frameworks/Carbon.framework/Versions/A/Frameworks/CommonPanels.framework/Versions/A/CommonPanels
0x0000000015df1000 	/System/Library/Frameworks/Carbon.framework/Versions/A/Frameworks/Help.framework/Versions/A/Help
0x0000000015df1000 	/System/Library/Frameworks/Carbon.framework/Versions/A/Frameworks/ImageCapture.framework/Versions/A/ImageCapture
0x0000000015df1000 	/System/Library/Frameworks/Carbon.framework/Versions/A/Frameworks/OpenScripting.framework/Versions/A/OpenScripting
0x0000000015df1000 	/System/Library/Frameworks/Carbon.framework/Versions/A/Frameworks/Print.framework/Versions/A/Print
0x0000000015df1000 	/System/Library/Frameworks/Carbon.framework/Versions/A/Frameworks/SecurityHI.framework/Versions/A/SecurityHI
0x0000000126c00000 	/Library/Java/JavaVirtualMachines/jdk1.8.0_101.jdk/Contents/Home/jre/lib/libnet.dylib
0x0000000126c5f000 	/Library/Java/JavaVirtualMachines/jdk1.8.0_101.jdk/Contents/Home/jre/lib/libnio.dylib
0x0000000127198000 	/Users/elchroy/.gradle/native/19/osx-amd64/libnative-platform.dylib
0x000000012719d000 	/Users/elchroy/.gradle/native/19/osx-amd64/libnative-platform-curses.dylib
0x0000000015df1000 	/usr/lib/libncurses.5.4.dylib
0x00000001271a1000 	/private/var/folders/3j/p0_wzk9d1ns47ybk3ng5x3w80000gn/T/jna5528636742650358551.tmp
0x00000001271b6000 	/Library/Java/JavaVirtualMachines/jdk1.8.0_101.jdk/Contents/Home/jre/lib/libmanagement.dylib

VM Arguments:
jvm_args: -Dorg.gradle.appname=gradlew 
java_command: org.gradle.wrapper.GradleWrapperMain installDebug
java_class_path (initial): /Users/elchroy/Roy/Code/rubyment/roymobile/android/gradle/wrapper/gradle-wrapper.jar
Launcher Type: SUN_STANDARD

Environment Variables:
PATH=/usr/local/opt/nvm/versions/node/v6.3.0/lib/node_modules/npm/bin/node-gyp-bin:/Users/elchroy/Roy/Code/rubyment/roymobile/node_modules/.bin:/usr/local/opt/nvm/versions/node/v6.3.0/bin:/Users/elchroy/.rvm/gems/ruby-2.3.0/bin:/Users/elchroy/.rvm/gems/ruby-2.3.0@global/bin:/Users/elchroy/.rvm/rubies/ruby-2.3.0/bin:/usr/local/opt/nvm/versions/node/v6.3.0/bin:/usr/local/mysql/bin:/usr/local/share/python:/usr/local/bin:/usr/bin:/bin:/usr/sbin:/sbin:/Users/elchroy/golang/src/github.com/andela/bin:/usr/local/opt/go/libexec/bin:/Users/elchroy/.rvm/bin:/Users/elchroy/Library/Android/sdk/tools:/Users/elchroy/Library/Android/sdk/platform-tools
SHELL=/bin/zsh

Signal Handlers:
SIGSEGV: [libjvm.dylib+0x5af145], sa_mask[0]=11111111011111110111111111111111, sa_flags=SA_ONSTACK|SA_RESTART|SA_SIGINFO
SIGBUS: [libjvm.dylib+0x5af145], sa_mask[0]=11111111011111110111111111111111, sa_flags=SA_RESTART|SA_SIGINFO
SIGFPE: [libjvm.dylib+0x48694c], sa_mask[0]=11111111011111110111111111111111, sa_flags=SA_RESTART|SA_SIGINFO
SIGPIPE: [libjvm.dylib+0x48694c], sa_mask[0]=11111111011111110111111111111111, sa_flags=SA_RESTART|SA_SIGINFO
SIGXFSZ: [libjvm.dylib+0x48694c], sa_mask[0]=11111111011111110111111111111111, sa_flags=SA_RESTART|SA_SIGINFO
SIGILL: [libjvm.dylib+0x48694c], sa_mask[0]=11111111011111110111111111111111, sa_flags=SA_RESTART|SA_SIGINFO
SIGUSR1: SIG_DFL, sa_mask[0]=11111111011111110111111111111111, sa_flags=none
SIGUSR2: [libjvm.dylib+0x48646a], sa_mask[0]=00000000000000000000000000000000, sa_flags=SA_RESTART|SA_SIGINFO
SIGHUP: [libjvm.dylib+0x484a41], sa_mask[0]=11111111011111110111111111111111, sa_flags=SA_RESTART|SA_SIGINFO
SIGINT: [libjvm.dylib+0x484a41], sa_mask[0]=11111111011111110111111111111111, sa_flags=SA_RESTART|SA_SIGINFO
SIGTERM: [libjvm.dylib+0x484a41], sa_mask[0]=11111111011111110111111111111111, sa_flags=SA_RESTART|SA_SIGINFO
SIGQUIT: [libjvm.dylib+0x484a41], sa_mask[0]=11111111011111110111111111111111, sa_flags=SA_RESTART|SA_SIGINFO


---------------  S Y S T E M  ---------------

OS:Bsduname:Darwin 16.4.0 Darwin Kernel Version 16.4.0: Thu Dec 22 22:53:21 PST 2016; root:xnu-3789.41.3~3/RELEASE_X86_64 x86_64
rlimit: STACK 8192k, CORE 0k, NPROC 709, NOFILE 10240, AS infinity
load average:3.40 2.60 2.93

CPU:total 4 (2 cores per cpu, 2 threads per core) family 6 model 61 stepping 4, cmov, cx8, fxsr, mmx, sse, sse2, sse3, ssse3, sse4.1, sse4.2, popcnt, avx, avx2, aes, clmul, erms, 3dnowpref, lzcnt, ht, tsc, tscinvbit, bmi1, bmi2, adx

Memory: 4k page, physical 8388608k(156980k free)

/proc/meminfo:


vm_info: Java HotSpot(TM) 64-Bit Server VM (25.101-b13) for bsd-amd64 JRE (1.8.0_101-b13), built on Jun 22 2016 02:42:15 by "java_re" with gcc 4.2.1 (Based on Apple Inc. build 5658) (LLVM build 2336.11.00)

time: Mon Feb  6 13:09:46 2017
elapsed time: 13 seconds (0d 0h 0m 13s)

