#
# A fatal error has been detected by the Java Runtime Environment:
#
#  SIGSEGV (0xb) at pc=0x0000000110e86498, pid=59783, tid=0x0000000000000307
#
# JRE version: Java(TM) SE Runtime Environment (8.0_101-b13) (build 1.8.0_101-b13)
# Java VM: Java HotSpot(TM) 64-Bit Server VM (25.101-b13 mixed mode bsd-amd64 compressed oops)
# Problematic frame:
# V  [libjvm.dylib+0x486498]
#
# Failed to write core dump. Core dumps have been disabled. To enable core dumping, try "ulimit -c unlimited" before starting Java again
#
# If you would like to submit a bug report, please visit:
#   http://bugreport.java.com/bugreport/crash.jsp
#

---------------  T H R E A D  ---------------

Current thread is native thread

siginfo: si_signo: 11 (SIGSEGV), si_code: 1 (SEGV_MAPERR), si_addr: 0x0000000000000128

Registers:
RAX=0x0000000000000000, RBX=0x00007fff503ae810, RCX=0x00007fffa9547408, RDX=0x00007fff503ae810
RSP=0x00007fff503ae340, RBP=0x00007fff503ae370, RSI=0x00007fff503ae7a8, RDI=0x0000000000000103
R8 =0x00007fff503ae810, R9 =0x00000000ffffffff, R10=0x0000000000000c00, R11=0x0000000000000206
R12=0x0000000000000c00, R13=0x0000000000000000, R14=0x00007fff503ae7a8, R15=0x0000000000000002
RIP=0x0000000110e86498, EFLAGS=0x0000000000010202, ERR=0x0000000000000004
  TRAPNO=0x000000000000000e

Top of Stack: (sp=0x00007fff503ae340)
0x00007fff503ae340:   0000000000000000 00007fff503ae810
0x00007fff503ae350:   0000000000000c00 0000000000000000
0x00007fff503ae360:   00007fff503aea40 0000000000000d03
0x00007fff503ae370:   00007fff503ae380 00007fffa0907bba
0x00007fff503ae380:   00007fff503ae910 0000000000015c00
0x00007fff503ae390:   00015d00a5f9b958 00007fffa93dd2d0
0x00007fff503ae3a0:   0100001f00000085 00007fff8b1a3680
0x00007fff503ae3b0:   0000000010004005 00000000ffffffff
0x00007fff503ae3c0:   00007fff503ae8c8 0000000000000000
0x00007fff503ae3d0:   00007fff503aea40 0000000007000806
0x00007fff503ae3e0:   00007fff503ae910 00007fff503ae8c8
0x00007fff503ae3f0:   0000000000000d03 00000000ffffffff
0x00007fff503ae400:   0000000000000c00 0000000000000206
0x00007fff503ae410:   0000000000000c00 0000000000000000
0x00007fff503ae420:   00007fff503aea40 0000000000000d03
0x00007fff503ae430:   000000011008638a 0000000000000206
0x00007fff503ae440:   0000000000000007 0000000000000000
0x00007fff503ae450:   0000000000000000 0000000000000000
0x00007fff503ae460:   000000000000037f 0000000000000000
0x00007fff503ae470:   0000000000000000 0000ffff00001fa0
0x00007fff503ae480:   0000000000000000 000000000000ffff
0x00007fff503ae490:   0000000000000100 000000000000ffff
0x00007fff503ae4a0:   0000000000000000 0000000000000000
0x00007fff503ae4b0:   0000000000000000 0000000000000000
0x00007fff503ae4c0:   87bc000000000000 000000000000c00b
0x00007fff503ae4d0:   0000000000000000 0000000000000000
0x00007fff503ae4e0:   8000000000000000 0000000000004007
0x00007fff503ae4f0:   c060000000000000 000000000000400a
0x00007fff503ae500:   41be48bac12076d1 0000000000000000
0x00007fff503ae510:   3fc03b688bda9435 0000000000000000
0x00007fff503ae520:   c3de3f7afff864a3 439c08500079b5c8
0x00007fff503ae530:   0000000000000000 0000000000000000 

Instructions: (pc=0x0000000110e86498)
0x0000000110e86478:   83 ec 08 48 89 d3 49 89 f6 e8 00 26 14 00 44 8b
0x0000000110e86488:   38 48 8d 05 20 cd 3a 00 48 63 38 e8 ca 28 14 00
0x0000000110e86498:   4c 8b a0 28 01 00 00 41 83 7c 24 34 01 0f 85 e2
0x0000000110e864a8:   00 00 00 49 89 5c 24 40 4d 89 74 24 38 49 8d 5c 

Register to memory mapping:

RAX=0x0000000000000000 is an unknown value
RBX=0x00007fff503ae810 is an unknown value
RCX=0x00007fffa9547408: _thread+0x48 in /usr/lib/system/libsystem_pthread.dylib at 0x00007fffa090e000
RDX=0x00007fff503ae810 is an unknown value
RSP=0x00007fff503ae340 is an unknown value
RBP=0x00007fff503ae370 is an unknown value
RSI=0x00007fff503ae7a8 is an unknown value
RDI=0x0000000000000103 is an unknown value
R8 =0x00007fff503ae810 is an unknown value
R9 =0x00000000ffffffff is an unknown value
R10=0x0000000000000c00 is an unknown value
R11=0x0000000000000206 is an unknown value
R12=0x0000000000000c00 is an unknown value
R13=0x0000000000000000 is an unknown value
R14=0x00007fff503ae7a8 is an unknown value
R15=0x0000000000000002 is an unknown value


Stack: [0x00007fff4fbb3000,0x00007fff503b3000],  sp=0x00007fff503ae340,  free space=8172k
Native frames: (J=compiled Java code, j=interpreted, Vv=VM code, C=native code)
V  [libjvm.dylib+0x486498]
C  [libsystem_platform.dylib+0x2bba]  _sigtramp+0x1a
C  0x0000000000015c00
C  [CoreFoundation+0x88c94]  __CFRunLoopServiceMachPort+0xd4
C  [CoreFoundation+0x88121]  __CFRunLoopRun+0x551
C  [CoreFoundation+0x87974]  CFRunLoopRunSpecific+0x1a4
C  [java+0x6465]  CreateExecutionEnvironment+0x367
C  [java+0x218c]  JLI_Launch+0x7a0
C  [java+0x84c2]  main+0x65
C  [java+0x19e4]  start+0x34


---------------  P R O C E S S  ---------------

VM state:not at safepoint (normal execution)

VM Mutex/Monitor currently owned by a thread: None

Heap:
 PSYoungGen      total 208384K, used 4112K [0x0000000795580000, 0x00000007a3880000, 0x00000007c0000000)
  eden space 193536K, 2% used [0x0000000795580000,0x00000007959840d0,0x00000007a1280000)
  from space 14848K, 0% used [0x00000007a2400000,0x00000007a2400000,0x00000007a3280000)
  to   space 17920K, 0% used [0x00000007a1280000,0x00000007a1280000,0x00000007a2400000)
 ParOldGen       total 118272K, used 26340K [0x0000000740000000, 0x0000000747380000, 0x0000000795580000)
  object space 118272K, 22% used [0x0000000740000000,0x00000007419b9008,0x0000000747380000)
 Metaspace       used 34413K, capacity 35400K, committed 35672K, reserved 1079296K
  class space    used 4788K, capacity 5166K, committed 5248K, reserved 1048576K

Card table byte_map: [0x00000001210e5000,0x00000001214e6000] byte_map_base: 0x000000011d6e5000

Marking Bits: (ParMarkBitMap*) 0x00000001112edd20
 Begin Bits: [0x00000001214e6000, 0x00000001234e6000)
 End Bits:   [0x00000001234e6000, 0x00000001254e6000)

Polling page: 0x000000010f94e000

CodeCache: size=245760Kb used=9221Kb max_used=9221Kb free=236538Kb
 bounds [0x0000000111d25000, 0x0000000112635000, 0x0000000120d25000]
 total_blobs=3343 nmethods=2696 adapters=560
 compilation: enabled

Compilation events (10 events):
Event: 10.745 Thread 0x00007fb3a9013800 nmethod 2737 0x0000000112622d10 code [0x0000000112622f20, 0x00000001126235a8]
Event: 10.745 Thread 0x00007fb3a9013800 2736       2       com.sun.org.apache.xerces.internal.impl.XMLDocumentScannerImpl::getPropertyDefault (40 bytes)
Event: 10.745 Thread 0x00007fb3a9013800 nmethod 2736 0x0000000112623a90 code [0x0000000112623c20, 0x0000000112623e98]
Event: 10.745 Thread 0x00007fb3a9013800 2740       2       com.sun.org.apache.xerces.internal.dom.DeferredDocumentImpl::getLastChild (49 bytes)
Event: 10.746 Thread 0x00007fb3a9013800 nmethod 2740 0x0000000112624050 code [0x00000001126241c0, 0x00000001126243e8]
Event: 10.746 Thread 0x00007fb3a9013800 2741       2       com.sun.org.apache.xerces.internal.dom.DeferredDocumentImpl::appendChild (81 bytes)
Event: 10.746 Thread 0x00007fb3a9013800 nmethod 2741 0x00000001126245d0 code [0x0000000112624760, 0x0000000112624a08]
Event: 10.746 Thread 0x00007fb3a9013800 2744       2       com.sun.org.apache.xerces.internal.dom.DeferredDocumentImpl::getNodeValue (7 bytes)
Event: 10.746 Thread 0x00007fb3a9013800 nmethod 2744 0x0000000112624cd0 code [0x0000000112624e40, 0x0000000112624fa8]
Event: 10.746 Thread 0x00007fb3a9013800 2745       2       com.sun.org.apache.xerces.internal.dom.DeferredDocumentImpl::getNodeValue (49 bytes)

GC Heap History (10 events):
Event: 5.004 GC heap before
{Heap before GC invocations=4 (full 0):
 PSYoungGen      total 71680K, used 25010K [0x0000000795580000, 0x000000079e180000, 0x00000007c0000000)
  eden space 66560K, 29% used [0x0000000795580000,0x00000007968f0918,0x0000000799680000)
  from space 5120K, 99% used [0x0000000799680000,0x0000000799b7c010,0x0000000799b80000)
  to   space 5120K, 0% used [0x000000079dc80000,0x000000079dc80000,0x000000079e180000)
 ParOldGen       total 87552K, used 7267K [0x0000000740000000, 0x0000000745580000, 0x0000000795580000)
  object space 87552K, 8% used [0x0000000740000000,0x0000000740718c98,0x0000000745580000)
 Metaspace       used 20788K, capacity 21118K, committed 21248K, reserved 1067008K
  class space    used 2822K, capacity 2978K, committed 3072K, reserved 1048576K
Event: 5.015 GC heap after
Heap after GC invocations=4 (full 0):
 PSYoungGen      total 138240K, used 5088K [0x0000000795580000, 0x000000079e180000, 0x00000007c0000000)
  eden space 133120K, 0% used [0x0000000795580000,0x0000000795580000,0x000000079d780000)
  from space 5120K, 99% used [0x000000079dc80000,0x000000079e178060,0x000000079e180000)
  to   space 5120K, 0% used [0x000000079d780000,0x000000079d780000,0x000000079dc80000)
 ParOldGen       total 87552K, used 9413K [0x0000000740000000, 0x0000000745580000, 0x0000000795580000)
  object space 87552K, 10% used [0x0000000740000000,0x00000007409317f8,0x0000000745580000)
 Metaspace       used 20788K, capacity 21118K, committed 21248K, reserved 1067008K
  class space    used 2822K, capacity 2978K, committed 3072K, reserved 1048576K
}
Event: 5.015 GC heap before
{Heap before GC invocations=5 (full 1):
 PSYoungGen      total 138240K, used 5088K [0x0000000795580000, 0x000000079e180000, 0x00000007c0000000)
  eden space 133120K, 0% used [0x0000000795580000,0x0000000795580000,0x000000079d780000)
  from space 5120K, 99% used [0x000000079dc80000,0x000000079e178060,0x000000079e180000)
  to   space 5120K, 0% used [0x000000079d780000,0x000000079d780000,0x000000079dc80000)
 ParOldGen       total 87552K, used 9413K [0x0000000740000000, 0x0000000745580000, 0x0000000795580000)
  object space 87552K, 10% used [0x0000000740000000,0x00000007409317f8,0x0000000745580000)
 Metaspace       used 20788K, capacity 21118K, committed 21248K, reserved 1067008K
  class space    used 2822K, capacity 2978K, committed 3072K, reserved 1048576K
Event: 5.091 GC heap after
Heap after GC invocations=5 (full 1):
 PSYoungGen      total 138240K, used 0K [0x0000000795580000, 0x000000079e180000, 0x00000007c0000000)
  eden space 133120K, 0% used [0x0000000795580000,0x0000000795580000,0x000000079d780000)
  from space 5120K, 0% used [0x000000079dc80000,0x000000079dc80000,0x000000079e180000)
  to   space 5120K, 0% used [0x000000079d780000,0x000000079d780000,0x000000079dc80000)
 ParOldGen       total 65536K, used 8864K [0x0000000740000000, 0x0000000744000000, 0x0000000795580000)
  object space 65536K, 13% used [0x0000000740000000,0x00000007408a8088,0x0000000744000000)
 Metaspace       used 20788K, capacity 21118K, committed 21248K, reserved 1067008K
  class space    used 2822K, capacity 2978K, committed 3072K, reserved 1048576K
}
Event: 8.731 GC heap before
{Heap before GC invocations=6 (full 1):
 PSYoungGen      total 138240K, used 133120K [0x0000000795580000, 0x000000079e180000, 0x00000007c0000000)
  eden space 133120K, 100% used [0x0000000795580000,0x000000079d780000,0x000000079d780000)
  from space 5120K, 0% used [0x000000079dc80000,0x000000079dc80000,0x000000079e180000)
  to   space 5120K, 0% used [0x000000079d780000,0x000000079d780000,0x000000079dc80000)
 ParOldGen       total 65536K, used 8864K [0x0000000740000000, 0x0000000744000000, 0x0000000795580000)
  object space 65536K, 13% used [0x0000000740000000,0x00000007408a8088,0x0000000744000000)
 Metaspace       used 29450K, capacity 30278K, committed 30464K, reserved 1075200K
  class space    used 4028K, capacity 4313K, committed 4352K, reserved 1048576K
Event: 8.771 GC heap after
Heap after GC invocations=6 (full 1):
 PSYoungGen      total 138240K, used 5092K [0x0000000795580000, 0x00000007a3280000, 0x00000007c0000000)
  eden space 133120K, 0% used [0x0000000795580000,0x0000000795580000,0x000000079d780000)
  from space 5120K, 99% used [0x000000079d780000,0x000000079dc79020,0x000000079dc80000)
  to   space 14848K, 0% used [0x00000007a2400000,0x00000007a2400000,0x00000007a3280000)
 ParOldGen       total 65536K, used 17902K [0x0000000740000000, 0x0000000744000000, 0x0000000795580000)
  object space 65536K, 27% used [0x0000000740000000,0x000000074117b8a0,0x0000000744000000)
 Metaspace       used 29450K, capacity 30278K, committed 30464K, reserved 1075200K
  class space    used 4028K, capacity 4313K, committed 4352K, reserved 1048576K
}
Event: 10.466 GC heap before
{Heap before GC invocations=7 (full 1):
 PSYoungGen      total 138240K, used 88757K [0x0000000795580000, 0x00000007a3280000, 0x00000007c0000000)
  eden space 133120K, 62% used [0x0000000795580000,0x000000079a734490,0x000000079d780000)
  from space 5120K, 99% used [0x000000079d780000,0x000000079dc79020,0x000000079dc80000)
  to   space 14848K, 0% used [0x00000007a2400000,0x00000007a2400000,0x00000007a3280000)
 ParOldGen       total 65536K, used 17902K [0x0000000740000000, 0x0000000744000000, 0x0000000795580000)
  object space 65536K, 27% used [0x0000000740000000,0x000000074117b8a0,0x0000000744000000)
 Metaspace       used 34332K, capacity 35272K, committed 35416K, reserved 1079296K
  class space    used 4779K, capacity 5166K, committed 5248K, reserved 1048576K
Event: 10.490 GC heap after
Heap after GC invocations=7 (full 1):
 PSYoungGen      total 208384K, used 14824K [0x0000000795580000, 0x00000007a3880000, 0x00000007c0000000)
  eden space 193536K, 0% used [0x0000000795580000,0x0000000795580000,0x00000007a1280000)
  from space 14848K, 99% used [0x00000007a2400000,0x00000007a327a330,0x00000007a3280000)
  to   space 17920K, 0% used [0x00000007a1280000,0x00000007a1280000,0x00000007a2400000)
 ParOldGen       total 65536K, used 19145K [0x0000000740000000, 0x0000000744000000, 0x0000000795580000)
  object space 65536K, 29% used [0x0000000740000000,0x00000007412b2448,0x0000000744000000)
 Metaspace       used 34332K, capacity 35272K, committed 35416K, reserved 1079296K
  class space    used 4779K, capacity 5166K, committed 5248K, reserved 1048576K
}
Event: 10.490 GC heap before
{Heap before GC invocations=8 (full 2):
 PSYoungGen      total 208384K, used 14824K [0x0000000795580000, 0x00000007a3880000, 0x00000007c0000000)
  eden space 193536K, 0% used [0x0000000795580000,0x0000000795580000,0x00000007a1280000)
  from space 14848K, 99% used [0x00000007a2400000,0x00000007a327a330,0x00000007a3280000)
  to   space 17920K, 0% used [0x00000007a1280000,0x00000007a1280000,0x00000007a2400000)
 ParOldGen       total 65536K, used 19145K [0x0000000740000000, 0x0000000744000000, 0x0000000795580000)
  object space 65536K, 29% used [0x0000000740000000,0x00000007412b2448,0x0000000744000000)
 Metaspace       used 34332K, capacity 35272K, committed 35416K, reserved 1079296K
  class space    used 4779K, capacity 5166K, committed 5248K, reserved 1048576K
Event: 10.651 GC heap after
Heap after GC invocations=8 (full 2):
 PSYoungGen      total 208384K, used 0K [0x0000000795580000, 0x00000007a3880000, 0x00000007c0000000)
  eden space 193536K, 0% used [0x0000000795580000,0x0000000795580000,0x00000007a1280000)
  from space 14848K, 0% used [0x00000007a2400000,0x00000007a2400000,0x00000007a3280000)
  to   space 17920K, 0% used [0x00000007a1280000,0x00000007a1280000,0x00000007a2400000)
 ParOldGen       total 118272K, used 26340K [0x0000000740000000, 0x0000000747380000, 0x0000000795580000)
  object space 118272K, 22% used [0x0000000740000000,0x00000007419b9008,0x0000000747380000)
 Metaspace       used 34332K, capacity 35272K, committed 35416K, reserved 1079296K
  class space    used 4779K, capacity 5166K, committed 5248K, reserved 1048576K
}

Deoptimization events (10 events):
Event: 6.283 Thread 0x00007fb3a9003000 Uncommon trap: reason=bimorphic action=maybe_recompile pc=0x00000001120bae1c method=java.io.DataOutputStream.write([BII)V @ 7
Event: 6.283 Thread 0x00007fb3a9003000 Uncommon trap: reason=bimorphic action=maybe_recompile pc=0x00000001120bae1c method=java.io.DataOutputStream.write([BII)V @ 7
Event: 6.406 Thread 0x00007fb3a9003000 Uncommon trap: reason=unstable_if action=reinterpret pc=0x0000000111f94920 method=java.net.URI.match(CJJ)Z @ 45
Event: 6.406 Thread 0x00007fb3a9003000 Uncommon trap: reason=unstable_if action=reinterpret pc=0x0000000111eaf92c method=java.net.URI.match(CJJ)Z @ 19
Event: 6.406 Thread 0x00007fb3a9003000 Uncommon trap: reason=unstable_if action=reinterpret pc=0x0000000111eb006c method=java.net.URI.match(CJJ)Z @ 19
Event: 8.088 Thread 0x00007fb3a9003000 Uncommon trap: reason=unstable_if action=reinterpret pc=0x0000000111fd3e74 method=java.util.LinkedHashMap.afterNodeInsertion(Z)V @ 1
Event: 8.226 Thread 0x00007fb3a9003000 Uncommon trap: reason=unstable_if action=reinterpret pc=0x0000000111fca830 method=java.util.HashMap.hash(Ljava/lang/Object;)I @ 1
Event: 8.279 Thread 0x00007fb3a9003000 Uncommon trap: reason=unstable_if action=reinterpret pc=0x0000000111f24a28 method=java.util.HashMap.hash(Ljava/lang/Object;)I @ 1
Event: 10.326 Thread 0x00007fb3a9003000 Uncommon trap: reason=unstable_if action=reinterpret pc=0x0000000112041154 method=java.util.HashMap.hash(Ljava/lang/Object;)I @ 1
Event: 10.391 Thread 0x00007fb3a9003000 Uncommon trap: reason=unstable_if action=reinterpret pc=0x000000011206ee7c method=java.lang.AbstractStringBuilder.append(Ljava/lang/String;)Ljava/lang/AbstractStringBuilder; @ 1

Internal exceptions (10 events):
Event: 10.375 Thread 0x00007fb3a9003000 Exception <a 'java/lang/ClassNotFoundException': com/android/build/gradle/internal/dependency/DependencyCheckerBeanInfo> (0x000000079a0f0d80) thrown at [/HUDSON3/workspace/8-2-build-macosx-x86_64/jdk8u101/7261/hotspot/src/share/vm/classfile/systemDictiona
Event: 10.375 Thread 0x00007fb3a9003000 Exception <a 'java/lang/ClassNotFoundException': com/android/build/gradle/internal/dependency/DependencyCheckerCustomizer> (0x000000079a1059e0) thrown at [/HUDSON3/workspace/8-2-build-macosx-x86_64/jdk8u101/7261/hotspot/src/share/vm/classfile/systemDictio
Event: 10.376 Thread 0x00007fb3a9003000 Exception <a 'java/lang/ClassNotFoundException': groovy/runtime/metaclass/[Lcom/android/builder/profile/Recorder$Property;MetaClass> (0x000000079a10fa90) thrown at [/HUDSON3/workspace/8-2-build-macosx-x86_64/jdk8u101/7261/hotspot/src/share/vm/prims/jni.cp
Event: 10.376 Thread 0x00007fb3a9003000 Exception <a 'java/lang/ClassNotFoundException': [Lcom/android/builder/profile/Recorder$Property;BeanInfo> (0x000000079a1150d0) thrown at [/HUDSON3/workspace/8-2-build-macosx-x86_64/jdk8u101/7261/hotspot/src/share/vm/prims/jni.cpp, line 735]
Event: 10.376 Thread 0x00007fb3a9003000 Exception <a 'java/lang/ClassNotFoundException': [Lcom/android/builder/profile/Recorder$Property;BeanInfo> (0x000000079a115b18) thrown at [/HUDSON3/workspace/8-2-build-macosx-x86_64/jdk8u101/7261/hotspot/src/share/vm/prims/jni.cpp, line 735]
Event: 10.376 Thread 0x00007fb3a9003000 Exception <a 'java/lang/ClassNotFoundException': [Lcom/android/builder/profile/Recorder$Property;BeanInfo> (0x000000079a116560) thrown at [/HUDSON3/workspace/8-2-build-macosx-x86_64/jdk8u101/7261/hotspot/src/share/vm/prims/jni.cpp, line 735]
Event: 10.376 Thread 0x00007fb3a9003000 Exception <a 'java/lang/ClassNotFoundException': [Lcom/android/builder/profile/Recorder$Property;Customizer> (0x000000079a1172c0) thrown at [/HUDSON3/workspace/8-2-build-macosx-x86_64/jdk8u101/7261/hotspot/src/share/vm/prims/jni.cpp, line 735]
Event: 10.376 Thread 0x00007fb3a9003000 Exception <a 'java/lang/ClassNotFoundException': [Lcom/android/builder/profile/Recorder$Property;Customizer> (0x000000079a117d10) thrown at [/HUDSON3/workspace/8-2-build-macosx-x86_64/jdk8u101/7261/hotspot/src/share/vm/prims/jni.cpp, line 735]
Event: 10.376 Thread 0x00007fb3a9003000 Exception <a 'java/lang/ClassNotFoundException': [Lcom/android/builder/profile/Recorder$Property;Customizer> (0x000000079a118760) thrown at [/HUDSON3/workspace/8-2-build-macosx-x86_64/jdk8u101/7261/hotspot/src/share/vm/prims/jni.cpp, line 735]
Event: 10.391 Thread 0x00007fb3a9003000 Implicit null exception at 0x000000011206e93c to 0x000000011206ee65

Events (10 events):
Event: 10.717 loading class org/gradle/internal/ErroringAction
Event: 10.717 loading class org/gradle/internal/ErroringAction done
Event: 10.717 loading class org/gradle/api/internal/artifacts/repositories/resolver/MavenMetadataLoader$1$1
Event: 10.717 loading class org/gradle/api/internal/artifacts/repositories/resolver/MavenMetadataLoader$1$1 done
Event: 10.718 loading class org/apache/ivy/util/ContextualSAXHandler
Event: 10.718 loading class org/apache/ivy/util/ContextualSAXHandler done
Event: 10.720 loading class java/util/Vector$Itr
Event: 10.720 loading class java/util/Vector$Itr done
Event: 10.735 loading class org/gradle/api/internal/artifacts/ivyservice/ivyresolve/VersionInfo
Event: 10.735 loading class org/gradle/api/internal/artifacts/ivyservice/ivyresolve/VersionInfo done


Dynamic libraries:
0x0000000015df1000 	/System/Library/Frameworks/Cocoa.framework/Versions/A/Cocoa
0x0000000015df1000 	/System/Library/Frameworks/Security.framework/Versions/A/Security
0x0000000015df1000 	/System/Library/Frameworks/ApplicationServices.framework/Versions/A/ApplicationServices
0x0000000015df1000 	/usr/lib/libz.1.dylib
0x000000010f869000 	/usr/lib/libSystem.B.dylib
0x0000000015df1000 	/usr/lib/libobjc.A.dylib
0x0000000015df1000 	/System/Library/Frameworks/CoreFoundation.framework/Versions/A/CoreFoundation
0x0000000015df1000 	/System/Library/Frameworks/Foundation.framework/Versions/C/Foundation
0x0000000015df1000 	/System/Library/Frameworks/AppKit.framework/Versions/C/AppKit
0x0000000015df1000 	/System/Library/Frameworks/CoreData.framework/Versions/A/CoreData
0x0000000015df1000 	/System/Library/PrivateFrameworks/RemoteViewServices.framework/Versions/A/RemoteViewServices
0x0000000015df1000 	/System/Library/PrivateFrameworks/UIFoundation.framework/Versions/A/UIFoundation
0x0000000015df1000 	/System/Library/PrivateFrameworks/DFRFoundation.framework/Versions/A/DFRFoundation
0x0000000015df1000 	/usr/lib/libenergytrace.dylib
0x0000000015df1000 	/System/Library/PrivateFrameworks/SkyLight.framework/Versions/A/SkyLight
0x0000000015df1000 	/System/Library/Frameworks/CoreGraphics.framework/Versions/A/CoreGraphics
0x0000000015df1000 	/usr/lib/libScreenReader.dylib
0x0000000015df1000 	/System/Library/Frameworks/Accelerate.framework/Versions/A/Accelerate
0x0000000015df1000 	/System/Library/Frameworks/IOSurface.framework/Versions/A/IOSurface
0x0000000015df1000 	/System/Library/Frameworks/AudioToolbox.framework/Versions/A/AudioToolbox
0x0000000015df1000 	/System/Library/Frameworks/AudioUnit.framework/Versions/A/AudioUnit
0x0000000015df1000 	/System/Library/PrivateFrameworks/DataDetectorsCore.framework/Versions/A/DataDetectorsCore
0x0000000015df1000 	/System/Library/PrivateFrameworks/DesktopServicesPriv.framework/Versions/A/DesktopServicesPriv
0x0000000015df1000 	/System/Library/Frameworks/Carbon.framework/Versions/A/Frameworks/HIToolbox.framework/Versions/A/HIToolbox
0x0000000015df1000 	/usr/lib/libicucore.A.dylib
0x0000000015df1000 	/System/Library/Frameworks/QuartzCore.framework/Versions/A/QuartzCore
0x0000000015df1000 	/System/Library/Frameworks/Carbon.framework/Versions/A/Frameworks/SpeechRecognition.framework/Versions/A/SpeechRecognition
0x0000000015df1000 	/usr/lib/libauto.dylib
0x0000000015df1000 	/usr/lib/libxml2.2.dylib
0x0000000015df1000 	/System/Library/PrivateFrameworks/CoreUI.framework/Versions/A/CoreUI
0x0000000015df1000 	/System/Library/Frameworks/CoreAudio.framework/Versions/A/CoreAudio
0x0000000015df1000 	/System/Library/Frameworks/DiskArbitration.framework/Versions/A/DiskArbitration
0x0000000015df1000 	/usr/lib/liblangid.dylib
0x0000000015df1000 	/System/Library/PrivateFrameworks/MultitouchSupport.framework/Versions/A/MultitouchSupport
0x000000010f875000 	/System/Library/Frameworks/IOKit.framework/Versions/A/IOKit
0x0000000015df1000 	/usr/lib/libDiagnosticMessagesClient.dylib
0x0000000015df1000 	/System/Library/Frameworks/CoreServices.framework/Versions/A/CoreServices
0x0000000015df1000 	/System/Library/PrivateFrameworks/PerformanceAnalysis.framework/Versions/A/PerformanceAnalysis
0x0000000015df1000 	/System/Library/PrivateFrameworks/GenerationalStorage.framework/Versions/A/GenerationalStorage
0x0000000015df1000 	/System/Library/Frameworks/OpenGL.framework/Versions/A/OpenGL
0x0000000015df1000 	/System/Library/Frameworks/CoreImage.framework/Versions/A/CoreImage
0x0000000015df1000 	/System/Library/Frameworks/CoreText.framework/Versions/A/CoreText
0x0000000015df1000 	/System/Library/Frameworks/ImageIO.framework/Versions/A/ImageIO
0x0000000015df1000 	/System/Library/PrivateFrameworks/Backup.framework/Versions/A/Backup
0x0000000015df1000 	/usr/lib/libarchive.2.dylib
0x000000010f950000 	/System/Library/Frameworks/CFNetwork.framework/Versions/A/CFNetwork
0x0000000015df1000 	/System/Library/Frameworks/SystemConfiguration.framework/Versions/A/SystemConfiguration
0x0000000015df1000 	/usr/lib/libCRFSuite.dylib
0x0000000015df1000 	/usr/lib/libc++.1.dylib
0x0000000015df1000 	/usr/lib/libc++abi.dylib
0x0000000015df1000 	/usr/lib/system/libcache.dylib
0x0000000015df1000 	/usr/lib/system/libcommonCrypto.dylib
0x0000000015df1000 	/usr/lib/system/libcompiler_rt.dylib
0x0000000015df1000 	/usr/lib/system/libcopyfile.dylib
0x0000000015df1000 	/usr/lib/system/libcorecrypto.dylib
0x0000000015df1000 	/usr/lib/system/libdispatch.dylib
0x0000000110041000 	/usr/lib/system/libdyld.dylib
0x0000000015df1000 	/usr/lib/system/libkeymgr.dylib
0x0000000015df1000 	/usr/lib/system/liblaunch.dylib
0x0000000015df1000 	/usr/lib/system/libmacho.dylib
0x0000000015df1000 	/usr/lib/system/libquarantine.dylib
0x0000000015df1000 	/usr/lib/system/libremovefile.dylib
0x0000000015df1000 	/usr/lib/system/libsystem_asl.dylib
0x0000000015df1000 	/usr/lib/system/libsystem_blocks.dylib
0x0000000015df1000 	/usr/lib/system/libsystem_c.dylib
0x0000000015df1000 	/usr/lib/system/libsystem_configuration.dylib
0x0000000015df1000 	/usr/lib/system/libsystem_coreservices.dylib
0x000000011004f000 	/usr/lib/system/libsystem_coretls.dylib
0x0000000015df1000 	/usr/lib/system/libsystem_dnssd.dylib
0x0000000015df1000 	/usr/lib/system/libsystem_info.dylib
0x0000000110074000 	/usr/lib/system/libsystem_kernel.dylib
0x0000000015df1000 	/usr/lib/system/libsystem_m.dylib
0x0000000015df1000 	/usr/lib/system/libsystem_malloc.dylib
0x0000000015df1000 	/usr/lib/system/libsystem_network.dylib
0x00000001100af000 	/usr/lib/system/libsystem_networkextension.dylib
0x0000000015df1000 	/usr/lib/system/libsystem_notify.dylib
0x0000000015df1000 	/usr/lib/system/libsystem_platform.dylib
0x0000000015df1000 	/usr/lib/system/libsystem_pthread.dylib
0x00000001100c4000 	/usr/lib/system/libsystem_sandbox.dylib
0x0000000015df1000 	/usr/lib/system/libsystem_secinit.dylib
0x00000001100ce000 	/usr/lib/system/libsystem_symptoms.dylib
0x00000001100dd000 	/usr/lib/system/libsystem_trace.dylib
0x0000000015df1000 	/usr/lib/system/libunwind.dylib
0x0000000015df1000 	/usr/lib/system/libxpc.dylib
0x0000000015df1000 	/usr/lib/libbsm.0.dylib
0x0000000110117000 	/usr/lib/system/libkxld.dylib
0x0000000015df1000 	/usr/lib/libcoretls.dylib
0x0000000015df1000 	/usr/lib/libcoretls_cfhelpers.dylib
0x0000000015df1000 	/usr/lib/libxar.1.dylib
0x0000000015df1000 	/usr/lib/libsqlite3.dylib
0x0000000015df1000 	/usr/lib/libpam.2.dylib
0x0000000015df1000 	/usr/lib/libOpenScriptingUtil.dylib
0x0000000015df1000 	/usr/lib/libbz2.1.0.dylib
0x0000000015df1000 	/usr/lib/liblzma.5.dylib
0x0000000015df1000 	/usr/lib/libnetwork.dylib
0x0000000015df1000 	/usr/lib/libpcap.A.dylib
0x0000000015df1000 	/System/Library/Frameworks/CoreServices.framework/Versions/A/Frameworks/FSEvents.framework/Versions/A/FSEvents
0x0000000015df1000 	/System/Library/Frameworks/CoreServices.framework/Versions/A/Frameworks/CarbonCore.framework/Versions/A/CarbonCore
0x0000000015df1000 	/System/Library/Frameworks/CoreServices.framework/Versions/A/Frameworks/Metadata.framework/Versions/A/Metadata
0x0000000015df1000 	/System/Library/Frameworks/CoreServices.framework/Versions/A/Frameworks/OSServices.framework/Versions/A/OSServices
0x0000000015df1000 	/System/Library/Frameworks/CoreServices.framework/Versions/A/Frameworks/SearchKit.framework/Versions/A/SearchKit
0x0000000015df1000 	/System/Library/Frameworks/CoreServices.framework/Versions/A/Frameworks/AE.framework/Versions/A/AE
0x0000000015df1000 	/System/Library/Frameworks/CoreServices.framework/Versions/A/Frameworks/LaunchServices.framework/Versions/A/LaunchServices
0x0000000015df1000 	/System/Library/Frameworks/CoreServices.framework/Versions/A/Frameworks/DictionaryServices.framework/Versions/A/DictionaryServices
0x0000000015df1000 	/System/Library/Frameworks/CoreServices.framework/Versions/A/Frameworks/SharedFileList.framework/Versions/A/SharedFileList
0x0000000015df1000 	/System/Library/Frameworks/NetFS.framework/Versions/A/NetFS
0x0000000015df1000 	/System/Library/PrivateFrameworks/NetAuth.framework/Versions/A/NetAuth
0x0000000015df1000 	/System/Library/PrivateFrameworks/login.framework/Versions/A/Frameworks/loginsupport.framework/Versions/A/loginsupport
0x0000000015df1000 	/System/Library/PrivateFrameworks/TCC.framework/Versions/A/TCC
0x0000000015df1000 	/usr/lib/libmecabra.dylib
0x0000000015df1000 	/System/Library/Frameworks/ApplicationServices.framework/Versions/A/Frameworks/ATS.framework/Versions/A/ATS
0x0000000015df1000 	/System/Library/Frameworks/ApplicationServices.framework/Versions/A/Frameworks/ColorSync.framework/Versions/A/ColorSync
0x0000000015df1000 	/System/Library/Frameworks/ApplicationServices.framework/Versions/A/Frameworks/HIServices.framework/Versions/A/HIServices
0x0000000015df1000 	/System/Library/Frameworks/ApplicationServices.framework/Versions/A/Frameworks/LangAnalysis.framework/Versions/A/LangAnalysis
0x0000000015df1000 	/System/Library/Frameworks/ApplicationServices.framework/Versions/A/Frameworks/PrintCore.framework/Versions/A/PrintCore
0x0000000015df1000 	/System/Library/Frameworks/ApplicationServices.framework/Versions/A/Frameworks/QD.framework/Versions/A/QD
0x0000000015df1000 	/System/Library/Frameworks/ApplicationServices.framework/Versions/A/Frameworks/SpeechSynthesis.framework/Versions/A/SpeechSynthesis
0x0000000015df1000 	/System/Library/Frameworks/Accelerate.framework/Versions/A/Frameworks/vImage.framework/Versions/A/vImage
0x0000000015df1000 	/System/Library/Frameworks/Accelerate.framework/Versions/A/Frameworks/vecLib.framework/Versions/A/vecLib
0x0000000015df1000 	/System/Library/Frameworks/Accelerate.framework/Versions/A/Frameworks/vecLib.framework/Versions/A/libvDSP.dylib
0x0000000015df1000 	/System/Library/Frameworks/Accelerate.framework/Versions/A/Frameworks/vecLib.framework/Versions/A/libBNNS.dylib
0x0000000015df1000 	/System/Library/Frameworks/Accelerate.framework/Versions/A/Frameworks/vecLib.framework/Versions/A/libQuadrature.dylib
0x0000000015df1000 	/System/Library/Frameworks/Accelerate.framework/Versions/A/Frameworks/vecLib.framework/Versions/A/libvMisc.dylib
0x0000000015df1000 	/System/Library/Frameworks/Accelerate.framework/Versions/A/Frameworks/vecLib.framework/Versions/A/libLAPACK.dylib
0x0000000015df1000 	/System/Library/Frameworks/Accelerate.framework/Versions/A/Frameworks/vecLib.framework/Versions/A/libBLAS.dylib
0x0000000015df1000 	/System/Library/Frameworks/Accelerate.framework/Versions/A/Frameworks/vecLib.framework/Versions/A/libLinearAlgebra.dylib
0x0000000015df1000 	/System/Library/Frameworks/Accelerate.framework/Versions/A/Frameworks/vecLib.framework/Versions/A/libSparseBLAS.dylib
0x0000000015df1000 	/System/Library/Frameworks/ApplicationServices.framework/Versions/A/Frameworks/ATS.framework/Versions/A/Resources/libFontParser.dylib
0x0000000015df1000 	/System/Library/Frameworks/ApplicationServices.framework/Versions/A/Frameworks/ATS.framework/Versions/A/Resources/libFontRegistry.dylib
0x0000000015df1000 	/System/Library/Frameworks/ImageIO.framework/Versions/A/Resources/libJPEG.dylib
0x0000000015df1000 	/System/Library/Frameworks/ImageIO.framework/Versions/A/Resources/libTIFF.dylib
0x0000000015df1000 	/System/Library/Frameworks/ImageIO.framework/Versions/A/Resources/libPng.dylib
0x0000000015df1000 	/System/Library/Frameworks/ImageIO.framework/Versions/A/Resources/libGIF.dylib
0x0000000015df1000 	/System/Library/Frameworks/ImageIO.framework/Versions/A/Resources/libJP2.dylib
0x0000000015df1000 	/System/Library/Frameworks/ImageIO.framework/Versions/A/Resources/libRadiance.dylib
0x0000000015df1000 	/usr/lib/libcompression.dylib
0x0000000015df1000 	/System/Library/PrivateFrameworks/AppleJPEG.framework/Versions/A/AppleJPEG
0x0000000015df1000 	/usr/lib/libcups.2.dylib
0x0000000015df1000 	/System/Library/Frameworks/Kerberos.framework/Versions/A/Kerberos
0x0000000015df1000 	/System/Library/Frameworks/GSS.framework/Versions/A/GSS
0x0000000015df1000 	/usr/lib/libresolv.9.dylib
0x0000000015df1000 	/usr/lib/libiconv.2.dylib
0x0000000015df1000 	/System/Library/PrivateFrameworks/Heimdal.framework/Versions/A/Heimdal
0x0000000015df1000 	/usr/lib/libheimdal-asn1.dylib
0x0000000015df1000 	/System/Library/Frameworks/OpenDirectory.framework/Versions/A/OpenDirectory
0x0000000015df1000 	/System/Library/PrivateFrameworks/CommonAuth.framework/Versions/A/CommonAuth
0x0000000015df1000 	/System/Library/Frameworks/OpenDirectory.framework/Versions/A/Frameworks/CFOpenDirectory.framework/Versions/A/CFOpenDirectory
0x0000000015df1000 	/System/Library/Frameworks/SecurityFoundation.framework/Versions/A/SecurityFoundation
0x0000000015df1000 	/System/Library/PrivateFrameworks/LanguageModeling.framework/Versions/A/LanguageModeling
0x0000000015df1000 	/usr/lib/libmarisa.dylib
0x0000000015df1000 	/usr/lib/libChineseTokenizer.dylib
0x0000000015df1000 	/usr/lib/libcmph.dylib
0x0000000015df1000 	/System/Library/PrivateFrameworks/CoreEmoji.framework/Versions/A/CoreEmoji
0x0000000015df1000 	/System/Library/Frameworks/ServiceManagement.framework/Versions/A/ServiceManagement
0x0000000015df1000 	/usr/lib/libxslt.1.dylib
0x0000000015df1000 	/System/Library/Frameworks/Carbon.framework/Versions/A/Frameworks/Ink.framework/Versions/A/Ink
0x0000000015df1000 	/System/Library/PrivateFrameworks/TextureIO.framework/Versions/A/TextureIO
0x0000000015df1000 	/System/Library/Frameworks/Metal.framework/Versions/A/Metal
0x0000000015df1000 	/usr/lib/libate.dylib
0x0000000015df1000 	/System/Library/PrivateFrameworks/GPUCompiler.framework/libmetal_timestamp.dylib
0x0000000015df1000 	/System/Library/Frameworks/OpenGL.framework/Versions/A/Libraries/libCoreFSCache.dylib
0x0000000015df1000 	/System/Library/PrivateFrameworks/IOAccelerator.framework/Versions/A/IOAccelerator
0x0000000015df1000 	/System/Library/Frameworks/CoreVideo.framework/Versions/A/CoreVideo
0x0000000015df1000 	/usr/lib/libFosl_dynamic.dylib
0x0000000015df1000 	/System/Library/PrivateFrameworks/MetalPerformanceShaders.framework/Versions/A/MetalPerformanceShaders
0x0000000015df1000 	/System/Library/PrivateFrameworks/FaceCore.framework/Versions/A/FaceCore
0x0000000015df1000 	/System/Library/Frameworks/OpenCL.framework/Versions/A/OpenCL
0x0000000015df1000 	/System/Library/Frameworks/OpenGL.framework/Versions/A/Libraries/libGLU.dylib
0x0000000015df1000 	/System/Library/Frameworks/OpenGL.framework/Versions/A/Libraries/libGFXShared.dylib
0x0000000015df1000 	/System/Library/Frameworks/OpenGL.framework/Versions/A/Libraries/libGL.dylib
0x0000000015df1000 	/System/Library/Frameworks/OpenGL.framework/Versions/A/Libraries/libGLImage.dylib
0x0000000015df1000 	/System/Library/Frameworks/OpenGL.framework/Versions/A/Libraries/libCVMSPluginSupport.dylib
0x0000000015df1000 	/System/Library/Frameworks/OpenGL.framework/Versions/A/Libraries/libCoreVMClient.dylib
0x0000000015df1000 	/System/Library/PrivateFrameworks/CrashReporterSupport.framework/Versions/A/CrashReporterSupport
0x0000000015df1000 	/System/Library/PrivateFrameworks/Sharing.framework/Versions/A/Sharing
0x0000000015df1000 	/System/Library/PrivateFrameworks/IconServices.framework/Versions/A/IconServices
0x0000000015df1000 	/System/Library/PrivateFrameworks/ProtocolBuffer.framework/Versions/A/ProtocolBuffer
0x0000000015df1000 	/System/Library/PrivateFrameworks/Apple80211.framework/Versions/A/Apple80211
0x0000000015df1000 	/System/Library/Frameworks/CoreWLAN.framework/Versions/A/CoreWLAN
0x0000000015df1000 	/System/Library/PrivateFrameworks/CoreUtils.framework/Versions/A/CoreUtils
0x0000000015df1000 	/System/Library/Frameworks/IOBluetooth.framework/Versions/A/IOBluetooth
0x0000000015df1000 	/System/Library/PrivateFrameworks/CoreWiFi.framework/Versions/A/CoreWiFi
0x0000000015df1000 	/System/Library/Frameworks/CoreBluetooth.framework/Versions/A/CoreBluetooth
0x0000000015df1000 	/System/Library/Frameworks/CoreDisplay.framework/Versions/A/CoreDisplay
0x0000000015df1000 	/System/Library/PrivateFrameworks/IOPresentment.framework/Versions/A/IOPresentment
0x0000000015df1000 	/System/Library/PrivateFrameworks/DebugSymbols.framework/Versions/A/DebugSymbols
0x0000000015df1000 	/System/Library/PrivateFrameworks/CoreSymbolication.framework/Versions/A/CoreSymbolication
0x0000000015df1000 	/System/Library/PrivateFrameworks/Symbolication.framework/Versions/A/Symbolication
0x0000000015df1000 	/System/Library/PrivateFrameworks/AppleFSCompression.framework/Versions/A/AppleFSCompression
0x0000000015df1000 	/System/Library/PrivateFrameworks/SpeechRecognitionCore.framework/Versions/A/SpeechRecognitionCore
0x0000000015df1000 	/System/Library/PrivateFrameworks/ChunkingLibrary.framework/Versions/A/ChunkingLibrary
0x0000000110a00000 	/Library/Java/JavaVirtualMachines/jdk1.8.0_101.jdk/Contents/Home/jre/lib/server/libjvm.dylib
0x0000000015df1000 	/usr/lib/libstdc++.6.dylib
0x0000000110185000 	/Library/Java/JavaVirtualMachines/jdk1.8.0_101.jdk/Contents/Home/jre/lib/libverify.dylib
0x0000000110193000 	/Library/Java/JavaVirtualMachines/jdk1.8.0_101.jdk/Contents/Home/jre/lib/libjava.dylib
0x00000001101d0000 	/Library/Java/JavaVirtualMachines/jdk1.8.0_101.jdk/Contents/Home/jre/lib/libzip.dylib
0x000000012736d000 	/System/Library/Frameworks/JavaVM.framework/Frameworks/JavaRuntimeSupport.framework/JavaRuntimeSupport
0x0000000127387000 	/System/Library/Frameworks/JavaVM.framework/Versions/A/Frameworks/JavaNativeFoundation.framework/Versions/A/JavaNativeFoundation
0x000000012739c000 	/System/Library/Frameworks/JavaVM.framework/Versions/A/JavaVM
0x0000000015df1000 	/System/Library/Frameworks/Carbon.framework/Versions/A/Carbon
0x00000001273a9000 	/System/Library/PrivateFrameworks/JavaLaunching.framework/Versions/A/JavaLaunching
0x0000000015df1000 	/System/Library/Frameworks/Carbon.framework/Versions/A/Frameworks/CommonPanels.framework/Versions/A/CommonPanels
0x0000000015df1000 	/System/Library/Frameworks/Carbon.framework/Versions/A/Frameworks/Help.framework/Versions/A/Help
0x0000000015df1000 	/System/Library/Frameworks/Carbon.framework/Versions/A/Frameworks/ImageCapture.framework/Versions/A/ImageCapture
0x0000000015df1000 	/System/Library/Frameworks/Carbon.framework/Versions/A/Frameworks/OpenScripting.framework/Versions/A/OpenScripting
0x0000000015df1000 	/System/Library/Frameworks/Carbon.framework/Versions/A/Frameworks/Print.framework/Versions/A/Print
0x0000000015df1000 	/System/Library/Frameworks/Carbon.framework/Versions/A/Frameworks/SecurityHI.framework/Versions/A/SecurityHI
0x0000000128ce5000 	/Library/Java/JavaVirtualMachines/jdk1.8.0_101.jdk/Contents/Home/jre/lib/libnet.dylib
0x0000000128d44000 	/Library/Java/JavaVirtualMachines/jdk1.8.0_101.jdk/Contents/Home/jre/lib/libnio.dylib
0x0000000129270000 	/Users/elchroy/.gradle/native/19/osx-amd64/libnative-platform.dylib
0x0000000129275000 	/Users/elchroy/.gradle/native/19/osx-amd64/libnative-platform-curses.dylib
0x0000000015df1000 	/usr/lib/libncurses.5.4.dylib
0x0000000129279000 	/private/var/folders/3j/p0_wzk9d1ns47ybk3ng5x3w80000gn/T/jna8716967035520700162.tmp
0x000000012928e000 	/Library/Java/JavaVirtualMachines/jdk1.8.0_101.jdk/Contents/Home/jre/lib/libmanagement.dylib

VM Arguments:
jvm_args: -Dorg.gradle.appname=gradlew 
java_command: org.gradle.wrapper.GradleWrapperMain installDebug
java_class_path (initial): /Users/elchroy/Roy/Code/rubyment/roymobile/android/gradle/wrapper/gradle-wrapper.jar
Launcher Type: SUN_STANDARD

Environment Variables:
PATH=/usr/local/opt/nvm/versions/node/v6.3.0/lib/node_modules/npm/bin/node-gyp-bin:/Users/elchroy/Roy/Code/rubyment/roymobile/node_modules/.bin:/usr/local/opt/nvm/versions/node/v6.3.0/bin:/Users/elchroy/.rvm/gems/ruby-2.3.0/bin:/Users/elchroy/.rvm/gems/ruby-2.3.0@global/bin:/Users/elchroy/.rvm/rubies/ruby-2.3.0/bin:/usr/local/opt/nvm/versions/node/v6.3.0/bin:/usr/local/mysql/bin:/usr/local/share/python:/usr/local/bin:/usr/bin:/bin:/usr/sbin:/sbin:/Users/elchroy/golang/src/github.com/andela/bin:/usr/local/opt/go/libexec/bin:/Users/elchroy/.rvm/bin:/Users/elchroy/Library/Android/sdk/tools:/Users/elchroy/Library/Android/sdk/platform-tools
SHELL=/bin/zsh

Signal Handlers:
SIGSEGV: [libjvm.dylib+0x5af145], sa_mask[0]=11111111011111110111111111111111, sa_flags=SA_ONSTACK|SA_RESTART|SA_SIGINFO
SIGBUS: [libjvm.dylib+0x5af145], sa_mask[0]=11111111011111110111111111111111, sa_flags=SA_RESTART|SA_SIGINFO
SIGFPE: [libjvm.dylib+0x48694c], sa_mask[0]=11111111011111110111111111111111, sa_flags=SA_RESTART|SA_SIGINFO
SIGPIPE: [libjvm.dylib+0x48694c], sa_mask[0]=11111111011111110111111111111111, sa_flags=SA_RESTART|SA_SIGINFO
SIGXFSZ: [libjvm.dylib+0x48694c], sa_mask[0]=11111111011111110111111111111111, sa_flags=SA_RESTART|SA_SIGINFO
SIGILL: [libjvm.dylib+0x48694c], sa_mask[0]=11111111011111110111111111111111, sa_flags=SA_RESTART|SA_SIGINFO
SIGUSR1: SIG_DFL, sa_mask[0]=11111111011111110111111111111111, sa_flags=none
SIGUSR2: [libjvm.dylib+0x48646a], sa_mask[0]=00000000000000000000000000000000, sa_flags=SA_RESTART|SA_SIGINFO
SIGHUP: [libjvm.dylib+0x484a41], sa_mask[0]=11111111011111110111111111111111, sa_flags=SA_RESTART|SA_SIGINFO
SIGINT: [libjvm.dylib+0x484a41], sa_mask[0]=11111111011111110111111111111111, sa_flags=SA_RESTART|SA_SIGINFO
SIGTERM: [libjvm.dylib+0x484a41], sa_mask[0]=11111111011111110111111111111111, sa_flags=SA_RESTART|SA_SIGINFO
SIGQUIT: [libjvm.dylib+0x484a41], sa_mask[0]=11111111011111110111111111111111, sa_flags=SA_RESTART|SA_SIGINFO


---------------  S Y S T E M  ---------------

OS:Bsduname:Darwin 16.4.0 Darwin Kernel Version 16.4.0: Thu Dec 22 22:53:21 PST 2016; root:xnu-3789.41.3~3/RELEASE_X86_64 x86_64
rlimit: STACK 8192k, CORE 0k, NPROC 709, NOFILE 10240, AS infinity
load average:3.80 3.18 2.99

CPU:total 4 (2 cores per cpu, 2 threads per core) family 6 model 61 stepping 4, cmov, cx8, fxsr, mmx, sse, sse2, sse3, ssse3, sse4.1, sse4.2, popcnt, avx, avx2, aes, clmul, erms, 3dnowpref, lzcnt, ht, tsc, tscinvbit, bmi1, bmi2, adx

Memory: 4k page, physical 8388608k(46876k free)

/proc/meminfo:


vm_info: Java HotSpot(TM) 64-Bit Server VM (25.101-b13) for bsd-amd64 JRE (1.8.0_101-b13), built on Jun 22 2016 02:42:15 by "java_re" with gcc 4.2.1 (Based on Apple Inc. build 5658) (LLVM build 2336.11.00)

time: Mon Feb  6 15:08:11 2017
elapsed time: 10 seconds (0d 0h 0m 10s)

