#
# A fatal error has been detected by the Java Runtime Environment:
#
#  SIGSEGV (0xb) at pc=0x000000010ca92498, pid=64970, tid=0x0000000000000307
#
# JRE version: Java(TM) SE Runtime Environment (8.0_101-b13) (build 1.8.0_101-b13)
# Java VM: Java HotSpot(TM) 64-Bit Server VM (25.101-b13 mixed mode bsd-amd64 compressed oops)
# Problematic frame:
# V  [libjvm.dylib+0x486498]  SR_handler(int, __siginfo*, __darwin_ucontext*)+0x2e
#
# Failed to write core dump. Core dumps have been disabled. To enable core dumping, try "ulimit -c unlimited" before starting Java again
#
# If you would like to submit a bug report, please visit:
#   http://bugreport.java.com/bugreport/crash.jsp
#

---------------  T H R E A D  ---------------

Current thread is native thread

siginfo: si_signo: 11 (SIGSEGV), si_code: 1 (SEGV_MAPERR), si_addr: 0x0000000000000128

Registers:
RAX=0x0000000000000000, RBX=0x00007fff53f31810, RCX=0x00007fffa9547408, RDX=0x00007fff53f31810
RSP=0x00007fff53f31340, RBP=0x00007fff53f31370, RSI=0x00007fff53f317a8, RDI=0x0000000000000103
R8 =0x00007fff53f31810, R9 =0x00000000ffffffff, R10=0x0000000000000c00, R11=0x0000000000000206
R12=0x0000000000000c00, R13=0x0000000000000000, R14=0x00007fff53f317a8, R15=0x0000000000000002
RIP=0x000000010ca92498, EFLAGS=0x0000000000010202, ERR=0x0000000000000004
  TRAPNO=0x000000000000000e

Top of Stack: (sp=0x00007fff53f31340)
0x00007fff53f31340:   0000000000000000 00007fff53f31810
0x00007fff53f31350:   0000000000000c00 0000000000000000
0x00007fff53f31360:   00007fff53f31a40 0000000000000d03
0x00007fff53f31370:   00007fff53f31380 00007fffa0907bba
0x00007fff53f31380:   00007fff53f31910 0000000000015c00
0x00007fff53f31390:   00015d00a5f9b958 00007fffa93dd2d0
0x00007fff53f313a0:   0100001f00000085 00007fff8b1a3680
0x00007fff53f313b0:   0000000010004005 00000000ffffffff
0x00007fff53f313c0:   00007fff53f318c8 0000000000000000
0x00007fff53f313d0:   00007fff53f31a40 0000000007000806
0x00007fff53f313e0:   00007fff53f31910 00007fff53f318c8
0x00007fff53f313f0:   0000000000000d03 00000000ffffffff
0x00007fff53f31400:   0000000000000c00 0000000000000206
0x00007fff53f31410:   0000000000000c00 0000000000000000
0x00007fff53f31420:   00007fff53f31a40 0000000000000d03
0x00007fff53f31430:   000000010c50838a 0000000000000206
0x00007fff53f31440:   0000000000000007 0000000000000000
0x00007fff53f31450:   0000000000000000 0000000000000000
0x00007fff53f31460:   000000000000037f 0000000000000000
0x00007fff53f31470:   0000000000000000 0000ffff00001fa0
0x00007fff53f31480:   0000000000000000 000000000000ffff
0x00007fff53f31490:   0000000000000100 000000000000ffff
0x00007fff53f314a0:   0000000000000000 0000000000000000
0x00007fff53f314b0:   0000000000000000 0000000000000000
0x00007fff53f314c0:   87bc000000000000 000000000000c00b
0x00007fff53f314d0:   0000000000000000 0000000000000000
0x00007fff53f314e0:   8000000000000000 0000000000004007
0x00007fff53f314f0:   c060000000000000 000000000000400a
0x00007fff53f31500:   41be48d8a1ebd6c7 0000000000000000
0x00007fff53f31510:   3fed7ad8e4324420 0000000000000000
0x00007fff53f31520:   c3de3f7953e2201e 439c086ac1ddfe19
0x00007fff53f31530:   0000000000000000 0000000000000000 

Instructions: (pc=0x000000010ca92498)
0x000000010ca92478:   83 ec 08 48 89 d3 49 89 f6 e8 00 26 14 00 44 8b
0x000000010ca92488:   38 48 8d 05 20 cd 3a 00 48 63 38 e8 ca 28 14 00
0x000000010ca92498:   4c 8b a0 28 01 00 00 41 83 7c 24 34 01 0f 85 e2
0x000000010ca924a8:   00 00 00 49 89 5c 24 40 4d 89 74 24 38 49 8d 5c 

Register to memory mapping:

RAX=0x0000000000000000 is an unknown value
RBX=0x00007fff53f31810 is an unknown value
RCX=0x00007fffa9547408: _thread+0x48 in /usr/lib/system/libsystem_pthread.dylib at 0x00007fffa090e000
RDX=0x00007fff53f31810 is an unknown value
RSP=0x00007fff53f31340 is an unknown value
RBP=0x00007fff53f31370 is an unknown value
RSI=0x00007fff53f317a8 is an unknown value
RDI=0x0000000000000103 is an unknown value
R8 =0x00007fff53f31810 is an unknown value
R9 =0x00000000ffffffff is an unknown value
R10=0x0000000000000c00 is an unknown value
R11=0x0000000000000206 is an unknown value
R12=0x0000000000000c00 is an unknown value
R13=0x0000000000000000 is an unknown value
R14=0x00007fff53f317a8 is an unknown value
R15=0x0000000000000002 is an unknown value


Stack: [0x00007fff53736000,0x00007fff53f36000],  sp=0x00007fff53f31340,  free space=8172k
Native frames: (J=compiled Java code, j=interpreted, Vv=VM code, C=native code)
V  [libjvm.dylib+0x486498]  SR_handler(int, __siginfo*, __darwin_ucontext*)+0x2e
C  [libsystem_platform.dylib+0x2bba]  _sigtramp+0x1a
C  0x0000000000015c00
C  [CoreFoundation+0x88c94]  __CFRunLoopServiceMachPort+0xd4
C  [CoreFoundation+0x88121]  __CFRunLoopRun+0x551
C  [CoreFoundation+0x87974]  CFRunLoopRunSpecific+0x1a4
C  [java+0x6465]  CreateExecutionEnvironment+0x367
C  [java+0x218c]  JLI_Launch+0x7a0
C  [java+0x84c2]  main+0x65
C  [java+0x19e4]  start+0x34


---------------  P R O C E S S  ---------------

VM state:not at safepoint (normal execution)

VM Mutex/Monitor currently owned by a thread: None

Heap:
 PSYoungGen      total 217600K, used 44226K [0x0000000795580000, 0x00000007a4280000, 0x00000007c0000000)
  eden space 202240K, 21% used [0x0000000795580000,0x00000007980b0b28,0x00000007a1b00000)
  from space 15360K, 0% used [0x00000007a2d00000,0x00000007a2d00000,0x00000007a3c00000)
  to   space 18432K, 0% used [0x00000007a1b00000,0x00000007a1b00000,0x00000007a2d00000)
 ParOldGen       total 110080K, used 27521K [0x0000000740000000, 0x0000000746b80000, 0x0000000795580000)
  object space 110080K, 25% used [0x0000000740000000,0x0000000741ae0498,0x0000000746b80000)
 Metaspace       used 35290K, capacity 36318K, committed 36568K, reserved 1081344K
  class space    used 4897K, capacity 5316K, committed 5376K, reserved 1048576K

Card table byte_map: [0x000000010e1c0000,0x000000010e5c1000] byte_map_base: 0x000000010a7c0000

Marking Bits: (ParMarkBitMap*) 0x000000010cef9d20
 Begin Bits: [0x000000011df5c000, 0x000000011ff5c000)
 End Bits:   [0x000000011ff5c000, 0x0000000121f5c000)

Polling page: 0x000000010bcf2000

CodeCache: size=245760Kb used=11087Kb max_used=11087Kb free=234672Kb
 bounds [0x000000010ef5c000, 0x000000010fa3c000, 0x000000011df5c000]
 total_blobs=3888 nmethods=3238 adapters=563
 compilation: enabled

Compilation events (10 events):
Event: 13.207 Thread 0x00007f8e05839000 3303       2       org.gradle.api.internal.tasks.TaskMutator::mutate (35 bytes)
Event: 13.208 Thread 0x00007f8e05839000 nmethod 3303 0x000000010fa31bd0 code [0x000000010fa31d60, 0x000000010fa32028]
Event: 13.208 Thread 0x00007f8e05839000 3304       2       org.gradle.api.internal.tasks.TaskStateInternal::isConfigurable (20 bytes)
Event: 13.208 Thread 0x00007f8e05839000 nmethod 3304 0x000000010fa32210 code [0x000000010fa32360, 0x000000010fa324d0]
Event: 13.208 Thread 0x00007f8e05839000 3305       2       org.gradle.model.internal.core.ModelPath::getParent (56 bytes)
Event: 13.208 Thread 0x00007f8e05839000 nmethod 3305 0x000000010fa32550 code [0x000000010fa32740, 0x000000010fa32c78]
Event: 13.215 Thread 0x00007f8e05839000 3306       2       org.gradle.api.internal.BeanDynamicObject::hasProperty (11 bytes)
Event: 13.216 Thread 0x00007f8e05839000 nmethod 3306 0x000000010fa33090 code [0x000000010fa33200, 0x000000010fa33388]
Event: 13.216 Thread 0x00007f8e05839000 3307       2       org.gradle.api.internal.BeanDynamicObject$MetaClassAdapter::hasProperty (39 bytes)
Event: 13.217 Thread 0x00007f8e05839000 nmethod 3307 0x000000010fa33410 code [0x000000010fa33580, 0x000000010fa33778]

GC Heap History (10 events):
Event: 6.175 GC heap before
{Heap before GC invocations=4 (full 0):
 PSYoungGen      total 71680K, used 21296K [0x0000000795580000, 0x000000079e180000, 0x00000007c0000000)
  eden space 66560K, 24% used [0x0000000795580000,0x0000000796550288,0x0000000799680000)
  from space 5120K, 99% used [0x0000000799680000,0x0000000799b7c010,0x0000000799b80000)
  to   space 5120K, 0% used [0x000000079dc80000,0x000000079dc80000,0x000000079e180000)
 ParOldGen       total 87552K, used 7226K [0x0000000740000000, 0x0000000745580000, 0x0000000795580000)
  object space 87552K, 8% used [0x0000000740000000,0x000000074070e838,0x0000000745580000)
 Metaspace       used 20797K, capacity 21118K, committed 21248K, reserved 1067008K
  class space    used 2823K, capacity 2978K, committed 3072K, reserved 1048576K
Event: 6.188 GC heap after
Heap after GC invocations=4 (full 0):
 PSYoungGen      total 138240K, used 5104K [0x0000000795580000, 0x000000079e180000, 0x00000007c0000000)
  eden space 133120K, 0% used [0x0000000795580000,0x0000000795580000,0x000000079d780000)
  from space 5120K, 99% used [0x000000079dc80000,0x000000079e17c040,0x000000079e180000)
  to   space 5120K, 0% used [0x000000079d780000,0x000000079d780000,0x000000079dc80000)
 ParOldGen       total 87552K, used 8943K [0x0000000740000000, 0x0000000745580000, 0x0000000795580000)
  object space 87552K, 10% used [0x0000000740000000,0x00000007408bbe98,0x0000000745580000)
 Metaspace       used 20797K, capacity 21118K, committed 21248K, reserved 1067008K
  class space    used 2823K, capacity 2978K, committed 3072K, reserved 1048576K
}
Event: 6.188 GC heap before
{Heap before GC invocations=5 (full 1):
 PSYoungGen      total 138240K, used 5104K [0x0000000795580000, 0x000000079e180000, 0x00000007c0000000)
  eden space 133120K, 0% used [0x0000000795580000,0x0000000795580000,0x000000079d780000)
  from space 5120K, 99% used [0x000000079dc80000,0x000000079e17c040,0x000000079e180000)
  to   space 5120K, 0% used [0x000000079d780000,0x000000079d780000,0x000000079dc80000)
 ParOldGen       total 87552K, used 8943K [0x0000000740000000, 0x0000000745580000, 0x0000000795580000)
  object space 87552K, 10% used [0x0000000740000000,0x00000007408bbe98,0x0000000745580000)
 Metaspace       used 20797K, capacity 21118K, committed 21248K, reserved 1067008K
  class space    used 2823K, capacity 2978K, committed 3072K, reserved 1048576K
Event: 6.257 GC heap after
Heap after GC invocations=5 (full 1):
 PSYoungGen      total 138240K, used 0K [0x0000000795580000, 0x000000079e180000, 0x00000007c0000000)
  eden space 133120K, 0% used [0x0000000795580000,0x0000000795580000,0x000000079d780000)
  from space 5120K, 0% used [0x000000079dc80000,0x000000079dc80000,0x000000079e180000)
  to   space 5120K, 0% used [0x000000079d780000,0x000000079d780000,0x000000079dc80000)
 ParOldGen       total 62464K, used 8499K [0x0000000740000000, 0x0000000743d00000, 0x0000000795580000)
  object space 62464K, 13% used [0x0000000740000000,0x000000074084cc30,0x0000000743d00000)
 Metaspace       used 20797K, capacity 21118K, committed 21248K, reserved 1067008K
  class space    used 2823K, capacity 2978K, committed 3072K, reserved 1048576K
}
Event: 10.397 GC heap before
{Heap before GC invocations=6 (full 1):
 PSYoungGen      total 138240K, used 133120K [0x0000000795580000, 0x000000079e180000, 0x00000007c0000000)
  eden space 133120K, 100% used [0x0000000795580000,0x000000079d780000,0x000000079d780000)
  from space 5120K, 0% used [0x000000079dc80000,0x000000079dc80000,0x000000079e180000)
  to   space 5120K, 0% used [0x000000079d780000,0x000000079d780000,0x000000079dc80000)
 ParOldGen       total 62464K, used 8499K [0x0000000740000000, 0x0000000743d00000, 0x0000000795580000)
  object space 62464K, 13% used [0x0000000740000000,0x000000074084cc30,0x0000000743d00000)
 Metaspace       used 29311K, capacity 30118K, committed 30464K, reserved 1075200K
  class space    used 4005K, capacity 4281K, committed 4352K, reserved 1048576K
Event: 10.427 GC heap after
Heap after GC invocations=6 (full 1):
 PSYoungGen      total 138240K, used 5120K [0x0000000795580000, 0x00000007a3c00000, 0x00000007c0000000)
  eden space 133120K, 0% used [0x0000000795580000,0x0000000795580000,0x000000079d780000)
  from space 5120K, 100% used [0x000000079d780000,0x000000079dc80000,0x000000079dc80000)
  to   space 15360K, 0% used [0x00000007a2d00000,0x00000007a2d00000,0x00000007a3c00000)
 ParOldGen       total 62464K, used 17657K [0x0000000740000000, 0x0000000743d00000, 0x0000000795580000)
  object space 62464K, 28% used [0x0000000740000000,0x000000074113e740,0x0000000743d00000)
 Metaspace       used 29311K, capacity 30118K, committed 30464K, reserved 1075200K
  class space    used 4005K, capacity 4281K, committed 4352K, reserved 1048576K
}
Event: 12.088 GC heap before
{Heap before GC invocations=7 (full 1):
 PSYoungGen      total 138240K, used 90465K [0x0000000795580000, 0x00000007a3c00000, 0x00000007c0000000)
  eden space 133120K, 64% used [0x0000000795580000,0x000000079a8d8408,0x000000079d780000)
  from space 5120K, 100% used [0x000000079d780000,0x000000079dc80000,0x000000079dc80000)
  to   space 15360K, 0% used [0x00000007a2d00000,0x00000007a2d00000,0x00000007a3c00000)
 ParOldGen       total 62464K, used 17657K [0x0000000740000000, 0x0000000743d00000, 0x0000000795580000)
  object space 62464K, 28% used [0x0000000740000000,0x000000074113e740,0x0000000743d00000)
 Metaspace       used 34339K, capacity 35304K, committed 35416K, reserved 1079296K
  class space    used 4790K, capacity 5198K, committed 5248K, reserved 1048576K
Event: 12.112 GC heap after
Heap after GC invocations=7 (full 1):
 PSYoungGen      total 217600K, used 15338K [0x0000000795580000, 0x00000007a4280000, 0x00000007c0000000)
  eden space 202240K, 0% used [0x0000000795580000,0x0000000795580000,0x00000007a1b00000)
  from space 15360K, 99% used [0x00000007a2d00000,0x00000007a3bfa850,0x00000007a3c00000)
  to   space 18432K, 0% used [0x00000007a1b00000,0x00000007a1b00000,0x00000007a2d00000)
 ParOldGen       total 62464K, used 18730K [0x0000000740000000, 0x0000000743d00000, 0x0000000795580000)
  object space 62464K, 29% used [0x0000000740000000,0x000000074124a8b0,0x0000000743d00000)
 Metaspace       used 34339K, capacity 35304K, committed 35416K, reserved 1079296K
  class space    used 4790K, capacity 5198K, committed 5248K, reserved 1048576K
}
Event: 12.112 GC heap before
{Heap before GC invocations=8 (full 2):
 PSYoungGen      total 217600K, used 15338K [0x0000000795580000, 0x00000007a4280000, 0x00000007c0000000)
  eden space 202240K, 0% used [0x0000000795580000,0x0000000795580000,0x00000007a1b00000)
  from space 15360K, 99% used [0x00000007a2d00000,0x00000007a3bfa850,0x00000007a3c00000)
  to   space 18432K, 0% used [0x00000007a1b00000,0x00000007a1b00000,0x00000007a2d00000)
 ParOldGen       total 62464K, used 18730K [0x0000000740000000, 0x0000000743d00000, 0x0000000795580000)
  object space 62464K, 29% used [0x0000000740000000,0x000000074124a8b0,0x0000000743d00000)
 Metaspace       used 34339K, capacity 35304K, committed 35416K, reserved 1079296K
  class space    used 4790K, capacity 5198K, committed 5248K, reserved 1048576K
Event: 12.219 GC heap after
Heap after GC invocations=8 (full 2):
 PSYoungGen      total 217600K, used 0K [0x0000000795580000, 0x00000007a4280000, 0x00000007c0000000)
  eden space 202240K, 0% used [0x0000000795580000,0x0000000795580000,0x00000007a1b00000)
  from space 15360K, 0% used [0x00000007a2d00000,0x00000007a2d00000,0x00000007a3c00000)
  to   space 18432K, 0% used [0x00000007a1b00000,0x00000007a1b00000,0x00000007a2d00000)
 ParOldGen       total 110080K, used 27521K [0x0000000740000000, 0x0000000746b80000, 0x0000000795580000)
  object space 110080K, 25% used [0x0000000740000000,0x0000000741ae0498,0x0000000746b80000)
 Metaspace       used 34339K, capacity 35304K, committed 35416K, reserved 1079296K
  class space    used 4790K, capacity 5198K, committed 5248K, reserved 1048576K
}

Deoptimization events (10 events):
Event: 9.723 Thread 0x00007f8e05002800 Uncommon trap: reason=unstable_if action=reinterpret pc=0x000000010f226f30 method=java.util.HashMap.hash(Ljava/lang/Object;)I @ 1
Event: 9.804 Thread 0x00007f8e05002800 Uncommon trap: reason=unstable_if action=reinterpret pc=0x000000010f160d28 method=java.util.HashMap.hash(Ljava/lang/Object;)I @ 1
Event: 10.503 Thread 0x00007f8e05002800 Uncommon trap: reason=class_check action=maybe_recompile pc=0x000000010f5c3b60 method=java.lang.Throwable.<init>(Ljava/lang/String;Ljava/lang/Throwable;)V @ 24
Event: 11.850 Thread 0x00007f8e05002800 Uncommon trap: reason=unstable_if action=reinterpret pc=0x000000010f26de68 method=java.util.HashMap.hash(Ljava/lang/Object;)I @ 1
Event: 11.960 Thread 0x00007f8e05002800 Uncommon trap: reason=unstable_if action=reinterpret pc=0x000000010f2c2110 method=java.lang.AbstractStringBuilder.append(Ljava/lang/String;)Ljava/lang/AbstractStringBuilder; @ 1
Event: 12.757 Thread 0x00007f8e05002800 Uncommon trap: reason=predicate action=maybe_recompile pc=0x000000010f9e3a14 method=java.util.AbstractCollection.toArray([Ljava/lang/Object;)[Ljava/lang/Object; @ 49
Event: 12.768 Thread 0x00007f8e05002800 Uncommon trap: reason=array_check action=maybe_recompile pc=0x000000010f9eef88 method=java.util.AbstractCollection.toArray([Ljava/lang/Object;)[Ljava/lang/Object; @ 119
Event: 12.768 Thread 0x00007f8e05002800 Uncommon trap: reason=array_check action=maybe_recompile pc=0x000000010f9eef88 method=java.util.AbstractCollection.toArray([Ljava/lang/Object;)[Ljava/lang/Object; @ 119
Event: 12.768 Thread 0x00007f8e05002800 Uncommon trap: reason=array_check action=maybe_recompile pc=0x000000010f9eef88 method=java.util.AbstractCollection.toArray([Ljava/lang/Object;)[Ljava/lang/Object; @ 119
Event: 12.768 Thread 0x00007f8e05002800 Uncommon trap: reason=array_check action=maybe_recompile pc=0x000000010f9eef88 method=java.util.AbstractCollection.toArray([Ljava/lang/Object;)[Ljava/lang/Object; @ 119

Internal exceptions (10 events):
Event: 13.041 Thread 0x00007f8e05002800 Exception <a 'java/lang/ClassNotFoundException': com/android/build/gradle/tasks/GenerateResValues_DecoratedBeanInfo> (0x0000000797aab230) thrown at [/HUDSON3/workspace/8-2-build-macosx-x86_64/jdk8u101/7261/hotspot/src/share/vm/classfile/systemDictionary.c
Event: 13.042 Thread 0x00007f8e05002800 Exception <a 'java/lang/ClassNotFoundException': com/android/build/gradle/tasks/GenerateResValuesBeanInfo> (0x0000000797abf088) thrown at [/HUDSON3/workspace/8-2-build-macosx-x86_64/jdk8u101/7261/hotspot/src/share/vm/classfile/systemDictionary.cpp, line 2
Event: 13.043 Thread 0x00007f8e05002800 Exception <a 'java/lang/ClassNotFoundException': com/android/build/gradle/tasks/GenerateResValuesCustomizer> (0x0000000797ad2f50) thrown at [/HUDSON3/workspace/8-2-build-macosx-x86_64/jdk8u101/7261/hotspot/src/share/vm/classfile/systemDictionary.cpp, line
Event: 13.044 Thread 0x00007f8e05002800 Exception <a 'java/lang/ClassNotFoundException': com/android/build/gradle/tasks/GenerateResValues_DecoratedCustomizer> (0x0000000797b2c098) thrown at [/HUDSON3/workspace/8-2-build-macosx-x86_64/jdk8u101/7261/hotspot/src/share/vm/classfile/systemDictionary
Event: 13.156 Thread 0x00007f8e05002800 Exception <a 'java/lang/ClassNotFoundException': com/android/build/gradle/tasks/RenderscriptCompile_DecoratedBeanInfo> (0x0000000797d5e1a8) thrown at [/HUDSON3/workspace/8-2-build-macosx-x86_64/jdk8u101/7261/hotspot/src/share/vm/classfile/systemDictionary
Event: 13.157 Thread 0x00007f8e05002800 Exception <a 'java/lang/ClassNotFoundException': com/android/build/gradle/tasks/RenderscriptCompileBeanInfo> (0x0000000797d720b8) thrown at [/HUDSON3/workspace/8-2-build-macosx-x86_64/jdk8u101/7261/hotspot/src/share/vm/classfile/systemDictionary.cpp, line
Event: 13.158 Thread 0x00007f8e05002800 Exception <a 'java/lang/ClassNotFoundException': com/android/build/gradle/internal/tasks/NdkTaskBeanInfo> (0x0000000797d85cc0) thrown at [/HUDSON3/workspace/8-2-build-macosx-x86_64/jdk8u101/7261/hotspot/src/share/vm/classfile/systemDictionary.cpp, line 21
Event: 13.159 Thread 0x00007f8e05002800 Exception <a 'java/lang/ClassNotFoundException': com/android/build/gradle/internal/tasks/NdkTaskCustomizer> (0x0000000797d99c68) thrown at [/HUDSON3/workspace/8-2-build-macosx-x86_64/jdk8u101/7261/hotspot/src/share/vm/classfile/systemDictionary.cpp, line 
Event: 13.163 Thread 0x00007f8e05002800 Exception <a 'java/lang/ClassNotFoundException': com/android/build/gradle/tasks/RenderscriptCompileCustomizer> (0x0000000797df6a38) thrown at [/HUDSON3/workspace/8-2-build-macosx-x86_64/jdk8u101/7261/hotspot/src/share/vm/classfile/systemDictionary.cpp, li
Event: 13.174 Thread 0x00007f8e05002800 Exception <a 'java/lang/ClassNotFoundException': com/android/build/gradle/tasks/RenderscriptCompile_DecoratedCustomizer> (0x0000000797e749b8) thrown at [/HUDSON3/workspace/8-2-build-macosx-x86_64/jdk8u101/7261/hotspot/src/share/vm/classfile/systemDictiona

Events (10 events):
Event: 13.213 loading class groovy/runtime/metaclass/com/android/build/gradle/internal/TaskManager$_createRenderscriptTask_closure33MetaClass
Event: 13.213 loading class groovy/runtime/metaclass/com/android/build/gradle/internal/TaskManager$_createRenderscriptTask_closure33MetaClass done
Event: 13.219 loading class groovy/runtime/metaclass/com/android/build/gradle/internal/TaskManager$_createRenderscriptTask_closure34MetaClass
Event: 13.219 loading class groovy/runtime/metaclass/com/android/build/gradle/internal/TaskManager$_createRenderscriptTask_closure34MetaClass done
Event: 13.220 loading class groovy/runtime/metaclass/com/android/build/gradle/internal/TaskManager$_createRenderscriptTask_closure35MetaClass
Event: 13.220 loading class groovy/runtime/metaclass/com/android/build/gradle/internal/TaskManager$_createRenderscriptTask_closure35MetaClass done
Event: 13.224 loading class groovy/runtime/metaclass/com/android/build/gradle/internal/TaskManager$_createRenderscriptTask_closure36MetaClass
Event: 13.224 loading class groovy/runtime/metaclass/com/android/build/gradle/internal/TaskManager$_createRenderscriptTask_closure36MetaClass done
Event: 13.224 loading class groovy/runtime/metaclass/com/android/build/gradle/internal/TaskManager$_createRenderscriptTask_closure37MetaClass
Event: 13.224 loading class groovy/runtime/metaclass/com/android/build/gradle/internal/TaskManager$_createRenderscriptTask_closure37MetaClass done


Dynamic libraries:
0x0000000015df1000 	/System/Library/Frameworks/Cocoa.framework/Versions/A/Cocoa
0x0000000015df1000 	/System/Library/Frameworks/Security.framework/Versions/A/Security
0x0000000015df1000 	/System/Library/Frameworks/ApplicationServices.framework/Versions/A/ApplicationServices
0x0000000015df1000 	/usr/lib/libz.1.dylib
0x000000010bceb000 	/usr/lib/libSystem.B.dylib
0x0000000015df1000 	/usr/lib/libobjc.A.dylib
0x0000000015df1000 	/System/Library/Frameworks/CoreFoundation.framework/Versions/A/CoreFoundation
0x0000000015df1000 	/System/Library/Frameworks/Foundation.framework/Versions/C/Foundation
0x0000000015df1000 	/System/Library/Frameworks/AppKit.framework/Versions/C/AppKit
0x0000000015df1000 	/System/Library/Frameworks/CoreData.framework/Versions/A/CoreData
0x0000000015df1000 	/System/Library/PrivateFrameworks/RemoteViewServices.framework/Versions/A/RemoteViewServices
0x0000000015df1000 	/System/Library/PrivateFrameworks/UIFoundation.framework/Versions/A/UIFoundation
0x0000000015df1000 	/System/Library/PrivateFrameworks/DFRFoundation.framework/Versions/A/DFRFoundation
0x0000000015df1000 	/usr/lib/libenergytrace.dylib
0x0000000015df1000 	/System/Library/PrivateFrameworks/SkyLight.framework/Versions/A/SkyLight
0x0000000015df1000 	/System/Library/Frameworks/CoreGraphics.framework/Versions/A/CoreGraphics
0x0000000015df1000 	/usr/lib/libScreenReader.dylib
0x0000000015df1000 	/System/Library/Frameworks/Accelerate.framework/Versions/A/Accelerate
0x0000000015df1000 	/System/Library/Frameworks/IOSurface.framework/Versions/A/IOSurface
0x0000000015df1000 	/System/Library/Frameworks/AudioToolbox.framework/Versions/A/AudioToolbox
0x0000000015df1000 	/System/Library/Frameworks/AudioUnit.framework/Versions/A/AudioUnit
0x0000000015df1000 	/System/Library/PrivateFrameworks/DataDetectorsCore.framework/Versions/A/DataDetectorsCore
0x0000000015df1000 	/System/Library/PrivateFrameworks/DesktopServicesPriv.framework/Versions/A/DesktopServicesPriv
0x0000000015df1000 	/System/Library/Frameworks/Carbon.framework/Versions/A/Frameworks/HIToolbox.framework/Versions/A/HIToolbox
0x0000000015df1000 	/usr/lib/libicucore.A.dylib
0x0000000015df1000 	/System/Library/Frameworks/QuartzCore.framework/Versions/A/QuartzCore
0x0000000015df1000 	/System/Library/Frameworks/Carbon.framework/Versions/A/Frameworks/SpeechRecognition.framework/Versions/A/SpeechRecognition
0x0000000015df1000 	/usr/lib/libauto.dylib
0x0000000015df1000 	/usr/lib/libxml2.2.dylib
0x0000000015df1000 	/System/Library/PrivateFrameworks/CoreUI.framework/Versions/A/CoreUI
0x0000000015df1000 	/System/Library/Frameworks/CoreAudio.framework/Versions/A/CoreAudio
0x0000000015df1000 	/System/Library/Frameworks/DiskArbitration.framework/Versions/A/DiskArbitration
0x0000000015df1000 	/usr/lib/liblangid.dylib
0x0000000015df1000 	/System/Library/PrivateFrameworks/MultitouchSupport.framework/Versions/A/MultitouchSupport
0x000000010bcf8000 	/System/Library/Frameworks/IOKit.framework/Versions/A/IOKit
0x0000000015df1000 	/usr/lib/libDiagnosticMessagesClient.dylib
0x0000000015df1000 	/System/Library/Frameworks/CoreServices.framework/Versions/A/CoreServices
0x0000000015df1000 	/System/Library/PrivateFrameworks/PerformanceAnalysis.framework/Versions/A/PerformanceAnalysis
0x0000000015df1000 	/System/Library/PrivateFrameworks/GenerationalStorage.framework/Versions/A/GenerationalStorage
0x0000000015df1000 	/System/Library/Frameworks/OpenGL.framework/Versions/A/OpenGL
0x0000000015df1000 	/System/Library/Frameworks/CoreImage.framework/Versions/A/CoreImage
0x0000000015df1000 	/System/Library/Frameworks/CoreText.framework/Versions/A/CoreText
0x0000000015df1000 	/System/Library/Frameworks/ImageIO.framework/Versions/A/ImageIO
0x0000000015df1000 	/System/Library/PrivateFrameworks/Backup.framework/Versions/A/Backup
0x0000000015df1000 	/usr/lib/libarchive.2.dylib
0x000000010bdd5000 	/System/Library/Frameworks/CFNetwork.framework/Versions/A/CFNetwork
0x0000000015df1000 	/System/Library/Frameworks/SystemConfiguration.framework/Versions/A/SystemConfiguration
0x0000000015df1000 	/usr/lib/libCRFSuite.dylib
0x0000000015df1000 	/usr/lib/libc++.1.dylib
0x0000000015df1000 	/usr/lib/libc++abi.dylib
0x0000000015df1000 	/usr/lib/system/libcache.dylib
0x0000000015df1000 	/usr/lib/system/libcommonCrypto.dylib
0x0000000015df1000 	/usr/lib/system/libcompiler_rt.dylib
0x0000000015df1000 	/usr/lib/system/libcopyfile.dylib
0x0000000015df1000 	/usr/lib/system/libcorecrypto.dylib
0x0000000015df1000 	/usr/lib/system/libdispatch.dylib
0x000000010c4bf000 	/usr/lib/system/libdyld.dylib
0x0000000015df1000 	/usr/lib/system/libkeymgr.dylib
0x0000000015df1000 	/usr/lib/system/liblaunch.dylib
0x0000000015df1000 	/usr/lib/system/libmacho.dylib
0x0000000015df1000 	/usr/lib/system/libquarantine.dylib
0x0000000015df1000 	/usr/lib/system/libremovefile.dylib
0x0000000015df1000 	/usr/lib/system/libsystem_asl.dylib
0x0000000015df1000 	/usr/lib/system/libsystem_blocks.dylib
0x0000000015df1000 	/usr/lib/system/libsystem_c.dylib
0x0000000015df1000 	/usr/lib/system/libsystem_configuration.dylib
0x0000000015df1000 	/usr/lib/system/libsystem_coreservices.dylib
0x000000010c4d2000 	/usr/lib/system/libsystem_coretls.dylib
0x0000000015df1000 	/usr/lib/system/libsystem_dnssd.dylib
0x0000000015df1000 	/usr/lib/system/libsystem_info.dylib
0x000000010c4f6000 	/usr/lib/system/libsystem_kernel.dylib
0x0000000015df1000 	/usr/lib/system/libsystem_m.dylib
0x0000000015df1000 	/usr/lib/system/libsystem_malloc.dylib
0x0000000015df1000 	/usr/lib/system/libsystem_network.dylib
0x000000010c536000 	/usr/lib/system/libsystem_networkextension.dylib
0x0000000015df1000 	/usr/lib/system/libsystem_notify.dylib
0x0000000015df1000 	/usr/lib/system/libsystem_platform.dylib
0x0000000015df1000 	/usr/lib/system/libsystem_pthread.dylib
0x000000010c54c000 	/usr/lib/system/libsystem_sandbox.dylib
0x0000000015df1000 	/usr/lib/system/libsystem_secinit.dylib
0x000000010c556000 	/usr/lib/system/libsystem_symptoms.dylib
0x000000010c565000 	/usr/lib/system/libsystem_trace.dylib
0x0000000015df1000 	/usr/lib/system/libunwind.dylib
0x0000000015df1000 	/usr/lib/system/libxpc.dylib
0x0000000015df1000 	/usr/lib/libbsm.0.dylib
0x000000010c59e000 	/usr/lib/system/libkxld.dylib
0x0000000015df1000 	/usr/lib/libcoretls.dylib
0x0000000015df1000 	/usr/lib/libcoretls_cfhelpers.dylib
0x0000000015df1000 	/usr/lib/libxar.1.dylib
0x0000000015df1000 	/usr/lib/libsqlite3.dylib
0x0000000015df1000 	/usr/lib/libpam.2.dylib
0x0000000015df1000 	/usr/lib/libOpenScriptingUtil.dylib
0x0000000015df1000 	/usr/lib/libbz2.1.0.dylib
0x0000000015df1000 	/usr/lib/liblzma.5.dylib
0x0000000015df1000 	/usr/lib/libnetwork.dylib
0x0000000015df1000 	/usr/lib/libpcap.A.dylib
0x0000000015df1000 	/System/Library/Frameworks/CoreServices.framework/Versions/A/Frameworks/FSEvents.framework/Versions/A/FSEvents
0x0000000015df1000 	/System/Library/Frameworks/CoreServices.framework/Versions/A/Frameworks/CarbonCore.framework/Versions/A/CarbonCore
0x0000000015df1000 	/System/Library/Frameworks/CoreServices.framework/Versions/A/Frameworks/Metadata.framework/Versions/A/Metadata
0x0000000015df1000 	/System/Library/Frameworks/CoreServices.framework/Versions/A/Frameworks/OSServices.framework/Versions/A/OSServices
0x0000000015df1000 	/System/Library/Frameworks/CoreServices.framework/Versions/A/Frameworks/SearchKit.framework/Versions/A/SearchKit
0x0000000015df1000 	/System/Library/Frameworks/CoreServices.framework/Versions/A/Frameworks/AE.framework/Versions/A/AE
0x0000000015df1000 	/System/Library/Frameworks/CoreServices.framework/Versions/A/Frameworks/LaunchServices.framework/Versions/A/LaunchServices
0x0000000015df1000 	/System/Library/Frameworks/CoreServices.framework/Versions/A/Frameworks/DictionaryServices.framework/Versions/A/DictionaryServices
0x0000000015df1000 	/System/Library/Frameworks/CoreServices.framework/Versions/A/Frameworks/SharedFileList.framework/Versions/A/SharedFileList
0x0000000015df1000 	/System/Library/Frameworks/NetFS.framework/Versions/A/NetFS
0x0000000015df1000 	/System/Library/PrivateFrameworks/NetAuth.framework/Versions/A/NetAuth
0x0000000015df1000 	/System/Library/PrivateFrameworks/login.framework/Versions/A/Frameworks/loginsupport.framework/Versions/A/loginsupport
0x0000000015df1000 	/System/Library/PrivateFrameworks/TCC.framework/Versions/A/TCC
0x0000000015df1000 	/usr/lib/libmecabra.dylib
0x0000000015df1000 	/System/Library/Frameworks/ApplicationServices.framework/Versions/A/Frameworks/ATS.framework/Versions/A/ATS
0x0000000015df1000 	/System/Library/Frameworks/ApplicationServices.framework/Versions/A/Frameworks/ColorSync.framework/Versions/A/ColorSync
0x0000000015df1000 	/System/Library/Frameworks/ApplicationServices.framework/Versions/A/Frameworks/HIServices.framework/Versions/A/HIServices
0x0000000015df1000 	/System/Library/Frameworks/ApplicationServices.framework/Versions/A/Frameworks/LangAnalysis.framework/Versions/A/LangAnalysis
0x0000000015df1000 	/System/Library/Frameworks/ApplicationServices.framework/Versions/A/Frameworks/PrintCore.framework/Versions/A/PrintCore
0x0000000015df1000 	/System/Library/Frameworks/ApplicationServices.framework/Versions/A/Frameworks/QD.framework/Versions/A/QD
0x0000000015df1000 	/System/Library/Frameworks/ApplicationServices.framework/Versions/A/Frameworks/SpeechSynthesis.framework/Versions/A/SpeechSynthesis
0x0000000015df1000 	/System/Library/Frameworks/Accelerate.framework/Versions/A/Frameworks/vImage.framework/Versions/A/vImage
0x0000000015df1000 	/System/Library/Frameworks/Accelerate.framework/Versions/A/Frameworks/vecLib.framework/Versions/A/vecLib
0x0000000015df1000 	/System/Library/Frameworks/Accelerate.framework/Versions/A/Frameworks/vecLib.framework/Versions/A/libvDSP.dylib
0x0000000015df1000 	/System/Library/Frameworks/Accelerate.framework/Versions/A/Frameworks/vecLib.framework/Versions/A/libBNNS.dylib
0x0000000015df1000 	/System/Library/Frameworks/Accelerate.framework/Versions/A/Frameworks/vecLib.framework/Versions/A/libQuadrature.dylib
0x0000000015df1000 	/System/Library/Frameworks/Accelerate.framework/Versions/A/Frameworks/vecLib.framework/Versions/A/libvMisc.dylib
0x0000000015df1000 	/System/Library/Frameworks/Accelerate.framework/Versions/A/Frameworks/vecLib.framework/Versions/A/libLAPACK.dylib
0x0000000015df1000 	/System/Library/Frameworks/Accelerate.framework/Versions/A/Frameworks/vecLib.framework/Versions/A/libBLAS.dylib
0x0000000015df1000 	/System/Library/Frameworks/Accelerate.framework/Versions/A/Frameworks/vecLib.framework/Versions/A/libLinearAlgebra.dylib
0x0000000015df1000 	/System/Library/Frameworks/Accelerate.framework/Versions/A/Frameworks/vecLib.framework/Versions/A/libSparseBLAS.dylib
0x0000000015df1000 	/System/Library/Frameworks/ApplicationServices.framework/Versions/A/Frameworks/ATS.framework/Versions/A/Resources/libFontParser.dylib
0x0000000015df1000 	/System/Library/Frameworks/ApplicationServices.framework/Versions/A/Frameworks/ATS.framework/Versions/A/Resources/libFontRegistry.dylib
0x0000000015df1000 	/System/Library/Frameworks/ImageIO.framework/Versions/A/Resources/libJPEG.dylib
0x0000000015df1000 	/System/Library/Frameworks/ImageIO.framework/Versions/A/Resources/libTIFF.dylib
0x0000000015df1000 	/System/Library/Frameworks/ImageIO.framework/Versions/A/Resources/libPng.dylib
0x0000000015df1000 	/System/Library/Frameworks/ImageIO.framework/Versions/A/Resources/libGIF.dylib
0x0000000015df1000 	/System/Library/Frameworks/ImageIO.framework/Versions/A/Resources/libJP2.dylib
0x0000000015df1000 	/System/Library/Frameworks/ImageIO.framework/Versions/A/Resources/libRadiance.dylib
0x0000000015df1000 	/usr/lib/libcompression.dylib
0x0000000015df1000 	/System/Library/PrivateFrameworks/AppleJPEG.framework/Versions/A/AppleJPEG
0x0000000015df1000 	/usr/lib/libcups.2.dylib
0x0000000015df1000 	/System/Library/Frameworks/Kerberos.framework/Versions/A/Kerberos
0x0000000015df1000 	/System/Library/Frameworks/GSS.framework/Versions/A/GSS
0x0000000015df1000 	/usr/lib/libresolv.9.dylib
0x0000000015df1000 	/usr/lib/libiconv.2.dylib
0x0000000015df1000 	/System/Library/PrivateFrameworks/Heimdal.framework/Versions/A/Heimdal
0x0000000015df1000 	/usr/lib/libheimdal-asn1.dylib
0x0000000015df1000 	/System/Library/Frameworks/OpenDirectory.framework/Versions/A/OpenDirectory
0x0000000015df1000 	/System/Library/PrivateFrameworks/CommonAuth.framework/Versions/A/CommonAuth
0x0000000015df1000 	/System/Library/Frameworks/OpenDirectory.framework/Versions/A/Frameworks/CFOpenDirectory.framework/Versions/A/CFOpenDirectory
0x0000000015df1000 	/System/Library/Frameworks/SecurityFoundation.framework/Versions/A/SecurityFoundation
0x0000000015df1000 	/System/Library/PrivateFrameworks/LanguageModeling.framework/Versions/A/LanguageModeling
0x0000000015df1000 	/usr/lib/libmarisa.dylib
0x0000000015df1000 	/usr/lib/libChineseTokenizer.dylib
0x0000000015df1000 	/usr/lib/libcmph.dylib
0x0000000015df1000 	/System/Library/PrivateFrameworks/CoreEmoji.framework/Versions/A/CoreEmoji
0x0000000015df1000 	/System/Library/Frameworks/ServiceManagement.framework/Versions/A/ServiceManagement
0x0000000015df1000 	/usr/lib/libxslt.1.dylib
0x0000000015df1000 	/System/Library/Frameworks/Carbon.framework/Versions/A/Frameworks/Ink.framework/Versions/A/Ink
0x0000000015df1000 	/System/Library/PrivateFrameworks/TextureIO.framework/Versions/A/TextureIO
0x0000000015df1000 	/System/Library/Frameworks/Metal.framework/Versions/A/Metal
0x0000000015df1000 	/usr/lib/libate.dylib
0x0000000015df1000 	/System/Library/PrivateFrameworks/GPUCompiler.framework/libmetal_timestamp.dylib
0x0000000015df1000 	/System/Library/Frameworks/OpenGL.framework/Versions/A/Libraries/libCoreFSCache.dylib
0x0000000015df1000 	/System/Library/PrivateFrameworks/IOAccelerator.framework/Versions/A/IOAccelerator
0x0000000015df1000 	/System/Library/Frameworks/CoreVideo.framework/Versions/A/CoreVideo
0x0000000015df1000 	/usr/lib/libFosl_dynamic.dylib
0x0000000015df1000 	/System/Library/PrivateFrameworks/MetalPerformanceShaders.framework/Versions/A/MetalPerformanceShaders
0x0000000015df1000 	/System/Library/PrivateFrameworks/FaceCore.framework/Versions/A/FaceCore
0x0000000015df1000 	/System/Library/Frameworks/OpenCL.framework/Versions/A/OpenCL
0x0000000015df1000 	/System/Library/Frameworks/OpenGL.framework/Versions/A/Libraries/libGLU.dylib
0x0000000015df1000 	/System/Library/Frameworks/OpenGL.framework/Versions/A/Libraries/libGFXShared.dylib
0x0000000015df1000 	/System/Library/Frameworks/OpenGL.framework/Versions/A/Libraries/libGL.dylib
0x0000000015df1000 	/System/Library/Frameworks/OpenGL.framework/Versions/A/Libraries/libGLImage.dylib
0x0000000015df1000 	/System/Library/Frameworks/OpenGL.framework/Versions/A/Libraries/libCVMSPluginSupport.dylib
0x0000000015df1000 	/System/Library/Frameworks/OpenGL.framework/Versions/A/Libraries/libCoreVMClient.dylib
0x0000000015df1000 	/System/Library/PrivateFrameworks/CrashReporterSupport.framework/Versions/A/CrashReporterSupport
0x0000000015df1000 	/System/Library/PrivateFrameworks/Sharing.framework/Versions/A/Sharing
0x0000000015df1000 	/System/Library/PrivateFrameworks/IconServices.framework/Versions/A/IconServices
0x0000000015df1000 	/System/Library/PrivateFrameworks/ProtocolBuffer.framework/Versions/A/ProtocolBuffer
0x0000000015df1000 	/System/Library/PrivateFrameworks/Apple80211.framework/Versions/A/Apple80211
0x0000000015df1000 	/System/Library/Frameworks/CoreWLAN.framework/Versions/A/CoreWLAN
0x0000000015df1000 	/System/Library/PrivateFrameworks/CoreUtils.framework/Versions/A/CoreUtils
0x0000000015df1000 	/System/Library/Frameworks/IOBluetooth.framework/Versions/A/IOBluetooth
0x0000000015df1000 	/System/Library/PrivateFrameworks/CoreWiFi.framework/Versions/A/CoreWiFi
0x0000000015df1000 	/System/Library/Frameworks/CoreBluetooth.framework/Versions/A/CoreBluetooth
0x0000000015df1000 	/System/Library/Frameworks/CoreDisplay.framework/Versions/A/CoreDisplay
0x0000000015df1000 	/System/Library/PrivateFrameworks/IOPresentment.framework/Versions/A/IOPresentment
0x0000000015df1000 	/System/Library/PrivateFrameworks/DebugSymbols.framework/Versions/A/DebugSymbols
0x0000000015df1000 	/System/Library/PrivateFrameworks/CoreSymbolication.framework/Versions/A/CoreSymbolication
0x0000000015df1000 	/System/Library/PrivateFrameworks/Symbolication.framework/Versions/A/Symbolication
0x0000000015df1000 	/System/Library/PrivateFrameworks/AppleFSCompression.framework/Versions/A/AppleFSCompression
0x0000000015df1000 	/System/Library/PrivateFrameworks/SpeechRecognitionCore.framework/Versions/A/SpeechRecognitionCore
0x0000000015df1000 	/System/Library/PrivateFrameworks/ChunkingLibrary.framework/Versions/A/ChunkingLibrary
0x000000010c60c000 	/Library/Java/JavaVirtualMachines/jdk1.8.0_101.jdk/Contents/Home/jre/lib/server/libjvm.dylib
0x0000000015df1000 	/usr/lib/libstdc++.6.dylib
0x000000010d5a9000 	/Library/Java/JavaVirtualMachines/jdk1.8.0_101.jdk/Contents/Home/jre/lib/libverify.dylib
0x000000010d5b7000 	/Library/Java/JavaVirtualMachines/jdk1.8.0_101.jdk/Contents/Home/jre/lib/libjava.dylib
0x000000010d5f4000 	/Library/Java/JavaVirtualMachines/jdk1.8.0_101.jdk/Contents/Home/jre/lib/libzip.dylib
0x000000010ee7e000 	/System/Library/Frameworks/JavaVM.framework/Frameworks/JavaRuntimeSupport.framework/JavaRuntimeSupport
0x000000010ee98000 	/System/Library/Frameworks/JavaVM.framework/Versions/A/Frameworks/JavaNativeFoundation.framework/Versions/A/JavaNativeFoundation
0x000000010eead000 	/System/Library/Frameworks/JavaVM.framework/Versions/A/JavaVM
0x0000000015df1000 	/System/Library/Frameworks/Carbon.framework/Versions/A/Carbon
0x000000010eeba000 	/System/Library/PrivateFrameworks/JavaLaunching.framework/Versions/A/JavaLaunching
0x0000000015df1000 	/System/Library/Frameworks/Carbon.framework/Versions/A/Frameworks/CommonPanels.framework/Versions/A/CommonPanels
0x0000000015df1000 	/System/Library/Frameworks/Carbon.framework/Versions/A/Frameworks/Help.framework/Versions/A/Help
0x0000000015df1000 	/System/Library/Frameworks/Carbon.framework/Versions/A/Frameworks/ImageCapture.framework/Versions/A/ImageCapture
0x0000000015df1000 	/System/Library/Frameworks/Carbon.framework/Versions/A/Frameworks/OpenScripting.framework/Versions/A/OpenScripting
0x0000000015df1000 	/System/Library/Frameworks/Carbon.framework/Versions/A/Frameworks/Print.framework/Versions/A/Print
0x0000000015df1000 	/System/Library/Frameworks/Carbon.framework/Versions/A/Frameworks/SecurityHI.framework/Versions/A/SecurityHI
0x0000000125163000 	/Library/Java/JavaVirtualMachines/jdk1.8.0_101.jdk/Contents/Home/jre/lib/libnet.dylib
0x00000001251c2000 	/Library/Java/JavaVirtualMachines/jdk1.8.0_101.jdk/Contents/Home/jre/lib/libnio.dylib
0x00000001256ea000 	/Users/elchroy/.gradle/native/19/osx-amd64/libnative-platform.dylib
0x00000001256ef000 	/Users/elchroy/.gradle/native/19/osx-amd64/libnative-platform-curses.dylib
0x0000000015df1000 	/usr/lib/libncurses.5.4.dylib
0x00000001256f3000 	/private/var/folders/3j/p0_wzk9d1ns47ybk3ng5x3w80000gn/T/jna568603786319376046.tmp
0x0000000125708000 	/Library/Java/JavaVirtualMachines/jdk1.8.0_101.jdk/Contents/Home/jre/lib/libmanagement.dylib

VM Arguments:
jvm_args: -Dorg.gradle.appname=gradlew 
java_command: org.gradle.wrapper.GradleWrapperMain installDebug
java_class_path (initial): /Users/elchroy/Roy/Code/rubyment/roymobile/android/gradle/wrapper/gradle-wrapper.jar
Launcher Type: SUN_STANDARD

Environment Variables:
PATH=/usr/local/opt/nvm/versions/node/v6.3.0/lib/node_modules/npm/bin/node-gyp-bin:/Users/elchroy/Roy/Code/rubyment/roymobile/node_modules/.bin:/usr/local/opt/nvm/versions/node/v6.3.0/bin:/Users/elchroy/.rvm/gems/ruby-2.3.0/bin:/Users/elchroy/.rvm/gems/ruby-2.3.0@global/bin:/Users/elchroy/.rvm/rubies/ruby-2.3.0/bin:/usr/local/opt/nvm/versions/node/v6.3.0/bin:/usr/local/mysql/bin:/usr/local/share/python:/usr/local/bin:/usr/bin:/bin:/usr/sbin:/sbin:/Users/elchroy/golang/src/github.com/andela/bin:/usr/local/opt/go/libexec/bin:/Users/elchroy/.rvm/bin:/Users/elchroy/Library/Android/sdk/tools:/Users/elchroy/Library/Android/sdk/platform-tools
SHELL=/bin/zsh

Signal Handlers:
SIGSEGV: [libjvm.dylib+0x5af145], sa_mask[0]=11111111011111110111111111111111, sa_flags=SA_ONSTACK|SA_RESTART|SA_SIGINFO
SIGBUS: [libjvm.dylib+0x5af145], sa_mask[0]=11111111011111110111111111111111, sa_flags=SA_RESTART|SA_SIGINFO
SIGFPE: [libjvm.dylib+0x48694c], sa_mask[0]=11111111011111110111111111111111, sa_flags=SA_RESTART|SA_SIGINFO
SIGPIPE: [libjvm.dylib+0x48694c], sa_mask[0]=11111111011111110111111111111111, sa_flags=SA_RESTART|SA_SIGINFO
SIGXFSZ: [libjvm.dylib+0x48694c], sa_mask[0]=11111111011111110111111111111111, sa_flags=SA_RESTART|SA_SIGINFO
SIGILL: [libjvm.dylib+0x48694c], sa_mask[0]=11111111011111110111111111111111, sa_flags=SA_RESTART|SA_SIGINFO
SIGUSR1: SIG_DFL, sa_mask[0]=11111111011111110111111111111111, sa_flags=none
SIGUSR2: [libjvm.dylib+0x48646a], sa_mask[0]=00000000000000000000000000000000, sa_flags=SA_RESTART|SA_SIGINFO
SIGHUP: [libjvm.dylib+0x484a41], sa_mask[0]=11111111011111110111111111111111, sa_flags=SA_RESTART|SA_SIGINFO
SIGINT: [libjvm.dylib+0x484a41], sa_mask[0]=11111111011111110111111111111111, sa_flags=SA_RESTART|SA_SIGINFO
SIGTERM: [libjvm.dylib+0x484a41], sa_mask[0]=11111111011111110111111111111111, sa_flags=SA_RESTART|SA_SIGINFO
SIGQUIT: [libjvm.dylib+0x484a41], sa_mask[0]=11111111011111110111111111111111, sa_flags=SA_RESTART|SA_SIGINFO


---------------  S Y S T E M  ---------------

OS:Bsduname:Darwin 16.4.0 Darwin Kernel Version 16.4.0: Thu Dec 22 22:53:21 PST 2016; root:xnu-3789.41.3~3/RELEASE_X86_64 x86_64
rlimit: STACK 8192k, CORE 0k, NPROC 709, NOFILE 10240, AS infinity
load average:7.84 7.47 7.98

CPU:total 4 (2 cores per cpu, 2 threads per core) family 6 model 61 stepping 4, cmov, cx8, fxsr, mmx, sse, sse2, sse3, ssse3, sse4.1, sse4.2, popcnt, avx, avx2, aes, clmul, erms, 3dnowpref, lzcnt, ht, tsc, tscinvbit, bmi1, bmi2, adx

Memory: 4k page, physical 8388608k(105316k free)

/proc/meminfo:


vm_info: Java HotSpot(TM) 64-Bit Server VM (25.101-b13) for bsd-amd64 JRE (1.8.0_101-b13), built on Jun 22 2016 02:42:15 by "java_re" with gcc 4.2.1 (Based on Apple Inc. build 5658) (LLVM build 2336.11.00)

time: Mon Feb  6 17:15:43 2017
elapsed time: 13 seconds (0d 0h 0m 13s)

