#
# A fatal error has been detected by the Java Runtime Environment:
#
#  SIGSEGV (0xb) at pc=0x000000010a286498, pid=64843, tid=0x0000000000000307
#
# JRE version: Java(TM) SE Runtime Environment (8.0_101-b13) (build 1.8.0_101-b13)
# Java VM: Java HotSpot(TM) 64-Bit Server VM (25.101-b13 mixed mode bsd-amd64 compressed oops)
# Problematic frame:
# V  [libjvm.dylib+0x486498]  SR_handler(int, __siginfo*, __darwin_ucontext*)+0x2e
#
# Failed to write core dump. Core dumps have been disabled. To enable core dumping, try "ulimit -c unlimited" before starting Java again
#
# If you would like to submit a bug report, please visit:
#   http://bugreport.java.com/bugreport/crash.jsp
#

---------------  T H R E A D  ---------------

Current thread is native thread

siginfo: si_signo: 11 (SIGSEGV), si_code: 1 (SEGV_MAPERR), si_addr: 0x0000000000000128

Registers:
RAX=0x0000000000000000, RBX=0x00007fff5707a810, RCX=0x00007fffa9547408, RDX=0x00007fff5707a810
RSP=0x00007fff5707a340, RBP=0x00007fff5707a370, RSI=0x00007fff5707a7a8, RDI=0x0000000000000103
R8 =0x00007fff5707a810, R9 =0x00000000ffffffff, R10=0x0000000000000c00, R11=0x0000000000000206
R12=0x0000000000000c00, R13=0x0000000000000000, R14=0x00007fff5707a7a8, R15=0x0000000000000002
RIP=0x000000010a286498, EFLAGS=0x0000000000010202, ERR=0x0000000000000004
  TRAPNO=0x000000000000000e

Top of Stack: (sp=0x00007fff5707a340)
0x00007fff5707a340:   0000000000000000 00007fff5707a810
0x00007fff5707a350:   0000000000000c00 0000000000000000
0x00007fff5707a360:   00007fff5707aa40 0000000000000d03
0x00007fff5707a370:   00007fff5707a380 00007fffa0907bba
0x00007fff5707a380:   00007fff5707a910 0000000000015c00
0x00007fff5707a390:   00015d00a5f9b958 00007fffa93dd2d0
0x00007fff5707a3a0:   0100001f00000085 00007fff8b1a3680
0x00007fff5707a3b0:   0000000010004005 00000000ffffffff
0x00007fff5707a3c0:   00007fff5707a8c8 0000000000000000
0x00007fff5707a3d0:   00007fff5707aa40 0000000007000806
0x00007fff5707a3e0:   00007fff5707a910 00007fff5707a8c8
0x00007fff5707a3f0:   0000000000000d03 00000000ffffffff
0x00007fff5707a400:   0000000000000c00 0000000000000206
0x00007fff5707a410:   0000000000000c00 0000000000000000
0x00007fff5707a420:   00007fff5707aa40 0000000000000d03
0x00007fff5707a430:   00000001093be38a 0000000000000206
0x00007fff5707a440:   0000000000000007 0000000000000000
0x00007fff5707a450:   0000000000000000 0000000000000000
0x00007fff5707a460:   000000000000037f 0000000000000000
0x00007fff5707a470:   0000000000000000 0000ffff00001fa0
0x00007fff5707a480:   0000000000000000 000000000000ffff
0x00007fff5707a490:   0000000000000100 000000000000ffff
0x00007fff5707a4a0:   0000000000000000 0000000000000000
0x00007fff5707a4b0:   0000000000000000 0000000000000000
0x00007fff5707a4c0:   87bc000000000000 000000000000c00b
0x00007fff5707a4d0:   0000000000000000 0000000000000000
0x00007fff5707a4e0:   8000000000000000 0000000000004007
0x00007fff5707a4f0:   c060000000000000 000000000000400a
0x00007fff5707a500:   41be48d871973a04 0000000000000000
0x00007fff5707a510:   3fe2e74080f98fa3 0000000000000000
0x00007fff5707a520:   c3de3f7956b2490e 439c086a94db6f25
0x00007fff5707a530:   0000000000000000 0000000000000000 

Instructions: (pc=0x000000010a286498)
0x000000010a286478:   83 ec 08 48 89 d3 49 89 f6 e8 00 26 14 00 44 8b
0x000000010a286488:   38 48 8d 05 20 cd 3a 00 48 63 38 e8 ca 28 14 00
0x000000010a286498:   4c 8b a0 28 01 00 00 41 83 7c 24 34 01 0f 85 e2
0x000000010a2864a8:   00 00 00 49 89 5c 24 40 4d 89 74 24 38 49 8d 5c 

Register to memory mapping:

RAX=0x0000000000000000 is an unknown value
RBX=0x00007fff5707a810 is an unknown value
RCX=0x00007fffa9547408: _thread+0x48 in /usr/lib/system/libsystem_pthread.dylib at 0x00007fffa090e000
RDX=0x00007fff5707a810 is an unknown value
RSP=0x00007fff5707a340 is an unknown value
RBP=0x00007fff5707a370 is an unknown value
RSI=0x00007fff5707a7a8 is an unknown value
RDI=0x0000000000000103 is an unknown value
R8 =0x00007fff5707a810 is an unknown value
R9 =0x00000000ffffffff is an unknown value
R10=0x0000000000000c00 is an unknown value
R11=0x0000000000000206 is an unknown value
R12=0x0000000000000c00 is an unknown value
R13=0x0000000000000000 is an unknown value
R14=0x00007fff5707a7a8 is an unknown value
R15=0x0000000000000002 is an unknown value


Stack: [0x00007fff5687f000,0x00007fff5707f000],  sp=0x00007fff5707a340,  free space=8172k
Native frames: (J=compiled Java code, j=interpreted, Vv=VM code, C=native code)
V  [libjvm.dylib+0x486498]  SR_handler(int, __siginfo*, __darwin_ucontext*)+0x2e
C  [libsystem_platform.dylib+0x2bba]  _sigtramp+0x1a
C  0x0000000000015c00
C  [CoreFoundation+0x88c94]  __CFRunLoopServiceMachPort+0xd4
C  [CoreFoundation+0x88121]  __CFRunLoopRun+0x551
C  [CoreFoundation+0x87974]  CFRunLoopRunSpecific+0x1a4
C  [java+0x6465]  CreateExecutionEnvironment+0x367
C  [java+0x218c]  JLI_Launch+0x7a0
C  [java+0x84c2]  main+0x65
C  [java+0x19e4]  start+0x34


---------------  P R O C E S S  ---------------

VM state:not at safepoint (normal execution)

VM Mutex/Monitor currently owned by a thread: None

Heap:
 PSYoungGen      total 149504K, used 108399K [0x0000000795580000, 0x00000007a1580000, 0x00000007c0000000)
  eden space 133632K, 70% used [0x0000000795580000,0x000000079b213d38,0x000000079d800000)
  from space 15872K, 85% used [0x000000079d800000,0x000000079e548010,0x000000079e780000)
  to   space 17408K, 0% used [0x00000007a0480000,0x00000007a0480000,0x00000007a1580000)
 ParOldGen       total 114688K, used 24631K [0x0000000740000000, 0x0000000747000000, 0x0000000795580000)
  object space 114688K, 21% used [0x0000000740000000,0x000000074180dca8,0x0000000747000000)
 Metaspace       used 39484K, capacity 40744K, committed 40920K, reserved 1083392K
  class space    used 5549K, capacity 6077K, committed 6144K, reserved 1048576K

Card table byte_map: [0x000000010b15d000,0x000000010b55e000] byte_map_base: 0x000000010775d000

Marking Bits: (ParMarkBitMap*) 0x000000010a6edd20
 Begin Bits: [0x000000010b809000, 0x000000010d809000)
 End Bits:   [0x000000010d809000, 0x000000010f809000)

Polling page: 0x0000000108ba7000

CodeCache: size=245760Kb used=12991Kb max_used=13062Kb free=232768Kb
 bounds [0x0000000110326000, 0x0000000111006000, 0x000000011f326000]
 total_blobs=4658 nmethods=3999 adapters=571
 compilation: enabled

Compilation events (10 events):
Event: 10.749 Thread 0x00007f9b64857000 4256       3       com.google.common.collect.MapMakerInternalMap$Segment::drainRecencyQueue (79 bytes)
Event: 10.749 Thread 0x00007f9b64857000 nmethod 4256 0x0000000110fe5ad0 code [0x0000000110fe5cc0, 0x0000000110fe6688]
Event: 10.750 Thread 0x00007f9b64857000 4254   !   3       org.gradle.internal.classloader.FilteringClassLoader::loadClass (62 bytes)
Event: 10.772 Thread 0x00007f9b64857000 nmethod 4254 0x0000000110fe98d0 code [0x0000000110fe9b00, 0x0000000110fea6b8]
Event: 10.782 Thread 0x00007f9b64857000 4255       3       com.google.common.collect.MapMakerInternalMap$Strength$3::referenceValue (14 bytes)
Event: 10.783 Thread 0x00007f9b64857000 nmethod 4255 0x00000001104ae410 code [0x00000001104ae5a0, 0x00000001104ae990]
Event: 10.784 Thread 0x00007f9b64857000 4257       3       com.google.common.collect.MapMakerInternalMap::putIfAbsent (29 bytes)
Event: 10.785 Thread 0x00007f9b64857000 nmethod 4257 0x00000001104d88d0 code [0x00000001104d8ac0, 0x00000001104d92d8]
Event: 10.789 Thread 0x00007f9b64857000 4258   !   3       com.google.common.collect.MapMakerInternalMap$Segment::put (386 bytes)
Event: 10.793 Thread 0x00007f9b64857000 nmethod 4258 0x0000000110ff0450 code [0x0000000110ff09e0, 0x0000000110ff4968]

GC Heap History (10 events):
Event: 4.799 GC heap before
{Heap before GC invocations=7 (full 1):
 PSYoungGen      total 71680K, used 66560K [0x0000000795580000, 0x000000079e980000, 0x00000007c0000000)
  eden space 66560K, 100% used [0x0000000795580000,0x0000000799680000,0x0000000799680000)
  from space 5120K, 0% used [0x0000000799680000,0x0000000799680000,0x0000000799b80000)
  to   space 9216K, 0% used [0x000000079e080000,0x000000079e080000,0x000000079e980000)
 ParOldGen       total 64512K, used 8569K [0x0000000740000000, 0x0000000743f00000, 0x0000000795580000)
  object space 64512K, 13% used [0x0000000740000000,0x000000074085e518,0x0000000743f00000)
 Metaspace       used 25363K, capacity 26048K, committed 26240K, reserved 1071104K
  class space    used 3434K, capacity 3673K, committed 3712K, reserved 1048576K
Event: 4.815 GC heap after
Heap after GC invocations=7 (full 1):
 PSYoungGen      total 101888K, used 6182K [0x0000000795580000, 0x000000079e700000, 0x00000007c0000000)
  eden space 95232K, 0% used [0x0000000795580000,0x0000000795580000,0x000000079b280000)
  from space 6656K, 92% used [0x000000079e080000,0x000000079e689a70,0x000000079e700000)
  to   space 9216K, 0% used [0x000000079d500000,0x000000079d500000,0x000000079de00000)
 ParOldGen       total 64512K, used 8641K [0x0000000740000000, 0x0000000743f00000, 0x0000000795580000)
  object space 64512K, 13% used [0x0000000740000000,0x0000000740870528,0x0000000743f00000)
 Metaspace       used 25363K, capacity 26048K, committed 26240K, reserved 1071104K
  class space    used 3434K, capacity 3673K, committed 3712K, reserved 1048576K
}
Event: 6.466 GC heap before
{Heap before GC invocations=8 (full 1):
 PSYoungGen      total 101888K, used 101414K [0x0000000795580000, 0x000000079e700000, 0x00000007c0000000)
  eden space 95232K, 100% used [0x0000000795580000,0x000000079b280000,0x000000079b280000)
  from space 6656K, 92% used [0x000000079e080000,0x000000079e689a70,0x000000079e700000)
  to   space 9216K, 0% used [0x000000079d500000,0x000000079d500000,0x000000079de00000)
 ParOldGen       total 64512K, used 8641K [0x0000000740000000, 0x0000000743f00000, 0x0000000795580000)
  object space 64512K, 13% used [0x0000000740000000,0x0000000740870528,0x0000000743f00000)
 Metaspace       used 31957K, capacity 32904K, committed 33024K, reserved 1077248K
  class space    used 4438K, capacity 4823K, committed 4864K, reserved 1048576K
Event: 6.495 GC heap after
Heap after GC invocations=8 (full 1):
 PSYoungGen      total 139776K, used 9204K [0x0000000795580000, 0x000000079f480000, 0x00000007c0000000)
  eden space 130560K, 0% used [0x0000000795580000,0x0000000795580000,0x000000079d500000)
  from space 9216K, 99% used [0x000000079d500000,0x000000079ddfd010,0x000000079de00000)
  to   space 13312K, 0% used [0x000000079e780000,0x000000079e780000,0x000000079f480000)
 ParOldGen       total 64512K, used 15362K [0x0000000740000000, 0x0000000743f00000, 0x0000000795580000)
  object space 64512K, 23% used [0x0000000740000000,0x0000000740f00bd8,0x0000000743f00000)
 Metaspace       used 31957K, capacity 32904K, committed 33024K, reserved 1077248K
  class space    used 4438K, capacity 4823K, committed 4864K, reserved 1048576K
}
Event: 7.319 GC heap before
{Heap before GC invocations=9 (full 1):
 PSYoungGen      total 139776K, used 64010K [0x0000000795580000, 0x000000079f480000, 0x00000007c0000000)
  eden space 130560K, 41% used [0x0000000795580000,0x0000000798b059c8,0x000000079d500000)
  from space 9216K, 99% used [0x000000079d500000,0x000000079ddfd010,0x000000079de00000)
  to   space 13312K, 0% used [0x000000079e780000,0x000000079e780000,0x000000079f480000)
 ParOldGen       total 64512K, used 15362K [0x0000000740000000, 0x0000000743f00000, 0x0000000795580000)
  object space 64512K, 23% used [0x0000000740000000,0x0000000740f00bd8,0x0000000743f00000)
 Metaspace       used 34340K, capacity 35304K, committed 35416K, reserved 1079296K
  class space    used 4784K, capacity 5198K, committed 5248K, reserved 1048576K
Event: 7.344 GC heap after
Heap after GC invocations=9 (full 1):
 PSYoungGen      total 146944K, used 13296K [0x0000000795580000, 0x00000007a2f80000, 0x00000007c0000000)
  eden space 133632K, 0% used [0x0000000795580000,0x0000000795580000,0x000000079d800000)
  from space 13312K, 99% used [0x000000079e780000,0x000000079f47c010,0x000000079f480000)
  to   space 15872K, 0% used [0x000000079d800000,0x000000079d800000,0x000000079e780000)
 ParOldGen       total 64512K, used 17516K [0x0000000740000000, 0x0000000743f00000, 0x0000000795580000)
  object space 64512K, 27% used [0x0000000740000000,0x000000074111b130,0x0000000743f00000)
 Metaspace       used 34340K, capacity 35304K, committed 35416K, reserved 1079296K
  class space    used 4784K, capacity 5198K, committed 5248K, reserved 1048576K
}
Event: 7.344 GC heap before
{Heap before GC invocations=10 (full 2):
 PSYoungGen      total 146944K, used 13296K [0x0000000795580000, 0x00000007a2f80000, 0x00000007c0000000)
  eden space 133632K, 0% used [0x0000000795580000,0x0000000795580000,0x000000079d800000)
  from space 13312K, 99% used [0x000000079e780000,0x000000079f47c010,0x000000079f480000)
  to   space 15872K, 0% used [0x000000079d800000,0x000000079d800000,0x000000079e780000)
 ParOldGen       total 64512K, used 17516K [0x0000000740000000, 0x0000000743f00000, 0x0000000795580000)
  object space 64512K, 27% used [0x0000000740000000,0x000000074111b130,0x0000000743f00000)
 Metaspace       used 34340K, capacity 35304K, committed 35416K, reserved 1079296K
  class space    used 4784K, capacity 5198K, committed 5248K, reserved 1048576K
Event: 7.516 GC heap after
Heap after GC invocations=10 (full 2):
 PSYoungGen      total 146944K, used 0K [0x0000000795580000, 0x00000007a2f80000, 0x00000007c0000000)
  eden space 133632K, 0% used [0x0000000795580000,0x0000000795580000,0x000000079d800000)
  from space 13312K, 0% used [0x000000079e780000,0x000000079e780000,0x000000079f480000)
  to   space 15872K, 0% used [0x000000079d800000,0x000000079d800000,0x000000079e780000)
 ParOldGen       total 114688K, used 24623K [0x0000000740000000, 0x0000000747000000, 0x0000000795580000)
  object space 114688K, 21% used [0x0000000740000000,0x000000074180bca8,0x0000000747000000)
 Metaspace       used 34340K, capacity 35304K, committed 35416K, reserved 1079296K
  class space    used 4784K, capacity 5198K, committed 5248K, reserved 1048576K
}
Event: 9.610 GC heap before
{Heap before GC invocations=11 (full 2):
 PSYoungGen      total 146944K, used 133632K [0x0000000795580000, 0x00000007a2f80000, 0x00000007c0000000)
  eden space 133632K, 100% used [0x0000000795580000,0x000000079d800000,0x000000079d800000)
  from space 13312K, 0% used [0x000000079e780000,0x000000079e780000,0x000000079f480000)
  to   space 15872K, 0% used [0x000000079d800000,0x000000079d800000,0x000000079e780000)
 ParOldGen       total 114688K, used 24623K [0x0000000740000000, 0x0000000747000000, 0x0000000795580000)
  object space 114688K, 21% used [0x0000000740000000,0x000000074180bca8,0x0000000747000000)
 Metaspace       used 36735K, capacity 37776K, committed 38104K, reserved 1081344K
  class space    used 5110K, capacity 5542K, committed 5632K, reserved 1048576K
Event: 9.631 GC heap after
Heap after GC invocations=11 (full 2):
 PSYoungGen      total 149504K, used 13600K [0x0000000795580000, 0x00000007a1580000, 0x00000007c0000000)
  eden space 133632K, 0% used [0x0000000795580000,0x0000000795580000,0x000000079d800000)
  from space 15872K, 85% used [0x000000079d800000,0x000000079e548010,0x000000079e780000)
  to   space 17408K, 0% used [0x00000007a0480000,0x00000007a0480000,0x00000007a1580000)
 ParOldGen       total 114688K, used 24631K [0x0000000740000000, 0x0000000747000000, 0x0000000795580000)
  object space 114688K, 21% used [0x0000000740000000,0x000000074180dca8,0x0000000747000000)
 Metaspace       used 36735K, capacity 37776K, committed 38104K, reserved 1081344K
  class space    used 5110K, capacity 5542K, committed 5632K, reserved 1048576K
}

Deoptimization events (10 events):
Event: 10.291 Thread 0x00007f9b64806800 Uncommon trap: reason=array_check action=maybe_recompile pc=0x0000000110452748 method=java.util.AbstractCollection.toArray([Ljava/lang/Object;)[Ljava/lang/Object; @ 119
Event: 10.299 Thread 0x00007f9b64806800 Uncommon trap: reason=array_check action=maybe_recompile pc=0x0000000110452748 method=java.util.AbstractCollection.toArray([Ljava/lang/Object;)[Ljava/lang/Object; @ 119
Event: 10.306 Thread 0x00007f9b64806800 Uncommon trap: reason=unstable_if action=reinterpret pc=0x0000000110948d58 method=sun.misc.MetaIndex.mayContain(Ljava/lang/String;)Z @ 38
Event: 10.335 Thread 0x00007f9b64806800 Uncommon trap: reason=unstable_if action=reinterpret pc=0x0000000110b1b544 method=java.lang.Class.arrayContentsEq([Ljava/lang/Object;[Ljava/lang/Object;)Z @ 1
Event: 10.608 Thread 0x00007f9b64806800 Uncommon trap: reason=unstable_if action=reinterpret pc=0x0000000110f33bcc method=org.gradle.api.internal.file.pattern.PatternMatcherFactory$PathMatcherBackedSpec.isSatisfiedBy(Lorg/gradle/api/file/RelativePath;)Z @ 11
Event: 10.608 Thread 0x00007f9b64806800 Uncommon trap: reason=unstable_if action=reinterpret pc=0x0000000110f1cdd8 method=org.gradle.api.internal.file.pattern.PatternMatcherFactory$PathMatcherBackedSpec.isSatisfiedBy(Lorg/gradle/api/file/RelativePath;)Z @ 11
Event: 10.608 Thread 0x00007f9b64806800 Uncommon trap: reason=unstable_if action=reinterpret pc=0x0000000110f1ee18 method=org.gradle.api.internal.file.pattern.FixedStepsPathMatcher.matches([Ljava/lang/String;I)Z @ 70
Event: 10.624 Thread 0x00007f9b64806800 Uncommon trap: reason=unstable_if action=reinterpret pc=0x0000000110f1fb44 method=org.gradle.api.internal.file.pattern.PatternMatcherFactory$PathMatcherBackedSpec.isSatisfiedBy(Lorg/gradle/api/file/RelativePath;)Z @ 11
Event: 10.624 Thread 0x00007f9b64806800 Uncommon trap: reason=unstable_if action=reinterpret pc=0x0000000110ee7ee0 method=org.gradle.api.internal.file.pattern.FixedStepsPathMatcher.matches([Ljava/lang/String;I)Z @ 70
Event: 10.624 Thread 0x00007f9b64806800 Uncommon trap: reason=unstable_if action=reinterpret pc=0x0000000110ee76a8 method=org.gradle.api.internal.file.pattern.FixedStepsPathMatcher.matches([Ljava/lang/String;I)Z @ 70

Internal exceptions (10 events):
Event: 10.495 Thread 0x00007f9b64806800 Exception <a 'java/lang/ClassNotFoundException': com/android/build/gradle/tasks/ManifestProcessorTask$1BeanInfo> (0x00000007994adfb8) thrown at [/HUDSON3/workspace/8-2-build-macosx-x86_64/jdk8u101/7261/hotspot/src/share/vm/classfile/systemDictionary.cpp, 
Event: 10.495 Thread 0x00007f9b64806800 Exception <a 'java/lang/ClassNotFoundException': com/android/build/gradle/tasks/ManifestProcessorTask$1Customizer> (0x00000007994bf840) thrown at [/HUDSON3/workspace/8-2-build-macosx-x86_64/jdk8u101/7261/hotspot/src/share/vm/classfile/systemDictionary.cpp
Event: 10.499 Thread 0x00007f9b64806800 Exception <a 'java/lang/ClassNotFoundException': com/google/common/collect/IterablesBeanInfo> (0x00000007994fbc00) thrown at [/HUDSON3/workspace/8-2-build-macosx-x86_64/jdk8u101/7261/hotspot/src/share/vm/classfile/systemDictionary.cpp, line 210]
Event: 10.499 Thread 0x00007f9b64806800 Exception <a 'java/lang/ClassNotFoundException': com/google/common/collect/IterablesCustomizer> (0x000000079950aee8) thrown at [/HUDSON3/workspace/8-2-build-macosx-x86_64/jdk8u101/7261/hotspot/src/share/vm/classfile/systemDictionary.cpp, line 210]
Event: 10.719 Thread 0x00007f9b64806800 Exception <a 'java/lang/ClassNotFoundException': java/lang/BooleanBeanInfo> (0x000000079aa43e28) thrown at [/HUDSON3/workspace/8-2-build-macosx-x86_64/jdk8u101/7261/hotspot/src/share/vm/classfile/systemDictionary.cpp, line 210]
Event: 10.719 Thread 0x00007f9b64806800 Exception <a 'java/lang/ClassNotFoundException': java/lang/BooleanCustomizer> (0x000000079aa49f28) thrown at [/HUDSON3/workspace/8-2-build-macosx-x86_64/jdk8u101/7261/hotspot/src/share/vm/classfile/systemDictionary.cpp, line 210]
Event: 10.722 Thread 0x00007f9b64806800 Exception <a 'java/lang/ClassNotFoundException': com/android/builder/testing/ConnectedDeviceProviderBeanInfo> (0x000000079aa81480) thrown at [/HUDSON3/workspace/8-2-build-macosx-x86_64/jdk8u101/7261/hotspot/src/share/vm/classfile/systemDictionary.cpp, lin
Event: 10.722 Thread 0x00007f9b64806800 Exception <a 'java/lang/ClassNotFoundException': com/android/builder/testing/api/DeviceProviderBeanInfo> (0x000000079aa8e018) thrown at [/HUDSON3/workspace/8-2-build-macosx-x86_64/jdk8u101/7261/hotspot/src/share/vm/classfile/systemDictionary.cpp, line 210
Event: 10.723 Thread 0x00007f9b64806800 Exception <a 'java/lang/ClassNotFoundException': com/android/builder/testing/api/DeviceProviderCustomizer> (0x000000079aa9aca8) thrown at [/HUDSON3/workspace/8-2-build-macosx-x86_64/jdk8u101/7261/hotspot/src/share/vm/classfile/systemDictionary.cpp, line 2
Event: 10.724 Thread 0x00007f9b64806800 Exception <a 'java/lang/ClassNotFoundException': com/android/builder/testing/ConnectedDeviceProviderCustomizer> (0x000000079aac1368) thrown at [/HUDSON3/workspace/8-2-build-macosx-x86_64/jdk8u101/7261/hotspot/src/share/vm/classfile/systemDictionary.cpp, l

Events (10 events):
Event: 10.793 Thread 0x00007f9b64857000 flushing nmethod 0x000000011068e1d0
Event: 10.794 Thread 0x00007f9b64857000 flushing nmethod 0x00000001106cc2d0
Event: 10.794 loading class com/android/ddmlib/HandleViewDebug$NullChunkHandler
Event: 10.794 loading class com/android/ddmlib/HandleViewDebug$NullChunkHandler done
Event: 10.798 loading class java/util/concurrent/CountDownLatch
Event: 10.798 loading class java/util/concurrent/CountDownLatch done
Event: 10.798 loading class java/util/concurrent/CountDownLatch$Sync
Event: 10.799 loading class java/util/concurrent/CountDownLatch$Sync done
Event: 10.811 Thread 0x00007f9b65d9f000 Thread added: 0x00007f9b65d9f000
Event: 10.812 Thread 0x00007f9b65983000 Thread added: 0x00007f9b65983000


Dynamic libraries:
0x0000000015df1000 	/System/Library/Frameworks/Cocoa.framework/Versions/A/Cocoa
0x0000000015df1000 	/System/Library/Frameworks/Security.framework/Versions/A/Security
0x0000000015df1000 	/System/Library/Frameworks/ApplicationServices.framework/Versions/A/ApplicationServices
0x0000000015df1000 	/usr/lib/libz.1.dylib
0x0000000108b9f000 	/usr/lib/libSystem.B.dylib
0x0000000015df1000 	/usr/lib/libobjc.A.dylib
0x0000000015df1000 	/System/Library/Frameworks/CoreFoundation.framework/Versions/A/CoreFoundation
0x0000000015df1000 	/System/Library/Frameworks/Foundation.framework/Versions/C/Foundation
0x0000000015df1000 	/System/Library/Frameworks/AppKit.framework/Versions/C/AppKit
0x0000000015df1000 	/System/Library/Frameworks/CoreData.framework/Versions/A/CoreData
0x0000000015df1000 	/System/Library/PrivateFrameworks/RemoteViewServices.framework/Versions/A/RemoteViewServices
0x0000000015df1000 	/System/Library/PrivateFrameworks/UIFoundation.framework/Versions/A/UIFoundation
0x0000000015df1000 	/System/Library/PrivateFrameworks/DFRFoundation.framework/Versions/A/DFRFoundation
0x0000000015df1000 	/usr/lib/libenergytrace.dylib
0x0000000015df1000 	/System/Library/PrivateFrameworks/SkyLight.framework/Versions/A/SkyLight
0x0000000015df1000 	/System/Library/Frameworks/CoreGraphics.framework/Versions/A/CoreGraphics
0x0000000015df1000 	/usr/lib/libScreenReader.dylib
0x0000000015df1000 	/System/Library/Frameworks/Accelerate.framework/Versions/A/Accelerate
0x0000000015df1000 	/System/Library/Frameworks/IOSurface.framework/Versions/A/IOSurface
0x0000000015df1000 	/System/Library/Frameworks/AudioToolbox.framework/Versions/A/AudioToolbox
0x0000000015df1000 	/System/Library/Frameworks/AudioUnit.framework/Versions/A/AudioUnit
0x0000000015df1000 	/System/Library/PrivateFrameworks/DataDetectorsCore.framework/Versions/A/DataDetectorsCore
0x0000000015df1000 	/System/Library/PrivateFrameworks/DesktopServicesPriv.framework/Versions/A/DesktopServicesPriv
0x0000000015df1000 	/System/Library/Frameworks/Carbon.framework/Versions/A/Frameworks/HIToolbox.framework/Versions/A/HIToolbox
0x0000000015df1000 	/usr/lib/libicucore.A.dylib
0x0000000015df1000 	/System/Library/Frameworks/QuartzCore.framework/Versions/A/QuartzCore
0x0000000015df1000 	/System/Library/Frameworks/Carbon.framework/Versions/A/Frameworks/SpeechRecognition.framework/Versions/A/SpeechRecognition
0x0000000015df1000 	/usr/lib/libauto.dylib
0x0000000015df1000 	/usr/lib/libxml2.2.dylib
0x0000000015df1000 	/System/Library/PrivateFrameworks/CoreUI.framework/Versions/A/CoreUI
0x0000000015df1000 	/System/Library/Frameworks/CoreAudio.framework/Versions/A/CoreAudio
0x0000000015df1000 	/System/Library/Frameworks/DiskArbitration.framework/Versions/A/DiskArbitration
0x0000000015df1000 	/usr/lib/liblangid.dylib
0x0000000015df1000 	/System/Library/PrivateFrameworks/MultitouchSupport.framework/Versions/A/MultitouchSupport
0x0000000108ba8000 	/System/Library/Frameworks/IOKit.framework/Versions/A/IOKit
0x0000000015df1000 	/usr/lib/libDiagnosticMessagesClient.dylib
0x0000000015df1000 	/System/Library/Frameworks/CoreServices.framework/Versions/A/CoreServices
0x0000000015df1000 	/System/Library/PrivateFrameworks/PerformanceAnalysis.framework/Versions/A/PerformanceAnalysis
0x0000000015df1000 	/System/Library/PrivateFrameworks/GenerationalStorage.framework/Versions/A/GenerationalStorage
0x0000000015df1000 	/System/Library/Frameworks/OpenGL.framework/Versions/A/OpenGL
0x0000000015df1000 	/System/Library/Frameworks/CoreImage.framework/Versions/A/CoreImage
0x0000000015df1000 	/System/Library/Frameworks/CoreText.framework/Versions/A/CoreText
0x0000000015df1000 	/System/Library/Frameworks/ImageIO.framework/Versions/A/ImageIO
0x0000000015df1000 	/System/Library/PrivateFrameworks/Backup.framework/Versions/A/Backup
0x0000000015df1000 	/usr/lib/libarchive.2.dylib
0x0000000108c86000 	/System/Library/Frameworks/CFNetwork.framework/Versions/A/CFNetwork
0x0000000015df1000 	/System/Library/Frameworks/SystemConfiguration.framework/Versions/A/SystemConfiguration
0x0000000015df1000 	/usr/lib/libCRFSuite.dylib
0x0000000015df1000 	/usr/lib/libc++.1.dylib
0x0000000015df1000 	/usr/lib/libc++abi.dylib
0x0000000015df1000 	/usr/lib/system/libcache.dylib
0x0000000015df1000 	/usr/lib/system/libcommonCrypto.dylib
0x0000000015df1000 	/usr/lib/system/libcompiler_rt.dylib
0x0000000015df1000 	/usr/lib/system/libcopyfile.dylib
0x0000000015df1000 	/usr/lib/system/libcorecrypto.dylib
0x0000000015df1000 	/usr/lib/system/libdispatch.dylib
0x0000000109373000 	/usr/lib/system/libdyld.dylib
0x0000000015df1000 	/usr/lib/system/libkeymgr.dylib
0x0000000015df1000 	/usr/lib/system/liblaunch.dylib
0x0000000015df1000 	/usr/lib/system/libmacho.dylib
0x0000000015df1000 	/usr/lib/system/libquarantine.dylib
0x0000000015df1000 	/usr/lib/system/libremovefile.dylib
0x0000000015df1000 	/usr/lib/system/libsystem_asl.dylib
0x0000000015df1000 	/usr/lib/system/libsystem_blocks.dylib
0x0000000015df1000 	/usr/lib/system/libsystem_c.dylib
0x0000000015df1000 	/usr/lib/system/libsystem_configuration.dylib
0x0000000015df1000 	/usr/lib/system/libsystem_coreservices.dylib
0x0000000109382000 	/usr/lib/system/libsystem_coretls.dylib
0x0000000015df1000 	/usr/lib/system/libsystem_dnssd.dylib
0x0000000015df1000 	/usr/lib/system/libsystem_info.dylib
0x00000001093ac000 	/usr/lib/system/libsystem_kernel.dylib
0x0000000015df1000 	/usr/lib/system/libsystem_m.dylib
0x0000000015df1000 	/usr/lib/system/libsystem_malloc.dylib
0x0000000015df1000 	/usr/lib/system/libsystem_network.dylib
0x00000001093ea000 	/usr/lib/system/libsystem_networkextension.dylib
0x0000000015df1000 	/usr/lib/system/libsystem_notify.dylib
0x0000000015df1000 	/usr/lib/system/libsystem_platform.dylib
0x0000000015df1000 	/usr/lib/system/libsystem_pthread.dylib
0x0000000109404000 	/usr/lib/system/libsystem_sandbox.dylib
0x0000000015df1000 	/usr/lib/system/libsystem_secinit.dylib
0x0000000109415000 	/usr/lib/system/libsystem_symptoms.dylib
0x000000010942a000 	/usr/lib/system/libsystem_trace.dylib
0x0000000015df1000 	/usr/lib/system/libunwind.dylib
0x0000000015df1000 	/usr/lib/system/libxpc.dylib
0x0000000015df1000 	/usr/lib/libbsm.0.dylib
0x000000010945f000 	/usr/lib/system/libkxld.dylib
0x0000000015df1000 	/usr/lib/libcoretls.dylib
0x0000000015df1000 	/usr/lib/libcoretls_cfhelpers.dylib
0x0000000015df1000 	/usr/lib/libxar.1.dylib
0x0000000015df1000 	/usr/lib/libsqlite3.dylib
0x0000000015df1000 	/usr/lib/libpam.2.dylib
0x0000000015df1000 	/usr/lib/libOpenScriptingUtil.dylib
0x0000000015df1000 	/usr/lib/libbz2.1.0.dylib
0x0000000015df1000 	/usr/lib/liblzma.5.dylib
0x0000000015df1000 	/usr/lib/libnetwork.dylib
0x0000000015df1000 	/usr/lib/libpcap.A.dylib
0x0000000015df1000 	/System/Library/Frameworks/CoreServices.framework/Versions/A/Frameworks/FSEvents.framework/Versions/A/FSEvents
0x0000000015df1000 	/System/Library/Frameworks/CoreServices.framework/Versions/A/Frameworks/CarbonCore.framework/Versions/A/CarbonCore
0x0000000015df1000 	/System/Library/Frameworks/CoreServices.framework/Versions/A/Frameworks/Metadata.framework/Versions/A/Metadata
0x0000000015df1000 	/System/Library/Frameworks/CoreServices.framework/Versions/A/Frameworks/OSServices.framework/Versions/A/OSServices
0x0000000015df1000 	/System/Library/Frameworks/CoreServices.framework/Versions/A/Frameworks/SearchKit.framework/Versions/A/SearchKit
0x0000000015df1000 	/System/Library/Frameworks/CoreServices.framework/Versions/A/Frameworks/AE.framework/Versions/A/AE
0x0000000015df1000 	/System/Library/Frameworks/CoreServices.framework/Versions/A/Frameworks/LaunchServices.framework/Versions/A/LaunchServices
0x0000000015df1000 	/System/Library/Frameworks/CoreServices.framework/Versions/A/Frameworks/DictionaryServices.framework/Versions/A/DictionaryServices
0x0000000015df1000 	/System/Library/Frameworks/CoreServices.framework/Versions/A/Frameworks/SharedFileList.framework/Versions/A/SharedFileList
0x0000000015df1000 	/System/Library/Frameworks/NetFS.framework/Versions/A/NetFS
0x0000000015df1000 	/System/Library/PrivateFrameworks/NetAuth.framework/Versions/A/NetAuth
0x0000000015df1000 	/System/Library/PrivateFrameworks/login.framework/Versions/A/Frameworks/loginsupport.framework/Versions/A/loginsupport
0x0000000015df1000 	/System/Library/PrivateFrameworks/TCC.framework/Versions/A/TCC
0x0000000015df1000 	/usr/lib/libmecabra.dylib
0x0000000015df1000 	/System/Library/Frameworks/ApplicationServices.framework/Versions/A/Frameworks/ATS.framework/Versions/A/ATS
0x0000000015df1000 	/System/Library/Frameworks/ApplicationServices.framework/Versions/A/Frameworks/ColorSync.framework/Versions/A/ColorSync
0x0000000015df1000 	/System/Library/Frameworks/ApplicationServices.framework/Versions/A/Frameworks/HIServices.framework/Versions/A/HIServices
0x0000000015df1000 	/System/Library/Frameworks/ApplicationServices.framework/Versions/A/Frameworks/LangAnalysis.framework/Versions/A/LangAnalysis
0x0000000015df1000 	/System/Library/Frameworks/ApplicationServices.framework/Versions/A/Frameworks/PrintCore.framework/Versions/A/PrintCore
0x0000000015df1000 	/System/Library/Frameworks/ApplicationServices.framework/Versions/A/Frameworks/QD.framework/Versions/A/QD
0x0000000015df1000 	/System/Library/Frameworks/ApplicationServices.framework/Versions/A/Frameworks/SpeechSynthesis.framework/Versions/A/SpeechSynthesis
0x0000000015df1000 	/System/Library/Frameworks/Accelerate.framework/Versions/A/Frameworks/vImage.framework/Versions/A/vImage
0x0000000015df1000 	/System/Library/Frameworks/Accelerate.framework/Versions/A/Frameworks/vecLib.framework/Versions/A/vecLib
0x0000000015df1000 	/System/Library/Frameworks/Accelerate.framework/Versions/A/Frameworks/vecLib.framework/Versions/A/libvDSP.dylib
0x0000000015df1000 	/System/Library/Frameworks/Accelerate.framework/Versions/A/Frameworks/vecLib.framework/Versions/A/libBNNS.dylib
0x0000000015df1000 	/System/Library/Frameworks/Accelerate.framework/Versions/A/Frameworks/vecLib.framework/Versions/A/libQuadrature.dylib
0x0000000015df1000 	/System/Library/Frameworks/Accelerate.framework/Versions/A/Frameworks/vecLib.framework/Versions/A/libvMisc.dylib
0x0000000015df1000 	/System/Library/Frameworks/Accelerate.framework/Versions/A/Frameworks/vecLib.framework/Versions/A/libLAPACK.dylib
0x0000000015df1000 	/System/Library/Frameworks/Accelerate.framework/Versions/A/Frameworks/vecLib.framework/Versions/A/libBLAS.dylib
0x0000000015df1000 	/System/Library/Frameworks/Accelerate.framework/Versions/A/Frameworks/vecLib.framework/Versions/A/libLinearAlgebra.dylib
0x0000000015df1000 	/System/Library/Frameworks/Accelerate.framework/Versions/A/Frameworks/vecLib.framework/Versions/A/libSparseBLAS.dylib
0x0000000015df1000 	/System/Library/Frameworks/ApplicationServices.framework/Versions/A/Frameworks/ATS.framework/Versions/A/Resources/libFontParser.dylib
0x0000000015df1000 	/System/Library/Frameworks/ApplicationServices.framework/Versions/A/Frameworks/ATS.framework/Versions/A/Resources/libFontRegistry.dylib
0x0000000015df1000 	/System/Library/Frameworks/ImageIO.framework/Versions/A/Resources/libJPEG.dylib
0x0000000015df1000 	/System/Library/Frameworks/ImageIO.framework/Versions/A/Resources/libTIFF.dylib
0x0000000015df1000 	/System/Library/Frameworks/ImageIO.framework/Versions/A/Resources/libPng.dylib
0x0000000015df1000 	/System/Library/Frameworks/ImageIO.framework/Versions/A/Resources/libGIF.dylib
0x0000000015df1000 	/System/Library/Frameworks/ImageIO.framework/Versions/A/Resources/libJP2.dylib
0x0000000015df1000 	/System/Library/Frameworks/ImageIO.framework/Versions/A/Resources/libRadiance.dylib
0x0000000015df1000 	/usr/lib/libcompression.dylib
0x0000000015df1000 	/System/Library/PrivateFrameworks/AppleJPEG.framework/Versions/A/AppleJPEG
0x0000000015df1000 	/usr/lib/libcups.2.dylib
0x0000000015df1000 	/System/Library/Frameworks/Kerberos.framework/Versions/A/Kerberos
0x0000000015df1000 	/System/Library/Frameworks/GSS.framework/Versions/A/GSS
0x0000000015df1000 	/usr/lib/libresolv.9.dylib
0x0000000015df1000 	/usr/lib/libiconv.2.dylib
0x0000000015df1000 	/System/Library/PrivateFrameworks/Heimdal.framework/Versions/A/Heimdal
0x0000000015df1000 	/usr/lib/libheimdal-asn1.dylib
0x0000000015df1000 	/System/Library/Frameworks/OpenDirectory.framework/Versions/A/OpenDirectory
0x0000000015df1000 	/System/Library/PrivateFrameworks/CommonAuth.framework/Versions/A/CommonAuth
0x0000000015df1000 	/System/Library/Frameworks/OpenDirectory.framework/Versions/A/Frameworks/CFOpenDirectory.framework/Versions/A/CFOpenDirectory
0x0000000015df1000 	/System/Library/Frameworks/SecurityFoundation.framework/Versions/A/SecurityFoundation
0x0000000015df1000 	/System/Library/PrivateFrameworks/LanguageModeling.framework/Versions/A/LanguageModeling
0x0000000015df1000 	/usr/lib/libmarisa.dylib
0x0000000015df1000 	/usr/lib/libChineseTokenizer.dylib
0x0000000015df1000 	/usr/lib/libcmph.dylib
0x0000000015df1000 	/System/Library/PrivateFrameworks/CoreEmoji.framework/Versions/A/CoreEmoji
0x0000000015df1000 	/System/Library/Frameworks/ServiceManagement.framework/Versions/A/ServiceManagement
0x0000000015df1000 	/usr/lib/libxslt.1.dylib
0x0000000015df1000 	/System/Library/Frameworks/Carbon.framework/Versions/A/Frameworks/Ink.framework/Versions/A/Ink
0x0000000015df1000 	/System/Library/PrivateFrameworks/TextureIO.framework/Versions/A/TextureIO
0x0000000015df1000 	/System/Library/Frameworks/Metal.framework/Versions/A/Metal
0x0000000015df1000 	/usr/lib/libate.dylib
0x0000000015df1000 	/System/Library/PrivateFrameworks/GPUCompiler.framework/libmetal_timestamp.dylib
0x0000000015df1000 	/System/Library/Frameworks/OpenGL.framework/Versions/A/Libraries/libCoreFSCache.dylib
0x0000000015df1000 	/System/Library/PrivateFrameworks/IOAccelerator.framework/Versions/A/IOAccelerator
0x0000000015df1000 	/System/Library/Frameworks/CoreVideo.framework/Versions/A/CoreVideo
0x0000000015df1000 	/usr/lib/libFosl_dynamic.dylib
0x0000000015df1000 	/System/Library/PrivateFrameworks/MetalPerformanceShaders.framework/Versions/A/MetalPerformanceShaders
0x0000000015df1000 	/System/Library/PrivateFrameworks/FaceCore.framework/Versions/A/FaceCore
0x0000000015df1000 	/System/Library/Frameworks/OpenCL.framework/Versions/A/OpenCL
0x0000000015df1000 	/System/Library/Frameworks/OpenGL.framework/Versions/A/Libraries/libGLU.dylib
0x0000000015df1000 	/System/Library/Frameworks/OpenGL.framework/Versions/A/Libraries/libGFXShared.dylib
0x0000000015df1000 	/System/Library/Frameworks/OpenGL.framework/Versions/A/Libraries/libGL.dylib
0x0000000015df1000 	/System/Library/Frameworks/OpenGL.framework/Versions/A/Libraries/libGLImage.dylib
0x0000000015df1000 	/System/Library/Frameworks/OpenGL.framework/Versions/A/Libraries/libCVMSPluginSupport.dylib
0x0000000015df1000 	/System/Library/Frameworks/OpenGL.framework/Versions/A/Libraries/libCoreVMClient.dylib
0x0000000015df1000 	/System/Library/PrivateFrameworks/CrashReporterSupport.framework/Versions/A/CrashReporterSupport
0x0000000015df1000 	/System/Library/PrivateFrameworks/Sharing.framework/Versions/A/Sharing
0x0000000015df1000 	/System/Library/PrivateFrameworks/IconServices.framework/Versions/A/IconServices
0x0000000015df1000 	/System/Library/PrivateFrameworks/ProtocolBuffer.framework/Versions/A/ProtocolBuffer
0x0000000015df1000 	/System/Library/PrivateFrameworks/Apple80211.framework/Versions/A/Apple80211
0x0000000015df1000 	/System/Library/Frameworks/CoreWLAN.framework/Versions/A/CoreWLAN
0x0000000015df1000 	/System/Library/PrivateFrameworks/CoreUtils.framework/Versions/A/CoreUtils
0x0000000015df1000 	/System/Library/Frameworks/IOBluetooth.framework/Versions/A/IOBluetooth
0x0000000015df1000 	/System/Library/PrivateFrameworks/CoreWiFi.framework/Versions/A/CoreWiFi
0x0000000015df1000 	/System/Library/Frameworks/CoreBluetooth.framework/Versions/A/CoreBluetooth
0x0000000015df1000 	/System/Library/Frameworks/CoreDisplay.framework/Versions/A/CoreDisplay
0x0000000015df1000 	/System/Library/PrivateFrameworks/IOPresentment.framework/Versions/A/IOPresentment
0x0000000015df1000 	/System/Library/PrivateFrameworks/DebugSymbols.framework/Versions/A/DebugSymbols
0x0000000015df1000 	/System/Library/PrivateFrameworks/CoreSymbolication.framework/Versions/A/CoreSymbolication
0x0000000015df1000 	/System/Library/PrivateFrameworks/Symbolication.framework/Versions/A/Symbolication
0x0000000015df1000 	/System/Library/PrivateFrameworks/AppleFSCompression.framework/Versions/A/AppleFSCompression
0x0000000015df1000 	/System/Library/PrivateFrameworks/SpeechRecognitionCore.framework/Versions/A/SpeechRecognitionCore
0x0000000015df1000 	/System/Library/PrivateFrameworks/ChunkingLibrary.framework/Versions/A/ChunkingLibrary
0x0000000109e00000 	/Library/Java/JavaVirtualMachines/jdk1.8.0_101.jdk/Contents/Home/jre/lib/server/libjvm.dylib
0x0000000015df1000 	/usr/lib/libstdc++.6.dylib
0x00000001094cd000 	/Library/Java/JavaVirtualMachines/jdk1.8.0_101.jdk/Contents/Home/jre/lib/libverify.dylib
0x00000001094db000 	/Library/Java/JavaVirtualMachines/jdk1.8.0_101.jdk/Contents/Home/jre/lib/libjava.dylib
0x0000000109518000 	/Library/Java/JavaVirtualMachines/jdk1.8.0_101.jdk/Contents/Home/jre/lib/libzip.dylib
0x0000000110235000 	/System/Library/Frameworks/JavaVM.framework/Frameworks/JavaRuntimeSupport.framework/JavaRuntimeSupport
0x000000011024f000 	/System/Library/Frameworks/JavaVM.framework/Versions/A/Frameworks/JavaNativeFoundation.framework/Versions/A/JavaNativeFoundation
0x00000001095ec000 	/System/Library/Frameworks/JavaVM.framework/Versions/A/JavaVM
0x0000000015df1000 	/System/Library/Frameworks/Carbon.framework/Versions/A/Carbon
0x0000000110264000 	/System/Library/PrivateFrameworks/JavaLaunching.framework/Versions/A/JavaLaunching
0x0000000015df1000 	/System/Library/Frameworks/Carbon.framework/Versions/A/Frameworks/CommonPanels.framework/Versions/A/CommonPanels
0x0000000015df1000 	/System/Library/Frameworks/Carbon.framework/Versions/A/Frameworks/Help.framework/Versions/A/Help
0x0000000015df1000 	/System/Library/Frameworks/Carbon.framework/Versions/A/Frameworks/ImageCapture.framework/Versions/A/ImageCapture
0x0000000015df1000 	/System/Library/Frameworks/Carbon.framework/Versions/A/Frameworks/OpenScripting.framework/Versions/A/OpenScripting
0x0000000015df1000 	/System/Library/Frameworks/Carbon.framework/Versions/A/Frameworks/Print.framework/Versions/A/Print
0x0000000015df1000 	/System/Library/Frameworks/Carbon.framework/Versions/A/Frameworks/SecurityHI.framework/Versions/A/SecurityHI
0x000000012201e000 	/Library/Java/JavaVirtualMachines/jdk1.8.0_101.jdk/Contents/Home/jre/lib/libnet.dylib
0x000000012207d000 	/Library/Java/JavaVirtualMachines/jdk1.8.0_101.jdk/Contents/Home/jre/lib/libnio.dylib
0x00000001225a1000 	/Users/elchroy/.gradle/native/19/osx-amd64/libnative-platform.dylib
0x00000001225a6000 	/Users/elchroy/.gradle/native/19/osx-amd64/libnative-platform-curses.dylib
0x0000000015df1000 	/usr/lib/libncurses.5.4.dylib
0x00000001225aa000 	/private/var/folders/3j/p0_wzk9d1ns47ybk3ng5x3w80000gn/T/jna2307286242006884483.tmp
0x00000001225bf000 	/Library/Java/JavaVirtualMachines/jdk1.8.0_101.jdk/Contents/Home/jre/lib/libmanagement.dylib

VM Arguments:
jvm_args: -Dorg.gradle.appname=gradlew 
java_command: org.gradle.wrapper.GradleWrapperMain installDebug
java_class_path (initial): /Users/elchroy/Roy/Code/rubyment/roymobile/android/gradle/wrapper/gradle-wrapper.jar
Launcher Type: SUN_STANDARD

Environment Variables:
PATH=/usr/local/opt/nvm/versions/node/v6.3.0/lib/node_modules/npm/bin/node-gyp-bin:/Users/elchroy/Roy/Code/rubyment/roymobile/node_modules/.bin:/usr/local/opt/nvm/versions/node/v6.3.0/bin:/Users/elchroy/.rvm/gems/ruby-2.3.0/bin:/Users/elchroy/.rvm/gems/ruby-2.3.0@global/bin:/Users/elchroy/.rvm/rubies/ruby-2.3.0/bin:/usr/local/opt/nvm/versions/node/v6.3.0/bin:/usr/local/mysql/bin:/usr/local/share/python:/usr/local/bin:/usr/bin:/bin:/usr/sbin:/sbin:/Users/elchroy/golang/src/github.com/andela/bin:/usr/local/opt/go/libexec/bin:/Users/elchroy/.rvm/bin:/Users/elchroy/Library/Android/sdk/tools:/Users/elchroy/Library/Android/sdk/platform-tools
SHELL=/bin/zsh

Signal Handlers:
SIGSEGV: [libjvm.dylib+0x5af145], sa_mask[0]=11111111011111110111111111111111, sa_flags=SA_ONSTACK|SA_RESTART|SA_SIGINFO
SIGBUS: [libjvm.dylib+0x5af145], sa_mask[0]=11111111011111110111111111111111, sa_flags=SA_RESTART|SA_SIGINFO
SIGFPE: [libjvm.dylib+0x48694c], sa_mask[0]=11111111011111110111111111111111, sa_flags=SA_RESTART|SA_SIGINFO
SIGPIPE: [libjvm.dylib+0x48694c], sa_mask[0]=11111111011111110111111111111111, sa_flags=SA_RESTART|SA_SIGINFO
SIGXFSZ: [libjvm.dylib+0x48694c], sa_mask[0]=11111111011111110111111111111111, sa_flags=SA_RESTART|SA_SIGINFO
SIGILL: [libjvm.dylib+0x48694c], sa_mask[0]=11111111011111110111111111111111, sa_flags=SA_RESTART|SA_SIGINFO
SIGUSR1: SIG_DFL, sa_mask[0]=11111111011111110111111111111111, sa_flags=none
SIGUSR2: [libjvm.dylib+0x48646a], sa_mask[0]=00000000000000000000000000000000, sa_flags=SA_RESTART|SA_SIGINFO
SIGHUP: [libjvm.dylib+0x484a41], sa_mask[0]=11111111011111110111111111111111, sa_flags=SA_RESTART|SA_SIGINFO
SIGINT: [libjvm.dylib+0x484a41], sa_mask[0]=11111111011111110111111111111111, sa_flags=SA_RESTART|SA_SIGINFO
SIGTERM: [libjvm.dylib+0x484a41], sa_mask[0]=11111111011111110111111111111111, sa_flags=SA_RESTART|SA_SIGINFO
SIGQUIT: [libjvm.dylib+0x484a41], sa_mask[0]=11111111011111110111111111111111, sa_flags=SA_RESTART|SA_SIGINFO


---------------  S Y S T E M  ---------------

OS:Bsduname:Darwin 16.4.0 Darwin Kernel Version 16.4.0: Thu Dec 22 22:53:21 PST 2016; root:xnu-3789.41.3~3/RELEASE_X86_64 x86_64
rlimit: STACK 8192k, CORE 0k, NPROC 709, NOFILE 10240, AS infinity
load average:7.28 7.42 8.00

CPU:total 4 (2 cores per cpu, 2 threads per core) family 6 model 61 stepping 4, cmov, cx8, fxsr, mmx, sse, sse2, sse3, ssse3, sse4.1, sse4.2, popcnt, avx, avx2, aes, clmul, erms, 3dnowpref, lzcnt, ht, tsc, tscinvbit, bmi1, bmi2, adx

Memory: 4k page, physical 8388608k(140224k free)

/proc/meminfo:


vm_info: Java HotSpot(TM) 64-Bit Server VM (25.101-b13) for bsd-amd64 JRE (1.8.0_101-b13), built on Jun 22 2016 02:42:15 by "java_re" with gcc 4.2.1 (Based on Apple Inc. build 5658) (LLVM build 2336.11.00)

time: Mon Feb  6 17:14:52 2017
elapsed time: 10 seconds (0d 0h 0m 10s)

