#
# A fatal error has been detected by the Java Runtime Environment:
#
#  SIGSEGV (0xb) at pc=0x000000010da86498, pid=53956, tid=0x0000000000000307
#
# JRE version: Java(TM) SE Runtime Environment (8.0_101-b13) (build 1.8.0_101-b13)
# Java VM: Java HotSpot(TM) 64-Bit Server VM (25.101-b13 mixed mode bsd-amd64 compressed oops)
# Problematic frame:
# V  [libjvm.dylib+0x486498]
#
# Failed to write core dump. Core dumps have been disabled. To enable core dumping, try "ulimit -c unlimited" before starting Java again
#
# If you would like to submit a bug report, please visit:
#   http://bugreport.java.com/bugreport/crash.jsp
#

---------------  T H R E A D  ---------------

Current thread is native thread

siginfo: si_signo: 11 (SIGSEGV), si_code: 1 (SEGV_MAPERR), si_addr: 0x0000000000000128

Registers:
RAX=0x0000000000000000, RBX=0x00007fff53809840, RCX=0x00007fffa9547408, RDX=0x00007fff53809840
RSP=0x00007fff53809370, RBP=0x00007fff538093a0, RSI=0x00007fff538097d8, RDI=0x0000000000000103
R8 =0x00007fff53809840, R9 =0x00000000ffffffff, R10=0x0000000000000c00, R11=0x0000000000000206
R12=0x0000000000000c00, R13=0x0000000000000000, R14=0x00007fff538097d8, R15=0x0000000000000002
RIP=0x000000010da86498, EFLAGS=0x0000000000010202, ERR=0x0000000000000004
  TRAPNO=0x000000000000000e

Top of Stack: (sp=0x00007fff53809370)
0x00007fff53809370:   0000000000000000 00007fff53809840
0x00007fff53809380:   0000000000000c00 0000000000000000
0x00007fff53809390:   00007fff53809a70 0000000000000d03
0x00007fff538093a0:   00007fff538093b0 00007fffa0907bba
0x00007fff538093b0:   00007fff53809940 0000000000015c00
0x00007fff538093c0:   00015d00a5f9b958 00007fffa93dd2d0
0x00007fff538093d0:   0100001f00000085 00007fff8b1a3680
0x00007fff538093e0:   0000000010004005 00000000ffffffff
0x00007fff538093f0:   00007fff538098f8 0000000000000000
0x00007fff53809400:   00007fff53809a70 0000000007000806
0x00007fff53809410:   00007fff53809940 00007fff538098f8
0x00007fff53809420:   0000000000000d03 00000000ffffffff
0x00007fff53809430:   0000000000000c00 0000000000000206
0x00007fff53809440:   0000000000000c00 0000000000000000
0x00007fff53809450:   00007fff53809a70 0000000000000d03
0x00007fff53809460:   000000010cc3038a 0000000000000206
0x00007fff53809470:   0000000000000007 0000000000000000
0x00007fff53809480:   0000000000000000 0000000000000000
0x00007fff53809490:   000000000000037f 0000000000000000
0x00007fff538094a0:   0000000000000000 0000ffff00001fa0
0x00007fff538094b0:   0000000000000000 000000000000ffff
0x00007fff538094c0:   0000000000000100 000000000000ffff
0x00007fff538094d0:   0000000000000000 0000000000000000
0x00007fff538094e0:   0000000000000000 0000000000000000
0x00007fff538094f0:   87bc000000000000 000000000000c00b
0x00007fff53809500:   0000000000000000 0000000000000000
0x00007fff53809510:   8000000000000000 0000000000004007
0x00007fff53809520:   c060000000000000 000000000000400a
0x00007fff53809530:   41be4899983635a4 0000000000000000
0x00007fff53809540:   3fcb1ad2135daad6 0000000000000000
0x00007fff53809550:   c3de3f7cd93b5c9a 439c08326c4a3664
0x00007fff53809560:   0000000000000000 0000000000000000 

Instructions: (pc=0x000000010da86498)
0x000000010da86478:   83 ec 08 48 89 d3 49 89 f6 e8 00 26 14 00 44 8b
0x000000010da86488:   38 48 8d 05 20 cd 3a 00 48 63 38 e8 ca 28 14 00
0x000000010da86498:   4c 8b a0 28 01 00 00 41 83 7c 24 34 01 0f 85 e2
0x000000010da864a8:   00 00 00 49 89 5c 24 40 4d 89 74 24 38 49 8d 5c 

Register to memory mapping:

RAX=0x0000000000000000 is an unknown value
RBX=0x00007fff53809840 is an unknown value
RCX=0x00007fffa9547408: _thread+0x48 in /usr/lib/system/libsystem_pthread.dylib at 0x00007fffa090e000
RDX=0x00007fff53809840 is an unknown value
RSP=0x00007fff53809370 is an unknown value
RBP=0x00007fff538093a0 is an unknown value
RSI=0x00007fff538097d8 is an unknown value
RDI=0x0000000000000103 is an unknown value
R8 =0x00007fff53809840 is an unknown value
R9 =0x00000000ffffffff is an unknown value
R10=0x0000000000000c00 is an unknown value
R11=0x0000000000000206 is an unknown value
R12=0x0000000000000c00 is an unknown value
R13=0x0000000000000000 is an unknown value
R14=0x00007fff538097d8 is an unknown value
R15=0x0000000000000002 is an unknown value


Stack: [0x00007fff5300e000,0x00007fff5380e000],  sp=0x00007fff53809370,  free space=8172k
Native frames: (J=compiled Java code, j=interpreted, Vv=VM code, C=native code)
V  [libjvm.dylib+0x486498]
C  [libsystem_platform.dylib+0x2bba]  _sigtramp+0x1a
C  0x0000000000015c00
C  [CoreFoundation+0x88c94]  __CFRunLoopServiceMachPort+0xd4
C  [CoreFoundation+0x88121]  __CFRunLoopRun+0x551
C  [CoreFoundation+0x87974]  CFRunLoopRunSpecific+0x1a4
C  [java+0x6465]  CreateExecutionEnvironment+0x367
C  [java+0x218c]  JLI_Launch+0x7a0
C  [java+0x84c2]  main+0x65
C  [java+0x19e4]  start+0x34


---------------  P R O C E S S  ---------------

VM state:not at safepoint (normal execution)

VM Mutex/Monitor currently owned by a thread: None

Heap:
 PSYoungGen      total 146432K, used 122821K [0x0000000795580000, 0x00000007a1000000, 0x00000007c0000000)
  eden space 130560K, 83% used [0x0000000795580000,0x000000079c08b288,0x000000079d500000)
  from space 15872K, 83% used [0x000000079d500000,0x000000079e1e6400,0x000000079e480000)
  to   space 16896K, 0% used [0x000000079ff80000,0x000000079ff80000,0x00000007a1000000)
 ParOldGen       total 113152K, used 24542K [0x0000000740000000, 0x0000000746e80000, 0x0000000795580000)
  object space 113152K, 21% used [0x0000000740000000,0x00000007417f7868,0x0000000746e80000)
 Metaspace       used 40056K, capacity 41410K, committed 41560K, reserved 1085440K
  class space    used 5634K, capacity 6178K, committed 6272K, reserved 1048576K

Card table byte_map: [0x000000010e95d000,0x000000010ed5e000] byte_map_base: 0x000000010af5d000

Marking Bits: (ParMarkBitMap*) 0x000000010deedd20
 Begin Bits: [0x00000001208c7000, 0x00000001228c7000)
 End Bits:   [0x00000001228c7000, 0x00000001248c7000)

Polling page: 0x000000010c4f3000

CodeCache: size=245760Kb used=13311Kb max_used=13329Kb free=232448Kb
 bounds [0x00000001118c7000, 0x00000001125e7000, 0x00000001208c7000]
 total_blobs=4619 nmethods=3954 adapters=577
 compilation: enabled

Compilation events (10 events):
Event: 13.171 Thread 0x00007ff214046800 4283   !   4       sun.nio.ch.IOUtil::write (142 bytes)
Event: 13.171 Thread 0x00007ff213860000 4284   !   4       sun.nio.ch.SocketChannelImpl::write (385 bytes)
Event: 13.179 Thread 0x00007ff214047800 4286       3       java.io.FileInputStream::read (8 bytes)
Event: 13.179 Thread 0x00007ff214047800 nmethod 4286 0x0000000111edb1d0 code [0x0000000111edb340, 0x0000000111edb4c8]
Event: 13.195 Thread 0x00007ff214046800 nmethod 4283 0x00000001120e62d0 code [0x00000001120e6560, 0x00000001120e78f0]
Event: 13.195 Thread 0x00007ff214046800 4285       4       sun.nio.ch.IOUtil::writeFromNativeBuffer (137 bytes)
Event: 13.197 Thread 0x00007ff214046800 nmethod 4285 0x000000011203bd50 code [0x000000011203bec0, 0x000000011203c0b8]
Event: 13.224 Thread 0x00007ff213860000 nmethod 4284 0x00000001120dbb90 code [0x00000001120dbee0, 0x00000001120dece8]
Event: 13.238 Thread 0x00007ff214046800 4287 % !   4       com.android.ddmlib.AdbHelper::executeRemoteCommand @ 226 (548 bytes)
Event: 13.267 Thread 0x00007ff214046800 nmethod 4287% 0x00000001120e5110 code [0x00000001120e52e0, 0x00000001120e5ab0]

GC Heap History (10 events):
Event: 5.182 GC heap before
{Heap before GC invocations=7 (full 1):
 PSYoungGen      total 71680K, used 66560K [0x0000000795580000, 0x000000079e980000, 0x00000007c0000000)
  eden space 66560K, 100% used [0x0000000795580000,0x0000000799680000,0x0000000799680000)
  from space 5120K, 0% used [0x0000000799680000,0x0000000799680000,0x0000000799b80000)
  to   space 9216K, 0% used [0x000000079e080000,0x000000079e080000,0x000000079e980000)
 ParOldGen       total 63488K, used 8494K [0x0000000740000000, 0x0000000743e00000, 0x0000000795580000)
  object space 63488K, 13% used [0x0000000740000000,0x000000074084ba40,0x0000000743e00000)
 Metaspace       used 25392K, capacity 26048K, committed 26240K, reserved 1071104K
  class space    used 3432K, capacity 3673K, committed 3712K, reserved 1048576K
Event: 5.195 GC heap after
Heap after GC invocations=7 (full 1):
 PSYoungGen      total 101376K, used 6118K [0x0000000795580000, 0x000000079e680000, 0x00000007c0000000)
  eden space 95232K, 0% used [0x0000000795580000,0x0000000795580000,0x000000079b280000)
  from space 6144K, 99% used [0x000000079e080000,0x000000079e679a80,0x000000079e680000)
  to   space 9216K, 0% used [0x000000079d480000,0x000000079d480000,0x000000079dd80000)
 ParOldGen       total 63488K, used 8566K [0x0000000740000000, 0x0000000743e00000, 0x0000000795580000)
  object space 63488K, 13% used [0x0000000740000000,0x000000074085da50,0x0000000743e00000)
 Metaspace       used 25392K, capacity 26048K, committed 26240K, reserved 1071104K
  class space    used 3432K, capacity 3673K, committed 3712K, reserved 1048576K
}
Event: 6.854 GC heap before
{Heap before GC invocations=8 (full 1):
 PSYoungGen      total 101376K, used 101350K [0x0000000795580000, 0x000000079e680000, 0x00000007c0000000)
  eden space 95232K, 100% used [0x0000000795580000,0x000000079b280000,0x000000079b280000)
  from space 6144K, 99% used [0x000000079e080000,0x000000079e679a80,0x000000079e680000)
  to   space 9216K, 0% used [0x000000079d480000,0x000000079d480000,0x000000079dd80000)
 ParOldGen       total 63488K, used 8566K [0x0000000740000000, 0x0000000743e00000, 0x0000000795580000)
  object space 63488K, 13% used [0x0000000740000000,0x000000074085da50,0x0000000743e00000)
 Metaspace       used 31941K, capacity 32808K, committed 33024K, reserved 1077248K
  class space    used 4436K, capacity 4791K, committed 4864K, reserved 1048576K
Event: 6.874 GC heap after
Heap after GC invocations=8 (full 1):
 PSYoungGen      total 139264K, used 9200K [0x0000000795580000, 0x000000079f180000, 0x00000007c0000000)
  eden space 130048K, 0% used [0x0000000795580000,0x0000000795580000,0x000000079d480000)
  from space 9216K, 99% used [0x000000079d480000,0x000000079dd7c020,0x000000079dd80000)
  to   space 13312K, 0% used [0x000000079e480000,0x000000079e480000,0x000000079f180000)
 ParOldGen       total 63488K, used 15159K [0x0000000740000000, 0x0000000743e00000, 0x0000000795580000)
  object space 63488K, 23% used [0x0000000740000000,0x0000000740ecddb8,0x0000000743e00000)
 Metaspace       used 31941K, capacity 32808K, committed 33024K, reserved 1077248K
  class space    used 4436K, capacity 4791K, committed 4864K, reserved 1048576K
}
Event: 7.770 GC heap before
{Heap before GC invocations=9 (full 1):
 PSYoungGen      total 139264K, used 63262K [0x0000000795580000, 0x000000079f180000, 0x00000007c0000000)
  eden space 130048K, 41% used [0x0000000795580000,0x0000000798a4b820,0x000000079d480000)
  from space 9216K, 99% used [0x000000079d480000,0x000000079dd7c020,0x000000079dd80000)
  to   space 13312K, 0% used [0x000000079e480000,0x000000079e480000,0x000000079f180000)
 ParOldGen       total 63488K, used 15159K [0x0000000740000000, 0x0000000743e00000, 0x0000000795580000)
  object space 63488K, 23% used [0x0000000740000000,0x0000000740ecddb8,0x0000000743e00000)
 Metaspace       used 34293K, capacity 35272K, committed 35416K, reserved 1079296K
  class space    used 4767K, capacity 5166K, committed 5248K, reserved 1048576K
Event: 7.792 GC heap after
Heap after GC invocations=9 (full 1):
 PSYoungGen      total 143872K, used 13300K [0x0000000795580000, 0x00000007a2700000, 0x00000007c0000000)
  eden space 130560K, 0% used [0x0000000795580000,0x0000000795580000,0x000000079d500000)
  from space 13312K, 99% used [0x000000079e480000,0x000000079f17d020,0x000000079f180000)
  to   space 15872K, 0% used [0x000000079d500000,0x000000079d500000,0x000000079e480000)
 ParOldGen       total 63488K, used 17413K [0x0000000740000000, 0x0000000743e00000, 0x0000000795580000)
  object space 63488K, 27% used [0x0000000740000000,0x00000007411015c0,0x0000000743e00000)
 Metaspace       used 34293K, capacity 35272K, committed 35416K, reserved 1079296K
  class space    used 4767K, capacity 5166K, committed 5248K, reserved 1048576K
}
Event: 7.792 GC heap before
{Heap before GC invocations=10 (full 2):
 PSYoungGen      total 143872K, used 13300K [0x0000000795580000, 0x00000007a2700000, 0x00000007c0000000)
  eden space 130560K, 0% used [0x0000000795580000,0x0000000795580000,0x000000079d500000)
  from space 13312K, 99% used [0x000000079e480000,0x000000079f17d020,0x000000079f180000)
  to   space 15872K, 0% used [0x000000079d500000,0x000000079d500000,0x000000079e480000)
 ParOldGen       total 63488K, used 17413K [0x0000000740000000, 0x0000000743e00000, 0x0000000795580000)
  object space 63488K, 27% used [0x0000000740000000,0x00000007411015c0,0x0000000743e00000)
 Metaspace       used 34293K, capacity 35272K, committed 35416K, reserved 1079296K
  class space    used 4767K, capacity 5166K, committed 5248K, reserved 1048576K
Event: 7.967 GC heap after
Heap after GC invocations=10 (full 2):
 PSYoungGen      total 143872K, used 0K [0x0000000795580000, 0x00000007a2700000, 0x00000007c0000000)
  eden space 130560K, 0% used [0x0000000795580000,0x0000000795580000,0x000000079d500000)
  from space 13312K, 0% used [0x000000079e480000,0x000000079e480000,0x000000079f180000)
  to   space 15872K, 0% used [0x000000079d500000,0x000000079d500000,0x000000079e480000)
 ParOldGen       total 113152K, used 24534K [0x0000000740000000, 0x0000000746e80000, 0x0000000795580000)
  object space 113152K, 21% used [0x0000000740000000,0x00000007417f5868,0x0000000746e80000)
 Metaspace       used 34293K, capacity 35272K, committed 35416K, reserved 1079296K
  class space    used 4767K, capacity 5166K, committed 5248K, reserved 1048576K
}
Event: 9.969 GC heap before
{Heap before GC invocations=11 (full 2):
 PSYoungGen      total 143872K, used 130560K [0x0000000795580000, 0x00000007a2700000, 0x00000007c0000000)
  eden space 130560K, 100% used [0x0000000795580000,0x000000079d500000,0x000000079d500000)
  from space 13312K, 0% used [0x000000079e480000,0x000000079e480000,0x000000079f180000)
  to   space 15872K, 0% used [0x000000079d500000,0x000000079d500000,0x000000079e480000)
 ParOldGen       total 113152K, used 24534K [0x0000000740000000, 0x0000000746e80000, 0x0000000795580000)
  object space 113152K, 21% used [0x0000000740000000,0x00000007417f5868,0x0000000746e80000)
 Metaspace       used 36708K, capacity 37616K, committed 37848K, reserved 1081344K
  class space    used 5101K, capacity 5510K, committed 5632K, reserved 1048576K
Event: 9.983 GC heap after
Heap after GC invocations=11 (full 2):
 PSYoungGen      total 146432K, used 13209K [0x0000000795580000, 0x00000007a1000000, 0x00000007c0000000)
  eden space 130560K, 0% used [0x0000000795580000,0x0000000795580000,0x000000079d500000)
  from space 15872K, 83% used [0x000000079d500000,0x000000079e1e6400,0x000000079e480000)
  to   space 16896K, 0% used [0x000000079ff80000,0x000000079ff80000,0x00000007a1000000)
 ParOldGen       total 113152K, used 24542K [0x0000000740000000, 0x0000000746e80000, 0x0000000795580000)
  object space 113152K, 21% used [0x0000000740000000,0x00000007417f7868,0x0000000746e80000)
 Metaspace       used 36708K, capacity 37616K, committed 37848K, reserved 1081344K
  class space    used 5101K, capacity 5510K, committed 5632K, reserved 1048576K
}

Deoptimization events (10 events):
Event: 10.720 Thread 0x00007ff214008800 Uncommon trap: reason=unstable_if action=reinterpret pc=0x000000011250dfb4 method=java.lang.Class.arrayContentsEq([Ljava/lang/Object;[Ljava/lang/Object;)Z @ 1
Event: 10.732 Thread 0x00007ff214008800 Uncommon trap: reason=unstable_if action=reinterpret pc=0x0000000111e9d6b8 method=sun.misc.MetaIndex.mayContain(Ljava/lang/String;)Z @ 38
Event: 10.769 Thread 0x00007ff214008800 Uncommon trap: reason=unstable_if action=reinterpret pc=0x0000000111efec04 method=java.lang.Class.arrayContentsEq([Ljava/lang/Object;[Ljava/lang/Object;)Z @ 1
Event: 11.672 Thread 0x00007ff215de4800 Uncommon trap: reason=unstable_if action=reinterpret pc=0x0000000112506af8 method=java.lang.AbstractStringBuilder.append(I)Ljava/lang/AbstractStringBuilder; @ 16
Event: 11.672 Thread 0x00007ff215de4800 Uncommon trap: reason=unstable_if action=reinterpret pc=0x0000000111a76484 method=java.lang.Integer.getChars(II[C)V @ 7
Event: 11.720 Thread 0x00007ff217a70000 Uncommon trap: reason=unstable_if action=reinterpret pc=0x000000011227d918 method=java.lang.AbstractStringBuilder.append(I)Ljava/lang/AbstractStringBuilder; @ 16
Event: 13.152 Thread 0x00007ff214008800 Uncommon trap: reason=unstable_if action=reinterpret pc=0x0000000112037f30 method=sun.nio.ch.IOUtil.writeFromNativeBuffer(Ljava/io/FileDescriptor;Ljava/nio/ByteBuffer;JLsun/nio/ch/NativeDispatcher;)I @ 121
Event: 13.152 Thread 0x00007ff214008800 Uncommon trap: reason=unstable_if action=reinterpret pc=0x00000001125ba6ac method=com.android.ddmlib.AdbHelper.executeRemoteCommand(Ljava/net/InetSocketAddress;Lcom/android/ddmlib/AdbHelper$AdbService;Ljava/lang/String;Lcom/android/ddmlib/IDevice;Lcom/and
Event: 13.153 Thread 0x00007ff214008800 Uncommon trap: reason=unstable_if action=reinterpret pc=0x00000001125bc7d4 method=sun.nio.ch.IOUtil.writeFromNativeBuffer(Ljava/io/FileDescriptor;Ljava/nio/ByteBuffer;JLsun/nio/ch/NativeDispatcher;)I @ 121
Event: 13.153 Thread 0x00007ff214008800 Uncommon trap: reason=unstable_if action=reinterpret pc=0x00000001125b98c4 method=sun.nio.ch.IOUtil.writeFromNativeBuffer(Ljava/io/FileDescriptor;Ljava/nio/ByteBuffer;JLsun/nio/ch/NativeDispatcher;)I @ 121

Internal exceptions (10 events):
Event: 12.611 Thread 0x00007ff214008800 Exception <a 'java/lang/ClassNotFoundException': com/google/common/collect/SingletonImmutableListBeanInfo> (0x000000079bb86cf0) thrown at [/HUDSON3/workspace/8-2-build-macosx-x86_64/jdk8u101/7261/hotspot/src/share/vm/classfile/systemDictionary.cpp, line 2
Event: 12.612 Thread 0x00007ff214008800 Exception <a 'java/lang/ClassNotFoundException': com/google/common/collect/ImmutableListBeanInfo> (0x000000079bb92c28) thrown at [/HUDSON3/workspace/8-2-build-macosx-x86_64/jdk8u101/7261/hotspot/src/share/vm/classfile/systemDictionary.cpp, line 210]
Event: 12.612 Thread 0x00007ff214008800 Exception <a 'java/lang/ClassNotFoundException': com/google/common/collect/ImmutableCollectionBeanInfo> (0x000000079bb9f938) thrown at [/HUDSON3/workspace/8-2-build-macosx-x86_64/jdk8u101/7261/hotspot/src/share/vm/classfile/systemDictionary.cpp, line 210]
Event: 12.612 Thread 0x00007ff214008800 Exception <a 'java/lang/ClassNotFoundException': com/google/common/collect/ImmutableCollectionCustomizer> (0x000000079bbaca98) thrown at [/HUDSON3/workspace/8-2-build-macosx-x86_64/jdk8u101/7261/hotspot/src/share/vm/classfile/systemDictionary.cpp, line 21
Event: 12.613 Thread 0x00007ff214008800 Exception <a 'java/lang/ClassNotFoundException': com/google/common/collect/ImmutableListCustomizer> (0x000000079bbc9758) thrown at [/HUDSON3/workspace/8-2-build-macosx-x86_64/jdk8u101/7261/hotspot/src/share/vm/classfile/systemDictionary.cpp, line 210]
Event: 12.614 Thread 0x00007ff214008800 Exception <a 'java/lang/ClassNotFoundException': com/google/common/collect/SingletonImmutableListCustomizer> (0x000000079bc10a50) thrown at [/HUDSON3/workspace/8-2-build-macosx-x86_64/jdk8u101/7261/hotspot/src/share/vm/classfile/systemDictionary.cpp, line
Event: 12.616 Thread 0x00007ff214008800 Exception <a 'java/lang/ClassNotFoundException': com/android/build/gradle/api/ApkOutputFileBeanInfo> (0x000000079bc4a870) thrown at [/HUDSON3/workspace/8-2-build-macosx-x86_64/jdk8u101/7261/hotspot/src/share/vm/classfile/systemDictionary.cpp, line 210]
Event: 12.616 Thread 0x00007ff214008800 Exception <a 'java/lang/ClassNotFoundException': com/android/build/gradle/api/ApkOutputFileCustomizer> (0x000000079bc568a0) thrown at [/HUDSON3/workspace/8-2-build-macosx-x86_64/jdk8u101/7261/hotspot/src/share/vm/classfile/systemDictionary.cpp, line 210]
Event: 12.667 Thread 0x00007ff214008800 Exception <a 'java/lang/ClassNotFoundException': com/android/ide/common/build/SplitOutputMatcherBeanInfo> (0x000000079bcb7e08) thrown at [/HUDSON3/workspace/8-2-build-macosx-x86_64/jdk8u101/7261/hotspot/src/share/vm/classfile/systemDictionary.cpp, line 21
Event: 12.667 Thread 0x00007ff214008800 Exception <a 'java/lang/ClassNotFoundException': com/android/ide/common/build/SplitOutputMatcherCustomizer> (0x000000079be0ae48) thrown at [/HUDSON3/workspace/8-2-build-macosx-x86_64/jdk8u101/7261/hotspot/src/share/vm/classfile/systemDictionary.cpp, line 

Events (10 events):
Event: 13.152 Thread 0x00007ff214008800 DEOPT PACKING pc=0x00000001125ba6ac sp=0x000070000a1ecdc0
Event: 13.152 Thread 0x00007ff214008800 DEOPT UNPACKING pc=0x00000001118cc229 sp=0x000070000a1ecd78 mode 2
Event: 13.153 Thread 0x00007ff214008800 Uncommon trap: trap_request=0xffffff65 fr.pc=0x00000001125bc7d4
Event: 13.153 Thread 0x00007ff214008800 DEOPT PACKING pc=0x00000001125bc7d4 sp=0x000070000a1ecbe0
Event: 13.153 Thread 0x00007ff214008800 DEOPT UNPACKING pc=0x00000001118cc229 sp=0x000070000a1ecb38 mode 2
Event: 13.153 Thread 0x00007ff214008800 Uncommon trap: trap_request=0xffffff65 fr.pc=0x00000001125b98c4
Event: 13.153 Thread 0x00007ff214008800 DEOPT PACKING pc=0x00000001125b98c4 sp=0x000070000a1ecb70
Event: 13.153 Thread 0x00007ff214008800 DEOPT UNPACKING pc=0x00000001118cc229 sp=0x000070000a1ecb38 mode 2
Event: 13.275 Thread 0x00007ff214008800 DEOPT PACKING pc=0x00000001120f153f sp=0x000070000a1ecb90
Event: 13.275 Thread 0x00007ff214008800 DEOPT UNPACKING pc=0x000000011190e633 sp=0x000070000a1ecaf0 mode 0


Dynamic libraries:
0x0000000015df1000 	/System/Library/Frameworks/Cocoa.framework/Versions/A/Cocoa
0x0000000015df1000 	/System/Library/Frameworks/Security.framework/Versions/A/Security
0x0000000015df1000 	/System/Library/Frameworks/ApplicationServices.framework/Versions/A/ApplicationServices
0x0000000015df1000 	/usr/lib/libz.1.dylib
0x000000010c40e000 	/usr/lib/libSystem.B.dylib
0x0000000015df1000 	/usr/lib/libobjc.A.dylib
0x0000000015df1000 	/System/Library/Frameworks/CoreFoundation.framework/Versions/A/CoreFoundation
0x0000000015df1000 	/System/Library/Frameworks/Foundation.framework/Versions/C/Foundation
0x0000000015df1000 	/System/Library/Frameworks/AppKit.framework/Versions/C/AppKit
0x0000000015df1000 	/System/Library/Frameworks/CoreData.framework/Versions/A/CoreData
0x0000000015df1000 	/System/Library/PrivateFrameworks/RemoteViewServices.framework/Versions/A/RemoteViewServices
0x0000000015df1000 	/System/Library/PrivateFrameworks/UIFoundation.framework/Versions/A/UIFoundation
0x0000000015df1000 	/System/Library/PrivateFrameworks/DFRFoundation.framework/Versions/A/DFRFoundation
0x0000000015df1000 	/usr/lib/libenergytrace.dylib
0x0000000015df1000 	/System/Library/PrivateFrameworks/SkyLight.framework/Versions/A/SkyLight
0x0000000015df1000 	/System/Library/Frameworks/CoreGraphics.framework/Versions/A/CoreGraphics
0x0000000015df1000 	/usr/lib/libScreenReader.dylib
0x0000000015df1000 	/System/Library/Frameworks/Accelerate.framework/Versions/A/Accelerate
0x0000000015df1000 	/System/Library/Frameworks/IOSurface.framework/Versions/A/IOSurface
0x0000000015df1000 	/System/Library/Frameworks/AudioToolbox.framework/Versions/A/AudioToolbox
0x0000000015df1000 	/System/Library/Frameworks/AudioUnit.framework/Versions/A/AudioUnit
0x0000000015df1000 	/System/Library/PrivateFrameworks/DataDetectorsCore.framework/Versions/A/DataDetectorsCore
0x0000000015df1000 	/System/Library/PrivateFrameworks/DesktopServicesPriv.framework/Versions/A/DesktopServicesPriv
0x0000000015df1000 	/System/Library/Frameworks/Carbon.framework/Versions/A/Frameworks/HIToolbox.framework/Versions/A/HIToolbox
0x0000000015df1000 	/usr/lib/libicucore.A.dylib
0x0000000015df1000 	/System/Library/Frameworks/QuartzCore.framework/Versions/A/QuartzCore
0x0000000015df1000 	/System/Library/Frameworks/Carbon.framework/Versions/A/Frameworks/SpeechRecognition.framework/Versions/A/SpeechRecognition
0x0000000015df1000 	/usr/lib/libauto.dylib
0x0000000015df1000 	/usr/lib/libxml2.2.dylib
0x0000000015df1000 	/System/Library/PrivateFrameworks/CoreUI.framework/Versions/A/CoreUI
0x0000000015df1000 	/System/Library/Frameworks/CoreAudio.framework/Versions/A/CoreAudio
0x0000000015df1000 	/System/Library/Frameworks/DiskArbitration.framework/Versions/A/DiskArbitration
0x0000000015df1000 	/usr/lib/liblangid.dylib
0x0000000015df1000 	/System/Library/PrivateFrameworks/MultitouchSupport.framework/Versions/A/MultitouchSupport
0x000000010c41a000 	/System/Library/Frameworks/IOKit.framework/Versions/A/IOKit
0x0000000015df1000 	/usr/lib/libDiagnosticMessagesClient.dylib
0x0000000015df1000 	/System/Library/Frameworks/CoreServices.framework/Versions/A/CoreServices
0x0000000015df1000 	/System/Library/PrivateFrameworks/PerformanceAnalysis.framework/Versions/A/PerformanceAnalysis
0x0000000015df1000 	/System/Library/PrivateFrameworks/GenerationalStorage.framework/Versions/A/GenerationalStorage
0x0000000015df1000 	/System/Library/Frameworks/OpenGL.framework/Versions/A/OpenGL
0x0000000015df1000 	/System/Library/Frameworks/CoreImage.framework/Versions/A/CoreImage
0x0000000015df1000 	/System/Library/Frameworks/CoreText.framework/Versions/A/CoreText
0x0000000015df1000 	/System/Library/Frameworks/ImageIO.framework/Versions/A/ImageIO
0x0000000015df1000 	/System/Library/PrivateFrameworks/Backup.framework/Versions/A/Backup
0x0000000015df1000 	/usr/lib/libarchive.2.dylib
0x000000010c4f7000 	/System/Library/Frameworks/CFNetwork.framework/Versions/A/CFNetwork
0x0000000015df1000 	/System/Library/Frameworks/SystemConfiguration.framework/Versions/A/SystemConfiguration
0x0000000015df1000 	/usr/lib/libCRFSuite.dylib
0x0000000015df1000 	/usr/lib/libc++.1.dylib
0x0000000015df1000 	/usr/lib/libc++abi.dylib
0x0000000015df1000 	/usr/lib/system/libcache.dylib
0x0000000015df1000 	/usr/lib/system/libcommonCrypto.dylib
0x0000000015df1000 	/usr/lib/system/libcompiler_rt.dylib
0x0000000015df1000 	/usr/lib/system/libcopyfile.dylib
0x0000000015df1000 	/usr/lib/system/libcorecrypto.dylib
0x0000000015df1000 	/usr/lib/system/libdispatch.dylib
0x000000010cbe3000 	/usr/lib/system/libdyld.dylib
0x0000000015df1000 	/usr/lib/system/libkeymgr.dylib
0x0000000015df1000 	/usr/lib/system/liblaunch.dylib
0x0000000015df1000 	/usr/lib/system/libmacho.dylib
0x0000000015df1000 	/usr/lib/system/libquarantine.dylib
0x0000000015df1000 	/usr/lib/system/libremovefile.dylib
0x0000000015df1000 	/usr/lib/system/libsystem_asl.dylib
0x0000000015df1000 	/usr/lib/system/libsystem_blocks.dylib
0x0000000015df1000 	/usr/lib/system/libsystem_c.dylib
0x0000000015df1000 	/usr/lib/system/libsystem_configuration.dylib
0x0000000015df1000 	/usr/lib/system/libsystem_coreservices.dylib
0x000000010cbf8000 	/usr/lib/system/libsystem_coretls.dylib
0x0000000015df1000 	/usr/lib/system/libsystem_dnssd.dylib
0x0000000015df1000 	/usr/lib/system/libsystem_info.dylib
0x000000010cc1e000 	/usr/lib/system/libsystem_kernel.dylib
0x0000000015df1000 	/usr/lib/system/libsystem_m.dylib
0x0000000015df1000 	/usr/lib/system/libsystem_malloc.dylib
0x0000000015df1000 	/usr/lib/system/libsystem_network.dylib
0x000000010cc5e000 	/usr/lib/system/libsystem_networkextension.dylib
0x0000000015df1000 	/usr/lib/system/libsystem_notify.dylib
0x0000000015df1000 	/usr/lib/system/libsystem_platform.dylib
0x0000000015df1000 	/usr/lib/system/libsystem_pthread.dylib
0x000000010cc74000 	/usr/lib/system/libsystem_sandbox.dylib
0x0000000015df1000 	/usr/lib/system/libsystem_secinit.dylib
0x000000010cc81000 	/usr/lib/system/libsystem_symptoms.dylib
0x000000010cc96000 	/usr/lib/system/libsystem_trace.dylib
0x0000000015df1000 	/usr/lib/system/libunwind.dylib
0x0000000015df1000 	/usr/lib/system/libxpc.dylib
0x0000000015df1000 	/usr/lib/libbsm.0.dylib
0x000000010ccd1000 	/usr/lib/system/libkxld.dylib
0x0000000015df1000 	/usr/lib/libcoretls.dylib
0x0000000015df1000 	/usr/lib/libcoretls_cfhelpers.dylib
0x0000000015df1000 	/usr/lib/libxar.1.dylib
0x0000000015df1000 	/usr/lib/libsqlite3.dylib
0x0000000015df1000 	/usr/lib/libpam.2.dylib
0x0000000015df1000 	/usr/lib/libOpenScriptingUtil.dylib
0x0000000015df1000 	/usr/lib/libbz2.1.0.dylib
0x0000000015df1000 	/usr/lib/liblzma.5.dylib
0x0000000015df1000 	/usr/lib/libnetwork.dylib
0x0000000015df1000 	/usr/lib/libpcap.A.dylib
0x0000000015df1000 	/System/Library/Frameworks/CoreServices.framework/Versions/A/Frameworks/FSEvents.framework/Versions/A/FSEvents
0x0000000015df1000 	/System/Library/Frameworks/CoreServices.framework/Versions/A/Frameworks/CarbonCore.framework/Versions/A/CarbonCore
0x0000000015df1000 	/System/Library/Frameworks/CoreServices.framework/Versions/A/Frameworks/Metadata.framework/Versions/A/Metadata
0x0000000015df1000 	/System/Library/Frameworks/CoreServices.framework/Versions/A/Frameworks/OSServices.framework/Versions/A/OSServices
0x0000000015df1000 	/System/Library/Frameworks/CoreServices.framework/Versions/A/Frameworks/SearchKit.framework/Versions/A/SearchKit
0x0000000015df1000 	/System/Library/Frameworks/CoreServices.framework/Versions/A/Frameworks/AE.framework/Versions/A/AE
0x0000000015df1000 	/System/Library/Frameworks/CoreServices.framework/Versions/A/Frameworks/LaunchServices.framework/Versions/A/LaunchServices
0x0000000015df1000 	/System/Library/Frameworks/CoreServices.framework/Versions/A/Frameworks/DictionaryServices.framework/Versions/A/DictionaryServices
0x0000000015df1000 	/System/Library/Frameworks/CoreServices.framework/Versions/A/Frameworks/SharedFileList.framework/Versions/A/SharedFileList
0x0000000015df1000 	/System/Library/Frameworks/NetFS.framework/Versions/A/NetFS
0x0000000015df1000 	/System/Library/PrivateFrameworks/NetAuth.framework/Versions/A/NetAuth
0x0000000015df1000 	/System/Library/PrivateFrameworks/login.framework/Versions/A/Frameworks/loginsupport.framework/Versions/A/loginsupport
0x0000000015df1000 	/System/Library/PrivateFrameworks/TCC.framework/Versions/A/TCC
0x0000000015df1000 	/usr/lib/libmecabra.dylib
0x0000000015df1000 	/System/Library/Frameworks/ApplicationServices.framework/Versions/A/Frameworks/ATS.framework/Versions/A/ATS
0x0000000015df1000 	/System/Library/Frameworks/ApplicationServices.framework/Versions/A/Frameworks/ColorSync.framework/Versions/A/ColorSync
0x0000000015df1000 	/System/Library/Frameworks/ApplicationServices.framework/Versions/A/Frameworks/HIServices.framework/Versions/A/HIServices
0x0000000015df1000 	/System/Library/Frameworks/ApplicationServices.framework/Versions/A/Frameworks/LangAnalysis.framework/Versions/A/LangAnalysis
0x0000000015df1000 	/System/Library/Frameworks/ApplicationServices.framework/Versions/A/Frameworks/PrintCore.framework/Versions/A/PrintCore
0x0000000015df1000 	/System/Library/Frameworks/ApplicationServices.framework/Versions/A/Frameworks/QD.framework/Versions/A/QD
0x0000000015df1000 	/System/Library/Frameworks/ApplicationServices.framework/Versions/A/Frameworks/SpeechSynthesis.framework/Versions/A/SpeechSynthesis
0x0000000015df1000 	/System/Library/Frameworks/Accelerate.framework/Versions/A/Frameworks/vImage.framework/Versions/A/vImage
0x0000000015df1000 	/System/Library/Frameworks/Accelerate.framework/Versions/A/Frameworks/vecLib.framework/Versions/A/vecLib
0x0000000015df1000 	/System/Library/Frameworks/Accelerate.framework/Versions/A/Frameworks/vecLib.framework/Versions/A/libvDSP.dylib
0x0000000015df1000 	/System/Library/Frameworks/Accelerate.framework/Versions/A/Frameworks/vecLib.framework/Versions/A/libBNNS.dylib
0x0000000015df1000 	/System/Library/Frameworks/Accelerate.framework/Versions/A/Frameworks/vecLib.framework/Versions/A/libQuadrature.dylib
0x0000000015df1000 	/System/Library/Frameworks/Accelerate.framework/Versions/A/Frameworks/vecLib.framework/Versions/A/libvMisc.dylib
0x0000000015df1000 	/System/Library/Frameworks/Accelerate.framework/Versions/A/Frameworks/vecLib.framework/Versions/A/libLAPACK.dylib
0x0000000015df1000 	/System/Library/Frameworks/Accelerate.framework/Versions/A/Frameworks/vecLib.framework/Versions/A/libBLAS.dylib
0x0000000015df1000 	/System/Library/Frameworks/Accelerate.framework/Versions/A/Frameworks/vecLib.framework/Versions/A/libLinearAlgebra.dylib
0x0000000015df1000 	/System/Library/Frameworks/Accelerate.framework/Versions/A/Frameworks/vecLib.framework/Versions/A/libSparseBLAS.dylib
0x0000000015df1000 	/System/Library/Frameworks/ApplicationServices.framework/Versions/A/Frameworks/ATS.framework/Versions/A/Resources/libFontParser.dylib
0x0000000015df1000 	/System/Library/Frameworks/ApplicationServices.framework/Versions/A/Frameworks/ATS.framework/Versions/A/Resources/libFontRegistry.dylib
0x0000000015df1000 	/System/Library/Frameworks/ImageIO.framework/Versions/A/Resources/libJPEG.dylib
0x0000000015df1000 	/System/Library/Frameworks/ImageIO.framework/Versions/A/Resources/libTIFF.dylib
0x0000000015df1000 	/System/Library/Frameworks/ImageIO.framework/Versions/A/Resources/libPng.dylib
0x0000000015df1000 	/System/Library/Frameworks/ImageIO.framework/Versions/A/Resources/libGIF.dylib
0x0000000015df1000 	/System/Library/Frameworks/ImageIO.framework/Versions/A/Resources/libJP2.dylib
0x0000000015df1000 	/System/Library/Frameworks/ImageIO.framework/Versions/A/Resources/libRadiance.dylib
0x0000000015df1000 	/usr/lib/libcompression.dylib
0x0000000015df1000 	/System/Library/PrivateFrameworks/AppleJPEG.framework/Versions/A/AppleJPEG
0x0000000015df1000 	/usr/lib/libcups.2.dylib
0x0000000015df1000 	/System/Library/Frameworks/Kerberos.framework/Versions/A/Kerberos
0x0000000015df1000 	/System/Library/Frameworks/GSS.framework/Versions/A/GSS
0x0000000015df1000 	/usr/lib/libresolv.9.dylib
0x0000000015df1000 	/usr/lib/libiconv.2.dylib
0x0000000015df1000 	/System/Library/PrivateFrameworks/Heimdal.framework/Versions/A/Heimdal
0x0000000015df1000 	/usr/lib/libheimdal-asn1.dylib
0x0000000015df1000 	/System/Library/Frameworks/OpenDirectory.framework/Versions/A/OpenDirectory
0x0000000015df1000 	/System/Library/PrivateFrameworks/CommonAuth.framework/Versions/A/CommonAuth
0x0000000015df1000 	/System/Library/Frameworks/OpenDirectory.framework/Versions/A/Frameworks/CFOpenDirectory.framework/Versions/A/CFOpenDirectory
0x0000000015df1000 	/System/Library/Frameworks/SecurityFoundation.framework/Versions/A/SecurityFoundation
0x0000000015df1000 	/System/Library/PrivateFrameworks/LanguageModeling.framework/Versions/A/LanguageModeling
0x0000000015df1000 	/usr/lib/libmarisa.dylib
0x0000000015df1000 	/usr/lib/libChineseTokenizer.dylib
0x0000000015df1000 	/usr/lib/libcmph.dylib
0x0000000015df1000 	/System/Library/PrivateFrameworks/CoreEmoji.framework/Versions/A/CoreEmoji
0x0000000015df1000 	/System/Library/Frameworks/ServiceManagement.framework/Versions/A/ServiceManagement
0x0000000015df1000 	/usr/lib/libxslt.1.dylib
0x0000000015df1000 	/System/Library/Frameworks/Carbon.framework/Versions/A/Frameworks/Ink.framework/Versions/A/Ink
0x0000000015df1000 	/System/Library/PrivateFrameworks/TextureIO.framework/Versions/A/TextureIO
0x0000000015df1000 	/System/Library/Frameworks/Metal.framework/Versions/A/Metal
0x0000000015df1000 	/usr/lib/libate.dylib
0x0000000015df1000 	/System/Library/PrivateFrameworks/GPUCompiler.framework/libmetal_timestamp.dylib
0x0000000015df1000 	/System/Library/Frameworks/OpenGL.framework/Versions/A/Libraries/libCoreFSCache.dylib
0x0000000015df1000 	/System/Library/PrivateFrameworks/IOAccelerator.framework/Versions/A/IOAccelerator
0x0000000015df1000 	/System/Library/Frameworks/CoreVideo.framework/Versions/A/CoreVideo
0x0000000015df1000 	/usr/lib/libFosl_dynamic.dylib
0x0000000015df1000 	/System/Library/PrivateFrameworks/MetalPerformanceShaders.framework/Versions/A/MetalPerformanceShaders
0x0000000015df1000 	/System/Library/PrivateFrameworks/FaceCore.framework/Versions/A/FaceCore
0x0000000015df1000 	/System/Library/Frameworks/OpenCL.framework/Versions/A/OpenCL
0x0000000015df1000 	/System/Library/Frameworks/OpenGL.framework/Versions/A/Libraries/libGLU.dylib
0x0000000015df1000 	/System/Library/Frameworks/OpenGL.framework/Versions/A/Libraries/libGFXShared.dylib
0x0000000015df1000 	/System/Library/Frameworks/OpenGL.framework/Versions/A/Libraries/libGL.dylib
0x0000000015df1000 	/System/Library/Frameworks/OpenGL.framework/Versions/A/Libraries/libGLImage.dylib
0x0000000015df1000 	/System/Library/Frameworks/OpenGL.framework/Versions/A/Libraries/libCVMSPluginSupport.dylib
0x0000000015df1000 	/System/Library/Frameworks/OpenGL.framework/Versions/A/Libraries/libCoreVMClient.dylib
0x0000000015df1000 	/System/Library/PrivateFrameworks/CrashReporterSupport.framework/Versions/A/CrashReporterSupport
0x0000000015df1000 	/System/Library/PrivateFrameworks/Sharing.framework/Versions/A/Sharing
0x0000000015df1000 	/System/Library/PrivateFrameworks/IconServices.framework/Versions/A/IconServices
0x0000000015df1000 	/System/Library/PrivateFrameworks/ProtocolBuffer.framework/Versions/A/ProtocolBuffer
0x0000000015df1000 	/System/Library/PrivateFrameworks/Apple80211.framework/Versions/A/Apple80211
0x0000000015df1000 	/System/Library/Frameworks/CoreWLAN.framework/Versions/A/CoreWLAN
0x0000000015df1000 	/System/Library/PrivateFrameworks/CoreUtils.framework/Versions/A/CoreUtils
0x0000000015df1000 	/System/Library/Frameworks/IOBluetooth.framework/Versions/A/IOBluetooth
0x0000000015df1000 	/System/Library/PrivateFrameworks/CoreWiFi.framework/Versions/A/CoreWiFi
0x0000000015df1000 	/System/Library/Frameworks/CoreBluetooth.framework/Versions/A/CoreBluetooth
0x0000000015df1000 	/System/Library/Frameworks/CoreDisplay.framework/Versions/A/CoreDisplay
0x0000000015df1000 	/System/Library/PrivateFrameworks/IOPresentment.framework/Versions/A/IOPresentment
0x0000000015df1000 	/System/Library/PrivateFrameworks/DebugSymbols.framework/Versions/A/DebugSymbols
0x0000000015df1000 	/System/Library/PrivateFrameworks/CoreSymbolication.framework/Versions/A/CoreSymbolication
0x0000000015df1000 	/System/Library/PrivateFrameworks/Symbolication.framework/Versions/A/Symbolication
0x0000000015df1000 	/System/Library/PrivateFrameworks/AppleFSCompression.framework/Versions/A/AppleFSCompression
0x0000000015df1000 	/System/Library/PrivateFrameworks/SpeechRecognitionCore.framework/Versions/A/SpeechRecognitionCore
0x0000000015df1000 	/System/Library/PrivateFrameworks/ChunkingLibrary.framework/Versions/A/ChunkingLibrary
0x000000010d600000 	/Library/Java/JavaVirtualMachines/jdk1.8.0_101.jdk/Contents/Home/jre/lib/server/libjvm.dylib
0x0000000015df1000 	/usr/lib/libstdc++.6.dylib
0x000000010cd3f000 	/Library/Java/JavaVirtualMachines/jdk1.8.0_101.jdk/Contents/Home/jre/lib/libverify.dylib
0x000000010cd4d000 	/Library/Java/JavaVirtualMachines/jdk1.8.0_101.jdk/Contents/Home/jre/lib/libjava.dylib
0x000000010cd8a000 	/Library/Java/JavaVirtualMachines/jdk1.8.0_101.jdk/Contents/Home/jre/lib/libzip.dylib
0x000000010cde3000 	/System/Library/Frameworks/JavaVM.framework/Frameworks/JavaRuntimeSupport.framework/JavaRuntimeSupport
0x0000000110eb0000 	/System/Library/Frameworks/JavaVM.framework/Versions/A/Frameworks/JavaNativeFoundation.framework/Versions/A/JavaNativeFoundation
0x0000000110ec5000 	/System/Library/Frameworks/JavaVM.framework/Versions/A/JavaVM
0x0000000015df1000 	/System/Library/Frameworks/Carbon.framework/Versions/A/Carbon
0x0000000110ed2000 	/System/Library/PrivateFrameworks/JavaLaunching.framework/Versions/A/JavaLaunching
0x0000000015df1000 	/System/Library/Frameworks/Carbon.framework/Versions/A/Frameworks/CommonPanels.framework/Versions/A/CommonPanels
0x0000000015df1000 	/System/Library/Frameworks/Carbon.framework/Versions/A/Frameworks/Help.framework/Versions/A/Help
0x0000000015df1000 	/System/Library/Frameworks/Carbon.framework/Versions/A/Frameworks/ImageCapture.framework/Versions/A/ImageCapture
0x0000000015df1000 	/System/Library/Frameworks/Carbon.framework/Versions/A/Frameworks/OpenScripting.framework/Versions/A/OpenScripting
0x0000000015df1000 	/System/Library/Frameworks/Carbon.framework/Versions/A/Frameworks/Print.framework/Versions/A/Print
0x0000000015df1000 	/System/Library/Frameworks/Carbon.framework/Versions/A/Frameworks/SecurityHI.framework/Versions/A/SecurityHI
0x0000000110f49000 	/Library/Java/JavaVirtualMachines/jdk1.8.0_101.jdk/Contents/Home/jre/lib/libnet.dylib
0x0000000110fa8000 	/Library/Java/JavaVirtualMachines/jdk1.8.0_101.jdk/Contents/Home/jre/lib/libnio.dylib
0x00000001114d2000 	/Users/elchroy/.gradle/native/19/osx-amd64/libnative-platform.dylib
0x00000001114d7000 	/Users/elchroy/.gradle/native/19/osx-amd64/libnative-platform-curses.dylib
0x0000000015df1000 	/usr/lib/libncurses.5.4.dylib
0x00000001114db000 	/private/var/folders/3j/p0_wzk9d1ns47ybk3ng5x3w80000gn/T/jna8063415889241791853.tmp
0x00000001114f0000 	/Library/Java/JavaVirtualMachines/jdk1.8.0_101.jdk/Contents/Home/jre/lib/libmanagement.dylib

VM Arguments:
jvm_args: -Dorg.gradle.appname=gradlew 
java_command: org.gradle.wrapper.GradleWrapperMain installDebug
java_class_path (initial): /Users/elchroy/Roy/Code/rubyment/roymobile/android/gradle/wrapper/gradle-wrapper.jar
Launcher Type: SUN_STANDARD

Environment Variables:
PATH=/usr/local/opt/nvm/versions/node/v6.3.0/lib/node_modules/npm/bin/node-gyp-bin:/Users/elchroy/Roy/Code/rubyment/roymobile/node_modules/.bin:/usr/local/opt/nvm/versions/node/v6.3.0/bin:/Users/elchroy/.rvm/gems/ruby-2.3.0/bin:/Users/elchroy/.rvm/gems/ruby-2.3.0@global/bin:/Users/elchroy/.rvm/rubies/ruby-2.3.0/bin:/usr/local/opt/nvm/versions/node/v6.3.0/bin:/usr/local/mysql/bin:/usr/local/share/python:/usr/local/bin:/usr/bin:/bin:/usr/sbin:/sbin:/Users/elchroy/golang/src/github.com/andela/bin:/usr/local/opt/go/libexec/bin:/Users/elchroy/.rvm/bin:/Users/elchroy/Library/Android/sdk/tools:/Users/elchroy/Library/Android/sdk/platform-tools
SHELL=/bin/zsh

Signal Handlers:
SIGSEGV: [libjvm.dylib+0x5af145], sa_mask[0]=11111111011111110111111111111111, sa_flags=SA_ONSTACK|SA_RESTART|SA_SIGINFO
SIGBUS: [libjvm.dylib+0x5af145], sa_mask[0]=11111111011111110111111111111111, sa_flags=SA_RESTART|SA_SIGINFO
SIGFPE: [libjvm.dylib+0x48694c], sa_mask[0]=11111111011111110111111111111111, sa_flags=SA_RESTART|SA_SIGINFO
SIGPIPE: [libjvm.dylib+0x48694c], sa_mask[0]=11111111011111110111111111111111, sa_flags=SA_RESTART|SA_SIGINFO
SIGXFSZ: [libjvm.dylib+0x48694c], sa_mask[0]=11111111011111110111111111111111, sa_flags=SA_RESTART|SA_SIGINFO
SIGILL: [libjvm.dylib+0x48694c], sa_mask[0]=11111111011111110111111111111111, sa_flags=SA_RESTART|SA_SIGINFO
SIGUSR1: SIG_DFL, sa_mask[0]=11111111011111110111111111111111, sa_flags=none
SIGUSR2: [libjvm.dylib+0x48646a], sa_mask[0]=00000000000000000000000000000000, sa_flags=SA_RESTART|SA_SIGINFO
SIGHUP: [libjvm.dylib+0x484a41], sa_mask[0]=11111111011111110111111111111111, sa_flags=SA_RESTART|SA_SIGINFO
SIGINT: [libjvm.dylib+0x484a41], sa_mask[0]=11111111011111110111111111111111, sa_flags=SA_RESTART|SA_SIGINFO
SIGTERM: [libjvm.dylib+0x484a41], sa_mask[0]=11111111011111110111111111111111, sa_flags=SA_RESTART|SA_SIGINFO
SIGQUIT: [libjvm.dylib+0x484a41], sa_mask[0]=11111111011111110111111111111111, sa_flags=SA_RESTART|SA_SIGINFO


---------------  S Y S T E M  ---------------

OS:Bsduname:Darwin 16.4.0 Darwin Kernel Version 16.4.0: Thu Dec 22 22:53:21 PST 2016; root:xnu-3789.41.3~3/RELEASE_X86_64 x86_64
rlimit: STACK 8192k, CORE 0k, NPROC 709, NOFILE 10240, AS infinity
load average:5.68 4.28 4.08

CPU:total 4 (2 cores per cpu, 2 threads per core) family 6 model 61 stepping 4, cmov, cx8, fxsr, mmx, sse, sse2, sse3, ssse3, sse4.1, sse4.2, popcnt, avx, avx2, aes, clmul, erms, 3dnowpref, lzcnt, ht, tsc, tscinvbit, bmi1, bmi2, adx

Memory: 4k page, physical 8388608k(178856k free)

/proc/meminfo:


vm_info: Java HotSpot(TM) 64-Bit Server VM (25.101-b13) for bsd-amd64 JRE (1.8.0_101-b13), built on Jun 22 2016 02:42:15 by "java_re" with gcc 4.2.1 (Based on Apple Inc. build 5658) (LLVM build 2336.11.00)

time: Mon Feb  6 12:46:45 2017
elapsed time: 13 seconds (0d 0h 0m 13s)

