#
# A fatal error has been detected by the Java Runtime Environment:
#
#  SIGSEGV (0xb) at pc=0x0000000104686498, pid=10883, tid=0x0000000000000307
#
# JRE version: Java(TM) SE Runtime Environment (8.0_101-b13) (build 1.8.0_101-b13)
# Java VM: Java HotSpot(TM) 64-Bit Server VM (25.101-b13 mixed mode bsd-amd64 compressed oops)
# Problematic frame:
# V  [libjvm.dylib+0x486498]
#
# Failed to write core dump. Core dumps have been disabled. To enable core dumping, try "ulimit -c unlimited" before starting Java again
#
# If you would like to submit a bug report, please visit:
#   http://bugreport.java.com/bugreport/crash.jsp
#

---------------  T H R E A D  ---------------

Current thread is native thread

siginfo: si_signo: 11 (SIGSEGV), si_code: 1 (SEGV_MAPERR), si_addr: 0x0000000000000128

Registers:
RAX=0x0000000000000000, RBX=0x00007fff5cb577a0, RCX=0x00007fffb19f4408, RDX=0x00007fff5cb577a0
RSP=0x00007fff5cb572d0, RBP=0x00007fff5cb57300, RSI=0x00007fff5cb57738, RDI=0x0000000000000103
R8 =0x00007fff5cb577a0, R9 =0x00000000ffffffff, R10=0x0000000000000c00, R11=0x0000000000000206
R12=0x0000000000000c00, R13=0x0000000000000000, R14=0x00007fff5cb57738, R15=0x0000000000000002
RIP=0x0000000104686498, EFLAGS=0x0000000000010202, ERR=0x0000000000000004
  TRAPNO=0x000000000000000e

Top of Stack: (sp=0x00007fff5cb572d0)
0x00007fff5cb572d0:   0000000000000000 00007fff5cb577a0
0x00007fff5cb572e0:   0000000000000c00 0000000000000000
0x00007fff5cb572f0:   00007fff5cb579d0 0000000000000d03
0x00007fff5cb57300:   00007fff5cb57310 00007fffa8db4bba
0x00007fff5cb57310:   00007fff5cb578a0 0000000000015c00
0x00007fff5cb57320:   00015d00ae448958 00007fffb188a2d0
0x00007fff5cb57330:   0100001f00000085 00007fff93650680
0x00007fff5cb57340:   0000000010004005 00000000ffffffff
0x00007fff5cb57350:   00007fff5cb57858 0000000000000000
0x00007fff5cb57360:   00007fff5cb579d0 0000000007000806
0x00007fff5cb57370:   00007fff5cb578a0 00007fff5cb57858
0x00007fff5cb57380:   0000000000000d03 00000000ffffffff
0x00007fff5cb57390:   0000000000000c00 0000000000000206
0x00007fff5cb573a0:   0000000000000c00 0000000000000000
0x00007fff5cb573b0:   00007fff5cb579d0 0000000000000d03
0x00007fff5cb573c0:   00000001038e938a 0000000000000206
0x00007fff5cb573d0:   0000000000000007 0000000000000000
0x00007fff5cb573e0:   0000000000000000 0000000000000000
0x00007fff5cb573f0:   000000000000037f 0000000000000000
0x00007fff5cb57400:   0000000000000000 0000ffff00001fa0
0x00007fff5cb57410:   0000000000000000 000000000000ffff
0x00007fff5cb57420:   0000000000000100 000000000000ffff
0x00007fff5cb57430:   0000000000000000 0000000000000000
0x00007fff5cb57440:   0000000000000000 0000000000000000
0x00007fff5cb57450:   87bc000000000000 000000000000c00b
0x00007fff5cb57460:   0000000000000000 0000000000000000
0x00007fff5cb57470:   bb78000000000000 000000000000400b
0x00007fff5cb57480:   0000000000000000 0000000000000000
0x00007fff5cb57490:   41be4c877d6d3187 0000000000000000
0x00007fff5cb574a0:   3fdb4c61d8622c45 0000000000000000
0x00007fff5cb574b0:   c3de3f8ba865af7e 439c074579a5081a
0x00007fff5cb574c0:   0000000000000000 0000000000000000 

Instructions: (pc=0x0000000104686498)
0x0000000104686478:   83 ec 08 48 89 d3 49 89 f6 e8 00 26 14 00 44 8b
0x0000000104686488:   38 48 8d 05 20 cd 3a 00 48 63 38 e8 ca 28 14 00
0x0000000104686498:   4c 8b a0 28 01 00 00 41 83 7c 24 34 01 0f 85 e2
0x00000001046864a8:   00 00 00 49 89 5c 24 40 4d 89 74 24 38 49 8d 5c 

Register to memory mapping:

RAX=0x0000000000000000 is an unknown value
RBX=0x00007fff5cb577a0 is an unknown value
RCX=0x00007fffb19f4408: _thread+0x48 in /usr/lib/system/libsystem_pthread.dylib at 0x00007fffa8dbb000
RDX=0x00007fff5cb577a0 is an unknown value
RSP=0x00007fff5cb572d0 is an unknown value
RBP=0x00007fff5cb57300 is an unknown value
RSI=0x00007fff5cb57738 is an unknown value
RDI=0x0000000000000103 is an unknown value
R8 =0x00007fff5cb577a0 is an unknown value
R9 =0x00000000ffffffff is an unknown value
R10=0x0000000000000c00 is an unknown value
R11=0x0000000000000206 is an unknown value
R12=0x0000000000000c00 is an unknown value
R13=0x0000000000000000 is an unknown value
R14=0x00007fff5cb57738 is an unknown value
R15=0x0000000000000002 is an unknown value


Stack: [0x00007fff5c35c000,0x00007fff5cb5c000],  sp=0x00007fff5cb572d0,  free space=8172k
Native frames: (J=compiled Java code, j=interpreted, Vv=VM code, C=native code)
V  [libjvm.dylib+0x486498]
C  [libsystem_platform.dylib+0x2bba]  _sigtramp+0x1a
C  0x0000000000015c00
C  [CoreFoundation+0x88c94]  __CFRunLoopServiceMachPort+0xd4
C  [CoreFoundation+0x88121]  __CFRunLoopRun+0x551
C  [CoreFoundation+0x87974]  CFRunLoopRunSpecific+0x1a4
C  [java+0x6465]  CreateExecutionEnvironment+0x367
C  [java+0x218c]  JLI_Launch+0x7a0
C  [java+0x84c2]  main+0x65
C  [java+0x19e4]  start+0x34


---------------  P R O C E S S  ---------------

VM state:not at safepoint (normal execution)

VM Mutex/Monitor currently owned by a thread: None

Heap:
 PSYoungGen      total 163840K, used 106856K [0x0000000795580000, 0x00000007a3900000, 0x00000007c0000000)
  eden space 149504K, 71% used [0x0000000795580000,0x000000079bdda128,0x000000079e780000)
  from space 14336K, 0% used [0x000000079f780000,0x000000079f780000,0x00000007a0580000)
  to   space 16384K, 0% used [0x000000079e780000,0x000000079e780000,0x000000079f780000)
 ParOldGen       total 105984K, used 24557K [0x0000000740000000, 0x0000000746780000, 0x0000000795580000)
  object space 105984K, 23% used [0x0000000740000000,0x00000007417fb608,0x0000000746780000)
 Metaspace       used 36079K, capacity 37166K, committed 37464K, reserved 1081344K
  class space    used 5002K, capacity 5424K, committed 5504K, reserved 1048576K

Card table byte_map: [0x00000001055b1000,0x00000001059b2000] byte_map_base: 0x0000000101bb1000

Marking Bits: (ParMarkBitMap*) 0x0000000104aedd20
 Begin Bits: [0x0000000114fbe000, 0x0000000116fbe000)
 End Bits:   [0x0000000116fbe000, 0x0000000118fbe000)

Polling page: 0x00000001030cc000

CodeCache: size=245760Kb used=11358Kb max_used=11358Kb free=234401Kb
 bounds [0x0000000105fbe000, 0x0000000106ade000, 0x0000000114fbe000]
 total_blobs=3981 nmethods=3331 adapters=563
 compilation: enabled

Compilation events (10 events):
Event: 12.847 Thread 0x00007f851c819800 3434       2       com.google.common.collect.ImmutableList::asList (2 bytes)
Event: 12.848 Thread 0x00007f851c819800 nmethod 3434 0x0000000106ad8750 code [0x0000000106ad88a0, 0x0000000106ad89f0]
Event: 12.850 Thread 0x00007f851c819800 3435       2       org.gradle.api.internal.file.collections.DefaultConfigurableFileCollection::<init> (43 bytes)
Event: 12.852 Thread 0x00007f851c819800 nmethod 3435 0x0000000106ad8a90 code [0x0000000106ad8c60, 0x0000000106ad9228]
Event: 12.852 Thread 0x00007f851c819800 3436       2       org.gradle.util.GUtil::addToCollection (7 bytes)
Event: 12.853 Thread 0x00007f851c819800 nmethod 3436 0x0000000106ad9690 code [0x0000000106ad9800, 0x0000000106ad9968]
Event: 12.856 Thread 0x00007f851c819800 3437       2       org.gradle.api.internal.AbstractClassGenerator$PropertyMetaData::addSetMethod (12 bytes)
Event: 12.856 Thread 0x00007f851c819800 nmethod 3437 0x0000000106ad9a10 code [0x0000000106ad9b80, 0x0000000106ad9d08]
Event: 12.862 Thread 0x00007f851c819800 3438       2       java.util.regex.Pattern$Dollar::match (209 bytes)
Event: 12.863 Thread 0x00007f851c819800 nmethod 3438 0x0000000106ad9d90 code [0x0000000106ad9f60, 0x0000000106ada3b8]

GC Heap History (10 events):
Event: 4.791 GC heap before
{Heap before GC invocations=6 (full 1):
 PSYoungGen      total 71680K, used 5104K [0x0000000795580000, 0x000000079ea80000, 0x00000007c0000000)
  eden space 66560K, 0% used [0x0000000795580000,0x0000000795580000,0x0000000799680000)
  from space 5120K, 99% used [0x0000000799680000,0x0000000799b7c050,0x0000000799b80000)
  to   space 9728K, 0% used [0x000000079e100000,0x000000079e100000,0x000000079ea80000)
 ParOldGen       total 87552K, used 9379K [0x0000000740000000, 0x0000000745580000, 0x0000000795580000)
  object space 87552K, 10% used [0x0000000740000000,0x0000000740928c90,0x0000000745580000)
 Metaspace       used 20802K, capacity 21118K, committed 21248K, reserved 1067008K
  class space    used 2821K, capacity 2978K, committed 3072K, reserved 1048576K
Event: 4.890 GC heap after
Heap after GC invocations=6 (full 1):
 PSYoungGen      total 71680K, used 0K [0x0000000795580000, 0x000000079ea80000, 0x00000007c0000000)
  eden space 66560K, 0% used [0x0000000795580000,0x0000000795580000,0x0000000799680000)
  from space 5120K, 0% used [0x0000000799680000,0x0000000799680000,0x0000000799b80000)
  to   space 9728K, 0% used [0x000000079e100000,0x000000079e100000,0x000000079ea80000)
 ParOldGen       total 61952K, used 8849K [0x0000000740000000, 0x0000000743c80000, 0x0000000795580000)
  object space 61952K, 14% used [0x0000000740000000,0x00000007408a46c0,0x0000000743c80000)
 Metaspace       used 20802K, capacity 21118K, committed 21248K, reserved 1067008K
  class space    used 2821K, capacity 2978K, committed 3072K, reserved 1048576K
}
Event: 6.749 GC heap before
{Heap before GC invocations=7 (full 1):
 PSYoungGen      total 71680K, used 66560K [0x0000000795580000, 0x000000079ea80000, 0x00000007c0000000)
  eden space 66560K, 100% used [0x0000000795580000,0x0000000799680000,0x0000000799680000)
  from space 5120K, 0% used [0x0000000799680000,0x0000000799680000,0x0000000799b80000)
  to   space 9728K, 0% used [0x000000079e100000,0x000000079e100000,0x000000079ea80000)
 ParOldGen       total 61952K, used 8849K [0x0000000740000000, 0x0000000743c80000, 0x0000000795580000)
  object space 61952K, 14% used [0x0000000740000000,0x00000007408a46c0,0x0000000743c80000)
 Metaspace       used 25364K, capacity 25984K, committed 26240K, reserved 1071104K
  class space    used 3432K, capacity 3673K, committed 3712K, reserved 1048576K
Event: 6.783 GC heap after
Heap after GC invocations=7 (full 1):
 PSYoungGen      total 108032K, used 5942K [0x0000000795580000, 0x000000079e700000, 0x00000007c0000000)
  eden space 101888K, 0% used [0x0000000795580000,0x0000000795580000,0x000000079b900000)
  from space 6144K, 96% used [0x000000079e100000,0x000000079e6cda90,0x000000079e700000)
  to   space 9728K, 0% used [0x000000079d400000,0x000000079d400000,0x000000079dd80000)
 ParOldGen       total 61952K, used 8849K [0x0000000740000000, 0x0000000743c80000, 0x0000000795580000)
  object space 61952K, 14% used [0x0000000740000000,0x00000007408a46c0,0x0000000743c80000)
 Metaspace       used 25364K, capacity 25984K, committed 26240K, reserved 1071104K
  class space    used 3432K, capacity 3673K, committed 3712K, reserved 1048576K
}
Event: 9.827 GC heap before
{Heap before GC invocations=8 (full 1):
 PSYoungGen      total 108032K, used 107830K [0x0000000795580000, 0x000000079e700000, 0x00000007c0000000)
  eden space 101888K, 100% used [0x0000000795580000,0x000000079b900000,0x000000079b900000)
  from space 6144K, 96% used [0x000000079e100000,0x000000079e6cda90,0x000000079e700000)
  to   space 9728K, 0% used [0x000000079d400000,0x000000079d400000,0x000000079dd80000)
 ParOldGen       total 61952K, used 8849K [0x0000000740000000, 0x0000000743c80000, 0x0000000795580000)
  object space 61952K, 14% used [0x0000000740000000,0x00000007408a46c0,0x0000000743c80000)
 Metaspace       used 32097K, capacity 32974K, committed 33280K, reserved 1077248K
  class space    used 4463K, capacity 4803K, committed 4864K, reserved 1048576K
Event: 9.851 GC heap after
Heap after GC invocations=8 (full 1):
 PSYoungGen      total 139264K, used 9712K [0x0000000795580000, 0x00000007a0580000, 0x00000007c0000000)
  eden space 129536K, 0% used [0x0000000795580000,0x0000000795580000,0x000000079d400000)
  from space 9728K, 99% used [0x000000079d400000,0x000000079dd7c010,0x000000079dd80000)
  to   space 14336K, 0% used [0x000000079f780000,0x000000079f780000,0x00000007a0580000)
 ParOldGen       total 61952K, used 16068K [0x0000000740000000, 0x0000000743c80000, 0x0000000795580000)
  object space 61952K, 25% used [0x0000000740000000,0x0000000740fb13b8,0x0000000743c80000)
 Metaspace       used 32097K, capacity 32974K, committed 33280K, reserved 1077248K
  class space    used 4463K, capacity 4803K, committed 4864K, reserved 1048576K
}
Event: 10.706 GC heap before
{Heap before GC invocations=9 (full 1):
 PSYoungGen      total 139264K, used 53522K [0x0000000795580000, 0x00000007a0580000, 0x00000007c0000000)
  eden space 129536K, 33% used [0x0000000795580000,0x0000000798048bc8,0x000000079d400000)
  from space 9728K, 99% used [0x000000079d400000,0x000000079dd7c010,0x000000079dd80000)
  to   space 14336K, 0% used [0x000000079f780000,0x000000079f780000,0x00000007a0580000)
 ParOldGen       total 61952K, used 16068K [0x0000000740000000, 0x0000000743c80000, 0x0000000795580000)
  object space 61952K, 25% used [0x0000000740000000,0x0000000740fb13b8,0x0000000743c80000)
 Metaspace       used 34332K, capacity 35272K, committed 35416K, reserved 1079296K
  class space    used 4782K, capacity 5166K, committed 5248K, reserved 1048576K
Event: 10.741 GC heap after
Heap after GC invocations=9 (full 1):
 PSYoungGen      total 163840K, used 14315K [0x0000000795580000, 0x00000007a3900000, 0x00000007c0000000)
  eden space 149504K, 0% used [0x0000000795580000,0x0000000795580000,0x000000079e780000)
  from space 14336K, 99% used [0x000000079f780000,0x00000007a057ac60,0x00000007a0580000)
  to   space 16384K, 0% used [0x000000079e780000,0x000000079e780000,0x000000079f780000)
 ParOldGen       total 61952K, used 16525K [0x0000000740000000, 0x0000000743c80000, 0x0000000795580000)
  object space 61952K, 26% used [0x0000000740000000,0x00000007410236e8,0x0000000743c80000)
 Metaspace       used 34332K, capacity 35272K, committed 35416K, reserved 1079296K
  class space    used 4782K, capacity 5166K, committed 5248K, reserved 1048576K
}
Event: 10.741 GC heap before
{Heap before GC invocations=10 (full 2):
 PSYoungGen      total 163840K, used 14315K [0x0000000795580000, 0x00000007a3900000, 0x00000007c0000000)
  eden space 149504K, 0% used [0x0000000795580000,0x0000000795580000,0x000000079e780000)
  from space 14336K, 99% used [0x000000079f780000,0x00000007a057ac60,0x00000007a0580000)
  to   space 16384K, 0% used [0x000000079e780000,0x000000079e780000,0x000000079f780000)
 ParOldGen       total 61952K, used 16525K [0x0000000740000000, 0x0000000743c80000, 0x0000000795580000)
  object space 61952K, 26% used [0x0000000740000000,0x00000007410236e8,0x0000000743c80000)
 Metaspace       used 34332K, capacity 35272K, committed 35416K, reserved 1079296K
  class space    used 4782K, capacity 5166K, committed 5248K, reserved 1048576K
Event: 10.947 GC heap after
Heap after GC invocations=10 (full 2):
 PSYoungGen      total 163840K, used 0K [0x0000000795580000, 0x00000007a3900000, 0x00000007c0000000)
  eden space 149504K, 0% used [0x0000000795580000,0x0000000795580000,0x000000079e780000)
  from space 14336K, 0% used [0x000000079f780000,0x000000079f780000,0x00000007a0580000)
  to   space 16384K, 0% used [0x000000079e780000,0x000000079e780000,0x000000079f780000)
 ParOldGen       total 105984K, used 24557K [0x0000000740000000, 0x0000000746780000, 0x0000000795580000)
  object space 105984K, 23% used [0x0000000740000000,0x00000007417fb608,0x0000000746780000)
 Metaspace       used 34332K, capacity 35272K, committed 35416K, reserved 1079296K
  class space    used 4782K, capacity 5166K, committed 5248K, reserved 1048576K
}

Deoptimization events (10 events):
Event: 7.875 Thread 0x00007f851b801800 Uncommon trap: reason=unstable_if action=reinterpret pc=0x000000010628cf74 method=java.util.LinkedHashMap.afterNodeInsertion(Z)V @ 1
Event: 7.978 Thread 0x00007f851b801800 Uncommon trap: reason=unstable_if action=reinterpret pc=0x000000010627ff30 method=java.util.HashMap.hash(Ljava/lang/Object;)I @ 1
Event: 8.595 Thread 0x00007f851b801800 Uncommon trap: reason=class_check action=maybe_recompile pc=0x000000010663c920 method=java.lang.Throwable.<init>(Ljava/lang/String;Ljava/lang/Throwable;)V @ 24
Event: 10.496 Thread 0x00007f851b801800 Uncommon trap: reason=unstable_if action=reinterpret pc=0x00000001062effa4 method=java.util.HashMap.hash(Ljava/lang/Object;)I @ 1
Event: 10.604 Thread 0x00007f851b801800 Uncommon trap: reason=unstable_if action=reinterpret pc=0x0000000106323e34 method=java.lang.AbstractStringBuilder.append(Ljava/lang/String;)Ljava/lang/AbstractStringBuilder; @ 1
Event: 11.740 Thread 0x00007f851b801800 Uncommon trap: reason=predicate action=maybe_recompile pc=0x0000000106a50a54 method=java.util.AbstractCollection.toArray([Ljava/lang/Object;)[Ljava/lang/Object; @ 49
Event: 11.894 Thread 0x00007f851b801800 Uncommon trap: reason=array_check action=maybe_recompile pc=0x0000000106a61f48 method=java.util.AbstractCollection.toArray([Ljava/lang/Object;)[Ljava/lang/Object; @ 119
Event: 11.895 Thread 0x00007f851b801800 Uncommon trap: reason=array_check action=maybe_recompile pc=0x0000000106a61f48 method=java.util.AbstractCollection.toArray([Ljava/lang/Object;)[Ljava/lang/Object; @ 119
Event: 11.900 Thread 0x00007f851b801800 Uncommon trap: reason=array_check action=maybe_recompile pc=0x0000000106a61f48 method=java.util.AbstractCollection.toArray([Ljava/lang/Object;)[Ljava/lang/Object; @ 119
Event: 11.900 Thread 0x00007f851b801800 Uncommon trap: reason=array_check action=maybe_recompile pc=0x0000000106a61f48 method=java.util.AbstractCollection.toArray([Ljava/lang/Object;)[Ljava/lang/Object; @ 119

Internal exceptions (10 events):
Event: 12.824 Thread 0x00007f851b801800 Exception <a 'java/lang/ClassNotFoundException': com/android/build/gradle/internal/tasks/UninstallTask_DecoratedBeanInfo> (0x000000079b881c48) thrown at [/HUDSON3/workspace/8-2-build-macosx-x86_64/jdk8u101/7261/hotspot/src/share/vm/classfile/systemDiction
Event: 12.824 Thread 0x00007f851b801800 Exception <a 'java/lang/ClassNotFoundException': com/android/build/gradle/internal/tasks/UninstallTaskBeanInfo> (0x000000079b896a78) thrown at [/HUDSON3/workspace/8-2-build-macosx-x86_64/jdk8u101/7261/hotspot/src/share/vm/classfile/systemDictionary.cpp, l
Event: 12.825 Thread 0x00007f851b801800 Exception <a 'java/lang/ClassNotFoundException': com/android/build/gradle/internal/tasks/UninstallTaskCustomizer> (0x000000079b8abbf0) thrown at [/HUDSON3/workspace/8-2-build-macosx-x86_64/jdk8u101/7261/hotspot/src/share/vm/classfile/systemDictionary.cpp,
Event: 12.827 Thread 0x00007f851b801800 Exception <a 'java/lang/ClassNotFoundException': com/android/build/gradle/internal/tasks/UninstallTask_DecoratedCustomizer> (0x000000079b903370) thrown at [/HUDSON3/workspace/8-2-build-macosx-x86_64/jdk8u101/7261/hotspot/src/share/vm/classfile/systemDicti
Event: 12.845 Thread 0x00007f851b801800 Exception <a 'java/lang/ClassNotFoundException': com/android/build/gradle/internal/variant/TestVariantDataBeanInfo> (0x000000079ba1e548) thrown at [/HUDSON3/workspace/8-2-build-macosx-x86_64/jdk8u101/7261/hotspot/src/share/vm/classfile/systemDictionary.cp
Event: 12.845 Thread 0x00007f851b801800 Exception <a 'java/lang/ClassNotFoundException': com/android/build/gradle/internal/variant/TestVariantDataCustomizer> (0x000000079ba326f8) thrown at [/HUDSON3/workspace/8-2-build-macosx-x86_64/jdk8u101/7261/hotspot/src/share/vm/classfile/systemDictionary.
Event: 12.860 Thread 0x00007f851b801800 Exception <a 'java/lang/ClassNotFoundException': com/android/build/gradle/tasks/PreCompilationVerificationTask_DecoratedBeanInfo> (0x000000079bb169a8) thrown at [/HUDSON3/workspace/8-2-build-macosx-x86_64/jdk8u101/7261/hotspot/src/share/vm/classfile/syste
Event: 12.860 Thread 0x00007f851b801800 Exception <a 'java/lang/ClassNotFoundException': com/android/build/gradle/tasks/PreCompilationVerificationTaskBeanInfo> (0x000000079bb2aff0) thrown at [/HUDSON3/workspace/8-2-build-macosx-x86_64/jdk8u101/7261/hotspot/src/share/vm/classfile/systemDictionar
Event: 12.861 Thread 0x00007f851b801800 Exception <a 'java/lang/ClassNotFoundException': com/android/build/gradle/tasks/PreCompilationVerificationTaskCustomizer> (0x000000079bb3f960) thrown at [/HUDSON3/workspace/8-2-build-macosx-x86_64/jdk8u101/7261/hotspot/src/share/vm/classfile/systemDiction
Event: 12.865 Thread 0x00007f851b801800 Exception <a 'java/lang/ClassNotFoundException': com/android/build/gradle/tasks/PreCompilationVerificationTask_DecoratedCustomizer> (0x000000079bb961f0) thrown at [/HUDSON3/workspace/8-2-build-macosx-x86_64/jdk8u101/7261/hotspot/src/share/vm/classfile/sys

Events (10 events):
Event: 12.861 loading class com/android/build/gradle/tasks/PreCompilationVerificationTaskCustomizer
Event: 12.861 loading class com/android/build/gradle/tasks/PreCompilationVerificationTaskCustomizer done
Event: 12.861 loading class com/android/build/gradle/tasks/PreCompilationVerificationTaskCustomizer
Event: 12.861 loading class com/android/build/gradle/tasks/PreCompilationVerificationTaskCustomizer done
Event: 12.864 loading class com/android/build/gradle/tasks/PreCompilationVerificationTask_DecoratedCustomizer
Event: 12.864 loading class com/android/build/gradle/tasks/PreCompilationVerificationTask_DecoratedCustomizer done
Event: 12.864 loading class com/android/build/gradle/tasks/PreCompilationVerificationTask_DecoratedCustomizer
Event: 12.864 loading class com/android/build/gradle/tasks/PreCompilationVerificationTask_DecoratedCustomizer done
Event: 12.865 loading class com/android/build/gradle/tasks/PreCompilationVerificationTask_DecoratedCustomizer
Event: 12.865 loading class com/android/build/gradle/tasks/PreCompilationVerificationTask_DecoratedCustomizer done


Dynamic libraries:
0x000000001e29e000 	/System/Library/Frameworks/Cocoa.framework/Versions/A/Cocoa
0x000000001e29e000 	/System/Library/Frameworks/Security.framework/Versions/A/Security
0x000000001e29e000 	/System/Library/Frameworks/ApplicationServices.framework/Versions/A/ApplicationServices
0x000000001e29e000 	/usr/lib/libz.1.dylib
0x00000001030c2000 	/usr/lib/libSystem.B.dylib
0x000000001e29e000 	/usr/lib/libobjc.A.dylib
0x000000001e29e000 	/System/Library/Frameworks/CoreFoundation.framework/Versions/A/CoreFoundation
0x000000001e29e000 	/System/Library/Frameworks/Foundation.framework/Versions/C/Foundation
0x000000001e29e000 	/System/Library/Frameworks/AppKit.framework/Versions/C/AppKit
0x000000001e29e000 	/System/Library/Frameworks/CoreData.framework/Versions/A/CoreData
0x000000001e29e000 	/System/Library/PrivateFrameworks/RemoteViewServices.framework/Versions/A/RemoteViewServices
0x000000001e29e000 	/System/Library/PrivateFrameworks/UIFoundation.framework/Versions/A/UIFoundation
0x000000001e29e000 	/System/Library/PrivateFrameworks/DFRFoundation.framework/Versions/A/DFRFoundation
0x000000001e29e000 	/usr/lib/libenergytrace.dylib
0x000000001e29e000 	/System/Library/PrivateFrameworks/SkyLight.framework/Versions/A/SkyLight
0x000000001e29e000 	/System/Library/Frameworks/CoreGraphics.framework/Versions/A/CoreGraphics
0x000000001e29e000 	/usr/lib/libScreenReader.dylib
0x000000001e29e000 	/System/Library/Frameworks/Accelerate.framework/Versions/A/Accelerate
0x000000001e29e000 	/System/Library/Frameworks/IOSurface.framework/Versions/A/IOSurface
0x000000001e29e000 	/System/Library/Frameworks/AudioToolbox.framework/Versions/A/AudioToolbox
0x000000001e29e000 	/System/Library/Frameworks/AudioUnit.framework/Versions/A/AudioUnit
0x000000001e29e000 	/System/Library/PrivateFrameworks/DataDetectorsCore.framework/Versions/A/DataDetectorsCore
0x000000001e29e000 	/System/Library/PrivateFrameworks/DesktopServicesPriv.framework/Versions/A/DesktopServicesPriv
0x000000001e29e000 	/System/Library/Frameworks/Carbon.framework/Versions/A/Frameworks/HIToolbox.framework/Versions/A/HIToolbox
0x000000001e29e000 	/usr/lib/libicucore.A.dylib
0x000000001e29e000 	/System/Library/Frameworks/QuartzCore.framework/Versions/A/QuartzCore
0x000000001e29e000 	/System/Library/Frameworks/Carbon.framework/Versions/A/Frameworks/SpeechRecognition.framework/Versions/A/SpeechRecognition
0x000000001e29e000 	/usr/lib/libauto.dylib
0x000000001e29e000 	/usr/lib/libxml2.2.dylib
0x000000001e29e000 	/System/Library/PrivateFrameworks/CoreUI.framework/Versions/A/CoreUI
0x000000001e29e000 	/System/Library/Frameworks/CoreAudio.framework/Versions/A/CoreAudio
0x000000001e29e000 	/System/Library/Frameworks/DiskArbitration.framework/Versions/A/DiskArbitration
0x000000001e29e000 	/usr/lib/liblangid.dylib
0x000000001e29e000 	/System/Library/PrivateFrameworks/MultitouchSupport.framework/Versions/A/MultitouchSupport
0x00000001030d0000 	/System/Library/Frameworks/IOKit.framework/Versions/A/IOKit
0x000000001e29e000 	/usr/lib/libDiagnosticMessagesClient.dylib
0x000000001e29e000 	/System/Library/Frameworks/CoreServices.framework/Versions/A/CoreServices
0x000000001e29e000 	/System/Library/PrivateFrameworks/PerformanceAnalysis.framework/Versions/A/PerformanceAnalysis
0x000000001e29e000 	/System/Library/PrivateFrameworks/GenerationalStorage.framework/Versions/A/GenerationalStorage
0x000000001e29e000 	/System/Library/Frameworks/OpenGL.framework/Versions/A/OpenGL
0x000000001e29e000 	/System/Library/Frameworks/CoreImage.framework/Versions/A/CoreImage
0x000000001e29e000 	/System/Library/Frameworks/CoreText.framework/Versions/A/CoreText
0x000000001e29e000 	/System/Library/Frameworks/ImageIO.framework/Versions/A/ImageIO
0x000000001e29e000 	/System/Library/PrivateFrameworks/Backup.framework/Versions/A/Backup
0x000000001e29e000 	/usr/lib/libarchive.2.dylib
0x00000001031ae000 	/System/Library/Frameworks/CFNetwork.framework/Versions/A/CFNetwork
0x000000001e29e000 	/System/Library/Frameworks/SystemConfiguration.framework/Versions/A/SystemConfiguration
0x000000001e29e000 	/usr/lib/libCRFSuite.dylib
0x000000001e29e000 	/usr/lib/libc++.1.dylib
0x000000001e29e000 	/usr/lib/libc++abi.dylib
0x000000001e29e000 	/usr/lib/system/libcache.dylib
0x000000001e29e000 	/usr/lib/system/libcommonCrypto.dylib
0x000000001e29e000 	/usr/lib/system/libcompiler_rt.dylib
0x000000001e29e000 	/usr/lib/system/libcopyfile.dylib
0x000000001e29e000 	/usr/lib/system/libcorecrypto.dylib
0x000000001e29e000 	/usr/lib/system/libdispatch.dylib
0x000000010389f000 	/usr/lib/system/libdyld.dylib
0x000000001e29e000 	/usr/lib/system/libkeymgr.dylib
0x000000001e29e000 	/usr/lib/system/liblaunch.dylib
0x000000001e29e000 	/usr/lib/system/libmacho.dylib
0x000000001e29e000 	/usr/lib/system/libquarantine.dylib
0x000000001e29e000 	/usr/lib/system/libremovefile.dylib
0x000000001e29e000 	/usr/lib/system/libsystem_asl.dylib
0x000000001e29e000 	/usr/lib/system/libsystem_blocks.dylib
0x000000001e29e000 	/usr/lib/system/libsystem_c.dylib
0x000000001e29e000 	/usr/lib/system/libsystem_configuration.dylib
0x000000001e29e000 	/usr/lib/system/libsystem_coreservices.dylib
0x00000001038b3000 	/usr/lib/system/libsystem_coretls.dylib
0x000000001e29e000 	/usr/lib/system/libsystem_dnssd.dylib
0x000000001e29e000 	/usr/lib/system/libsystem_info.dylib
0x00000001038d7000 	/usr/lib/system/libsystem_kernel.dylib
0x000000001e29e000 	/usr/lib/system/libsystem_m.dylib
0x000000001e29e000 	/usr/lib/system/libsystem_malloc.dylib
0x000000001e29e000 	/usr/lib/system/libsystem_network.dylib
0x0000000103916000 	/usr/lib/system/libsystem_networkextension.dylib
0x000000001e29e000 	/usr/lib/system/libsystem_notify.dylib
0x000000001e29e000 	/usr/lib/system/libsystem_platform.dylib
0x000000001e29e000 	/usr/lib/system/libsystem_pthread.dylib
0x0000000103931000 	/usr/lib/system/libsystem_sandbox.dylib
0x000000001e29e000 	/usr/lib/system/libsystem_secinit.dylib
0x0000000103942000 	/usr/lib/system/libsystem_symptoms.dylib
0x0000000103956000 	/usr/lib/system/libsystem_trace.dylib
0x000000001e29e000 	/usr/lib/system/libunwind.dylib
0x000000001e29e000 	/usr/lib/system/libxpc.dylib
0x000000001e29e000 	/usr/lib/libbsm.0.dylib
0x000000010398f000 	/usr/lib/system/libkxld.dylib
0x000000001e29e000 	/usr/lib/libcoretls.dylib
0x000000001e29e000 	/usr/lib/libcoretls_cfhelpers.dylib
0x000000001e29e000 	/usr/lib/libxar.1.dylib
0x000000001e29e000 	/usr/lib/libsqlite3.dylib
0x000000001e29e000 	/usr/lib/libpam.2.dylib
0x000000001e29e000 	/usr/lib/libOpenScriptingUtil.dylib
0x000000001e29e000 	/usr/lib/libbz2.1.0.dylib
0x000000001e29e000 	/usr/lib/liblzma.5.dylib
0x000000001e29e000 	/usr/lib/libnetwork.dylib
0x000000001e29e000 	/usr/lib/libpcap.A.dylib
0x000000001e29e000 	/System/Library/Frameworks/CoreServices.framework/Versions/A/Frameworks/FSEvents.framework/Versions/A/FSEvents
0x000000001e29e000 	/System/Library/Frameworks/CoreServices.framework/Versions/A/Frameworks/CarbonCore.framework/Versions/A/CarbonCore
0x000000001e29e000 	/System/Library/Frameworks/CoreServices.framework/Versions/A/Frameworks/Metadata.framework/Versions/A/Metadata
0x000000001e29e000 	/System/Library/Frameworks/CoreServices.framework/Versions/A/Frameworks/OSServices.framework/Versions/A/OSServices
0x000000001e29e000 	/System/Library/Frameworks/CoreServices.framework/Versions/A/Frameworks/SearchKit.framework/Versions/A/SearchKit
0x000000001e29e000 	/System/Library/Frameworks/CoreServices.framework/Versions/A/Frameworks/AE.framework/Versions/A/AE
0x000000001e29e000 	/System/Library/Frameworks/CoreServices.framework/Versions/A/Frameworks/LaunchServices.framework/Versions/A/LaunchServices
0x000000001e29e000 	/System/Library/Frameworks/CoreServices.framework/Versions/A/Frameworks/DictionaryServices.framework/Versions/A/DictionaryServices
0x000000001e29e000 	/System/Library/Frameworks/CoreServices.framework/Versions/A/Frameworks/SharedFileList.framework/Versions/A/SharedFileList
0x000000001e29e000 	/System/Library/Frameworks/NetFS.framework/Versions/A/NetFS
0x000000001e29e000 	/System/Library/PrivateFrameworks/NetAuth.framework/Versions/A/NetAuth
0x000000001e29e000 	/System/Library/PrivateFrameworks/login.framework/Versions/A/Frameworks/loginsupport.framework/Versions/A/loginsupport
0x000000001e29e000 	/System/Library/PrivateFrameworks/TCC.framework/Versions/A/TCC
0x000000001e29e000 	/usr/lib/libmecabra.dylib
0x000000001e29e000 	/System/Library/Frameworks/ApplicationServices.framework/Versions/A/Frameworks/ATS.framework/Versions/A/ATS
0x000000001e29e000 	/System/Library/Frameworks/ApplicationServices.framework/Versions/A/Frameworks/ColorSync.framework/Versions/A/ColorSync
0x000000001e29e000 	/System/Library/Frameworks/ApplicationServices.framework/Versions/A/Frameworks/HIServices.framework/Versions/A/HIServices
0x000000001e29e000 	/System/Library/Frameworks/ApplicationServices.framework/Versions/A/Frameworks/LangAnalysis.framework/Versions/A/LangAnalysis
0x000000001e29e000 	/System/Library/Frameworks/ApplicationServices.framework/Versions/A/Frameworks/PrintCore.framework/Versions/A/PrintCore
0x000000001e29e000 	/System/Library/Frameworks/ApplicationServices.framework/Versions/A/Frameworks/QD.framework/Versions/A/QD
0x000000001e29e000 	/System/Library/Frameworks/ApplicationServices.framework/Versions/A/Frameworks/SpeechSynthesis.framework/Versions/A/SpeechSynthesis
0x000000001e29e000 	/System/Library/Frameworks/Accelerate.framework/Versions/A/Frameworks/vImage.framework/Versions/A/vImage
0x000000001e29e000 	/System/Library/Frameworks/Accelerate.framework/Versions/A/Frameworks/vecLib.framework/Versions/A/vecLib
0x000000001e29e000 	/System/Library/Frameworks/Accelerate.framework/Versions/A/Frameworks/vecLib.framework/Versions/A/libvDSP.dylib
0x000000001e29e000 	/System/Library/Frameworks/Accelerate.framework/Versions/A/Frameworks/vecLib.framework/Versions/A/libBNNS.dylib
0x000000001e29e000 	/System/Library/Frameworks/Accelerate.framework/Versions/A/Frameworks/vecLib.framework/Versions/A/libQuadrature.dylib
0x000000001e29e000 	/System/Library/Frameworks/Accelerate.framework/Versions/A/Frameworks/vecLib.framework/Versions/A/libvMisc.dylib
0x000000001e29e000 	/System/Library/Frameworks/Accelerate.framework/Versions/A/Frameworks/vecLib.framework/Versions/A/libLAPACK.dylib
0x000000001e29e000 	/System/Library/Frameworks/Accelerate.framework/Versions/A/Frameworks/vecLib.framework/Versions/A/libBLAS.dylib
0x000000001e29e000 	/System/Library/Frameworks/Accelerate.framework/Versions/A/Frameworks/vecLib.framework/Versions/A/libLinearAlgebra.dylib
0x000000001e29e000 	/System/Library/Frameworks/Accelerate.framework/Versions/A/Frameworks/vecLib.framework/Versions/A/libSparseBLAS.dylib
0x000000001e29e000 	/System/Library/Frameworks/ApplicationServices.framework/Versions/A/Frameworks/ATS.framework/Versions/A/Resources/libFontParser.dylib
0x000000001e29e000 	/System/Library/Frameworks/ApplicationServices.framework/Versions/A/Frameworks/ATS.framework/Versions/A/Resources/libFontRegistry.dylib
0x000000001e29e000 	/System/Library/Frameworks/ImageIO.framework/Versions/A/Resources/libJPEG.dylib
0x000000001e29e000 	/System/Library/Frameworks/ImageIO.framework/Versions/A/Resources/libTIFF.dylib
0x000000001e29e000 	/System/Library/Frameworks/ImageIO.framework/Versions/A/Resources/libPng.dylib
0x000000001e29e000 	/System/Library/Frameworks/ImageIO.framework/Versions/A/Resources/libGIF.dylib
0x000000001e29e000 	/System/Library/Frameworks/ImageIO.framework/Versions/A/Resources/libJP2.dylib
0x000000001e29e000 	/System/Library/Frameworks/ImageIO.framework/Versions/A/Resources/libRadiance.dylib
0x000000001e29e000 	/usr/lib/libcompression.dylib
0x000000001e29e000 	/System/Library/PrivateFrameworks/AppleJPEG.framework/Versions/A/AppleJPEG
0x000000001e29e000 	/usr/lib/libcups.2.dylib
0x000000001e29e000 	/System/Library/Frameworks/Kerberos.framework/Versions/A/Kerberos
0x000000001e29e000 	/System/Library/Frameworks/GSS.framework/Versions/A/GSS
0x000000001e29e000 	/usr/lib/libresolv.9.dylib
0x000000001e29e000 	/usr/lib/libiconv.2.dylib
0x000000001e29e000 	/System/Library/PrivateFrameworks/Heimdal.framework/Versions/A/Heimdal
0x000000001e29e000 	/usr/lib/libheimdal-asn1.dylib
0x000000001e29e000 	/System/Library/Frameworks/OpenDirectory.framework/Versions/A/OpenDirectory
0x000000001e29e000 	/System/Library/PrivateFrameworks/CommonAuth.framework/Versions/A/CommonAuth
0x000000001e29e000 	/System/Library/Frameworks/OpenDirectory.framework/Versions/A/Frameworks/CFOpenDirectory.framework/Versions/A/CFOpenDirectory
0x000000001e29e000 	/System/Library/Frameworks/SecurityFoundation.framework/Versions/A/SecurityFoundation
0x000000001e29e000 	/System/Library/PrivateFrameworks/LanguageModeling.framework/Versions/A/LanguageModeling
0x000000001e29e000 	/usr/lib/libmarisa.dylib
0x000000001e29e000 	/usr/lib/libChineseTokenizer.dylib
0x000000001e29e000 	/usr/lib/libcmph.dylib
0x000000001e29e000 	/System/Library/PrivateFrameworks/CoreEmoji.framework/Versions/A/CoreEmoji
0x000000001e29e000 	/System/Library/Frameworks/ServiceManagement.framework/Versions/A/ServiceManagement
0x000000001e29e000 	/usr/lib/libxslt.1.dylib
0x000000001e29e000 	/System/Library/Frameworks/Carbon.framework/Versions/A/Frameworks/Ink.framework/Versions/A/Ink
0x000000001e29e000 	/System/Library/PrivateFrameworks/TextureIO.framework/Versions/A/TextureIO
0x000000001e29e000 	/System/Library/Frameworks/Metal.framework/Versions/A/Metal
0x000000001e29e000 	/usr/lib/libate.dylib
0x000000001e29e000 	/System/Library/PrivateFrameworks/GPUCompiler.framework/libmetal_timestamp.dylib
0x000000001e29e000 	/System/Library/Frameworks/OpenGL.framework/Versions/A/Libraries/libCoreFSCache.dylib
0x000000001e29e000 	/System/Library/PrivateFrameworks/IOAccelerator.framework/Versions/A/IOAccelerator
0x000000001e29e000 	/System/Library/Frameworks/CoreVideo.framework/Versions/A/CoreVideo
0x000000001e29e000 	/usr/lib/libFosl_dynamic.dylib
0x000000001e29e000 	/System/Library/PrivateFrameworks/MetalPerformanceShaders.framework/Versions/A/MetalPerformanceShaders
0x000000001e29e000 	/System/Library/PrivateFrameworks/FaceCore.framework/Versions/A/FaceCore
0x000000001e29e000 	/System/Library/Frameworks/OpenCL.framework/Versions/A/OpenCL
0x000000001e29e000 	/System/Library/Frameworks/OpenGL.framework/Versions/A/Libraries/libGLU.dylib
0x000000001e29e000 	/System/Library/Frameworks/OpenGL.framework/Versions/A/Libraries/libGFXShared.dylib
0x000000001e29e000 	/System/Library/Frameworks/OpenGL.framework/Versions/A/Libraries/libGL.dylib
0x000000001e29e000 	/System/Library/Frameworks/OpenGL.framework/Versions/A/Libraries/libGLImage.dylib
0x000000001e29e000 	/System/Library/Frameworks/OpenGL.framework/Versions/A/Libraries/libCVMSPluginSupport.dylib
0x000000001e29e000 	/System/Library/Frameworks/OpenGL.framework/Versions/A/Libraries/libCoreVMClient.dylib
0x000000001e29e000 	/System/Library/PrivateFrameworks/CrashReporterSupport.framework/Versions/A/CrashReporterSupport
0x000000001e29e000 	/System/Library/PrivateFrameworks/Sharing.framework/Versions/A/Sharing
0x000000001e29e000 	/System/Library/PrivateFrameworks/IconServices.framework/Versions/A/IconServices
0x000000001e29e000 	/System/Library/PrivateFrameworks/ProtocolBuffer.framework/Versions/A/ProtocolBuffer
0x000000001e29e000 	/System/Library/PrivateFrameworks/Apple80211.framework/Versions/A/Apple80211
0x000000001e29e000 	/System/Library/Frameworks/CoreWLAN.framework/Versions/A/CoreWLAN
0x000000001e29e000 	/System/Library/PrivateFrameworks/CoreUtils.framework/Versions/A/CoreUtils
0x000000001e29e000 	/System/Library/Frameworks/IOBluetooth.framework/Versions/A/IOBluetooth
0x000000001e29e000 	/System/Library/PrivateFrameworks/CoreWiFi.framework/Versions/A/CoreWiFi
0x000000001e29e000 	/System/Library/Frameworks/CoreBluetooth.framework/Versions/A/CoreBluetooth
0x000000001e29e000 	/System/Library/Frameworks/CoreDisplay.framework/Versions/A/CoreDisplay
0x000000001e29e000 	/System/Library/PrivateFrameworks/IOPresentment.framework/Versions/A/IOPresentment
0x000000001e29e000 	/System/Library/PrivateFrameworks/DebugSymbols.framework/Versions/A/DebugSymbols
0x000000001e29e000 	/System/Library/PrivateFrameworks/CoreSymbolication.framework/Versions/A/CoreSymbolication
0x000000001e29e000 	/System/Library/PrivateFrameworks/Symbolication.framework/Versions/A/Symbolication
0x000000001e29e000 	/System/Library/PrivateFrameworks/AppleFSCompression.framework/Versions/A/AppleFSCompression
0x000000001e29e000 	/System/Library/PrivateFrameworks/SpeechRecognitionCore.framework/Versions/A/SpeechRecognitionCore
0x000000001e29e000 	/System/Library/PrivateFrameworks/ChunkingLibrary.framework/Versions/A/ChunkingLibrary
0x0000000104200000 	/Library/Java/JavaVirtualMachines/jdk1.8.0_101.jdk/Contents/Home/jre/lib/server/libjvm.dylib
0x000000001e29e000 	/usr/lib/libstdc++.6.dylib
0x000000010519d000 	/Library/Java/JavaVirtualMachines/jdk1.8.0_101.jdk/Contents/Home/jre/lib/libverify.dylib
0x00000001051ab000 	/Library/Java/JavaVirtualMachines/jdk1.8.0_101.jdk/Contents/Home/jre/lib/libjava.dylib
0x00000001051e8000 	/Library/Java/JavaVirtualMachines/jdk1.8.0_101.jdk/Contents/Home/jre/lib/libzip.dylib
0x000000011abe3000 	/System/Library/Frameworks/JavaVM.framework/Frameworks/JavaRuntimeSupport.framework/JavaRuntimeSupport
0x000000011abfd000 	/System/Library/Frameworks/JavaVM.framework/Versions/A/Frameworks/JavaNativeFoundation.framework/Versions/A/JavaNativeFoundation
0x000000011ac12000 	/System/Library/Frameworks/JavaVM.framework/Versions/A/JavaVM
0x000000001e29e000 	/System/Library/Frameworks/Carbon.framework/Versions/A/Carbon
0x000000011ac1f000 	/System/Library/PrivateFrameworks/JavaLaunching.framework/Versions/A/JavaLaunching
0x000000001e29e000 	/System/Library/Frameworks/Carbon.framework/Versions/A/Frameworks/CommonPanels.framework/Versions/A/CommonPanels
0x000000001e29e000 	/System/Library/Frameworks/Carbon.framework/Versions/A/Frameworks/Help.framework/Versions/A/Help
0x000000001e29e000 	/System/Library/Frameworks/Carbon.framework/Versions/A/Frameworks/ImageCapture.framework/Versions/A/ImageCapture
0x000000001e29e000 	/System/Library/Frameworks/Carbon.framework/Versions/A/Frameworks/OpenScripting.framework/Versions/A/OpenScripting
0x000000001e29e000 	/System/Library/Frameworks/Carbon.framework/Versions/A/Frameworks/Print.framework/Versions/A/Print
0x000000001e29e000 	/System/Library/Frameworks/Carbon.framework/Versions/A/Frameworks/SecurityHI.framework/Versions/A/SecurityHI
0x000000011c54e000 	/Library/Java/JavaVirtualMachines/jdk1.8.0_101.jdk/Contents/Home/jre/lib/libnet.dylib
0x000000011c5ad000 	/Library/Java/JavaVirtualMachines/jdk1.8.0_101.jdk/Contents/Home/jre/lib/libnio.dylib
0x000000011c9da000 	/Users/elchroy/.gradle/native/19/osx-amd64/libnative-platform.dylib
0x000000011c9df000 	/Users/elchroy/.gradle/native/19/osx-amd64/libnative-platform-curses.dylib
0x000000001e29e000 	/usr/lib/libncurses.5.4.dylib
0x000000011c9e3000 	/private/var/folders/3j/p0_wzk9d1ns47ybk3ng5x3w80000gn/T/jna5034891232627298040.tmp
0x000000011c9f8000 	/Library/Java/JavaVirtualMachines/jdk1.8.0_101.jdk/Contents/Home/jre/lib/libmanagement.dylib

VM Arguments:
jvm_args: -Dorg.gradle.appname=gradlew 
java_command: org.gradle.wrapper.GradleWrapperMain installDebug
java_class_path (initial): /Users/elchroy/Roy/Code/rubyment/roymobile/android/gradle/wrapper/gradle-wrapper.jar
Launcher Type: SUN_STANDARD

Environment Variables:
PATH=/usr/local/opt/nvm/versions/node/v6.3.0/lib/node_modules/npm/bin/node-gyp-bin:/Users/elchroy/Roy/Code/rubyment/roymobile/node_modules/.bin:/usr/local/opt/nvm/versions/node/v6.3.0/bin:/Users/elchroy/.rvm/gems/ruby-2.3.0/bin:/Users/elchroy/.rvm/gems/ruby-2.3.0@global/bin:/Users/elchroy/.rvm/rubies/ruby-2.3.0/bin:/usr/local/opt/nvm/versions/node/v6.3.0/bin:/usr/local/mysql/bin:/usr/local/share/python:/usr/local/bin:/usr/bin:/bin:/usr/sbin:/sbin:/Users/elchroy/golang/src/github.com/andela/bin:/usr/local/opt/go/libexec/bin:/Users/elchroy/.rvm/bin:/Users/elchroy/Library/Android/sdk/tools:/Users/elchroy/Library/Android/sdk/platform-tools
SHELL=/bin/zsh

Signal Handlers:
SIGSEGV: [libjvm.dylib+0x5af145], sa_mask[0]=11111111011111110111111111111111, sa_flags=SA_ONSTACK|SA_RESTART|SA_SIGINFO
SIGBUS: [libjvm.dylib+0x5af145], sa_mask[0]=11111111011111110111111111111111, sa_flags=SA_RESTART|SA_SIGINFO
SIGFPE: [libjvm.dylib+0x48694c], sa_mask[0]=11111111011111110111111111111111, sa_flags=SA_RESTART|SA_SIGINFO
SIGPIPE: [libjvm.dylib+0x48694c], sa_mask[0]=11111111011111110111111111111111, sa_flags=SA_RESTART|SA_SIGINFO
SIGXFSZ: [libjvm.dylib+0x48694c], sa_mask[0]=11111111011111110111111111111111, sa_flags=SA_RESTART|SA_SIGINFO
SIGILL: [libjvm.dylib+0x48694c], sa_mask[0]=11111111011111110111111111111111, sa_flags=SA_RESTART|SA_SIGINFO
SIGUSR1: SIG_DFL, sa_mask[0]=11111111011111110111111111111111, sa_flags=none
SIGUSR2: [libjvm.dylib+0x48646a], sa_mask[0]=00000000000000000000000000000000, sa_flags=SA_RESTART|SA_SIGINFO
SIGHUP: [libjvm.dylib+0x484a41], sa_mask[0]=11111111011111110111111111111111, sa_flags=SA_RESTART|SA_SIGINFO
SIGINT: [libjvm.dylib+0x484a41], sa_mask[0]=11111111011111110111111111111111, sa_flags=SA_RESTART|SA_SIGINFO
SIGTERM: [libjvm.dylib+0x484a41], sa_mask[0]=11111111011111110111111111111111, sa_flags=SA_RESTART|SA_SIGINFO
SIGQUIT: [libjvm.dylib+0x484a41], sa_mask[0]=11111111011111110111111111111111, sa_flags=SA_RESTART|SA_SIGINFO


---------------  S Y S T E M  ---------------

OS:Bsduname:Darwin 16.4.0 Darwin Kernel Version 16.4.0: Thu Dec 22 22:53:21 PST 2016; root:xnu-3789.41.3~3/RELEASE_X86_64 x86_64
rlimit: STACK 8192k, CORE 0k, NPROC 709, NOFILE 10240, AS infinity
load average:7.46 7.01 5.66

CPU:total 4 (2 cores per cpu, 2 threads per core) family 6 model 61 stepping 4, cmov, cx8, fxsr, mmx, sse, sse2, sse3, ssse3, sse4.1, sse4.2, popcnt, avx, avx2, aes, clmul, erms, 3dnowpref, lzcnt, ht, tsc, tscinvbit, bmi1, bmi2, adx

Memory: 4k page, physical 8388608k(70492k free)

/proc/meminfo:


vm_info: Java HotSpot(TM) 64-Bit Server VM (25.101-b13) for bsd-amd64 JRE (1.8.0_101-b13), built on Jun 22 2016 02:42:15 by "java_re" with gcc 4.2.1 (Based on Apple Inc. build 5658) (LLVM build 2336.11.00)

time: Thu Feb  9 12:18:34 2017
elapsed time: 12 seconds (0d 0h 0m 12s)

